Connecting to host 10.10.0.2, port 30000
[  5] local 10.244.243.1 port 50322 connected to 10.10.0.2 port 30000
[ ID] Interval           Transfer     Bitrate         Retr  Cwnd
[  5]   0.00-1.00   sec   296 MBytes  2486 Mbits/sec  10509    603 KBytes       
[  5]   1.00-2.00   sec   455 MBytes  3817 Mbits/sec  10619   98.3 KBytes       
[  5]   2.00-3.00   sec   445 MBytes  3733 Mbits/sec  7472   1.76 MBytes       
[  5]   3.00-4.00   sec   454 MBytes  3806 Mbits/sec  6350    719 KBytes       
[  5]   4.00-5.00   sec   436 MBytes  3660 Mbits/sec  15219    208 KBytes       
[  5]   5.00-6.00   sec   361 MBytes  3030 Mbits/sec  6817   34.1 KBytes       
[  5]   6.00-7.00   sec   468 MBytes  3922 Mbits/sec  12038    639 KBytes       
[  5]   7.00-8.00   sec   366 MBytes  3072 Mbits/sec  9573    855 KBytes       
[  5]   8.00-9.00   sec   448 MBytes  3752 Mbits/sec  9700   2.41 MBytes       
[  5]   9.00-10.00  sec   275 MBytes  2308 Mbits/sec  9302    560 KBytes       
[  5]  10.00-11.00  sec   365 MBytes  3062 Mbits/sec  5241    709 KBytes       
[  5]  11.00-12.00  sec   454 MBytes  3806 Mbits/sec  12303    135 KBytes       
[  5]  12.00-13.00  sec   454 MBytes  3806 Mbits/sec  8403    546 KBytes       
[  5]  13.00-14.00  sec   461 MBytes  3869 Mbits/sec  7651    132 KBytes       
[  5]  14.00-15.00  sec   456 MBytes  3827 Mbits/sec  8872    583 KBytes       
[  5]  15.00-16.00  sec   438 MBytes  3670 Mbits/sec  14116    445 KBytes       
[  5]  16.00-17.00  sec   452 MBytes  3796 Mbits/sec  12264    651 KBytes       
[  5]  17.00-18.00  sec   459 MBytes  3848 Mbits/sec  8056    595 KBytes       
[  5]  18.00-19.00  sec   434 MBytes  3639 Mbits/sec  11996    356 KBytes       
[  5]  19.00-20.00  sec   459 MBytes  3848 Mbits/sec  8723    255 KBytes       
[  5]  20.00-21.00  sec   438 MBytes  3670 Mbits/sec  13898    942 KBytes       
[  5]  21.00-22.00  sec   412 MBytes  3460 Mbits/sec  10529    247 KBytes       
[  5]  22.00-23.00  sec   369 MBytes  3093 Mbits/sec  6866   1.04 MBytes       
[  5]  23.00-24.00  sec   452 MBytes  3796 Mbits/sec  14231    411 KBytes       
[  5]  24.00-25.00  sec   439 MBytes  3681 Mbits/sec  9425   98.3 KBytes       
[  5]  25.00-26.00  sec   288 MBytes  2412 Mbits/sec  10455    347 KBytes       
[  5]  26.00-27.00  sec   448 MBytes  3754 Mbits/sec  14634   45.1 KBytes       
[  5]  27.00-28.00  sec   358 MBytes  2998 Mbits/sec  11391   1.09 MBytes       
[  5]  28.00-29.00  sec   450 MBytes  3776 Mbits/sec  13745   1010 KBytes       
[  5]  29.00-30.00  sec   438 MBytes  3670 Mbits/sec  12478    263 KBytes       
[  5]  30.00-31.00  sec   348 MBytes  2915 Mbits/sec  11007    534 KBytes       
[  5]  31.00-32.00  sec   254 MBytes  2129 Mbits/sec  9534   2.38 MBytes       
[  5]  32.00-33.00  sec   426 MBytes  3576 Mbits/sec  17436    108 KBytes       
[  5]  33.00-34.00  sec   344 MBytes  2884 Mbits/sec  11114    946 KBytes       
[  5]  34.00-35.00  sec   370 MBytes  3104 Mbits/sec  9841   1.07 MBytes       
[  5]  35.00-36.00  sec   444 MBytes  3722 Mbits/sec  12716    750 KBytes       
[  5]  36.00-37.00  sec   458 MBytes  3838 Mbits/sec  5444    515 KBytes       
[  5]  37.00-38.00  sec   450 MBytes  3775 Mbits/sec  12760    381 KBytes       
[  5]  38.00-39.00  sec   424 MBytes  3555 Mbits/sec  15486   1.17 MBytes       
[  5]  39.00-40.00  sec   431 MBytes  3618 Mbits/sec  16679    522 KBytes       
[  5]  40.00-41.00  sec   442 MBytes  3712 Mbits/sec  12939    857 KBytes       
[  5]  41.00-42.00  sec   454 MBytes  3806 Mbits/sec  10408    964 KBytes       
[  5]  42.00-43.00  sec   461 MBytes  3870 Mbits/sec  7274    440 KBytes       
[  5]  43.00-44.00  sec   448 MBytes  3746 Mbits/sec  13240    113 KBytes       
[  5]  44.00-45.00  sec   468 MBytes  3929 Mbits/sec  5442    816 KBytes       
[  5]  45.00-46.00  sec   450 MBytes  3776 Mbits/sec  11659   95.6 KBytes       
[  5]  46.00-47.00  sec   380 MBytes  3188 Mbits/sec  6693    582 KBytes       
[  5]  47.00-48.00  sec   461 MBytes  3869 Mbits/sec  6709   1.90 MBytes       
[  5]  48.00-49.00  sec   456 MBytes  3827 Mbits/sec  8566    659 KBytes       
[  5]  49.00-50.00  sec   458 MBytes  3838 Mbits/sec  8640    520 KBytes       
[  5]  50.00-51.00  sec   454 MBytes  3806 Mbits/sec  12871    177 KBytes       
[  5]  51.00-52.00  sec   369 MBytes  3093 Mbits/sec  13832    375 KBytes       
[  5]  52.00-53.00  sec   340 MBytes  2852 Mbits/sec  5169   96.9 KBytes       
[  5]  53.00-54.00  sec   368 MBytes  3082 Mbits/sec  10532    188 KBytes       
[  5]  54.00-55.00  sec   436 MBytes  3661 Mbits/sec  13555    138 KBytes       
[  5]  55.00-56.00  sec   461 MBytes  3869 Mbits/sec  6724    134 KBytes       
[  5]  56.00-57.00  sec   459 MBytes  3848 Mbits/sec  8649    255 KBytes       
[  5]  57.00-58.00  sec   455 MBytes  3817 Mbits/sec  12040    208 KBytes       
[  5]  58.00-59.00  sec   432 MBytes  3628 Mbits/sec  11791    113 KBytes       
[  5]  59.00-60.00  sec   450 MBytes  3775 Mbits/sec  10580    197 KBytes       
- - - - - - - - - - - - - - - - - - - - - - - - -
[ ID] Interval           Transfer     Bitrate         Retr
[  5]   0.00-60.00  sec  24.6 GBytes  3520 Mbits/sec  632206             sender
[  5]   0.00-60.00  sec  24.6 GBytes  3519 Mbits/sec                  receiver

iperf Done.
