Connecting to host 10.10.0.5, port 30000
[  5] local 10.244.61.1 port 58247 connected to 10.10.0.5 port 30000
[ ID] Interval           Transfer     Bitrate         Total Datagrams
[  5]   0.00-1.00   sec   151 MBytes  1266 Mbits/sec  113183  
[  5]   1.00-2.00   sec   150 MBytes  1259 Mbits/sec  112585  
[  5]   2.00-3.00   sec   150 MBytes  1256 Mbits/sec  112347  
[  5]   3.00-4.00   sec   127 MBytes  1066 Mbits/sec  95293  
[  5]   4.00-5.00   sec   146 MBytes  1224 Mbits/sec  109408  
[  5]   5.00-6.00   sec   148 MBytes  1240 Mbits/sec  110841  
[  5]   6.00-7.00   sec   146 MBytes  1228 Mbits/sec  109806  
[  5]   7.00-8.00   sec   151 MBytes  1268 Mbits/sec  113408  
[  5]   8.00-9.00   sec   151 MBytes  1263 Mbits/sec  112978  
[  5]   9.00-10.00  sec   150 MBytes  1261 Mbits/sec  112719  
[  5]  10.00-11.00  sec   151 MBytes  1265 Mbits/sec  113091  
[  5]  11.00-12.00  sec   151 MBytes  1265 Mbits/sec  113065  
[  5]  12.00-13.00  sec   151 MBytes  1268 Mbits/sec  113381  
[  5]  13.00-14.00  sec   114 MBytes   960 Mbits/sec  85819  
[  5]  14.00-15.00  sec   119 MBytes   998 Mbits/sec  89253  
[  5]  15.00-16.00  sec   113 MBytes   948 Mbits/sec  84776  
[  5]  16.00-17.00  sec   110 MBytes   921 Mbits/sec  82329  
[  5]  17.00-18.00  sec   115 MBytes   968 Mbits/sec  86560  
[  5]  18.00-19.00  sec   114 MBytes   957 Mbits/sec  85586  
[  5]  19.00-20.00  sec   114 MBytes   954 Mbits/sec  85320  
[  5]  20.00-21.00  sec   120 MBytes  1010 Mbits/sec  90290  
[  5]  21.00-22.00  sec   117 MBytes   982 Mbits/sec  87767  
[  5]  22.00-23.00  sec   118 MBytes   987 Mbits/sec  88224  
[  5]  23.00-24.00  sec   112 MBytes   936 Mbits/sec  83666  
[  5]  24.00-25.00  sec   116 MBytes   974 Mbits/sec  87084  
[  5]  25.00-26.00  sec   144 MBytes  1211 Mbits/sec  108238  
[  5]  26.00-27.00  sec   151 MBytes  1263 Mbits/sec  112896  
[  5]  27.00-28.00  sec   152 MBytes  1276 Mbits/sec  114095  
[  5]  28.00-29.00  sec   151 MBytes  1264 Mbits/sec  113044  
[  5]  29.00-30.00  sec   151 MBytes  1266 Mbits/sec  113182  
[  5]  30.00-31.00  sec   150 MBytes  1262 Mbits/sec  112816  
[  5]  31.00-32.00  sec   151 MBytes  1263 Mbits/sec  112971  
[  5]  32.00-33.00  sec   141 MBytes  1181 Mbits/sec  105634  
[  5]  33.00-34.00  sec   149 MBytes  1251 Mbits/sec  111873  
[  5]  34.00-35.00  sec   151 MBytes  1263 Mbits/sec  112962  
[  5]  35.00-36.00  sec   149 MBytes  1248 Mbits/sec  111616  
[  5]  36.00-37.00  sec   150 MBytes  1259 Mbits/sec  112561  
[  5]  37.00-38.00  sec   150 MBytes  1262 Mbits/sec  112855  
[  5]  38.00-39.00  sec   151 MBytes  1268 Mbits/sec  113332  
[  5]  39.00-40.00  sec   151 MBytes  1264 Mbits/sec  113015  
[  5]  40.00-41.00  sec   150 MBytes  1255 Mbits/sec  112216  
[  5]  41.00-42.00  sec   150 MBytes  1261 Mbits/sec  112794  
[  5]  42.00-43.00  sec   149 MBytes  1249 Mbits/sec  111637  
[  5]  43.00-44.00  sec   149 MBytes  1253 Mbits/sec  112054  
[  5]  44.00-45.00  sec   150 MBytes  1262 Mbits/sec  112847  
[  5]  45.00-46.00  sec   148 MBytes  1245 Mbits/sec  111282  
[  5]  46.00-47.00  sec   151 MBytes  1263 Mbits/sec  112966  
[  5]  47.00-48.00  sec   151 MBytes  1265 Mbits/sec  113147  
[  5]  48.00-49.00  sec   150 MBytes  1256 Mbits/sec  112324  
[  5]  49.00-50.00  sec   147 MBytes  1235 Mbits/sec  110462  
[  5]  50.00-51.00  sec   148 MBytes  1246 Mbits/sec  111378  
[  5]  51.00-52.00  sec   148 MBytes  1244 Mbits/sec  111194  
[  5]  52.00-53.00  sec   148 MBytes  1241 Mbits/sec  110956  
[  5]  53.00-54.00  sec   149 MBytes  1249 Mbits/sec  111641  
[  5]  54.00-55.00  sec   147 MBytes  1237 Mbits/sec  110632  
[  5]  55.00-56.00  sec   149 MBytes  1247 Mbits/sec  111456  
[  5]  56.00-57.00  sec   150 MBytes  1257 Mbits/sec  112437  
[  5]  57.00-58.00  sec   147 MBytes  1233 Mbits/sec  110221  
[  5]  58.00-59.00  sec   121 MBytes  1018 Mbits/sec  91017  
[  5]  59.00-60.00  sec   119 MBytes  1002 Mbits/sec  89625  
- - - - - - - - - - - - - - - - - - - - - - - - -
[ ID] Interval           Transfer     Bitrate         Jitter    Lost/Total Datagrams
[  5]   0.00-60.00  sec  8.27 GBytes  1184 Mbits/sec  0.000 ms  0/6352155 (0%)  sender
[  5]   0.00-60.00  sec  8.26 GBytes  1183 Mbits/sec  0.012 ms  6860/6352155 (0.11%)  receiver

iperf Done.
