Connecting to host 10.10.0.4, port 30000
[  5] local 10.244.61.1 port 37854 connected to 10.10.0.4 port 30000
[ ID] Interval           Transfer     Bitrate         Total Datagrams
[  5]   0.00-1.00   sec   180 MBytes  1511 Mbits/sec  132296  
[  5]   1.00-2.00   sec   180 MBytes  1509 Mbits/sec  132096  
[  5]   2.00-3.00   sec   182 MBytes  1526 Mbits/sec  133617  
[  5]   3.00-4.00   sec   175 MBytes  1472 Mbits/sec  128823  
[  5]   4.00-5.00   sec   144 MBytes  1205 Mbits/sec  105516  
[  5]   5.00-6.00   sec   143 MBytes  1200 Mbits/sec  105051  
[  5]   6.00-7.00   sec   142 MBytes  1195 Mbits/sec  104636  
[  5]   7.00-8.00   sec   145 MBytes  1215 Mbits/sec  106373  
[  5]   8.00-9.00   sec   142 MBytes  1190 Mbits/sec  104139  
[  5]   9.00-10.00  sec   144 MBytes  1208 Mbits/sec  105709  
[  5]  10.00-11.00  sec   142 MBytes  1192 Mbits/sec  104329  
[  5]  11.00-12.00  sec   139 MBytes  1167 Mbits/sec  102114  
[  5]  12.00-13.00  sec   142 MBytes  1192 Mbits/sec  104360  
[  5]  13.00-14.00  sec   137 MBytes  1152 Mbits/sec  100881  
[  5]  14.00-15.00  sec   144 MBytes  1207 Mbits/sec  105648  
[  5]  15.00-16.00  sec   140 MBytes  1171 Mbits/sec  102497  
[  5]  16.00-17.00  sec   140 MBytes  1174 Mbits/sec  102725  
[  5]  17.00-18.00  sec   142 MBytes  1187 Mbits/sec  103918  
[  5]  18.00-19.00  sec   142 MBytes  1194 Mbits/sec  104510  
[  5]  19.00-20.00  sec   136 MBytes  1138 Mbits/sec  99572  
[  5]  20.00-21.00  sec   140 MBytes  1173 Mbits/sec  102700  
[  5]  21.00-22.00  sec   139 MBytes  1162 Mbits/sec  101745  
[  5]  22.00-23.00  sec   140 MBytes  1173 Mbits/sec  102652  
[  5]  23.00-24.00  sec   142 MBytes  1190 Mbits/sec  104134  
[  5]  24.00-25.00  sec   137 MBytes  1150 Mbits/sec  100664  
[  5]  25.00-26.00  sec   138 MBytes  1154 Mbits/sec  100986  
[  5]  26.00-27.00  sec   138 MBytes  1156 Mbits/sec  101201  
[  5]  27.00-28.00  sec   137 MBytes  1150 Mbits/sec  100672  
[  5]  28.00-29.00  sec   130 MBytes  1092 Mbits/sec  95587  
[  5]  29.00-30.00  sec   132 MBytes  1106 Mbits/sec  96820  
[  5]  30.00-31.00  sec   133 MBytes  1114 Mbits/sec  97525  
[  5]  31.00-32.00  sec   138 MBytes  1157 Mbits/sec  101315  
[  5]  32.00-33.00  sec   135 MBytes  1129 Mbits/sec  98851  
[  5]  33.00-34.00  sec   136 MBytes  1142 Mbits/sec  99931  
[  5]  34.00-35.00  sec   135 MBytes  1135 Mbits/sec  99368  
[  5]  35.00-36.00  sec   137 MBytes  1148 Mbits/sec  100463  
[  5]  36.00-37.00  sec   136 MBytes  1145 Mbits/sec  100224  
[  5]  37.00-38.00  sec   135 MBytes  1135 Mbits/sec  99306  
[  5]  38.00-39.00  sec   139 MBytes  1167 Mbits/sec  102144  
[  5]  39.00-40.00  sec   143 MBytes  1199 Mbits/sec  104933  
[  5]  40.00-41.00  sec   141 MBytes  1185 Mbits/sec  103718  
[  5]  41.00-42.00  sec   144 MBytes  1207 Mbits/sec  105622  
[  5]  42.00-43.00  sec   139 MBytes  1163 Mbits/sec  101769  
[  5]  43.00-44.00  sec   142 MBytes  1195 Mbits/sec  104592  
[  5]  44.00-45.00  sec   140 MBytes  1177 Mbits/sec  103063  
[  5]  45.00-46.00  sec   144 MBytes  1209 Mbits/sec  105801  
[  5]  46.00-47.00  sec   145 MBytes  1213 Mbits/sec  106177  
[  5]  47.00-48.00  sec   143 MBytes  1196 Mbits/sec  104727  
[  5]  48.00-49.00  sec   137 MBytes  1151 Mbits/sec  100772  
[  5]  49.00-50.00  sec   141 MBytes  1185 Mbits/sec  103691  
[  5]  50.00-51.00  sec   138 MBytes  1155 Mbits/sec  101088  
[  5]  51.00-52.00  sec   143 MBytes  1202 Mbits/sec  105247  
[  5]  52.00-53.00  sec   140 MBytes  1174 Mbits/sec  102776  
[  5]  53.00-54.00  sec   139 MBytes  1170 Mbits/sec  102418  
[  5]  54.00-55.00  sec   141 MBytes  1181 Mbits/sec  103346  
[  5]  55.00-56.00  sec   137 MBytes  1147 Mbits/sec  100402  
[  5]  56.00-57.00  sec   131 MBytes  1101 Mbits/sec  96378  
[  5]  57.00-58.00  sec   139 MBytes  1168 Mbits/sec  102262  
[  5]  58.00-59.00  sec   142 MBytes  1190 Mbits/sec  104195  
[  5]  59.00-60.00  sec   141 MBytes  1180 Mbits/sec  103324  
- - - - - - - - - - - - - - - - - - - - - - - - -
[ ID] Interval           Transfer     Bitrate         Jitter    Lost/Total Datagrams
[  5]   0.00-60.00  sec  8.33 GBytes  1192 Mbits/sec  0.000 ms  0/6261399 (0%)  sender
[  5]   0.00-60.00  sec  8.31 GBytes  1190 Mbits/sec  0.009 ms  13028/6261399 (0.21%)  receiver

iperf Done.
