Connecting to host 10.10.0.4, port 30000
[  5] local 10.244.61.1 port 54518 connected to 10.10.0.4 port 30000
[ ID] Interval           Transfer     Bitrate         Retr  Cwnd
[  5]   0.00-1.00   sec  1.21 GBytes  10406 Mbits/sec  1048   1.51 MBytes       
[  5]   1.00-2.00   sec  1.29 GBytes  11093 Mbits/sec   10   1.62 MBytes       
[  5]   2.00-3.00   sec  1.24 GBytes  10644 Mbits/sec  113   1.28 MBytes       
[  5]   3.00-4.00   sec  1.28 GBytes  10998 Mbits/sec   86   1.38 MBytes       
[  5]   4.00-5.00   sec  1.40 GBytes  11998 Mbits/sec  357   1.49 MBytes       
[  5]   5.00-6.00   sec  1.23 GBytes  10570 Mbits/sec    1   1.62 MBytes       
[  5]   6.00-7.00   sec  1.20 GBytes  10339 Mbits/sec  138   1.31 MBytes       
[  5]   7.00-8.00   sec  1.26 GBytes  10790 Mbits/sec  136   1.39 MBytes       
[  5]   8.00-9.00   sec  1.22 GBytes  10475 Mbits/sec   28   1.55 MBytes       
[  5]   9.00-10.00  sec  1.26 GBytes  10843 Mbits/sec   36   1.69 MBytes       
[  5]  10.00-11.00  sec  1.28 GBytes  11031 Mbits/sec  136   1.31 MBytes       
[  5]  11.00-12.00  sec  1.22 GBytes  10496 Mbits/sec   99   1.42 MBytes       
[  5]  12.00-13.00  sec  1.26 GBytes  10830 Mbits/sec   44   1.56 MBytes       
[  5]  13.00-14.00  sec  1.29 GBytes  11075 Mbits/sec   39   1.63 MBytes       
[  5]  14.00-15.00  sec  1.36 GBytes  11692 Mbits/sec  236   1.18 MBytes       
[  5]  15.00-16.00  sec  1.22 GBytes  10475 Mbits/sec   25   1.30 MBytes       
[  5]  16.00-17.00  sec  1.15 GBytes  9846 Mbits/sec   35   1.53 MBytes       
[  5]  17.00-18.00  sec  1.63 GBytes  13968 Mbits/sec    0   2.18 MBytes       
[  5]  18.00-19.00  sec  1.35 GBytes  11608 Mbits/sec  565   1.61 MBytes       
[  5]  19.00-20.00  sec  1.71 GBytes  14670 Mbits/sec    0   2.30 MBytes       
[  5]  20.00-21.00  sec  1.69 GBytes  14540 Mbits/sec   20   2.21 MBytes       
[  5]  21.00-22.00  sec  1.61 GBytes  13833 Mbits/sec  826   1.58 MBytes       
[  5]  22.00-23.00  sec  1.27 GBytes  10901 Mbits/sec    1   1.73 MBytes       
[  5]  23.00-24.00  sec  1.24 GBytes  10616 Mbits/sec  106   1.26 MBytes       
[  5]  24.00-25.00  sec  1.29 GBytes  11049 Mbits/sec    0   1.91 MBytes       
[  5]  25.00-26.00  sec  1.45 GBytes  12418 Mbits/sec  218   1.30 MBytes       
[  5]  26.00-27.00  sec  1.06 GBytes  9119 Mbits/sec   46   1.44 MBytes       
[  5]  27.00-28.00  sec  1.14 GBytes  9799 Mbits/sec   20   1.52 MBytes       
[  5]  28.00-29.00  sec  1.14 GBytes  9803 Mbits/sec   48   1.55 MBytes       
[  5]  29.00-30.00  sec  1.22 GBytes  10518 Mbits/sec   73   1.11 MBytes       
[  5]  30.00-31.00  sec  1.12 GBytes  9605 Mbits/sec   25   1.29 MBytes       
[  5]  31.00-32.00  sec  1.35 GBytes  11608 Mbits/sec    0   1.88 MBytes       
[  5]  32.00-33.00  sec  1.48 GBytes  12730 Mbits/sec  260   1.93 MBytes       
[  5]  33.00-34.00  sec  1.52 GBytes  13021 Mbits/sec   76   1.99 MBytes       
[  5]  34.00-35.00  sec  1.26 GBytes  10864 Mbits/sec  822   1.53 MBytes       
[  5]  35.00-36.00  sec  1.29 GBytes  11083 Mbits/sec   64   1.68 MBytes       
[  5]  36.00-37.00  sec  1.74 GBytes  14920 Mbits/sec    0   2.32 MBytes       
[  5]  37.00-38.00  sec  1.47 GBytes  12661 Mbits/sec  502   1.73 MBytes       
[  5]  38.00-39.00  sec  1.77 GBytes  15168 Mbits/sec    0   2.40 MBytes       
[  5]  39.00-40.00  sec  1.60 GBytes  13752 Mbits/sec  256   1.72 MBytes       
[  5]  40.00-41.00  sec  1.57 GBytes  13460 Mbits/sec   96   1.21 MBytes       
[  5]  41.00-42.00  sec  1.32 GBytes  11366 Mbits/sec    0   1.90 MBytes       
[  5]  42.00-43.00  sec  1.82 GBytes  15660 Mbits/sec    0   2.49 MBytes       
[  5]  43.00-44.00  sec  1.63 GBytes  14004 Mbits/sec  219   1.76 MBytes       
[  5]  44.00-45.00  sec  1.72 GBytes  14801 Mbits/sec    0   2.36 MBytes       
[  5]  45.00-46.00  sec  1.73 GBytes  14903 Mbits/sec   46   2.30 MBytes       
[  5]  46.00-47.00  sec  1.65 GBytes  14189 Mbits/sec   51   2.23 MBytes       
[  5]  47.00-48.00  sec  1.80 GBytes  15435 Mbits/sec   13   2.09 MBytes       
[  5]  48.00-49.00  sec  1.56 GBytes  13418 Mbits/sec  117   2.04 MBytes       
[  5]  49.00-50.00  sec  2.01 GBytes  17265 Mbits/sec    0   2.69 MBytes       
[  5]  50.00-51.00  sec  1.76 GBytes  15127 Mbits/sec  161   1.79 MBytes       
[  5]  51.00-52.00  sec  1.67 GBytes  14384 Mbits/sec  117   1.72 MBytes       
[  5]  52.00-53.00  sec  1.56 GBytes  13394 Mbits/sec    1   1.78 MBytes       
[  5]  53.00-54.00  sec  1.81 GBytes  15509 Mbits/sec    0   2.44 MBytes       
[  5]  54.00-55.00  sec  1.38 GBytes  11870 Mbits/sec  779   1.80 MBytes       
[  5]  55.00-56.00  sec  1.22 GBytes  10465 Mbits/sec  440   1.34 MBytes       
[  5]  56.00-57.00  sec  1.13 GBytes  9739 Mbits/sec    5   1.51 MBytes       
[  5]  57.00-58.00  sec  1.29 GBytes  11085 Mbits/sec   53   1.16 MBytes       
[  5]  58.00-59.00  sec  1.24 GBytes  10610 Mbits/sec   20   1.30 MBytes       
[  5]  59.00-60.00  sec  1.32 GBytes  11316 Mbits/sec   81   1.45 MBytes       
- - - - - - - - - - - - - - - - - - - - - - - - -
[ ID] Interval           Transfer     Bitrate         Retr
[  5]   0.00-60.00  sec  85.0 GBytes  12164 Mbits/sec  8694             sender
[  5]   0.00-60.00  sec  85.0 GBytes  12163 Mbits/sec                  receiver

iperf Done.
