Connecting to host 10.10.0.6, port 30000
[  5] local 10.244.243.1 port 48636 connected to 10.10.0.6 port 30000
[  7] local 10.244.243.1 port 38550 connected to 10.10.0.6 port 30000
[  9] local 10.244.243.1 port 59344 connected to 10.10.0.6 port 30000
[ 11] local 10.244.243.1 port 33270 connected to 10.10.0.6 port 30000
[ 13] local 10.244.243.1 port 54775 connected to 10.10.0.6 port 30000
[ 15] local 10.244.243.1 port 39672 connected to 10.10.0.6 port 30000
[ 17] local 10.244.243.1 port 33141 connected to 10.10.0.6 port 30000
[ 19] local 10.244.243.1 port 55047 connected to 10.10.0.6 port 30000
[ 21] local 10.244.243.1 port 54591 connected to 10.10.0.6 port 30000
[ 23] local 10.244.243.1 port 57189 connected to 10.10.0.6 port 30000
[ 25] local 10.244.243.1 port 56418 connected to 10.10.0.6 port 30000
[ 27] local 10.244.243.1 port 60592 connected to 10.10.0.6 port 30000
[ 29] local 10.244.243.1 port 57850 connected to 10.10.0.6 port 30000
[ 31] local 10.244.243.1 port 52662 connected to 10.10.0.6 port 30000
[ 33] local 10.244.243.1 port 46196 connected to 10.10.0.6 port 30000
[ 35] local 10.244.243.1 port 52793 connected to 10.10.0.6 port 30000
[ 37] local 10.244.243.1 port 37246 connected to 10.10.0.6 port 30000
[ 39] local 10.244.243.1 port 60876 connected to 10.10.0.6 port 30000
[ 41] local 10.244.243.1 port 53299 connected to 10.10.0.6 port 30000
[ 43] local 10.244.243.1 port 39006 connected to 10.10.0.6 port 30000
[ ID] Interval           Transfer     Bitrate         Total Datagrams
[  5]   0.00-1.00   sec  7.58 MBytes  63.6 Mbits/sec  5569  
[  7]   0.00-1.00   sec  7.58 MBytes  63.6 Mbits/sec  5569  
[  9]   0.00-1.00   sec  7.58 MBytes  63.6 Mbits/sec  5569  
[ 11]   0.00-1.00   sec  7.58 MBytes  63.6 Mbits/sec  5569  
[ 13]   0.00-1.00   sec  7.58 MBytes  63.6 Mbits/sec  5569  
[ 15]   0.00-1.00   sec  7.58 MBytes  63.6 Mbits/sec  5569  
[ 17]   0.00-1.00   sec  7.58 MBytes  63.6 Mbits/sec  5569  
[ 19]   0.00-1.00   sec  7.58 MBytes  63.6 Mbits/sec  5569  
[ 21]   0.00-1.00   sec  7.58 MBytes  63.6 Mbits/sec  5569  
[ 23]   0.00-1.00   sec  7.58 MBytes  63.6 Mbits/sec  5569  
[ 25]   0.00-1.00   sec  7.58 MBytes  63.6 Mbits/sec  5569  
[ 27]   0.00-1.00   sec  7.58 MBytes  63.6 Mbits/sec  5569  
[ 29]   0.00-1.00   sec  7.58 MBytes  63.6 Mbits/sec  5569  
[ 31]   0.00-1.00   sec  7.58 MBytes  63.6 Mbits/sec  5569  
[ 33]   0.00-1.00   sec  7.58 MBytes  63.6 Mbits/sec  5569  
[ 35]   0.00-1.00   sec  7.58 MBytes  63.6 Mbits/sec  5569  
[ 37]   0.00-1.00   sec  7.58 MBytes  63.6 Mbits/sec  5569  
[ 39]   0.00-1.00   sec  7.58 MBytes  63.6 Mbits/sec  5569  
[ 41]   0.00-1.00   sec  7.58 MBytes  63.6 Mbits/sec  5569  
[ 43]   0.00-1.00   sec  7.58 MBytes  63.6 Mbits/sec  5569  
[SUM]   0.00-1.00   sec   152 MBytes  1272 Mbits/sec  111380  
- - - - - - - - - - - - - - - - - - - - - - - - -
[  5]   1.00-2.00   sec  7.73 MBytes  64.8 Mbits/sec  5676  
[  7]   1.00-2.00   sec  7.73 MBytes  64.8 Mbits/sec  5676  
[  9]   1.00-2.00   sec  7.73 MBytes  64.8 Mbits/sec  5676  
[ 11]   1.00-2.00   sec  7.73 MBytes  64.8 Mbits/sec  5676  
[ 13]   1.00-2.00   sec  7.73 MBytes  64.8 Mbits/sec  5676  
[ 15]   1.00-2.00   sec  7.73 MBytes  64.8 Mbits/sec  5676  
[ 17]   1.00-2.00   sec  7.73 MBytes  64.8 Mbits/sec  5676  
[ 19]   1.00-2.00   sec  7.73 MBytes  64.8 Mbits/sec  5676  
[ 21]   1.00-2.00   sec  7.73 MBytes  64.8 Mbits/sec  5676  
[ 23]   1.00-2.00   sec  7.73 MBytes  64.8 Mbits/sec  5676  
[ 25]   1.00-2.00   sec  7.73 MBytes  64.8 Mbits/sec  5676  
[ 27]   1.00-2.00   sec  7.73 MBytes  64.8 Mbits/sec  5676  
[ 29]   1.00-2.00   sec  7.73 MBytes  64.8 Mbits/sec  5676  
[ 31]   1.00-2.00   sec  7.73 MBytes  64.8 Mbits/sec  5676  
[ 33]   1.00-2.00   sec  7.73 MBytes  64.8 Mbits/sec  5676  
[ 35]   1.00-2.00   sec  7.73 MBytes  64.8 Mbits/sec  5676  
[ 37]   1.00-2.00   sec  7.73 MBytes  64.8 Mbits/sec  5676  
[ 39]   1.00-2.00   sec  7.73 MBytes  64.8 Mbits/sec  5676  
[ 41]   1.00-2.00   sec  7.73 MBytes  64.8 Mbits/sec  5676  
[ 43]   1.00-2.00   sec  7.73 MBytes  64.8 Mbits/sec  5676  
[SUM]   1.00-2.00   sec   155 MBytes  1297 Mbits/sec  113520  
- - - - - - - - - - - - - - - - - - - - - - - - -
[  5]   2.00-3.00   sec  7.65 MBytes  64.2 Mbits/sec  5616  
[  7]   2.00-3.00   sec  7.65 MBytes  64.2 Mbits/sec  5616  
[  9]   2.00-3.00   sec  7.65 MBytes  64.2 Mbits/sec  5616  
[ 11]   2.00-3.00   sec  7.65 MBytes  64.2 Mbits/sec  5616  
[ 13]   2.00-3.00   sec  7.65 MBytes  64.2 Mbits/sec  5616  
[ 15]   2.00-3.00   sec  7.65 MBytes  64.2 Mbits/sec  5616  
[ 17]   2.00-3.00   sec  7.65 MBytes  64.2 Mbits/sec  5616  
[ 19]   2.00-3.00   sec  7.65 MBytes  64.2 Mbits/sec  5616  
[ 21]   2.00-3.00   sec  7.65 MBytes  64.2 Mbits/sec  5616  
[ 23]   2.00-3.00   sec  7.65 MBytes  64.2 Mbits/sec  5616  
[ 25]   2.00-3.00   sec  7.65 MBytes  64.2 Mbits/sec  5616  
[ 27]   2.00-3.00   sec  7.65 MBytes  64.2 Mbits/sec  5616  
[ 29]   2.00-3.00   sec  7.65 MBytes  64.2 Mbits/sec  5616  
[ 31]   2.00-3.00   sec  7.65 MBytes  64.2 Mbits/sec  5616  
[ 33]   2.00-3.00   sec  7.65 MBytes  64.2 Mbits/sec  5616  
[ 35]   2.00-3.00   sec  7.65 MBytes  64.2 Mbits/sec  5616  
[ 37]   2.00-3.00   sec  7.65 MBytes  64.2 Mbits/sec  5616  
[ 39]   2.00-3.00   sec  7.65 MBytes  64.2 Mbits/sec  5616  
[ 41]   2.00-3.00   sec  7.65 MBytes  64.2 Mbits/sec  5616  
[ 43]   2.00-3.00   sec  7.65 MBytes  64.2 Mbits/sec  5616  
[SUM]   2.00-3.00   sec   153 MBytes  1283 Mbits/sec  112320  
- - - - - - - - - - - - - - - - - - - - - - - - -
[  5]   3.00-4.00   sec  7.61 MBytes  63.9 Mbits/sec  5590  
[  7]   3.00-4.00   sec  7.61 MBytes  63.9 Mbits/sec  5590  
[  9]   3.00-4.00   sec  7.61 MBytes  63.9 Mbits/sec  5590  
[ 11]   3.00-4.00   sec  7.61 MBytes  63.9 Mbits/sec  5590  
[ 13]   3.00-4.00   sec  7.61 MBytes  63.9 Mbits/sec  5590  
[ 15]   3.00-4.00   sec  7.61 MBytes  63.9 Mbits/sec  5590  
[ 17]   3.00-4.00   sec  7.61 MBytes  63.9 Mbits/sec  5590  
[ 19]   3.00-4.00   sec  7.61 MBytes  63.9 Mbits/sec  5590  
[ 21]   3.00-4.00   sec  7.61 MBytes  63.9 Mbits/sec  5590  
[ 23]   3.00-4.00   sec  7.61 MBytes  63.9 Mbits/sec  5590  
[ 25]   3.00-4.00   sec  7.61 MBytes  63.9 Mbits/sec  5590  
[ 27]   3.00-4.00   sec  7.61 MBytes  63.9 Mbits/sec  5590  
[ 29]   3.00-4.00   sec  7.61 MBytes  63.9 Mbits/sec  5590  
[ 31]   3.00-4.00   sec  7.61 MBytes  63.9 Mbits/sec  5590  
[ 33]   3.00-4.00   sec  7.61 MBytes  63.9 Mbits/sec  5590  
[ 35]   3.00-4.00   sec  7.61 MBytes  63.9 Mbits/sec  5590  
[ 37]   3.00-4.00   sec  7.61 MBytes  63.9 Mbits/sec  5590  
[ 39]   3.00-4.00   sec  7.61 MBytes  63.9 Mbits/sec  5590  
[ 41]   3.00-4.00   sec  7.61 MBytes  63.9 Mbits/sec  5590  
[ 43]   3.00-4.00   sec  7.61 MBytes  63.9 Mbits/sec  5590  
[SUM]   3.00-4.00   sec   152 MBytes  1277 Mbits/sec  111800  
- - - - - - - - - - - - - - - - - - - - - - - - -
[  5]   4.00-5.00   sec  7.70 MBytes  64.6 Mbits/sec  5654  
[  7]   4.00-5.00   sec  7.70 MBytes  64.6 Mbits/sec  5654  
[  9]   4.00-5.00   sec  7.70 MBytes  64.6 Mbits/sec  5654  
[ 11]   4.00-5.00   sec  7.70 MBytes  64.6 Mbits/sec  5654  
[ 13]   4.00-5.00   sec  7.70 MBytes  64.6 Mbits/sec  5654  
[ 15]   4.00-5.00   sec  7.70 MBytes  64.6 Mbits/sec  5654  
[ 17]   4.00-5.00   sec  7.70 MBytes  64.6 Mbits/sec  5654  
[ 19]   4.00-5.00   sec  7.70 MBytes  64.6 Mbits/sec  5654  
[ 21]   4.00-5.00   sec  7.70 MBytes  64.6 Mbits/sec  5654  
[ 23]   4.00-5.00   sec  7.70 MBytes  64.6 Mbits/sec  5654  
[ 25]   4.00-5.00   sec  7.70 MBytes  64.6 Mbits/sec  5654  
[ 27]   4.00-5.00   sec  7.70 MBytes  64.6 Mbits/sec  5654  
[ 29]   4.00-5.00   sec  7.70 MBytes  64.6 Mbits/sec  5654  
[ 31]   4.00-5.00   sec  7.70 MBytes  64.6 Mbits/sec  5654  
[ 33]   4.00-5.00   sec  7.70 MBytes  64.6 Mbits/sec  5654  
[ 35]   4.00-5.00   sec  7.70 MBytes  64.6 Mbits/sec  5654  
[ 37]   4.00-5.00   sec  7.70 MBytes  64.6 Mbits/sec  5654  
[ 39]   4.00-5.00   sec  7.70 MBytes  64.6 Mbits/sec  5654  
[ 41]   4.00-5.00   sec  7.70 MBytes  64.6 Mbits/sec  5654  
[ 43]   4.00-5.00   sec  7.70 MBytes  64.6 Mbits/sec  5654  
[SUM]   4.00-5.00   sec   154 MBytes  1292 Mbits/sec  113080  
- - - - - - - - - - - - - - - - - - - - - - - - -
[  5]   5.00-6.00   sec  7.03 MBytes  59.0 Mbits/sec  5163  
[  7]   5.00-6.00   sec  7.03 MBytes  59.0 Mbits/sec  5163  
[  9]   5.00-6.00   sec  7.03 MBytes  59.0 Mbits/sec  5163  
[ 11]   5.00-6.00   sec  7.03 MBytes  59.0 Mbits/sec  5163  
[ 13]   5.00-6.00   sec  7.03 MBytes  59.0 Mbits/sec  5163  
[ 15]   5.00-6.00   sec  7.03 MBytes  59.0 Mbits/sec  5163  
[ 17]   5.00-6.00   sec  7.03 MBytes  59.0 Mbits/sec  5163  
[ 19]   5.00-6.00   sec  7.03 MBytes  59.0 Mbits/sec  5163  
[ 21]   5.00-6.00   sec  7.03 MBytes  59.0 Mbits/sec  5163  
[ 23]   5.00-6.00   sec  7.03 MBytes  59.0 Mbits/sec  5163  
[ 25]   5.00-6.00   sec  7.03 MBytes  59.0 Mbits/sec  5163  
[ 27]   5.00-6.00   sec  7.03 MBytes  59.0 Mbits/sec  5163  
[ 29]   5.00-6.00   sec  7.03 MBytes  59.0 Mbits/sec  5163  
[ 31]   5.00-6.00   sec  7.03 MBytes  59.0 Mbits/sec  5163  
[ 33]   5.00-6.00   sec  7.03 MBytes  59.0 Mbits/sec  5163  
[ 35]   5.00-6.00   sec  7.03 MBytes  59.0 Mbits/sec  5163  
[ 37]   5.00-6.00   sec  7.03 MBytes  59.0 Mbits/sec  5163  
[ 39]   5.00-6.00   sec  7.03 MBytes  59.0 Mbits/sec  5163  
[ 41]   5.00-6.00   sec  7.03 MBytes  59.0 Mbits/sec  5163  
[ 43]   5.00-6.00   sec  7.03 MBytes  59.0 Mbits/sec  5163  
[SUM]   5.00-6.00   sec   141 MBytes  1180 Mbits/sec  103260  
- - - - - - - - - - - - - - - - - - - - - - - - -
[  5]   6.00-7.00   sec  6.98 MBytes  58.6 Mbits/sec  5128  
[  7]   6.00-7.00   sec  6.98 MBytes  58.6 Mbits/sec  5128  
[  9]   6.00-7.00   sec  6.98 MBytes  58.6 Mbits/sec  5128  
[ 11]   6.00-7.00   sec  6.98 MBytes  58.6 Mbits/sec  5128  
[ 13]   6.00-7.00   sec  6.98 MBytes  58.6 Mbits/sec  5128  
[ 15]   6.00-7.00   sec  6.98 MBytes  58.6 Mbits/sec  5128  
[ 17]   6.00-7.00   sec  6.98 MBytes  58.6 Mbits/sec  5128  
[ 19]   6.00-7.00   sec  6.98 MBytes  58.6 Mbits/sec  5128  
[ 21]   6.00-7.00   sec  6.98 MBytes  58.6 Mbits/sec  5128  
[ 23]   6.00-7.00   sec  6.98 MBytes  58.6 Mbits/sec  5128  
[ 25]   6.00-7.00   sec  6.98 MBytes  58.6 Mbits/sec  5128  
[ 27]   6.00-7.00   sec  6.98 MBytes  58.6 Mbits/sec  5128  
[ 29]   6.00-7.00   sec  6.98 MBytes  58.6 Mbits/sec  5128  
[ 31]   6.00-7.00   sec  6.98 MBytes  58.6 Mbits/sec  5128  
[ 33]   6.00-7.00   sec  6.98 MBytes  58.6 Mbits/sec  5128  
[ 35]   6.00-7.00   sec  6.98 MBytes  58.6 Mbits/sec  5128  
[ 37]   6.00-7.00   sec  6.98 MBytes  58.6 Mbits/sec  5128  
[ 39]   6.00-7.00   sec  6.98 MBytes  58.6 Mbits/sec  5128  
[ 41]   6.00-7.00   sec  6.98 MBytes  58.6 Mbits/sec  5128  
[ 43]   6.00-7.00   sec  6.98 MBytes  58.6 Mbits/sec  5128  
[SUM]   6.00-7.00   sec   140 MBytes  1172 Mbits/sec  102560  
- - - - - - - - - - - - - - - - - - - - - - - - -
[  5]   7.00-8.00   sec  7.80 MBytes  65.5 Mbits/sec  5730  
[  7]   7.00-8.00   sec  7.80 MBytes  65.5 Mbits/sec  5730  
[  9]   7.00-8.00   sec  7.80 MBytes  65.5 Mbits/sec  5730  
[ 11]   7.00-8.00   sec  7.80 MBytes  65.5 Mbits/sec  5730  
[ 13]   7.00-8.00   sec  7.80 MBytes  65.5 Mbits/sec  5730  
[ 15]   7.00-8.00   sec  7.80 MBytes  65.5 Mbits/sec  5730  
[ 17]   7.00-8.00   sec  7.80 MBytes  65.5 Mbits/sec  5730  
[ 19]   7.00-8.00   sec  7.80 MBytes  65.5 Mbits/sec  5730  
[ 21]   7.00-8.00   sec  7.80 MBytes  65.5 Mbits/sec  5730  
[ 23]   7.00-8.00   sec  7.80 MBytes  65.5 Mbits/sec  5730  
[ 25]   7.00-8.00   sec  7.80 MBytes  65.5 Mbits/sec  5730  
[ 27]   7.00-8.00   sec  7.80 MBytes  65.5 Mbits/sec  5730  
[ 29]   7.00-8.00   sec  7.80 MBytes  65.5 Mbits/sec  5730  
[ 31]   7.00-8.00   sec  7.80 MBytes  65.5 Mbits/sec  5730  
[ 33]   7.00-8.00   sec  7.80 MBytes  65.5 Mbits/sec  5730  
[ 35]   7.00-8.00   sec  7.80 MBytes  65.5 Mbits/sec  5730  
[ 37]   7.00-8.00   sec  7.80 MBytes  65.5 Mbits/sec  5730  
[ 39]   7.00-8.00   sec  7.80 MBytes  65.5 Mbits/sec  5730  
[ 41]   7.00-8.00   sec  7.80 MBytes  65.5 Mbits/sec  5730  
[ 43]   7.00-8.00   sec  7.80 MBytes  65.5 Mbits/sec  5730  
[SUM]   7.00-8.00   sec   156 MBytes  1309 Mbits/sec  114600  
- - - - - - - - - - - - - - - - - - - - - - - - -
[  5]   8.00-9.00   sec  7.32 MBytes  61.4 Mbits/sec  5376  
[  7]   8.00-9.00   sec  7.32 MBytes  61.4 Mbits/sec  5376  
[  9]   8.00-9.00   sec  7.32 MBytes  61.4 Mbits/sec  5376  
[ 11]   8.00-9.00   sec  7.32 MBytes  61.4 Mbits/sec  5376  
[ 13]   8.00-9.00   sec  7.32 MBytes  61.4 Mbits/sec  5376  
[ 15]   8.00-9.00   sec  7.32 MBytes  61.4 Mbits/sec  5376  
[ 17]   8.00-9.00   sec  7.32 MBytes  61.4 Mbits/sec  5376  
[ 19]   8.00-9.00   sec  7.32 MBytes  61.4 Mbits/sec  5376  
[ 21]   8.00-9.00   sec  7.32 MBytes  61.4 Mbits/sec  5376  
[ 23]   8.00-9.00   sec  7.32 MBytes  61.4 Mbits/sec  5376  
[ 25]   8.00-9.00   sec  7.32 MBytes  61.4 Mbits/sec  5376  
[ 27]   8.00-9.00   sec  7.32 MBytes  61.4 Mbits/sec  5376  
[ 29]   8.00-9.00   sec  7.32 MBytes  61.4 Mbits/sec  5376  
[ 31]   8.00-9.00   sec  7.32 MBytes  61.4 Mbits/sec  5376  
[ 33]   8.00-9.00   sec  7.32 MBytes  61.4 Mbits/sec  5376  
[ 35]   8.00-9.00   sec  7.32 MBytes  61.4 Mbits/sec  5376  
[ 37]   8.00-9.00   sec  7.32 MBytes  61.4 Mbits/sec  5376  
[ 39]   8.00-9.00   sec  7.32 MBytes  61.4 Mbits/sec  5376  
[ 41]   8.00-9.00   sec  7.32 MBytes  61.4 Mbits/sec  5376  
[ 43]   8.00-9.00   sec  7.32 MBytes  61.4 Mbits/sec  5376  
[SUM]   8.00-9.00   sec   146 MBytes  1228 Mbits/sec  107520  
- - - - - - - - - - - - - - - - - - - - - - - - -
[  5]   9.00-10.00  sec  7.74 MBytes  64.9 Mbits/sec  5681  
[  7]   9.00-10.00  sec  7.74 MBytes  64.9 Mbits/sec  5681  
[  9]   9.00-10.00  sec  7.74 MBytes  64.9 Mbits/sec  5681  
[ 11]   9.00-10.00  sec  7.74 MBytes  64.9 Mbits/sec  5681  
[ 13]   9.00-10.00  sec  7.74 MBytes  64.9 Mbits/sec  5681  
[ 15]   9.00-10.00  sec  7.74 MBytes  64.9 Mbits/sec  5681  
[ 17]   9.00-10.00  sec  7.74 MBytes  64.9 Mbits/sec  5681  
[ 19]   9.00-10.00  sec  7.74 MBytes  64.9 Mbits/sec  5681  
[ 21]   9.00-10.00  sec  7.74 MBytes  64.9 Mbits/sec  5681  
[ 23]   9.00-10.00  sec  7.74 MBytes  64.9 Mbits/sec  5681  
[ 25]   9.00-10.00  sec  7.74 MBytes  64.9 Mbits/sec  5681  
[ 27]   9.00-10.00  sec  7.74 MBytes  64.9 Mbits/sec  5681  
[ 29]   9.00-10.00  sec  7.74 MBytes  64.9 Mbits/sec  5681  
[ 31]   9.00-10.00  sec  7.74 MBytes  64.9 Mbits/sec  5681  
[ 33]   9.00-10.00  sec  7.74 MBytes  64.9 Mbits/sec  5681  
[ 35]   9.00-10.00  sec  7.74 MBytes  64.9 Mbits/sec  5681  
[ 37]   9.00-10.00  sec  7.74 MBytes  64.9 Mbits/sec  5681  
[ 39]   9.00-10.00  sec  7.74 MBytes  64.9 Mbits/sec  5681  
[ 41]   9.00-10.00  sec  7.74 MBytes  64.9 Mbits/sec  5681  
[ 43]   9.00-10.00  sec  7.74 MBytes  64.9 Mbits/sec  5681  
[SUM]   9.00-10.00  sec   155 MBytes  1298 Mbits/sec  113620  
- - - - - - - - - - - - - - - - - - - - - - - - -
[  5]  10.00-11.00  sec  7.57 MBytes  63.5 Mbits/sec  5560  
[  7]  10.00-11.00  sec  7.57 MBytes  63.5 Mbits/sec  5560  
[  9]  10.00-11.00  sec  7.57 MBytes  63.5 Mbits/sec  5560  
[ 11]  10.00-11.00  sec  7.57 MBytes  63.5 Mbits/sec  5560  
[ 13]  10.00-11.00  sec  7.57 MBytes  63.5 Mbits/sec  5560  
[ 15]  10.00-11.00  sec  7.57 MBytes  63.5 Mbits/sec  5560  
[ 17]  10.00-11.00  sec  7.57 MBytes  63.5 Mbits/sec  5560  
[ 19]  10.00-11.00  sec  7.57 MBytes  63.5 Mbits/sec  5560  
[ 21]  10.00-11.00  sec  7.57 MBytes  63.5 Mbits/sec  5560  
[ 23]  10.00-11.00  sec  7.57 MBytes  63.5 Mbits/sec  5560  
[ 25]  10.00-11.00  sec  7.57 MBytes  63.5 Mbits/sec  5560  
[ 27]  10.00-11.00  sec  7.57 MBytes  63.5 Mbits/sec  5560  
[ 29]  10.00-11.00  sec  7.57 MBytes  63.5 Mbits/sec  5560  
[ 31]  10.00-11.00  sec  7.57 MBytes  63.5 Mbits/sec  5560  
[ 33]  10.00-11.00  sec  7.57 MBytes  63.5 Mbits/sec  5560  
[ 35]  10.00-11.00  sec  7.57 MBytes  63.5 Mbits/sec  5560  
[ 37]  10.00-11.00  sec  7.57 MBytes  63.5 Mbits/sec  5560  
[ 39]  10.00-11.00  sec  7.57 MBytes  63.5 Mbits/sec  5560  
[ 41]  10.00-11.00  sec  7.57 MBytes  63.5 Mbits/sec  5560  
[ 43]  10.00-11.00  sec  7.57 MBytes  63.5 Mbits/sec  5560  
[SUM]  10.00-11.00  sec   151 MBytes  1270 Mbits/sec  111200  
- - - - - - - - - - - - - - - - - - - - - - - - -
[  5]  11.00-12.00  sec  7.38 MBytes  61.9 Mbits/sec  5419  
[  7]  11.00-12.00  sec  7.38 MBytes  61.9 Mbits/sec  5419  
[  9]  11.00-12.00  sec  7.38 MBytes  61.9 Mbits/sec  5419  
[ 11]  11.00-12.00  sec  7.38 MBytes  61.9 Mbits/sec  5419  
[ 13]  11.00-12.00  sec  7.38 MBytes  61.9 Mbits/sec  5419  
[ 15]  11.00-12.00  sec  7.38 MBytes  61.9 Mbits/sec  5419  
[ 17]  11.00-12.00  sec  7.38 MBytes  61.9 Mbits/sec  5419  
[ 19]  11.00-12.00  sec  7.38 MBytes  61.9 Mbits/sec  5419  
[ 21]  11.00-12.00  sec  7.38 MBytes  61.9 Mbits/sec  5419  
[ 23]  11.00-12.00  sec  7.38 MBytes  61.9 Mbits/sec  5419  
[ 25]  11.00-12.00  sec  7.38 MBytes  61.9 Mbits/sec  5419  
[ 27]  11.00-12.00  sec  7.38 MBytes  61.9 Mbits/sec  5419  
[ 29]  11.00-12.00  sec  7.38 MBytes  61.9 Mbits/sec  5419  
[ 31]  11.00-12.00  sec  7.38 MBytes  61.9 Mbits/sec  5419  
[ 33]  11.00-12.00  sec  7.38 MBytes  61.9 Mbits/sec  5419  
[ 35]  11.00-12.00  sec  7.38 MBytes  61.9 Mbits/sec  5419  
[ 37]  11.00-12.00  sec  7.38 MBytes  61.9 Mbits/sec  5419  
[ 39]  11.00-12.00  sec  7.38 MBytes  61.9 Mbits/sec  5419  
[ 41]  11.00-12.00  sec  7.38 MBytes  61.9 Mbits/sec  5419  
[ 43]  11.00-12.00  sec  7.38 MBytes  61.9 Mbits/sec  5419  
[SUM]  11.00-12.00  sec   148 MBytes  1238 Mbits/sec  108380  
- - - - - - - - - - - - - - - - - - - - - - - - -
[  5]  12.00-13.00  sec  7.80 MBytes  65.4 Mbits/sec  5729  
[  7]  12.00-13.00  sec  7.80 MBytes  65.4 Mbits/sec  5729  
[  9]  12.00-13.00  sec  7.80 MBytes  65.4 Mbits/sec  5729  
[ 11]  12.00-13.00  sec  7.80 MBytes  65.4 Mbits/sec  5729  
[ 13]  12.00-13.00  sec  7.80 MBytes  65.4 Mbits/sec  5729  
[ 15]  12.00-13.00  sec  7.80 MBytes  65.4 Mbits/sec  5729  
[ 17]  12.00-13.00  sec  7.80 MBytes  65.4 Mbits/sec  5729  
[ 19]  12.00-13.00  sec  7.80 MBytes  65.4 Mbits/sec  5729  
[ 21]  12.00-13.00  sec  7.80 MBytes  65.4 Mbits/sec  5729  
[ 23]  12.00-13.00  sec  7.80 MBytes  65.4 Mbits/sec  5729  
[ 25]  12.00-13.00  sec  7.80 MBytes  65.4 Mbits/sec  5729  
[ 27]  12.00-13.00  sec  7.80 MBytes  65.4 Mbits/sec  5729  
[ 29]  12.00-13.00  sec  7.80 MBytes  65.4 Mbits/sec  5729  
[ 31]  12.00-13.00  sec  7.80 MBytes  65.4 Mbits/sec  5729  
[ 33]  12.00-13.00  sec  7.80 MBytes  65.4 Mbits/sec  5729  
[ 35]  12.00-13.00  sec  7.80 MBytes  65.4 Mbits/sec  5729  
[ 37]  12.00-13.00  sec  7.80 MBytes  65.4 Mbits/sec  5729  
[ 39]  12.00-13.00  sec  7.80 MBytes  65.4 Mbits/sec  5729  
[ 41]  12.00-13.00  sec  7.80 MBytes  65.4 Mbits/sec  5729  
[ 43]  12.00-13.00  sec  7.80 MBytes  65.4 Mbits/sec  5729  
[SUM]  12.00-13.00  sec   156 MBytes  1309 Mbits/sec  114580  
- - - - - - - - - - - - - - - - - - - - - - - - -
[  5]  13.00-14.00  sec  7.58 MBytes  63.6 Mbits/sec  5565  
[  7]  13.00-14.00  sec  7.58 MBytes  63.6 Mbits/sec  5565  
[  9]  13.00-14.00  sec  7.58 MBytes  63.6 Mbits/sec  5565  
[ 11]  13.00-14.00  sec  7.58 MBytes  63.6 Mbits/sec  5565  
[ 13]  13.00-14.00  sec  7.58 MBytes  63.6 Mbits/sec  5565  
[ 15]  13.00-14.00  sec  7.58 MBytes  63.6 Mbits/sec  5565  
[ 17]  13.00-14.00  sec  7.58 MBytes  63.6 Mbits/sec  5565  
[ 19]  13.00-14.00  sec  7.58 MBytes  63.6 Mbits/sec  5565  
[ 21]  13.00-14.00  sec  7.58 MBytes  63.6 Mbits/sec  5565  
[ 23]  13.00-14.00  sec  7.58 MBytes  63.6 Mbits/sec  5565  
[ 25]  13.00-14.00  sec  7.58 MBytes  63.6 Mbits/sec  5565  
[ 27]  13.00-14.00  sec  7.58 MBytes  63.6 Mbits/sec  5565  
[ 29]  13.00-14.00  sec  7.58 MBytes  63.6 Mbits/sec  5565  
[ 31]  13.00-14.00  sec  7.58 MBytes  63.6 Mbits/sec  5565  
[ 33]  13.00-14.00  sec  7.58 MBytes  63.6 Mbits/sec  5565  
[ 35]  13.00-14.00  sec  7.58 MBytes  63.6 Mbits/sec  5565  
[ 37]  13.00-14.00  sec  7.58 MBytes  63.6 Mbits/sec  5565  
[ 39]  13.00-14.00  sec  7.58 MBytes  63.6 Mbits/sec  5565  
[ 41]  13.00-14.00  sec  7.58 MBytes  63.6 Mbits/sec  5565  
[ 43]  13.00-14.00  sec  7.58 MBytes  63.6 Mbits/sec  5565  
[SUM]  13.00-14.00  sec   152 MBytes  1272 Mbits/sec  111300  
- - - - - - - - - - - - - - - - - - - - - - - - -
[  5]  14.00-15.00  sec  7.66 MBytes  64.2 Mbits/sec  5624  
[  7]  14.00-15.00  sec  7.66 MBytes  64.2 Mbits/sec  5624  
[  9]  14.00-15.00  sec  7.66 MBytes  64.2 Mbits/sec  5624  
[ 11]  14.00-15.00  sec  7.66 MBytes  64.2 Mbits/sec  5624  
[ 13]  14.00-15.00  sec  7.66 MBytes  64.2 Mbits/sec  5624  
[ 15]  14.00-15.00  sec  7.66 MBytes  64.2 Mbits/sec  5624  
[ 17]  14.00-15.00  sec  7.66 MBytes  64.2 Mbits/sec  5624  
[ 19]  14.00-15.00  sec  7.66 MBytes  64.2 Mbits/sec  5624  
[ 21]  14.00-15.00  sec  7.66 MBytes  64.2 Mbits/sec  5624  
[ 23]  14.00-15.00  sec  7.66 MBytes  64.2 Mbits/sec  5624  
[ 25]  14.00-15.00  sec  7.66 MBytes  64.2 Mbits/sec  5624  
[ 27]  14.00-15.00  sec  7.66 MBytes  64.2 Mbits/sec  5624  
[ 29]  14.00-15.00  sec  7.66 MBytes  64.2 Mbits/sec  5624  
[ 31]  14.00-15.00  sec  7.66 MBytes  64.2 Mbits/sec  5624  
[ 33]  14.00-15.00  sec  7.66 MBytes  64.2 Mbits/sec  5624  
[ 35]  14.00-15.00  sec  7.66 MBytes  64.2 Mbits/sec  5624  
[ 37]  14.00-15.00  sec  7.66 MBytes  64.2 Mbits/sec  5624  
[ 39]  14.00-15.00  sec  7.66 MBytes  64.2 Mbits/sec  5624  
[ 41]  14.00-15.00  sec  7.66 MBytes  64.2 Mbits/sec  5624  
[ 43]  14.00-15.00  sec  7.66 MBytes  64.2 Mbits/sec  5624  
[SUM]  14.00-15.00  sec   153 MBytes  1285 Mbits/sec  112480  
- - - - - - - - - - - - - - - - - - - - - - - - -
[  5]  15.00-16.00  sec  6.96 MBytes  58.4 Mbits/sec  5114  
[  7]  15.00-16.00  sec  6.96 MBytes  58.4 Mbits/sec  5114  
[  9]  15.00-16.00  sec  6.96 MBytes  58.4 Mbits/sec  5114  
[ 11]  15.00-16.00  sec  6.96 MBytes  58.4 Mbits/sec  5114  
[ 13]  15.00-16.00  sec  6.96 MBytes  58.4 Mbits/sec  5114  
[ 15]  15.00-16.00  sec  6.96 MBytes  58.4 Mbits/sec  5114  
[ 17]  15.00-16.00  sec  6.96 MBytes  58.4 Mbits/sec  5114  
[ 19]  15.00-16.00  sec  6.96 MBytes  58.4 Mbits/sec  5114  
[ 21]  15.00-16.00  sec  6.96 MBytes  58.4 Mbits/sec  5114  
[ 23]  15.00-16.00  sec  6.96 MBytes  58.4 Mbits/sec  5114  
[ 25]  15.00-16.00  sec  6.96 MBytes  58.4 Mbits/sec  5114  
[ 27]  15.00-16.00  sec  6.96 MBytes  58.4 Mbits/sec  5114  
[ 29]  15.00-16.00  sec  6.96 MBytes  58.4 Mbits/sec  5114  
[ 31]  15.00-16.00  sec  6.96 MBytes  58.4 Mbits/sec  5114  
[ 33]  15.00-16.00  sec  6.96 MBytes  58.4 Mbits/sec  5114  
[ 35]  15.00-16.00  sec  6.96 MBytes  58.4 Mbits/sec  5114  
[ 37]  15.00-16.00  sec  6.96 MBytes  58.4 Mbits/sec  5114  
[ 39]  15.00-16.00  sec  6.96 MBytes  58.4 Mbits/sec  5114  
[ 41]  15.00-16.00  sec  6.96 MBytes  58.4 Mbits/sec  5114  
[ 43]  15.00-16.00  sec  6.96 MBytes  58.4 Mbits/sec  5114  
[SUM]  15.00-16.00  sec   139 MBytes  1168 Mbits/sec  102280  
- - - - - - - - - - - - - - - - - - - - - - - - -
[  5]  16.00-17.00  sec  6.83 MBytes  57.3 Mbits/sec  5015  
[  7]  16.00-17.00  sec  6.83 MBytes  57.3 Mbits/sec  5015  
[  9]  16.00-17.00  sec  6.83 MBytes  57.3 Mbits/sec  5015  
[ 11]  16.00-17.00  sec  6.83 MBytes  57.3 Mbits/sec  5015  
[ 13]  16.00-17.00  sec  6.83 MBytes  57.3 Mbits/sec  5015  
[ 15]  16.00-17.00  sec  6.83 MBytes  57.3 Mbits/sec  5015  
[ 17]  16.00-17.00  sec  6.83 MBytes  57.3 Mbits/sec  5015  
[ 19]  16.00-17.00  sec  6.83 MBytes  57.3 Mbits/sec  5015  
[ 21]  16.00-17.00  sec  6.83 MBytes  57.3 Mbits/sec  5015  
[ 23]  16.00-17.00  sec  6.83 MBytes  57.3 Mbits/sec  5015  
[ 25]  16.00-17.00  sec  6.83 MBytes  57.3 Mbits/sec  5015  
[ 27]  16.00-17.00  sec  6.83 MBytes  57.3 Mbits/sec  5015  
[ 29]  16.00-17.00  sec  6.83 MBytes  57.3 Mbits/sec  5015  
[ 31]  16.00-17.00  sec  6.83 MBytes  57.3 Mbits/sec  5015  
[ 33]  16.00-17.00  sec  6.83 MBytes  57.3 Mbits/sec  5015  
[ 35]  16.00-17.00  sec  6.83 MBytes  57.3 Mbits/sec  5015  
[ 37]  16.00-17.00  sec  6.83 MBytes  57.3 Mbits/sec  5015  
[ 39]  16.00-17.00  sec  6.83 MBytes  57.3 Mbits/sec  5015  
[ 41]  16.00-17.00  sec  6.83 MBytes  57.3 Mbits/sec  5015  
[ 43]  16.00-17.00  sec  6.83 MBytes  57.3 Mbits/sec  5015  
[SUM]  16.00-17.00  sec   137 MBytes  1146 Mbits/sec  100300  
- - - - - - - - - - - - - - - - - - - - - - - - -
[  5]  17.00-18.00  sec  7.86 MBytes  65.9 Mbits/sec  5768  
[  7]  17.00-18.00  sec  7.86 MBytes  65.9 Mbits/sec  5768  
[  9]  17.00-18.00  sec  7.86 MBytes  65.9 Mbits/sec  5768  
[ 11]  17.00-18.00  sec  7.86 MBytes  65.9 Mbits/sec  5768  
[ 13]  17.00-18.00  sec  7.86 MBytes  65.9 Mbits/sec  5768  
[ 15]  17.00-18.00  sec  7.86 MBytes  65.9 Mbits/sec  5768  
[ 17]  17.00-18.00  sec  7.86 MBytes  65.9 Mbits/sec  5768  
[ 19]  17.00-18.00  sec  7.86 MBytes  65.9 Mbits/sec  5768  
[ 21]  17.00-18.00  sec  7.86 MBytes  65.9 Mbits/sec  5768  
[ 23]  17.00-18.00  sec  7.86 MBytes  65.9 Mbits/sec  5768  
[ 25]  17.00-18.00  sec  7.86 MBytes  65.9 Mbits/sec  5768  
[ 27]  17.00-18.00  sec  7.86 MBytes  65.9 Mbits/sec  5768  
[ 29]  17.00-18.00  sec  7.86 MBytes  65.9 Mbits/sec  5768  
[ 31]  17.00-18.00  sec  7.86 MBytes  65.9 Mbits/sec  5768  
[ 33]  17.00-18.00  sec  7.86 MBytes  65.9 Mbits/sec  5768  
[ 35]  17.00-18.00  sec  7.86 MBytes  65.9 Mbits/sec  5768  
[ 37]  17.00-18.00  sec  7.86 MBytes  65.9 Mbits/sec  5768  
[ 39]  17.00-18.00  sec  7.86 MBytes  65.9 Mbits/sec  5768  
[ 41]  17.00-18.00  sec  7.86 MBytes  65.9 Mbits/sec  5768  
[ 43]  17.00-18.00  sec  7.86 MBytes  65.9 Mbits/sec  5768  
[SUM]  17.00-18.00  sec   157 MBytes  1318 Mbits/sec  115360  
- - - - - - - - - - - - - - - - - - - - - - - - -
[  5]  18.00-19.00  sec  7.37 MBytes  61.8 Mbits/sec  5412  
[  7]  18.00-19.00  sec  7.37 MBytes  61.8 Mbits/sec  5412  
[  9]  18.00-19.00  sec  7.37 MBytes  61.8 Mbits/sec  5412  
[ 11]  18.00-19.00  sec  7.37 MBytes  61.8 Mbits/sec  5412  
[ 13]  18.00-19.00  sec  7.37 MBytes  61.8 Mbits/sec  5412  
[ 15]  18.00-19.00  sec  7.37 MBytes  61.8 Mbits/sec  5412  
[ 17]  18.00-19.00  sec  7.37 MBytes  61.8 Mbits/sec  5412  
[ 19]  18.00-19.00  sec  7.37 MBytes  61.8 Mbits/sec  5412  
[ 21]  18.00-19.00  sec  7.37 MBytes  61.8 Mbits/sec  5412  
[ 23]  18.00-19.00  sec  7.37 MBytes  61.8 Mbits/sec  5412  
[ 25]  18.00-19.00  sec  7.37 MBytes  61.8 Mbits/sec  5412  
[ 27]  18.00-19.00  sec  7.37 MBytes  61.8 Mbits/sec  5412  
[ 29]  18.00-19.00  sec  7.37 MBytes  61.8 Mbits/sec  5412  
[ 31]  18.00-19.00  sec  7.37 MBytes  61.8 Mbits/sec  5412  
[ 33]  18.00-19.00  sec  7.37 MBytes  61.8 Mbits/sec  5412  
[ 35]  18.00-19.00  sec  7.37 MBytes  61.8 Mbits/sec  5412  
[ 37]  18.00-19.00  sec  7.37 MBytes  61.8 Mbits/sec  5412  
[ 39]  18.00-19.00  sec  7.37 MBytes  61.8 Mbits/sec  5412  
[ 41]  18.00-19.00  sec  7.37 MBytes  61.8 Mbits/sec  5412  
[ 43]  18.00-19.00  sec  7.37 MBytes  61.8 Mbits/sec  5412  
[SUM]  18.00-19.00  sec   147 MBytes  1236 Mbits/sec  108240  
- - - - - - - - - - - - - - - - - - - - - - - - -
[  5]  19.00-20.00  sec  7.74 MBytes  65.0 Mbits/sec  5686  
[  7]  19.00-20.00  sec  7.74 MBytes  65.0 Mbits/sec  5686  
[  9]  19.00-20.00  sec  7.74 MBytes  65.0 Mbits/sec  5686  
[ 11]  19.00-20.00  sec  7.74 MBytes  65.0 Mbits/sec  5686  
[ 13]  19.00-20.00  sec  7.74 MBytes  65.0 Mbits/sec  5686  
[ 15]  19.00-20.00  sec  7.74 MBytes  65.0 Mbits/sec  5686  
[ 17]  19.00-20.00  sec  7.74 MBytes  65.0 Mbits/sec  5686  
[ 19]  19.00-20.00  sec  7.74 MBytes  65.0 Mbits/sec  5686  
[ 21]  19.00-20.00  sec  7.74 MBytes  65.0 Mbits/sec  5686  
[ 23]  19.00-20.00  sec  7.74 MBytes  65.0 Mbits/sec  5686  
[ 25]  19.00-20.00  sec  7.74 MBytes  65.0 Mbits/sec  5686  
[ 27]  19.00-20.00  sec  7.74 MBytes  65.0 Mbits/sec  5686  
[ 29]  19.00-20.00  sec  7.74 MBytes  65.0 Mbits/sec  5686  
[ 31]  19.00-20.00  sec  7.74 MBytes  65.0 Mbits/sec  5686  
[ 33]  19.00-20.00  sec  7.74 MBytes  65.0 Mbits/sec  5686  
[ 35]  19.00-20.00  sec  7.74 MBytes  65.0 Mbits/sec  5686  
[ 37]  19.00-20.00  sec  7.74 MBytes  65.0 Mbits/sec  5686  
[ 39]  19.00-20.00  sec  7.74 MBytes  65.0 Mbits/sec  5686  
[ 41]  19.00-20.00  sec  7.74 MBytes  65.0 Mbits/sec  5686  
[ 43]  19.00-20.00  sec  7.74 MBytes  65.0 Mbits/sec  5686  
[SUM]  19.00-20.00  sec   155 MBytes  1299 Mbits/sec  113720  
- - - - - - - - - - - - - - - - - - - - - - - - -
[  5]  20.00-21.00  sec  7.73 MBytes  64.9 Mbits/sec  5678  
[  7]  20.00-21.00  sec  7.73 MBytes  64.9 Mbits/sec  5678  
[  9]  20.00-21.00  sec  7.73 MBytes  64.9 Mbits/sec  5678  
[ 11]  20.00-21.00  sec  7.73 MBytes  64.9 Mbits/sec  5678  
[ 13]  20.00-21.00  sec  7.73 MBytes  64.9 Mbits/sec  5678  
[ 15]  20.00-21.00  sec  7.73 MBytes  64.9 Mbits/sec  5678  
[ 17]  20.00-21.00  sec  7.73 MBytes  64.9 Mbits/sec  5678  
[ 19]  20.00-21.00  sec  7.73 MBytes  64.9 Mbits/sec  5678  
[ 21]  20.00-21.00  sec  7.73 MBytes  64.9 Mbits/sec  5678  
[ 23]  20.00-21.00  sec  7.73 MBytes  64.9 Mbits/sec  5678  
[ 25]  20.00-21.00  sec  7.73 MBytes  64.9 Mbits/sec  5678  
[ 27]  20.00-21.00  sec  7.73 MBytes  64.9 Mbits/sec  5678  
[ 29]  20.00-21.00  sec  7.73 MBytes  64.9 Mbits/sec  5678  
[ 31]  20.00-21.00  sec  7.73 MBytes  64.9 Mbits/sec  5678  
[ 33]  20.00-21.00  sec  7.73 MBytes  64.9 Mbits/sec  5678  
[ 35]  20.00-21.00  sec  7.73 MBytes  64.9 Mbits/sec  5678  
[ 37]  20.00-21.00  sec  7.73 MBytes  64.9 Mbits/sec  5678  
[ 39]  20.00-21.00  sec  7.73 MBytes  64.9 Mbits/sec  5678  
[ 41]  20.00-21.00  sec  7.73 MBytes  64.9 Mbits/sec  5678  
[ 43]  20.00-21.00  sec  7.73 MBytes  64.9 Mbits/sec  5678  
[SUM]  20.00-21.00  sec   155 MBytes  1297 Mbits/sec  113560  
- - - - - - - - - - - - - - - - - - - - - - - - -
[  5]  21.00-22.00  sec  7.83 MBytes  65.7 Mbits/sec  5746  
[  7]  21.00-22.00  sec  7.83 MBytes  65.7 Mbits/sec  5746  
[  9]  21.00-22.00  sec  7.83 MBytes  65.7 Mbits/sec  5746  
[ 11]  21.00-22.00  sec  7.83 MBytes  65.6 Mbits/sec  5746  
[ 13]  21.00-22.00  sec  7.83 MBytes  65.6 Mbits/sec  5746  
[ 15]  21.00-22.00  sec  7.83 MBytes  65.6 Mbits/sec  5746  
[ 17]  21.00-22.00  sec  7.83 MBytes  65.7 Mbits/sec  5746  
[ 19]  21.00-22.00  sec  7.83 MBytes  65.7 Mbits/sec  5746  
[ 21]  21.00-22.00  sec  7.83 MBytes  65.7 Mbits/sec  5746  
[ 23]  21.00-22.00  sec  7.83 MBytes  65.7 Mbits/sec  5746  
[ 25]  21.00-22.00  sec  7.83 MBytes  65.7 Mbits/sec  5746  
[ 27]  21.00-22.00  sec  7.83 MBytes  65.7 Mbits/sec  5746  
[ 29]  21.00-22.00  sec  7.83 MBytes  65.7 Mbits/sec  5746  
[ 31]  21.00-22.00  sec  7.83 MBytes  65.7 Mbits/sec  5746  
[ 33]  21.00-22.00  sec  7.83 MBytes  65.7 Mbits/sec  5746  
[ 35]  21.00-22.00  sec  7.83 MBytes  65.7 Mbits/sec  5746  
[ 37]  21.00-22.00  sec  7.83 MBytes  65.7 Mbits/sec  5746  
[ 39]  21.00-22.00  sec  7.83 MBytes  65.7 Mbits/sec  5746  
[ 41]  21.00-22.00  sec  7.83 MBytes  65.7 Mbits/sec  5746  
[ 43]  21.00-22.00  sec  7.83 MBytes  65.7 Mbits/sec  5746  
[SUM]  21.00-22.00  sec   157 MBytes  1313 Mbits/sec  114920  
- - - - - - - - - - - - - - - - - - - - - - - - -
[  5]  22.00-23.00  sec  7.73 MBytes  64.9 Mbits/sec  5679  
[  7]  22.00-23.00  sec  7.73 MBytes  64.9 Mbits/sec  5679  
[  9]  22.00-23.00  sec  7.73 MBytes  64.9 Mbits/sec  5679  
[ 11]  22.00-23.00  sec  7.73 MBytes  64.9 Mbits/sec  5679  
[ 13]  22.00-23.00  sec  7.73 MBytes  64.9 Mbits/sec  5679  
[ 15]  22.00-23.00  sec  7.73 MBytes  64.9 Mbits/sec  5679  
[ 17]  22.00-23.00  sec  7.73 MBytes  64.9 Mbits/sec  5679  
[ 19]  22.00-23.00  sec  7.73 MBytes  64.9 Mbits/sec  5679  
[ 21]  22.00-23.00  sec  7.73 MBytes  64.9 Mbits/sec  5679  
[ 23]  22.00-23.00  sec  7.73 MBytes  64.9 Mbits/sec  5679  
[ 25]  22.00-23.00  sec  7.73 MBytes  64.9 Mbits/sec  5679  
[ 27]  22.00-23.00  sec  7.73 MBytes  64.9 Mbits/sec  5679  
[ 29]  22.00-23.00  sec  7.73 MBytes  64.9 Mbits/sec  5679  
[ 31]  22.00-23.00  sec  7.73 MBytes  64.9 Mbits/sec  5679  
[ 33]  22.00-23.00  sec  7.73 MBytes  64.9 Mbits/sec  5679  
[ 35]  22.00-23.00  sec  7.73 MBytes  64.9 Mbits/sec  5679  
[ 37]  22.00-23.00  sec  7.73 MBytes  64.9 Mbits/sec  5679  
[ 39]  22.00-23.00  sec  7.73 MBytes  64.9 Mbits/sec  5679  
[ 41]  22.00-23.00  sec  7.73 MBytes  64.9 Mbits/sec  5679  
[ 43]  22.00-23.00  sec  7.73 MBytes  64.9 Mbits/sec  5679  
[SUM]  22.00-23.00  sec   155 MBytes  1297 Mbits/sec  113580  
- - - - - - - - - - - - - - - - - - - - - - - - -
[  5]  23.00-24.00  sec  7.60 MBytes  63.7 Mbits/sec  5577  
[  7]  23.00-24.00  sec  7.60 MBytes  63.7 Mbits/sec  5577  
[  9]  23.00-24.00  sec  7.60 MBytes  63.7 Mbits/sec  5577  
[ 11]  23.00-24.00  sec  7.60 MBytes  63.7 Mbits/sec  5577  
[ 13]  23.00-24.00  sec  7.60 MBytes  63.7 Mbits/sec  5577  
[ 15]  23.00-24.00  sec  7.60 MBytes  63.7 Mbits/sec  5577  
[ 17]  23.00-24.00  sec  7.60 MBytes  63.7 Mbits/sec  5577  
[ 19]  23.00-24.00  sec  7.60 MBytes  63.7 Mbits/sec  5577  
[ 21]  23.00-24.00  sec  7.60 MBytes  63.7 Mbits/sec  5577  
[ 23]  23.00-24.00  sec  7.60 MBytes  63.7 Mbits/sec  5577  
[ 25]  23.00-24.00  sec  7.60 MBytes  63.7 Mbits/sec  5577  
[ 27]  23.00-24.00  sec  7.60 MBytes  63.7 Mbits/sec  5577  
[ 29]  23.00-24.00  sec  7.60 MBytes  63.7 Mbits/sec  5577  
[ 31]  23.00-24.00  sec  7.60 MBytes  63.7 Mbits/sec  5577  
[ 33]  23.00-24.00  sec  7.60 MBytes  63.7 Mbits/sec  5577  
[ 35]  23.00-24.00  sec  7.60 MBytes  63.7 Mbits/sec  5577  
[ 37]  23.00-24.00  sec  7.60 MBytes  63.7 Mbits/sec  5577  
[ 39]  23.00-24.00  sec  7.60 MBytes  63.7 Mbits/sec  5577  
[ 41]  23.00-24.00  sec  7.60 MBytes  63.7 Mbits/sec  5577  
[ 43]  23.00-24.00  sec  7.60 MBytes  63.7 Mbits/sec  5577  
[SUM]  23.00-24.00  sec   152 MBytes  1274 Mbits/sec  111540  
- - - - - - - - - - - - - - - - - - - - - - - - -
[  5]  24.00-25.00  sec  7.74 MBytes  64.9 Mbits/sec  5680  
[  7]  24.00-25.00  sec  7.74 MBytes  64.9 Mbits/sec  5680  
[  9]  24.00-25.00  sec  7.74 MBytes  64.9 Mbits/sec  5680  
[ 11]  24.00-25.00  sec  7.74 MBytes  64.9 Mbits/sec  5680  
[ 13]  24.00-25.00  sec  7.74 MBytes  64.9 Mbits/sec  5680  
[ 15]  24.00-25.00  sec  7.74 MBytes  64.9 Mbits/sec  5680  
[ 17]  24.00-25.00  sec  7.74 MBytes  64.9 Mbits/sec  5680  
[ 19]  24.00-25.00  sec  7.74 MBytes  64.9 Mbits/sec  5680  
[ 21]  24.00-25.00  sec  7.74 MBytes  64.9 Mbits/sec  5680  
[ 23]  24.00-25.00  sec  7.74 MBytes  64.9 Mbits/sec  5680  
[ 25]  24.00-25.00  sec  7.74 MBytes  64.9 Mbits/sec  5680  
[ 27]  24.00-25.00  sec  7.74 MBytes  64.9 Mbits/sec  5680  
[ 29]  24.00-25.00  sec  7.74 MBytes  64.9 Mbits/sec  5680  
[ 31]  24.00-25.00  sec  7.74 MBytes  64.9 Mbits/sec  5680  
[ 33]  24.00-25.00  sec  7.74 MBytes  64.9 Mbits/sec  5680  
[ 35]  24.00-25.00  sec  7.74 MBytes  64.9 Mbits/sec  5680  
[ 37]  24.00-25.00  sec  7.74 MBytes  64.9 Mbits/sec  5680  
[ 39]  24.00-25.00  sec  7.74 MBytes  64.9 Mbits/sec  5680  
[ 41]  24.00-25.00  sec  7.74 MBytes  64.9 Mbits/sec  5680  
[ 43]  24.00-25.00  sec  7.74 MBytes  64.9 Mbits/sec  5680  
[SUM]  24.00-25.00  sec   155 MBytes  1298 Mbits/sec  113600  
- - - - - - - - - - - - - - - - - - - - - - - - -
[  5]  25.00-26.00  sec  7.02 MBytes  58.9 Mbits/sec  5153  
[  7]  25.00-26.00  sec  7.02 MBytes  58.9 Mbits/sec  5153  
[  9]  25.00-26.00  sec  7.02 MBytes  58.9 Mbits/sec  5153  
[ 11]  25.00-26.00  sec  7.02 MBytes  58.9 Mbits/sec  5153  
[ 13]  25.00-26.00  sec  7.02 MBytes  58.9 Mbits/sec  5153  
[ 15]  25.00-26.00  sec  7.02 MBytes  58.9 Mbits/sec  5153  
[ 17]  25.00-26.00  sec  7.02 MBytes  58.9 Mbits/sec  5153  
[ 19]  25.00-26.00  sec  7.02 MBytes  58.9 Mbits/sec  5153  
[ 21]  25.00-26.00  sec  7.02 MBytes  58.9 Mbits/sec  5153  
[ 23]  25.00-26.00  sec  7.02 MBytes  58.9 Mbits/sec  5153  
[ 25]  25.00-26.00  sec  7.02 MBytes  58.9 Mbits/sec  5153  
[ 27]  25.00-26.00  sec  7.02 MBytes  58.9 Mbits/sec  5153  
[ 29]  25.00-26.00  sec  7.02 MBytes  58.9 Mbits/sec  5153  
[ 31]  25.00-26.00  sec  7.02 MBytes  58.9 Mbits/sec  5153  
[ 33]  25.00-26.00  sec  7.02 MBytes  58.9 Mbits/sec  5153  
[ 35]  25.00-26.00  sec  7.02 MBytes  58.9 Mbits/sec  5153  
[ 37]  25.00-26.00  sec  7.02 MBytes  58.9 Mbits/sec  5153  
[ 39]  25.00-26.00  sec  7.02 MBytes  58.9 Mbits/sec  5153  
[ 41]  25.00-26.00  sec  7.02 MBytes  58.9 Mbits/sec  5153  
[ 43]  25.00-26.00  sec  7.02 MBytes  58.9 Mbits/sec  5153  
[SUM]  25.00-26.00  sec   140 MBytes  1177 Mbits/sec  103060  
- - - - - - - - - - - - - - - - - - - - - - - - -
[  5]  26.00-27.00  sec  6.72 MBytes  56.4 Mbits/sec  4938  
[  7]  26.00-27.00  sec  6.72 MBytes  56.4 Mbits/sec  4938  
[  9]  26.00-27.00  sec  6.72 MBytes  56.4 Mbits/sec  4938  
[ 11]  26.00-27.00  sec  6.72 MBytes  56.4 Mbits/sec  4938  
[ 13]  26.00-27.00  sec  6.72 MBytes  56.4 Mbits/sec  4938  
[ 15]  26.00-27.00  sec  6.72 MBytes  56.4 Mbits/sec  4938  
[ 17]  26.00-27.00  sec  6.72 MBytes  56.4 Mbits/sec  4938  
[ 19]  26.00-27.00  sec  6.72 MBytes  56.4 Mbits/sec  4938  
[ 21]  26.00-27.00  sec  6.72 MBytes  56.4 Mbits/sec  4938  
[ 23]  26.00-27.00  sec  6.72 MBytes  56.4 Mbits/sec  4938  
[ 25]  26.00-27.00  sec  6.72 MBytes  56.4 Mbits/sec  4938  
[ 27]  26.00-27.00  sec  6.72 MBytes  56.4 Mbits/sec  4938  
[ 29]  26.00-27.00  sec  6.72 MBytes  56.4 Mbits/sec  4938  
[ 31]  26.00-27.00  sec  6.72 MBytes  56.4 Mbits/sec  4938  
[ 33]  26.00-27.00  sec  6.72 MBytes  56.4 Mbits/sec  4938  
[ 35]  26.00-27.00  sec  6.72 MBytes  56.4 Mbits/sec  4938  
[ 37]  26.00-27.00  sec  6.72 MBytes  56.4 Mbits/sec  4938  
[ 39]  26.00-27.00  sec  6.72 MBytes  56.4 Mbits/sec  4938  
[ 41]  26.00-27.00  sec  6.72 MBytes  56.4 Mbits/sec  4938  
[ 43]  26.00-27.00  sec  6.72 MBytes  56.4 Mbits/sec  4938  
[SUM]  26.00-27.00  sec   134 MBytes  1128 Mbits/sec  98760  
- - - - - - - - - - - - - - - - - - - - - - - - -
[  5]  27.00-28.00  sec  7.27 MBytes  61.0 Mbits/sec  5341  
[  7]  27.00-28.00  sec  7.27 MBytes  61.0 Mbits/sec  5341  
[  9]  27.00-28.00  sec  7.27 MBytes  61.0 Mbits/sec  5341  
[ 11]  27.00-28.00  sec  7.27 MBytes  61.0 Mbits/sec  5341  
[ 13]  27.00-28.00  sec  7.27 MBytes  61.0 Mbits/sec  5341  
[ 15]  27.00-28.00  sec  7.27 MBytes  61.0 Mbits/sec  5341  
[ 17]  27.00-28.00  sec  7.27 MBytes  61.0 Mbits/sec  5341  
[ 19]  27.00-28.00  sec  7.27 MBytes  61.0 Mbits/sec  5341  
[ 21]  27.00-28.00  sec  7.27 MBytes  61.0 Mbits/sec  5341  
[ 23]  27.00-28.00  sec  7.27 MBytes  61.0 Mbits/sec  5341  
[ 25]  27.00-28.00  sec  7.27 MBytes  61.0 Mbits/sec  5341  
[ 27]  27.00-28.00  sec  7.27 MBytes  61.0 Mbits/sec  5341  
[ 29]  27.00-28.00  sec  7.27 MBytes  61.0 Mbits/sec  5341  
[ 31]  27.00-28.00  sec  7.27 MBytes  61.0 Mbits/sec  5341  
[ 33]  27.00-28.00  sec  7.27 MBytes  61.0 Mbits/sec  5341  
[ 35]  27.00-28.00  sec  7.27 MBytes  61.0 Mbits/sec  5341  
[ 37]  27.00-28.00  sec  7.27 MBytes  61.0 Mbits/sec  5341  
[ 39]  27.00-28.00  sec  7.27 MBytes  61.0 Mbits/sec  5341  
[ 41]  27.00-28.00  sec  7.27 MBytes  61.0 Mbits/sec  5341  
[ 43]  27.00-28.00  sec  7.27 MBytes  61.0 Mbits/sec  5341  
[SUM]  27.00-28.00  sec   145 MBytes  1220 Mbits/sec  106820  
- - - - - - - - - - - - - - - - - - - - - - - - -
[  5]  28.00-29.00  sec  7.38 MBytes  61.9 Mbits/sec  5417  
[  7]  28.00-29.00  sec  7.38 MBytes  61.9 Mbits/sec  5417  
[  9]  28.00-29.00  sec  7.38 MBytes  61.9 Mbits/sec  5417  
[ 11]  28.00-29.00  sec  7.38 MBytes  61.9 Mbits/sec  5417  
[ 13]  28.00-29.00  sec  7.38 MBytes  61.9 Mbits/sec  5417  
[ 15]  28.00-29.00  sec  7.38 MBytes  61.9 Mbits/sec  5417  
[ 17]  28.00-29.00  sec  7.38 MBytes  61.9 Mbits/sec  5417  
[ 19]  28.00-29.00  sec  7.38 MBytes  61.9 Mbits/sec  5417  
[ 21]  28.00-29.00  sec  7.38 MBytes  61.9 Mbits/sec  5417  
[ 23]  28.00-29.00  sec  7.38 MBytes  61.9 Mbits/sec  5417  
[ 25]  28.00-29.00  sec  7.38 MBytes  61.9 Mbits/sec  5417  
[ 27]  28.00-29.00  sec  7.38 MBytes  61.9 Mbits/sec  5417  
[ 29]  28.00-29.00  sec  7.38 MBytes  61.9 Mbits/sec  5417  
[ 31]  28.00-29.00  sec  7.38 MBytes  61.9 Mbits/sec  5417  
[ 33]  28.00-29.00  sec  7.38 MBytes  61.9 Mbits/sec  5417  
[ 35]  28.00-29.00  sec  7.38 MBytes  61.9 Mbits/sec  5417  
[ 37]  28.00-29.00  sec  7.38 MBytes  61.9 Mbits/sec  5417  
[ 39]  28.00-29.00  sec  7.38 MBytes  61.9 Mbits/sec  5417  
[ 41]  28.00-29.00  sec  7.38 MBytes  61.9 Mbits/sec  5417  
[ 43]  28.00-29.00  sec  7.38 MBytes  61.9 Mbits/sec  5417  
[SUM]  28.00-29.00  sec   148 MBytes  1238 Mbits/sec  108340  
- - - - - - - - - - - - - - - - - - - - - - - - -
[  5]  29.00-30.00  sec  7.60 MBytes  63.8 Mbits/sec  5584  
[  7]  29.00-30.00  sec  7.60 MBytes  63.8 Mbits/sec  5584  
[  9]  29.00-30.00  sec  7.60 MBytes  63.8 Mbits/sec  5584  
[ 11]  29.00-30.00  sec  7.60 MBytes  63.8 Mbits/sec  5584  
[ 13]  29.00-30.00  sec  7.60 MBytes  63.8 Mbits/sec  5584  
[ 15]  29.00-30.00  sec  7.60 MBytes  63.8 Mbits/sec  5584  
[ 17]  29.00-30.00  sec  7.60 MBytes  63.8 Mbits/sec  5584  
[ 19]  29.00-30.00  sec  7.60 MBytes  63.8 Mbits/sec  5584  
[ 21]  29.00-30.00  sec  7.60 MBytes  63.8 Mbits/sec  5584  
[ 23]  29.00-30.00  sec  7.60 MBytes  63.8 Mbits/sec  5584  
[ 25]  29.00-30.00  sec  7.60 MBytes  63.8 Mbits/sec  5584  
[ 27]  29.00-30.00  sec  7.60 MBytes  63.8 Mbits/sec  5584  
[ 29]  29.00-30.00  sec  7.60 MBytes  63.8 Mbits/sec  5584  
[ 31]  29.00-30.00  sec  7.60 MBytes  63.8 Mbits/sec  5584  
[ 33]  29.00-30.00  sec  7.60 MBytes  63.8 Mbits/sec  5584  
[ 35]  29.00-30.00  sec  7.60 MBytes  63.8 Mbits/sec  5584  
[ 37]  29.00-30.00  sec  7.60 MBytes  63.8 Mbits/sec  5584  
[ 39]  29.00-30.00  sec  7.60 MBytes  63.8 Mbits/sec  5584  
[ 41]  29.00-30.00  sec  7.60 MBytes  63.8 Mbits/sec  5584  
[ 43]  29.00-30.00  sec  7.60 MBytes  63.8 Mbits/sec  5584  
[SUM]  29.00-30.00  sec   152 MBytes  1276 Mbits/sec  111680  
- - - - - - - - - - - - - - - - - - - - - - - - -
[  5]  30.00-31.00  sec  7.71 MBytes  64.7 Mbits/sec  5664  
[  7]  30.00-31.00  sec  7.71 MBytes  64.7 Mbits/sec  5664  
[  9]  30.00-31.00  sec  7.71 MBytes  64.7 Mbits/sec  5664  
[ 11]  30.00-31.00  sec  7.71 MBytes  64.7 Mbits/sec  5664  
[ 13]  30.00-31.00  sec  7.71 MBytes  64.7 Mbits/sec  5664  
[ 15]  30.00-31.00  sec  7.71 MBytes  64.7 Mbits/sec  5664  
[ 17]  30.00-31.00  sec  7.71 MBytes  64.7 Mbits/sec  5664  
[ 19]  30.00-31.00  sec  7.71 MBytes  64.7 Mbits/sec  5664  
[ 21]  30.00-31.00  sec  7.71 MBytes  64.7 Mbits/sec  5664  
[ 23]  30.00-31.00  sec  7.71 MBytes  64.7 Mbits/sec  5664  
[ 25]  30.00-31.00  sec  7.71 MBytes  64.7 Mbits/sec  5664  
[ 27]  30.00-31.00  sec  7.71 MBytes  64.7 Mbits/sec  5664  
[ 29]  30.00-31.00  sec  7.71 MBytes  64.7 Mbits/sec  5664  
[ 31]  30.00-31.00  sec  7.71 MBytes  64.7 Mbits/sec  5664  
[ 33]  30.00-31.00  sec  7.71 MBytes  64.7 Mbits/sec  5664  
[ 35]  30.00-31.00  sec  7.71 MBytes  64.7 Mbits/sec  5664  
[ 37]  30.00-31.00  sec  7.71 MBytes  64.7 Mbits/sec  5664  
[ 39]  30.00-31.00  sec  7.71 MBytes  64.7 Mbits/sec  5664  
[ 41]  30.00-31.00  sec  7.71 MBytes  64.7 Mbits/sec  5664  
[ 43]  30.00-31.00  sec  7.71 MBytes  64.7 Mbits/sec  5664  
[SUM]  30.00-31.00  sec   154 MBytes  1294 Mbits/sec  113280  
- - - - - - - - - - - - - - - - - - - - - - - - -
[  5]  31.00-32.00  sec  7.74 MBytes  64.9 Mbits/sec  5685  
[  7]  31.00-32.00  sec  7.74 MBytes  64.9 Mbits/sec  5685  
[  9]  31.00-32.00  sec  7.74 MBytes  64.9 Mbits/sec  5685  
[ 11]  31.00-32.00  sec  7.74 MBytes  64.9 Mbits/sec  5685  
[ 13]  31.00-32.00  sec  7.74 MBytes  64.9 Mbits/sec  5685  
[ 15]  31.00-32.00  sec  7.74 MBytes  64.9 Mbits/sec  5685  
[ 17]  31.00-32.00  sec  7.74 MBytes  64.9 Mbits/sec  5685  
[ 19]  31.00-32.00  sec  7.74 MBytes  64.9 Mbits/sec  5685  
[ 21]  31.00-32.00  sec  7.74 MBytes  64.9 Mbits/sec  5685  
[ 23]  31.00-32.00  sec  7.74 MBytes  64.9 Mbits/sec  5685  
[ 25]  31.00-32.00  sec  7.74 MBytes  64.9 Mbits/sec  5685  
[ 27]  31.00-32.00  sec  7.74 MBytes  64.9 Mbits/sec  5685  
[ 29]  31.00-32.00  sec  7.74 MBytes  64.9 Mbits/sec  5685  
[ 31]  31.00-32.00  sec  7.74 MBytes  64.9 Mbits/sec  5685  
[ 33]  31.00-32.00  sec  7.74 MBytes  64.9 Mbits/sec  5685  
[ 35]  31.00-32.00  sec  7.74 MBytes  64.9 Mbits/sec  5685  
[ 37]  31.00-32.00  sec  7.74 MBytes  64.9 Mbits/sec  5685  
[ 39]  31.00-32.00  sec  7.74 MBytes  64.9 Mbits/sec  5685  
[ 41]  31.00-32.00  sec  7.74 MBytes  64.9 Mbits/sec  5685  
[ 43]  31.00-32.00  sec  7.74 MBytes  64.9 Mbits/sec  5685  
[SUM]  31.00-32.00  sec   155 MBytes  1299 Mbits/sec  113700  
- - - - - - - - - - - - - - - - - - - - - - - - -
[  5]  32.00-33.00  sec  7.54 MBytes  63.3 Mbits/sec  5538  
[  7]  32.00-33.00  sec  7.54 MBytes  63.3 Mbits/sec  5538  
[  9]  32.00-33.00  sec  7.54 MBytes  63.3 Mbits/sec  5538  
[ 11]  32.00-33.00  sec  7.54 MBytes  63.3 Mbits/sec  5538  
[ 13]  32.00-33.00  sec  7.54 MBytes  63.3 Mbits/sec  5538  
[ 15]  32.00-33.00  sec  7.54 MBytes  63.3 Mbits/sec  5538  
[ 17]  32.00-33.00  sec  7.54 MBytes  63.3 Mbits/sec  5538  
[ 19]  32.00-33.00  sec  7.54 MBytes  63.3 Mbits/sec  5538  
[ 21]  32.00-33.00  sec  7.54 MBytes  63.3 Mbits/sec  5538  
[ 23]  32.00-33.00  sec  7.54 MBytes  63.3 Mbits/sec  5538  
[ 25]  32.00-33.00  sec  7.54 MBytes  63.3 Mbits/sec  5538  
[ 27]  32.00-33.00  sec  7.54 MBytes  63.3 Mbits/sec  5538  
[ 29]  32.00-33.00  sec  7.54 MBytes  63.3 Mbits/sec  5538  
[ 31]  32.00-33.00  sec  7.54 MBytes  63.3 Mbits/sec  5538  
[ 33]  32.00-33.00  sec  7.54 MBytes  63.3 Mbits/sec  5538  
[ 35]  32.00-33.00  sec  7.54 MBytes  63.3 Mbits/sec  5538  
[ 37]  32.00-33.00  sec  7.54 MBytes  63.3 Mbits/sec  5538  
[ 39]  32.00-33.00  sec  7.54 MBytes  63.3 Mbits/sec  5538  
[ 41]  32.00-33.00  sec  7.54 MBytes  63.3 Mbits/sec  5538  
[ 43]  32.00-33.00  sec  7.54 MBytes  63.3 Mbits/sec  5538  
[SUM]  32.00-33.00  sec   151 MBytes  1265 Mbits/sec  110760  
- - - - - - - - - - - - - - - - - - - - - - - - -
[  5]  33.00-34.00  sec  7.71 MBytes  64.6 Mbits/sec  5659  
[  7]  33.00-34.00  sec  7.71 MBytes  64.6 Mbits/sec  5659  
[  9]  33.00-34.00  sec  7.71 MBytes  64.6 Mbits/sec  5659  
[ 11]  33.00-34.00  sec  7.71 MBytes  64.6 Mbits/sec  5659  
[ 13]  33.00-34.00  sec  7.71 MBytes  64.6 Mbits/sec  5659  
[ 15]  33.00-34.00  sec  7.71 MBytes  64.6 Mbits/sec  5659  
[ 17]  33.00-34.00  sec  7.71 MBytes  64.6 Mbits/sec  5659  
[ 19]  33.00-34.00  sec  7.71 MBytes  64.6 Mbits/sec  5659  
[ 21]  33.00-34.00  sec  7.71 MBytes  64.6 Mbits/sec  5659  
[ 23]  33.00-34.00  sec  7.71 MBytes  64.6 Mbits/sec  5659  
[ 25]  33.00-34.00  sec  7.71 MBytes  64.6 Mbits/sec  5659  
[ 27]  33.00-34.00  sec  7.71 MBytes  64.6 Mbits/sec  5659  
[ 29]  33.00-34.00  sec  7.71 MBytes  64.6 Mbits/sec  5659  
[ 31]  33.00-34.00  sec  7.71 MBytes  64.6 Mbits/sec  5659  
[ 33]  33.00-34.00  sec  7.71 MBytes  64.6 Mbits/sec  5659  
[ 35]  33.00-34.00  sec  7.71 MBytes  64.6 Mbits/sec  5659  
[ 37]  33.00-34.00  sec  7.71 MBytes  64.6 Mbits/sec  5659  
[ 39]  33.00-34.00  sec  7.71 MBytes  64.6 Mbits/sec  5659  
[ 41]  33.00-34.00  sec  7.71 MBytes  64.6 Mbits/sec  5659  
[ 43]  33.00-34.00  sec  7.71 MBytes  64.6 Mbits/sec  5659  
[SUM]  33.00-34.00  sec   154 MBytes  1293 Mbits/sec  113180  
- - - - - - - - - - - - - - - - - - - - - - - - -
[  5]  34.00-35.00  sec  7.33 MBytes  61.5 Mbits/sec  5384  
[  7]  34.00-35.00  sec  7.33 MBytes  61.5 Mbits/sec  5384  
[  9]  34.00-35.00  sec  7.33 MBytes  61.5 Mbits/sec  5384  
[ 11]  34.00-35.00  sec  7.33 MBytes  61.5 Mbits/sec  5384  
[ 13]  34.00-35.00  sec  7.33 MBytes  61.5 Mbits/sec  5384  
[ 15]  34.00-35.00  sec  7.33 MBytes  61.5 Mbits/sec  5384  
[ 17]  34.00-35.00  sec  7.33 MBytes  61.5 Mbits/sec  5384  
[ 19]  34.00-35.00  sec  7.33 MBytes  61.5 Mbits/sec  5384  
[ 21]  34.00-35.00  sec  7.33 MBytes  61.5 Mbits/sec  5384  
[ 23]  34.00-35.00  sec  7.33 MBytes  61.5 Mbits/sec  5384  
[ 25]  34.00-35.00  sec  7.33 MBytes  61.5 Mbits/sec  5384  
[ 27]  34.00-35.00  sec  7.33 MBytes  61.5 Mbits/sec  5384  
[ 29]  34.00-35.00  sec  7.33 MBytes  61.5 Mbits/sec  5384  
[ 31]  34.00-35.00  sec  7.33 MBytes  61.5 Mbits/sec  5384  
[ 33]  34.00-35.00  sec  7.33 MBytes  61.5 Mbits/sec  5384  
[ 35]  34.00-35.00  sec  7.33 MBytes  61.5 Mbits/sec  5384  
[ 37]  34.00-35.00  sec  7.33 MBytes  61.5 Mbits/sec  5384  
[ 39]  34.00-35.00  sec  7.33 MBytes  61.5 Mbits/sec  5384  
[ 41]  34.00-35.00  sec  7.33 MBytes  61.5 Mbits/sec  5384  
[ 43]  34.00-35.00  sec  7.33 MBytes  61.5 Mbits/sec  5384  
[SUM]  34.00-35.00  sec   147 MBytes  1230 Mbits/sec  107680  
- - - - - - - - - - - - - - - - - - - - - - - - -
[  5]  35.00-36.00  sec  6.88 MBytes  57.7 Mbits/sec  5053  
[  7]  35.00-36.00  sec  6.88 MBytes  57.7 Mbits/sec  5053  
[  9]  35.00-36.00  sec  6.88 MBytes  57.7 Mbits/sec  5053  
[ 11]  35.00-36.00  sec  6.88 MBytes  57.7 Mbits/sec  5053  
[ 13]  35.00-36.00  sec  6.88 MBytes  57.7 Mbits/sec  5053  
[ 15]  35.00-36.00  sec  6.88 MBytes  57.7 Mbits/sec  5053  
[ 17]  35.00-36.00  sec  6.88 MBytes  57.7 Mbits/sec  5053  
[ 19]  35.00-36.00  sec  6.88 MBytes  57.7 Mbits/sec  5053  
[ 21]  35.00-36.00  sec  6.88 MBytes  57.7 Mbits/sec  5053  
[ 23]  35.00-36.00  sec  6.88 MBytes  57.7 Mbits/sec  5053  
[ 25]  35.00-36.00  sec  6.88 MBytes  57.7 Mbits/sec  5053  
[ 27]  35.00-36.00  sec  6.88 MBytes  57.7 Mbits/sec  5053  
[ 29]  35.00-36.00  sec  6.88 MBytes  57.7 Mbits/sec  5053  
[ 31]  35.00-36.00  sec  6.88 MBytes  57.7 Mbits/sec  5053  
[ 33]  35.00-36.00  sec  6.88 MBytes  57.7 Mbits/sec  5053  
[ 35]  35.00-36.00  sec  6.88 MBytes  57.7 Mbits/sec  5053  
[ 37]  35.00-36.00  sec  6.88 MBytes  57.7 Mbits/sec  5053  
[ 39]  35.00-36.00  sec  6.88 MBytes  57.7 Mbits/sec  5053  
[ 41]  35.00-36.00  sec  6.88 MBytes  57.7 Mbits/sec  5053  
[ 43]  35.00-36.00  sec  6.88 MBytes  57.7 Mbits/sec  5053  
[SUM]  35.00-36.00  sec   138 MBytes  1155 Mbits/sec  101060  
- - - - - - - - - - - - - - - - - - - - - - - - -
[  5]  36.00-37.00  sec  6.68 MBytes  56.0 Mbits/sec  4905  
[  7]  36.00-37.00  sec  6.68 MBytes  56.0 Mbits/sec  4905  
[  9]  36.00-37.00  sec  6.68 MBytes  56.0 Mbits/sec  4905  
[ 11]  36.00-37.00  sec  6.68 MBytes  56.0 Mbits/sec  4905  
[ 13]  36.00-37.00  sec  6.68 MBytes  56.0 Mbits/sec  4905  
[ 15]  36.00-37.00  sec  6.68 MBytes  56.0 Mbits/sec  4905  
[ 17]  36.00-37.00  sec  6.68 MBytes  56.0 Mbits/sec  4905  
[ 19]  36.00-37.00  sec  6.68 MBytes  56.0 Mbits/sec  4905  
[ 21]  36.00-37.00  sec  6.68 MBytes  56.0 Mbits/sec  4905  
[ 23]  36.00-37.00  sec  6.68 MBytes  56.0 Mbits/sec  4905  
[ 25]  36.00-37.00  sec  6.68 MBytes  56.0 Mbits/sec  4905  
[ 27]  36.00-37.00  sec  6.68 MBytes  56.0 Mbits/sec  4905  
[ 29]  36.00-37.00  sec  6.68 MBytes  56.0 Mbits/sec  4905  
[ 31]  36.00-37.00  sec  6.68 MBytes  56.0 Mbits/sec  4905  
[ 33]  36.00-37.00  sec  6.68 MBytes  56.0 Mbits/sec  4905  
[ 35]  36.00-37.00  sec  6.68 MBytes  56.0 Mbits/sec  4905  
[ 37]  36.00-37.00  sec  6.68 MBytes  56.0 Mbits/sec  4905  
[ 39]  36.00-37.00  sec  6.68 MBytes  56.0 Mbits/sec  4905  
[ 41]  36.00-37.00  sec  6.68 MBytes  56.0 Mbits/sec  4905  
[ 43]  36.00-37.00  sec  6.68 MBytes  56.0 Mbits/sec  4905  
[SUM]  36.00-37.00  sec   134 MBytes  1121 Mbits/sec  98100  
- - - - - - - - - - - - - - - - - - - - - - - - -
[  5]  37.00-38.00  sec  7.63 MBytes  64.0 Mbits/sec  5601  
[  7]  37.00-38.00  sec  7.63 MBytes  64.0 Mbits/sec  5601  
[  9]  37.00-38.00  sec  7.63 MBytes  64.0 Mbits/sec  5601  
[ 11]  37.00-38.00  sec  7.63 MBytes  64.0 Mbits/sec  5601  
[ 13]  37.00-38.00  sec  7.63 MBytes  64.0 Mbits/sec  5601  
[ 15]  37.00-38.00  sec  7.63 MBytes  64.0 Mbits/sec  5601  
[ 17]  37.00-38.00  sec  7.63 MBytes  64.0 Mbits/sec  5601  
[ 19]  37.00-38.00  sec  7.63 MBytes  64.0 Mbits/sec  5601  
[ 21]  37.00-38.00  sec  7.63 MBytes  64.0 Mbits/sec  5601  
[ 23]  37.00-38.00  sec  7.63 MBytes  64.0 Mbits/sec  5601  
[ 25]  37.00-38.00  sec  7.63 MBytes  64.0 Mbits/sec  5601  
[ 27]  37.00-38.00  sec  7.63 MBytes  64.0 Mbits/sec  5601  
[ 29]  37.00-38.00  sec  7.63 MBytes  64.0 Mbits/sec  5601  
[ 31]  37.00-38.00  sec  7.63 MBytes  64.0 Mbits/sec  5601  
[ 33]  37.00-38.00  sec  7.63 MBytes  64.0 Mbits/sec  5601  
[ 35]  37.00-38.00  sec  7.63 MBytes  64.0 Mbits/sec  5601  
[ 37]  37.00-38.00  sec  7.63 MBytes  64.0 Mbits/sec  5601  
[ 39]  37.00-38.00  sec  7.63 MBytes  64.0 Mbits/sec  5601  
[ 41]  37.00-38.00  sec  7.63 MBytes  64.0 Mbits/sec  5601  
[ 43]  37.00-38.00  sec  7.63 MBytes  64.0 Mbits/sec  5601  
[SUM]  37.00-38.00  sec   153 MBytes  1280 Mbits/sec  112020  
- - - - - - - - - - - - - - - - - - - - - - - - -
[  5]  38.00-39.00  sec  7.40 MBytes  62.1 Mbits/sec  5436  
[  7]  38.00-39.00  sec  7.40 MBytes  62.1 Mbits/sec  5436  
[  9]  38.00-39.00  sec  7.40 MBytes  62.1 Mbits/sec  5436  
[ 11]  38.00-39.00  sec  7.40 MBytes  62.1 Mbits/sec  5436  
[ 13]  38.00-39.00  sec  7.40 MBytes  62.1 Mbits/sec  5436  
[ 15]  38.00-39.00  sec  7.40 MBytes  62.1 Mbits/sec  5436  
[ 17]  38.00-39.00  sec  7.40 MBytes  62.1 Mbits/sec  5436  
[ 19]  38.00-39.00  sec  7.40 MBytes  62.1 Mbits/sec  5436  
[ 21]  38.00-39.00  sec  7.40 MBytes  62.1 Mbits/sec  5436  
[ 23]  38.00-39.00  sec  7.40 MBytes  62.1 Mbits/sec  5436  
[ 25]  38.00-39.00  sec  7.40 MBytes  62.1 Mbits/sec  5436  
[ 27]  38.00-39.00  sec  7.40 MBytes  62.1 Mbits/sec  5436  
[ 29]  38.00-39.00  sec  7.40 MBytes  62.1 Mbits/sec  5436  
[ 31]  38.00-39.00  sec  7.40 MBytes  62.1 Mbits/sec  5436  
[ 33]  38.00-39.00  sec  7.40 MBytes  62.1 Mbits/sec  5436  
[ 35]  38.00-39.00  sec  7.40 MBytes  62.1 Mbits/sec  5436  
[ 37]  38.00-39.00  sec  7.40 MBytes  62.1 Mbits/sec  5436  
[ 39]  38.00-39.00  sec  7.40 MBytes  62.1 Mbits/sec  5436  
[ 41]  38.00-39.00  sec  7.40 MBytes  62.1 Mbits/sec  5436  
[ 43]  38.00-39.00  sec  7.40 MBytes  62.1 Mbits/sec  5436  
[SUM]  38.00-39.00  sec   148 MBytes  1242 Mbits/sec  108720  
- - - - - - - - - - - - - - - - - - - - - - - - -
[  5]  39.00-40.00  sec  7.45 MBytes  62.5 Mbits/sec  5472  
[  7]  39.00-40.00  sec  7.45 MBytes  62.5 Mbits/sec  5472  
[  9]  39.00-40.00  sec  7.45 MBytes  62.5 Mbits/sec  5472  
[ 11]  39.00-40.00  sec  7.45 MBytes  62.5 Mbits/sec  5472  
[ 13]  39.00-40.00  sec  7.45 MBytes  62.5 Mbits/sec  5472  
[ 15]  39.00-40.00  sec  7.45 MBytes  62.5 Mbits/sec  5472  
[ 17]  39.00-40.00  sec  7.45 MBytes  62.5 Mbits/sec  5472  
[ 19]  39.00-40.00  sec  7.45 MBytes  62.5 Mbits/sec  5472  
[ 21]  39.00-40.00  sec  7.45 MBytes  62.5 Mbits/sec  5472  
[ 23]  39.00-40.00  sec  7.45 MBytes  62.5 Mbits/sec  5472  
[ 25]  39.00-40.00  sec  7.45 MBytes  62.5 Mbits/sec  5472  
[ 27]  39.00-40.00  sec  7.45 MBytes  62.5 Mbits/sec  5472  
[ 29]  39.00-40.00  sec  7.45 MBytes  62.5 Mbits/sec  5472  
[ 31]  39.00-40.00  sec  7.45 MBytes  62.5 Mbits/sec  5472  
[ 33]  39.00-40.00  sec  7.45 MBytes  62.5 Mbits/sec  5472  
[ 35]  39.00-40.00  sec  7.45 MBytes  62.5 Mbits/sec  5472  
[ 37]  39.00-40.00  sec  7.45 MBytes  62.5 Mbits/sec  5472  
[ 39]  39.00-40.00  sec  7.45 MBytes  62.5 Mbits/sec  5472  
[ 41]  39.00-40.00  sec  7.45 MBytes  62.5 Mbits/sec  5472  
[ 43]  39.00-40.00  sec  7.45 MBytes  62.5 Mbits/sec  5472  
[SUM]  39.00-40.00  sec   149 MBytes  1250 Mbits/sec  109440  
- - - - - - - - - - - - - - - - - - - - - - - - -
[  5]  40.00-41.00  sec  7.79 MBytes  65.4 Mbits/sec  5723  
[  7]  40.00-41.00  sec  7.79 MBytes  65.4 Mbits/sec  5723  
[  9]  40.00-41.00  sec  7.79 MBytes  65.4 Mbits/sec  5723  
[ 11]  40.00-41.00  sec  7.79 MBytes  65.4 Mbits/sec  5723  
[ 13]  40.00-41.00  sec  7.79 MBytes  65.4 Mbits/sec  5723  
[ 15]  40.00-41.00  sec  7.79 MBytes  65.4 Mbits/sec  5723  
[ 17]  40.00-41.00  sec  7.79 MBytes  65.4 Mbits/sec  5723  
[ 19]  40.00-41.00  sec  7.79 MBytes  65.4 Mbits/sec  5723  
[ 21]  40.00-41.00  sec  7.79 MBytes  65.4 Mbits/sec  5723  
[ 23]  40.00-41.00  sec  7.79 MBytes  65.4 Mbits/sec  5723  
[ 25]  40.00-41.00  sec  7.79 MBytes  65.4 Mbits/sec  5723  
[ 27]  40.00-41.00  sec  7.79 MBytes  65.4 Mbits/sec  5723  
[ 29]  40.00-41.00  sec  7.79 MBytes  65.4 Mbits/sec  5723  
[ 31]  40.00-41.00  sec  7.79 MBytes  65.4 Mbits/sec  5723  
[ 33]  40.00-41.00  sec  7.79 MBytes  65.4 Mbits/sec  5723  
[ 35]  40.00-41.00  sec  7.79 MBytes  65.4 Mbits/sec  5723  
[ 37]  40.00-41.00  sec  7.79 MBytes  65.4 Mbits/sec  5723  
[ 39]  40.00-41.00  sec  7.79 MBytes  65.4 Mbits/sec  5723  
[ 41]  40.00-41.00  sec  7.79 MBytes  65.4 Mbits/sec  5723  
[ 43]  40.00-41.00  sec  7.79 MBytes  65.4 Mbits/sec  5723  
[SUM]  40.00-41.00  sec   156 MBytes  1308 Mbits/sec  114460  
- - - - - - - - - - - - - - - - - - - - - - - - -
[  5]  41.00-42.00  sec  7.79 MBytes  65.4 Mbits/sec  5722  
[  7]  41.00-42.00  sec  7.79 MBytes  65.4 Mbits/sec  5722  
[  9]  41.00-42.00  sec  7.79 MBytes  65.4 Mbits/sec  5722  
[ 11]  41.00-42.00  sec  7.79 MBytes  65.4 Mbits/sec  5722  
[ 13]  41.00-42.00  sec  7.79 MBytes  65.4 Mbits/sec  5722  
[ 15]  41.00-42.00  sec  7.79 MBytes  65.4 Mbits/sec  5722  
[ 17]  41.00-42.00  sec  7.79 MBytes  65.4 Mbits/sec  5722  
[ 19]  41.00-42.00  sec  7.79 MBytes  65.4 Mbits/sec  5722  
[ 21]  41.00-42.00  sec  7.79 MBytes  65.4 Mbits/sec  5722  
[ 23]  41.00-42.00  sec  7.79 MBytes  65.4 Mbits/sec  5722  
[ 25]  41.00-42.00  sec  7.79 MBytes  65.4 Mbits/sec  5722  
[ 27]  41.00-42.00  sec  7.79 MBytes  65.4 Mbits/sec  5722  
[ 29]  41.00-42.00  sec  7.79 MBytes  65.4 Mbits/sec  5722  
[ 31]  41.00-42.00  sec  7.79 MBytes  65.4 Mbits/sec  5722  
[ 33]  41.00-42.00  sec  7.79 MBytes  65.4 Mbits/sec  5722  
[ 35]  41.00-42.00  sec  7.79 MBytes  65.4 Mbits/sec  5722  
[ 37]  41.00-42.00  sec  7.79 MBytes  65.4 Mbits/sec  5722  
[ 39]  41.00-42.00  sec  7.79 MBytes  65.4 Mbits/sec  5722  
[ 41]  41.00-42.00  sec  7.79 MBytes  65.4 Mbits/sec  5722  
[ 43]  41.00-42.00  sec  7.79 MBytes  65.4 Mbits/sec  5722  
[SUM]  41.00-42.00  sec   156 MBytes  1307 Mbits/sec  114440  
- - - - - - - - - - - - - - - - - - - - - - - - -
[  5]  42.00-43.00  sec  7.56 MBytes  63.4 Mbits/sec  5548  
[  7]  42.00-43.00  sec  7.56 MBytes  63.4 Mbits/sec  5548  
[  9]  42.00-43.00  sec  7.56 MBytes  63.4 Mbits/sec  5548  
[ 11]  42.00-43.00  sec  7.56 MBytes  63.4 Mbits/sec  5548  
[ 13]  42.00-43.00  sec  7.56 MBytes  63.4 Mbits/sec  5548  
[ 15]  42.00-43.00  sec  7.56 MBytes  63.4 Mbits/sec  5548  
[ 17]  42.00-43.00  sec  7.56 MBytes  63.4 Mbits/sec  5548  
[ 19]  42.00-43.00  sec  7.56 MBytes  63.4 Mbits/sec  5548  
[ 21]  42.00-43.00  sec  7.56 MBytes  63.4 Mbits/sec  5548  
[ 23]  42.00-43.00  sec  7.56 MBytes  63.4 Mbits/sec  5548  
[ 25]  42.00-43.00  sec  7.56 MBytes  63.4 Mbits/sec  5548  
[ 27]  42.00-43.00  sec  7.56 MBytes  63.4 Mbits/sec  5548  
[ 29]  42.00-43.00  sec  7.56 MBytes  63.4 Mbits/sec  5548  
[ 31]  42.00-43.00  sec  7.56 MBytes  63.4 Mbits/sec  5548  
[ 33]  42.00-43.00  sec  7.56 MBytes  63.4 Mbits/sec  5548  
[ 35]  42.00-43.00  sec  7.56 MBytes  63.4 Mbits/sec  5548  
[ 37]  42.00-43.00  sec  7.56 MBytes  63.4 Mbits/sec  5548  
[ 39]  42.00-43.00  sec  7.56 MBytes  63.4 Mbits/sec  5548  
[ 41]  42.00-43.00  sec  7.56 MBytes  63.4 Mbits/sec  5548  
[ 43]  42.00-43.00  sec  7.56 MBytes  63.4 Mbits/sec  5548  
[SUM]  42.00-43.00  sec   151 MBytes  1268 Mbits/sec  110960  
- - - - - - - - - - - - - - - - - - - - - - - - -
[  5]  43.00-44.00  sec  7.78 MBytes  65.3 Mbits/sec  5716  
[  7]  43.00-44.00  sec  7.78 MBytes  65.3 Mbits/sec  5716  
[  9]  43.00-44.00  sec  7.78 MBytes  65.3 Mbits/sec  5716  
[ 11]  43.00-44.00  sec  7.78 MBytes  65.3 Mbits/sec  5716  
[ 13]  43.00-44.00  sec  7.78 MBytes  65.3 Mbits/sec  5716  
[ 15]  43.00-44.00  sec  7.78 MBytes  65.3 Mbits/sec  5716  
[ 17]  43.00-44.00  sec  7.78 MBytes  65.3 Mbits/sec  5716  
[ 19]  43.00-44.00  sec  7.78 MBytes  65.3 Mbits/sec  5716  
[ 21]  43.00-44.00  sec  7.78 MBytes  65.3 Mbits/sec  5716  
[ 23]  43.00-44.00  sec  7.78 MBytes  65.3 Mbits/sec  5716  
[ 25]  43.00-44.00  sec  7.78 MBytes  65.3 Mbits/sec  5716  
[ 27]  43.00-44.00  sec  7.78 MBytes  65.3 Mbits/sec  5716  
[ 29]  43.00-44.00  sec  7.78 MBytes  65.3 Mbits/sec  5716  
[ 31]  43.00-44.00  sec  7.78 MBytes  65.3 Mbits/sec  5716  
[ 33]  43.00-44.00  sec  7.78 MBytes  65.3 Mbits/sec  5716  
[ 35]  43.00-44.00  sec  7.78 MBytes  65.3 Mbits/sec  5716  
[ 37]  43.00-44.00  sec  7.78 MBytes  65.3 Mbits/sec  5716  
[ 39]  43.00-44.00  sec  7.78 MBytes  65.3 Mbits/sec  5716  
[ 41]  43.00-44.00  sec  7.78 MBytes  65.3 Mbits/sec  5716  
[ 43]  43.00-44.00  sec  7.78 MBytes  65.3 Mbits/sec  5716  
[SUM]  43.00-44.00  sec   156 MBytes  1306 Mbits/sec  114320  
- - - - - - - - - - - - - - - - - - - - - - - - -
[  5]  44.00-45.00  sec  7.51 MBytes  63.0 Mbits/sec  5516  
[  7]  44.00-45.00  sec  7.51 MBytes  63.0 Mbits/sec  5516  
[  9]  44.00-45.00  sec  7.51 MBytes  63.0 Mbits/sec  5516  
[ 11]  44.00-45.00  sec  7.51 MBytes  63.0 Mbits/sec  5516  
[ 13]  44.00-45.00  sec  7.51 MBytes  63.0 Mbits/sec  5516  
[ 15]  44.00-45.00  sec  7.51 MBytes  63.0 Mbits/sec  5516  
[ 17]  44.00-45.00  sec  7.51 MBytes  63.0 Mbits/sec  5516  
[ 19]  44.00-45.00  sec  7.51 MBytes  63.0 Mbits/sec  5516  
[ 21]  44.00-45.00  sec  7.51 MBytes  63.0 Mbits/sec  5516  
[ 23]  44.00-45.00  sec  7.51 MBytes  63.0 Mbits/sec  5516  
[ 25]  44.00-45.00  sec  7.51 MBytes  63.0 Mbits/sec  5516  
[ 27]  44.00-45.00  sec  7.51 MBytes  63.0 Mbits/sec  5516  
[ 29]  44.00-45.00  sec  7.51 MBytes  63.0 Mbits/sec  5516  
[ 31]  44.00-45.00  sec  7.51 MBytes  63.0 Mbits/sec  5516  
[ 33]  44.00-45.00  sec  7.51 MBytes  63.0 Mbits/sec  5516  
[ 35]  44.00-45.00  sec  7.51 MBytes  63.0 Mbits/sec  5516  
[ 37]  44.00-45.00  sec  7.51 MBytes  63.0 Mbits/sec  5516  
[ 39]  44.00-45.00  sec  7.51 MBytes  63.0 Mbits/sec  5516  
[ 41]  44.00-45.00  sec  7.51 MBytes  63.0 Mbits/sec  5516  
[ 43]  44.00-45.00  sec  7.51 MBytes  63.0 Mbits/sec  5516  
[SUM]  44.00-45.00  sec   150 MBytes  1260 Mbits/sec  110320  
- - - - - - - - - - - - - - - - - - - - - - - - -
[  5]  45.00-46.00  sec  6.83 MBytes  57.3 Mbits/sec  5012  
[  7]  45.00-46.00  sec  6.83 MBytes  57.3 Mbits/sec  5012  
[  9]  45.00-46.00  sec  6.83 MBytes  57.3 Mbits/sec  5012  
[ 11]  45.00-46.00  sec  6.83 MBytes  57.3 Mbits/sec  5012  
[ 13]  45.00-46.00  sec  6.83 MBytes  57.3 Mbits/sec  5012  
[ 15]  45.00-46.00  sec  6.83 MBytes  57.3 Mbits/sec  5012  
[ 17]  45.00-46.00  sec  6.83 MBytes  57.3 Mbits/sec  5012  
[ 19]  45.00-46.00  sec  6.83 MBytes  57.3 Mbits/sec  5012  
[ 21]  45.00-46.00  sec  6.83 MBytes  57.3 Mbits/sec  5012  
[ 23]  45.00-46.00  sec  6.83 MBytes  57.3 Mbits/sec  5012  
[ 25]  45.00-46.00  sec  6.83 MBytes  57.3 Mbits/sec  5012  
[ 27]  45.00-46.00  sec  6.83 MBytes  57.3 Mbits/sec  5012  
[ 29]  45.00-46.00  sec  6.83 MBytes  57.3 Mbits/sec  5012  
[ 31]  45.00-46.00  sec  6.83 MBytes  57.3 Mbits/sec  5012  
[ 33]  45.00-46.00  sec  6.83 MBytes  57.3 Mbits/sec  5012  
[ 35]  45.00-46.00  sec  6.83 MBytes  57.3 Mbits/sec  5012  
[ 37]  45.00-46.00  sec  6.83 MBytes  57.3 Mbits/sec  5012  
[ 39]  45.00-46.00  sec  6.83 MBytes  57.3 Mbits/sec  5012  
[ 41]  45.00-46.00  sec  6.83 MBytes  57.3 Mbits/sec  5012  
[ 43]  45.00-46.00  sec  6.83 MBytes  57.3 Mbits/sec  5012  
[SUM]  45.00-46.00  sec   137 MBytes  1145 Mbits/sec  100240  
- - - - - - - - - - - - - - - - - - - - - - - - -
[  5]  46.00-47.00  sec  6.61 MBytes  55.5 Mbits/sec  4855  
[  7]  46.00-47.00  sec  6.61 MBytes  55.5 Mbits/sec  4855  
[  9]  46.00-47.00  sec  6.61 MBytes  55.5 Mbits/sec  4855  
[ 11]  46.00-47.00  sec  6.61 MBytes  55.5 Mbits/sec  4855  
[ 13]  46.00-47.00  sec  6.61 MBytes  55.5 Mbits/sec  4855  
[ 15]  46.00-47.00  sec  6.61 MBytes  55.5 Mbits/sec  4855  
[ 17]  46.00-47.00  sec  6.61 MBytes  55.5 Mbits/sec  4855  
[ 19]  46.00-47.00  sec  6.61 MBytes  55.5 Mbits/sec  4855  
[ 21]  46.00-47.00  sec  6.61 MBytes  55.5 Mbits/sec  4855  
[ 23]  46.00-47.00  sec  6.61 MBytes  55.5 Mbits/sec  4855  
[ 25]  46.00-47.00  sec  6.61 MBytes  55.5 Mbits/sec  4855  
[ 27]  46.00-47.00  sec  6.61 MBytes  55.5 Mbits/sec  4855  
[ 29]  46.00-47.00  sec  6.61 MBytes  55.5 Mbits/sec  4855  
[ 31]  46.00-47.00  sec  6.61 MBytes  55.5 Mbits/sec  4855  
[ 33]  46.00-47.00  sec  6.61 MBytes  55.5 Mbits/sec  4855  
[ 35]  46.00-47.00  sec  6.61 MBytes  55.5 Mbits/sec  4855  
[ 37]  46.00-47.00  sec  6.61 MBytes  55.5 Mbits/sec  4855  
[ 39]  46.00-47.00  sec  6.61 MBytes  55.5 Mbits/sec  4855  
[ 41]  46.00-47.00  sec  6.61 MBytes  55.5 Mbits/sec  4855  
[ 43]  46.00-47.00  sec  6.61 MBytes  55.5 Mbits/sec  4855  
[SUM]  46.00-47.00  sec   132 MBytes  1109 Mbits/sec  97100  
- - - - - - - - - - - - - - - - - - - - - - - - -
[  5]  47.00-48.00  sec  7.68 MBytes  64.5 Mbits/sec  5642  
[  7]  47.00-48.00  sec  7.68 MBytes  64.5 Mbits/sec  5642  
[  9]  47.00-48.00  sec  7.68 MBytes  64.5 Mbits/sec  5642  
[ 11]  47.00-48.00  sec  7.68 MBytes  64.5 Mbits/sec  5642  
[ 13]  47.00-48.00  sec  7.68 MBytes  64.5 Mbits/sec  5642  
[ 15]  47.00-48.00  sec  7.68 MBytes  64.5 Mbits/sec  5642  
[ 17]  47.00-48.00  sec  7.68 MBytes  64.5 Mbits/sec  5642  
[ 19]  47.00-48.00  sec  7.68 MBytes  64.5 Mbits/sec  5642  
[ 21]  47.00-48.00  sec  7.68 MBytes  64.5 Mbits/sec  5642  
[ 23]  47.00-48.00  sec  7.68 MBytes  64.5 Mbits/sec  5642  
[ 25]  47.00-48.00  sec  7.68 MBytes  64.5 Mbits/sec  5642  
[ 27]  47.00-48.00  sec  7.68 MBytes  64.5 Mbits/sec  5642  
[ 29]  47.00-48.00  sec  7.68 MBytes  64.5 Mbits/sec  5642  
[ 31]  47.00-48.00  sec  7.68 MBytes  64.5 Mbits/sec  5642  
[ 33]  47.00-48.00  sec  7.68 MBytes  64.5 Mbits/sec  5642  
[ 35]  47.00-48.00  sec  7.68 MBytes  64.5 Mbits/sec  5642  
[ 37]  47.00-48.00  sec  7.68 MBytes  64.5 Mbits/sec  5642  
[ 39]  47.00-48.00  sec  7.68 MBytes  64.5 Mbits/sec  5642  
[ 41]  47.00-48.00  sec  7.68 MBytes  64.5 Mbits/sec  5642  
[ 43]  47.00-48.00  sec  7.68 MBytes  64.5 Mbits/sec  5642  
[SUM]  47.00-48.00  sec   154 MBytes  1289 Mbits/sec  112840  
- - - - - - - - - - - - - - - - - - - - - - - - -
[  5]  48.00-49.00  sec  7.71 MBytes  64.7 Mbits/sec  5663  
[  7]  48.00-49.00  sec  7.71 MBytes  64.7 Mbits/sec  5663  
[  9]  48.00-49.00  sec  7.71 MBytes  64.7 Mbits/sec  5663  
[ 11]  48.00-49.00  sec  7.71 MBytes  64.7 Mbits/sec  5663  
[ 13]  48.00-49.00  sec  7.71 MBytes  64.7 Mbits/sec  5663  
[ 15]  48.00-49.00  sec  7.71 MBytes  64.7 Mbits/sec  5663  
[ 17]  48.00-49.00  sec  7.71 MBytes  64.7 Mbits/sec  5663  
[ 19]  48.00-49.00  sec  7.71 MBytes  64.7 Mbits/sec  5663  
[ 21]  48.00-49.00  sec  7.71 MBytes  64.7 Mbits/sec  5663  
[ 23]  48.00-49.00  sec  7.71 MBytes  64.7 Mbits/sec  5663  
[ 25]  48.00-49.00  sec  7.71 MBytes  64.7 Mbits/sec  5663  
[ 27]  48.00-49.00  sec  7.71 MBytes  64.7 Mbits/sec  5663  
[ 29]  48.00-49.00  sec  7.71 MBytes  64.7 Mbits/sec  5663  
[ 31]  48.00-49.00  sec  7.71 MBytes  64.7 Mbits/sec  5663  
[ 33]  48.00-49.00  sec  7.71 MBytes  64.7 Mbits/sec  5663  
[ 35]  48.00-49.00  sec  7.71 MBytes  64.7 Mbits/sec  5663  
[ 37]  48.00-49.00  sec  7.71 MBytes  64.7 Mbits/sec  5663  
[ 39]  48.00-49.00  sec  7.71 MBytes  64.7 Mbits/sec  5663  
[ 41]  48.00-49.00  sec  7.71 MBytes  64.7 Mbits/sec  5663  
[ 43]  48.00-49.00  sec  7.71 MBytes  64.7 Mbits/sec  5663  
[SUM]  48.00-49.00  sec   154 MBytes  1294 Mbits/sec  113260  
- - - - - - - - - - - - - - - - - - - - - - - - -
[  5]  49.00-50.00  sec  7.53 MBytes  63.1 Mbits/sec  5526  
[  7]  49.00-50.00  sec  7.53 MBytes  63.1 Mbits/sec  5526  
[  9]  49.00-50.00  sec  7.53 MBytes  63.1 Mbits/sec  5526  
[ 11]  49.00-50.00  sec  7.53 MBytes  63.1 Mbits/sec  5526  
[ 13]  49.00-50.00  sec  7.53 MBytes  63.1 Mbits/sec  5526  
[ 15]  49.00-50.00  sec  7.53 MBytes  63.1 Mbits/sec  5526  
[ 17]  49.00-50.00  sec  7.53 MBytes  63.1 Mbits/sec  5526  
[ 19]  49.00-50.00  sec  7.53 MBytes  63.1 Mbits/sec  5526  
[ 21]  49.00-50.00  sec  7.53 MBytes  63.1 Mbits/sec  5526  
[ 23]  49.00-50.00  sec  7.53 MBytes  63.1 Mbits/sec  5526  
[ 25]  49.00-50.00  sec  7.53 MBytes  63.1 Mbits/sec  5526  
[ 27]  49.00-50.00  sec  7.53 MBytes  63.1 Mbits/sec  5526  
[ 29]  49.00-50.00  sec  7.53 MBytes  63.1 Mbits/sec  5526  
[ 31]  49.00-50.00  sec  7.53 MBytes  63.1 Mbits/sec  5526  
[ 33]  49.00-50.00  sec  7.53 MBytes  63.1 Mbits/sec  5526  
[ 35]  49.00-50.00  sec  7.53 MBytes  63.1 Mbits/sec  5526  
[ 37]  49.00-50.00  sec  7.53 MBytes  63.1 Mbits/sec  5526  
[ 39]  49.00-50.00  sec  7.53 MBytes  63.1 Mbits/sec  5526  
[ 41]  49.00-50.00  sec  7.53 MBytes  63.1 Mbits/sec  5526  
[ 43]  49.00-50.00  sec  7.53 MBytes  63.1 Mbits/sec  5526  
[SUM]  49.00-50.00  sec   151 MBytes  1263 Mbits/sec  110520  
- - - - - - - - - - - - - - - - - - - - - - - - -
[  5]  50.00-51.00  sec  7.72 MBytes  64.8 Mbits/sec  5670  
[  7]  50.00-51.00  sec  7.72 MBytes  64.8 Mbits/sec  5670  
[  9]  50.00-51.00  sec  7.72 MBytes  64.8 Mbits/sec  5670  
[ 11]  50.00-51.00  sec  7.72 MBytes  64.8 Mbits/sec  5670  
[ 13]  50.00-51.00  sec  7.72 MBytes  64.8 Mbits/sec  5670  
[ 15]  50.00-51.00  sec  7.72 MBytes  64.8 Mbits/sec  5670  
[ 17]  50.00-51.00  sec  7.72 MBytes  64.8 Mbits/sec  5670  
[ 19]  50.00-51.00  sec  7.72 MBytes  64.8 Mbits/sec  5670  
[ 21]  50.00-51.00  sec  7.72 MBytes  64.8 Mbits/sec  5670  
[ 23]  50.00-51.00  sec  7.72 MBytes  64.8 Mbits/sec  5670  
[ 25]  50.00-51.00  sec  7.72 MBytes  64.8 Mbits/sec  5670  
[ 27]  50.00-51.00  sec  7.72 MBytes  64.8 Mbits/sec  5670  
[ 29]  50.00-51.00  sec  7.72 MBytes  64.8 Mbits/sec  5670  
[ 31]  50.00-51.00  sec  7.72 MBytes  64.8 Mbits/sec  5670  
[ 33]  50.00-51.00  sec  7.72 MBytes  64.8 Mbits/sec  5670  
[ 35]  50.00-51.00  sec  7.72 MBytes  64.8 Mbits/sec  5670  
[ 37]  50.00-51.00  sec  7.72 MBytes  64.8 Mbits/sec  5670  
[ 39]  50.00-51.00  sec  7.72 MBytes  64.8 Mbits/sec  5670  
[ 41]  50.00-51.00  sec  7.72 MBytes  64.8 Mbits/sec  5670  
[ 43]  50.00-51.00  sec  7.72 MBytes  64.8 Mbits/sec  5670  
[SUM]  50.00-51.00  sec   154 MBytes  1296 Mbits/sec  113400  
- - - - - - - - - - - - - - - - - - - - - - - - -
[  5]  51.00-52.00  sec  7.77 MBytes  65.1 Mbits/sec  5702  
[  7]  51.00-52.00  sec  7.77 MBytes  65.1 Mbits/sec  5702  
[  9]  51.00-52.00  sec  7.77 MBytes  65.1 Mbits/sec  5702  
[ 11]  51.00-52.00  sec  7.77 MBytes  65.1 Mbits/sec  5702  
[ 13]  51.00-52.00  sec  7.77 MBytes  65.1 Mbits/sec  5702  
[ 15]  51.00-52.00  sec  7.77 MBytes  65.1 Mbits/sec  5702  
[ 17]  51.00-52.00  sec  7.77 MBytes  65.1 Mbits/sec  5702  
[ 19]  51.00-52.00  sec  7.77 MBytes  65.1 Mbits/sec  5702  
[ 21]  51.00-52.00  sec  7.77 MBytes  65.1 Mbits/sec  5702  
[ 23]  51.00-52.00  sec  7.77 MBytes  65.1 Mbits/sec  5702  
[ 25]  51.00-52.00  sec  7.77 MBytes  65.1 Mbits/sec  5702  
[ 27]  51.00-52.00  sec  7.77 MBytes  65.1 Mbits/sec  5702  
[ 29]  51.00-52.00  sec  7.77 MBytes  65.1 Mbits/sec  5702  
[ 31]  51.00-52.00  sec  7.77 MBytes  65.1 Mbits/sec  5702  
[ 33]  51.00-52.00  sec  7.77 MBytes  65.1 Mbits/sec  5702  
[ 35]  51.00-52.00  sec  7.77 MBytes  65.1 Mbits/sec  5702  
[ 37]  51.00-52.00  sec  7.77 MBytes  65.1 Mbits/sec  5702  
[ 39]  51.00-52.00  sec  7.77 MBytes  65.1 Mbits/sec  5702  
[ 41]  51.00-52.00  sec  7.77 MBytes  65.1 Mbits/sec  5702  
[ 43]  51.00-52.00  sec  7.77 MBytes  65.1 Mbits/sec  5702  
[SUM]  51.00-52.00  sec   155 MBytes  1303 Mbits/sec  114040  
- - - - - - - - - - - - - - - - - - - - - - - - -
[  5]  52.00-53.00  sec  7.66 MBytes  64.2 Mbits/sec  5623  
[  7]  52.00-53.00  sec  7.66 MBytes  64.2 Mbits/sec  5623  
[  9]  52.00-53.00  sec  7.66 MBytes  64.2 Mbits/sec  5623  
[ 11]  52.00-53.00  sec  7.66 MBytes  64.2 Mbits/sec  5623  
[ 13]  52.00-53.00  sec  7.66 MBytes  64.2 Mbits/sec  5623  
[ 15]  52.00-53.00  sec  7.66 MBytes  64.2 Mbits/sec  5623  
[ 17]  52.00-53.00  sec  7.66 MBytes  64.2 Mbits/sec  5623  
[ 19]  52.00-53.00  sec  7.66 MBytes  64.2 Mbits/sec  5623  
[ 21]  52.00-53.00  sec  7.66 MBytes  64.2 Mbits/sec  5623  
[ 23]  52.00-53.00  sec  7.66 MBytes  64.2 Mbits/sec  5623  
[ 25]  52.00-53.00  sec  7.66 MBytes  64.2 Mbits/sec  5623  
[ 27]  52.00-53.00  sec  7.66 MBytes  64.2 Mbits/sec  5623  
[ 29]  52.00-53.00  sec  7.66 MBytes  64.2 Mbits/sec  5623  
[ 31]  52.00-53.00  sec  7.66 MBytes  64.2 Mbits/sec  5623  
[ 33]  52.00-53.00  sec  7.66 MBytes  64.2 Mbits/sec  5623  
[ 35]  52.00-53.00  sec  7.66 MBytes  64.2 Mbits/sec  5623  
[ 37]  52.00-53.00  sec  7.66 MBytes  64.2 Mbits/sec  5623  
[ 39]  52.00-53.00  sec  7.66 MBytes  64.2 Mbits/sec  5623  
[ 41]  52.00-53.00  sec  7.66 MBytes  64.2 Mbits/sec  5623  
[ 43]  52.00-53.00  sec  7.66 MBytes  64.2 Mbits/sec  5623  
[SUM]  52.00-53.00  sec   153 MBytes  1285 Mbits/sec  112460  
- - - - - - - - - - - - - - - - - - - - - - - - -
[  5]  53.00-54.00  sec  7.73 MBytes  64.8 Mbits/sec  5674  
[  7]  53.00-54.00  sec  7.73 MBytes  64.8 Mbits/sec  5674  
[  9]  53.00-54.00  sec  7.73 MBytes  64.8 Mbits/sec  5674  
[ 11]  53.00-54.00  sec  7.73 MBytes  64.8 Mbits/sec  5674  
[ 13]  53.00-54.00  sec  7.73 MBytes  64.8 Mbits/sec  5674  
[ 15]  53.00-54.00  sec  7.73 MBytes  64.8 Mbits/sec  5674  
[ 17]  53.00-54.00  sec  7.73 MBytes  64.8 Mbits/sec  5674  
[ 19]  53.00-54.00  sec  7.73 MBytes  64.8 Mbits/sec  5674  
[ 21]  53.00-54.00  sec  7.73 MBytes  64.8 Mbits/sec  5674  
[ 23]  53.00-54.00  sec  7.73 MBytes  64.8 Mbits/sec  5674  
[ 25]  53.00-54.00  sec  7.73 MBytes  64.8 Mbits/sec  5674  
[ 27]  53.00-54.00  sec  7.73 MBytes  64.8 Mbits/sec  5674  
[ 29]  53.00-54.00  sec  7.73 MBytes  64.8 Mbits/sec  5674  
[ 31]  53.00-54.00  sec  7.73 MBytes  64.8 Mbits/sec  5674  
[ 33]  53.00-54.00  sec  7.73 MBytes  64.8 Mbits/sec  5674  
[ 35]  53.00-54.00  sec  7.73 MBytes  64.8 Mbits/sec  5674  
[ 37]  53.00-54.00  sec  7.73 MBytes  64.8 Mbits/sec  5674  
[ 39]  53.00-54.00  sec  7.73 MBytes  64.8 Mbits/sec  5674  
[ 41]  53.00-54.00  sec  7.73 MBytes  64.8 Mbits/sec  5674  
[ 43]  53.00-54.00  sec  7.73 MBytes  64.8 Mbits/sec  5674  
[SUM]  53.00-54.00  sec   155 MBytes  1296 Mbits/sec  113480  
- - - - - - - - - - - - - - - - - - - - - - - - -
[  5]  54.00-55.00  sec  7.57 MBytes  63.5 Mbits/sec  5562  
[  7]  54.00-55.00  sec  7.57 MBytes  63.5 Mbits/sec  5562  
[  9]  54.00-55.00  sec  7.57 MBytes  63.5 Mbits/sec  5562  
[ 11]  54.00-55.00  sec  7.57 MBytes  63.5 Mbits/sec  5562  
[ 13]  54.00-55.00  sec  7.57 MBytes  63.5 Mbits/sec  5562  
[ 15]  54.00-55.00  sec  7.57 MBytes  63.5 Mbits/sec  5562  
[ 17]  54.00-55.00  sec  7.57 MBytes  63.5 Mbits/sec  5562  
[ 19]  54.00-55.00  sec  7.57 MBytes  63.5 Mbits/sec  5562  
[ 21]  54.00-55.00  sec  7.57 MBytes  63.5 Mbits/sec  5562  
[ 23]  54.00-55.00  sec  7.57 MBytes  63.5 Mbits/sec  5562  
[ 25]  54.00-55.00  sec  7.57 MBytes  63.5 Mbits/sec  5562  
[ 27]  54.00-55.00  sec  7.57 MBytes  63.5 Mbits/sec  5562  
[ 29]  54.00-55.00  sec  7.57 MBytes  63.5 Mbits/sec  5562  
[ 31]  54.00-55.00  sec  7.57 MBytes  63.5 Mbits/sec  5562  
[ 33]  54.00-55.00  sec  7.57 MBytes  63.5 Mbits/sec  5562  
[ 35]  54.00-55.00  sec  7.57 MBytes  63.5 Mbits/sec  5562  
[ 37]  54.00-55.00  sec  7.57 MBytes  63.5 Mbits/sec  5562  
[ 39]  54.00-55.00  sec  7.57 MBytes  63.5 Mbits/sec  5562  
[ 41]  54.00-55.00  sec  7.57 MBytes  63.5 Mbits/sec  5562  
[ 43]  54.00-55.00  sec  7.57 MBytes  63.5 Mbits/sec  5562  
[SUM]  54.00-55.00  sec   151 MBytes  1271 Mbits/sec  111240  
- - - - - - - - - - - - - - - - - - - - - - - - -
[  5]  55.00-56.00  sec  7.07 MBytes  59.3 Mbits/sec  5193  
[  7]  55.00-56.00  sec  7.07 MBytes  59.3 Mbits/sec  5193  
[  9]  55.00-56.00  sec  7.07 MBytes  59.3 Mbits/sec  5193  
[ 11]  55.00-56.00  sec  7.07 MBytes  59.3 Mbits/sec  5193  
[ 13]  55.00-56.00  sec  7.07 MBytes  59.3 Mbits/sec  5193  
[ 15]  55.00-56.00  sec  7.07 MBytes  59.3 Mbits/sec  5193  
[ 17]  55.00-56.00  sec  7.07 MBytes  59.3 Mbits/sec  5193  
[ 19]  55.00-56.00  sec  7.07 MBytes  59.3 Mbits/sec  5193  
[ 21]  55.00-56.00  sec  7.07 MBytes  59.3 Mbits/sec  5193  
[ 23]  55.00-56.00  sec  7.07 MBytes  59.3 Mbits/sec  5193  
[ 25]  55.00-56.00  sec  7.07 MBytes  59.3 Mbits/sec  5193  
[ 27]  55.00-56.00  sec  7.07 MBytes  59.3 Mbits/sec  5193  
[ 29]  55.00-56.00  sec  7.07 MBytes  59.3 Mbits/sec  5193  
[ 31]  55.00-56.00  sec  7.07 MBytes  59.3 Mbits/sec  5193  
[ 33]  55.00-56.00  sec  7.07 MBytes  59.3 Mbits/sec  5193  
[ 35]  55.00-56.00  sec  7.07 MBytes  59.3 Mbits/sec  5193  
[ 37]  55.00-56.00  sec  7.07 MBytes  59.3 Mbits/sec  5193  
[ 39]  55.00-56.00  sec  7.07 MBytes  59.3 Mbits/sec  5193  
[ 41]  55.00-56.00  sec  7.07 MBytes  59.3 Mbits/sec  5193  
[ 43]  55.00-56.00  sec  7.07 MBytes  59.3 Mbits/sec  5193  
[SUM]  55.00-56.00  sec   141 MBytes  1187 Mbits/sec  103860  
- - - - - - - - - - - - - - - - - - - - - - - - -
[  5]  56.00-57.00  sec  7.02 MBytes  58.9 Mbits/sec  5152  
[  7]  56.00-57.00  sec  7.02 MBytes  58.9 Mbits/sec  5152  
[  9]  56.00-57.00  sec  7.02 MBytes  58.9 Mbits/sec  5152  
[ 11]  56.00-57.00  sec  7.02 MBytes  58.9 Mbits/sec  5152  
[ 13]  56.00-57.00  sec  7.02 MBytes  58.9 Mbits/sec  5152  
[ 15]  56.00-57.00  sec  7.02 MBytes  58.9 Mbits/sec  5152  
[ 17]  56.00-57.00  sec  7.02 MBytes  58.9 Mbits/sec  5152  
[ 19]  56.00-57.00  sec  7.02 MBytes  58.9 Mbits/sec  5152  
[ 21]  56.00-57.00  sec  7.02 MBytes  58.9 Mbits/sec  5152  
[ 23]  56.00-57.00  sec  7.02 MBytes  58.9 Mbits/sec  5152  
[ 25]  56.00-57.00  sec  7.02 MBytes  58.9 Mbits/sec  5152  
[ 27]  56.00-57.00  sec  7.02 MBytes  58.9 Mbits/sec  5152  
[ 29]  56.00-57.00  sec  7.02 MBytes  58.9 Mbits/sec  5152  
[ 31]  56.00-57.00  sec  7.02 MBytes  58.9 Mbits/sec  5152  
[ 33]  56.00-57.00  sec  7.02 MBytes  58.9 Mbits/sec  5152  
[ 35]  56.00-57.00  sec  7.02 MBytes  58.9 Mbits/sec  5152  
[ 37]  56.00-57.00  sec  7.02 MBytes  58.9 Mbits/sec  5152  
[ 39]  56.00-57.00  sec  7.02 MBytes  58.9 Mbits/sec  5152  
[ 41]  56.00-57.00  sec  7.02 MBytes  58.9 Mbits/sec  5152  
[ 43]  56.00-57.00  sec  7.02 MBytes  58.9 Mbits/sec  5152  
[SUM]  56.00-57.00  sec   140 MBytes  1177 Mbits/sec  103040  
- - - - - - - - - - - - - - - - - - - - - - - - -
[  5]  57.00-58.00  sec  7.67 MBytes  64.3 Mbits/sec  5630  
[  7]  57.00-58.00  sec  7.67 MBytes  64.3 Mbits/sec  5630  
[  9]  57.00-58.00  sec  7.67 MBytes  64.3 Mbits/sec  5630  
[ 11]  57.00-58.00  sec  7.67 MBytes  64.3 Mbits/sec  5630  
[ 13]  57.00-58.00  sec  7.67 MBytes  64.3 Mbits/sec  5630  
[ 15]  57.00-58.00  sec  7.67 MBytes  64.3 Mbits/sec  5630  
[ 17]  57.00-58.00  sec  7.67 MBytes  64.3 Mbits/sec  5630  
[ 19]  57.00-58.00  sec  7.67 MBytes  64.3 Mbits/sec  5630  
[ 21]  57.00-58.00  sec  7.67 MBytes  64.3 Mbits/sec  5630  
[ 23]  57.00-58.00  sec  7.67 MBytes  64.3 Mbits/sec  5630  
[ 25]  57.00-58.00  sec  7.67 MBytes  64.3 Mbits/sec  5630  
[ 27]  57.00-58.00  sec  7.67 MBytes  64.3 Mbits/sec  5630  
[ 29]  57.00-58.00  sec  7.67 MBytes  64.3 Mbits/sec  5630  
[ 31]  57.00-58.00  sec  7.67 MBytes  64.3 Mbits/sec  5630  
[ 33]  57.00-58.00  sec  7.67 MBytes  64.3 Mbits/sec  5630  
[ 35]  57.00-58.00  sec  7.67 MBytes  64.3 Mbits/sec  5630  
[ 37]  57.00-58.00  sec  7.67 MBytes  64.3 Mbits/sec  5630  
[ 39]  57.00-58.00  sec  7.67 MBytes  64.3 Mbits/sec  5630  
[ 41]  57.00-58.00  sec  7.67 MBytes  64.3 Mbits/sec  5630  
[ 43]  57.00-58.00  sec  7.67 MBytes  64.3 Mbits/sec  5630  
[SUM]  57.00-58.00  sec   153 MBytes  1286 Mbits/sec  112600  
- - - - - - - - - - - - - - - - - - - - - - - - -
[  5]  58.00-59.00  sec  7.68 MBytes  64.4 Mbits/sec  5638  
[  7]  58.00-59.00  sec  7.68 MBytes  64.4 Mbits/sec  5638  
[  9]  58.00-59.00  sec  7.68 MBytes  64.4 Mbits/sec  5638  
[ 11]  58.00-59.00  sec  7.68 MBytes  64.4 Mbits/sec  5638  
[ 13]  58.00-59.00  sec  7.68 MBytes  64.4 Mbits/sec  5638  
[ 15]  58.00-59.00  sec  7.68 MBytes  64.4 Mbits/sec  5638  
[ 17]  58.00-59.00  sec  7.68 MBytes  64.4 Mbits/sec  5638  
[ 19]  58.00-59.00  sec  7.68 MBytes  64.4 Mbits/sec  5638  
[ 21]  58.00-59.00  sec  7.68 MBytes  64.4 Mbits/sec  5638  
[ 23]  58.00-59.00  sec  7.68 MBytes  64.4 Mbits/sec  5638  
[ 25]  58.00-59.00  sec  7.68 MBytes  64.4 Mbits/sec  5638  
[ 27]  58.00-59.00  sec  7.68 MBytes  64.4 Mbits/sec  5638  
[ 29]  58.00-59.00  sec  7.68 MBytes  64.4 Mbits/sec  5638  
[ 31]  58.00-59.00  sec  7.68 MBytes  64.4 Mbits/sec  5638  
[ 33]  58.00-59.00  sec  7.68 MBytes  64.4 Mbits/sec  5638  
[ 35]  58.00-59.00  sec  7.68 MBytes  64.4 Mbits/sec  5638  
[ 37]  58.00-59.00  sec  7.68 MBytes  64.4 Mbits/sec  5638  
[ 39]  58.00-59.00  sec  7.68 MBytes  64.4 Mbits/sec  5638  
[ 41]  58.00-59.00  sec  7.68 MBytes  64.4 Mbits/sec  5638  
[ 43]  58.00-59.00  sec  7.68 MBytes  64.4 Mbits/sec  5638  
[SUM]  58.00-59.00  sec   154 MBytes  1288 Mbits/sec  112760  
- - - - - - - - - - - - - - - - - - - - - - - - -
[  5]  59.00-60.00  sec  7.36 MBytes  61.8 Mbits/sec  5406  
[  7]  59.00-60.00  sec  7.36 MBytes  61.8 Mbits/sec  5406  
[  9]  59.00-60.00  sec  7.36 MBytes  61.8 Mbits/sec  5406  
[ 11]  59.00-60.00  sec  7.36 MBytes  61.8 Mbits/sec  5406  
[ 13]  59.00-60.00  sec  7.36 MBytes  61.8 Mbits/sec  5406  
[ 15]  59.00-60.00  sec  7.36 MBytes  61.8 Mbits/sec  5406  
[ 17]  59.00-60.00  sec  7.36 MBytes  61.8 Mbits/sec  5406  
[ 19]  59.00-60.00  sec  7.36 MBytes  61.8 Mbits/sec  5406  
[ 21]  59.00-60.00  sec  7.36 MBytes  61.8 Mbits/sec  5406  
[ 23]  59.00-60.00  sec  7.36 MBytes  61.8 Mbits/sec  5406  
[ 25]  59.00-60.00  sec  7.36 MBytes  61.8 Mbits/sec  5406  
[ 27]  59.00-60.00  sec  7.36 MBytes  61.7 Mbits/sec  5406  
[ 29]  59.00-60.00  sec  7.36 MBytes  61.7 Mbits/sec  5406  
[ 31]  59.00-60.00  sec  7.36 MBytes  61.7 Mbits/sec  5406  
[ 33]  59.00-60.00  sec  7.36 MBytes  61.8 Mbits/sec  5406  
[ 35]  59.00-60.00  sec  7.36 MBytes  61.8 Mbits/sec  5406  
[ 37]  59.00-60.00  sec  7.36 MBytes  61.8 Mbits/sec  5406  
[ 39]  59.00-60.00  sec  7.36 MBytes  61.8 Mbits/sec  5406  
[ 41]  59.00-60.00  sec  7.36 MBytes  61.8 Mbits/sec  5406  
[ 43]  59.00-60.00  sec  7.36 MBytes  61.8 Mbits/sec  5406  
[SUM]  59.00-60.00  sec   147 MBytes  1235 Mbits/sec  108120  
- - - - - - - - - - - - - - - - - - - - - - - - -
[ ID] Interval           Transfer     Bitrate         Jitter    Lost/Total Datagrams
[  5]   0.00-60.00  sec   449 MBytes  62.7 Mbits/sec  0.000 ms  0/329438 (0%)  sender
[  5]   0.00-60.01  sec   447 MBytes  62.5 Mbits/sec  0.132 ms  1075/329437 (0.33%)  receiver
[  7]   0.00-60.00  sec   449 MBytes  62.7 Mbits/sec  0.000 ms  0/329438 (0%)  sender
[  7]   0.00-60.01  sec   447 MBytes  62.5 Mbits/sec  0.132 ms  1073/329437 (0.33%)  receiver
[  9]   0.00-60.00  sec   449 MBytes  62.7 Mbits/sec  0.000 ms  0/329438 (0%)  sender
[  9]   0.00-60.01  sec   442 MBytes  61.8 Mbits/sec  0.154 ms  4774/329438 (1.4%)  receiver
[ 11]   0.00-60.00  sec   449 MBytes  62.7 Mbits/sec  0.000 ms  0/329438 (0%)  sender
[ 11]   0.00-60.01  sec   447 MBytes  62.5 Mbits/sec  0.132 ms  1109/329437 (0.34%)  receiver
[ 13]   0.00-60.00  sec   449 MBytes  62.7 Mbits/sec  0.000 ms  0/329438 (0%)  sender
[ 13]   0.00-60.01  sec   447 MBytes  62.5 Mbits/sec  0.135 ms  1101/329437 (0.33%)  receiver
[ 15]   0.00-60.00  sec   449 MBytes  62.7 Mbits/sec  0.000 ms  0/329438 (0%)  sender
[ 15]   0.00-60.01  sec   447 MBytes  62.5 Mbits/sec  0.132 ms  1085/329437 (0.33%)  receiver
[ 17]   0.00-60.00  sec   449 MBytes  62.7 Mbits/sec  0.000 ms  0/329438 (0%)  sender
[ 17]   0.00-60.01  sec   447 MBytes  62.5 Mbits/sec  0.134 ms  1072/329437 (0.33%)  receiver
[ 19]   0.00-60.00  sec   449 MBytes  62.7 Mbits/sec  0.000 ms  0/329438 (0%)  sender
[ 19]   0.00-60.01  sec   442 MBytes  61.8 Mbits/sec  0.154 ms  4851/329438 (1.5%)  receiver
[ 21]   0.00-60.00  sec   449 MBytes  62.7 Mbits/sec  0.000 ms  0/329438 (0%)  sender
[ 21]   0.00-60.01  sec   447 MBytes  62.5 Mbits/sec  0.132 ms  1089/329436 (0.33%)  receiver
[ 23]   0.00-60.00  sec   449 MBytes  62.7 Mbits/sec  0.000 ms  0/329438 (0%)  sender
[ 23]   0.00-60.01  sec   442 MBytes  61.8 Mbits/sec  0.154 ms  4726/329438 (1.4%)  receiver
[ 25]   0.00-60.00  sec   449 MBytes  62.7 Mbits/sec  0.000 ms  0/329438 (0%)  sender
[ 25]   0.00-60.01  sec   447 MBytes  62.5 Mbits/sec  0.131 ms  1086/329436 (0.33%)  receiver
[ 27]   0.00-60.00  sec   449 MBytes  62.7 Mbits/sec  0.000 ms  0/329438 (0%)  sender
[ 27]   0.00-60.01  sec   447 MBytes  62.5 Mbits/sec  0.131 ms  1080/329436 (0.33%)  receiver
[ 29]   0.00-60.00  sec   449 MBytes  62.7 Mbits/sec  0.000 ms  0/329438 (0%)  sender
[ 29]   0.00-60.01  sec   447 MBytes  62.5 Mbits/sec  0.132 ms  1092/329436 (0.33%)  receiver
[ 31]   0.00-60.00  sec   449 MBytes  62.7 Mbits/sec  0.000 ms  0/329438 (0%)  sender
[ 31]   0.00-60.01  sec   447 MBytes  62.5 Mbits/sec  0.131 ms  1105/329436 (0.34%)  receiver
[ 33]   0.00-60.00  sec   449 MBytes  62.7 Mbits/sec  0.000 ms  0/329438 (0%)  sender
[ 33]   0.00-60.01  sec   447 MBytes  62.5 Mbits/sec  0.133 ms  1097/329436 (0.33%)  receiver
[ 35]   0.00-60.00  sec   449 MBytes  62.7 Mbits/sec  0.000 ms  0/329438 (0%)  sender
[ 35]   0.00-60.01  sec   442 MBytes  61.8 Mbits/sec  0.154 ms  4788/329438 (1.5%)  receiver
[ 37]   0.00-60.00  sec   449 MBytes  62.7 Mbits/sec  0.000 ms  0/329438 (0%)  sender
[ 37]   0.00-60.01  sec   442 MBytes  61.8 Mbits/sec  0.155 ms  4884/329438 (1.5%)  receiver
[ 39]   0.00-60.00  sec   449 MBytes  62.7 Mbits/sec  0.000 ms  0/329438 (0%)  sender
[ 39]   0.00-60.01  sec   447 MBytes  62.5 Mbits/sec  0.134 ms  1091/329436 (0.33%)  receiver
[ 41]   0.00-60.00  sec   449 MBytes  62.7 Mbits/sec  0.000 ms  0/329438 (0%)  sender
[ 41]   0.00-60.01  sec   447 MBytes  62.5 Mbits/sec  0.134 ms  1094/329436 (0.33%)  receiver
[ 43]   0.00-60.00  sec   449 MBytes  62.7 Mbits/sec  0.000 ms  0/329438 (0%)  sender
[ 43]   0.00-60.01  sec   442 MBytes  61.8 Mbits/sec  0.154 ms  4759/329438 (1.4%)  receiver
[SUM]   0.00-60.00  sec  8.76 GBytes  1254 Mbits/sec  0.000 ms  0/6588760 (0%)  sender
[SUM]   0.00-60.01  sec  8.70 GBytes  1246 Mbits/sec  0.139 ms  44031/6588738 (0.67%)  receiver

iperf Done.
