Connecting to host 10.10.0.5, port 30000
[  5] local 10.244.1.2 port 45976 connected to 10.10.0.5 port 30000
[ ID] Interval           Transfer     Bitrate         Total Datagrams
[  5]   0.00-1.00   sec   141 MBytes  1181 Mbits/sec  101933  
[  5]   1.00-2.00   sec   150 MBytes  1254 Mbits/sec  108284  
[  5]   2.00-3.00   sec   150 MBytes  1261 Mbits/sec  108850  
[  5]   3.00-4.00   sec   150 MBytes  1261 Mbits/sec  108899  
[  5]   4.00-5.00   sec   149 MBytes  1249 Mbits/sec  107853  
[  5]   5.00-6.00   sec   150 MBytes  1256 Mbits/sec  108461  
[  5]   6.00-7.00   sec   147 MBytes  1232 Mbits/sec  106315  
[  5]   7.00-8.00   sec   148 MBytes  1242 Mbits/sec  107186  
[  5]   8.00-9.00   sec   149 MBytes  1250 Mbits/sec  107882  
[  5]   9.00-10.00  sec   148 MBytes  1244 Mbits/sec  107367  
[  5]  10.00-11.00  sec   149 MBytes  1246 Mbits/sec  107590  
[  5]  11.00-12.00  sec   125 MBytes  1048 Mbits/sec  90506  
[  5]  12.00-13.00  sec   120 MBytes  1004 Mbits/sec  86694  
[  5]  13.00-14.00  sec   116 MBytes   973 Mbits/sec  84035  
[  5]  14.00-15.00  sec   116 MBytes   976 Mbits/sec  84228  
[  5]  15.00-16.00  sec   117 MBytes   984 Mbits/sec  84958  
[  5]  16.00-17.00  sec   118 MBytes   993 Mbits/sec  85701  
[  5]  17.00-18.00  sec   116 MBytes   977 Mbits/sec  84344  
[  5]  18.00-19.00  sec   117 MBytes   982 Mbits/sec  84811  
[  5]  19.00-20.00  sec   116 MBytes   975 Mbits/sec  84202  
[  5]  20.00-21.00  sec   112 MBytes   943 Mbits/sec  81376  
[  5]  21.00-22.00  sec   116 MBytes   971 Mbits/sec  83854  
[  5]  22.00-23.00  sec   116 MBytes   976 Mbits/sec  84230  
[  5]  23.00-24.00  sec   117 MBytes   979 Mbits/sec  84533  
[  5]  24.00-25.00  sec   118 MBytes   990 Mbits/sec  85448  
[  5]  25.00-26.00  sec   117 MBytes   982 Mbits/sec  84736  
[  5]  26.00-27.00  sec   111 MBytes   932 Mbits/sec  80450  
[  5]  27.00-28.00  sec   114 MBytes   953 Mbits/sec  82249  
[  5]  28.00-29.00  sec   115 MBytes   962 Mbits/sec  83066  
[  5]  29.00-30.00  sec   119 MBytes  1000 Mbits/sec  86329  
[  5]  30.00-31.00  sec   116 MBytes   975 Mbits/sec  84148  
[  5]  31.00-32.00  sec   114 MBytes   953 Mbits/sec  82294  
[  5]  32.00-33.00  sec   115 MBytes   961 Mbits/sec  82984  
[  5]  33.00-34.00  sec   115 MBytes   963 Mbits/sec  83142  
[  5]  34.00-35.00  sec   117 MBytes   977 Mbits/sec  84375  
[  5]  35.00-36.00  sec   117 MBytes   982 Mbits/sec  84797  
[  5]  36.00-37.00  sec   115 MBytes   967 Mbits/sec  83467  
[  5]  37.00-38.00  sec   114 MBytes   953 Mbits/sec  82268  
[  5]  38.00-39.00  sec   116 MBytes   969 Mbits/sec  83642  
[  5]  39.00-40.00  sec   119 MBytes   996 Mbits/sec  85945  
[  5]  40.00-41.00  sec   116 MBytes   973 Mbits/sec  84026  
[  5]  41.00-42.00  sec   116 MBytes   969 Mbits/sec  83692  
[  5]  42.00-43.00  sec   113 MBytes   950 Mbits/sec  82023  
[  5]  43.00-44.00  sec   114 MBytes   953 Mbits/sec  82277  
[  5]  44.00-45.00  sec   118 MBytes   987 Mbits/sec  85204  
[  5]  45.00-46.00  sec   115 MBytes   962 Mbits/sec  83078  
[  5]  46.00-47.00  sec   118 MBytes   988 Mbits/sec  85305  
[  5]  47.00-48.00  sec   112 MBytes   938 Mbits/sec  80985  
[  5]  48.00-49.00  sec   114 MBytes   952 Mbits/sec  82212  
[  5]  49.00-50.00  sec   116 MBytes   972 Mbits/sec  83899  
[  5]  50.00-51.00  sec   115 MBytes   961 Mbits/sec  82989  
[  5]  51.00-52.00  sec   112 MBytes   942 Mbits/sec  81357  
[  5]  52.00-53.00  sec   117 MBytes   978 Mbits/sec  84470  
[  5]  53.00-54.00  sec   114 MBytes   953 Mbits/sec  82286  
[  5]  54.00-55.00  sec   113 MBytes   946 Mbits/sec  81674  
[  5]  55.00-56.00  sec   118 MBytes   989 Mbits/sec  85354  
[  5]  56.00-57.00  sec   118 MBytes   994 Mbits/sec  85772  
[  5]  57.00-58.00  sec   113 MBytes   948 Mbits/sec  81864  
[  5]  58.00-59.00  sec   116 MBytes   973 Mbits/sec  83976  
[  5]  59.00-60.00  sec   116 MBytes   977 Mbits/sec  84317  
- - - - - - - - - - - - - - - - - - - - - - - - -
[ ID] Interval           Transfer     Bitrate         Jitter    Lost/Total Datagrams
[  5]   0.00-60.00  sec  7.13 GBytes  1021 Mbits/sec  0.000 ms  0/5290192 (0%)  sender
[  5]   0.00-60.00  sec  7.13 GBytes  1021 Mbits/sec  0.018 ms  1838/5290192 (0.035%)  receiver

iperf Done.
