Connecting to host 10.10.0.5, port 30000
[  5] local 10.244.1.2 port 34921 connected to 10.10.0.5 port 30000
[  7] local 10.244.1.2 port 54453 connected to 10.10.0.5 port 30000
[  9] local 10.244.1.2 port 57149 connected to 10.10.0.5 port 30000
[ 11] local 10.244.1.2 port 47311 connected to 10.10.0.5 port 30000
[ 13] local 10.244.1.2 port 53806 connected to 10.10.0.5 port 30000
[ 15] local 10.244.1.2 port 36922 connected to 10.10.0.5 port 30000
[ 17] local 10.244.1.2 port 48630 connected to 10.10.0.5 port 30000
[ 19] local 10.244.1.2 port 40683 connected to 10.10.0.5 port 30000
[ 21] local 10.244.1.2 port 37440 connected to 10.10.0.5 port 30000
[ 23] local 10.244.1.2 port 58625 connected to 10.10.0.5 port 30000
[ 25] local 10.244.1.2 port 58652 connected to 10.10.0.5 port 30000
[ 27] local 10.244.1.2 port 57765 connected to 10.10.0.5 port 30000
[ 29] local 10.244.1.2 port 37309 connected to 10.10.0.5 port 30000
[ 31] local 10.244.1.2 port 56569 connected to 10.10.0.5 port 30000
[ 33] local 10.244.1.2 port 41942 connected to 10.10.0.5 port 30000
[ 35] local 10.244.1.2 port 54533 connected to 10.10.0.5 port 30000
[ 37] local 10.244.1.2 port 60781 connected to 10.10.0.5 port 30000
[ 39] local 10.244.1.2 port 56927 connected to 10.10.0.5 port 30000
[ 41] local 10.244.1.2 port 59717 connected to 10.10.0.5 port 30000
[ 43] local 10.244.1.2 port 57804 connected to 10.10.0.5 port 30000
[ ID] Interval           Transfer     Bitrate         Total Datagrams
[  5]   0.00-1.00   sec  8.50 MBytes  71.3 Mbits/sec  6157  
[  7]   0.00-1.00   sec  8.50 MBytes  71.3 Mbits/sec  6157  
[  9]   0.00-1.00   sec  8.50 MBytes  71.3 Mbits/sec  6157  
[ 11]   0.00-1.00   sec  8.50 MBytes  71.3 Mbits/sec  6157  
[ 13]   0.00-1.00   sec  8.50 MBytes  71.3 Mbits/sec  6157  
[ 15]   0.00-1.00   sec  8.50 MBytes  71.3 Mbits/sec  6156  
[ 17]   0.00-1.00   sec  8.50 MBytes  71.3 Mbits/sec  6155  
[ 19]   0.00-1.00   sec  8.50 MBytes  71.3 Mbits/sec  6155  
[ 21]   0.00-1.00   sec  8.50 MBytes  71.3 Mbits/sec  6155  
[ 23]   0.00-1.00   sec  8.50 MBytes  71.3 Mbits/sec  6155  
[ 25]   0.00-1.00   sec  8.50 MBytes  71.3 Mbits/sec  6155  
[ 27]   0.00-1.00   sec  8.50 MBytes  71.3 Mbits/sec  6155  
[ 29]   0.00-1.00   sec  8.50 MBytes  71.3 Mbits/sec  6155  
[ 31]   0.00-1.00   sec  8.50 MBytes  71.3 Mbits/sec  6155  
[ 33]   0.00-1.00   sec  8.50 MBytes  71.3 Mbits/sec  6155  
[ 35]   0.00-1.00   sec  8.50 MBytes  71.3 Mbits/sec  6155  
[ 37]   0.00-1.00   sec  8.50 MBytes  71.3 Mbits/sec  6155  
[ 39]   0.00-1.00   sec  8.50 MBytes  71.3 Mbits/sec  6155  
[ 41]   0.00-1.00   sec  8.50 MBytes  71.3 Mbits/sec  6155  
[ 43]   0.00-1.00   sec  8.50 MBytes  71.3 Mbits/sec  6155  
[SUM]   0.00-1.00   sec   170 MBytes  1426 Mbits/sec  123111  
- - - - - - - - - - - - - - - - - - - - - - - - -
[  5]   1.00-2.00   sec  9.34 MBytes  78.4 Mbits/sec  6765  
[  7]   1.00-2.00   sec  9.34 MBytes  78.4 Mbits/sec  6765  
[  9]   1.00-2.00   sec  9.34 MBytes  78.4 Mbits/sec  6765  
[ 11]   1.00-2.00   sec  9.34 MBytes  78.4 Mbits/sec  6765  
[ 13]   1.00-2.00   sec  9.34 MBytes  78.4 Mbits/sec  6765  
[ 15]   1.00-2.00   sec  9.34 MBytes  78.4 Mbits/sec  6765  
[ 17]   1.00-2.00   sec  9.34 MBytes  78.4 Mbits/sec  6765  
[ 19]   1.00-2.00   sec  9.34 MBytes  78.4 Mbits/sec  6765  
[ 21]   1.00-2.00   sec  9.34 MBytes  78.4 Mbits/sec  6765  
[ 23]   1.00-2.00   sec  9.34 MBytes  78.4 Mbits/sec  6765  
[ 25]   1.00-2.00   sec  9.34 MBytes  78.4 Mbits/sec  6765  
[ 27]   1.00-2.00   sec  9.34 MBytes  78.4 Mbits/sec  6765  
[ 29]   1.00-2.00   sec  9.34 MBytes  78.4 Mbits/sec  6765  
[ 31]   1.00-2.00   sec  9.34 MBytes  78.4 Mbits/sec  6765  
[ 33]   1.00-2.00   sec  9.34 MBytes  78.4 Mbits/sec  6765  
[ 35]   1.00-2.00   sec  9.34 MBytes  78.4 Mbits/sec  6765  
[ 37]   1.00-2.00   sec  9.34 MBytes  78.4 Mbits/sec  6765  
[ 39]   1.00-2.00   sec  9.34 MBytes  78.4 Mbits/sec  6765  
[ 41]   1.00-2.00   sec  9.34 MBytes  78.4 Mbits/sec  6765  
[ 43]   1.00-2.00   sec  9.34 MBytes  78.4 Mbits/sec  6765  
[SUM]   1.00-2.00   sec   187 MBytes  1567 Mbits/sec  135300  
- - - - - - - - - - - - - - - - - - - - - - - - -
[  5]   2.00-3.00   sec  9.38 MBytes  78.7 Mbits/sec  6796  
[  7]   2.00-3.00   sec  9.38 MBytes  78.7 Mbits/sec  6796  
[  9]   2.00-3.00   sec  9.38 MBytes  78.7 Mbits/sec  6796  
[ 11]   2.00-3.00   sec  9.38 MBytes  78.7 Mbits/sec  6796  
[ 13]   2.00-3.00   sec  9.38 MBytes  78.7 Mbits/sec  6796  
[ 15]   2.00-3.00   sec  9.38 MBytes  78.7 Mbits/sec  6796  
[ 17]   2.00-3.00   sec  9.38 MBytes  78.7 Mbits/sec  6796  
[ 19]   2.00-3.00   sec  9.38 MBytes  78.7 Mbits/sec  6796  
[ 21]   2.00-3.00   sec  9.38 MBytes  78.7 Mbits/sec  6796  
[ 23]   2.00-3.00   sec  9.38 MBytes  78.7 Mbits/sec  6796  
[ 25]   2.00-3.00   sec  9.38 MBytes  78.7 Mbits/sec  6796  
[ 27]   2.00-3.00   sec  9.38 MBytes  78.7 Mbits/sec  6796  
[ 29]   2.00-3.00   sec  9.38 MBytes  78.7 Mbits/sec  6796  
[ 31]   2.00-3.00   sec  9.38 MBytes  78.7 Mbits/sec  6796  
[ 33]   2.00-3.00   sec  9.38 MBytes  78.7 Mbits/sec  6796  
[ 35]   2.00-3.00   sec  9.38 MBytes  78.7 Mbits/sec  6796  
[ 37]   2.00-3.00   sec  9.38 MBytes  78.7 Mbits/sec  6796  
[ 39]   2.00-3.00   sec  9.38 MBytes  78.7 Mbits/sec  6796  
[ 41]   2.00-3.00   sec  9.38 MBytes  78.7 Mbits/sec  6796  
[ 43]   2.00-3.00   sec  9.38 MBytes  78.7 Mbits/sec  6796  
[SUM]   2.00-3.00   sec   188 MBytes  1574 Mbits/sec  135920  
- - - - - - - - - - - - - - - - - - - - - - - - -
[  5]   3.00-4.00   sec  9.28 MBytes  77.8 Mbits/sec  6718  
[  7]   3.00-4.00   sec  9.28 MBytes  77.8 Mbits/sec  6718  
[  9]   3.00-4.00   sec  9.28 MBytes  77.8 Mbits/sec  6718  
[ 11]   3.00-4.00   sec  9.28 MBytes  77.8 Mbits/sec  6718  
[ 13]   3.00-4.00   sec  9.28 MBytes  77.8 Mbits/sec  6718  
[ 15]   3.00-4.00   sec  9.28 MBytes  77.8 Mbits/sec  6718  
[ 17]   3.00-4.00   sec  9.28 MBytes  77.8 Mbits/sec  6718  
[ 19]   3.00-4.00   sec  9.28 MBytes  77.8 Mbits/sec  6718  
[ 21]   3.00-4.00   sec  9.28 MBytes  77.8 Mbits/sec  6718  
[ 23]   3.00-4.00   sec  9.28 MBytes  77.8 Mbits/sec  6718  
[ 25]   3.00-4.00   sec  9.28 MBytes  77.8 Mbits/sec  6718  
[ 27]   3.00-4.00   sec  9.28 MBytes  77.8 Mbits/sec  6718  
[ 29]   3.00-4.00   sec  9.28 MBytes  77.8 Mbits/sec  6718  
[ 31]   3.00-4.00   sec  9.28 MBytes  77.8 Mbits/sec  6718  
[ 33]   3.00-4.00   sec  9.28 MBytes  77.8 Mbits/sec  6718  
[ 35]   3.00-4.00   sec  9.28 MBytes  77.8 Mbits/sec  6718  
[ 37]   3.00-4.00   sec  9.28 MBytes  77.8 Mbits/sec  6718  
[ 39]   3.00-4.00   sec  9.28 MBytes  77.8 Mbits/sec  6718  
[ 41]   3.00-4.00   sec  9.28 MBytes  77.8 Mbits/sec  6718  
[ 43]   3.00-4.00   sec  9.28 MBytes  77.8 Mbits/sec  6718  
[SUM]   3.00-4.00   sec   186 MBytes  1556 Mbits/sec  134360  
- - - - - - - - - - - - - - - - - - - - - - - - -
[  5]   4.00-5.00   sec  9.60 MBytes  80.5 Mbits/sec  6953  
[  7]   4.00-5.00   sec  9.60 MBytes  80.5 Mbits/sec  6953  
[  9]   4.00-5.00   sec  9.60 MBytes  80.5 Mbits/sec  6953  
[ 11]   4.00-5.00   sec  9.60 MBytes  80.5 Mbits/sec  6953  
[ 13]   4.00-5.00   sec  9.60 MBytes  80.5 Mbits/sec  6953  
[ 15]   4.00-5.00   sec  9.60 MBytes  80.5 Mbits/sec  6953  
[ 17]   4.00-5.00   sec  9.60 MBytes  80.5 Mbits/sec  6953  
[ 19]   4.00-5.00   sec  9.60 MBytes  80.5 Mbits/sec  6953  
[ 21]   4.00-5.00   sec  9.60 MBytes  80.5 Mbits/sec  6953  
[ 23]   4.00-5.00   sec  9.60 MBytes  80.5 Mbits/sec  6953  
[ 25]   4.00-5.00   sec  9.60 MBytes  80.5 Mbits/sec  6953  
[ 27]   4.00-5.00   sec  9.60 MBytes  80.5 Mbits/sec  6953  
[ 29]   4.00-5.00   sec  9.60 MBytes  80.5 Mbits/sec  6953  
[ 31]   4.00-5.00   sec  9.60 MBytes  80.5 Mbits/sec  6953  
[ 33]   4.00-5.00   sec  9.60 MBytes  80.5 Mbits/sec  6953  
[ 35]   4.00-5.00   sec  9.60 MBytes  80.5 Mbits/sec  6953  
[ 37]   4.00-5.00   sec  9.60 MBytes  80.5 Mbits/sec  6953  
[ 39]   4.00-5.00   sec  9.60 MBytes  80.5 Mbits/sec  6953  
[ 41]   4.00-5.00   sec  9.60 MBytes  80.5 Mbits/sec  6953  
[ 43]   4.00-5.00   sec  9.60 MBytes  80.5 Mbits/sec  6953  
[SUM]   4.00-5.00   sec   192 MBytes  1611 Mbits/sec  139060  
- - - - - - - - - - - - - - - - - - - - - - - - -
[  5]   5.00-6.00   sec  9.18 MBytes  77.0 Mbits/sec  6645  
[  7]   5.00-6.00   sec  9.18 MBytes  77.0 Mbits/sec  6645  
[  9]   5.00-6.00   sec  9.18 MBytes  77.0 Mbits/sec  6645  
[ 11]   5.00-6.00   sec  9.18 MBytes  77.0 Mbits/sec  6645  
[ 13]   5.00-6.00   sec  9.18 MBytes  77.0 Mbits/sec  6645  
[ 15]   5.00-6.00   sec  9.18 MBytes  77.0 Mbits/sec  6645  
[ 17]   5.00-6.00   sec  9.18 MBytes  77.0 Mbits/sec  6645  
[ 19]   5.00-6.00   sec  9.18 MBytes  77.0 Mbits/sec  6645  
[ 21]   5.00-6.00   sec  9.18 MBytes  77.0 Mbits/sec  6645  
[ 23]   5.00-6.00   sec  9.18 MBytes  77.0 Mbits/sec  6645  
[ 25]   5.00-6.00   sec  9.18 MBytes  77.0 Mbits/sec  6645  
[ 27]   5.00-6.00   sec  9.18 MBytes  77.0 Mbits/sec  6645  
[ 29]   5.00-6.00   sec  9.18 MBytes  77.0 Mbits/sec  6645  
[ 31]   5.00-6.00   sec  9.18 MBytes  77.0 Mbits/sec  6645  
[ 33]   5.00-6.00   sec  9.18 MBytes  77.0 Mbits/sec  6645  
[ 35]   5.00-6.00   sec  9.18 MBytes  77.0 Mbits/sec  6645  
[ 37]   5.00-6.00   sec  9.18 MBytes  77.0 Mbits/sec  6645  
[ 39]   5.00-6.00   sec  9.18 MBytes  77.0 Mbits/sec  6645  
[ 41]   5.00-6.00   sec  9.18 MBytes  77.0 Mbits/sec  6645  
[ 43]   5.00-6.00   sec  9.18 MBytes  77.0 Mbits/sec  6645  
[SUM]   5.00-6.00   sec   184 MBytes  1539 Mbits/sec  132900  
- - - - - - - - - - - - - - - - - - - - - - - - -
[  5]   6.00-7.00   sec  9.13 MBytes  76.6 Mbits/sec  6609  
[  7]   6.00-7.00   sec  9.13 MBytes  76.6 Mbits/sec  6609  
[  9]   6.00-7.00   sec  9.13 MBytes  76.6 Mbits/sec  6609  
[ 11]   6.00-7.00   sec  9.13 MBytes  76.6 Mbits/sec  6609  
[ 13]   6.00-7.00   sec  9.13 MBytes  76.6 Mbits/sec  6609  
[ 15]   6.00-7.00   sec  9.13 MBytes  76.6 Mbits/sec  6609  
[ 17]   6.00-7.00   sec  9.13 MBytes  76.6 Mbits/sec  6609  
[ 19]   6.00-7.00   sec  9.13 MBytes  76.6 Mbits/sec  6609  
[ 21]   6.00-7.00   sec  9.13 MBytes  76.6 Mbits/sec  6609  
[ 23]   6.00-7.00   sec  9.13 MBytes  76.6 Mbits/sec  6609  
[ 25]   6.00-7.00   sec  9.13 MBytes  76.6 Mbits/sec  6609  
[ 27]   6.00-7.00   sec  9.13 MBytes  76.6 Mbits/sec  6609  
[ 29]   6.00-7.00   sec  9.13 MBytes  76.6 Mbits/sec  6609  
[ 31]   6.00-7.00   sec  9.13 MBytes  76.6 Mbits/sec  6609  
[ 33]   6.00-7.00   sec  9.13 MBytes  76.6 Mbits/sec  6609  
[ 35]   6.00-7.00   sec  9.13 MBytes  76.6 Mbits/sec  6609  
[ 37]   6.00-7.00   sec  9.13 MBytes  76.6 Mbits/sec  6609  
[ 39]   6.00-7.00   sec  9.13 MBytes  76.6 Mbits/sec  6609  
[ 41]   6.00-7.00   sec  9.13 MBytes  76.6 Mbits/sec  6609  
[ 43]   6.00-7.00   sec  9.13 MBytes  76.6 Mbits/sec  6609  
[SUM]   6.00-7.00   sec   183 MBytes  1531 Mbits/sec  132180  
- - - - - - - - - - - - - - - - - - - - - - - - -
[  5]   7.00-8.00   sec  9.60 MBytes  80.5 Mbits/sec  6949  
[  7]   7.00-8.00   sec  9.60 MBytes  80.5 Mbits/sec  6949  
[  9]   7.00-8.00   sec  9.60 MBytes  80.5 Mbits/sec  6949  
[ 11]   7.00-8.00   sec  9.60 MBytes  80.5 Mbits/sec  6949  
[ 13]   7.00-8.00   sec  9.60 MBytes  80.5 Mbits/sec  6949  
[ 15]   7.00-8.00   sec  9.60 MBytes  80.5 Mbits/sec  6949  
[ 17]   7.00-8.00   sec  9.60 MBytes  80.5 Mbits/sec  6949  
[ 19]   7.00-8.00   sec  9.60 MBytes  80.5 Mbits/sec  6949  
[ 21]   7.00-8.00   sec  9.60 MBytes  80.5 Mbits/sec  6949  
[ 23]   7.00-8.00   sec  9.60 MBytes  80.5 Mbits/sec  6949  
[ 25]   7.00-8.00   sec  9.60 MBytes  80.5 Mbits/sec  6949  
[ 27]   7.00-8.00   sec  9.60 MBytes  80.5 Mbits/sec  6949  
[ 29]   7.00-8.00   sec  9.60 MBytes  80.5 Mbits/sec  6949  
[ 31]   7.00-8.00   sec  9.60 MBytes  80.5 Mbits/sec  6949  
[ 33]   7.00-8.00   sec  9.60 MBytes  80.5 Mbits/sec  6949  
[ 35]   7.00-8.00   sec  9.60 MBytes  80.5 Mbits/sec  6949  
[ 37]   7.00-8.00   sec  9.60 MBytes  80.5 Mbits/sec  6949  
[ 39]   7.00-8.00   sec  9.60 MBytes  80.5 Mbits/sec  6949  
[ 41]   7.00-8.00   sec  9.60 MBytes  80.5 Mbits/sec  6949  
[ 43]   7.00-8.00   sec  9.60 MBytes  80.5 Mbits/sec  6949  
[SUM]   7.00-8.00   sec   192 MBytes  1610 Mbits/sec  138980  
- - - - - - - - - - - - - - - - - - - - - - - - -
[  5]   8.00-9.00   sec  9.45 MBytes  79.3 Mbits/sec  6845  
[  7]   8.00-9.00   sec  9.45 MBytes  79.3 Mbits/sec  6845  
[  9]   8.00-9.00   sec  9.45 MBytes  79.3 Mbits/sec  6845  
[ 11]   8.00-9.00   sec  9.45 MBytes  79.3 Mbits/sec  6845  
[ 13]   8.00-9.00   sec  9.45 MBytes  79.3 Mbits/sec  6845  
[ 15]   8.00-9.00   sec  9.45 MBytes  79.3 Mbits/sec  6845  
[ 17]   8.00-9.00   sec  9.45 MBytes  79.3 Mbits/sec  6845  
[ 19]   8.00-9.00   sec  9.45 MBytes  79.3 Mbits/sec  6845  
[ 21]   8.00-9.00   sec  9.45 MBytes  79.3 Mbits/sec  6845  
[ 23]   8.00-9.00   sec  9.45 MBytes  79.3 Mbits/sec  6845  
[ 25]   8.00-9.00   sec  9.45 MBytes  79.3 Mbits/sec  6845  
[ 27]   8.00-9.00   sec  9.45 MBytes  79.3 Mbits/sec  6845  
[ 29]   8.00-9.00   sec  9.45 MBytes  79.3 Mbits/sec  6845  
[ 31]   8.00-9.00   sec  9.45 MBytes  79.3 Mbits/sec  6845  
[ 33]   8.00-9.00   sec  9.45 MBytes  79.3 Mbits/sec  6845  
[ 35]   8.00-9.00   sec  9.45 MBytes  79.3 Mbits/sec  6845  
[ 37]   8.00-9.00   sec  9.45 MBytes  79.3 Mbits/sec  6845  
[ 39]   8.00-9.00   sec  9.45 MBytes  79.3 Mbits/sec  6845  
[ 41]   8.00-9.00   sec  9.45 MBytes  79.3 Mbits/sec  6845  
[ 43]   8.00-9.00   sec  9.45 MBytes  79.3 Mbits/sec  6845  
[SUM]   8.00-9.00   sec   189 MBytes  1586 Mbits/sec  136900  
- - - - - - - - - - - - - - - - - - - - - - - - -
[  5]   9.00-10.00  sec  9.44 MBytes  79.2 Mbits/sec  6833  
[  7]   9.00-10.00  sec  9.44 MBytes  79.2 Mbits/sec  6833  
[  9]   9.00-10.00  sec  9.44 MBytes  79.2 Mbits/sec  6833  
[ 11]   9.00-10.00  sec  9.44 MBytes  79.2 Mbits/sec  6833  
[ 13]   9.00-10.00  sec  9.44 MBytes  79.1 Mbits/sec  6833  
[ 15]   9.00-10.00  sec  9.44 MBytes  79.1 Mbits/sec  6833  
[ 17]   9.00-10.00  sec  9.44 MBytes  79.1 Mbits/sec  6833  
[ 19]   9.00-10.00  sec  9.44 MBytes  79.2 Mbits/sec  6833  
[ 21]   9.00-10.00  sec  9.44 MBytes  79.2 Mbits/sec  6833  
[ 23]   9.00-10.00  sec  9.44 MBytes  79.2 Mbits/sec  6833  
[ 25]   9.00-10.00  sec  9.44 MBytes  79.2 Mbits/sec  6833  
[ 27]   9.00-10.00  sec  9.44 MBytes  79.2 Mbits/sec  6833  
[ 29]   9.00-10.00  sec  9.44 MBytes  79.2 Mbits/sec  6833  
[ 31]   9.00-10.00  sec  9.44 MBytes  79.2 Mbits/sec  6833  
[ 33]   9.00-10.00  sec  9.44 MBytes  79.2 Mbits/sec  6833  
[ 35]   9.00-10.00  sec  9.44 MBytes  79.2 Mbits/sec  6833  
[ 37]   9.00-10.00  sec  9.44 MBytes  79.2 Mbits/sec  6833  
[ 39]   9.00-10.00  sec  9.44 MBytes  79.2 Mbits/sec  6833  
[ 41]   9.00-10.00  sec  9.44 MBytes  79.2 Mbits/sec  6833  
[ 43]   9.00-10.00  sec  9.44 MBytes  79.2 Mbits/sec  6833  
[SUM]   9.00-10.00  sec   189 MBytes  1583 Mbits/sec  136660  
- - - - - - - - - - - - - - - - - - - - - - - - -
[  5]  10.00-11.00  sec  8.99 MBytes  75.4 Mbits/sec  6507  
[  7]  10.00-11.00  sec  8.99 MBytes  75.4 Mbits/sec  6507  
[  9]  10.00-11.00  sec  8.99 MBytes  75.4 Mbits/sec  6507  
[ 11]  10.00-11.00  sec  8.99 MBytes  75.4 Mbits/sec  6507  
[ 13]  10.00-11.00  sec  8.99 MBytes  75.4 Mbits/sec  6507  
[ 15]  10.00-11.00  sec  8.99 MBytes  75.4 Mbits/sec  6507  
[ 17]  10.00-11.00  sec  8.99 MBytes  75.4 Mbits/sec  6507  
[ 19]  10.00-11.00  sec  8.99 MBytes  75.4 Mbits/sec  6507  
[ 21]  10.00-11.00  sec  8.99 MBytes  75.4 Mbits/sec  6507  
[ 23]  10.00-11.00  sec  8.99 MBytes  75.4 Mbits/sec  6507  
[ 25]  10.00-11.00  sec  8.99 MBytes  75.4 Mbits/sec  6507  
[ 27]  10.00-11.00  sec  8.99 MBytes  75.4 Mbits/sec  6507  
[ 29]  10.00-11.00  sec  8.99 MBytes  75.4 Mbits/sec  6507  
[ 31]  10.00-11.00  sec  8.99 MBytes  75.4 Mbits/sec  6507  
[ 33]  10.00-11.00  sec  8.99 MBytes  75.4 Mbits/sec  6507  
[ 35]  10.00-11.00  sec  8.99 MBytes  75.4 Mbits/sec  6507  
[ 37]  10.00-11.00  sec  8.99 MBytes  75.4 Mbits/sec  6507  
[ 39]  10.00-11.00  sec  8.99 MBytes  75.4 Mbits/sec  6507  
[ 41]  10.00-11.00  sec  8.99 MBytes  75.4 Mbits/sec  6507  
[ 43]  10.00-11.00  sec  8.99 MBytes  75.4 Mbits/sec  6507  
[SUM]  10.00-11.00  sec   180 MBytes  1508 Mbits/sec  130140  
- - - - - - - - - - - - - - - - - - - - - - - - -
[  5]  11.00-12.00  sec  9.34 MBytes  78.3 Mbits/sec  6763  
[  7]  11.00-12.00  sec  9.34 MBytes  78.3 Mbits/sec  6763  
[  9]  11.00-12.00  sec  9.34 MBytes  78.3 Mbits/sec  6763  
[ 11]  11.00-12.00  sec  9.34 MBytes  78.3 Mbits/sec  6763  
[ 13]  11.00-12.00  sec  9.34 MBytes  78.3 Mbits/sec  6763  
[ 15]  11.00-12.00  sec  9.34 MBytes  78.3 Mbits/sec  6763  
[ 17]  11.00-12.00  sec  9.34 MBytes  78.3 Mbits/sec  6763  
[ 19]  11.00-12.00  sec  9.34 MBytes  78.3 Mbits/sec  6763  
[ 21]  11.00-12.00  sec  9.34 MBytes  78.3 Mbits/sec  6763  
[ 23]  11.00-12.00  sec  9.34 MBytes  78.3 Mbits/sec  6763  
[ 25]  11.00-12.00  sec  9.34 MBytes  78.3 Mbits/sec  6763  
[ 27]  11.00-12.00  sec  9.34 MBytes  78.3 Mbits/sec  6763  
[ 29]  11.00-12.00  sec  9.34 MBytes  78.3 Mbits/sec  6763  
[ 31]  11.00-12.00  sec  9.34 MBytes  78.3 Mbits/sec  6763  
[ 33]  11.00-12.00  sec  9.34 MBytes  78.3 Mbits/sec  6763  
[ 35]  11.00-12.00  sec  9.34 MBytes  78.3 Mbits/sec  6763  
[ 37]  11.00-12.00  sec  9.34 MBytes  78.3 Mbits/sec  6763  
[ 39]  11.00-12.00  sec  9.34 MBytes  78.3 Mbits/sec  6763  
[ 41]  11.00-12.00  sec  9.34 MBytes  78.3 Mbits/sec  6763  
[ 43]  11.00-12.00  sec  9.34 MBytes  78.3 Mbits/sec  6763  
[SUM]  11.00-12.00  sec   187 MBytes  1567 Mbits/sec  135260  
- - - - - - - - - - - - - - - - - - - - - - - - -
[  5]  12.00-13.00  sec  9.56 MBytes  80.2 Mbits/sec  6922  
[  7]  12.00-13.00  sec  9.56 MBytes  80.2 Mbits/sec  6922  
[  9]  12.00-13.00  sec  9.56 MBytes  80.2 Mbits/sec  6922  
[ 11]  12.00-13.00  sec  9.56 MBytes  80.2 Mbits/sec  6922  
[ 13]  12.00-13.00  sec  9.56 MBytes  80.2 Mbits/sec  6922  
[ 15]  12.00-13.00  sec  9.56 MBytes  80.2 Mbits/sec  6922  
[ 17]  12.00-13.00  sec  9.56 MBytes  80.2 Mbits/sec  6922  
[ 19]  12.00-13.00  sec  9.56 MBytes  80.2 Mbits/sec  6922  
[ 21]  12.00-13.00  sec  9.56 MBytes  80.2 Mbits/sec  6922  
[ 23]  12.00-13.00  sec  9.56 MBytes  80.2 Mbits/sec  6922  
[ 25]  12.00-13.00  sec  9.56 MBytes  80.2 Mbits/sec  6922  
[ 27]  12.00-13.00  sec  9.56 MBytes  80.2 Mbits/sec  6922  
[ 29]  12.00-13.00  sec  9.56 MBytes  80.2 Mbits/sec  6922  
[ 31]  12.00-13.00  sec  9.56 MBytes  80.2 Mbits/sec  6922  
[ 33]  12.00-13.00  sec  9.56 MBytes  80.2 Mbits/sec  6922  
[ 35]  12.00-13.00  sec  9.56 MBytes  80.2 Mbits/sec  6922  
[ 37]  12.00-13.00  sec  9.56 MBytes  80.2 Mbits/sec  6922  
[ 39]  12.00-13.00  sec  9.56 MBytes  80.2 Mbits/sec  6922  
[ 41]  12.00-13.00  sec  9.56 MBytes  80.2 Mbits/sec  6922  
[ 43]  12.00-13.00  sec  9.56 MBytes  80.2 Mbits/sec  6922  
[SUM]  12.00-13.00  sec   191 MBytes  1604 Mbits/sec  138440  
- - - - - - - - - - - - - - - - - - - - - - - - -
[  5]  13.00-14.00  sec  9.28 MBytes  77.9 Mbits/sec  6723  
[  7]  13.00-14.00  sec  9.28 MBytes  77.9 Mbits/sec  6723  
[  9]  13.00-14.00  sec  9.28 MBytes  77.9 Mbits/sec  6723  
[ 11]  13.00-14.00  sec  9.28 MBytes  77.9 Mbits/sec  6723  
[ 13]  13.00-14.00  sec  9.28 MBytes  77.9 Mbits/sec  6723  
[ 15]  13.00-14.00  sec  9.28 MBytes  77.9 Mbits/sec  6723  
[ 17]  13.00-14.00  sec  9.28 MBytes  77.9 Mbits/sec  6723  
[ 19]  13.00-14.00  sec  9.28 MBytes  77.9 Mbits/sec  6723  
[ 21]  13.00-14.00  sec  9.28 MBytes  77.9 Mbits/sec  6723  
[ 23]  13.00-14.00  sec  9.28 MBytes  77.9 Mbits/sec  6723  
[ 25]  13.00-14.00  sec  9.28 MBytes  77.9 Mbits/sec  6723  
[ 27]  13.00-14.00  sec  9.28 MBytes  77.9 Mbits/sec  6723  
[ 29]  13.00-14.00  sec  9.28 MBytes  77.9 Mbits/sec  6723  
[ 31]  13.00-14.00  sec  9.28 MBytes  77.9 Mbits/sec  6723  
[ 33]  13.00-14.00  sec  9.28 MBytes  77.9 Mbits/sec  6723  
[ 35]  13.00-14.00  sec  9.28 MBytes  77.9 Mbits/sec  6723  
[ 37]  13.00-14.00  sec  9.28 MBytes  77.9 Mbits/sec  6723  
[ 39]  13.00-14.00  sec  9.28 MBytes  77.9 Mbits/sec  6723  
[ 41]  13.00-14.00  sec  9.28 MBytes  77.9 Mbits/sec  6723  
[ 43]  13.00-14.00  sec  9.28 MBytes  77.9 Mbits/sec  6723  
[SUM]  13.00-14.00  sec   186 MBytes  1558 Mbits/sec  134460  
- - - - - - - - - - - - - - - - - - - - - - - - -
[  5]  14.00-15.00  sec  8.77 MBytes  73.6 Mbits/sec  6353  
[  7]  14.00-15.00  sec  8.77 MBytes  73.6 Mbits/sec  6353  
[  9]  14.00-15.00  sec  8.77 MBytes  73.6 Mbits/sec  6353  
[ 11]  14.00-15.00  sec  8.77 MBytes  73.6 Mbits/sec  6353  
[ 13]  14.00-15.00  sec  8.77 MBytes  73.6 Mbits/sec  6353  
[ 15]  14.00-15.00  sec  8.77 MBytes  73.6 Mbits/sec  6353  
[ 17]  14.00-15.00  sec  8.77 MBytes  73.6 Mbits/sec  6353  
[ 19]  14.00-15.00  sec  8.77 MBytes  73.6 Mbits/sec  6353  
[ 21]  14.00-15.00  sec  8.77 MBytes  73.6 Mbits/sec  6353  
[ 23]  14.00-15.00  sec  8.77 MBytes  73.6 Mbits/sec  6353  
[ 25]  14.00-15.00  sec  8.77 MBytes  73.6 Mbits/sec  6353  
[ 27]  14.00-15.00  sec  8.77 MBytes  73.6 Mbits/sec  6353  
[ 29]  14.00-15.00  sec  8.77 MBytes  73.6 Mbits/sec  6353  
[ 31]  14.00-15.00  sec  8.77 MBytes  73.6 Mbits/sec  6353  
[ 33]  14.00-15.00  sec  8.77 MBytes  73.6 Mbits/sec  6353  
[ 35]  14.00-15.00  sec  8.77 MBytes  73.6 Mbits/sec  6353  
[ 37]  14.00-15.00  sec  8.77 MBytes  73.6 Mbits/sec  6353  
[ 39]  14.00-15.00  sec  8.77 MBytes  73.6 Mbits/sec  6353  
[ 41]  14.00-15.00  sec  8.77 MBytes  73.6 Mbits/sec  6353  
[ 43]  14.00-15.00  sec  8.77 MBytes  73.6 Mbits/sec  6353  
[SUM]  14.00-15.00  sec   175 MBytes  1472 Mbits/sec  127060  
- - - - - - - - - - - - - - - - - - - - - - - - -
[  5]  15.00-16.00  sec  9.25 MBytes  77.6 Mbits/sec  6697  
[  7]  15.00-16.00  sec  9.25 MBytes  77.6 Mbits/sec  6697  
[  9]  15.00-16.00  sec  9.25 MBytes  77.6 Mbits/sec  6697  
[ 11]  15.00-16.00  sec  9.25 MBytes  77.6 Mbits/sec  6697  
[ 13]  15.00-16.00  sec  9.25 MBytes  77.6 Mbits/sec  6697  
[ 15]  15.00-16.00  sec  9.25 MBytes  77.6 Mbits/sec  6697  
[ 17]  15.00-16.00  sec  9.25 MBytes  77.6 Mbits/sec  6697  
[ 19]  15.00-16.00  sec  9.25 MBytes  77.6 Mbits/sec  6697  
[ 21]  15.00-16.00  sec  9.25 MBytes  77.6 Mbits/sec  6697  
[ 23]  15.00-16.00  sec  9.25 MBytes  77.6 Mbits/sec  6697  
[ 25]  15.00-16.00  sec  9.25 MBytes  77.6 Mbits/sec  6697  
[ 27]  15.00-16.00  sec  9.25 MBytes  77.6 Mbits/sec  6697  
[ 29]  15.00-16.00  sec  9.25 MBytes  77.6 Mbits/sec  6697  
[ 31]  15.00-16.00  sec  9.25 MBytes  77.6 Mbits/sec  6697  
[ 33]  15.00-16.00  sec  9.25 MBytes  77.6 Mbits/sec  6697  
[ 35]  15.00-16.00  sec  9.25 MBytes  77.6 Mbits/sec  6697  
[ 37]  15.00-16.00  sec  9.25 MBytes  77.6 Mbits/sec  6697  
[ 39]  15.00-16.00  sec  9.25 MBytes  77.6 Mbits/sec  6697  
[ 41]  15.00-16.00  sec  9.25 MBytes  77.6 Mbits/sec  6697  
[ 43]  15.00-16.00  sec  9.25 MBytes  77.6 Mbits/sec  6697  
[SUM]  15.00-16.00  sec   185 MBytes  1552 Mbits/sec  133940  
- - - - - - - - - - - - - - - - - - - - - - - - -
[  5]  16.00-17.00  sec  9.55 MBytes  80.1 Mbits/sec  6919  
[  7]  16.00-17.00  sec  9.55 MBytes  80.1 Mbits/sec  6919  
[  9]  16.00-17.00  sec  9.55 MBytes  80.1 Mbits/sec  6919  
[ 11]  16.00-17.00  sec  9.55 MBytes  80.1 Mbits/sec  6919  
[ 13]  16.00-17.00  sec  9.55 MBytes  80.1 Mbits/sec  6919  
[ 15]  16.00-17.00  sec  9.55 MBytes  80.1 Mbits/sec  6919  
[ 17]  16.00-17.00  sec  9.55 MBytes  80.1 Mbits/sec  6919  
[ 19]  16.00-17.00  sec  9.55 MBytes  80.1 Mbits/sec  6918  
[ 21]  16.00-17.00  sec  9.55 MBytes  80.1 Mbits/sec  6918  
[ 23]  16.00-17.00  sec  9.55 MBytes  80.1 Mbits/sec  6918  
[ 25]  16.00-17.00  sec  9.55 MBytes  80.1 Mbits/sec  6918  
[ 27]  16.00-17.00  sec  9.55 MBytes  80.1 Mbits/sec  6918  
[ 29]  16.00-17.00  sec  9.55 MBytes  80.1 Mbits/sec  6918  
[ 31]  16.00-17.00  sec  9.55 MBytes  80.1 Mbits/sec  6918  
[ 33]  16.00-17.00  sec  9.55 MBytes  80.1 Mbits/sec  6918  
[ 35]  16.00-17.00  sec  9.55 MBytes  80.1 Mbits/sec  6918  
[ 37]  16.00-17.00  sec  9.55 MBytes  80.1 Mbits/sec  6918  
[ 39]  16.00-17.00  sec  9.55 MBytes  80.1 Mbits/sec  6918  
[ 41]  16.00-17.00  sec  9.55 MBytes  80.1 Mbits/sec  6918  
[ 43]  16.00-17.00  sec  9.55 MBytes  80.1 Mbits/sec  6918  
[SUM]  16.00-17.00  sec   191 MBytes  1603 Mbits/sec  138367  
- - - - - - - - - - - - - - - - - - - - - - - - -
[  5]  17.00-18.00  sec  10.4 MBytes  87.2 Mbits/sec  7528  
[  7]  17.00-18.00  sec  10.4 MBytes  87.1 Mbits/sec  7522  
[  9]  17.00-18.00  sec  10.4 MBytes  87.1 Mbits/sec  7522  
[ 11]  17.00-18.00  sec  10.4 MBytes  87.1 Mbits/sec  7523  
[ 13]  17.00-18.00  sec  10.4 MBytes  87.1 Mbits/sec  7518  
[ 15]  17.00-18.00  sec  10.4 MBytes  87.1 Mbits/sec  7518  
[ 17]  17.00-18.00  sec  10.4 MBytes  87.1 Mbits/sec  7516  
[ 19]  17.00-18.00  sec  10.4 MBytes  87.1 Mbits/sec  7516  
[ 21]  17.00-18.00  sec  10.4 MBytes  87.0 Mbits/sec  7513  
[ 23]  17.00-18.00  sec  10.4 MBytes  87.0 Mbits/sec  7513  
[ 25]  17.00-18.00  sec  10.4 MBytes  87.0 Mbits/sec  7511  
[ 27]  17.00-18.00  sec  10.4 MBytes  87.0 Mbits/sec  7508  
[ 29]  17.00-18.00  sec  10.4 MBytes  86.9 Mbits/sec  7506  
[ 31]  17.00-18.00  sec  10.4 MBytes  86.9 Mbits/sec  7504  
[ 33]  17.00-18.00  sec  10.4 MBytes  86.9 Mbits/sec  7502  
[ 35]  17.00-18.00  sec  10.4 MBytes  86.9 Mbits/sec  7499  
[ 37]  17.00-18.00  sec  10.4 MBytes  86.8 Mbits/sec  7498  
[ 39]  17.00-18.00  sec  10.4 MBytes  86.8 Mbits/sec  7497  
[ 41]  17.00-18.00  sec  10.4 MBytes  86.8 Mbits/sec  7497  
[ 43]  17.00-18.00  sec  10.4 MBytes  86.8 Mbits/sec  7496  
[SUM]  17.00-18.00  sec   207 MBytes  1740 Mbits/sec  150207  
- - - - - - - - - - - - - - - - - - - - - - - - -
[  5]  18.00-19.00  sec  13.6 MBytes   114 Mbits/sec  9821  
[  7]  18.00-19.00  sec  13.6 MBytes   114 Mbits/sec  9819  
[  9]  18.00-19.00  sec  13.6 MBytes   114 Mbits/sec  9814  
[ 11]  18.00-19.00  sec  13.5 MBytes   114 Mbits/sec  9808  
[ 13]  18.00-19.00  sec  13.5 MBytes   114 Mbits/sec  9807  
[ 15]  18.00-19.00  sec  13.5 MBytes   114 Mbits/sec  9800  
[ 17]  18.00-19.00  sec  13.5 MBytes   113 Mbits/sec  9791  
[ 19]  18.00-19.00  sec  13.5 MBytes   113 Mbits/sec  9786  
[ 21]  18.00-19.00  sec  13.5 MBytes   113 Mbits/sec  9781  
[ 23]  18.00-19.00  sec  13.5 MBytes   113 Mbits/sec  9774  
[ 25]  18.00-19.00  sec  13.5 MBytes   113 Mbits/sec  9770  
[ 27]  18.00-19.00  sec  13.5 MBytes   113 Mbits/sec  9763  
[ 29]  18.00-19.00  sec  13.5 MBytes   113 Mbits/sec  9762  
[ 31]  18.00-19.00  sec  13.5 MBytes   113 Mbits/sec  9756  
[ 33]  18.00-19.00  sec  13.5 MBytes   113 Mbits/sec  9750  
[ 35]  18.00-19.00  sec  13.5 MBytes   113 Mbits/sec  9745  
[ 37]  18.00-19.00  sec  13.4 MBytes   113 Mbits/sec  9737  
[ 39]  18.00-19.00  sec  13.4 MBytes   113 Mbits/sec  9729  
[ 41]  18.00-19.00  sec  13.4 MBytes   113 Mbits/sec  9723  
[ 43]  18.00-19.00  sec  13.4 MBytes   113 Mbits/sec  9714  
[SUM]  18.00-19.00  sec   270 MBytes  2265 Mbits/sec  195450  
- - - - - - - - - - - - - - - - - - - - - - - - -
[  5]  19.00-20.00  sec  9.22 MBytes  77.4 Mbits/sec  6679  
[  7]  19.00-20.00  sec  9.22 MBytes  77.4 Mbits/sec  6679  
[  9]  19.00-20.00  sec  9.22 MBytes  77.4 Mbits/sec  6679  
[ 11]  19.00-20.00  sec  9.22 MBytes  77.4 Mbits/sec  6679  
[ 13]  19.00-20.00  sec  9.22 MBytes  77.4 Mbits/sec  6678  
[ 15]  19.00-20.00  sec  9.22 MBytes  77.4 Mbits/sec  6678  
[ 17]  19.00-20.00  sec  9.22 MBytes  77.4 Mbits/sec  6678  
[ 19]  19.00-20.00  sec  9.22 MBytes  77.4 Mbits/sec  6678  
[ 21]  19.00-20.00  sec  9.22 MBytes  77.3 Mbits/sec  6677  
[ 23]  19.00-20.00  sec  9.22 MBytes  77.3 Mbits/sec  6677  
[ 25]  19.00-20.00  sec  9.22 MBytes  77.3 Mbits/sec  6677  
[ 27]  19.00-20.00  sec  9.22 MBytes  77.3 Mbits/sec  6677  
[ 29]  19.00-20.00  sec  9.22 MBytes  77.3 Mbits/sec  6676  
[ 31]  19.00-20.00  sec  9.22 MBytes  77.3 Mbits/sec  6674  
[ 33]  19.00-20.00  sec  9.22 MBytes  77.3 Mbits/sec  6674  
[ 35]  19.00-20.00  sec  9.22 MBytes  77.3 Mbits/sec  6674  
[ 37]  19.00-20.00  sec  9.21 MBytes  77.3 Mbits/sec  6673  
[ 39]  19.00-20.00  sec  9.21 MBytes  77.3 Mbits/sec  6673  
[ 41]  19.00-20.00  sec  9.22 MBytes  77.3 Mbits/sec  6674  
[ 43]  19.00-20.00  sec  9.21 MBytes  77.3 Mbits/sec  6673  
[SUM]  19.00-20.00  sec   184 MBytes  1547 Mbits/sec  133527  
- - - - - - - - - - - - - - - - - - - - - - - - -
[  5]  20.00-21.00  sec  9.81 MBytes  82.3 Mbits/sec  7102  
[  7]  20.00-21.00  sec  9.81 MBytes  82.3 Mbits/sec  7101  
[  9]  20.00-21.00  sec  9.81 MBytes  82.3 Mbits/sec  7101  
[ 11]  20.00-21.00  sec  9.80 MBytes  82.3 Mbits/sec  7100  
[ 13]  20.00-21.00  sec  9.80 MBytes  82.2 Mbits/sec  7098  
[ 15]  20.00-21.00  sec  9.80 MBytes  82.2 Mbits/sec  7095  
[ 17]  20.00-21.00  sec  9.80 MBytes  82.2 Mbits/sec  7094  
[ 19]  20.00-21.00  sec  9.79 MBytes  82.2 Mbits/sec  7093  
[ 21]  20.00-21.00  sec  9.79 MBytes  82.2 Mbits/sec  7092  
[ 23]  20.00-21.00  sec  9.79 MBytes  82.1 Mbits/sec  7091  
[ 25]  20.00-21.00  sec  9.78 MBytes  82.1 Mbits/sec  7085  
[ 27]  20.00-21.00  sec  9.78 MBytes  82.1 Mbits/sec  7083  
[ 29]  20.00-21.00  sec  9.78 MBytes  82.1 Mbits/sec  7083  
[ 31]  20.00-21.00  sec  9.78 MBytes  82.0 Mbits/sec  7082  
[ 33]  20.00-21.00  sec  9.78 MBytes  82.1 Mbits/sec  7084  
[ 35]  20.00-21.00  sec  9.78 MBytes  82.0 Mbits/sec  7081  
[ 37]  20.00-21.00  sec  9.78 MBytes  82.0 Mbits/sec  7079  
[ 39]  20.00-21.00  sec  9.77 MBytes  82.0 Mbits/sec  7077  
[ 41]  20.00-21.00  sec  9.77 MBytes  82.0 Mbits/sec  7076  
[ 43]  20.00-21.00  sec  9.77 MBytes  82.0 Mbits/sec  7075  
[SUM]  20.00-21.00  sec   196 MBytes  1642 Mbits/sec  141772  
- - - - - - - - - - - - - - - - - - - - - - - - -
[  5]  21.00-22.00  sec  9.17 MBytes  76.9 Mbits/sec  6642  
[  7]  21.00-22.00  sec  9.17 MBytes  76.9 Mbits/sec  6642  
[  9]  21.00-22.00  sec  9.17 MBytes  76.9 Mbits/sec  6642  
[ 11]  21.00-22.00  sec  9.17 MBytes  76.9 Mbits/sec  6642  
[ 13]  21.00-22.00  sec  9.17 MBytes  76.9 Mbits/sec  6642  
[ 15]  21.00-22.00  sec  9.17 MBytes  76.9 Mbits/sec  6642  
[ 17]  21.00-22.00  sec  9.17 MBytes  76.9 Mbits/sec  6642  
[ 19]  21.00-22.00  sec  9.17 MBytes  76.9 Mbits/sec  6642  
[ 21]  21.00-22.00  sec  9.17 MBytes  76.9 Mbits/sec  6642  
[ 23]  21.00-22.00  sec  9.17 MBytes  76.9 Mbits/sec  6642  
[ 25]  21.00-22.00  sec  9.17 MBytes  76.9 Mbits/sec  6642  
[ 27]  21.00-22.00  sec  9.17 MBytes  76.9 Mbits/sec  6642  
[ 29]  21.00-22.00  sec  9.17 MBytes  76.9 Mbits/sec  6642  
[ 31]  21.00-22.00  sec  9.17 MBytes  76.9 Mbits/sec  6642  
[ 33]  21.00-22.00  sec  9.17 MBytes  76.9 Mbits/sec  6642  
[ 35]  21.00-22.00  sec  9.17 MBytes  76.9 Mbits/sec  6642  
[ 37]  21.00-22.00  sec  9.17 MBytes  76.9 Mbits/sec  6642  
[ 39]  21.00-22.00  sec  9.17 MBytes  76.9 Mbits/sec  6642  
[ 41]  21.00-22.00  sec  9.17 MBytes  76.9 Mbits/sec  6642  
[ 43]  21.00-22.00  sec  9.17 MBytes  76.9 Mbits/sec  6642  
[SUM]  21.00-22.00  sec   183 MBytes  1539 Mbits/sec  132840  
- - - - - - - - - - - - - - - - - - - - - - - - -
[  5]  22.00-23.00  sec  9.28 MBytes  77.8 Mbits/sec  6720  
[  7]  22.00-23.00  sec  9.28 MBytes  77.8 Mbits/sec  6720  
[  9]  22.00-23.00  sec  9.28 MBytes  77.8 Mbits/sec  6720  
[ 11]  22.00-23.00  sec  9.28 MBytes  77.8 Mbits/sec  6720  
[ 13]  22.00-23.00  sec  9.28 MBytes  77.8 Mbits/sec  6720  
[ 15]  22.00-23.00  sec  9.28 MBytes  77.8 Mbits/sec  6720  
[ 17]  22.00-23.00  sec  9.28 MBytes  77.8 Mbits/sec  6720  
[ 19]  22.00-23.00  sec  9.28 MBytes  77.8 Mbits/sec  6720  
[ 21]  22.00-23.00  sec  9.28 MBytes  77.8 Mbits/sec  6720  
[ 23]  22.00-23.00  sec  9.28 MBytes  77.8 Mbits/sec  6720  
[ 25]  22.00-23.00  sec  9.28 MBytes  77.8 Mbits/sec  6720  
[ 27]  22.00-23.00  sec  9.28 MBytes  77.8 Mbits/sec  6720  
[ 29]  22.00-23.00  sec  9.28 MBytes  77.8 Mbits/sec  6720  
[ 31]  22.00-23.00  sec  9.28 MBytes  77.8 Mbits/sec  6720  
[ 33]  22.00-23.00  sec  9.28 MBytes  77.8 Mbits/sec  6720  
[ 35]  22.00-23.00  sec  9.28 MBytes  77.8 Mbits/sec  6720  
[ 37]  22.00-23.00  sec  9.28 MBytes  77.8 Mbits/sec  6720  
[ 39]  22.00-23.00  sec  9.28 MBytes  77.8 Mbits/sec  6720  
[ 41]  22.00-23.00  sec  9.28 MBytes  77.8 Mbits/sec  6720  
[ 43]  22.00-23.00  sec  9.28 MBytes  77.8 Mbits/sec  6720  
[SUM]  22.00-23.00  sec   186 MBytes  1557 Mbits/sec  134400  
- - - - - - - - - - - - - - - - - - - - - - - - -
[  5]  23.00-24.00  sec  9.04 MBytes  75.8 Mbits/sec  6543  
[  7]  23.00-24.00  sec  9.04 MBytes  75.8 Mbits/sec  6543  
[  9]  23.00-24.00  sec  9.04 MBytes  75.8 Mbits/sec  6543  
[ 11]  23.00-24.00  sec  9.04 MBytes  75.8 Mbits/sec  6543  
[ 13]  23.00-24.00  sec  9.04 MBytes  75.8 Mbits/sec  6543  
[ 15]  23.00-24.00  sec  9.04 MBytes  75.8 Mbits/sec  6543  
[ 17]  23.00-24.00  sec  9.04 MBytes  75.8 Mbits/sec  6543  
[ 19]  23.00-24.00  sec  9.04 MBytes  75.8 Mbits/sec  6543  
[ 21]  23.00-24.00  sec  9.04 MBytes  75.8 Mbits/sec  6543  
[ 23]  23.00-24.00  sec  9.04 MBytes  75.8 Mbits/sec  6543  
[ 25]  23.00-24.00  sec  9.04 MBytes  75.8 Mbits/sec  6543  
[ 27]  23.00-24.00  sec  9.04 MBytes  75.8 Mbits/sec  6543  
[ 29]  23.00-24.00  sec  9.04 MBytes  75.8 Mbits/sec  6543  
[ 31]  23.00-24.00  sec  9.04 MBytes  75.8 Mbits/sec  6543  
[ 33]  23.00-24.00  sec  9.04 MBytes  75.8 Mbits/sec  6543  
[ 35]  23.00-24.00  sec  9.04 MBytes  75.8 Mbits/sec  6543  
[ 37]  23.00-24.00  sec  9.04 MBytes  75.8 Mbits/sec  6543  
[ 39]  23.00-24.00  sec  9.04 MBytes  75.8 Mbits/sec  6543  
[ 41]  23.00-24.00  sec  9.04 MBytes  75.8 Mbits/sec  6543  
[ 43]  23.00-24.00  sec  9.04 MBytes  75.8 Mbits/sec  6543  
[SUM]  23.00-24.00  sec   181 MBytes  1516 Mbits/sec  130860  
- - - - - - - - - - - - - - - - - - - - - - - - -
[  5]  24.00-25.00  sec  9.18 MBytes  77.0 Mbits/sec  6647  
[  7]  24.00-25.00  sec  9.18 MBytes  77.0 Mbits/sec  6647  
[  9]  24.00-25.00  sec  9.18 MBytes  77.0 Mbits/sec  6647  
[ 11]  24.00-25.00  sec  9.18 MBytes  77.0 Mbits/sec  6647  
[ 13]  24.00-25.00  sec  9.18 MBytes  77.0 Mbits/sec  6647  
[ 15]  24.00-25.00  sec  9.18 MBytes  77.0 Mbits/sec  6647  
[ 17]  24.00-25.00  sec  9.18 MBytes  77.0 Mbits/sec  6647  
[ 19]  24.00-25.00  sec  9.18 MBytes  77.0 Mbits/sec  6647  
[ 21]  24.00-25.00  sec  9.18 MBytes  77.0 Mbits/sec  6647  
[ 23]  24.00-25.00  sec  9.18 MBytes  77.0 Mbits/sec  6647  
[ 25]  24.00-25.00  sec  9.18 MBytes  77.0 Mbits/sec  6647  
[ 27]  24.00-25.00  sec  9.18 MBytes  77.0 Mbits/sec  6647  
[ 29]  24.00-25.00  sec  9.18 MBytes  77.0 Mbits/sec  6647  
[ 31]  24.00-25.00  sec  9.18 MBytes  77.0 Mbits/sec  6647  
[ 33]  24.00-25.00  sec  9.18 MBytes  77.0 Mbits/sec  6647  
[ 35]  24.00-25.00  sec  9.18 MBytes  77.0 Mbits/sec  6647  
[ 37]  24.00-25.00  sec  9.18 MBytes  77.0 Mbits/sec  6647  
[ 39]  24.00-25.00  sec  9.18 MBytes  77.0 Mbits/sec  6647  
[ 41]  24.00-25.00  sec  9.18 MBytes  77.0 Mbits/sec  6647  
[ 43]  24.00-25.00  sec  9.18 MBytes  77.0 Mbits/sec  6647  
[SUM]  24.00-25.00  sec   184 MBytes  1540 Mbits/sec  132940  
- - - - - - - - - - - - - - - - - - - - - - - - -
[  5]  25.00-26.00  sec  9.28 MBytes  77.8 Mbits/sec  6717  
[  7]  25.00-26.00  sec  9.28 MBytes  77.8 Mbits/sec  6717  
[  9]  25.00-26.00  sec  9.28 MBytes  77.8 Mbits/sec  6717  
[ 11]  25.00-26.00  sec  9.28 MBytes  77.8 Mbits/sec  6717  
[ 13]  25.00-26.00  sec  9.28 MBytes  77.8 Mbits/sec  6717  
[ 15]  25.00-26.00  sec  9.28 MBytes  77.8 Mbits/sec  6717  
[ 17]  25.00-26.00  sec  9.28 MBytes  77.8 Mbits/sec  6717  
[ 19]  25.00-26.00  sec  9.28 MBytes  77.8 Mbits/sec  6717  
[ 21]  25.00-26.00  sec  9.28 MBytes  77.8 Mbits/sec  6717  
[ 23]  25.00-26.00  sec  9.28 MBytes  77.8 Mbits/sec  6717  
[ 25]  25.00-26.00  sec  9.28 MBytes  77.8 Mbits/sec  6717  
[ 27]  25.00-26.00  sec  9.28 MBytes  77.8 Mbits/sec  6717  
[ 29]  25.00-26.00  sec  9.28 MBytes  77.8 Mbits/sec  6717  
[ 31]  25.00-26.00  sec  9.28 MBytes  77.8 Mbits/sec  6717  
[ 33]  25.00-26.00  sec  9.28 MBytes  77.8 Mbits/sec  6717  
[ 35]  25.00-26.00  sec  9.28 MBytes  77.8 Mbits/sec  6717  
[ 37]  25.00-26.00  sec  9.28 MBytes  77.8 Mbits/sec  6717  
[ 39]  25.00-26.00  sec  9.28 MBytes  77.8 Mbits/sec  6717  
[ 41]  25.00-26.00  sec  9.28 MBytes  77.8 Mbits/sec  6717  
[ 43]  25.00-26.00  sec  9.28 MBytes  77.8 Mbits/sec  6717  
[SUM]  25.00-26.00  sec   186 MBytes  1556 Mbits/sec  134340  
- - - - - - - - - - - - - - - - - - - - - - - - -
[  5]  26.00-27.00  sec  9.37 MBytes  78.6 Mbits/sec  6782  
[  7]  26.00-27.00  sec  9.37 MBytes  78.6 Mbits/sec  6782  
[  9]  26.00-27.00  sec  9.37 MBytes  78.6 Mbits/sec  6782  
[ 11]  26.00-27.00  sec  9.37 MBytes  78.6 Mbits/sec  6782  
[ 13]  26.00-27.00  sec  9.37 MBytes  78.6 Mbits/sec  6782  
[ 15]  26.00-27.00  sec  9.37 MBytes  78.6 Mbits/sec  6782  
[ 17]  26.00-27.00  sec  9.37 MBytes  78.6 Mbits/sec  6782  
[ 19]  26.00-27.00  sec  9.37 MBytes  78.6 Mbits/sec  6782  
[ 21]  26.00-27.00  sec  9.37 MBytes  78.6 Mbits/sec  6782  
[ 23]  26.00-27.00  sec  9.37 MBytes  78.6 Mbits/sec  6782  
[ 25]  26.00-27.00  sec  9.37 MBytes  78.6 Mbits/sec  6782  
[ 27]  26.00-27.00  sec  9.36 MBytes  78.6 Mbits/sec  6781  
[ 29]  26.00-27.00  sec  9.36 MBytes  78.6 Mbits/sec  6781  
[ 31]  26.00-27.00  sec  9.36 MBytes  78.6 Mbits/sec  6781  
[ 33]  26.00-27.00  sec  9.36 MBytes  78.6 Mbits/sec  6781  
[ 35]  26.00-27.00  sec  9.36 MBytes  78.6 Mbits/sec  6781  
[ 37]  26.00-27.00  sec  9.36 MBytes  78.6 Mbits/sec  6781  
[ 39]  26.00-27.00  sec  9.36 MBytes  78.6 Mbits/sec  6781  
[ 41]  26.00-27.00  sec  9.36 MBytes  78.6 Mbits/sec  6781  
[ 43]  26.00-27.00  sec  9.36 MBytes  78.6 Mbits/sec  6781  
[SUM]  26.00-27.00  sec   187 MBytes  1571 Mbits/sec  135631  
- - - - - - - - - - - - - - - - - - - - - - - - -
[  5]  27.00-28.00  sec  9.21 MBytes  77.2 Mbits/sec  6668  
[  7]  27.00-28.00  sec  9.21 MBytes  77.2 Mbits/sec  6668  
[  9]  27.00-28.00  sec  9.21 MBytes  77.2 Mbits/sec  6668  
[ 11]  27.00-28.00  sec  9.21 MBytes  77.2 Mbits/sec  6668  
[ 13]  27.00-28.00  sec  9.21 MBytes  77.2 Mbits/sec  6668  
[ 15]  27.00-28.00  sec  9.21 MBytes  77.2 Mbits/sec  6668  
[ 17]  27.00-28.00  sec  9.21 MBytes  77.2 Mbits/sec  6668  
[ 19]  27.00-28.00  sec  9.21 MBytes  77.2 Mbits/sec  6668  
[ 21]  27.00-28.00  sec  9.21 MBytes  77.2 Mbits/sec  6668  
[ 23]  27.00-28.00  sec  9.21 MBytes  77.2 Mbits/sec  6668  
[ 25]  27.00-28.00  sec  9.21 MBytes  77.2 Mbits/sec  6668  
[ 27]  27.00-28.00  sec  9.21 MBytes  77.2 Mbits/sec  6668  
[ 29]  27.00-28.00  sec  9.21 MBytes  77.2 Mbits/sec  6668  
[ 31]  27.00-28.00  sec  9.21 MBytes  77.2 Mbits/sec  6668  
[ 33]  27.00-28.00  sec  9.21 MBytes  77.2 Mbits/sec  6668  
[ 35]  27.00-28.00  sec  9.21 MBytes  77.2 Mbits/sec  6668  
[ 37]  27.00-28.00  sec  9.21 MBytes  77.2 Mbits/sec  6668  
[ 39]  27.00-28.00  sec  9.21 MBytes  77.2 Mbits/sec  6668  
[ 41]  27.00-28.00  sec  9.21 MBytes  77.2 Mbits/sec  6668  
[ 43]  27.00-28.00  sec  9.21 MBytes  77.2 Mbits/sec  6668  
[SUM]  27.00-28.00  sec   184 MBytes  1545 Mbits/sec  133360  
- - - - - - - - - - - - - - - - - - - - - - - - -
[  5]  28.00-29.00  sec  9.18 MBytes  77.0 Mbits/sec  6645  
[  7]  28.00-29.00  sec  9.18 MBytes  77.0 Mbits/sec  6645  
[  9]  28.00-29.00  sec  9.18 MBytes  77.0 Mbits/sec  6645  
[ 11]  28.00-29.00  sec  9.18 MBytes  77.0 Mbits/sec  6645  
[ 13]  28.00-29.00  sec  9.18 MBytes  77.0 Mbits/sec  6645  
[ 15]  28.00-29.00  sec  9.18 MBytes  77.0 Mbits/sec  6645  
[ 17]  28.00-29.00  sec  9.18 MBytes  77.0 Mbits/sec  6645  
[ 19]  28.00-29.00  sec  9.18 MBytes  77.0 Mbits/sec  6645  
[ 21]  28.00-29.00  sec  9.18 MBytes  77.0 Mbits/sec  6645  
[ 23]  28.00-29.00  sec  9.18 MBytes  77.0 Mbits/sec  6645  
[ 25]  28.00-29.00  sec  9.18 MBytes  77.0 Mbits/sec  6645  
[ 27]  28.00-29.00  sec  9.18 MBytes  77.0 Mbits/sec  6645  
[ 29]  28.00-29.00  sec  9.18 MBytes  77.0 Mbits/sec  6645  
[ 31]  28.00-29.00  sec  9.18 MBytes  77.0 Mbits/sec  6645  
[ 33]  28.00-29.00  sec  9.18 MBytes  77.0 Mbits/sec  6645  
[ 35]  28.00-29.00  sec  9.18 MBytes  77.0 Mbits/sec  6645  
[ 37]  28.00-29.00  sec  9.18 MBytes  77.0 Mbits/sec  6645  
[ 39]  28.00-29.00  sec  9.18 MBytes  77.0 Mbits/sec  6645  
[ 41]  28.00-29.00  sec  9.18 MBytes  77.0 Mbits/sec  6645  
[ 43]  28.00-29.00  sec  9.18 MBytes  77.0 Mbits/sec  6645  
[SUM]  28.00-29.00  sec   184 MBytes  1540 Mbits/sec  132900  
- - - - - - - - - - - - - - - - - - - - - - - - -
[  5]  29.00-30.00  sec  9.27 MBytes  77.7 Mbits/sec  6710  
[  7]  29.00-30.00  sec  9.27 MBytes  77.7 Mbits/sec  6710  
[  9]  29.00-30.00  sec  9.27 MBytes  77.7 Mbits/sec  6710  
[ 11]  29.00-30.00  sec  9.27 MBytes  77.7 Mbits/sec  6710  
[ 13]  29.00-30.00  sec  9.27 MBytes  77.7 Mbits/sec  6710  
[ 15]  29.00-30.00  sec  9.27 MBytes  77.7 Mbits/sec  6710  
[ 17]  29.00-30.00  sec  9.27 MBytes  77.7 Mbits/sec  6710  
[ 19]  29.00-30.00  sec  9.27 MBytes  77.7 Mbits/sec  6710  
[ 21]  29.00-30.00  sec  9.27 MBytes  77.7 Mbits/sec  6710  
[ 23]  29.00-30.00  sec  9.27 MBytes  77.7 Mbits/sec  6710  
[ 25]  29.00-30.00  sec  9.27 MBytes  77.7 Mbits/sec  6710  
[ 27]  29.00-30.00  sec  9.27 MBytes  77.7 Mbits/sec  6710  
[ 29]  29.00-30.00  sec  9.27 MBytes  77.7 Mbits/sec  6710  
[ 31]  29.00-30.00  sec  9.27 MBytes  77.7 Mbits/sec  6710  
[ 33]  29.00-30.00  sec  9.27 MBytes  77.7 Mbits/sec  6710  
[ 35]  29.00-30.00  sec  9.27 MBytes  77.7 Mbits/sec  6710  
[ 37]  29.00-30.00  sec  9.27 MBytes  77.7 Mbits/sec  6710  
[ 39]  29.00-30.00  sec  9.27 MBytes  77.7 Mbits/sec  6710  
[ 41]  29.00-30.00  sec  9.27 MBytes  77.7 Mbits/sec  6710  
[ 43]  29.00-30.00  sec  9.27 MBytes  77.7 Mbits/sec  6710  
[SUM]  29.00-30.00  sec   185 MBytes  1554 Mbits/sec  134200  
- - - - - - - - - - - - - - - - - - - - - - - - -
[  5]  30.00-31.00  sec  9.17 MBytes  76.9 Mbits/sec  6640  
[  7]  30.00-31.00  sec  9.17 MBytes  76.9 Mbits/sec  6640  
[  9]  30.00-31.00  sec  9.17 MBytes  76.9 Mbits/sec  6640  
[ 11]  30.00-31.00  sec  9.17 MBytes  76.9 Mbits/sec  6640  
[ 13]  30.00-31.00  sec  9.17 MBytes  76.9 Mbits/sec  6640  
[ 15]  30.00-31.00  sec  9.17 MBytes  76.9 Mbits/sec  6640  
[ 17]  30.00-31.00  sec  9.17 MBytes  76.9 Mbits/sec  6640  
[ 19]  30.00-31.00  sec  9.17 MBytes  76.9 Mbits/sec  6640  
[ 21]  30.00-31.00  sec  9.17 MBytes  76.9 Mbits/sec  6640  
[ 23]  30.00-31.00  sec  9.17 MBytes  76.9 Mbits/sec  6640  
[ 25]  30.00-31.00  sec  9.17 MBytes  76.9 Mbits/sec  6640  
[ 27]  30.00-31.00  sec  9.17 MBytes  76.9 Mbits/sec  6640  
[ 29]  30.00-31.00  sec  9.17 MBytes  76.9 Mbits/sec  6640  
[ 31]  30.00-31.00  sec  9.17 MBytes  76.9 Mbits/sec  6640  
[ 33]  30.00-31.00  sec  9.17 MBytes  76.9 Mbits/sec  6640  
[ 35]  30.00-31.00  sec  9.17 MBytes  76.9 Mbits/sec  6640  
[ 37]  30.00-31.00  sec  9.17 MBytes  76.9 Mbits/sec  6640  
[ 39]  30.00-31.00  sec  9.17 MBytes  76.9 Mbits/sec  6640  
[ 41]  30.00-31.00  sec  9.17 MBytes  76.9 Mbits/sec  6640  
[ 43]  30.00-31.00  sec  9.17 MBytes  76.9 Mbits/sec  6640  
[SUM]  30.00-31.00  sec   183 MBytes  1538 Mbits/sec  132800  
- - - - - - - - - - - - - - - - - - - - - - - - -
[  5]  31.00-32.00  sec  9.62 MBytes  80.7 Mbits/sec  6968  
[  7]  31.00-32.00  sec  9.62 MBytes  80.7 Mbits/sec  6968  
[  9]  31.00-32.00  sec  9.62 MBytes  80.7 Mbits/sec  6968  
[ 11]  31.00-32.00  sec  9.62 MBytes  80.7 Mbits/sec  6968  
[ 13]  31.00-32.00  sec  9.62 MBytes  80.7 Mbits/sec  6968  
[ 15]  31.00-32.00  sec  9.62 MBytes  80.7 Mbits/sec  6968  
[ 17]  31.00-32.00  sec  9.62 MBytes  80.7 Mbits/sec  6968  
[ 19]  31.00-32.00  sec  9.62 MBytes  80.7 Mbits/sec  6968  
[ 21]  31.00-32.00  sec  9.62 MBytes  80.7 Mbits/sec  6968  
[ 23]  31.00-32.00  sec  9.62 MBytes  80.7 Mbits/sec  6968  
[ 25]  31.00-32.00  sec  9.62 MBytes  80.7 Mbits/sec  6968  
[ 27]  31.00-32.00  sec  9.62 MBytes  80.7 Mbits/sec  6968  
[ 29]  31.00-32.00  sec  9.62 MBytes  80.7 Mbits/sec  6968  
[ 31]  31.00-32.00  sec  9.62 MBytes  80.7 Mbits/sec  6968  
[ 33]  31.00-32.00  sec  9.62 MBytes  80.7 Mbits/sec  6968  
[ 35]  31.00-32.00  sec  9.62 MBytes  80.7 Mbits/sec  6968  
[ 37]  31.00-32.00  sec  9.62 MBytes  80.7 Mbits/sec  6968  
[ 39]  31.00-32.00  sec  9.62 MBytes  80.7 Mbits/sec  6968  
[ 41]  31.00-32.00  sec  9.62 MBytes  80.7 Mbits/sec  6968  
[ 43]  31.00-32.00  sec  9.62 MBytes  80.7 Mbits/sec  6968  
[SUM]  31.00-32.00  sec   192 MBytes  1614 Mbits/sec  139360  
- - - - - - - - - - - - - - - - - - - - - - - - -
[  5]  32.00-33.00  sec  9.63 MBytes  80.7 Mbits/sec  6970  
[  7]  32.00-33.00  sec  9.63 MBytes  80.7 Mbits/sec  6970  
[  9]  32.00-33.00  sec  9.63 MBytes  80.7 Mbits/sec  6970  
[ 11]  32.00-33.00  sec  9.63 MBytes  80.7 Mbits/sec  6970  
[ 13]  32.00-33.00  sec  9.63 MBytes  80.7 Mbits/sec  6970  
[ 15]  32.00-33.00  sec  9.63 MBytes  80.7 Mbits/sec  6970  
[ 17]  32.00-33.00  sec  9.63 MBytes  80.7 Mbits/sec  6970  
[ 19]  32.00-33.00  sec  9.63 MBytes  80.7 Mbits/sec  6970  
[ 21]  32.00-33.00  sec  9.63 MBytes  80.7 Mbits/sec  6970  
[ 23]  32.00-33.00  sec  9.63 MBytes  80.7 Mbits/sec  6970  
[ 25]  32.00-33.00  sec  9.63 MBytes  80.7 Mbits/sec  6970  
[ 27]  32.00-33.00  sec  9.63 MBytes  80.7 Mbits/sec  6970  
[ 29]  32.00-33.00  sec  9.63 MBytes  80.7 Mbits/sec  6970  
[ 31]  32.00-33.00  sec  9.63 MBytes  80.7 Mbits/sec  6970  
[ 33]  32.00-33.00  sec  9.63 MBytes  80.7 Mbits/sec  6970  
[ 35]  32.00-33.00  sec  9.63 MBytes  80.7 Mbits/sec  6970  
[ 37]  32.00-33.00  sec  9.63 MBytes  80.7 Mbits/sec  6970  
[ 39]  32.00-33.00  sec  9.63 MBytes  80.7 Mbits/sec  6970  
[ 41]  32.00-33.00  sec  9.63 MBytes  80.7 Mbits/sec  6970  
[ 43]  32.00-33.00  sec  9.63 MBytes  80.7 Mbits/sec  6970  
[SUM]  32.00-33.00  sec   193 MBytes  1615 Mbits/sec  139400  
- - - - - - - - - - - - - - - - - - - - - - - - -
[  5]  33.00-34.00  sec  9.71 MBytes  81.5 Mbits/sec  7031  
[  7]  33.00-34.00  sec  9.71 MBytes  81.5 Mbits/sec  7031  
[  9]  33.00-34.00  sec  9.71 MBytes  81.4 Mbits/sec  7031  
[ 11]  33.00-34.00  sec  9.71 MBytes  81.4 Mbits/sec  7031  
[ 13]  33.00-34.00  sec  9.71 MBytes  81.4 Mbits/sec  7031  
[ 15]  33.00-34.00  sec  9.71 MBytes  81.5 Mbits/sec  7031  
[ 17]  33.00-34.00  sec  9.71 MBytes  81.5 Mbits/sec  7031  
[ 19]  33.00-34.00  sec  9.71 MBytes  81.5 Mbits/sec  7031  
[ 21]  33.00-34.00  sec  9.71 MBytes  81.5 Mbits/sec  7031  
[ 23]  33.00-34.00  sec  9.71 MBytes  81.5 Mbits/sec  7031  
[ 25]  33.00-34.00  sec  9.71 MBytes  81.5 Mbits/sec  7031  
[ 27]  33.00-34.00  sec  9.71 MBytes  81.5 Mbits/sec  7031  
[ 29]  33.00-34.00  sec  9.71 MBytes  81.5 Mbits/sec  7031  
[ 31]  33.00-34.00  sec  9.71 MBytes  81.5 Mbits/sec  7031  
[ 33]  33.00-34.00  sec  9.71 MBytes  81.5 Mbits/sec  7031  
[ 35]  33.00-34.00  sec  9.71 MBytes  81.5 Mbits/sec  7031  
[ 37]  33.00-34.00  sec  9.71 MBytes  81.5 Mbits/sec  7031  
[ 39]  33.00-34.00  sec  9.71 MBytes  81.5 Mbits/sec  7031  
[ 41]  33.00-34.00  sec  9.71 MBytes  81.5 Mbits/sec  7031  
[ 43]  33.00-34.00  sec  9.71 MBytes  81.5 Mbits/sec  7031  
[SUM]  33.00-34.00  sec   194 MBytes  1629 Mbits/sec  140620  
- - - - - - - - - - - - - - - - - - - - - - - - -
[  5]  34.00-35.00  sec  9.51 MBytes  79.8 Mbits/sec  6885  
[  7]  34.00-35.00  sec  9.51 MBytes  79.8 Mbits/sec  6885  
[  9]  34.00-35.00  sec  9.51 MBytes  79.8 Mbits/sec  6885  
[ 11]  34.00-35.00  sec  9.51 MBytes  79.8 Mbits/sec  6885  
[ 13]  34.00-35.00  sec  9.51 MBytes  79.8 Mbits/sec  6885  
[ 15]  34.00-35.00  sec  9.51 MBytes  79.8 Mbits/sec  6885  
[ 17]  34.00-35.00  sec  9.51 MBytes  79.8 Mbits/sec  6885  
[ 19]  34.00-35.00  sec  9.51 MBytes  79.8 Mbits/sec  6885  
[ 21]  34.00-35.00  sec  9.51 MBytes  79.8 Mbits/sec  6885  
[ 23]  34.00-35.00  sec  9.51 MBytes  79.8 Mbits/sec  6885  
[ 25]  34.00-35.00  sec  9.51 MBytes  79.8 Mbits/sec  6885  
[ 27]  34.00-35.00  sec  9.51 MBytes  79.8 Mbits/sec  6885  
[ 29]  34.00-35.00  sec  9.51 MBytes  79.8 Mbits/sec  6885  
[ 31]  34.00-35.00  sec  9.51 MBytes  79.8 Mbits/sec  6885  
[ 33]  34.00-35.00  sec  9.51 MBytes  79.8 Mbits/sec  6885  
[ 35]  34.00-35.00  sec  9.51 MBytes  79.8 Mbits/sec  6885  
[ 37]  34.00-35.00  sec  9.51 MBytes  79.8 Mbits/sec  6885  
[ 39]  34.00-35.00  sec  9.51 MBytes  79.8 Mbits/sec  6885  
[ 41]  34.00-35.00  sec  9.51 MBytes  79.8 Mbits/sec  6885  
[ 43]  34.00-35.00  sec  9.51 MBytes  79.8 Mbits/sec  6885  
[SUM]  34.00-35.00  sec   190 MBytes  1595 Mbits/sec  137700  
- - - - - - - - - - - - - - - - - - - - - - - - -
[  5]  35.00-36.00  sec  9.48 MBytes  79.5 Mbits/sec  6867  
[  7]  35.00-36.00  sec  9.48 MBytes  79.5 Mbits/sec  6867  
[  9]  35.00-36.00  sec  9.48 MBytes  79.5 Mbits/sec  6867  
[ 11]  35.00-36.00  sec  9.48 MBytes  79.5 Mbits/sec  6867  
[ 13]  35.00-36.00  sec  9.48 MBytes  79.5 Mbits/sec  6867  
[ 15]  35.00-36.00  sec  9.48 MBytes  79.5 Mbits/sec  6867  
[ 17]  35.00-36.00  sec  9.48 MBytes  79.5 Mbits/sec  6867  
[ 19]  35.00-36.00  sec  9.48 MBytes  79.5 Mbits/sec  6867  
[ 21]  35.00-36.00  sec  9.48 MBytes  79.5 Mbits/sec  6867  
[ 23]  35.00-36.00  sec  9.48 MBytes  79.5 Mbits/sec  6867  
[ 25]  35.00-36.00  sec  9.48 MBytes  79.5 Mbits/sec  6867  
[ 27]  35.00-36.00  sec  9.48 MBytes  79.5 Mbits/sec  6867  
[ 29]  35.00-36.00  sec  9.48 MBytes  79.5 Mbits/sec  6867  
[ 31]  35.00-36.00  sec  9.48 MBytes  79.5 Mbits/sec  6867  
[ 33]  35.00-36.00  sec  9.48 MBytes  79.5 Mbits/sec  6867  
[ 35]  35.00-36.00  sec  9.48 MBytes  79.5 Mbits/sec  6867  
[ 37]  35.00-36.00  sec  9.48 MBytes  79.5 Mbits/sec  6867  
[ 39]  35.00-36.00  sec  9.48 MBytes  79.5 Mbits/sec  6867  
[ 41]  35.00-36.00  sec  9.48 MBytes  79.5 Mbits/sec  6867  
[ 43]  35.00-36.00  sec  9.48 MBytes  79.5 Mbits/sec  6867  
[SUM]  35.00-36.00  sec   190 MBytes  1591 Mbits/sec  137340  
- - - - - - - - - - - - - - - - - - - - - - - - -
[  5]  36.00-37.00  sec  9.29 MBytes  77.9 Mbits/sec  6726  
[  7]  36.00-37.00  sec  9.29 MBytes  77.9 Mbits/sec  6726  
[  9]  36.00-37.00  sec  9.29 MBytes  77.9 Mbits/sec  6726  
[ 11]  36.00-37.00  sec  9.29 MBytes  77.9 Mbits/sec  6726  
[ 13]  36.00-37.00  sec  9.29 MBytes  77.9 Mbits/sec  6726  
[ 15]  36.00-37.00  sec  9.29 MBytes  77.9 Mbits/sec  6726  
[ 17]  36.00-37.00  sec  9.29 MBytes  77.9 Mbits/sec  6726  
[ 19]  36.00-37.00  sec  9.29 MBytes  77.9 Mbits/sec  6726  
[ 21]  36.00-37.00  sec  9.29 MBytes  77.9 Mbits/sec  6726  
[ 23]  36.00-37.00  sec  9.29 MBytes  77.9 Mbits/sec  6726  
[ 25]  36.00-37.00  sec  9.29 MBytes  77.9 Mbits/sec  6726  
[ 27]  36.00-37.00  sec  9.29 MBytes  77.9 Mbits/sec  6726  
[ 29]  36.00-37.00  sec  9.29 MBytes  77.9 Mbits/sec  6726  
[ 31]  36.00-37.00  sec  9.29 MBytes  77.9 Mbits/sec  6726  
[ 33]  36.00-37.00  sec  9.29 MBytes  77.9 Mbits/sec  6726  
[ 35]  36.00-37.00  sec  9.29 MBytes  77.9 Mbits/sec  6726  
[ 37]  36.00-37.00  sec  9.29 MBytes  77.9 Mbits/sec  6726  
[ 39]  36.00-37.00  sec  9.29 MBytes  77.9 Mbits/sec  6726  
[ 41]  36.00-37.00  sec  9.29 MBytes  77.9 Mbits/sec  6726  
[ 43]  36.00-37.00  sec  9.29 MBytes  77.9 Mbits/sec  6726  
[SUM]  36.00-37.00  sec   186 MBytes  1558 Mbits/sec  134520  
- - - - - - - - - - - - - - - - - - - - - - - - -
[  5]  37.00-38.00  sec  9.52 MBytes  79.9 Mbits/sec  6894  
[  7]  37.00-38.00  sec  9.52 MBytes  79.9 Mbits/sec  6894  
[  9]  37.00-38.00  sec  9.52 MBytes  79.9 Mbits/sec  6894  
[ 11]  37.00-38.00  sec  9.52 MBytes  79.9 Mbits/sec  6894  
[ 13]  37.00-38.00  sec  9.52 MBytes  79.9 Mbits/sec  6894  
[ 15]  37.00-38.00  sec  9.52 MBytes  79.9 Mbits/sec  6894  
[ 17]  37.00-38.00  sec  9.52 MBytes  79.9 Mbits/sec  6894  
[ 19]  37.00-38.00  sec  9.52 MBytes  79.9 Mbits/sec  6894  
[ 21]  37.00-38.00  sec  9.52 MBytes  79.9 Mbits/sec  6894  
[ 23]  37.00-38.00  sec  9.52 MBytes  79.9 Mbits/sec  6894  
[ 25]  37.00-38.00  sec  9.52 MBytes  79.9 Mbits/sec  6894  
[ 27]  37.00-38.00  sec  9.52 MBytes  79.9 Mbits/sec  6894  
[ 29]  37.00-38.00  sec  9.52 MBytes  79.9 Mbits/sec  6894  
[ 31]  37.00-38.00  sec  9.52 MBytes  79.9 Mbits/sec  6894  
[ 33]  37.00-38.00  sec  9.52 MBytes  79.9 Mbits/sec  6894  
[ 35]  37.00-38.00  sec  9.52 MBytes  79.9 Mbits/sec  6894  
[ 37]  37.00-38.00  sec  9.52 MBytes  79.9 Mbits/sec  6894  
[ 39]  37.00-38.00  sec  9.52 MBytes  79.9 Mbits/sec  6894  
[ 41]  37.00-38.00  sec  9.52 MBytes  79.9 Mbits/sec  6894  
[ 43]  37.00-38.00  sec  9.52 MBytes  79.9 Mbits/sec  6894  
[SUM]  37.00-38.00  sec   190 MBytes  1597 Mbits/sec  137880  
- - - - - - - - - - - - - - - - - - - - - - - - -
[  5]  38.00-39.00  sec  9.62 MBytes  80.7 Mbits/sec  6969  
[  7]  38.00-39.00  sec  9.62 MBytes  80.7 Mbits/sec  6969  
[  9]  38.00-39.00  sec  9.62 MBytes  80.7 Mbits/sec  6969  
[ 11]  38.00-39.00  sec  9.62 MBytes  80.7 Mbits/sec  6969  
[ 13]  38.00-39.00  sec  9.62 MBytes  80.7 Mbits/sec  6969  
[ 15]  38.00-39.00  sec  9.62 MBytes  80.7 Mbits/sec  6969  
[ 17]  38.00-39.00  sec  9.62 MBytes  80.7 Mbits/sec  6969  
[ 19]  38.00-39.00  sec  9.62 MBytes  80.7 Mbits/sec  6969  
[ 21]  38.00-39.00  sec  9.62 MBytes  80.7 Mbits/sec  6969  
[ 23]  38.00-39.00  sec  9.62 MBytes  80.7 Mbits/sec  6969  
[ 25]  38.00-39.00  sec  9.62 MBytes  80.7 Mbits/sec  6969  
[ 27]  38.00-39.00  sec  9.62 MBytes  80.7 Mbits/sec  6969  
[ 29]  38.00-39.00  sec  9.62 MBytes  80.7 Mbits/sec  6969  
[ 31]  38.00-39.00  sec  9.62 MBytes  80.7 Mbits/sec  6969  
[ 33]  38.00-39.00  sec  9.62 MBytes  80.7 Mbits/sec  6969  
[ 35]  38.00-39.00  sec  9.62 MBytes  80.7 Mbits/sec  6969  
[ 37]  38.00-39.00  sec  9.62 MBytes  80.7 Mbits/sec  6969  
[ 39]  38.00-39.00  sec  9.62 MBytes  80.7 Mbits/sec  6969  
[ 41]  38.00-39.00  sec  9.62 MBytes  80.7 Mbits/sec  6969  
[ 43]  38.00-39.00  sec  9.62 MBytes  80.7 Mbits/sec  6969  
[SUM]  38.00-39.00  sec   192 MBytes  1615 Mbits/sec  139380  
- - - - - - - - - - - - - - - - - - - - - - - - -
[  5]  39.00-40.00  sec  9.43 MBytes  79.1 Mbits/sec  6829  
[  7]  39.00-40.00  sec  9.43 MBytes  79.1 Mbits/sec  6829  
[  9]  39.00-40.00  sec  9.43 MBytes  79.1 Mbits/sec  6829  
[ 11]  39.00-40.00  sec  9.43 MBytes  79.1 Mbits/sec  6829  
[ 13]  39.00-40.00  sec  9.43 MBytes  79.1 Mbits/sec  6829  
[ 15]  39.00-40.00  sec  9.43 MBytes  79.1 Mbits/sec  6829  
[ 17]  39.00-40.00  sec  9.43 MBytes  79.1 Mbits/sec  6829  
[ 19]  39.00-40.00  sec  9.43 MBytes  79.1 Mbits/sec  6829  
[ 21]  39.00-40.00  sec  9.43 MBytes  79.1 Mbits/sec  6829  
[ 23]  39.00-40.00  sec  9.43 MBytes  79.1 Mbits/sec  6829  
[ 25]  39.00-40.00  sec  9.43 MBytes  79.1 Mbits/sec  6829  
[ 27]  39.00-40.00  sec  9.43 MBytes  79.1 Mbits/sec  6829  
[ 29]  39.00-40.00  sec  9.43 MBytes  79.1 Mbits/sec  6829  
[ 31]  39.00-40.00  sec  9.43 MBytes  79.1 Mbits/sec  6829  
[ 33]  39.00-40.00  sec  9.43 MBytes  79.1 Mbits/sec  6829  
[ 35]  39.00-40.00  sec  9.43 MBytes  79.1 Mbits/sec  6829  
[ 37]  39.00-40.00  sec  9.43 MBytes  79.1 Mbits/sec  6829  
[ 39]  39.00-40.00  sec  9.43 MBytes  79.1 Mbits/sec  6829  
[ 41]  39.00-40.00  sec  9.43 MBytes  79.1 Mbits/sec  6829  
[ 43]  39.00-40.00  sec  9.43 MBytes  79.1 Mbits/sec  6829  
[SUM]  39.00-40.00  sec   189 MBytes  1582 Mbits/sec  136580  
- - - - - - - - - - - - - - - - - - - - - - - - -
[  5]  40.00-41.00  sec  9.09 MBytes  76.2 Mbits/sec  6580  
[  7]  40.00-41.00  sec  9.09 MBytes  76.2 Mbits/sec  6580  
[  9]  40.00-41.00  sec  9.09 MBytes  76.2 Mbits/sec  6580  
[ 11]  40.00-41.00  sec  9.09 MBytes  76.2 Mbits/sec  6580  
[ 13]  40.00-41.00  sec  9.09 MBytes  76.2 Mbits/sec  6580  
[ 15]  40.00-41.00  sec  9.09 MBytes  76.2 Mbits/sec  6580  
[ 17]  40.00-41.00  sec  9.09 MBytes  76.2 Mbits/sec  6580  
[ 19]  40.00-41.00  sec  9.09 MBytes  76.2 Mbits/sec  6581  
[ 21]  40.00-41.00  sec  9.09 MBytes  76.2 Mbits/sec  6580  
[ 23]  40.00-41.00  sec  9.09 MBytes  76.2 Mbits/sec  6580  
[ 25]  40.00-41.00  sec  9.09 MBytes  76.2 Mbits/sec  6580  
[ 27]  40.00-41.00  sec  9.09 MBytes  76.2 Mbits/sec  6580  
[ 29]  40.00-41.00  sec  9.09 MBytes  76.2 Mbits/sec  6580  
[ 31]  40.00-41.00  sec  9.09 MBytes  76.2 Mbits/sec  6580  
[ 33]  40.00-41.00  sec  9.09 MBytes  76.2 Mbits/sec  6580  
[ 35]  40.00-41.00  sec  9.09 MBytes  76.2 Mbits/sec  6579  
[ 37]  40.00-41.00  sec  9.09 MBytes  76.2 Mbits/sec  6579  
[ 39]  40.00-41.00  sec  9.09 MBytes  76.2 Mbits/sec  6579  
[ 41]  40.00-41.00  sec  9.09 MBytes  76.2 Mbits/sec  6579  
[ 43]  40.00-41.00  sec  9.09 MBytes  76.2 Mbits/sec  6579  
[SUM]  40.00-41.00  sec   182 MBytes  1524 Mbits/sec  131596  
- - - - - - - - - - - - - - - - - - - - - - - - -
[  5]  41.00-42.00  sec  9.45 MBytes  79.2 Mbits/sec  6841  
[  7]  41.00-42.00  sec  9.45 MBytes  79.2 Mbits/sec  6841  
[  9]  41.00-42.00  sec  9.45 MBytes  79.2 Mbits/sec  6841  
[ 11]  41.00-42.00  sec  9.45 MBytes  79.2 Mbits/sec  6841  
[ 13]  41.00-42.00  sec  9.45 MBytes  79.2 Mbits/sec  6841  
[ 15]  41.00-42.00  sec  9.45 MBytes  79.2 Mbits/sec  6841  
[ 17]  41.00-42.00  sec  9.45 MBytes  79.2 Mbits/sec  6841  
[ 19]  41.00-42.00  sec  9.45 MBytes  79.2 Mbits/sec  6841  
[ 21]  41.00-42.00  sec  9.45 MBytes  79.2 Mbits/sec  6841  
[ 23]  41.00-42.00  sec  9.45 MBytes  79.2 Mbits/sec  6841  
[ 25]  41.00-42.00  sec  9.45 MBytes  79.2 Mbits/sec  6841  
[ 27]  41.00-42.00  sec  9.45 MBytes  79.2 Mbits/sec  6841  
[ 29]  41.00-42.00  sec  9.45 MBytes  79.2 Mbits/sec  6841  
[ 31]  41.00-42.00  sec  9.45 MBytes  79.2 Mbits/sec  6841  
[ 33]  41.00-42.00  sec  9.45 MBytes  79.2 Mbits/sec  6841  
[ 35]  41.00-42.00  sec  9.45 MBytes  79.2 Mbits/sec  6841  
[ 37]  41.00-42.00  sec  9.45 MBytes  79.2 Mbits/sec  6841  
[ 39]  41.00-42.00  sec  9.45 MBytes  79.2 Mbits/sec  6841  
[ 41]  41.00-42.00  sec  9.45 MBytes  79.2 Mbits/sec  6841  
[ 43]  41.00-42.00  sec  9.45 MBytes  79.2 Mbits/sec  6841  
[SUM]  41.00-42.00  sec   189 MBytes  1585 Mbits/sec  136820  
- - - - - - - - - - - - - - - - - - - - - - - - -
[  5]  42.00-43.00  sec  9.27 MBytes  77.7 Mbits/sec  6711  
[  7]  42.00-43.00  sec  9.27 MBytes  77.7 Mbits/sec  6711  
[  9]  42.00-43.00  sec  9.27 MBytes  77.7 Mbits/sec  6711  
[ 11]  42.00-43.00  sec  9.27 MBytes  77.7 Mbits/sec  6711  
[ 13]  42.00-43.00  sec  9.27 MBytes  77.7 Mbits/sec  6711  
[ 15]  42.00-43.00  sec  9.27 MBytes  77.7 Mbits/sec  6711  
[ 17]  42.00-43.00  sec  9.27 MBytes  77.7 Mbits/sec  6711  
[ 19]  42.00-43.00  sec  9.27 MBytes  77.7 Mbits/sec  6711  
[ 21]  42.00-43.00  sec  9.27 MBytes  77.7 Mbits/sec  6711  
[ 23]  42.00-43.00  sec  9.27 MBytes  77.7 Mbits/sec  6711  
[ 25]  42.00-43.00  sec  9.27 MBytes  77.7 Mbits/sec  6711  
[ 27]  42.00-43.00  sec  9.27 MBytes  77.7 Mbits/sec  6711  
[ 29]  42.00-43.00  sec  9.27 MBytes  77.7 Mbits/sec  6711  
[ 31]  42.00-43.00  sec  9.27 MBytes  77.7 Mbits/sec  6711  
[ 33]  42.00-43.00  sec  9.27 MBytes  77.7 Mbits/sec  6711  
[ 35]  42.00-43.00  sec  9.27 MBytes  77.7 Mbits/sec  6711  
[ 37]  42.00-43.00  sec  9.27 MBytes  77.7 Mbits/sec  6711  
[ 39]  42.00-43.00  sec  9.27 MBytes  77.7 Mbits/sec  6711  
[ 41]  42.00-43.00  sec  9.27 MBytes  77.7 Mbits/sec  6711  
[ 43]  42.00-43.00  sec  9.27 MBytes  77.7 Mbits/sec  6711  
[SUM]  42.00-43.00  sec   185 MBytes  1555 Mbits/sec  134220  
- - - - - - - - - - - - - - - - - - - - - - - - -
[  5]  43.00-44.00  sec  9.57 MBytes  80.3 Mbits/sec  6928  
[  7]  43.00-44.00  sec  9.57 MBytes  80.3 Mbits/sec  6928  
[  9]  43.00-44.00  sec  9.57 MBytes  80.3 Mbits/sec  6928  
[ 11]  43.00-44.00  sec  9.57 MBytes  80.3 Mbits/sec  6928  
[ 13]  43.00-44.00  sec  9.57 MBytes  80.3 Mbits/sec  6928  
[ 15]  43.00-44.00  sec  9.57 MBytes  80.3 Mbits/sec  6928  
[ 17]  43.00-44.00  sec  9.57 MBytes  80.3 Mbits/sec  6928  
[ 19]  43.00-44.00  sec  9.57 MBytes  80.3 Mbits/sec  6928  
[ 21]  43.00-44.00  sec  9.57 MBytes  80.3 Mbits/sec  6928  
[ 23]  43.00-44.00  sec  9.57 MBytes  80.3 Mbits/sec  6928  
[ 25]  43.00-44.00  sec  9.57 MBytes  80.3 Mbits/sec  6928  
[ 27]  43.00-44.00  sec  9.57 MBytes  80.3 Mbits/sec  6928  
[ 29]  43.00-44.00  sec  9.57 MBytes  80.3 Mbits/sec  6928  
[ 31]  43.00-44.00  sec  9.57 MBytes  80.3 Mbits/sec  6928  
[ 33]  43.00-44.00  sec  9.57 MBytes  80.3 Mbits/sec  6928  
[ 35]  43.00-44.00  sec  9.57 MBytes  80.3 Mbits/sec  6928  
[ 37]  43.00-44.00  sec  9.57 MBytes  80.3 Mbits/sec  6928  
[ 39]  43.00-44.00  sec  9.57 MBytes  80.3 Mbits/sec  6928  
[ 41]  43.00-44.00  sec  9.57 MBytes  80.3 Mbits/sec  6928  
[ 43]  43.00-44.00  sec  9.57 MBytes  80.3 Mbits/sec  6928  
[SUM]  43.00-44.00  sec   191 MBytes  1605 Mbits/sec  138560  
- - - - - - - - - - - - - - - - - - - - - - - - -
[  5]  44.00-45.00  sec  8.86 MBytes  74.3 Mbits/sec  6417  
[  7]  44.00-45.00  sec  8.86 MBytes  74.3 Mbits/sec  6417  
[  9]  44.00-45.00  sec  8.86 MBytes  74.3 Mbits/sec  6417  
[ 11]  44.00-45.00  sec  8.86 MBytes  74.3 Mbits/sec  6417  
[ 13]  44.00-45.00  sec  8.86 MBytes  74.3 Mbits/sec  6417  
[ 15]  44.00-45.00  sec  8.86 MBytes  74.3 Mbits/sec  6417  
[ 17]  44.00-45.00  sec  8.86 MBytes  74.3 Mbits/sec  6417  
[ 19]  44.00-45.00  sec  8.86 MBytes  74.3 Mbits/sec  6417  
[ 21]  44.00-45.00  sec  8.86 MBytes  74.3 Mbits/sec  6417  
[ 23]  44.00-45.00  sec  8.86 MBytes  74.3 Mbits/sec  6417  
[ 25]  44.00-45.00  sec  8.86 MBytes  74.3 Mbits/sec  6417  
[ 27]  44.00-45.00  sec  8.86 MBytes  74.3 Mbits/sec  6417  
[ 29]  44.00-45.00  sec  8.86 MBytes  74.3 Mbits/sec  6417  
[ 31]  44.00-45.00  sec  8.86 MBytes  74.3 Mbits/sec  6417  
[ 33]  44.00-45.00  sec  8.86 MBytes  74.3 Mbits/sec  6417  
[ 35]  44.00-45.00  sec  8.86 MBytes  74.3 Mbits/sec  6417  
[ 37]  44.00-45.00  sec  8.86 MBytes  74.3 Mbits/sec  6417  
[ 39]  44.00-45.00  sec  8.86 MBytes  74.3 Mbits/sec  6417  
[ 41]  44.00-45.00  sec  8.86 MBytes  74.3 Mbits/sec  6417  
[ 43]  44.00-45.00  sec  8.86 MBytes  74.3 Mbits/sec  6417  
[SUM]  44.00-45.00  sec   177 MBytes  1487 Mbits/sec  128340  
- - - - - - - - - - - - - - - - - - - - - - - - -
[  5]  45.00-46.00  sec  9.11 MBytes  76.4 Mbits/sec  6595  
[  7]  45.00-46.00  sec  9.11 MBytes  76.4 Mbits/sec  6595  
[  9]  45.00-46.00  sec  9.11 MBytes  76.4 Mbits/sec  6595  
[ 11]  45.00-46.00  sec  9.11 MBytes  76.4 Mbits/sec  6595  
[ 13]  45.00-46.00  sec  9.11 MBytes  76.4 Mbits/sec  6595  
[ 15]  45.00-46.00  sec  9.11 MBytes  76.4 Mbits/sec  6595  
[ 17]  45.00-46.00  sec  9.11 MBytes  76.4 Mbits/sec  6595  
[ 19]  45.00-46.00  sec  9.11 MBytes  76.4 Mbits/sec  6595  
[ 21]  45.00-46.00  sec  9.11 MBytes  76.4 Mbits/sec  6595  
[ 23]  45.00-46.00  sec  9.11 MBytes  76.4 Mbits/sec  6595  
[ 25]  45.00-46.00  sec  9.11 MBytes  76.4 Mbits/sec  6595  
[ 27]  45.00-46.00  sec  9.11 MBytes  76.4 Mbits/sec  6595  
[ 29]  45.00-46.00  sec  9.11 MBytes  76.4 Mbits/sec  6595  
[ 31]  45.00-46.00  sec  9.11 MBytes  76.4 Mbits/sec  6595  
[ 33]  45.00-46.00  sec  9.11 MBytes  76.4 Mbits/sec  6595  
[ 35]  45.00-46.00  sec  9.11 MBytes  76.4 Mbits/sec  6595  
[ 37]  45.00-46.00  sec  9.11 MBytes  76.4 Mbits/sec  6595  
[ 39]  45.00-46.00  sec  9.11 MBytes  76.4 Mbits/sec  6595  
[ 41]  45.00-46.00  sec  9.11 MBytes  76.4 Mbits/sec  6595  
[ 43]  45.00-46.00  sec  9.11 MBytes  76.4 Mbits/sec  6595  
[SUM]  45.00-46.00  sec   182 MBytes  1528 Mbits/sec  131900  
- - - - - - - - - - - - - - - - - - - - - - - - -
[  5]  46.00-47.00  sec  9.53 MBytes  79.9 Mbits/sec  6898  
[  7]  46.00-47.00  sec  9.53 MBytes  79.9 Mbits/sec  6898  
[  9]  46.00-47.00  sec  9.53 MBytes  79.9 Mbits/sec  6898  
[ 11]  46.00-47.00  sec  9.53 MBytes  79.9 Mbits/sec  6898  
[ 13]  46.00-47.00  sec  9.53 MBytes  79.9 Mbits/sec  6898  
[ 15]  46.00-47.00  sec  9.53 MBytes  79.9 Mbits/sec  6898  
[ 17]  46.00-47.00  sec  9.53 MBytes  79.9 Mbits/sec  6898  
[ 19]  46.00-47.00  sec  9.53 MBytes  79.9 Mbits/sec  6898  
[ 21]  46.00-47.00  sec  9.53 MBytes  79.9 Mbits/sec  6898  
[ 23]  46.00-47.00  sec  9.53 MBytes  79.9 Mbits/sec  6898  
[ 25]  46.00-47.00  sec  9.53 MBytes  79.9 Mbits/sec  6898  
[ 27]  46.00-47.00  sec  9.53 MBytes  79.9 Mbits/sec  6898  
[ 29]  46.00-47.00  sec  9.53 MBytes  79.9 Mbits/sec  6898  
[ 31]  46.00-47.00  sec  9.53 MBytes  79.9 Mbits/sec  6898  
[ 33]  46.00-47.00  sec  9.53 MBytes  79.9 Mbits/sec  6898  
[ 35]  46.00-47.00  sec  9.53 MBytes  79.9 Mbits/sec  6898  
[ 37]  46.00-47.00  sec  9.53 MBytes  79.9 Mbits/sec  6898  
[ 39]  46.00-47.00  sec  9.53 MBytes  79.9 Mbits/sec  6898  
[ 41]  46.00-47.00  sec  9.53 MBytes  79.9 Mbits/sec  6898  
[ 43]  46.00-47.00  sec  9.53 MBytes  79.9 Mbits/sec  6898  
[SUM]  46.00-47.00  sec   191 MBytes  1598 Mbits/sec  137960  
- - - - - - - - - - - - - - - - - - - - - - - - -
[  5]  47.00-48.00  sec  9.46 MBytes  79.4 Mbits/sec  6854  
[  7]  47.00-48.00  sec  9.46 MBytes  79.4 Mbits/sec  6854  
[  9]  47.00-48.00  sec  9.46 MBytes  79.4 Mbits/sec  6854  
[ 11]  47.00-48.00  sec  9.46 MBytes  79.4 Mbits/sec  6854  
[ 13]  47.00-48.00  sec  9.46 MBytes  79.4 Mbits/sec  6854  
[ 15]  47.00-48.00  sec  9.46 MBytes  79.4 Mbits/sec  6854  
[ 17]  47.00-48.00  sec  9.46 MBytes  79.4 Mbits/sec  6854  
[ 19]  47.00-48.00  sec  9.46 MBytes  79.4 Mbits/sec  6854  
[ 21]  47.00-48.00  sec  9.46 MBytes  79.4 Mbits/sec  6854  
[ 23]  47.00-48.00  sec  9.46 MBytes  79.4 Mbits/sec  6854  
[ 25]  47.00-48.00  sec  9.46 MBytes  79.4 Mbits/sec  6854  
[ 27]  47.00-48.00  sec  9.46 MBytes  79.4 Mbits/sec  6854  
[ 29]  47.00-48.00  sec  9.46 MBytes  79.4 Mbits/sec  6854  
[ 31]  47.00-48.00  sec  9.46 MBytes  79.4 Mbits/sec  6854  
[ 33]  47.00-48.00  sec  9.46 MBytes  79.4 Mbits/sec  6854  
[ 35]  47.00-48.00  sec  9.46 MBytes  79.4 Mbits/sec  6854  
[ 37]  47.00-48.00  sec  9.46 MBytes  79.4 Mbits/sec  6854  
[ 39]  47.00-48.00  sec  9.46 MBytes  79.4 Mbits/sec  6854  
[ 41]  47.00-48.00  sec  9.46 MBytes  79.4 Mbits/sec  6854  
[ 43]  47.00-48.00  sec  9.46 MBytes  79.4 Mbits/sec  6854  
[SUM]  47.00-48.00  sec   189 MBytes  1588 Mbits/sec  137080  
- - - - - - - - - - - - - - - - - - - - - - - - -
[  5]  48.00-49.00  sec  9.24 MBytes  77.5 Mbits/sec  6691  
[  7]  48.00-49.00  sec  9.24 MBytes  77.5 Mbits/sec  6691  
[  9]  48.00-49.00  sec  9.24 MBytes  77.5 Mbits/sec  6691  
[ 11]  48.00-49.00  sec  9.24 MBytes  77.5 Mbits/sec  6691  
[ 13]  48.00-49.00  sec  9.24 MBytes  77.5 Mbits/sec  6691  
[ 15]  48.00-49.00  sec  9.24 MBytes  77.5 Mbits/sec  6691  
[ 17]  48.00-49.00  sec  9.24 MBytes  77.5 Mbits/sec  6691  
[ 19]  48.00-49.00  sec  9.24 MBytes  77.5 Mbits/sec  6691  
[ 21]  48.00-49.00  sec  9.24 MBytes  77.5 Mbits/sec  6691  
[ 23]  48.00-49.00  sec  9.24 MBytes  77.5 Mbits/sec  6691  
[ 25]  48.00-49.00  sec  9.24 MBytes  77.5 Mbits/sec  6691  
[ 27]  48.00-49.00  sec  9.24 MBytes  77.5 Mbits/sec  6691  
[ 29]  48.00-49.00  sec  9.24 MBytes  77.5 Mbits/sec  6691  
[ 31]  48.00-49.00  sec  9.24 MBytes  77.5 Mbits/sec  6691  
[ 33]  48.00-49.00  sec  9.24 MBytes  77.5 Mbits/sec  6691  
[ 35]  48.00-49.00  sec  9.24 MBytes  77.5 Mbits/sec  6691  
[ 37]  48.00-49.00  sec  9.24 MBytes  77.5 Mbits/sec  6691  
[ 39]  48.00-49.00  sec  9.24 MBytes  77.5 Mbits/sec  6691  
[ 41]  48.00-49.00  sec  9.24 MBytes  77.5 Mbits/sec  6691  
[ 43]  48.00-49.00  sec  9.24 MBytes  77.5 Mbits/sec  6691  
[SUM]  48.00-49.00  sec   185 MBytes  1550 Mbits/sec  133820  
- - - - - - - - - - - - - - - - - - - - - - - - -
[  5]  49.00-50.00  sec  9.09 MBytes  76.2 Mbits/sec  6582  
[  7]  49.00-50.00  sec  9.09 MBytes  76.2 Mbits/sec  6582  
[  9]  49.00-50.00  sec  9.09 MBytes  76.2 Mbits/sec  6582  
[ 11]  49.00-50.00  sec  9.09 MBytes  76.2 Mbits/sec  6582  
[ 13]  49.00-50.00  sec  9.09 MBytes  76.2 Mbits/sec  6582  
[ 15]  49.00-50.00  sec  9.09 MBytes  76.2 Mbits/sec  6582  
[ 17]  49.00-50.00  sec  9.09 MBytes  76.2 Mbits/sec  6582  
[ 19]  49.00-50.00  sec  9.09 MBytes  76.2 Mbits/sec  6582  
[ 21]  49.00-50.00  sec  9.09 MBytes  76.2 Mbits/sec  6582  
[ 23]  49.00-50.00  sec  9.09 MBytes  76.2 Mbits/sec  6582  
[ 25]  49.00-50.00  sec  9.09 MBytes  76.2 Mbits/sec  6582  
[ 27]  49.00-50.00  sec  9.09 MBytes  76.2 Mbits/sec  6582  
[ 29]  49.00-50.00  sec  9.09 MBytes  76.2 Mbits/sec  6582  
[ 31]  49.00-50.00  sec  9.09 MBytes  76.2 Mbits/sec  6582  
[ 33]  49.00-50.00  sec  9.09 MBytes  76.2 Mbits/sec  6582  
[ 35]  49.00-50.00  sec  9.09 MBytes  76.2 Mbits/sec  6582  
[ 37]  49.00-50.00  sec  9.09 MBytes  76.2 Mbits/sec  6582  
[ 39]  49.00-50.00  sec  9.09 MBytes  76.2 Mbits/sec  6582  
[ 41]  49.00-50.00  sec  9.09 MBytes  76.2 Mbits/sec  6582  
[ 43]  49.00-50.00  sec  9.09 MBytes  76.2 Mbits/sec  6582  
[SUM]  49.00-50.00  sec   182 MBytes  1525 Mbits/sec  131640  
- - - - - - - - - - - - - - - - - - - - - - - - -
[  5]  50.00-51.00  sec  8.46 MBytes  70.9 Mbits/sec  6124  
[  7]  50.00-51.00  sec  8.46 MBytes  70.9 Mbits/sec  6124  
[  9]  50.00-51.00  sec  8.46 MBytes  70.9 Mbits/sec  6124  
[ 11]  50.00-51.00  sec  8.46 MBytes  70.9 Mbits/sec  6124  
[ 13]  50.00-51.00  sec  8.46 MBytes  70.9 Mbits/sec  6124  
[ 15]  50.00-51.00  sec  8.46 MBytes  70.9 Mbits/sec  6124  
[ 17]  50.00-51.00  sec  8.46 MBytes  70.9 Mbits/sec  6124  
[ 19]  50.00-51.00  sec  8.46 MBytes  70.9 Mbits/sec  6124  
[ 21]  50.00-51.00  sec  8.46 MBytes  70.9 Mbits/sec  6124  
[ 23]  50.00-51.00  sec  8.46 MBytes  70.9 Mbits/sec  6124  
[ 25]  50.00-51.00  sec  8.46 MBytes  70.9 Mbits/sec  6124  
[ 27]  50.00-51.00  sec  8.46 MBytes  70.9 Mbits/sec  6124  
[ 29]  50.00-51.00  sec  8.46 MBytes  70.9 Mbits/sec  6124  
[ 31]  50.00-51.00  sec  8.46 MBytes  70.9 Mbits/sec  6124  
[ 33]  50.00-51.00  sec  8.46 MBytes  70.9 Mbits/sec  6124  
[ 35]  50.00-51.00  sec  8.46 MBytes  70.9 Mbits/sec  6124  
[ 37]  50.00-51.00  sec  8.46 MBytes  70.9 Mbits/sec  6124  
[ 39]  50.00-51.00  sec  8.46 MBytes  70.9 Mbits/sec  6124  
[ 41]  50.00-51.00  sec  8.46 MBytes  70.9 Mbits/sec  6124  
[ 43]  50.00-51.00  sec  8.46 MBytes  70.9 Mbits/sec  6124  
[SUM]  50.00-51.00  sec   169 MBytes  1419 Mbits/sec  122480  
- - - - - - - - - - - - - - - - - - - - - - - - -
[  5]  51.00-52.00  sec  6.74 MBytes  56.6 Mbits/sec  4884  
[  7]  51.00-52.00  sec  6.74 MBytes  56.6 Mbits/sec  4884  
[  9]  51.00-52.00  sec  6.74 MBytes  56.6 Mbits/sec  4884  
[ 11]  51.00-52.00  sec  6.74 MBytes  56.6 Mbits/sec  4884  
[ 13]  51.00-52.00  sec  6.74 MBytes  56.6 Mbits/sec  4884  
[ 15]  51.00-52.00  sec  6.74 MBytes  56.6 Mbits/sec  4884  
[ 17]  51.00-52.00  sec  6.74 MBytes  56.6 Mbits/sec  4884  
[ 19]  51.00-52.00  sec  6.74 MBytes  56.6 Mbits/sec  4884  
[ 21]  51.00-52.00  sec  6.74 MBytes  56.6 Mbits/sec  4884  
[ 23]  51.00-52.00  sec  6.74 MBytes  56.6 Mbits/sec  4884  
[ 25]  51.00-52.00  sec  6.74 MBytes  56.6 Mbits/sec  4884  
[ 27]  51.00-52.00  sec  6.74 MBytes  56.6 Mbits/sec  4884  
[ 29]  51.00-52.00  sec  6.74 MBytes  56.6 Mbits/sec  4884  
[ 31]  51.00-52.00  sec  6.74 MBytes  56.6 Mbits/sec  4884  
[ 33]  51.00-52.00  sec  6.74 MBytes  56.6 Mbits/sec  4884  
[ 35]  51.00-52.00  sec  6.74 MBytes  56.6 Mbits/sec  4884  
[ 37]  51.00-52.00  sec  6.74 MBytes  56.6 Mbits/sec  4884  
[ 39]  51.00-52.00  sec  6.74 MBytes  56.6 Mbits/sec  4884  
[ 41]  51.00-52.00  sec  6.74 MBytes  56.6 Mbits/sec  4884  
[ 43]  51.00-52.00  sec  6.74 MBytes  56.6 Mbits/sec  4884  
[SUM]  51.00-52.00  sec   135 MBytes  1132 Mbits/sec  97680  
- - - - - - - - - - - - - - - - - - - - - - - - -
[  5]  52.00-53.00  sec  7.05 MBytes  59.1 Mbits/sec  5105  
[  7]  52.00-53.00  sec  7.05 MBytes  59.1 Mbits/sec  5105  
[  9]  52.00-53.00  sec  7.05 MBytes  59.1 Mbits/sec  5105  
[ 11]  52.00-53.00  sec  7.05 MBytes  59.1 Mbits/sec  5105  
[ 13]  52.00-53.00  sec  7.05 MBytes  59.1 Mbits/sec  5105  
[ 15]  52.00-53.00  sec  7.05 MBytes  59.1 Mbits/sec  5105  
[ 17]  52.00-53.00  sec  7.05 MBytes  59.1 Mbits/sec  5105  
[ 19]  52.00-53.00  sec  7.05 MBytes  59.1 Mbits/sec  5105  
[ 21]  52.00-53.00  sec  7.05 MBytes  59.1 Mbits/sec  5105  
[ 23]  52.00-53.00  sec  7.05 MBytes  59.1 Mbits/sec  5105  
[ 25]  52.00-53.00  sec  7.05 MBytes  59.1 Mbits/sec  5105  
[ 27]  52.00-53.00  sec  7.05 MBytes  59.1 Mbits/sec  5105  
[ 29]  52.00-53.00  sec  7.05 MBytes  59.1 Mbits/sec  5105  
[ 31]  52.00-53.00  sec  7.05 MBytes  59.1 Mbits/sec  5105  
[ 33]  52.00-53.00  sec  7.05 MBytes  59.1 Mbits/sec  5105  
[ 35]  52.00-53.00  sec  7.05 MBytes  59.1 Mbits/sec  5105  
[ 37]  52.00-53.00  sec  7.05 MBytes  59.1 Mbits/sec  5105  
[ 39]  52.00-53.00  sec  7.05 MBytes  59.1 Mbits/sec  5105  
[ 41]  52.00-53.00  sec  7.05 MBytes  59.1 Mbits/sec  5105  
[ 43]  52.00-53.00  sec  7.05 MBytes  59.1 Mbits/sec  5105  
[SUM]  52.00-53.00  sec   141 MBytes  1183 Mbits/sec  102100  
- - - - - - - - - - - - - - - - - - - - - - - - -
[  5]  53.00-54.00  sec  7.13 MBytes  59.8 Mbits/sec  5161  
[  7]  53.00-54.00  sec  7.13 MBytes  59.8 Mbits/sec  5161  
[  9]  53.00-54.00  sec  7.13 MBytes  59.8 Mbits/sec  5161  
[ 11]  53.00-54.00  sec  7.13 MBytes  59.8 Mbits/sec  5161  
[ 13]  53.00-54.00  sec  7.13 MBytes  59.8 Mbits/sec  5161  
[ 15]  53.00-54.00  sec  7.13 MBytes  59.8 Mbits/sec  5161  
[ 17]  53.00-54.00  sec  7.13 MBytes  59.8 Mbits/sec  5161  
[ 19]  53.00-54.00  sec  7.13 MBytes  59.8 Mbits/sec  5161  
[ 21]  53.00-54.00  sec  7.13 MBytes  59.8 Mbits/sec  5161  
[ 23]  53.00-54.00  sec  7.13 MBytes  59.8 Mbits/sec  5161  
[ 25]  53.00-54.00  sec  7.13 MBytes  59.8 Mbits/sec  5161  
[ 27]  53.00-54.00  sec  7.13 MBytes  59.8 Mbits/sec  5161  
[ 29]  53.00-54.00  sec  7.13 MBytes  59.8 Mbits/sec  5161  
[ 31]  53.00-54.00  sec  7.13 MBytes  59.8 Mbits/sec  5161  
[ 33]  53.00-54.00  sec  7.13 MBytes  59.8 Mbits/sec  5161  
[ 35]  53.00-54.00  sec  7.13 MBytes  59.8 Mbits/sec  5161  
[ 37]  53.00-54.00  sec  7.13 MBytes  59.8 Mbits/sec  5161  
[ 39]  53.00-54.00  sec  7.13 MBytes  59.8 Mbits/sec  5161  
[ 41]  53.00-54.00  sec  7.13 MBytes  59.8 Mbits/sec  5161  
[ 43]  53.00-54.00  sec  7.13 MBytes  59.8 Mbits/sec  5161  
[SUM]  53.00-54.00  sec   143 MBytes  1196 Mbits/sec  103220  
- - - - - - - - - - - - - - - - - - - - - - - - -
[  5]  54.00-55.00  sec  7.15 MBytes  60.0 Mbits/sec  5176  
[  7]  54.00-55.00  sec  7.15 MBytes  60.0 Mbits/sec  5176  
[  9]  54.00-55.00  sec  7.15 MBytes  60.0 Mbits/sec  5176  
[ 11]  54.00-55.00  sec  7.15 MBytes  60.0 Mbits/sec  5176  
[ 13]  54.00-55.00  sec  7.15 MBytes  60.0 Mbits/sec  5176  
[ 15]  54.00-55.00  sec  7.15 MBytes  60.0 Mbits/sec  5176  
[ 17]  54.00-55.00  sec  7.15 MBytes  60.0 Mbits/sec  5176  
[ 19]  54.00-55.00  sec  7.15 MBytes  60.0 Mbits/sec  5176  
[ 21]  54.00-55.00  sec  7.15 MBytes  60.0 Mbits/sec  5176  
[ 23]  54.00-55.00  sec  7.15 MBytes  60.0 Mbits/sec  5176  
[ 25]  54.00-55.00  sec  7.15 MBytes  60.0 Mbits/sec  5176  
[ 27]  54.00-55.00  sec  7.15 MBytes  60.0 Mbits/sec  5176  
[ 29]  54.00-55.00  sec  7.15 MBytes  60.0 Mbits/sec  5176  
[ 31]  54.00-55.00  sec  7.15 MBytes  60.0 Mbits/sec  5176  
[ 33]  54.00-55.00  sec  7.15 MBytes  60.0 Mbits/sec  5176  
[ 35]  54.00-55.00  sec  7.15 MBytes  60.0 Mbits/sec  5176  
[ 37]  54.00-55.00  sec  7.15 MBytes  60.0 Mbits/sec  5176  
[ 39]  54.00-55.00  sec  7.15 MBytes  60.0 Mbits/sec  5176  
[ 41]  54.00-55.00  sec  7.15 MBytes  60.0 Mbits/sec  5176  
[ 43]  54.00-55.00  sec  7.15 MBytes  60.0 Mbits/sec  5176  
[SUM]  54.00-55.00  sec   143 MBytes  1199 Mbits/sec  103520  
- - - - - - - - - - - - - - - - - - - - - - - - -
[  5]  55.00-56.00  sec  7.06 MBytes  59.2 Mbits/sec  5114  
[  7]  55.00-56.00  sec  7.06 MBytes  59.2 Mbits/sec  5114  
[  9]  55.00-56.00  sec  7.06 MBytes  59.2 Mbits/sec  5114  
[ 11]  55.00-56.00  sec  7.06 MBytes  59.2 Mbits/sec  5114  
[ 13]  55.00-56.00  sec  7.06 MBytes  59.2 Mbits/sec  5114  
[ 15]  55.00-56.00  sec  7.06 MBytes  59.2 Mbits/sec  5114  
[ 17]  55.00-56.00  sec  7.06 MBytes  59.2 Mbits/sec  5114  
[ 19]  55.00-56.00  sec  7.06 MBytes  59.2 Mbits/sec  5114  
[ 21]  55.00-56.00  sec  7.06 MBytes  59.2 Mbits/sec  5114  
[ 23]  55.00-56.00  sec  7.06 MBytes  59.2 Mbits/sec  5114  
[ 25]  55.00-56.00  sec  7.06 MBytes  59.2 Mbits/sec  5114  
[ 27]  55.00-56.00  sec  7.06 MBytes  59.2 Mbits/sec  5114  
[ 29]  55.00-56.00  sec  7.06 MBytes  59.2 Mbits/sec  5114  
[ 31]  55.00-56.00  sec  7.06 MBytes  59.2 Mbits/sec  5114  
[ 33]  55.00-56.00  sec  7.06 MBytes  59.2 Mbits/sec  5114  
[ 35]  55.00-56.00  sec  7.06 MBytes  59.2 Mbits/sec  5114  
[ 37]  55.00-56.00  sec  7.06 MBytes  59.2 Mbits/sec  5114  
[ 39]  55.00-56.00  sec  7.06 MBytes  59.2 Mbits/sec  5114  
[ 41]  55.00-56.00  sec  7.06 MBytes  59.2 Mbits/sec  5114  
[ 43]  55.00-56.00  sec  7.06 MBytes  59.2 Mbits/sec  5114  
[SUM]  55.00-56.00  sec   141 MBytes  1185 Mbits/sec  102280  
- - - - - - - - - - - - - - - - - - - - - - - - -
[  5]  56.00-57.00  sec  7.04 MBytes  59.1 Mbits/sec  5101  
[  7]  56.00-57.00  sec  7.04 MBytes  59.1 Mbits/sec  5101  
[  9]  56.00-57.00  sec  7.04 MBytes  59.1 Mbits/sec  5101  
[ 11]  56.00-57.00  sec  7.04 MBytes  59.1 Mbits/sec  5101  
[ 13]  56.00-57.00  sec  7.04 MBytes  59.1 Mbits/sec  5101  
[ 15]  56.00-57.00  sec  7.04 MBytes  59.1 Mbits/sec  5101  
[ 17]  56.00-57.00  sec  7.04 MBytes  59.1 Mbits/sec  5101  
[ 19]  56.00-57.00  sec  7.04 MBytes  59.1 Mbits/sec  5101  
[ 21]  56.00-57.00  sec  7.04 MBytes  59.1 Mbits/sec  5101  
[ 23]  56.00-57.00  sec  7.04 MBytes  59.1 Mbits/sec  5101  
[ 25]  56.00-57.00  sec  7.04 MBytes  59.1 Mbits/sec  5101  
[ 27]  56.00-57.00  sec  7.04 MBytes  59.1 Mbits/sec  5101  
[ 29]  56.00-57.00  sec  7.04 MBytes  59.1 Mbits/sec  5101  
[ 31]  56.00-57.00  sec  7.04 MBytes  59.1 Mbits/sec  5101  
[ 33]  56.00-57.00  sec  7.04 MBytes  59.1 Mbits/sec  5101  
[ 35]  56.00-57.00  sec  7.04 MBytes  59.1 Mbits/sec  5101  
[ 37]  56.00-57.00  sec  7.04 MBytes  59.1 Mbits/sec  5101  
[ 39]  56.00-57.00  sec  7.04 MBytes  59.1 Mbits/sec  5101  
[ 41]  56.00-57.00  sec  7.04 MBytes  59.1 Mbits/sec  5101  
[ 43]  56.00-57.00  sec  7.04 MBytes  59.1 Mbits/sec  5101  
[SUM]  56.00-57.00  sec   141 MBytes  1182 Mbits/sec  102020  
- - - - - - - - - - - - - - - - - - - - - - - - -
[  5]  57.00-58.00  sec  6.85 MBytes  57.5 Mbits/sec  4961  
[  7]  57.00-58.00  sec  6.85 MBytes  57.5 Mbits/sec  4961  
[  9]  57.00-58.00  sec  6.85 MBytes  57.5 Mbits/sec  4961  
[ 11]  57.00-58.00  sec  6.85 MBytes  57.5 Mbits/sec  4961  
[ 13]  57.00-58.00  sec  6.85 MBytes  57.5 Mbits/sec  4961  
[ 15]  57.00-58.00  sec  6.85 MBytes  57.5 Mbits/sec  4961  
[ 17]  57.00-58.00  sec  6.85 MBytes  57.5 Mbits/sec  4961  
[ 19]  57.00-58.00  sec  6.85 MBytes  57.5 Mbits/sec  4961  
[ 21]  57.00-58.00  sec  6.85 MBytes  57.5 Mbits/sec  4961  
[ 23]  57.00-58.00  sec  6.85 MBytes  57.5 Mbits/sec  4961  
[ 25]  57.00-58.00  sec  6.85 MBytes  57.5 Mbits/sec  4961  
[ 27]  57.00-58.00  sec  6.85 MBytes  57.5 Mbits/sec  4961  
[ 29]  57.00-58.00  sec  6.85 MBytes  57.5 Mbits/sec  4961  
[ 31]  57.00-58.00  sec  6.85 MBytes  57.5 Mbits/sec  4961  
[ 33]  57.00-58.00  sec  6.85 MBytes  57.5 Mbits/sec  4961  
[ 35]  57.00-58.00  sec  6.85 MBytes  57.5 Mbits/sec  4961  
[ 37]  57.00-58.00  sec  6.85 MBytes  57.5 Mbits/sec  4961  
[ 39]  57.00-58.00  sec  6.85 MBytes  57.5 Mbits/sec  4961  
[ 41]  57.00-58.00  sec  6.85 MBytes  57.5 Mbits/sec  4961  
[ 43]  57.00-58.00  sec  6.85 MBytes  57.5 Mbits/sec  4961  
[SUM]  57.00-58.00  sec   137 MBytes  1149 Mbits/sec  99220  
- - - - - - - - - - - - - - - - - - - - - - - - -
[  5]  58.00-59.00  sec  6.90 MBytes  57.9 Mbits/sec  4997  
[  7]  58.00-59.00  sec  6.90 MBytes  57.9 Mbits/sec  4997  
[  9]  58.00-59.00  sec  6.90 MBytes  57.9 Mbits/sec  4997  
[ 11]  58.00-59.00  sec  6.90 MBytes  57.9 Mbits/sec  4997  
[ 13]  58.00-59.00  sec  6.90 MBytes  57.9 Mbits/sec  4997  
[ 15]  58.00-59.00  sec  6.90 MBytes  57.9 Mbits/sec  4997  
[ 17]  58.00-59.00  sec  6.90 MBytes  57.9 Mbits/sec  4997  
[ 19]  58.00-59.00  sec  6.90 MBytes  57.9 Mbits/sec  4997  
[ 21]  58.00-59.00  sec  6.90 MBytes  57.9 Mbits/sec  4997  
[ 23]  58.00-59.00  sec  6.90 MBytes  57.9 Mbits/sec  4997  
[ 25]  58.00-59.00  sec  6.90 MBytes  57.9 Mbits/sec  4997  
[ 27]  58.00-59.00  sec  6.90 MBytes  57.9 Mbits/sec  4997  
[ 29]  58.00-59.00  sec  6.90 MBytes  57.9 Mbits/sec  4997  
[ 31]  58.00-59.00  sec  6.90 MBytes  57.9 Mbits/sec  4997  
[ 33]  58.00-59.00  sec  6.90 MBytes  57.9 Mbits/sec  4997  
[ 35]  58.00-59.00  sec  6.90 MBytes  57.9 Mbits/sec  4997  
[ 37]  58.00-59.00  sec  6.90 MBytes  57.9 Mbits/sec  4997  
[ 39]  58.00-59.00  sec  6.90 MBytes  57.9 Mbits/sec  4997  
[ 41]  58.00-59.00  sec  6.90 MBytes  57.9 Mbits/sec  4997  
[ 43]  58.00-59.00  sec  6.90 MBytes  57.9 Mbits/sec  4997  
[SUM]  58.00-59.00  sec   138 MBytes  1158 Mbits/sec  99940  
- - - - - - - - - - - - - - - - - - - - - - - - -
[  5]  59.00-60.00  sec  7.19 MBytes  60.3 Mbits/sec  5209  
[  7]  59.00-60.00  sec  7.19 MBytes  60.3 Mbits/sec  5209  
[  9]  59.00-60.00  sec  7.19 MBytes  60.3 Mbits/sec  5209  
[ 11]  59.00-60.00  sec  7.19 MBytes  60.3 Mbits/sec  5209  
[ 13]  59.00-60.00  sec  7.19 MBytes  60.3 Mbits/sec  5209  
[ 15]  59.00-60.00  sec  7.19 MBytes  60.3 Mbits/sec  5209  
[ 17]  59.00-60.00  sec  7.19 MBytes  60.3 Mbits/sec  5209  
[ 19]  59.00-60.00  sec  7.19 MBytes  60.3 Mbits/sec  5209  
[ 21]  59.00-60.00  sec  7.19 MBytes  60.3 Mbits/sec  5209  
[ 23]  59.00-60.00  sec  7.19 MBytes  60.3 Mbits/sec  5209  
[ 25]  59.00-60.00  sec  7.19 MBytes  60.3 Mbits/sec  5209  
[ 27]  59.00-60.00  sec  7.19 MBytes  60.3 Mbits/sec  5209  
[ 29]  59.00-60.00  sec  7.19 MBytes  60.3 Mbits/sec  5209  
[ 31]  59.00-60.00  sec  7.19 MBytes  60.3 Mbits/sec  5209  
[ 33]  59.00-60.00  sec  7.19 MBytes  60.3 Mbits/sec  5209  
[ 35]  59.00-60.00  sec  7.19 MBytes  60.3 Mbits/sec  5209  
[ 37]  59.00-60.00  sec  7.19 MBytes  60.3 Mbits/sec  5209  
[ 39]  59.00-60.00  sec  7.19 MBytes  60.3 Mbits/sec  5209  
[ 41]  59.00-60.00  sec  7.19 MBytes  60.3 Mbits/sec  5209  
[ 43]  59.00-60.00  sec  7.19 MBytes  60.3 Mbits/sec  5209  
[SUM]  59.00-60.00  sec   144 MBytes  1207 Mbits/sec  104180  
- - - - - - - - - - - - - - - - - - - - - - - - -
[ ID] Interval           Transfer     Bitrate         Jitter    Lost/Total Datagrams
[  5]   0.00-60.00  sec   543 MBytes  75.9 Mbits/sec  0.000 ms  0/393066 (0%)  sender
[  5]   0.00-60.00  sec   543 MBytes  75.9 Mbits/sec  0.075 ms  0/393066 (0%)  receiver
[  7]   0.00-60.00  sec   543 MBytes  75.9 Mbits/sec  0.000 ms  0/393057 (0%)  sender
[  7]   0.00-60.00  sec   543 MBytes  75.9 Mbits/sec  0.121 ms  0/393057 (0%)  receiver
[  9]   0.00-60.00  sec   543 MBytes  75.9 Mbits/sec  0.000 ms  0/393052 (0%)  sender
[  9]   0.00-60.00  sec   543 MBytes  75.9 Mbits/sec  0.080 ms  0/393052 (0%)  receiver
[ 11]   0.00-60.00  sec   543 MBytes  75.9 Mbits/sec  0.000 ms  0/393046 (0%)  sender
[ 11]   0.00-60.00  sec   543 MBytes  75.9 Mbits/sec  0.079 ms  0/393046 (0%)  receiver
[ 13]   0.00-60.00  sec   543 MBytes  75.9 Mbits/sec  0.000 ms  0/393037 (0%)  sender
[ 13]   0.00-60.00  sec   543 MBytes  75.9 Mbits/sec  0.099 ms  0/393037 (0%)  receiver
[ 15]   0.00-60.00  sec   543 MBytes  75.9 Mbits/sec  0.000 ms  0/393026 (0%)  sender
[ 15]   0.00-60.00  sec   543 MBytes  75.9 Mbits/sec  0.078 ms  0/393026 (0%)  receiver
[ 17]   0.00-60.00  sec   543 MBytes  75.9 Mbits/sec  0.000 ms  0/393013 (0%)  sender
[ 17]   0.00-60.00  sec   543 MBytes  75.9 Mbits/sec  0.096 ms  0/393013 (0%)  receiver
[ 19]   0.00-60.00  sec   543 MBytes  75.9 Mbits/sec  0.000 ms  0/393007 (0%)  sender
[ 19]   0.00-60.00  sec   543 MBytes  75.9 Mbits/sec  0.046 ms  0/393007 (0%)  receiver
[ 21]   0.00-60.00  sec   543 MBytes  75.9 Mbits/sec  0.000 ms  0/392996 (0%)  sender
[ 21]   0.00-60.00  sec   543 MBytes  75.9 Mbits/sec  0.053 ms  0/392996 (0%)  receiver
[ 23]   0.00-60.00  sec   543 MBytes  75.9 Mbits/sec  0.000 ms  0/392988 (0%)  sender
[ 23]   0.00-60.00  sec   543 MBytes  75.9 Mbits/sec  0.052 ms  0/392988 (0%)  receiver
[ 25]   0.00-60.00  sec   543 MBytes  75.9 Mbits/sec  0.000 ms  0/392976 (0%)  sender
[ 25]   0.00-60.00  sec   543 MBytes  75.9 Mbits/sec  0.083 ms  0/392976 (0%)  receiver
[ 27]   0.00-60.00  sec   543 MBytes  75.9 Mbits/sec  0.000 ms  0/392963 (0%)  sender
[ 27]   0.00-60.00  sec   543 MBytes  75.9 Mbits/sec  0.222 ms  0/392963 (0%)  receiver
[ 29]   0.00-60.00  sec   543 MBytes  75.9 Mbits/sec  0.000 ms  0/392959 (0%)  sender
[ 29]   0.00-60.00  sec   543 MBytes  75.9 Mbits/sec  0.057 ms  0/392959 (0%)  receiver
[ 31]   0.00-60.00  sec   543 MBytes  75.9 Mbits/sec  0.000 ms  0/392948 (0%)  sender
[ 31]   0.00-60.00  sec   543 MBytes  75.9 Mbits/sec  0.125 ms  0/392948 (0%)  receiver
[ 33]   0.00-60.00  sec   543 MBytes  75.9 Mbits/sec  0.000 ms  0/392942 (0%)  sender
[ 33]   0.00-60.00  sec   543 MBytes  75.9 Mbits/sec  0.080 ms  0/392942 (0%)  receiver
[ 35]   0.00-60.00  sec   543 MBytes  75.9 Mbits/sec  0.000 ms  0/392930 (0%)  sender
[ 35]   0.00-60.00  sec   543 MBytes  75.9 Mbits/sec  0.111 ms  0/392930 (0%)  receiver
[ 37]   0.00-60.00  sec   543 MBytes  75.9 Mbits/sec  0.000 ms  0/392918 (0%)  sender
[ 37]   0.00-60.00  sec   543 MBytes  75.9 Mbits/sec  0.071 ms  0/392918 (0%)  receiver
[ 39]   0.00-60.00  sec   543 MBytes  75.9 Mbits/sec  0.000 ms  0/392907 (0%)  sender
[ 39]   0.00-60.00  sec   543 MBytes  75.9 Mbits/sec  0.070 ms  0/392907 (0%)  receiver
[ 41]   0.00-60.00  sec   543 MBytes  75.9 Mbits/sec  0.000 ms  0/392901 (0%)  sender
[ 41]   0.00-60.00  sec   543 MBytes  75.9 Mbits/sec  0.090 ms  0/392901 (0%)  receiver
[ 43]   0.00-60.00  sec   543 MBytes  75.9 Mbits/sec  0.000 ms  0/392889 (0%)  sender
[ 43]   0.00-60.00  sec   543 MBytes  75.9 Mbits/sec  0.075 ms  0/392889 (0%)  receiver
[SUM]   0.00-60.00  sec  10.6 GBytes  1517 Mbits/sec  0.000 ms  0/7859621 (0%)  sender
[SUM]   0.00-60.00  sec  10.6 GBytes  1517 Mbits/sec  0.088 ms  0/7859621 (0%)  receiver

iperf Done.
