Connecting to host 10.10.0.4, port 30000
[  5] local 10.244.1.2 port 39264 connected to 10.10.0.4 port 30000
[ ID] Interval           Transfer     Bitrate         Retr  Cwnd
[  5]   0.00-1.00   sec  1.15 GBytes  9912 Mbits/sec  192   1.55 MBytes       
[  5]   1.00-2.00   sec  1.16 GBytes  9942 Mbits/sec   55   1.19 MBytes       
[  5]   2.00-3.00   sec  1.20 GBytes  10346 Mbits/sec   19   1.33 MBytes       
[  5]   3.00-4.00   sec  1.46 GBytes  12565 Mbits/sec    0   1.99 MBytes       
[  5]   4.00-5.00   sec  1.95 GBytes  16768 Mbits/sec    0   2.64 MBytes       
[  5]   5.00-6.00   sec  1.83 GBytes  15695 Mbits/sec  809   2.46 MBytes       
[  5]   6.00-7.00   sec  1.81 GBytes  15547 Mbits/sec  144   2.39 MBytes       
[  5]   7.00-8.00   sec  1.73 GBytes  14871 Mbits/sec  917   2.29 MBytes       
[  5]   8.00-9.00   sec  1.81 GBytes  15540 Mbits/sec   67   2.21 MBytes       
[  5]   9.00-10.00  sec  1.55 GBytes  13285 Mbits/sec  967   1.62 MBytes       
[  5]  10.00-11.00  sec  1.17 GBytes  10035 Mbits/sec   41   1.25 MBytes       
[  5]  11.00-12.00  sec  1.21 GBytes  10393 Mbits/sec   28   1.34 MBytes       
[  5]  12.00-13.00  sec  1.21 GBytes  10402 Mbits/sec    1   1.45 MBytes       
[  5]  13.00-14.00  sec  1.21 GBytes  10402 Mbits/sec   28   1.54 MBytes       
[  5]  14.00-15.00  sec  1.19 GBytes  10250 Mbits/sec    3   1.64 MBytes       
[  5]  15.00-16.00  sec  1.16 GBytes  9935 Mbits/sec   72   1.73 MBytes       
[  5]  16.00-17.00  sec  1.18 GBytes  10139 Mbits/sec   44   1.32 MBytes       
[  5]  17.00-18.00  sec  1.16 GBytes  9941 Mbits/sec  146   1.42 MBytes       
[  5]  18.00-19.00  sec  1.20 GBytes  10349 Mbits/sec   84   1.51 MBytes       
[  5]  19.00-20.00  sec  1.21 GBytes  10400 Mbits/sec  104   1.59 MBytes       
[  5]  20.00-21.00  sec  1.16 GBytes  10004 Mbits/sec    1   1.69 MBytes       
[  5]  21.00-22.00  sec  1.22 GBytes  10498 Mbits/sec   61   1.29 MBytes       
[  5]  22.00-23.00  sec  1.21 GBytes  10412 Mbits/sec   27   1.35 MBytes       
[  5]  23.00-24.00  sec  1.17 GBytes  10067 Mbits/sec   65   1.42 MBytes       
[  5]  24.00-25.00  sec  1.22 GBytes  10443 Mbits/sec   59   1.51 MBytes       
[  5]  25.00-26.00  sec  1.20 GBytes  10285 Mbits/sec   12   1.68 MBytes       
[  5]  26.00-27.00  sec  1.20 GBytes  10331 Mbits/sec    7   1.74 MBytes       
[  5]  27.00-28.00  sec  1.22 GBytes  10486 Mbits/sec  227   1.30 MBytes       
[  5]  28.00-29.00  sec  1.16 GBytes  9993 Mbits/sec  105   1.29 MBytes       
[  5]  29.00-30.00  sec  1.14 GBytes  9762 Mbits/sec   32   1.37 MBytes       
[  5]  30.00-31.00  sec  1.08 GBytes  9290 Mbits/sec   11   1.58 MBytes       
[  5]  31.00-32.00  sec  1.22 GBytes  10496 Mbits/sec    2   1.65 MBytes       
[  5]  32.00-33.00  sec  1.23 GBytes  10559 Mbits/sec  137   1.28 MBytes       
[  5]  33.00-34.00  sec  1.19 GBytes  10234 Mbits/sec   44   1.38 MBytes       
[  5]  34.00-35.00  sec  1.17 GBytes  10067 Mbits/sec  113   1.50 MBytes       
[  5]  35.00-36.00  sec  1.23 GBytes  10570 Mbits/sec   13   1.59 MBytes       
[  5]  36.00-37.00  sec  1.66 GBytes  14279 Mbits/sec    0   2.24 MBytes       
[  5]  37.00-38.00  sec  1.79 GBytes  15370 Mbits/sec   60   2.18 MBytes       
[  5]  38.00-39.00  sec  2.06 GBytes  17722 Mbits/sec   17   2.01 MBytes       
[  5]  39.00-40.00  sec  1.94 GBytes  16687 Mbits/sec    0   2.64 MBytes       
[  5]  40.00-41.00  sec  1.88 GBytes  16149 Mbits/sec  182   2.50 MBytes       
[  5]  41.00-42.00  sec  2.06 GBytes  17707 Mbits/sec  106   1.57 MBytes       
[  5]  42.00-43.00  sec  1.38 GBytes  11851 Mbits/sec  153   1.64 MBytes       
[  5]  43.00-44.00  sec  1.65 GBytes  14140 Mbits/sec    0   2.29 MBytes       
[  5]  44.00-45.00  sec  1.72 GBytes  14811 Mbits/sec   69   2.20 MBytes       
[  5]  45.00-46.00  sec  1.74 GBytes  14963 Mbits/sec  383   1.53 MBytes       
[  5]  46.00-47.00  sec  1.62 GBytes  13884 Mbits/sec    0   2.17 MBytes       
[  5]  47.00-48.00  sec  1.66 GBytes  14237 Mbits/sec  194   1.53 MBytes       
[  5]  48.00-49.00  sec  1.25 GBytes  10771 Mbits/sec   29   1.59 MBytes       
[  5]  49.00-50.00  sec  1.19 GBytes  10202 Mbits/sec   23   1.67 MBytes       
[  5]  50.00-51.00  sec  1.14 GBytes  9813 Mbits/sec   84   1.26 MBytes       
[  5]  51.00-52.00  sec  1.27 GBytes  10917 Mbits/sec   54   1.35 MBytes       
[  5]  52.00-53.00  sec  1.22 GBytes  10465 Mbits/sec   63   1.42 MBytes       
[  5]  53.00-54.00  sec  1.13 GBytes  9730 Mbits/sec   13   1.55 MBytes       
[  5]  54.00-55.00  sec  1.13 GBytes  9727 Mbits/sec   44   1.65 MBytes       
[  5]  55.00-56.00  sec  1.62 GBytes  13903 Mbits/sec    0   2.28 MBytes       
[  5]  56.00-57.00  sec  1.94 GBytes  16643 Mbits/sec   84   2.07 MBytes       
[  5]  57.00-58.00  sec  1.81 GBytes  15588 Mbits/sec  725   1.94 MBytes       
[  5]  58.00-59.00  sec  1.47 GBytes  12648 Mbits/sec  521   1.40 MBytes       
[  5]  59.00-60.00  sec  1.20 GBytes  10349 Mbits/sec   85   1.57 MBytes       
- - - - - - - - - - - - - - - - - - - - - - - - -
[ ID] Interval           Transfer     Bitrate         Retr
[  5]   0.00-60.00  sec  84.1 GBytes  12046 Mbits/sec  7526             sender
[  5]   0.00-60.00  sec  84.1 GBytes  12045 Mbits/sec                  receiver

iperf Done.
