Connecting to host 10.10.0.3, port 30000
[  5] local 10.0.1.236 port 47253 connected to 10.10.0.3 port 30000
[  7] local 10.0.1.236 port 42859 connected to 10.10.0.3 port 30000
[  9] local 10.0.1.236 port 57384 connected to 10.10.0.3 port 30000
[ 11] local 10.0.1.236 port 50196 connected to 10.10.0.3 port 30000
[ 13] local 10.0.1.236 port 50178 connected to 10.10.0.3 port 30000
[ 15] local 10.0.1.236 port 53626 connected to 10.10.0.3 port 30000
[ 17] local 10.0.1.236 port 39082 connected to 10.10.0.3 port 30000
[ 19] local 10.0.1.236 port 60462 connected to 10.10.0.3 port 30000
[ 21] local 10.0.1.236 port 60624 connected to 10.10.0.3 port 30000
[ 23] local 10.0.1.236 port 42695 connected to 10.10.0.3 port 30000
[ 25] local 10.0.1.236 port 46992 connected to 10.10.0.3 port 30000
[ 27] local 10.0.1.236 port 43057 connected to 10.10.0.3 port 30000
[ 29] local 10.0.1.236 port 53554 connected to 10.10.0.3 port 30000
[ 31] local 10.0.1.236 port 49748 connected to 10.10.0.3 port 30000
[ 33] local 10.0.1.236 port 52879 connected to 10.10.0.3 port 30000
[ 35] local 10.0.1.236 port 46681 connected to 10.10.0.3 port 30000
[ 37] local 10.0.1.236 port 38302 connected to 10.10.0.3 port 30000
[ 39] local 10.0.1.236 port 34793 connected to 10.10.0.3 port 30000
[ 41] local 10.0.1.236 port 43802 connected to 10.10.0.3 port 30000
[ 43] local 10.0.1.236 port 56288 connected to 10.10.0.3 port 30000
[ ID] Interval           Transfer     Bitrate         Total Datagrams
[  5]   0.00-1.00   sec  10.2 MBytes  85.9 Mbits/sec  7677  
[  7]   0.00-1.00   sec  10.2 MBytes  85.9 Mbits/sec  7677  
[  9]   0.00-1.00   sec  10.2 MBytes  85.9 Mbits/sec  7677  
[ 11]   0.00-1.00   sec  10.2 MBytes  85.9 Mbits/sec  7677  
[ 13]   0.00-1.00   sec  10.2 MBytes  85.9 Mbits/sec  7677  
[ 15]   0.00-1.00   sec  10.2 MBytes  85.9 Mbits/sec  7677  
[ 17]   0.00-1.00   sec  10.2 MBytes  85.9 Mbits/sec  7677  
[ 19]   0.00-1.00   sec  10.2 MBytes  85.9 Mbits/sec  7677  
[ 21]   0.00-1.00   sec  10.2 MBytes  85.9 Mbits/sec  7677  
[ 23]   0.00-1.00   sec  10.2 MBytes  85.9 Mbits/sec  7677  
[ 25]   0.00-1.00   sec  10.2 MBytes  85.9 Mbits/sec  7677  
[ 27]   0.00-1.00   sec  10.2 MBytes  85.9 Mbits/sec  7677  
[ 29]   0.00-1.00   sec  10.2 MBytes  85.9 Mbits/sec  7677  
[ 31]   0.00-1.00   sec  10.2 MBytes  85.8 Mbits/sec  7677  
[ 33]   0.00-1.00   sec  10.2 MBytes  85.8 Mbits/sec  7677  
[ 35]   0.00-1.00   sec  10.2 MBytes  85.8 Mbits/sec  7677  
[ 37]   0.00-1.00   sec  10.2 MBytes  85.8 Mbits/sec  7677  
[ 39]   0.00-1.00   sec  10.2 MBytes  85.8 Mbits/sec  7677  
[ 41]   0.00-1.00   sec  10.2 MBytes  85.8 Mbits/sec  7677  
[ 43]   0.00-1.00   sec  10.2 MBytes  85.8 Mbits/sec  7677  
[SUM]   0.00-1.00   sec   205 MBytes  1717 Mbits/sec  153540  
- - - - - - - - - - - - - - - - - - - - - - - - -
[  5]   1.00-2.00   sec  10.3 MBytes  86.1 Mbits/sec  7702  
[  7]   1.00-2.00   sec  10.3 MBytes  86.1 Mbits/sec  7702  
[  9]   1.00-2.00   sec  10.3 MBytes  86.1 Mbits/sec  7702  
[ 11]   1.00-2.00   sec  10.3 MBytes  86.1 Mbits/sec  7702  
[ 13]   1.00-2.00   sec  10.3 MBytes  86.1 Mbits/sec  7702  
[ 15]   1.00-2.00   sec  10.3 MBytes  86.1 Mbits/sec  7702  
[ 17]   1.00-2.00   sec  10.3 MBytes  86.1 Mbits/sec  7702  
[ 19]   1.00-2.00   sec  10.3 MBytes  86.1 Mbits/sec  7702  
[ 21]   1.00-2.00   sec  10.3 MBytes  86.1 Mbits/sec  7702  
[ 23]   1.00-2.00   sec  10.3 MBytes  86.1 Mbits/sec  7702  
[ 25]   1.00-2.00   sec  10.3 MBytes  86.1 Mbits/sec  7702  
[ 27]   1.00-2.00   sec  10.3 MBytes  86.1 Mbits/sec  7702  
[ 29]   1.00-2.00   sec  10.3 MBytes  86.1 Mbits/sec  7702  
[ 31]   1.00-2.00   sec  10.3 MBytes  86.1 Mbits/sec  7702  
[ 33]   1.00-2.00   sec  10.3 MBytes  86.1 Mbits/sec  7702  
[ 35]   1.00-2.00   sec  10.3 MBytes  86.1 Mbits/sec  7702  
[ 37]   1.00-2.00   sec  10.3 MBytes  86.1 Mbits/sec  7702  
[ 39]   1.00-2.00   sec  10.3 MBytes  86.1 Mbits/sec  7702  
[ 41]   1.00-2.00   sec  10.3 MBytes  86.1 Mbits/sec  7702  
[ 43]   1.00-2.00   sec  10.3 MBytes  86.1 Mbits/sec  7702  
[SUM]   1.00-2.00   sec   205 MBytes  1723 Mbits/sec  154040  
- - - - - - - - - - - - - - - - - - - - - - - - -
[  5]   2.00-3.00   sec  10.3 MBytes  86.2 Mbits/sec  7706  
[  7]   2.00-3.00   sec  10.3 MBytes  86.2 Mbits/sec  7706  
[  9]   2.00-3.00   sec  10.3 MBytes  86.2 Mbits/sec  7706  
[ 11]   2.00-3.00   sec  10.3 MBytes  86.2 Mbits/sec  7706  
[ 13]   2.00-3.00   sec  10.3 MBytes  86.2 Mbits/sec  7706  
[ 15]   2.00-3.00   sec  10.3 MBytes  86.2 Mbits/sec  7706  
[ 17]   2.00-3.00   sec  10.3 MBytes  86.2 Mbits/sec  7706  
[ 19]   2.00-3.00   sec  10.3 MBytes  86.2 Mbits/sec  7706  
[ 21]   2.00-3.00   sec  10.3 MBytes  86.2 Mbits/sec  7706  
[ 23]   2.00-3.00   sec  10.3 MBytes  86.2 Mbits/sec  7706  
[ 25]   2.00-3.00   sec  10.3 MBytes  86.2 Mbits/sec  7706  
[ 27]   2.00-3.00   sec  10.3 MBytes  86.2 Mbits/sec  7706  
[ 29]   2.00-3.00   sec  10.3 MBytes  86.2 Mbits/sec  7706  
[ 31]   2.00-3.00   sec  10.3 MBytes  86.2 Mbits/sec  7706  
[ 33]   2.00-3.00   sec  10.3 MBytes  86.2 Mbits/sec  7706  
[ 35]   2.00-3.00   sec  10.3 MBytes  86.2 Mbits/sec  7706  
[ 37]   2.00-3.00   sec  10.3 MBytes  86.2 Mbits/sec  7706  
[ 39]   2.00-3.00   sec  10.3 MBytes  86.2 Mbits/sec  7706  
[ 41]   2.00-3.00   sec  10.3 MBytes  86.2 Mbits/sec  7706  
[ 43]   2.00-3.00   sec  10.3 MBytes  86.2 Mbits/sec  7706  
[SUM]   2.00-3.00   sec   205 MBytes  1724 Mbits/sec  154120  
- - - - - - - - - - - - - - - - - - - - - - - - -
[  5]   3.00-4.00   sec  10.2 MBytes  85.7 Mbits/sec  7660  
[  7]   3.00-4.00   sec  10.2 MBytes  85.7 Mbits/sec  7660  
[  9]   3.00-4.00   sec  10.2 MBytes  85.7 Mbits/sec  7660  
[ 11]   3.00-4.00   sec  10.2 MBytes  85.7 Mbits/sec  7660  
[ 13]   3.00-4.00   sec  10.2 MBytes  85.7 Mbits/sec  7660  
[ 15]   3.00-4.00   sec  10.2 MBytes  85.7 Mbits/sec  7660  
[ 17]   3.00-4.00   sec  10.2 MBytes  85.7 Mbits/sec  7660  
[ 19]   3.00-4.00   sec  10.2 MBytes  85.7 Mbits/sec  7660  
[ 21]   3.00-4.00   sec  10.2 MBytes  85.7 Mbits/sec  7660  
[ 23]   3.00-4.00   sec  10.2 MBytes  85.7 Mbits/sec  7660  
[ 25]   3.00-4.00   sec  10.2 MBytes  85.7 Mbits/sec  7660  
[ 27]   3.00-4.00   sec  10.2 MBytes  85.7 Mbits/sec  7660  
[ 29]   3.00-4.00   sec  10.2 MBytes  85.7 Mbits/sec  7660  
[ 31]   3.00-4.00   sec  10.2 MBytes  85.7 Mbits/sec  7660  
[ 33]   3.00-4.00   sec  10.2 MBytes  85.7 Mbits/sec  7660  
[ 35]   3.00-4.00   sec  10.2 MBytes  85.7 Mbits/sec  7660  
[ 37]   3.00-4.00   sec  10.2 MBytes  85.7 Mbits/sec  7660  
[ 39]   3.00-4.00   sec  10.2 MBytes  85.7 Mbits/sec  7660  
[ 41]   3.00-4.00   sec  10.2 MBytes  85.7 Mbits/sec  7660  
[ 43]   3.00-4.00   sec  10.2 MBytes  85.7 Mbits/sec  7660  
[SUM]   3.00-4.00   sec   204 MBytes  1713 Mbits/sec  153200  
- - - - - - - - - - - - - - - - - - - - - - - - -
[  5]   4.00-5.00   sec  10.2 MBytes  85.5 Mbits/sec  7642  
[  7]   4.00-5.00   sec  10.2 MBytes  85.5 Mbits/sec  7642  
[  9]   4.00-5.00   sec  10.2 MBytes  85.5 Mbits/sec  7642  
[ 11]   4.00-5.00   sec  10.2 MBytes  85.5 Mbits/sec  7642  
[ 13]   4.00-5.00   sec  10.2 MBytes  85.5 Mbits/sec  7642  
[ 15]   4.00-5.00   sec  10.2 MBytes  85.5 Mbits/sec  7642  
[ 17]   4.00-5.00   sec  10.2 MBytes  85.5 Mbits/sec  7642  
[ 19]   4.00-5.00   sec  10.2 MBytes  85.5 Mbits/sec  7642  
[ 21]   4.00-5.00   sec  10.2 MBytes  85.5 Mbits/sec  7642  
[ 23]   4.00-5.00   sec  10.2 MBytes  85.5 Mbits/sec  7642  
[ 25]   4.00-5.00   sec  10.2 MBytes  85.5 Mbits/sec  7642  
[ 27]   4.00-5.00   sec  10.2 MBytes  85.5 Mbits/sec  7642  
[ 29]   4.00-5.00   sec  10.2 MBytes  85.5 Mbits/sec  7642  
[ 31]   4.00-5.00   sec  10.2 MBytes  85.5 Mbits/sec  7642  
[ 33]   4.00-5.00   sec  10.2 MBytes  85.5 Mbits/sec  7642  
[ 35]   4.00-5.00   sec  10.2 MBytes  85.5 Mbits/sec  7642  
[ 37]   4.00-5.00   sec  10.2 MBytes  85.5 Mbits/sec  7642  
[ 39]   4.00-5.00   sec  10.2 MBytes  85.5 Mbits/sec  7642  
[ 41]   4.00-5.00   sec  10.2 MBytes  85.5 Mbits/sec  7642  
[ 43]   4.00-5.00   sec  10.2 MBytes  85.5 Mbits/sec  7642  
[SUM]   4.00-5.00   sec   204 MBytes  1709 Mbits/sec  152840  
- - - - - - - - - - - - - - - - - - - - - - - - -
[  5]   5.00-6.00   sec  10.3 MBytes  86.0 Mbits/sec  7689  
[  7]   5.00-6.00   sec  10.3 MBytes  86.0 Mbits/sec  7689  
[  9]   5.00-6.00   sec  10.3 MBytes  86.0 Mbits/sec  7689  
[ 11]   5.00-6.00   sec  10.3 MBytes  86.0 Mbits/sec  7689  
[ 13]   5.00-6.00   sec  10.3 MBytes  86.0 Mbits/sec  7689  
[ 15]   5.00-6.00   sec  10.3 MBytes  86.0 Mbits/sec  7689  
[ 17]   5.00-6.00   sec  10.3 MBytes  86.0 Mbits/sec  7689  
[ 19]   5.00-6.00   sec  10.3 MBytes  86.0 Mbits/sec  7689  
[ 21]   5.00-6.00   sec  10.3 MBytes  86.0 Mbits/sec  7689  
[ 23]   5.00-6.00   sec  10.3 MBytes  86.0 Mbits/sec  7689  
[ 25]   5.00-6.00   sec  10.3 MBytes  86.0 Mbits/sec  7689  
[ 27]   5.00-6.00   sec  10.3 MBytes  86.0 Mbits/sec  7689  
[ 29]   5.00-6.00   sec  10.3 MBytes  86.0 Mbits/sec  7689  
[ 31]   5.00-6.00   sec  10.3 MBytes  86.0 Mbits/sec  7689  
[ 33]   5.00-6.00   sec  10.3 MBytes  86.0 Mbits/sec  7689  
[ 35]   5.00-6.00   sec  10.3 MBytes  86.0 Mbits/sec  7689  
[ 37]   5.00-6.00   sec  10.3 MBytes  86.0 Mbits/sec  7689  
[ 39]   5.00-6.00   sec  10.3 MBytes  86.0 Mbits/sec  7689  
[ 41]   5.00-6.00   sec  10.3 MBytes  86.0 Mbits/sec  7689  
[ 43]   5.00-6.00   sec  10.3 MBytes  86.0 Mbits/sec  7689  
[SUM]   5.00-6.00   sec   205 MBytes  1720 Mbits/sec  153780  
- - - - - - - - - - - - - - - - - - - - - - - - -
[  5]   6.00-7.00   sec  10.3 MBytes  86.1 Mbits/sec  7698  
[  7]   6.00-7.00   sec  10.3 MBytes  86.1 Mbits/sec  7698  
[  9]   6.00-7.00   sec  10.3 MBytes  86.1 Mbits/sec  7698  
[ 11]   6.00-7.00   sec  10.3 MBytes  86.1 Mbits/sec  7698  
[ 13]   6.00-7.00   sec  10.3 MBytes  86.1 Mbits/sec  7698  
[ 15]   6.00-7.00   sec  10.3 MBytes  86.1 Mbits/sec  7698  
[ 17]   6.00-7.00   sec  10.3 MBytes  86.1 Mbits/sec  7698  
[ 19]   6.00-7.00   sec  10.3 MBytes  86.1 Mbits/sec  7698  
[ 21]   6.00-7.00   sec  10.3 MBytes  86.1 Mbits/sec  7698  
[ 23]   6.00-7.00   sec  10.3 MBytes  86.1 Mbits/sec  7698  
[ 25]   6.00-7.00   sec  10.3 MBytes  86.1 Mbits/sec  7698  
[ 27]   6.00-7.00   sec  10.3 MBytes  86.1 Mbits/sec  7698  
[ 29]   6.00-7.00   sec  10.3 MBytes  86.1 Mbits/sec  7698  
[ 31]   6.00-7.00   sec  10.3 MBytes  86.1 Mbits/sec  7698  
[ 33]   6.00-7.00   sec  10.3 MBytes  86.1 Mbits/sec  7698  
[ 35]   6.00-7.00   sec  10.3 MBytes  86.1 Mbits/sec  7698  
[ 37]   6.00-7.00   sec  10.3 MBytes  86.1 Mbits/sec  7698  
[ 39]   6.00-7.00   sec  10.3 MBytes  86.1 Mbits/sec  7698  
[ 41]   6.00-7.00   sec  10.3 MBytes  86.1 Mbits/sec  7698  
[ 43]   6.00-7.00   sec  10.3 MBytes  86.1 Mbits/sec  7698  
[SUM]   6.00-7.00   sec   205 MBytes  1722 Mbits/sec  153960  
- - - - - - - - - - - - - - - - - - - - - - - - -
[  5]   7.00-8.00   sec  10.2 MBytes  85.7 Mbits/sec  7666  
[  7]   7.00-8.00   sec  10.2 MBytes  85.7 Mbits/sec  7666  
[  9]   7.00-8.00   sec  10.2 MBytes  85.7 Mbits/sec  7666  
[ 11]   7.00-8.00   sec  10.2 MBytes  85.7 Mbits/sec  7666  
[ 13]   7.00-8.00   sec  10.2 MBytes  85.7 Mbits/sec  7666  
[ 15]   7.00-8.00   sec  10.2 MBytes  85.7 Mbits/sec  7666  
[ 17]   7.00-8.00   sec  10.2 MBytes  85.7 Mbits/sec  7666  
[ 19]   7.00-8.00   sec  10.2 MBytes  85.7 Mbits/sec  7666  
[ 21]   7.00-8.00   sec  10.2 MBytes  85.7 Mbits/sec  7666  
[ 23]   7.00-8.00   sec  10.2 MBytes  85.7 Mbits/sec  7666  
[ 25]   7.00-8.00   sec  10.2 MBytes  85.7 Mbits/sec  7666  
[ 27]   7.00-8.00   sec  10.2 MBytes  85.7 Mbits/sec  7666  
[ 29]   7.00-8.00   sec  10.2 MBytes  85.7 Mbits/sec  7666  
[ 31]   7.00-8.00   sec  10.2 MBytes  85.7 Mbits/sec  7666  
[ 33]   7.00-8.00   sec  10.2 MBytes  85.7 Mbits/sec  7666  
[ 35]   7.00-8.00   sec  10.2 MBytes  85.7 Mbits/sec  7666  
[ 37]   7.00-8.00   sec  10.2 MBytes  85.7 Mbits/sec  7666  
[ 39]   7.00-8.00   sec  10.2 MBytes  85.7 Mbits/sec  7666  
[ 41]   7.00-8.00   sec  10.2 MBytes  85.7 Mbits/sec  7666  
[ 43]   7.00-8.00   sec  10.2 MBytes  85.7 Mbits/sec  7666  
[SUM]   7.00-8.00   sec   204 MBytes  1715 Mbits/sec  153320  
- - - - - - - - - - - - - - - - - - - - - - - - -
[  5]   8.00-9.00   sec  10.2 MBytes  85.7 Mbits/sec  7661  
[  7]   8.00-9.00   sec  10.2 MBytes  85.7 Mbits/sec  7661  
[  9]   8.00-9.00   sec  10.2 MBytes  85.7 Mbits/sec  7661  
[ 11]   8.00-9.00   sec  10.2 MBytes  85.7 Mbits/sec  7661  
[ 13]   8.00-9.00   sec  10.2 MBytes  85.7 Mbits/sec  7661  
[ 15]   8.00-9.00   sec  10.2 MBytes  85.7 Mbits/sec  7661  
[ 17]   8.00-9.00   sec  10.2 MBytes  85.7 Mbits/sec  7661  
[ 19]   8.00-9.00   sec  10.2 MBytes  85.7 Mbits/sec  7661  
[ 21]   8.00-9.00   sec  10.2 MBytes  85.7 Mbits/sec  7661  
[ 23]   8.00-9.00   sec  10.2 MBytes  85.7 Mbits/sec  7661  
[ 25]   8.00-9.00   sec  10.2 MBytes  85.7 Mbits/sec  7661  
[ 27]   8.00-9.00   sec  10.2 MBytes  85.7 Mbits/sec  7661  
[ 29]   8.00-9.00   sec  10.2 MBytes  85.7 Mbits/sec  7661  
[ 31]   8.00-9.00   sec  10.2 MBytes  85.7 Mbits/sec  7661  
[ 33]   8.00-9.00   sec  10.2 MBytes  85.7 Mbits/sec  7661  
[ 35]   8.00-9.00   sec  10.2 MBytes  85.7 Mbits/sec  7661  
[ 37]   8.00-9.00   sec  10.2 MBytes  85.7 Mbits/sec  7661  
[ 39]   8.00-9.00   sec  10.2 MBytes  85.7 Mbits/sec  7661  
[ 41]   8.00-9.00   sec  10.2 MBytes  85.7 Mbits/sec  7661  
[ 43]   8.00-9.00   sec  10.2 MBytes  85.7 Mbits/sec  7661  
[SUM]   8.00-9.00   sec   204 MBytes  1714 Mbits/sec  153220  
- - - - - - - - - - - - - - - - - - - - - - - - -
[  5]   9.00-10.00  sec  10.2 MBytes  85.6 Mbits/sec  7654  
[  7]   9.00-10.00  sec  10.2 MBytes  85.6 Mbits/sec  7654  
[  9]   9.00-10.00  sec  10.2 MBytes  85.6 Mbits/sec  7654  
[ 11]   9.00-10.00  sec  10.2 MBytes  85.6 Mbits/sec  7654  
[ 13]   9.00-10.00  sec  10.2 MBytes  85.6 Mbits/sec  7654  
[ 15]   9.00-10.00  sec  10.2 MBytes  85.6 Mbits/sec  7654  
[ 17]   9.00-10.00  sec  10.2 MBytes  85.6 Mbits/sec  7654  
[ 19]   9.00-10.00  sec  10.2 MBytes  85.6 Mbits/sec  7653  
[ 21]   9.00-10.00  sec  10.2 MBytes  85.6 Mbits/sec  7653  
[ 23]   9.00-10.00  sec  10.2 MBytes  85.6 Mbits/sec  7653  
[ 25]   9.00-10.00  sec  10.2 MBytes  85.6 Mbits/sec  7653  
[ 27]   9.00-10.00  sec  10.2 MBytes  85.6 Mbits/sec  7653  
[ 29]   9.00-10.00  sec  10.2 MBytes  85.6 Mbits/sec  7653  
[ 31]   9.00-10.00  sec  10.2 MBytes  85.6 Mbits/sec  7653  
[ 33]   9.00-10.00  sec  10.2 MBytes  85.6 Mbits/sec  7653  
[ 35]   9.00-10.00  sec  10.2 MBytes  85.6 Mbits/sec  7652  
[ 37]   9.00-10.00  sec  10.2 MBytes  85.6 Mbits/sec  7653  
[ 39]   9.00-10.00  sec  10.2 MBytes  85.6 Mbits/sec  7653  
[ 41]   9.00-10.00  sec  10.2 MBytes  85.6 Mbits/sec  7653  
[ 43]   9.00-10.00  sec  10.2 MBytes  85.6 Mbits/sec  7654  
[SUM]   9.00-10.00  sec   204 MBytes  1712 Mbits/sec  153067  
- - - - - - - - - - - - - - - - - - - - - - - - -
[  5]  10.00-11.00  sec  10.3 MBytes  86.2 Mbits/sec  7705  
[  7]  10.00-11.00  sec  10.3 MBytes  86.2 Mbits/sec  7705  
[  9]  10.00-11.00  sec  10.3 MBytes  86.2 Mbits/sec  7705  
[ 11]  10.00-11.00  sec  10.3 MBytes  86.2 Mbits/sec  7705  
[ 13]  10.00-11.00  sec  10.3 MBytes  86.2 Mbits/sec  7705  
[ 15]  10.00-11.00  sec  10.3 MBytes  86.2 Mbits/sec  7705  
[ 17]  10.00-11.00  sec  10.3 MBytes  86.2 Mbits/sec  7705  
[ 19]  10.00-11.00  sec  10.3 MBytes  86.2 Mbits/sec  7705  
[ 21]  10.00-11.00  sec  10.3 MBytes  86.2 Mbits/sec  7705  
[ 23]  10.00-11.00  sec  10.3 MBytes  86.2 Mbits/sec  7705  
[ 25]  10.00-11.00  sec  10.3 MBytes  86.2 Mbits/sec  7705  
[ 27]  10.00-11.00  sec  10.3 MBytes  86.2 Mbits/sec  7705  
[ 29]  10.00-11.00  sec  10.3 MBytes  86.2 Mbits/sec  7705  
[ 31]  10.00-11.00  sec  10.3 MBytes  86.2 Mbits/sec  7705  
[ 33]  10.00-11.00  sec  10.3 MBytes  86.2 Mbits/sec  7705  
[ 35]  10.00-11.00  sec  10.3 MBytes  86.2 Mbits/sec  7705  
[ 37]  10.00-11.00  sec  10.3 MBytes  86.2 Mbits/sec  7705  
[ 39]  10.00-11.00  sec  10.3 MBytes  86.2 Mbits/sec  7705  
[ 41]  10.00-11.00  sec  10.3 MBytes  86.2 Mbits/sec  7705  
[ 43]  10.00-11.00  sec  10.3 MBytes  86.2 Mbits/sec  7705  
[SUM]  10.00-11.00  sec   205 MBytes  1723 Mbits/sec  154100  
- - - - - - - - - - - - - - - - - - - - - - - - -
[  5]  11.00-12.00  sec  10.2 MBytes  85.8 Mbits/sec  7674  
[  7]  11.00-12.00  sec  10.2 MBytes  85.8 Mbits/sec  7674  
[  9]  11.00-12.00  sec  10.2 MBytes  85.8 Mbits/sec  7674  
[ 11]  11.00-12.00  sec  10.2 MBytes  85.8 Mbits/sec  7674  
[ 13]  11.00-12.00  sec  10.2 MBytes  85.8 Mbits/sec  7674  
[ 15]  11.00-12.00  sec  10.2 MBytes  85.8 Mbits/sec  7674  
[ 17]  11.00-12.00  sec  10.2 MBytes  85.8 Mbits/sec  7674  
[ 19]  11.00-12.00  sec  10.2 MBytes  85.8 Mbits/sec  7674  
[ 21]  11.00-12.00  sec  10.2 MBytes  85.8 Mbits/sec  7674  
[ 23]  11.00-12.00  sec  10.2 MBytes  85.8 Mbits/sec  7674  
[ 25]  11.00-12.00  sec  10.2 MBytes  85.8 Mbits/sec  7674  
[ 27]  11.00-12.00  sec  10.2 MBytes  85.8 Mbits/sec  7674  
[ 29]  11.00-12.00  sec  10.2 MBytes  85.8 Mbits/sec  7674  
[ 31]  11.00-12.00  sec  10.2 MBytes  85.8 Mbits/sec  7674  
[ 33]  11.00-12.00  sec  10.2 MBytes  85.8 Mbits/sec  7674  
[ 35]  11.00-12.00  sec  10.2 MBytes  85.8 Mbits/sec  7674  
[ 37]  11.00-12.00  sec  10.2 MBytes  85.8 Mbits/sec  7674  
[ 39]  11.00-12.00  sec  10.2 MBytes  85.8 Mbits/sec  7674  
[ 41]  11.00-12.00  sec  10.2 MBytes  85.8 Mbits/sec  7674  
[ 43]  11.00-12.00  sec  10.2 MBytes  85.8 Mbits/sec  7674  
[SUM]  11.00-12.00  sec   205 MBytes  1717 Mbits/sec  153480  
- - - - - - - - - - - - - - - - - - - - - - - - -
[  5]  12.00-13.00  sec  10.3 MBytes  86.1 Mbits/sec  7699  
[  7]  12.00-13.00  sec  10.3 MBytes  86.1 Mbits/sec  7699  
[  9]  12.00-13.00  sec  10.3 MBytes  86.1 Mbits/sec  7699  
[ 11]  12.00-13.00  sec  10.3 MBytes  86.1 Mbits/sec  7699  
[ 13]  12.00-13.00  sec  10.3 MBytes  86.1 Mbits/sec  7699  
[ 15]  12.00-13.00  sec  10.3 MBytes  86.1 Mbits/sec  7699  
[ 17]  12.00-13.00  sec  10.3 MBytes  86.1 Mbits/sec  7699  
[ 19]  12.00-13.00  sec  10.3 MBytes  86.1 Mbits/sec  7699  
[ 21]  12.00-13.00  sec  10.3 MBytes  86.1 Mbits/sec  7699  
[ 23]  12.00-13.00  sec  10.3 MBytes  86.1 Mbits/sec  7699  
[ 25]  12.00-13.00  sec  10.3 MBytes  86.1 Mbits/sec  7699  
[ 27]  12.00-13.00  sec  10.3 MBytes  86.1 Mbits/sec  7699  
[ 29]  12.00-13.00  sec  10.3 MBytes  86.1 Mbits/sec  7699  
[ 31]  12.00-13.00  sec  10.3 MBytes  86.1 Mbits/sec  7699  
[ 33]  12.00-13.00  sec  10.3 MBytes  86.1 Mbits/sec  7699  
[ 35]  12.00-13.00  sec  10.3 MBytes  86.1 Mbits/sec  7699  
[ 37]  12.00-13.00  sec  10.3 MBytes  86.1 Mbits/sec  7699  
[ 39]  12.00-13.00  sec  10.3 MBytes  86.1 Mbits/sec  7699  
[ 41]  12.00-13.00  sec  10.3 MBytes  86.1 Mbits/sec  7699  
[ 43]  12.00-13.00  sec  10.3 MBytes  86.1 Mbits/sec  7699  
[SUM]  12.00-13.00  sec   205 MBytes  1722 Mbits/sec  153980  
- - - - - - - - - - - - - - - - - - - - - - - - -
[  5]  13.00-14.00  sec  10.3 MBytes  86.4 Mbits/sec  7726  
[  7]  13.00-14.00  sec  10.3 MBytes  86.4 Mbits/sec  7726  
[  9]  13.00-14.00  sec  10.3 MBytes  86.4 Mbits/sec  7726  
[ 11]  13.00-14.00  sec  10.3 MBytes  86.4 Mbits/sec  7726  
[ 13]  13.00-14.00  sec  10.3 MBytes  86.4 Mbits/sec  7726  
[ 15]  13.00-14.00  sec  10.3 MBytes  86.4 Mbits/sec  7726  
[ 17]  13.00-14.00  sec  10.3 MBytes  86.4 Mbits/sec  7726  
[ 19]  13.00-14.00  sec  10.3 MBytes  86.4 Mbits/sec  7726  
[ 21]  13.00-14.00  sec  10.3 MBytes  86.4 Mbits/sec  7726  
[ 23]  13.00-14.00  sec  10.3 MBytes  86.4 Mbits/sec  7726  
[ 25]  13.00-14.00  sec  10.3 MBytes  86.4 Mbits/sec  7726  
[ 27]  13.00-14.00  sec  10.3 MBytes  86.4 Mbits/sec  7726  
[ 29]  13.00-14.00  sec  10.3 MBytes  86.4 Mbits/sec  7726  
[ 31]  13.00-14.00  sec  10.3 MBytes  86.4 Mbits/sec  7726  
[ 33]  13.00-14.00  sec  10.3 MBytes  86.4 Mbits/sec  7726  
[ 35]  13.00-14.00  sec  10.3 MBytes  86.4 Mbits/sec  7726  
[ 37]  13.00-14.00  sec  10.3 MBytes  86.4 Mbits/sec  7726  
[ 39]  13.00-14.00  sec  10.3 MBytes  86.4 Mbits/sec  7726  
[ 41]  13.00-14.00  sec  10.3 MBytes  86.4 Mbits/sec  7726  
[ 43]  13.00-14.00  sec  10.3 MBytes  86.4 Mbits/sec  7726  
[SUM]  13.00-14.00  sec   206 MBytes  1728 Mbits/sec  154520  
- - - - - - - - - - - - - - - - - - - - - - - - -
[  5]  14.00-15.00  sec  10.2 MBytes  85.7 Mbits/sec  7660  
[  7]  14.00-15.00  sec  10.2 MBytes  85.7 Mbits/sec  7660  
[  9]  14.00-15.00  sec  10.2 MBytes  85.7 Mbits/sec  7660  
[ 11]  14.00-15.00  sec  10.2 MBytes  85.7 Mbits/sec  7660  
[ 13]  14.00-15.00  sec  10.2 MBytes  85.7 Mbits/sec  7660  
[ 15]  14.00-15.00  sec  10.2 MBytes  85.7 Mbits/sec  7660  
[ 17]  14.00-15.00  sec  10.2 MBytes  85.7 Mbits/sec  7660  
[ 19]  14.00-15.00  sec  10.2 MBytes  85.7 Mbits/sec  7660  
[ 21]  14.00-15.00  sec  10.2 MBytes  85.7 Mbits/sec  7660  
[ 23]  14.00-15.00  sec  10.2 MBytes  85.7 Mbits/sec  7660  
[ 25]  14.00-15.00  sec  10.2 MBytes  85.7 Mbits/sec  7660  
[ 27]  14.00-15.00  sec  10.2 MBytes  85.7 Mbits/sec  7660  
[ 29]  14.00-15.00  sec  10.2 MBytes  85.7 Mbits/sec  7660  
[ 31]  14.00-15.00  sec  10.2 MBytes  85.7 Mbits/sec  7660  
[ 33]  14.00-15.00  sec  10.2 MBytes  85.7 Mbits/sec  7660  
[ 35]  14.00-15.00  sec  10.2 MBytes  85.7 Mbits/sec  7660  
[ 37]  14.00-15.00  sec  10.2 MBytes  85.7 Mbits/sec  7660  
[ 39]  14.00-15.00  sec  10.2 MBytes  85.7 Mbits/sec  7660  
[ 41]  14.00-15.00  sec  10.2 MBytes  85.7 Mbits/sec  7660  
[ 43]  14.00-15.00  sec  10.2 MBytes  85.7 Mbits/sec  7660  
[SUM]  14.00-15.00  sec   204 MBytes  1714 Mbits/sec  153200  
- - - - - - - - - - - - - - - - - - - - - - - - -
[  5]  15.00-16.00  sec  10.3 MBytes  86.0 Mbits/sec  7692  
[  7]  15.00-16.00  sec  10.3 MBytes  86.0 Mbits/sec  7692  
[  9]  15.00-16.00  sec  10.3 MBytes  86.0 Mbits/sec  7692  
[ 11]  15.00-16.00  sec  10.3 MBytes  86.0 Mbits/sec  7692  
[ 13]  15.00-16.00  sec  10.3 MBytes  86.0 Mbits/sec  7692  
[ 15]  15.00-16.00  sec  10.3 MBytes  86.0 Mbits/sec  7692  
[ 17]  15.00-16.00  sec  10.3 MBytes  86.0 Mbits/sec  7692  
[ 19]  15.00-16.00  sec  10.3 MBytes  86.0 Mbits/sec  7692  
[ 21]  15.00-16.00  sec  10.3 MBytes  86.0 Mbits/sec  7692  
[ 23]  15.00-16.00  sec  10.3 MBytes  86.0 Mbits/sec  7692  
[ 25]  15.00-16.00  sec  10.3 MBytes  86.0 Mbits/sec  7692  
[ 27]  15.00-16.00  sec  10.3 MBytes  86.0 Mbits/sec  7692  
[ 29]  15.00-16.00  sec  10.3 MBytes  86.0 Mbits/sec  7692  
[ 31]  15.00-16.00  sec  10.3 MBytes  86.0 Mbits/sec  7692  
[ 33]  15.00-16.00  sec  10.3 MBytes  86.0 Mbits/sec  7692  
[ 35]  15.00-16.00  sec  10.3 MBytes  86.0 Mbits/sec  7692  
[ 37]  15.00-16.00  sec  10.3 MBytes  86.0 Mbits/sec  7692  
[ 39]  15.00-16.00  sec  10.3 MBytes  86.0 Mbits/sec  7692  
[ 41]  15.00-16.00  sec  10.3 MBytes  86.0 Mbits/sec  7692  
[ 43]  15.00-16.00  sec  10.3 MBytes  86.0 Mbits/sec  7692  
[SUM]  15.00-16.00  sec   205 MBytes  1720 Mbits/sec  153840  
- - - - - - - - - - - - - - - - - - - - - - - - -
[  5]  16.00-17.00  sec  10.2 MBytes  85.2 Mbits/sec  7615  
[  7]  16.00-17.00  sec  10.2 MBytes  85.2 Mbits/sec  7615  
[  9]  16.00-17.00  sec  10.2 MBytes  85.2 Mbits/sec  7615  
[ 11]  16.00-17.00  sec  10.2 MBytes  85.2 Mbits/sec  7615  
[ 13]  16.00-17.00  sec  10.2 MBytes  85.2 Mbits/sec  7615  
[ 15]  16.00-17.00  sec  10.2 MBytes  85.2 Mbits/sec  7615  
[ 17]  16.00-17.00  sec  10.2 MBytes  85.2 Mbits/sec  7615  
[ 19]  16.00-17.00  sec  10.2 MBytes  85.2 Mbits/sec  7615  
[ 21]  16.00-17.00  sec  10.2 MBytes  85.2 Mbits/sec  7615  
[ 23]  16.00-17.00  sec  10.2 MBytes  85.2 Mbits/sec  7615  
[ 25]  16.00-17.00  sec  10.2 MBytes  85.2 Mbits/sec  7615  
[ 27]  16.00-17.00  sec  10.2 MBytes  85.2 Mbits/sec  7615  
[ 29]  16.00-17.00  sec  10.2 MBytes  85.2 Mbits/sec  7615  
[ 31]  16.00-17.00  sec  10.2 MBytes  85.2 Mbits/sec  7615  
[ 33]  16.00-17.00  sec  10.2 MBytes  85.2 Mbits/sec  7615  
[ 35]  16.00-17.00  sec  10.2 MBytes  85.2 Mbits/sec  7615  
[ 37]  16.00-17.00  sec  10.2 MBytes  85.2 Mbits/sec  7615  
[ 39]  16.00-17.00  sec  10.2 MBytes  85.2 Mbits/sec  7615  
[ 41]  16.00-17.00  sec  10.2 MBytes  85.2 Mbits/sec  7615  
[ 43]  16.00-17.00  sec  10.2 MBytes  85.2 Mbits/sec  7615  
[SUM]  16.00-17.00  sec   203 MBytes  1703 Mbits/sec  152300  
- - - - - - - - - - - - - - - - - - - - - - - - -
[  5]  17.00-18.00  sec  10.3 MBytes  86.0 Mbits/sec  7690  
[  7]  17.00-18.00  sec  10.3 MBytes  86.0 Mbits/sec  7690  
[  9]  17.00-18.00  sec  10.3 MBytes  86.0 Mbits/sec  7690  
[ 11]  17.00-18.00  sec  10.3 MBytes  86.0 Mbits/sec  7690  
[ 13]  17.00-18.00  sec  10.3 MBytes  86.0 Mbits/sec  7690  
[ 15]  17.00-18.00  sec  10.3 MBytes  86.0 Mbits/sec  7690  
[ 17]  17.00-18.00  sec  10.3 MBytes  86.0 Mbits/sec  7690  
[ 19]  17.00-18.00  sec  10.3 MBytes  86.0 Mbits/sec  7690  
[ 21]  17.00-18.00  sec  10.3 MBytes  86.0 Mbits/sec  7690  
[ 23]  17.00-18.00  sec  10.3 MBytes  86.0 Mbits/sec  7690  
[ 25]  17.00-18.00  sec  10.3 MBytes  86.0 Mbits/sec  7690  
[ 27]  17.00-18.00  sec  10.3 MBytes  86.0 Mbits/sec  7690  
[ 29]  17.00-18.00  sec  10.3 MBytes  86.0 Mbits/sec  7690  
[ 31]  17.00-18.00  sec  10.3 MBytes  86.0 Mbits/sec  7690  
[ 33]  17.00-18.00  sec  10.3 MBytes  86.0 Mbits/sec  7690  
[ 35]  17.00-18.00  sec  10.3 MBytes  86.0 Mbits/sec  7690  
[ 37]  17.00-18.00  sec  10.3 MBytes  86.0 Mbits/sec  7690  
[ 39]  17.00-18.00  sec  10.3 MBytes  86.0 Mbits/sec  7690  
[ 41]  17.00-18.00  sec  10.3 MBytes  86.0 Mbits/sec  7690  
[ 43]  17.00-18.00  sec  10.3 MBytes  86.0 Mbits/sec  7690  
[SUM]  17.00-18.00  sec   205 MBytes  1720 Mbits/sec  153800  
- - - - - - - - - - - - - - - - - - - - - - - - -
[  5]  18.00-19.00  sec  10.3 MBytes  86.2 Mbits/sec  7707  
[  7]  18.00-19.00  sec  10.3 MBytes  86.2 Mbits/sec  7707  
[  9]  18.00-19.00  sec  10.3 MBytes  86.2 Mbits/sec  7707  
[ 11]  18.00-19.00  sec  10.3 MBytes  86.2 Mbits/sec  7707  
[ 13]  18.00-19.00  sec  10.3 MBytes  86.2 Mbits/sec  7707  
[ 15]  18.00-19.00  sec  10.3 MBytes  86.2 Mbits/sec  7707  
[ 17]  18.00-19.00  sec  10.3 MBytes  86.2 Mbits/sec  7707  
[ 19]  18.00-19.00  sec  10.3 MBytes  86.2 Mbits/sec  7707  
[ 21]  18.00-19.00  sec  10.3 MBytes  86.2 Mbits/sec  7707  
[ 23]  18.00-19.00  sec  10.3 MBytes  86.2 Mbits/sec  7707  
[ 25]  18.00-19.00  sec  10.3 MBytes  86.2 Mbits/sec  7707  
[ 27]  18.00-19.00  sec  10.3 MBytes  86.2 Mbits/sec  7707  
[ 29]  18.00-19.00  sec  10.3 MBytes  86.2 Mbits/sec  7707  
[ 31]  18.00-19.00  sec  10.3 MBytes  86.2 Mbits/sec  7707  
[ 33]  18.00-19.00  sec  10.3 MBytes  86.2 Mbits/sec  7707  
[ 35]  18.00-19.00  sec  10.3 MBytes  86.2 Mbits/sec  7707  
[ 37]  18.00-19.00  sec  10.3 MBytes  86.2 Mbits/sec  7707  
[ 39]  18.00-19.00  sec  10.3 MBytes  86.2 Mbits/sec  7707  
[ 41]  18.00-19.00  sec  10.3 MBytes  86.2 Mbits/sec  7707  
[ 43]  18.00-19.00  sec  10.3 MBytes  86.2 Mbits/sec  7707  
[SUM]  18.00-19.00  sec   206 MBytes  1724 Mbits/sec  154140  
- - - - - - - - - - - - - - - - - - - - - - - - -
[  5]  19.00-20.00  sec  10.3 MBytes  86.0 Mbits/sec  7690  
[  7]  19.00-20.00  sec  10.3 MBytes  86.0 Mbits/sec  7690  
[  9]  19.00-20.00  sec  10.3 MBytes  86.0 Mbits/sec  7690  
[ 11]  19.00-20.00  sec  10.3 MBytes  86.0 Mbits/sec  7690  
[ 13]  19.00-20.00  sec  10.3 MBytes  86.0 Mbits/sec  7690  
[ 15]  19.00-20.00  sec  10.3 MBytes  86.0 Mbits/sec  7690  
[ 17]  19.00-20.00  sec  10.3 MBytes  86.0 Mbits/sec  7690  
[ 19]  19.00-20.00  sec  10.3 MBytes  86.0 Mbits/sec  7690  
[ 21]  19.00-20.00  sec  10.3 MBytes  86.0 Mbits/sec  7690  
[ 23]  19.00-20.00  sec  10.3 MBytes  86.0 Mbits/sec  7690  
[ 25]  19.00-20.00  sec  10.3 MBytes  86.0 Mbits/sec  7690  
[ 27]  19.00-20.00  sec  10.3 MBytes  86.0 Mbits/sec  7690  
[ 29]  19.00-20.00  sec  10.3 MBytes  86.0 Mbits/sec  7690  
[ 31]  19.00-20.00  sec  10.3 MBytes  86.0 Mbits/sec  7690  
[ 33]  19.00-20.00  sec  10.3 MBytes  86.0 Mbits/sec  7690  
[ 35]  19.00-20.00  sec  10.3 MBytes  86.0 Mbits/sec  7690  
[ 37]  19.00-20.00  sec  10.3 MBytes  86.0 Mbits/sec  7690  
[ 39]  19.00-20.00  sec  10.3 MBytes  86.0 Mbits/sec  7690  
[ 41]  19.00-20.00  sec  10.3 MBytes  86.0 Mbits/sec  7690  
[ 43]  19.00-20.00  sec  10.3 MBytes  86.0 Mbits/sec  7690  
[SUM]  19.00-20.00  sec   205 MBytes  1720 Mbits/sec  153800  
- - - - - - - - - - - - - - - - - - - - - - - - -
[  5]  20.00-21.00  sec  10.2 MBytes  85.8 Mbits/sec  7668  
[  7]  20.00-21.00  sec  10.2 MBytes  85.8 Mbits/sec  7668  
[  9]  20.00-21.00  sec  10.2 MBytes  85.8 Mbits/sec  7668  
[ 11]  20.00-21.00  sec  10.2 MBytes  85.8 Mbits/sec  7668  
[ 13]  20.00-21.00  sec  10.2 MBytes  85.8 Mbits/sec  7668  
[ 15]  20.00-21.00  sec  10.2 MBytes  85.8 Mbits/sec  7668  
[ 17]  20.00-21.00  sec  10.2 MBytes  85.8 Mbits/sec  7668  
[ 19]  20.00-21.00  sec  10.2 MBytes  85.8 Mbits/sec  7668  
[ 21]  20.00-21.00  sec  10.2 MBytes  85.8 Mbits/sec  7668  
[ 23]  20.00-21.00  sec  10.2 MBytes  85.8 Mbits/sec  7668  
[ 25]  20.00-21.00  sec  10.2 MBytes  85.8 Mbits/sec  7668  
[ 27]  20.00-21.00  sec  10.2 MBytes  85.8 Mbits/sec  7668  
[ 29]  20.00-21.00  sec  10.2 MBytes  85.8 Mbits/sec  7668  
[ 31]  20.00-21.00  sec  10.2 MBytes  85.8 Mbits/sec  7668  
[ 33]  20.00-21.00  sec  10.2 MBytes  85.8 Mbits/sec  7668  
[ 35]  20.00-21.00  sec  10.2 MBytes  85.8 Mbits/sec  7668  
[ 37]  20.00-21.00  sec  10.2 MBytes  85.8 Mbits/sec  7668  
[ 39]  20.00-21.00  sec  10.2 MBytes  85.8 Mbits/sec  7668  
[ 41]  20.00-21.00  sec  10.2 MBytes  85.8 Mbits/sec  7668  
[ 43]  20.00-21.00  sec  10.2 MBytes  85.8 Mbits/sec  7668  
[SUM]  20.00-21.00  sec   204 MBytes  1715 Mbits/sec  153360  
- - - - - - - - - - - - - - - - - - - - - - - - -
[  5]  21.00-22.00  sec  10.1 MBytes  85.1 Mbits/sec  7606  
[  7]  21.00-22.00  sec  10.1 MBytes  85.1 Mbits/sec  7606  
[  9]  21.00-22.00  sec  10.1 MBytes  85.1 Mbits/sec  7606  
[ 11]  21.00-22.00  sec  10.1 MBytes  85.1 Mbits/sec  7606  
[ 13]  21.00-22.00  sec  10.1 MBytes  85.1 Mbits/sec  7606  
[ 15]  21.00-22.00  sec  10.1 MBytes  85.1 Mbits/sec  7606  
[ 17]  21.00-22.00  sec  10.1 MBytes  85.1 Mbits/sec  7606  
[ 19]  21.00-22.00  sec  10.1 MBytes  85.1 Mbits/sec  7606  
[ 21]  21.00-22.00  sec  10.1 MBytes  85.1 Mbits/sec  7606  
[ 23]  21.00-22.00  sec  10.1 MBytes  85.1 Mbits/sec  7606  
[ 25]  21.00-22.00  sec  10.1 MBytes  85.1 Mbits/sec  7606  
[ 27]  21.00-22.00  sec  10.1 MBytes  85.1 Mbits/sec  7606  
[ 29]  21.00-22.00  sec  10.1 MBytes  85.1 Mbits/sec  7606  
[ 31]  21.00-22.00  sec  10.1 MBytes  85.1 Mbits/sec  7606  
[ 33]  21.00-22.00  sec  10.1 MBytes  85.1 Mbits/sec  7606  
[ 35]  21.00-22.00  sec  10.1 MBytes  85.1 Mbits/sec  7606  
[ 37]  21.00-22.00  sec  10.1 MBytes  85.1 Mbits/sec  7606  
[ 39]  21.00-22.00  sec  10.1 MBytes  85.1 Mbits/sec  7606  
[ 41]  21.00-22.00  sec  10.1 MBytes  85.1 Mbits/sec  7606  
[ 43]  21.00-22.00  sec  10.1 MBytes  85.1 Mbits/sec  7606  
[SUM]  21.00-22.00  sec   203 MBytes  1701 Mbits/sec  152120  
- - - - - - - - - - - - - - - - - - - - - - - - -
[  5]  22.00-23.00  sec  9.96 MBytes  83.5 Mbits/sec  7467  
[  7]  22.00-23.00  sec  9.96 MBytes  83.5 Mbits/sec  7467  
[  9]  22.00-23.00  sec  9.96 MBytes  83.5 Mbits/sec  7467  
[ 11]  22.00-23.00  sec  9.96 MBytes  83.5 Mbits/sec  7467  
[ 13]  22.00-23.00  sec  9.96 MBytes  83.5 Mbits/sec  7467  
[ 15]  22.00-23.00  sec  9.96 MBytes  83.5 Mbits/sec  7467  
[ 17]  22.00-23.00  sec  9.96 MBytes  83.5 Mbits/sec  7467  
[ 19]  22.00-23.00  sec  9.96 MBytes  83.5 Mbits/sec  7467  
[ 21]  22.00-23.00  sec  9.96 MBytes  83.5 Mbits/sec  7467  
[ 23]  22.00-23.00  sec  9.96 MBytes  83.5 Mbits/sec  7467  
[ 25]  22.00-23.00  sec  9.96 MBytes  83.5 Mbits/sec  7467  
[ 27]  22.00-23.00  sec  9.96 MBytes  83.5 Mbits/sec  7467  
[ 29]  22.00-23.00  sec  9.96 MBytes  83.5 Mbits/sec  7467  
[ 31]  22.00-23.00  sec  9.96 MBytes  83.5 Mbits/sec  7467  
[ 33]  22.00-23.00  sec  9.96 MBytes  83.5 Mbits/sec  7467  
[ 35]  22.00-23.00  sec  9.96 MBytes  83.5 Mbits/sec  7467  
[ 37]  22.00-23.00  sec  9.96 MBytes  83.5 Mbits/sec  7467  
[ 39]  22.00-23.00  sec  9.96 MBytes  83.5 Mbits/sec  7467  
[ 41]  22.00-23.00  sec  9.96 MBytes  83.5 Mbits/sec  7467  
[ 43]  22.00-23.00  sec  9.96 MBytes  83.5 Mbits/sec  7467  
[SUM]  22.00-23.00  sec   199 MBytes  1670 Mbits/sec  149340  
- - - - - - - - - - - - - - - - - - - - - - - - -
[  5]  23.00-24.00  sec  10.1 MBytes  84.6 Mbits/sec  7566  
[  7]  23.00-24.00  sec  10.1 MBytes  84.6 Mbits/sec  7566  
[  9]  23.00-24.00  sec  10.1 MBytes  84.6 Mbits/sec  7566  
[ 11]  23.00-24.00  sec  10.1 MBytes  84.6 Mbits/sec  7566  
[ 13]  23.00-24.00  sec  10.1 MBytes  84.6 Mbits/sec  7566  
[ 15]  23.00-24.00  sec  10.1 MBytes  84.6 Mbits/sec  7566  
[ 17]  23.00-24.00  sec  10.1 MBytes  84.6 Mbits/sec  7566  
[ 19]  23.00-24.00  sec  10.1 MBytes  84.6 Mbits/sec  7566  
[ 21]  23.00-24.00  sec  10.1 MBytes  84.6 Mbits/sec  7566  
[ 23]  23.00-24.00  sec  10.1 MBytes  84.6 Mbits/sec  7566  
[ 25]  23.00-24.00  sec  10.1 MBytes  84.6 Mbits/sec  7566  
[ 27]  23.00-24.00  sec  10.1 MBytes  84.6 Mbits/sec  7566  
[ 29]  23.00-24.00  sec  10.1 MBytes  84.6 Mbits/sec  7566  
[ 31]  23.00-24.00  sec  10.1 MBytes  84.6 Mbits/sec  7566  
[ 33]  23.00-24.00  sec  10.1 MBytes  84.6 Mbits/sec  7566  
[ 35]  23.00-24.00  sec  10.1 MBytes  84.6 Mbits/sec  7566  
[ 37]  23.00-24.00  sec  10.1 MBytes  84.6 Mbits/sec  7566  
[ 39]  23.00-24.00  sec  10.1 MBytes  84.6 Mbits/sec  7566  
[ 41]  23.00-24.00  sec  10.1 MBytes  84.6 Mbits/sec  7566  
[ 43]  23.00-24.00  sec  10.1 MBytes  84.6 Mbits/sec  7566  
[SUM]  23.00-24.00  sec   202 MBytes  1692 Mbits/sec  151320  
- - - - - - - - - - - - - - - - - - - - - - - - -
[  5]  24.00-25.00  sec  10.1 MBytes  85.0 Mbits/sec  7596  
[  7]  24.00-25.00  sec  10.1 MBytes  85.0 Mbits/sec  7596  
[  9]  24.00-25.00  sec  10.1 MBytes  85.0 Mbits/sec  7596  
[ 11]  24.00-25.00  sec  10.1 MBytes  85.0 Mbits/sec  7596  
[ 13]  24.00-25.00  sec  10.1 MBytes  85.0 Mbits/sec  7596  
[ 15]  24.00-25.00  sec  10.1 MBytes  85.0 Mbits/sec  7596  
[ 17]  24.00-25.00  sec  10.1 MBytes  85.0 Mbits/sec  7596  
[ 19]  24.00-25.00  sec  10.1 MBytes  85.0 Mbits/sec  7596  
[ 21]  24.00-25.00  sec  10.1 MBytes  85.0 Mbits/sec  7596  
[ 23]  24.00-25.00  sec  10.1 MBytes  85.0 Mbits/sec  7596  
[ 25]  24.00-25.00  sec  10.1 MBytes  85.0 Mbits/sec  7596  
[ 27]  24.00-25.00  sec  10.1 MBytes  85.0 Mbits/sec  7596  
[ 29]  24.00-25.00  sec  10.1 MBytes  85.0 Mbits/sec  7596  
[ 31]  24.00-25.00  sec  10.1 MBytes  85.0 Mbits/sec  7596  
[ 33]  24.00-25.00  sec  10.1 MBytes  85.0 Mbits/sec  7596  
[ 35]  24.00-25.00  sec  10.1 MBytes  85.0 Mbits/sec  7596  
[ 37]  24.00-25.00  sec  10.1 MBytes  85.0 Mbits/sec  7596  
[ 39]  24.00-25.00  sec  10.1 MBytes  85.0 Mbits/sec  7596  
[ 41]  24.00-25.00  sec  10.1 MBytes  85.0 Mbits/sec  7596  
[ 43]  24.00-25.00  sec  10.1 MBytes  85.0 Mbits/sec  7596  
[SUM]  24.00-25.00  sec   203 MBytes  1699 Mbits/sec  151920  
- - - - - - - - - - - - - - - - - - - - - - - - -
[  5]  25.00-26.00  sec  10.0 MBytes  84.3 Mbits/sec  7538  
[  7]  25.00-26.00  sec  10.0 MBytes  84.3 Mbits/sec  7538  
[  9]  25.00-26.00  sec  10.0 MBytes  84.3 Mbits/sec  7538  
[ 11]  25.00-26.00  sec  10.0 MBytes  84.3 Mbits/sec  7538  
[ 13]  25.00-26.00  sec  10.0 MBytes  84.3 Mbits/sec  7538  
[ 15]  25.00-26.00  sec  10.0 MBytes  84.3 Mbits/sec  7538  
[ 17]  25.00-26.00  sec  10.0 MBytes  84.3 Mbits/sec  7538  
[ 19]  25.00-26.00  sec  10.0 MBytes  84.3 Mbits/sec  7538  
[ 21]  25.00-26.00  sec  10.0 MBytes  84.3 Mbits/sec  7538  
[ 23]  25.00-26.00  sec  10.0 MBytes  84.3 Mbits/sec  7538  
[ 25]  25.00-26.00  sec  10.0 MBytes  84.3 Mbits/sec  7538  
[ 27]  25.00-26.00  sec  10.0 MBytes  84.3 Mbits/sec  7538  
[ 29]  25.00-26.00  sec  10.0 MBytes  84.3 Mbits/sec  7538  
[ 31]  25.00-26.00  sec  10.0 MBytes  84.3 Mbits/sec  7538  
[ 33]  25.00-26.00  sec  10.0 MBytes  84.3 Mbits/sec  7538  
[ 35]  25.00-26.00  sec  10.0 MBytes  84.3 Mbits/sec  7538  
[ 37]  25.00-26.00  sec  10.0 MBytes  84.3 Mbits/sec  7538  
[ 39]  25.00-26.00  sec  10.0 MBytes  84.3 Mbits/sec  7538  
[ 41]  25.00-26.00  sec  10.0 MBytes  84.3 Mbits/sec  7538  
[ 43]  25.00-26.00  sec  10.0 MBytes  84.3 Mbits/sec  7538  
[SUM]  25.00-26.00  sec   201 MBytes  1686 Mbits/sec  150760  
- - - - - - - - - - - - - - - - - - - - - - - - -
[  5]  26.00-27.00  sec  10.1 MBytes  84.5 Mbits/sec  7551  
[  7]  26.00-27.00  sec  10.1 MBytes  84.5 Mbits/sec  7551  
[  9]  26.00-27.00  sec  10.1 MBytes  84.5 Mbits/sec  7551  
[ 11]  26.00-27.00  sec  10.1 MBytes  84.5 Mbits/sec  7551  
[ 13]  26.00-27.00  sec  10.1 MBytes  84.5 Mbits/sec  7551  
[ 15]  26.00-27.00  sec  10.1 MBytes  84.4 Mbits/sec  7551  
[ 17]  26.00-27.00  sec  10.1 MBytes  84.4 Mbits/sec  7551  
[ 19]  26.00-27.00  sec  10.1 MBytes  84.4 Mbits/sec  7551  
[ 21]  26.00-27.00  sec  10.1 MBytes  84.5 Mbits/sec  7551  
[ 23]  26.00-27.00  sec  10.1 MBytes  84.5 Mbits/sec  7551  
[ 25]  26.00-27.00  sec  10.1 MBytes  84.5 Mbits/sec  7551  
[ 27]  26.00-27.00  sec  10.1 MBytes  84.5 Mbits/sec  7551  
[ 29]  26.00-27.00  sec  10.1 MBytes  84.5 Mbits/sec  7551  
[ 31]  26.00-27.00  sec  10.1 MBytes  84.5 Mbits/sec  7551  
[ 33]  26.00-27.00  sec  10.1 MBytes  84.5 Mbits/sec  7551  
[ 35]  26.00-27.00  sec  10.1 MBytes  84.5 Mbits/sec  7551  
[ 37]  26.00-27.00  sec  10.1 MBytes  84.5 Mbits/sec  7551  
[ 39]  26.00-27.00  sec  10.1 MBytes  84.5 Mbits/sec  7551  
[ 41]  26.00-27.00  sec  10.1 MBytes  84.5 Mbits/sec  7551  
[ 43]  26.00-27.00  sec  10.1 MBytes  84.5 Mbits/sec  7551  
[SUM]  26.00-27.00  sec   201 MBytes  1689 Mbits/sec  151020  
- - - - - - - - - - - - - - - - - - - - - - - - -
[  5]  27.00-28.00  sec  10.2 MBytes  85.9 Mbits/sec  7684  
[  7]  27.00-28.00  sec  10.2 MBytes  85.9 Mbits/sec  7684  
[  9]  27.00-28.00  sec  10.2 MBytes  85.9 Mbits/sec  7684  
[ 11]  27.00-28.00  sec  10.2 MBytes  85.9 Mbits/sec  7684  
[ 13]  27.00-28.00  sec  10.2 MBytes  85.9 Mbits/sec  7684  
[ 15]  27.00-28.00  sec  10.2 MBytes  85.9 Mbits/sec  7684  
[ 17]  27.00-28.00  sec  10.2 MBytes  85.9 Mbits/sec  7684  
[ 19]  27.00-28.00  sec  10.2 MBytes  85.9 Mbits/sec  7684  
[ 21]  27.00-28.00  sec  10.2 MBytes  85.9 Mbits/sec  7684  
[ 23]  27.00-28.00  sec  10.2 MBytes  85.9 Mbits/sec  7684  
[ 25]  27.00-28.00  sec  10.2 MBytes  85.9 Mbits/sec  7684  
[ 27]  27.00-28.00  sec  10.2 MBytes  85.9 Mbits/sec  7684  
[ 29]  27.00-28.00  sec  10.2 MBytes  85.9 Mbits/sec  7684  
[ 31]  27.00-28.00  sec  10.2 MBytes  85.9 Mbits/sec  7684  
[ 33]  27.00-28.00  sec  10.2 MBytes  85.9 Mbits/sec  7684  
[ 35]  27.00-28.00  sec  10.2 MBytes  85.9 Mbits/sec  7684  
[ 37]  27.00-28.00  sec  10.2 MBytes  85.9 Mbits/sec  7684  
[ 39]  27.00-28.00  sec  10.2 MBytes  85.9 Mbits/sec  7684  
[ 41]  27.00-28.00  sec  10.2 MBytes  85.9 Mbits/sec  7684  
[ 43]  27.00-28.00  sec  10.2 MBytes  85.9 Mbits/sec  7684  
[SUM]  27.00-28.00  sec   205 MBytes  1719 Mbits/sec  153680  
- - - - - - - - - - - - - - - - - - - - - - - - -
[  5]  28.00-29.00  sec  10.3 MBytes  86.1 Mbits/sec  7694  
[  7]  28.00-29.00  sec  10.3 MBytes  86.1 Mbits/sec  7694  
[  9]  28.00-29.00  sec  10.3 MBytes  86.1 Mbits/sec  7694  
[ 11]  28.00-29.00  sec  10.3 MBytes  86.1 Mbits/sec  7694  
[ 13]  28.00-29.00  sec  10.3 MBytes  86.1 Mbits/sec  7694  
[ 15]  28.00-29.00  sec  10.3 MBytes  86.1 Mbits/sec  7694  
[ 17]  28.00-29.00  sec  10.3 MBytes  86.1 Mbits/sec  7694  
[ 19]  28.00-29.00  sec  10.3 MBytes  86.1 Mbits/sec  7694  
[ 21]  28.00-29.00  sec  10.3 MBytes  86.1 Mbits/sec  7694  
[ 23]  28.00-29.00  sec  10.3 MBytes  86.1 Mbits/sec  7694  
[ 25]  28.00-29.00  sec  10.3 MBytes  86.1 Mbits/sec  7694  
[ 27]  28.00-29.00  sec  10.3 MBytes  86.1 Mbits/sec  7694  
[ 29]  28.00-29.00  sec  10.3 MBytes  86.1 Mbits/sec  7694  
[ 31]  28.00-29.00  sec  10.3 MBytes  86.1 Mbits/sec  7694  
[ 33]  28.00-29.00  sec  10.3 MBytes  86.1 Mbits/sec  7694  
[ 35]  28.00-29.00  sec  10.3 MBytes  86.1 Mbits/sec  7694  
[ 37]  28.00-29.00  sec  10.3 MBytes  86.1 Mbits/sec  7694  
[ 39]  28.00-29.00  sec  10.3 MBytes  86.1 Mbits/sec  7694  
[ 41]  28.00-29.00  sec  10.3 MBytes  86.1 Mbits/sec  7694  
[ 43]  28.00-29.00  sec  10.3 MBytes  86.1 Mbits/sec  7694  
[SUM]  28.00-29.00  sec   205 MBytes  1721 Mbits/sec  153880  
- - - - - - - - - - - - - - - - - - - - - - - - -
[  5]  29.00-30.00  sec  10.3 MBytes  86.2 Mbits/sec  7710  
[  7]  29.00-30.00  sec  10.3 MBytes  86.2 Mbits/sec  7710  
[  9]  29.00-30.00  sec  10.3 MBytes  86.2 Mbits/sec  7710  
[ 11]  29.00-30.00  sec  10.3 MBytes  86.2 Mbits/sec  7710  
[ 13]  29.00-30.00  sec  10.3 MBytes  86.2 Mbits/sec  7710  
[ 15]  29.00-30.00  sec  10.3 MBytes  86.2 Mbits/sec  7710  
[ 17]  29.00-30.00  sec  10.3 MBytes  86.2 Mbits/sec  7710  
[ 19]  29.00-30.00  sec  10.3 MBytes  86.2 Mbits/sec  7710  
[ 21]  29.00-30.00  sec  10.3 MBytes  86.2 Mbits/sec  7710  
[ 23]  29.00-30.00  sec  10.3 MBytes  86.2 Mbits/sec  7710  
[ 25]  29.00-30.00  sec  10.3 MBytes  86.2 Mbits/sec  7710  
[ 27]  29.00-30.00  sec  10.3 MBytes  86.2 Mbits/sec  7710  
[ 29]  29.00-30.00  sec  10.3 MBytes  86.2 Mbits/sec  7710  
[ 31]  29.00-30.00  sec  10.3 MBytes  86.2 Mbits/sec  7710  
[ 33]  29.00-30.00  sec  10.3 MBytes  86.2 Mbits/sec  7710  
[ 35]  29.00-30.00  sec  10.3 MBytes  86.2 Mbits/sec  7710  
[ 37]  29.00-30.00  sec  10.3 MBytes  86.2 Mbits/sec  7710  
[ 39]  29.00-30.00  sec  10.3 MBytes  86.2 Mbits/sec  7710  
[ 41]  29.00-30.00  sec  10.3 MBytes  86.2 Mbits/sec  7710  
[ 43]  29.00-30.00  sec  10.3 MBytes  86.2 Mbits/sec  7710  
[SUM]  29.00-30.00  sec   206 MBytes  1725 Mbits/sec  154200  
- - - - - - - - - - - - - - - - - - - - - - - - -
[  5]  30.00-31.00  sec  10.2 MBytes  85.8 Mbits/sec  7671  
[  7]  30.00-31.00  sec  10.2 MBytes  85.8 Mbits/sec  7671  
[  9]  30.00-31.00  sec  10.2 MBytes  85.8 Mbits/sec  7672  
[ 11]  30.00-31.00  sec  10.2 MBytes  85.8 Mbits/sec  7672  
[ 13]  30.00-31.00  sec  10.2 MBytes  85.8 Mbits/sec  7672  
[ 15]  30.00-31.00  sec  10.2 MBytes  85.8 Mbits/sec  7672  
[ 17]  30.00-31.00  sec  10.2 MBytes  85.8 Mbits/sec  7671  
[ 19]  30.00-31.00  sec  10.2 MBytes  85.8 Mbits/sec  7671  
[ 21]  30.00-31.00  sec  10.2 MBytes  85.8 Mbits/sec  7671  
[ 23]  30.00-31.00  sec  10.2 MBytes  85.8 Mbits/sec  7671  
[ 25]  30.00-31.00  sec  10.2 MBytes  85.8 Mbits/sec  7671  
[ 27]  30.00-31.00  sec  10.2 MBytes  85.8 Mbits/sec  7671  
[ 29]  30.00-31.00  sec  10.2 MBytes  85.8 Mbits/sec  7671  
[ 31]  30.00-31.00  sec  10.2 MBytes  85.8 Mbits/sec  7671  
[ 33]  30.00-31.00  sec  10.2 MBytes  85.8 Mbits/sec  7671  
[ 35]  30.00-31.00  sec  10.2 MBytes  85.8 Mbits/sec  7671  
[ 37]  30.00-31.00  sec  10.2 MBytes  85.8 Mbits/sec  7671  
[ 39]  30.00-31.00  sec  10.2 MBytes  85.8 Mbits/sec  7671  
[ 41]  30.00-31.00  sec  10.2 MBytes  85.8 Mbits/sec  7671  
[ 43]  30.00-31.00  sec  10.2 MBytes  85.8 Mbits/sec  7671  
[SUM]  30.00-31.00  sec   205 MBytes  1716 Mbits/sec  153424  
- - - - - - - - - - - - - - - - - - - - - - - - -
[  5]  31.00-32.00  sec  10.3 MBytes  86.0 Mbits/sec  7693  
[  7]  31.00-32.00  sec  10.3 MBytes  86.0 Mbits/sec  7693  
[  9]  31.00-32.00  sec  10.3 MBytes  86.0 Mbits/sec  7693  
[ 11]  31.00-32.00  sec  10.3 MBytes  86.0 Mbits/sec  7693  
[ 13]  31.00-32.00  sec  10.3 MBytes  86.0 Mbits/sec  7693  
[ 15]  31.00-32.00  sec  10.3 MBytes  86.0 Mbits/sec  7693  
[ 17]  31.00-32.00  sec  10.3 MBytes  86.0 Mbits/sec  7693  
[ 19]  31.00-32.00  sec  10.3 MBytes  86.0 Mbits/sec  7693  
[ 21]  31.00-32.00  sec  10.3 MBytes  86.0 Mbits/sec  7693  
[ 23]  31.00-32.00  sec  10.3 MBytes  86.0 Mbits/sec  7693  
[ 25]  31.00-32.00  sec  10.3 MBytes  86.0 Mbits/sec  7693  
[ 27]  31.00-32.00  sec  10.3 MBytes  86.0 Mbits/sec  7693  
[ 29]  31.00-32.00  sec  10.3 MBytes  86.0 Mbits/sec  7693  
[ 31]  31.00-32.00  sec  10.3 MBytes  86.0 Mbits/sec  7693  
[ 33]  31.00-32.00  sec  10.3 MBytes  86.0 Mbits/sec  7693  
[ 35]  31.00-32.00  sec  10.3 MBytes  86.0 Mbits/sec  7693  
[ 37]  31.00-32.00  sec  10.3 MBytes  86.0 Mbits/sec  7693  
[ 39]  31.00-32.00  sec  10.3 MBytes  86.0 Mbits/sec  7693  
[ 41]  31.00-32.00  sec  10.3 MBytes  86.0 Mbits/sec  7693  
[ 43]  31.00-32.00  sec  10.3 MBytes  86.0 Mbits/sec  7693  
[SUM]  31.00-32.00  sec   205 MBytes  1721 Mbits/sec  153860  
- - - - - - - - - - - - - - - - - - - - - - - - -
[  5]  32.00-33.00  sec  10.3 MBytes  86.2 Mbits/sec  7709  
[  7]  32.00-33.00  sec  10.3 MBytes  86.2 Mbits/sec  7709  
[  9]  32.00-33.00  sec  10.3 MBytes  86.2 Mbits/sec  7709  
[ 11]  32.00-33.00  sec  10.3 MBytes  86.2 Mbits/sec  7709  
[ 13]  32.00-33.00  sec  10.3 MBytes  86.2 Mbits/sec  7709  
[ 15]  32.00-33.00  sec  10.3 MBytes  86.2 Mbits/sec  7709  
[ 17]  32.00-33.00  sec  10.3 MBytes  86.2 Mbits/sec  7709  
[ 19]  32.00-33.00  sec  10.3 MBytes  86.2 Mbits/sec  7709  
[ 21]  32.00-33.00  sec  10.3 MBytes  86.2 Mbits/sec  7709  
[ 23]  32.00-33.00  sec  10.3 MBytes  86.2 Mbits/sec  7709  
[ 25]  32.00-33.00  sec  10.3 MBytes  86.2 Mbits/sec  7709  
[ 27]  32.00-33.00  sec  10.3 MBytes  86.2 Mbits/sec  7709  
[ 29]  32.00-33.00  sec  10.3 MBytes  86.2 Mbits/sec  7709  
[ 31]  32.00-33.00  sec  10.3 MBytes  86.2 Mbits/sec  7709  
[ 33]  32.00-33.00  sec  10.3 MBytes  86.2 Mbits/sec  7709  
[ 35]  32.00-33.00  sec  10.3 MBytes  86.2 Mbits/sec  7709  
[ 37]  32.00-33.00  sec  10.3 MBytes  86.2 Mbits/sec  7709  
[ 39]  32.00-33.00  sec  10.3 MBytes  86.2 Mbits/sec  7709  
[ 41]  32.00-33.00  sec  10.3 MBytes  86.2 Mbits/sec  7709  
[ 43]  32.00-33.00  sec  10.3 MBytes  86.2 Mbits/sec  7709  
[SUM]  32.00-33.00  sec   206 MBytes  1724 Mbits/sec  154180  
- - - - - - - - - - - - - - - - - - - - - - - - -
[  5]  33.00-34.00  sec  10.3 MBytes  86.2 Mbits/sec  7704  
[  7]  33.00-34.00  sec  10.3 MBytes  86.2 Mbits/sec  7704  
[  9]  33.00-34.00  sec  10.3 MBytes  86.2 Mbits/sec  7704  
[ 11]  33.00-34.00  sec  10.3 MBytes  86.2 Mbits/sec  7704  
[ 13]  33.00-34.00  sec  10.3 MBytes  86.2 Mbits/sec  7704  
[ 15]  33.00-34.00  sec  10.3 MBytes  86.2 Mbits/sec  7704  
[ 17]  33.00-34.00  sec  10.3 MBytes  86.2 Mbits/sec  7704  
[ 19]  33.00-34.00  sec  10.3 MBytes  86.2 Mbits/sec  7704  
[ 21]  33.00-34.00  sec  10.3 MBytes  86.2 Mbits/sec  7704  
[ 23]  33.00-34.00  sec  10.3 MBytes  86.2 Mbits/sec  7704  
[ 25]  33.00-34.00  sec  10.3 MBytes  86.2 Mbits/sec  7704  
[ 27]  33.00-34.00  sec  10.3 MBytes  86.2 Mbits/sec  7704  
[ 29]  33.00-34.00  sec  10.3 MBytes  86.2 Mbits/sec  7704  
[ 31]  33.00-34.00  sec  10.3 MBytes  86.2 Mbits/sec  7704  
[ 33]  33.00-34.00  sec  10.3 MBytes  86.2 Mbits/sec  7704  
[ 35]  33.00-34.00  sec  10.3 MBytes  86.2 Mbits/sec  7704  
[ 37]  33.00-34.00  sec  10.3 MBytes  86.2 Mbits/sec  7704  
[ 39]  33.00-34.00  sec  10.3 MBytes  86.2 Mbits/sec  7704  
[ 41]  33.00-34.00  sec  10.3 MBytes  86.2 Mbits/sec  7704  
[ 43]  33.00-34.00  sec  10.3 MBytes  86.2 Mbits/sec  7704  
[SUM]  33.00-34.00  sec   205 MBytes  1723 Mbits/sec  154080  
- - - - - - - - - - - - - - - - - - - - - - - - -
[  5]  34.00-35.00  sec  10.3 MBytes  86.2 Mbits/sec  7709  
[  7]  34.00-35.00  sec  10.3 MBytes  86.2 Mbits/sec  7709  
[  9]  34.00-35.00  sec  10.3 MBytes  86.2 Mbits/sec  7708  
[ 11]  34.00-35.00  sec  10.3 MBytes  86.2 Mbits/sec  7708  
[ 13]  34.00-35.00  sec  10.3 MBytes  86.2 Mbits/sec  7708  
[ 15]  34.00-35.00  sec  10.3 MBytes  86.2 Mbits/sec  7709  
[ 17]  34.00-35.00  sec  10.3 MBytes  86.2 Mbits/sec  7709  
[ 19]  34.00-35.00  sec  10.3 MBytes  86.2 Mbits/sec  7709  
[ 21]  34.00-35.00  sec  10.3 MBytes  86.2 Mbits/sec  7708  
[ 23]  34.00-35.00  sec  10.3 MBytes  86.2 Mbits/sec  7708  
[ 25]  34.00-35.00  sec  10.3 MBytes  86.2 Mbits/sec  7708  
[ 27]  34.00-35.00  sec  10.3 MBytes  86.2 Mbits/sec  7708  
[ 29]  34.00-35.00  sec  10.3 MBytes  86.2 Mbits/sec  7708  
[ 31]  34.00-35.00  sec  10.3 MBytes  86.2 Mbits/sec  7708  
[ 33]  34.00-35.00  sec  10.3 MBytes  86.2 Mbits/sec  7708  
[ 35]  34.00-35.00  sec  10.3 MBytes  86.2 Mbits/sec  7708  
[ 37]  34.00-35.00  sec  10.3 MBytes  86.2 Mbits/sec  7708  
[ 39]  34.00-35.00  sec  10.3 MBytes  86.2 Mbits/sec  7708  
[ 41]  34.00-35.00  sec  10.3 MBytes  86.2 Mbits/sec  7708  
[ 43]  34.00-35.00  sec  10.3 MBytes  86.2 Mbits/sec  7708  
[SUM]  34.00-35.00  sec   206 MBytes  1724 Mbits/sec  154165  
- - - - - - - - - - - - - - - - - - - - - - - - -
[  5]  35.00-36.00  sec  10.3 MBytes  86.3 Mbits/sec  7716  
[  7]  35.00-36.00  sec  10.3 MBytes  86.3 Mbits/sec  7716  
[  9]  35.00-36.00  sec  10.3 MBytes  86.3 Mbits/sec  7716  
[ 11]  35.00-36.00  sec  10.3 MBytes  86.3 Mbits/sec  7716  
[ 13]  35.00-36.00  sec  10.3 MBytes  86.3 Mbits/sec  7716  
[ 15]  35.00-36.00  sec  10.3 MBytes  86.3 Mbits/sec  7716  
[ 17]  35.00-36.00  sec  10.3 MBytes  86.3 Mbits/sec  7716  
[ 19]  35.00-36.00  sec  10.3 MBytes  86.3 Mbits/sec  7716  
[ 21]  35.00-36.00  sec  10.3 MBytes  86.3 Mbits/sec  7716  
[ 23]  35.00-36.00  sec  10.3 MBytes  86.3 Mbits/sec  7716  
[ 25]  35.00-36.00  sec  10.3 MBytes  86.3 Mbits/sec  7716  
[ 27]  35.00-36.00  sec  10.3 MBytes  86.3 Mbits/sec  7716  
[ 29]  35.00-36.00  sec  10.3 MBytes  86.3 Mbits/sec  7716  
[ 31]  35.00-36.00  sec  10.3 MBytes  86.3 Mbits/sec  7716  
[ 33]  35.00-36.00  sec  10.3 MBytes  86.3 Mbits/sec  7716  
[ 35]  35.00-36.00  sec  10.3 MBytes  86.3 Mbits/sec  7716  
[ 37]  35.00-36.00  sec  10.3 MBytes  86.3 Mbits/sec  7716  
[ 39]  35.00-36.00  sec  10.3 MBytes  86.3 Mbits/sec  7716  
[ 41]  35.00-36.00  sec  10.3 MBytes  86.3 Mbits/sec  7716  
[ 43]  35.00-36.00  sec  10.3 MBytes  86.3 Mbits/sec  7716  
[SUM]  35.00-36.00  sec   206 MBytes  1726 Mbits/sec  154320  
- - - - - - - - - - - - - - - - - - - - - - - - -
[  5]  36.00-37.00  sec  10.2 MBytes  85.8 Mbits/sec  7674  
[  7]  36.00-37.00  sec  10.2 MBytes  85.8 Mbits/sec  7674  
[  9]  36.00-37.00  sec  10.2 MBytes  85.8 Mbits/sec  7674  
[ 11]  36.00-37.00  sec  10.2 MBytes  85.8 Mbits/sec  7674  
[ 13]  36.00-37.00  sec  10.2 MBytes  85.8 Mbits/sec  7674  
[ 15]  36.00-37.00  sec  10.2 MBytes  85.8 Mbits/sec  7674  
[ 17]  36.00-37.00  sec  10.2 MBytes  85.8 Mbits/sec  7674  
[ 19]  36.00-37.00  sec  10.2 MBytes  85.8 Mbits/sec  7674  
[ 21]  36.00-37.00  sec  10.2 MBytes  85.8 Mbits/sec  7674  
[ 23]  36.00-37.00  sec  10.2 MBytes  85.8 Mbits/sec  7674  
[ 25]  36.00-37.00  sec  10.2 MBytes  85.8 Mbits/sec  7674  
[ 27]  36.00-37.00  sec  10.2 MBytes  85.8 Mbits/sec  7674  
[ 29]  36.00-37.00  sec  10.2 MBytes  85.8 Mbits/sec  7674  
[ 31]  36.00-37.00  sec  10.2 MBytes  85.8 Mbits/sec  7674  
[ 33]  36.00-37.00  sec  10.2 MBytes  85.8 Mbits/sec  7674  
[ 35]  36.00-37.00  sec  10.2 MBytes  85.8 Mbits/sec  7674  
[ 37]  36.00-37.00  sec  10.2 MBytes  85.8 Mbits/sec  7674  
[ 39]  36.00-37.00  sec  10.2 MBytes  85.8 Mbits/sec  7674  
[ 41]  36.00-37.00  sec  10.2 MBytes  85.8 Mbits/sec  7674  
[ 43]  36.00-37.00  sec  10.2 MBytes  85.8 Mbits/sec  7674  
[SUM]  36.00-37.00  sec   205 MBytes  1717 Mbits/sec  153480  
- - - - - - - - - - - - - - - - - - - - - - - - -
[  5]  37.00-38.00  sec  11.4 MBytes  95.4 Mbits/sec  8532  
[  7]  37.00-38.00  sec  11.4 MBytes  95.4 Mbits/sec  8531  
[  9]  37.00-38.00  sec  11.4 MBytes  95.4 Mbits/sec  8526  
[ 11]  37.00-38.00  sec  11.4 MBytes  95.3 Mbits/sec  8522  
[ 13]  37.00-38.00  sec  11.4 MBytes  95.3 Mbits/sec  8520  
[ 15]  37.00-38.00  sec  11.4 MBytes  95.3 Mbits/sec  8518  
[ 17]  37.00-38.00  sec  11.4 MBytes  95.3 Mbits/sec  8518  
[ 19]  37.00-38.00  sec  11.4 MBytes  95.2 Mbits/sec  8514  
[ 21]  37.00-38.00  sec  11.3 MBytes  95.2 Mbits/sec  8512  
[ 23]  37.00-38.00  sec  11.4 MBytes  95.2 Mbits/sec  8514  
[ 25]  37.00-38.00  sec  11.3 MBytes  95.2 Mbits/sec  8513  
[ 27]  37.00-38.00  sec  11.3 MBytes  95.2 Mbits/sec  8508  
[ 29]  37.00-38.00  sec  11.3 MBytes  95.1 Mbits/sec  8507  
[ 31]  37.00-38.00  sec  11.3 MBytes  95.2 Mbits/sec  8508  
[ 33]  37.00-38.00  sec  11.3 MBytes  95.1 Mbits/sec  8505  
[ 35]  37.00-38.00  sec  11.3 MBytes  95.1 Mbits/sec  8504  
[ 37]  37.00-38.00  sec  11.3 MBytes  95.1 Mbits/sec  8503  
[ 39]  37.00-38.00  sec  11.3 MBytes  95.1 Mbits/sec  8500  
[ 41]  37.00-38.00  sec  11.3 MBytes  95.0 Mbits/sec  8495  
[ 43]  37.00-38.00  sec  11.3 MBytes  95.0 Mbits/sec  8493  
[SUM]  37.00-38.00  sec   227 MBytes  1904 Mbits/sec  170243  
- - - - - - - - - - - - - - - - - - - - - - - - -
[  5]  38.00-39.00  sec  13.7 MBytes   115 Mbits/sec  10293  
[  7]  38.00-39.00  sec  13.7 MBytes   115 Mbits/sec  10292  
[  9]  38.00-39.00  sec  13.7 MBytes   115 Mbits/sec  10289  
[ 11]  38.00-39.00  sec  13.7 MBytes   115 Mbits/sec  10283  
[ 13]  38.00-39.00  sec  13.7 MBytes   115 Mbits/sec  10282  
[ 15]  38.00-39.00  sec  13.7 MBytes   115 Mbits/sec  10271  
[ 17]  38.00-39.00  sec  13.7 MBytes   115 Mbits/sec  10262  
[ 19]  38.00-39.00  sec  13.7 MBytes   115 Mbits/sec  10257  
[ 21]  38.00-39.00  sec  13.7 MBytes   115 Mbits/sec  10252  
[ 23]  38.00-39.00  sec  13.7 MBytes   115 Mbits/sec  10253  
[ 25]  38.00-39.00  sec  13.7 MBytes   115 Mbits/sec  10251  
[ 27]  38.00-39.00  sec  13.7 MBytes   115 Mbits/sec  10248  
[ 29]  38.00-39.00  sec  13.7 MBytes   115 Mbits/sec  10245  
[ 31]  38.00-39.00  sec  13.7 MBytes   115 Mbits/sec  10241  
[ 33]  38.00-39.00  sec  13.6 MBytes   114 Mbits/sec  10233  
[ 35]  38.00-39.00  sec  13.6 MBytes   114 Mbits/sec  10230  
[ 37]  38.00-39.00  sec  13.6 MBytes   114 Mbits/sec  10223  
[ 39]  38.00-39.00  sec  13.6 MBytes   114 Mbits/sec  10219  
[ 41]  38.00-39.00  sec  13.6 MBytes   114 Mbits/sec  10214  
[ 43]  38.00-39.00  sec  13.6 MBytes   114 Mbits/sec  10205  
[SUM]  38.00-39.00  sec   273 MBytes  2293 Mbits/sec  205043  
- - - - - - - - - - - - - - - - - - - - - - - - -
[  5]  39.00-40.00  sec  10.1 MBytes  84.3 Mbits/sec  7540  
[  7]  39.00-40.00  sec  10.1 MBytes  84.3 Mbits/sec  7539  
[  9]  39.00-40.00  sec  10.1 MBytes  84.3 Mbits/sec  7539  
[ 11]  39.00-40.00  sec  10.1 MBytes  84.3 Mbits/sec  7539  
[ 13]  39.00-40.00  sec  10.1 MBytes  84.3 Mbits/sec  7539  
[ 15]  39.00-40.00  sec  10.1 MBytes  84.3 Mbits/sec  7539  
[ 17]  39.00-40.00  sec  10.1 MBytes  84.3 Mbits/sec  7540  
[ 19]  39.00-40.00  sec  10.1 MBytes  84.3 Mbits/sec  7540  
[ 21]  39.00-40.00  sec  10.1 MBytes  84.3 Mbits/sec  7540  
[ 23]  39.00-40.00  sec  10.1 MBytes  84.3 Mbits/sec  7539  
[ 25]  39.00-40.00  sec  10.1 MBytes  84.3 Mbits/sec  7539  
[ 27]  39.00-40.00  sec  10.1 MBytes  84.3 Mbits/sec  7539  
[ 29]  39.00-40.00  sec  10.1 MBytes  84.3 Mbits/sec  7539  
[ 31]  39.00-40.00  sec  10.1 MBytes  84.3 Mbits/sec  7539  
[ 33]  39.00-40.00  sec  10.1 MBytes  84.3 Mbits/sec  7539  
[ 35]  39.00-40.00  sec  10.1 MBytes  84.3 Mbits/sec  7539  
[ 37]  39.00-40.00  sec  10.1 MBytes  84.3 Mbits/sec  7539  
[ 39]  39.00-40.00  sec  10.1 MBytes  84.3 Mbits/sec  7539  
[ 41]  39.00-40.00  sec  10.1 MBytes  84.3 Mbits/sec  7539  
[ 43]  39.00-40.00  sec  10.1 MBytes  84.3 Mbits/sec  7539  
[SUM]  39.00-40.00  sec   201 MBytes  1686 Mbits/sec  150784  
- - - - - - - - - - - - - - - - - - - - - - - - -
[  5]  40.00-41.00  sec  10.2 MBytes  85.6 Mbits/sec  7657  
[  7]  40.00-41.00  sec  10.2 MBytes  85.6 Mbits/sec  7657  
[  9]  40.00-41.00  sec  10.2 MBytes  85.6 Mbits/sec  7657  
[ 11]  40.00-41.00  sec  10.2 MBytes  85.6 Mbits/sec  7657  
[ 13]  40.00-41.00  sec  10.2 MBytes  85.6 Mbits/sec  7657  
[ 15]  40.00-41.00  sec  10.2 MBytes  85.6 Mbits/sec  7657  
[ 17]  40.00-41.00  sec  10.2 MBytes  85.6 Mbits/sec  7657  
[ 19]  40.00-41.00  sec  10.2 MBytes  85.6 Mbits/sec  7657  
[ 21]  40.00-41.00  sec  10.2 MBytes  85.6 Mbits/sec  7657  
[ 23]  40.00-41.00  sec  10.2 MBytes  85.6 Mbits/sec  7657  
[ 25]  40.00-41.00  sec  10.2 MBytes  85.6 Mbits/sec  7657  
[ 27]  40.00-41.00  sec  10.2 MBytes  85.6 Mbits/sec  7657  
[ 29]  40.00-41.00  sec  10.2 MBytes  85.6 Mbits/sec  7657  
[ 31]  40.00-41.00  sec  10.2 MBytes  85.6 Mbits/sec  7657  
[ 33]  40.00-41.00  sec  10.2 MBytes  85.6 Mbits/sec  7657  
[ 35]  40.00-41.00  sec  10.2 MBytes  85.6 Mbits/sec  7657  
[ 37]  40.00-41.00  sec  10.2 MBytes  85.6 Mbits/sec  7657  
[ 39]  40.00-41.00  sec  10.2 MBytes  85.6 Mbits/sec  7657  
[ 41]  40.00-41.00  sec  10.2 MBytes  85.6 Mbits/sec  7657  
[ 43]  40.00-41.00  sec  10.2 MBytes  85.6 Mbits/sec  7657  
[SUM]  40.00-41.00  sec   204 MBytes  1713 Mbits/sec  153140  
- - - - - - - - - - - - - - - - - - - - - - - - -
[  5]  41.00-42.00  sec  10.1 MBytes  84.9 Mbits/sec  7590  
[  7]  41.00-42.00  sec  10.1 MBytes  84.9 Mbits/sec  7590  
[  9]  41.00-42.00  sec  10.1 MBytes  84.9 Mbits/sec  7590  
[ 11]  41.00-42.00  sec  10.1 MBytes  84.9 Mbits/sec  7590  
[ 13]  41.00-42.00  sec  10.1 MBytes  84.9 Mbits/sec  7590  
[ 15]  41.00-42.00  sec  10.1 MBytes  84.9 Mbits/sec  7590  
[ 17]  41.00-42.00  sec  10.1 MBytes  84.9 Mbits/sec  7590  
[ 19]  41.00-42.00  sec  10.1 MBytes  84.9 Mbits/sec  7590  
[ 21]  41.00-42.00  sec  10.1 MBytes  84.9 Mbits/sec  7590  
[ 23]  41.00-42.00  sec  10.1 MBytes  84.9 Mbits/sec  7590  
[ 25]  41.00-42.00  sec  10.1 MBytes  84.9 Mbits/sec  7590  
[ 27]  41.00-42.00  sec  10.1 MBytes  84.9 Mbits/sec  7590  
[ 29]  41.00-42.00  sec  10.1 MBytes  84.9 Mbits/sec  7590  
[ 31]  41.00-42.00  sec  10.1 MBytes  84.9 Mbits/sec  7590  
[ 33]  41.00-42.00  sec  10.1 MBytes  84.9 Mbits/sec  7590  
[ 35]  41.00-42.00  sec  10.1 MBytes  84.9 Mbits/sec  7590  
[ 37]  41.00-42.00  sec  10.1 MBytes  84.9 Mbits/sec  7590  
[ 39]  41.00-42.00  sec  10.1 MBytes  84.9 Mbits/sec  7590  
[ 41]  41.00-42.00  sec  10.1 MBytes  84.9 Mbits/sec  7590  
[ 43]  41.00-42.00  sec  10.1 MBytes  84.9 Mbits/sec  7590  
[SUM]  41.00-42.00  sec   202 MBytes  1698 Mbits/sec  151800  
- - - - - - - - - - - - - - - - - - - - - - - - -
[  5]  42.00-43.00  sec  10.1 MBytes  84.5 Mbits/sec  7556  
[  7]  42.00-43.00  sec  10.1 MBytes  84.5 Mbits/sec  7556  
[  9]  42.00-43.00  sec  10.1 MBytes  84.5 Mbits/sec  7556  
[ 11]  42.00-43.00  sec  10.1 MBytes  84.5 Mbits/sec  7556  
[ 13]  42.00-43.00  sec  10.1 MBytes  84.5 Mbits/sec  7556  
[ 15]  42.00-43.00  sec  10.1 MBytes  84.5 Mbits/sec  7556  
[ 17]  42.00-43.00  sec  10.1 MBytes  84.5 Mbits/sec  7556  
[ 19]  42.00-43.00  sec  10.1 MBytes  84.5 Mbits/sec  7556  
[ 21]  42.00-43.00  sec  10.1 MBytes  84.5 Mbits/sec  7556  
[ 23]  42.00-43.00  sec  10.1 MBytes  84.5 Mbits/sec  7556  
[ 25]  42.00-43.00  sec  10.1 MBytes  84.5 Mbits/sec  7556  
[ 27]  42.00-43.00  sec  10.1 MBytes  84.5 Mbits/sec  7556  
[ 29]  42.00-43.00  sec  10.1 MBytes  84.5 Mbits/sec  7556  
[ 31]  42.00-43.00  sec  10.1 MBytes  84.5 Mbits/sec  7556  
[ 33]  42.00-43.00  sec  10.1 MBytes  84.5 Mbits/sec  7556  
[ 35]  42.00-43.00  sec  10.1 MBytes  84.5 Mbits/sec  7556  
[ 37]  42.00-43.00  sec  10.1 MBytes  84.5 Mbits/sec  7556  
[ 39]  42.00-43.00  sec  10.1 MBytes  84.5 Mbits/sec  7556  
[ 41]  42.00-43.00  sec  10.1 MBytes  84.5 Mbits/sec  7556  
[ 43]  42.00-43.00  sec  10.1 MBytes  84.5 Mbits/sec  7556  
[SUM]  42.00-43.00  sec   201 MBytes  1690 Mbits/sec  151120  
- - - - - - - - - - - - - - - - - - - - - - - - -
[  5]  43.00-44.00  sec  10.2 MBytes  85.5 Mbits/sec  7642  
[  7]  43.00-44.00  sec  10.2 MBytes  85.5 Mbits/sec  7642  
[  9]  43.00-44.00  sec  10.2 MBytes  85.5 Mbits/sec  7642  
[ 11]  43.00-44.00  sec  10.2 MBytes  85.5 Mbits/sec  7642  
[ 13]  43.00-44.00  sec  10.2 MBytes  85.5 Mbits/sec  7642  
[ 15]  43.00-44.00  sec  10.2 MBytes  85.5 Mbits/sec  7642  
[ 17]  43.00-44.00  sec  10.2 MBytes  85.5 Mbits/sec  7642  
[ 19]  43.00-44.00  sec  10.2 MBytes  85.5 Mbits/sec  7642  
[ 21]  43.00-44.00  sec  10.2 MBytes  85.5 Mbits/sec  7642  
[ 23]  43.00-44.00  sec  10.2 MBytes  85.5 Mbits/sec  7642  
[ 25]  43.00-44.00  sec  10.2 MBytes  85.5 Mbits/sec  7642  
[ 27]  43.00-44.00  sec  10.2 MBytes  85.5 Mbits/sec  7642  
[ 29]  43.00-44.00  sec  10.2 MBytes  85.5 Mbits/sec  7642  
[ 31]  43.00-44.00  sec  10.2 MBytes  85.5 Mbits/sec  7642  
[ 33]  43.00-44.00  sec  10.2 MBytes  85.5 Mbits/sec  7642  
[ 35]  43.00-44.00  sec  10.2 MBytes  85.5 Mbits/sec  7642  
[ 37]  43.00-44.00  sec  10.2 MBytes  85.5 Mbits/sec  7642  
[ 39]  43.00-44.00  sec  10.2 MBytes  85.5 Mbits/sec  7642  
[ 41]  43.00-44.00  sec  10.2 MBytes  85.5 Mbits/sec  7642  
[ 43]  43.00-44.00  sec  10.2 MBytes  85.5 Mbits/sec  7642  
[SUM]  43.00-44.00  sec   204 MBytes  1709 Mbits/sec  152840  
- - - - - - - - - - - - - - - - - - - - - - - - -
[  5]  44.00-45.00  sec  10.2 MBytes  85.9 Mbits/sec  7686  
[  7]  44.00-45.00  sec  10.2 MBytes  85.9 Mbits/sec  7686  
[  9]  44.00-45.00  sec  10.2 MBytes  85.9 Mbits/sec  7686  
[ 11]  44.00-45.00  sec  10.2 MBytes  85.9 Mbits/sec  7686  
[ 13]  44.00-45.00  sec  10.2 MBytes  85.9 Mbits/sec  7686  
[ 15]  44.00-45.00  sec  10.2 MBytes  85.9 Mbits/sec  7686  
[ 17]  44.00-45.00  sec  10.2 MBytes  85.9 Mbits/sec  7686  
[ 19]  44.00-45.00  sec  10.2 MBytes  85.9 Mbits/sec  7686  
[ 21]  44.00-45.00  sec  10.2 MBytes  85.9 Mbits/sec  7686  
[ 23]  44.00-45.00  sec  10.2 MBytes  85.9 Mbits/sec  7686  
[ 25]  44.00-45.00  sec  10.2 MBytes  85.9 Mbits/sec  7686  
[ 27]  44.00-45.00  sec  10.2 MBytes  85.9 Mbits/sec  7686  
[ 29]  44.00-45.00  sec  10.2 MBytes  85.9 Mbits/sec  7686  
[ 31]  44.00-45.00  sec  10.2 MBytes  85.9 Mbits/sec  7686  
[ 33]  44.00-45.00  sec  10.2 MBytes  85.9 Mbits/sec  7686  
[ 35]  44.00-45.00  sec  10.2 MBytes  85.9 Mbits/sec  7686  
[ 37]  44.00-45.00  sec  10.2 MBytes  85.9 Mbits/sec  7686  
[ 39]  44.00-45.00  sec  10.2 MBytes  85.9 Mbits/sec  7686  
[ 41]  44.00-45.00  sec  10.2 MBytes  85.9 Mbits/sec  7686  
[ 43]  44.00-45.00  sec  10.2 MBytes  85.9 Mbits/sec  7686  
[SUM]  44.00-45.00  sec   205 MBytes  1719 Mbits/sec  153720  
- - - - - - - - - - - - - - - - - - - - - - - - -
[  5]  45.00-46.00  sec  10.2 MBytes  85.4 Mbits/sec  7638  
[  7]  45.00-46.00  sec  10.2 MBytes  85.4 Mbits/sec  7638  
[  9]  45.00-46.00  sec  10.2 MBytes  85.4 Mbits/sec  7638  
[ 11]  45.00-46.00  sec  10.2 MBytes  85.4 Mbits/sec  7638  
[ 13]  45.00-46.00  sec  10.2 MBytes  85.4 Mbits/sec  7638  
[ 15]  45.00-46.00  sec  10.2 MBytes  85.4 Mbits/sec  7638  
[ 17]  45.00-46.00  sec  10.2 MBytes  85.4 Mbits/sec  7638  
[ 19]  45.00-46.00  sec  10.2 MBytes  85.4 Mbits/sec  7638  
[ 21]  45.00-46.00  sec  10.2 MBytes  85.4 Mbits/sec  7638  
[ 23]  45.00-46.00  sec  10.2 MBytes  85.4 Mbits/sec  7638  
[ 25]  45.00-46.00  sec  10.2 MBytes  85.4 Mbits/sec  7638  
[ 27]  45.00-46.00  sec  10.2 MBytes  85.4 Mbits/sec  7638  
[ 29]  45.00-46.00  sec  10.2 MBytes  85.4 Mbits/sec  7638  
[ 31]  45.00-46.00  sec  10.2 MBytes  85.4 Mbits/sec  7638  
[ 33]  45.00-46.00  sec  10.2 MBytes  85.4 Mbits/sec  7638  
[ 35]  45.00-46.00  sec  10.2 MBytes  85.4 Mbits/sec  7638  
[ 37]  45.00-46.00  sec  10.2 MBytes  85.4 Mbits/sec  7638  
[ 39]  45.00-46.00  sec  10.2 MBytes  85.4 Mbits/sec  7638  
[ 41]  45.00-46.00  sec  10.2 MBytes  85.4 Mbits/sec  7638  
[ 43]  45.00-46.00  sec  10.2 MBytes  85.4 Mbits/sec  7638  
[SUM]  45.00-46.00  sec   204 MBytes  1709 Mbits/sec  152760  
- - - - - - - - - - - - - - - - - - - - - - - - -
[  5]  46.00-47.00  sec  10.2 MBytes  85.2 Mbits/sec  7618  
[  7]  46.00-47.00  sec  10.2 MBytes  85.2 Mbits/sec  7618  
[  9]  46.00-47.00  sec  10.2 MBytes  85.2 Mbits/sec  7618  
[ 11]  46.00-47.00  sec  10.2 MBytes  85.2 Mbits/sec  7618  
[ 13]  46.00-47.00  sec  10.2 MBytes  85.2 Mbits/sec  7618  
[ 15]  46.00-47.00  sec  10.2 MBytes  85.2 Mbits/sec  7618  
[ 17]  46.00-47.00  sec  10.2 MBytes  85.2 Mbits/sec  7618  
[ 19]  46.00-47.00  sec  10.2 MBytes  85.2 Mbits/sec  7618  
[ 21]  46.00-47.00  sec  10.2 MBytes  85.2 Mbits/sec  7618  
[ 23]  46.00-47.00  sec  10.2 MBytes  85.2 Mbits/sec  7618  
[ 25]  46.00-47.00  sec  10.2 MBytes  85.2 Mbits/sec  7618  
[ 27]  46.00-47.00  sec  10.2 MBytes  85.2 Mbits/sec  7618  
[ 29]  46.00-47.00  sec  10.2 MBytes  85.2 Mbits/sec  7618  
[ 31]  46.00-47.00  sec  10.2 MBytes  85.2 Mbits/sec  7618  
[ 33]  46.00-47.00  sec  10.2 MBytes  85.2 Mbits/sec  7618  
[ 35]  46.00-47.00  sec  10.2 MBytes  85.2 Mbits/sec  7618  
[ 37]  46.00-47.00  sec  10.2 MBytes  85.2 Mbits/sec  7618  
[ 39]  46.00-47.00  sec  10.2 MBytes  85.2 Mbits/sec  7618  
[ 41]  46.00-47.00  sec  10.2 MBytes  85.2 Mbits/sec  7618  
[ 43]  46.00-47.00  sec  10.2 MBytes  85.2 Mbits/sec  7618  
[SUM]  46.00-47.00  sec   203 MBytes  1704 Mbits/sec  152360  
- - - - - - - - - - - - - - - - - - - - - - - - -
[  5]  47.00-48.00  sec  10.3 MBytes  86.1 Mbits/sec  7699  
[  7]  47.00-48.00  sec  10.3 MBytes  86.1 Mbits/sec  7699  
[  9]  47.00-48.00  sec  10.3 MBytes  86.1 Mbits/sec  7699  
[ 11]  47.00-48.00  sec  10.3 MBytes  86.1 Mbits/sec  7699  
[ 13]  47.00-48.00  sec  10.3 MBytes  86.1 Mbits/sec  7699  
[ 15]  47.00-48.00  sec  10.3 MBytes  86.1 Mbits/sec  7699  
[ 17]  47.00-48.00  sec  10.3 MBytes  86.1 Mbits/sec  7699  
[ 19]  47.00-48.00  sec  10.3 MBytes  86.1 Mbits/sec  7699  
[ 21]  47.00-48.00  sec  10.3 MBytes  86.1 Mbits/sec  7699  
[ 23]  47.00-48.00  sec  10.3 MBytes  86.1 Mbits/sec  7699  
[ 25]  47.00-48.00  sec  10.3 MBytes  86.1 Mbits/sec  7699  
[ 27]  47.00-48.00  sec  10.3 MBytes  86.1 Mbits/sec  7699  
[ 29]  47.00-48.00  sec  10.3 MBytes  86.1 Mbits/sec  7699  
[ 31]  47.00-48.00  sec  10.3 MBytes  86.1 Mbits/sec  7699  
[ 33]  47.00-48.00  sec  10.3 MBytes  86.1 Mbits/sec  7699  
[ 35]  47.00-48.00  sec  10.3 MBytes  86.1 Mbits/sec  7699  
[ 37]  47.00-48.00  sec  10.3 MBytes  86.1 Mbits/sec  7699  
[ 39]  47.00-48.00  sec  10.3 MBytes  86.1 Mbits/sec  7699  
[ 41]  47.00-48.00  sec  10.3 MBytes  86.1 Mbits/sec  7699  
[ 43]  47.00-48.00  sec  10.3 MBytes  86.1 Mbits/sec  7699  
[SUM]  47.00-48.00  sec   205 MBytes  1722 Mbits/sec  153980  
- - - - - - - - - - - - - - - - - - - - - - - - -
[  5]  48.00-49.00  sec  10.3 MBytes  86.1 Mbits/sec  7700  
[  7]  48.00-49.00  sec  10.3 MBytes  86.1 Mbits/sec  7700  
[  9]  48.00-49.00  sec  10.3 MBytes  86.1 Mbits/sec  7700  
[ 11]  48.00-49.00  sec  10.3 MBytes  86.1 Mbits/sec  7700  
[ 13]  48.00-49.00  sec  10.3 MBytes  86.1 Mbits/sec  7700  
[ 15]  48.00-49.00  sec  10.3 MBytes  86.1 Mbits/sec  7700  
[ 17]  48.00-49.00  sec  10.3 MBytes  86.1 Mbits/sec  7700  
[ 19]  48.00-49.00  sec  10.3 MBytes  86.1 Mbits/sec  7700  
[ 21]  48.00-49.00  sec  10.3 MBytes  86.1 Mbits/sec  7700  
[ 23]  48.00-49.00  sec  10.3 MBytes  86.1 Mbits/sec  7700  
[ 25]  48.00-49.00  sec  10.3 MBytes  86.1 Mbits/sec  7700  
[ 27]  48.00-49.00  sec  10.3 MBytes  86.1 Mbits/sec  7700  
[ 29]  48.00-49.00  sec  10.3 MBytes  86.1 Mbits/sec  7700  
[ 31]  48.00-49.00  sec  10.3 MBytes  86.1 Mbits/sec  7700  
[ 33]  48.00-49.00  sec  10.3 MBytes  86.1 Mbits/sec  7700  
[ 35]  48.00-49.00  sec  10.3 MBytes  86.1 Mbits/sec  7700  
[ 37]  48.00-49.00  sec  10.3 MBytes  86.1 Mbits/sec  7700  
[ 39]  48.00-49.00  sec  10.3 MBytes  86.1 Mbits/sec  7700  
[ 41]  48.00-49.00  sec  10.3 MBytes  86.1 Mbits/sec  7700  
[ 43]  48.00-49.00  sec  10.3 MBytes  86.1 Mbits/sec  7700  
[SUM]  48.00-49.00  sec   205 MBytes  1722 Mbits/sec  154000  
- - - - - - - - - - - - - - - - - - - - - - - - -
[  5]  49.00-50.00  sec  10.1 MBytes  85.1 Mbits/sec  7609  
[  7]  49.00-50.00  sec  10.1 MBytes  85.1 Mbits/sec  7609  
[  9]  49.00-50.00  sec  10.1 MBytes  85.1 Mbits/sec  7609  
[ 11]  49.00-50.00  sec  10.1 MBytes  85.1 Mbits/sec  7609  
[ 13]  49.00-50.00  sec  10.1 MBytes  85.1 Mbits/sec  7609  
[ 15]  49.00-50.00  sec  10.1 MBytes  85.1 Mbits/sec  7609  
[ 17]  49.00-50.00  sec  10.1 MBytes  85.1 Mbits/sec  7609  
[ 19]  49.00-50.00  sec  10.1 MBytes  85.1 Mbits/sec  7609  
[ 21]  49.00-50.00  sec  10.1 MBytes  85.1 Mbits/sec  7609  
[ 23]  49.00-50.00  sec  10.1 MBytes  85.1 Mbits/sec  7609  
[ 25]  49.00-50.00  sec  10.1 MBytes  85.1 Mbits/sec  7609  
[ 27]  49.00-50.00  sec  10.1 MBytes  85.1 Mbits/sec  7609  
[ 29]  49.00-50.00  sec  10.1 MBytes  85.1 Mbits/sec  7609  
[ 31]  49.00-50.00  sec  10.1 MBytes  85.1 Mbits/sec  7609  
[ 33]  49.00-50.00  sec  10.1 MBytes  85.1 Mbits/sec  7609  
[ 35]  49.00-50.00  sec  10.1 MBytes  85.1 Mbits/sec  7609  
[ 37]  49.00-50.00  sec  10.1 MBytes  85.1 Mbits/sec  7609  
[ 39]  49.00-50.00  sec  10.1 MBytes  85.1 Mbits/sec  7609  
[ 41]  49.00-50.00  sec  10.1 MBytes  85.1 Mbits/sec  7609  
[ 43]  49.00-50.00  sec  10.1 MBytes  85.1 Mbits/sec  7609  
[SUM]  49.00-50.00  sec   203 MBytes  1702 Mbits/sec  152180  
- - - - - - - - - - - - - - - - - - - - - - - - -
[  5]  50.00-51.00  sec  10.0 MBytes  84.2 Mbits/sec  7532  
[  7]  50.00-51.00  sec  10.0 MBytes  84.2 Mbits/sec  7532  
[  9]  50.00-51.00  sec  10.0 MBytes  84.2 Mbits/sec  7532  
[ 11]  50.00-51.00  sec  10.0 MBytes  84.2 Mbits/sec  7532  
[ 13]  50.00-51.00  sec  10.0 MBytes  84.2 Mbits/sec  7532  
[ 15]  50.00-51.00  sec  10.0 MBytes  84.2 Mbits/sec  7532  
[ 17]  50.00-51.00  sec  10.0 MBytes  84.2 Mbits/sec  7532  
[ 19]  50.00-51.00  sec  10.0 MBytes  84.2 Mbits/sec  7532  
[ 21]  50.00-51.00  sec  10.0 MBytes  84.2 Mbits/sec  7532  
[ 23]  50.00-51.00  sec  10.0 MBytes  84.2 Mbits/sec  7532  
[ 25]  50.00-51.00  sec  10.0 MBytes  84.2 Mbits/sec  7531  
[ 27]  50.00-51.00  sec  10.0 MBytes  84.2 Mbits/sec  7532  
[ 29]  50.00-51.00  sec  10.0 MBytes  84.2 Mbits/sec  7532  
[ 31]  50.00-51.00  sec  10.0 MBytes  84.2 Mbits/sec  7532  
[ 33]  50.00-51.00  sec  10.0 MBytes  84.2 Mbits/sec  7532  
[ 35]  50.00-51.00  sec  10.0 MBytes  84.2 Mbits/sec  7531  
[ 37]  50.00-51.00  sec  10.0 MBytes  84.2 Mbits/sec  7531  
[ 39]  50.00-51.00  sec  10.0 MBytes  84.2 Mbits/sec  7531  
[ 41]  50.00-51.00  sec  10.0 MBytes  84.2 Mbits/sec  7531  
[ 43]  50.00-51.00  sec  10.0 MBytes  84.2 Mbits/sec  7531  
[SUM]  50.00-51.00  sec   201 MBytes  1685 Mbits/sec  150634  
- - - - - - - - - - - - - - - - - - - - - - - - -
[  5]  51.00-52.00  sec  10.1 MBytes  84.4 Mbits/sec  7545  
[  7]  51.00-52.00  sec  10.1 MBytes  84.4 Mbits/sec  7545  
[  9]  51.00-52.00  sec  10.1 MBytes  84.4 Mbits/sec  7545  
[ 11]  51.00-52.00  sec  10.1 MBytes  84.4 Mbits/sec  7545  
[ 13]  51.00-52.00  sec  10.1 MBytes  84.4 Mbits/sec  7545  
[ 15]  51.00-52.00  sec  10.1 MBytes  84.4 Mbits/sec  7545  
[ 17]  51.00-52.00  sec  10.1 MBytes  84.4 Mbits/sec  7545  
[ 19]  51.00-52.00  sec  10.1 MBytes  84.4 Mbits/sec  7545  
[ 21]  51.00-52.00  sec  10.1 MBytes  84.4 Mbits/sec  7545  
[ 23]  51.00-52.00  sec  10.1 MBytes  84.4 Mbits/sec  7545  
[ 25]  51.00-52.00  sec  10.1 MBytes  84.4 Mbits/sec  7545  
[ 27]  51.00-52.00  sec  10.1 MBytes  84.4 Mbits/sec  7545  
[ 29]  51.00-52.00  sec  10.1 MBytes  84.4 Mbits/sec  7545  
[ 31]  51.00-52.00  sec  10.1 MBytes  84.4 Mbits/sec  7545  
[ 33]  51.00-52.00  sec  10.1 MBytes  84.4 Mbits/sec  7545  
[ 35]  51.00-52.00  sec  10.1 MBytes  84.4 Mbits/sec  7545  
[ 37]  51.00-52.00  sec  10.1 MBytes  84.4 Mbits/sec  7545  
[ 39]  51.00-52.00  sec  10.1 MBytes  84.4 Mbits/sec  7545  
[ 41]  51.00-52.00  sec  10.1 MBytes  84.4 Mbits/sec  7545  
[ 43]  51.00-52.00  sec  10.1 MBytes  84.4 Mbits/sec  7545  
[SUM]  51.00-52.00  sec   201 MBytes  1688 Mbits/sec  150900  
- - - - - - - - - - - - - - - - - - - - - - - - -
[  5]  52.00-53.00  sec  10.1 MBytes  84.3 Mbits/sec  7540  
[  7]  52.00-53.00  sec  10.1 MBytes  84.3 Mbits/sec  7540  
[  9]  52.00-53.00  sec  10.1 MBytes  84.3 Mbits/sec  7540  
[ 11]  52.00-53.00  sec  10.1 MBytes  84.3 Mbits/sec  7540  
[ 13]  52.00-53.00  sec  10.1 MBytes  84.3 Mbits/sec  7540  
[ 15]  52.00-53.00  sec  10.1 MBytes  84.3 Mbits/sec  7540  
[ 17]  52.00-53.00  sec  10.1 MBytes  84.3 Mbits/sec  7540  
[ 19]  52.00-53.00  sec  10.1 MBytes  84.3 Mbits/sec  7540  
[ 21]  52.00-53.00  sec  10.1 MBytes  84.3 Mbits/sec  7540  
[ 23]  52.00-53.00  sec  10.1 MBytes  84.3 Mbits/sec  7540  
[ 25]  52.00-53.00  sec  10.1 MBytes  84.3 Mbits/sec  7540  
[ 27]  52.00-53.00  sec  10.1 MBytes  84.3 Mbits/sec  7540  
[ 29]  52.00-53.00  sec  10.1 MBytes  84.3 Mbits/sec  7540  
[ 31]  52.00-53.00  sec  10.1 MBytes  84.3 Mbits/sec  7540  
[ 33]  52.00-53.00  sec  10.1 MBytes  84.3 Mbits/sec  7540  
[ 35]  52.00-53.00  sec  10.1 MBytes  84.3 Mbits/sec  7540  
[ 37]  52.00-53.00  sec  10.1 MBytes  84.3 Mbits/sec  7540  
[ 39]  52.00-53.00  sec  10.1 MBytes  84.3 Mbits/sec  7540  
[ 41]  52.00-53.00  sec  10.1 MBytes  84.3 Mbits/sec  7540  
[ 43]  52.00-53.00  sec  10.1 MBytes  84.3 Mbits/sec  7540  
[SUM]  52.00-53.00  sec   201 MBytes  1687 Mbits/sec  150800  
- - - - - - - - - - - - - - - - - - - - - - - - -
[  5]  53.00-54.00  sec  10.1 MBytes  84.6 Mbits/sec  7560  
[  7]  53.00-54.00  sec  10.1 MBytes  84.6 Mbits/sec  7560  
[  9]  53.00-54.00  sec  10.1 MBytes  84.6 Mbits/sec  7560  
[ 11]  53.00-54.00  sec  10.1 MBytes  84.6 Mbits/sec  7560  
[ 13]  53.00-54.00  sec  10.1 MBytes  84.6 Mbits/sec  7560  
[ 15]  53.00-54.00  sec  10.1 MBytes  84.6 Mbits/sec  7560  
[ 17]  53.00-54.00  sec  10.1 MBytes  84.6 Mbits/sec  7560  
[ 19]  53.00-54.00  sec  10.1 MBytes  84.6 Mbits/sec  7560  
[ 21]  53.00-54.00  sec  10.1 MBytes  84.6 Mbits/sec  7560  
[ 23]  53.00-54.00  sec  10.1 MBytes  84.6 Mbits/sec  7560  
[ 25]  53.00-54.00  sec  10.1 MBytes  84.6 Mbits/sec  7560  
[ 27]  53.00-54.00  sec  10.1 MBytes  84.6 Mbits/sec  7560  
[ 29]  53.00-54.00  sec  10.1 MBytes  84.6 Mbits/sec  7560  
[ 31]  53.00-54.00  sec  10.1 MBytes  84.6 Mbits/sec  7560  
[ 33]  53.00-54.00  sec  10.1 MBytes  84.6 Mbits/sec  7560  
[ 35]  53.00-54.00  sec  10.1 MBytes  84.6 Mbits/sec  7560  
[ 37]  53.00-54.00  sec  10.1 MBytes  84.6 Mbits/sec  7560  
[ 39]  53.00-54.00  sec  10.1 MBytes  84.6 Mbits/sec  7560  
[ 41]  53.00-54.00  sec  10.1 MBytes  84.6 Mbits/sec  7560  
[ 43]  53.00-54.00  sec  10.1 MBytes  84.6 Mbits/sec  7560  
[SUM]  53.00-54.00  sec   202 MBytes  1691 Mbits/sec  151200  
- - - - - - - - - - - - - - - - - - - - - - - - -
[  5]  54.00-55.00  sec  10.2 MBytes  85.6 Mbits/sec  7653  
[  7]  54.00-55.00  sec  10.2 MBytes  85.6 Mbits/sec  7653  
[  9]  54.00-55.00  sec  10.2 MBytes  85.6 Mbits/sec  7653  
[ 11]  54.00-55.00  sec  10.2 MBytes  85.6 Mbits/sec  7653  
[ 13]  54.00-55.00  sec  10.2 MBytes  85.6 Mbits/sec  7653  
[ 15]  54.00-55.00  sec  10.2 MBytes  85.6 Mbits/sec  7653  
[ 17]  54.00-55.00  sec  10.2 MBytes  85.6 Mbits/sec  7653  
[ 19]  54.00-55.00  sec  10.2 MBytes  85.6 Mbits/sec  7653  
[ 21]  54.00-55.00  sec  10.2 MBytes  85.6 Mbits/sec  7653  
[ 23]  54.00-55.00  sec  10.2 MBytes  85.6 Mbits/sec  7653  
[ 25]  54.00-55.00  sec  10.2 MBytes  85.6 Mbits/sec  7653  
[ 27]  54.00-55.00  sec  10.2 MBytes  85.6 Mbits/sec  7653  
[ 29]  54.00-55.00  sec  10.2 MBytes  85.6 Mbits/sec  7653  
[ 31]  54.00-55.00  sec  10.2 MBytes  85.6 Mbits/sec  7653  
[ 33]  54.00-55.00  sec  10.2 MBytes  85.6 Mbits/sec  7653  
[ 35]  54.00-55.00  sec  10.2 MBytes  85.6 Mbits/sec  7653  
[ 37]  54.00-55.00  sec  10.2 MBytes  85.6 Mbits/sec  7653  
[ 39]  54.00-55.00  sec  10.2 MBytes  85.6 Mbits/sec  7653  
[ 41]  54.00-55.00  sec  10.2 MBytes  85.6 Mbits/sec  7653  
[ 43]  54.00-55.00  sec  10.2 MBytes  85.6 Mbits/sec  7653  
[SUM]  54.00-55.00  sec   204 MBytes  1712 Mbits/sec  153060  
- - - - - - - - - - - - - - - - - - - - - - - - -
[  5]  55.00-56.00  sec  10.3 MBytes  86.1 Mbits/sec  7695  
[  7]  55.00-56.00  sec  10.3 MBytes  86.1 Mbits/sec  7695  
[  9]  55.00-56.00  sec  10.3 MBytes  86.1 Mbits/sec  7695  
[ 11]  55.00-56.00  sec  10.3 MBytes  86.1 Mbits/sec  7695  
[ 13]  55.00-56.00  sec  10.3 MBytes  86.1 Mbits/sec  7695  
[ 15]  55.00-56.00  sec  10.3 MBytes  86.1 Mbits/sec  7695  
[ 17]  55.00-56.00  sec  10.3 MBytes  86.1 Mbits/sec  7695  
[ 19]  55.00-56.00  sec  10.3 MBytes  86.1 Mbits/sec  7695  
[ 21]  55.00-56.00  sec  10.3 MBytes  86.1 Mbits/sec  7695  
[ 23]  55.00-56.00  sec  10.3 MBytes  86.1 Mbits/sec  7695  
[ 25]  55.00-56.00  sec  10.3 MBytes  86.1 Mbits/sec  7695  
[ 27]  55.00-56.00  sec  10.3 MBytes  86.1 Mbits/sec  7695  
[ 29]  55.00-56.00  sec  10.3 MBytes  86.1 Mbits/sec  7695  
[ 31]  55.00-56.00  sec  10.3 MBytes  86.1 Mbits/sec  7695  
[ 33]  55.00-56.00  sec  10.3 MBytes  86.1 Mbits/sec  7695  
[ 35]  55.00-56.00  sec  10.3 MBytes  86.1 Mbits/sec  7695  
[ 37]  55.00-56.00  sec  10.3 MBytes  86.1 Mbits/sec  7695  
[ 39]  55.00-56.00  sec  10.3 MBytes  86.1 Mbits/sec  7695  
[ 41]  55.00-56.00  sec  10.3 MBytes  86.1 Mbits/sec  7695  
[ 43]  55.00-56.00  sec  10.3 MBytes  86.1 Mbits/sec  7695  
[SUM]  55.00-56.00  sec   205 MBytes  1721 Mbits/sec  153900  
- - - - - - - - - - - - - - - - - - - - - - - - -
[  5]  56.00-57.00  sec  10.3 MBytes  86.0 Mbits/sec  7691  
[  7]  56.00-57.00  sec  10.3 MBytes  86.0 Mbits/sec  7691  
[  9]  56.00-57.00  sec  10.3 MBytes  86.0 Mbits/sec  7691  
[ 11]  56.00-57.00  sec  10.3 MBytes  86.0 Mbits/sec  7691  
[ 13]  56.00-57.00  sec  10.3 MBytes  86.0 Mbits/sec  7691  
[ 15]  56.00-57.00  sec  10.3 MBytes  86.0 Mbits/sec  7691  
[ 17]  56.00-57.00  sec  10.3 MBytes  86.0 Mbits/sec  7691  
[ 19]  56.00-57.00  sec  10.3 MBytes  86.0 Mbits/sec  7691  
[ 21]  56.00-57.00  sec  10.3 MBytes  86.0 Mbits/sec  7691  
[ 23]  56.00-57.00  sec  10.3 MBytes  86.0 Mbits/sec  7691  
[ 25]  56.00-57.00  sec  10.3 MBytes  86.0 Mbits/sec  7691  
[ 27]  56.00-57.00  sec  10.3 MBytes  86.0 Mbits/sec  7691  
[ 29]  56.00-57.00  sec  10.3 MBytes  86.0 Mbits/sec  7691  
[ 31]  56.00-57.00  sec  10.3 MBytes  86.0 Mbits/sec  7691  
[ 33]  56.00-57.00  sec  10.3 MBytes  86.0 Mbits/sec  7691  
[ 35]  56.00-57.00  sec  10.3 MBytes  86.0 Mbits/sec  7691  
[ 37]  56.00-57.00  sec  10.3 MBytes  86.0 Mbits/sec  7691  
[ 39]  56.00-57.00  sec  10.3 MBytes  86.0 Mbits/sec  7691  
[ 41]  56.00-57.00  sec  10.3 MBytes  86.0 Mbits/sec  7691  
[ 43]  56.00-57.00  sec  10.3 MBytes  86.0 Mbits/sec  7691  
[SUM]  56.00-57.00  sec   205 MBytes  1720 Mbits/sec  153820  
- - - - - - - - - - - - - - - - - - - - - - - - -
[  5]  57.00-58.00  sec  10.3 MBytes  86.4 Mbits/sec  7723  
[  7]  57.00-58.00  sec  10.3 MBytes  86.4 Mbits/sec  7723  
[  9]  57.00-58.00  sec  10.3 MBytes  86.4 Mbits/sec  7723  
[ 11]  57.00-58.00  sec  10.3 MBytes  86.4 Mbits/sec  7723  
[ 13]  57.00-58.00  sec  10.3 MBytes  86.4 Mbits/sec  7723  
[ 15]  57.00-58.00  sec  10.3 MBytes  86.4 Mbits/sec  7723  
[ 17]  57.00-58.00  sec  10.3 MBytes  86.4 Mbits/sec  7723  
[ 19]  57.00-58.00  sec  10.3 MBytes  86.4 Mbits/sec  7723  
[ 21]  57.00-58.00  sec  10.3 MBytes  86.4 Mbits/sec  7723  
[ 23]  57.00-58.00  sec  10.3 MBytes  86.4 Mbits/sec  7723  
[ 25]  57.00-58.00  sec  10.3 MBytes  86.4 Mbits/sec  7723  
[ 27]  57.00-58.00  sec  10.3 MBytes  86.4 Mbits/sec  7723  
[ 29]  57.00-58.00  sec  10.3 MBytes  86.4 Mbits/sec  7723  
[ 31]  57.00-58.00  sec  10.3 MBytes  86.4 Mbits/sec  7723  
[ 33]  57.00-58.00  sec  10.3 MBytes  86.4 Mbits/sec  7723  
[ 35]  57.00-58.00  sec  10.3 MBytes  86.4 Mbits/sec  7723  
[ 37]  57.00-58.00  sec  10.3 MBytes  86.4 Mbits/sec  7723  
[ 39]  57.00-58.00  sec  10.3 MBytes  86.4 Mbits/sec  7723  
[ 41]  57.00-58.00  sec  10.3 MBytes  86.4 Mbits/sec  7723  
[ 43]  57.00-58.00  sec  10.3 MBytes  86.4 Mbits/sec  7723  
[SUM]  57.00-58.00  sec   206 MBytes  1728 Mbits/sec  154460  
- - - - - - - - - - - - - - - - - - - - - - - - -
[  5]  58.00-59.00  sec  10.2 MBytes  85.9 Mbits/sec  7679  
[  7]  58.00-59.00  sec  10.2 MBytes  85.9 Mbits/sec  7679  
[  9]  58.00-59.00  sec  10.2 MBytes  85.9 Mbits/sec  7679  
[ 11]  58.00-59.00  sec  10.2 MBytes  85.9 Mbits/sec  7679  
[ 13]  58.00-59.00  sec  10.2 MBytes  85.9 Mbits/sec  7679  
[ 15]  58.00-59.00  sec  10.2 MBytes  85.9 Mbits/sec  7679  
[ 17]  58.00-59.00  sec  10.2 MBytes  85.9 Mbits/sec  7679  
[ 19]  58.00-59.00  sec  10.2 MBytes  85.9 Mbits/sec  7679  
[ 21]  58.00-59.00  sec  10.2 MBytes  85.9 Mbits/sec  7679  
[ 23]  58.00-59.00  sec  10.2 MBytes  85.9 Mbits/sec  7679  
[ 25]  58.00-59.00  sec  10.2 MBytes  85.9 Mbits/sec  7679  
[ 27]  58.00-59.00  sec  10.2 MBytes  85.9 Mbits/sec  7679  
[ 29]  58.00-59.00  sec  10.2 MBytes  85.9 Mbits/sec  7679  
[ 31]  58.00-59.00  sec  10.2 MBytes  85.9 Mbits/sec  7679  
[ 33]  58.00-59.00  sec  10.2 MBytes  85.9 Mbits/sec  7679  
[ 35]  58.00-59.00  sec  10.2 MBytes  85.9 Mbits/sec  7679  
[ 37]  58.00-59.00  sec  10.2 MBytes  85.9 Mbits/sec  7679  
[ 39]  58.00-59.00  sec  10.2 MBytes  85.9 Mbits/sec  7679  
[ 41]  58.00-59.00  sec  10.2 MBytes  85.9 Mbits/sec  7679  
[ 43]  58.00-59.00  sec  10.2 MBytes  85.9 Mbits/sec  7679  
[SUM]  58.00-59.00  sec   205 MBytes  1717 Mbits/sec  153580  
- - - - - - - - - - - - - - - - - - - - - - - - -
[  5]  59.00-60.00  sec  10.2 MBytes  85.9 Mbits/sec  7677  
[  7]  59.00-60.00  sec  10.2 MBytes  85.9 Mbits/sec  7677  
[  9]  59.00-60.00  sec  10.2 MBytes  85.9 Mbits/sec  7677  
[ 11]  59.00-60.00  sec  10.2 MBytes  85.9 Mbits/sec  7677  
[ 13]  59.00-60.00  sec  10.2 MBytes  85.9 Mbits/sec  7677  
[ 15]  59.00-60.00  sec  10.2 MBytes  85.9 Mbits/sec  7677  
[ 17]  59.00-60.00  sec  10.2 MBytes  85.9 Mbits/sec  7677  
[ 19]  59.00-60.00  sec  10.2 MBytes  85.9 Mbits/sec  7677  
[ 21]  59.00-60.00  sec  10.2 MBytes  85.9 Mbits/sec  7677  
[ 23]  59.00-60.00  sec  10.2 MBytes  85.9 Mbits/sec  7677  
[ 25]  59.00-60.00  sec  10.2 MBytes  85.9 Mbits/sec  7677  
[ 27]  59.00-60.00  sec  10.2 MBytes  85.9 Mbits/sec  7677  
[ 29]  59.00-60.00  sec  10.2 MBytes  85.9 Mbits/sec  7677  
[ 31]  59.00-60.00  sec  10.2 MBytes  85.9 Mbits/sec  7677  
[ 33]  59.00-60.00  sec  10.2 MBytes  85.9 Mbits/sec  7677  
[ 35]  59.00-60.00  sec  10.2 MBytes  85.9 Mbits/sec  7677  
[ 37]  59.00-60.00  sec  10.2 MBytes  85.9 Mbits/sec  7677  
[ 39]  59.00-60.00  sec  10.2 MBytes  85.9 Mbits/sec  7677  
[ 41]  59.00-60.00  sec  10.2 MBytes  85.9 Mbits/sec  7677  
[ 43]  59.00-60.00  sec  10.2 MBytes  85.9 Mbits/sec  7677  
[SUM]  59.00-60.00  sec   205 MBytes  1717 Mbits/sec  153540  
- - - - - - - - - - - - - - - - - - - - - - - - -
[ ID] Interval           Transfer     Bitrate         Jitter    Lost/Total Datagrams
[  5]   0.00-60.00  sec   617 MBytes  86.2 Mbits/sec  0.000 ms  0/462624 (0%)  sender
[  5]   0.00-60.00  sec   615 MBytes  86.0 Mbits/sec  0.106 ms  1215/462624 (0.26%)  receiver
[  7]   0.00-60.00  sec   617 MBytes  86.2 Mbits/sec  0.000 ms  0/462621 (0%)  sender
[  7]   0.00-60.00  sec   615 MBytes  86.0 Mbits/sec  0.113 ms  1210/462621 (0.26%)  receiver
[  9]   0.00-60.00  sec   617 MBytes  86.2 Mbits/sec  0.000 ms  0/462613 (0%)  sender
[  9]   0.00-60.00  sec   615 MBytes  86.0 Mbits/sec  0.125 ms  1171/462613 (0.25%)  receiver
[ 11]   0.00-60.00  sec   617 MBytes  86.2 Mbits/sec  0.000 ms  0/462603 (0%)  sender
[ 11]   0.00-60.00  sec   615 MBytes  86.0 Mbits/sec  0.116 ms  1210/462603 (0.26%)  receiver
[ 13]   0.00-60.00  sec   617 MBytes  86.2 Mbits/sec  0.000 ms  0/462600 (0%)  sender
[ 13]   0.00-60.00  sec   615 MBytes  86.0 Mbits/sec  0.126 ms  1165/462600 (0.25%)  receiver
[ 15]   0.00-60.00  sec   617 MBytes  86.2 Mbits/sec  0.000 ms  0/462588 (0%)  sender
[ 15]   0.00-60.00  sec   615 MBytes  86.0 Mbits/sec  0.109 ms  1206/462588 (0.26%)  receiver
[ 17]   0.00-60.00  sec   617 MBytes  86.2 Mbits/sec  0.000 ms  0/462579 (0%)  sender
[ 17]   0.00-60.00  sec   615 MBytes  86.0 Mbits/sec  0.107 ms  1207/462579 (0.26%)  receiver
[ 19]   0.00-60.00  sec   617 MBytes  86.2 Mbits/sec  0.000 ms  0/462569 (0%)  sender
[ 19]   0.00-60.00  sec   615 MBytes  86.0 Mbits/sec  0.094 ms  1204/462569 (0.26%)  receiver
[ 21]   0.00-60.00  sec   617 MBytes  86.2 Mbits/sec  0.000 ms  0/462561 (0%)  sender
[ 21]   0.00-60.00  sec   615 MBytes  86.0 Mbits/sec  0.113 ms  1204/462561 (0.26%)  receiver
[ 23]   0.00-60.00  sec   617 MBytes  86.2 Mbits/sec  0.000 ms  0/462563 (0%)  sender
[ 23]   0.00-60.00  sec   615 MBytes  86.0 Mbits/sec  0.141 ms  1168/462563 (0.25%)  receiver
[ 25]   0.00-60.00  sec   617 MBytes  86.2 Mbits/sec  0.000 ms  0/462559 (0%)  sender
[ 25]   0.00-60.00  sec   615 MBytes  86.0 Mbits/sec  0.112 ms  1205/462559 (0.26%)  receiver
[ 27]   0.00-60.00  sec   617 MBytes  86.2 Mbits/sec  0.000 ms  0/462552 (0%)  sender
[ 27]   0.00-60.00  sec   615 MBytes  86.0 Mbits/sec  0.110 ms  1206/462552 (0.26%)  receiver
[ 29]   0.00-60.00  sec   617 MBytes  86.2 Mbits/sec  0.000 ms  0/462548 (0%)  sender
[ 29]   0.00-60.00  sec   615 MBytes  86.0 Mbits/sec  0.103 ms  1203/462548 (0.26%)  receiver
[ 31]   0.00-60.00  sec   617 MBytes  86.2 Mbits/sec  0.000 ms  0/462545 (0%)  sender
[ 31]   0.00-60.00  sec   615 MBytes  86.0 Mbits/sec  0.107 ms  1204/462545 (0.26%)  receiver
[ 33]   0.00-60.00  sec   617 MBytes  86.2 Mbits/sec  0.000 ms  0/462534 (0%)  sender
[ 33]   0.00-60.00  sec   615 MBytes  86.0 Mbits/sec  0.135 ms  1203/462534 (0.26%)  receiver
[ 35]   0.00-60.00  sec   617 MBytes  86.2 Mbits/sec  0.000 ms  0/462528 (0%)  sender
[ 35]   0.00-60.00  sec   615 MBytes  86.0 Mbits/sec  0.103 ms  1204/462528 (0.26%)  receiver
[ 37]   0.00-60.00  sec   617 MBytes  86.2 Mbits/sec  0.000 ms  0/462521 (0%)  sender
[ 37]   0.00-60.00  sec   615 MBytes  86.0 Mbits/sec  0.111 ms  1204/462521 (0.26%)  receiver
[ 39]   0.00-60.00  sec   617 MBytes  86.2 Mbits/sec  0.000 ms  0/462514 (0%)  sender
[ 39]   0.00-60.00  sec   612 MBytes  85.5 Mbits/sec  0.094 ms  3704/462514 (0.8%)  receiver
[ 41]   0.00-60.00  sec   617 MBytes  86.2 Mbits/sec  0.000 ms  0/462504 (0%)  sender
[ 41]   0.00-60.00  sec   615 MBytes  86.0 Mbits/sec  0.107 ms  1202/462504 (0.26%)  receiver
[ 43]   0.00-60.00  sec   617 MBytes  86.2 Mbits/sec  0.000 ms  0/462494 (0%)  sender
[ 43]   0.00-60.00  sec   615 MBytes  86.0 Mbits/sec  0.109 ms  1199/462494 (0.26%)  receiver
[SUM]   0.00-60.00  sec  12.0 GBytes  1724 Mbits/sec  0.000 ms  0/9251220 (0%)  sender
[SUM]   0.00-60.00  sec  12.0 GBytes  1719 Mbits/sec  0.112 ms  26494/9251220 (0.29%)  receiver

iperf Done.
