Connecting to host 10.10.0.3, port 30000
[  5] local 10.0.1.236 port 33573 connected to 10.10.0.3 port 30000
[ ID] Interval           Transfer     Bitrate         Total Datagrams
[  5]   0.00-1.00   sec   165 MBytes  1380 Mbits/sec  123407  
[  5]   1.00-2.00   sec   165 MBytes  1386 Mbits/sec  123893  
[  5]   2.00-3.00   sec   167 MBytes  1397 Mbits/sec  124929  
[  5]   3.00-4.00   sec   167 MBytes  1399 Mbits/sec  125078  
[  5]   4.00-5.00   sec   167 MBytes  1398 Mbits/sec  125027  
[  5]   5.00-6.00   sec   166 MBytes  1395 Mbits/sec  124717  
[  5]   6.00-7.00   sec   165 MBytes  1383 Mbits/sec  123643  
[  5]   7.00-8.00   sec   165 MBytes  1387 Mbits/sec  124029  
[  5]   8.00-9.00   sec   166 MBytes  1390 Mbits/sec  124299  
[  5]   9.00-10.00  sec   166 MBytes  1389 Mbits/sec  124198  
[  5]  10.00-11.00  sec   167 MBytes  1400 Mbits/sec  125187  
[  5]  11.00-12.00  sec   166 MBytes  1394 Mbits/sec  124668  
[  5]  12.00-13.00  sec   166 MBytes  1394 Mbits/sec  124673  
[  5]  13.00-14.00  sec   167 MBytes  1404 Mbits/sec  125560  
[  5]  14.00-15.00  sec   165 MBytes  1384 Mbits/sec  123771  
[  5]  15.00-16.00  sec   165 MBytes  1386 Mbits/sec  123941  
[  5]  16.00-17.00  sec   165 MBytes  1382 Mbits/sec  123595  
[  5]  17.00-18.00  sec   167 MBytes  1397 Mbits/sec  124951  
[  5]  18.00-19.00  sec   165 MBytes  1382 Mbits/sec  123610  
[  5]  19.00-20.00  sec   165 MBytes  1384 Mbits/sec  123768  
[  5]  20.00-21.00  sec   164 MBytes  1376 Mbits/sec  123033  
[  5]  21.00-22.00  sec   165 MBytes  1388 Mbits/sec  124069  
[  5]  22.00-23.00  sec   164 MBytes  1374 Mbits/sec  122840  
[  5]  23.00-24.00  sec   163 MBytes  1369 Mbits/sec  122433  
[  5]  24.00-25.00  sec   162 MBytes  1362 Mbits/sec  121797  
[  5]  25.00-26.00  sec   160 MBytes  1344 Mbits/sec  120198  
[  5]  26.00-27.00  sec   163 MBytes  1370 Mbits/sec  122508  
[  5]  27.00-28.00  sec   164 MBytes  1377 Mbits/sec  123157  
[  5]  28.00-29.00  sec   165 MBytes  1380 Mbits/sec  123391  
[  5]  29.00-30.00  sec   165 MBytes  1380 Mbits/sec  123393  
[  5]  30.00-31.00  sec   164 MBytes  1376 Mbits/sec  123075  
[  5]  31.00-32.00  sec   132 MBytes  1109 Mbits/sec  99124  
[  5]  32.00-33.00  sec   130 MBytes  1087 Mbits/sec  97185  
[  5]  33.00-34.00  sec   130 MBytes  1095 Mbits/sec  97871  
[  5]  34.00-35.00  sec   129 MBytes  1081 Mbits/sec  96641  
[  5]  35.00-36.00  sec   130 MBytes  1089 Mbits/sec  97412  
[  5]  36.00-37.00  sec   129 MBytes  1084 Mbits/sec  96919  
[  5]  37.00-38.00  sec   130 MBytes  1090 Mbits/sec  97418  
[  5]  38.00-39.00  sec   131 MBytes  1102 Mbits/sec  98557  
[  5]  39.00-40.00  sec   129 MBytes  1082 Mbits/sec  96728  
[  5]  40.00-41.00  sec   129 MBytes  1086 Mbits/sec  97071  
[  5]  41.00-42.00  sec   129 MBytes  1082 Mbits/sec  96754  
[  5]  42.00-43.00  sec   129 MBytes  1079 Mbits/sec  96503  
[  5]  43.00-44.00  sec   129 MBytes  1082 Mbits/sec  96743  
[  5]  44.00-45.00  sec   132 MBytes  1104 Mbits/sec  98708  
[  5]  45.00-46.00  sec   131 MBytes  1096 Mbits/sec  97975  
[  5]  46.00-47.00  sec   132 MBytes  1106 Mbits/sec  98867  
[  5]  47.00-48.00  sec   131 MBytes  1097 Mbits/sec  98096  
[  5]  48.00-49.00  sec   130 MBytes  1090 Mbits/sec  97459  
[  5]  49.00-50.00  sec   130 MBytes  1087 Mbits/sec  97216  
[  5]  50.00-51.00  sec   129 MBytes  1081 Mbits/sec  96638  
[  5]  51.00-52.00  sec   129 MBytes  1081 Mbits/sec  96618  
[  5]  52.00-53.00  sec   128 MBytes  1075 Mbits/sec  96155  
[  5]  53.00-54.00  sec   129 MBytes  1086 Mbits/sec  97091  
[  5]  54.00-55.00  sec   129 MBytes  1078 Mbits/sec  96390  
[  5]  55.00-56.00  sec   129 MBytes  1081 Mbits/sec  96698  
[  5]  56.00-57.00  sec   132 MBytes  1107 Mbits/sec  98945  
[  5]  57.00-58.00  sec   129 MBytes  1086 Mbits/sec  97085  
[  5]  58.00-59.00  sec   128 MBytes  1077 Mbits/sec  96305  
[  5]  59.00-60.00  sec   157 MBytes  1313 Mbits/sec  117429  
- - - - - - - - - - - - - - - - - - - - - - - - -
[ ID] Interval           Transfer     Bitrate         Jitter    Lost/Total Datagrams
[  5]   0.00-60.00  sec  8.70 GBytes  1245 Mbits/sec  0.000 ms  0/6679439 (0%)  sender
[  5]   0.00-60.00  sec  8.69 GBytes  1244 Mbits/sec  0.008 ms  3100/6679439 (0.046%)  receiver

iperf Done.
