Connecting to host 10.10.0.5, port 30000
[  5] local 10.0.1.131 port 46070 connected to 10.10.0.5 port 30000
[ ID] Interval           Transfer     Bitrate         Retr  Cwnd
[  5]   0.00-1.00   sec  17.2 MBytes   144 Mbits/sec  2542   4.10 KBytes       
[  5]   1.00-2.00   sec  17.5 MBytes   147 Mbits/sec  2672   4.10 KBytes       
[  5]   2.00-3.00   sec  13.6 MBytes   114 Mbits/sec  1958   4.10 KBytes       
[  5]   3.00-4.00   sec  17.3 MBytes   145 Mbits/sec  2557   4.10 KBytes       
[  5]   4.00-5.00   sec  18.5 MBytes   155 Mbits/sec  2633   5.46 KBytes       
[  5]   5.00-6.00   sec  17.2 MBytes   144 Mbits/sec  2382   5.46 KBytes       
[  5]   6.00-7.00   sec  16.2 MBytes   136 Mbits/sec  2423   6.83 KBytes       
[  5]   7.00-8.00   sec  16.3 MBytes   137 Mbits/sec  2355   5.46 KBytes       
[  5]   8.00-9.00   sec  16.9 MBytes   142 Mbits/sec  2456   6.83 KBytes       
[  5]   9.00-10.00  sec  11.2 MBytes  93.6 Mbits/sec  1606   15.0 KBytes       
[  5]  10.00-11.00  sec  12.6 MBytes   106 Mbits/sec  1944   4.10 KBytes       
[  5]  11.00-12.00  sec  16.3 MBytes   137 Mbits/sec  2495   2.73 KBytes       
[  5]  12.00-13.00  sec  16.7 MBytes   140 Mbits/sec  2364   6.83 KBytes       
[  5]  13.00-14.00  sec  16.4 MBytes   138 Mbits/sec  2362   5.46 KBytes       
[  5]  14.00-15.00  sec  18.2 MBytes   152 Mbits/sec  2700   5.46 KBytes       
[  5]  15.00-16.00  sec  16.9 MBytes   142 Mbits/sec  2541   4.10 KBytes       
[  5]  16.00-17.00  sec  16.2 MBytes   136 Mbits/sec  2360   2.73 KBytes       
[  5]  17.00-18.00  sec  14.6 MBytes   122 Mbits/sec  2248   6.83 KBytes       
[  5]  18.00-19.00  sec  18.3 MBytes   153 Mbits/sec  2734   5.46 KBytes       
[  5]  19.00-20.00  sec  16.7 MBytes   140 Mbits/sec  2356   4.10 KBytes       
[  5]  20.00-21.00  sec  19.7 MBytes   166 Mbits/sec  2874   4.10 KBytes       
[  5]  21.00-22.00  sec  14.6 MBytes   122 Mbits/sec  2112   8.19 KBytes       
[  5]  22.00-23.00  sec  15.8 MBytes   133 Mbits/sec  2351   6.83 KBytes       
[  5]  23.00-24.00  sec  17.7 MBytes   148 Mbits/sec  2670   2.73 KBytes       
[  5]  24.00-25.00  sec  18.6 MBytes   156 Mbits/sec  2828   4.10 KBytes       
[  5]  25.00-26.00  sec  16.6 MBytes   139 Mbits/sec  2427   4.10 KBytes       
[  5]  26.00-27.00  sec  18.0 MBytes   151 Mbits/sec  2645   6.83 KBytes       
[  5]  27.00-28.00  sec  13.6 MBytes   114 Mbits/sec  1848   2.73 KBytes       
[  5]  28.00-29.00  sec  17.7 MBytes   149 Mbits/sec  2490   10.9 KBytes       
[  5]  29.00-30.00  sec  18.3 MBytes   153 Mbits/sec  2556   8.19 KBytes       
[  5]  30.00-31.00  sec  19.0 MBytes   159 Mbits/sec  2746   8.19 KBytes       
[  5]  31.00-32.00  sec  20.6 MBytes   173 Mbits/sec  3040   6.83 KBytes       
[  5]  32.00-33.00  sec  18.9 MBytes   158 Mbits/sec  2594   2.73 KBytes       
[  5]  33.00-34.00  sec  17.4 MBytes   146 Mbits/sec  2356   6.83 KBytes       
[  5]  34.00-35.00  sec  23.0 MBytes   193 Mbits/sec  3291   2.73 KBytes       
[  5]  35.00-36.00  sec  19.4 MBytes   163 Mbits/sec  2715   5.46 KBytes       
[  5]  36.00-37.00  sec  18.2 MBytes   153 Mbits/sec  2521   5.46 KBytes       
[  5]  37.00-38.00  sec  18.5 MBytes   155 Mbits/sec  2571   5.46 KBytes       
[  5]  38.00-39.00  sec  14.5 MBytes   121 Mbits/sec  2105   6.83 KBytes       
[  5]  39.00-40.00  sec  17.8 MBytes   150 Mbits/sec  2562   4.10 KBytes       
[  5]  40.00-41.00  sec  19.7 MBytes   165 Mbits/sec  2797   4.10 KBytes       
[  5]  41.00-42.00  sec  17.7 MBytes   148 Mbits/sec  2346   13.7 KBytes       
[  5]  42.00-43.00  sec  15.7 MBytes   132 Mbits/sec  2175   6.83 KBytes       
[  5]  43.00-44.00  sec  14.2 MBytes   119 Mbits/sec  2017   2.73 KBytes       
[  5]  44.00-45.00  sec  18.0 MBytes   151 Mbits/sec  2607   8.19 KBytes       
[  5]  45.00-46.00  sec  17.7 MBytes   148 Mbits/sec  2427   4.10 KBytes       
[  5]  46.00-47.00  sec  8.83 MBytes  74.1 Mbits/sec  1181   5.46 KBytes       
[  5]  47.00-48.00  sec  14.0 MBytes   118 Mbits/sec  2085   20.5 KBytes       
[  5]  48.00-49.00  sec  16.1 MBytes   135 Mbits/sec  2272   10.9 KBytes       
[  5]  49.00-50.00  sec  17.0 MBytes   143 Mbits/sec  2363   5.46 KBytes       
[  5]  50.00-51.00  sec  16.4 MBytes   138 Mbits/sec  2277   5.46 KBytes       
[  5]  51.00-52.00  sec  19.9 MBytes   167 Mbits/sec  2767   4.10 KBytes       
[  5]  52.00-53.00  sec  13.0 MBytes   109 Mbits/sec  1847   15.0 KBytes       
[  5]  53.00-54.00  sec  18.4 MBytes   154 Mbits/sec  2613   13.7 KBytes       
[  5]  54.00-55.00  sec  16.2 MBytes   136 Mbits/sec  2363   6.83 KBytes       
[  5]  55.00-56.00  sec  17.9 MBytes   150 Mbits/sec  2601   6.83 KBytes       
[  5]  56.00-57.00  sec  17.9 MBytes   150 Mbits/sec  2643   4.10 KBytes       
[  5]  57.00-58.00  sec  17.9 MBytes   150 Mbits/sec  2666   15.0 KBytes       
[  5]  58.00-59.00  sec  16.9 MBytes   142 Mbits/sec  2531   6.83 KBytes       
[  5]  59.00-60.00  sec  17.2 MBytes   144 Mbits/sec  2442   9.56 KBytes       
- - - - - - - - - - - - - - - - - - - - - - - - -
[ ID] Interval           Transfer     Bitrate         Retr
[  5]   0.00-60.00  sec  1013 MBytes   142 Mbits/sec  146010             sender
[  5]   0.00-60.00  sec  1013 MBytes   142 Mbits/sec                  receiver

iperf Done.
