Connecting to host 10.10.0.5, port 30000
[  5] local 10.244.1.2 port 36734 connected to 10.10.0.5 port 30000
[ ID] Interval           Transfer     Bitrate         Retr  Cwnd
[  5]   0.00-1.00   sec  1.76 GBytes  15095 Mbits/sec  1532   1.39 MBytes       
[  5]   1.00-2.00   sec  1.89 GBytes  16196 Mbits/sec  238   1.47 MBytes       
[  5]   2.00-3.00   sec  1.86 GBytes  15940 Mbits/sec  778   1.31 MBytes       
[  5]   3.00-4.00   sec  1.83 GBytes  15732 Mbits/sec  347    973 KBytes       
[  5]   4.00-5.00   sec  1.86 GBytes  15971 Mbits/sec  818   1.26 MBytes       
[  5]   5.00-6.00   sec  1.93 GBytes  16609 Mbits/sec  353    984 KBytes       
[  5]   6.00-7.00   sec  1.92 GBytes  16473 Mbits/sec  389   1.17 MBytes       
[  5]   7.00-8.00   sec  2.00 GBytes  17181 Mbits/sec  298   1.02 MBytes       
[  5]   8.00-9.00   sec  1.87 GBytes  16061 Mbits/sec  1126    994 KBytes       
[  5]   9.00-10.00  sec  1.92 GBytes  16478 Mbits/sec  163   1.34 MBytes       
[  5]  10.00-11.00  sec  1.91 GBytes  16424 Mbits/sec  1585   1.23 MBytes       
[  5]  11.00-12.00  sec  1.85 GBytes  15881 Mbits/sec  156   1.26 MBytes       
[  5]  12.00-13.00  sec  1.98 GBytes  16978 Mbits/sec  228   1.03 MBytes       
[  5]  13.00-14.00  sec  1.84 GBytes  15827 Mbits/sec  277   1.23 MBytes       
[  5]  14.00-15.00  sec  1.77 GBytes  15194 Mbits/sec  1644   1.02 MBytes       
[  5]  15.00-16.00  sec  1.93 GBytes  16555 Mbits/sec  672   1.39 MBytes       
[  5]  16.00-17.00  sec  1.89 GBytes  16232 Mbits/sec  1106   1.46 MBytes       
[  5]  17.00-18.00  sec  1.89 GBytes  16221 Mbits/sec  184   1.03 MBytes       
[  5]  18.00-19.00  sec  1.90 GBytes  16328 Mbits/sec  301   1.03 MBytes       
[  5]  19.00-20.00  sec  1.93 GBytes  16546 Mbits/sec  1746   1.44 MBytes       
[  5]  20.00-21.00  sec  1.93 GBytes  16537 Mbits/sec  427   1.15 MBytes       
[  5]  21.00-22.00  sec  1.94 GBytes  16661 Mbits/sec  384   1002 KBytes       
[  5]  22.00-23.00  sec  1.67 GBytes  14364 Mbits/sec  1349   2.73 KBytes       
[  5]  23.00-24.00  sec  15.0 MBytes   126 Mbits/sec  3390   4.10 KBytes       
[  5]  24.00-25.00  sec  18.8 MBytes   157 Mbits/sec  2722   4.10 KBytes       
[  5]  25.00-26.00  sec  18.8 MBytes   157 Mbits/sec  2822   4.10 KBytes       
[  5]  26.00-27.00  sec  20.0 MBytes   168 Mbits/sec  3022   9.56 KBytes       
[  5]  27.00-28.00  sec  13.8 MBytes   115 Mbits/sec  2082   6.83 KBytes       
[  5]  28.00-29.00  sec  17.5 MBytes   147 Mbits/sec  2441   6.83 KBytes       
[  5]  29.00-30.00  sec  16.2 MBytes   136 Mbits/sec  2492   2.73 KBytes       
[  5]  30.00-31.00  sec  16.2 MBytes   136 Mbits/sec  2439   6.83 KBytes       
[  5]  31.00-32.00  sec  20.0 MBytes   168 Mbits/sec  3033   4.10 KBytes       
[  5]  32.00-33.00  sec  18.8 MBytes   157 Mbits/sec  2831   4.10 KBytes       
[  5]  33.00-34.00  sec  15.0 MBytes   126 Mbits/sec  2280   5.46 KBytes       
[  5]  34.00-35.00  sec  17.5 MBytes   147 Mbits/sec  2617   4.10 KBytes       
[  5]  35.00-36.00  sec  20.0 MBytes   168 Mbits/sec  2893   8.19 KBytes       
[  5]  36.00-37.00  sec  17.5 MBytes   147 Mbits/sec  2645   5.46 KBytes       
[  5]  37.00-38.00  sec  18.8 MBytes   157 Mbits/sec  2981   5.46 KBytes       
[  5]  38.00-39.00  sec  20.0 MBytes   168 Mbits/sec  2700   6.83 KBytes       
[  5]  39.00-40.00  sec  15.0 MBytes   126 Mbits/sec  2399   4.10 KBytes       
[  5]  40.00-41.00  sec  18.8 MBytes   157 Mbits/sec  2683   6.83 KBytes       
[  5]  41.00-42.00  sec  18.8 MBytes   157 Mbits/sec  2734   4.10 KBytes       
[  5]  42.00-43.00  sec  18.8 MBytes   157 Mbits/sec  2628   4.10 KBytes       
[  5]  43.00-44.00  sec  18.8 MBytes   157 Mbits/sec  2763   5.46 KBytes       
[  5]  44.00-45.00  sec  18.8 MBytes   157 Mbits/sec  2475   6.83 KBytes       
[  5]  45.00-46.00  sec  15.0 MBytes   126 Mbits/sec  2264   8.19 KBytes       
[  5]  46.00-47.00  sec  18.8 MBytes   157 Mbits/sec  2629   4.10 KBytes       
[  5]  47.00-48.00  sec  15.0 MBytes   126 Mbits/sec  2429   6.83 KBytes       
[  5]  48.00-49.00  sec  17.5 MBytes   147 Mbits/sec  2424   9.56 KBytes       
[  5]  49.00-50.00  sec  20.0 MBytes   168 Mbits/sec  2892   4.10 KBytes       
[  5]  50.00-51.00  sec  18.8 MBytes   157 Mbits/sec  2842   6.83 KBytes       
[  5]  51.00-52.00  sec  20.0 MBytes   168 Mbits/sec  3166   4.10 KBytes       
[  5]  52.00-53.00  sec  20.0 MBytes   168 Mbits/sec  2917   5.46 KBytes       
[  5]  53.00-54.00  sec  15.0 MBytes   126 Mbits/sec  2430   6.83 KBytes       
[  5]  54.00-55.00  sec  13.8 MBytes   115 Mbits/sec  1928   10.9 KBytes       
[  5]  55.00-56.00  sec  20.0 MBytes   168 Mbits/sec  2826   9.56 KBytes       
[  5]  56.00-57.00  sec  12.5 MBytes   105 Mbits/sec  1802   9.56 KBytes       
[  5]  57.00-58.00  sec  12.5 MBytes   105 Mbits/sec  1978   4.10 KBytes       
[  5]  58.00-59.00  sec  18.8 MBytes   157 Mbits/sec  2528   4.10 KBytes       
[  5]  59.00-60.00  sec  17.5 MBytes   147 Mbits/sec  2722   6.83 KBytes       
- - - - - - - - - - - - - - - - - - - - - - - - -
[ ID] Interval           Transfer     Bitrate         Retr
[  5]   0.00-60.00  sec  43.9 GBytes  6282 Mbits/sec  112950             sender
[  5]   0.00-60.00  sec  43.9 GBytes  6281 Mbits/sec                  receiver

iperf Done.
