Connecting to host 10.10.0.6, port 30000
[  5] local 10.244.1.2 port 37556 connected to 10.10.0.6 port 30000
[  7] local 10.244.1.2 port 53253 connected to 10.10.0.6 port 30000
[  9] local 10.244.1.2 port 58557 connected to 10.10.0.6 port 30000
[ 11] local 10.244.1.2 port 41150 connected to 10.10.0.6 port 30000
[ 13] local 10.244.1.2 port 32923 connected to 10.10.0.6 port 30000
[ 15] local 10.244.1.2 port 56362 connected to 10.10.0.6 port 30000
[ 17] local 10.244.1.2 port 41418 connected to 10.10.0.6 port 30000
[ 19] local 10.244.1.2 port 56631 connected to 10.10.0.6 port 30000
[ 21] local 10.244.1.2 port 56835 connected to 10.10.0.6 port 30000
[ 23] local 10.244.1.2 port 56199 connected to 10.10.0.6 port 30000
[ 25] local 10.244.1.2 port 52893 connected to 10.10.0.6 port 30000
[ 27] local 10.244.1.2 port 39732 connected to 10.10.0.6 port 30000
[ 29] local 10.244.1.2 port 44064 connected to 10.10.0.6 port 30000
[ 31] local 10.244.1.2 port 46345 connected to 10.10.0.6 port 30000
[ 33] local 10.244.1.2 port 49750 connected to 10.10.0.6 port 30000
[ 35] local 10.244.1.2 port 48709 connected to 10.10.0.6 port 30000
[ 37] local 10.244.1.2 port 60869 connected to 10.10.0.6 port 30000
[ 39] local 10.244.1.2 port 50406 connected to 10.10.0.6 port 30000
[ 41] local 10.244.1.2 port 58375 connected to 10.10.0.6 port 30000
[ 43] local 10.244.1.2 port 38052 connected to 10.10.0.6 port 30000
[ ID] Interval           Transfer     Bitrate         Total Datagrams
[  5]   0.00-1.00   sec  14.5 MBytes   122 Mbits/sec  10872  
[  7]   0.00-1.00   sec  14.5 MBytes   121 Mbits/sec  10865  
[  9]   0.00-1.00   sec  14.5 MBytes   121 Mbits/sec  10861  
[ 11]   0.00-1.00   sec  14.5 MBytes   121 Mbits/sec  10855  
[ 13]   0.00-1.00   sec  14.5 MBytes   121 Mbits/sec  10850  
[ 15]   0.00-1.00   sec  14.5 MBytes   121 Mbits/sec  10844  
[ 17]   0.00-1.00   sec  14.5 MBytes   121 Mbits/sec  10840  
[ 19]   0.00-1.00   sec  14.4 MBytes   121 Mbits/sec  10836  
[ 21]   0.00-1.00   sec  14.4 MBytes   121 Mbits/sec  10831  
[ 23]   0.00-1.00   sec  14.4 MBytes   121 Mbits/sec  10826  
[ 25]   0.00-1.00   sec  14.4 MBytes   121 Mbits/sec  10821  
[ 27]   0.00-1.00   sec  14.4 MBytes   121 Mbits/sec  10820  
[ 29]   0.00-1.00   sec  14.4 MBytes   121 Mbits/sec  10815  
[ 31]   0.00-1.00   sec  14.4 MBytes   121 Mbits/sec  10806  
[ 33]   0.00-1.00   sec  14.4 MBytes   121 Mbits/sec  10802  
[ 35]   0.00-1.00   sec  14.4 MBytes   121 Mbits/sec  10797  
[ 37]   0.00-1.00   sec  14.4 MBytes   121 Mbits/sec  10793  
[ 39]   0.00-1.00   sec  14.4 MBytes   121 Mbits/sec  10790  
[ 41]   0.00-1.00   sec  14.4 MBytes   121 Mbits/sec  10787  
[ 43]   0.00-1.00   sec  14.4 MBytes   121 Mbits/sec  10782  
[SUM]   0.00-1.00   sec   289 MBytes  2421 Mbits/sec  216493  
- - - - - - - - - - - - - - - - - - - - - - - - -
[  5]   1.00-2.00   sec  9.51 MBytes  79.8 Mbits/sec  7134  
[  7]   1.00-2.00   sec  9.51 MBytes  79.8 Mbits/sec  7134  
[  9]   1.00-2.00   sec  9.51 MBytes  79.8 Mbits/sec  7134  
[ 11]   1.00-2.00   sec  9.51 MBytes  79.8 Mbits/sec  7134  
[ 13]   1.00-2.00   sec  9.51 MBytes  79.8 Mbits/sec  7134  
[ 15]   1.00-2.00   sec  9.51 MBytes  79.8 Mbits/sec  7134  
[ 17]   1.00-2.00   sec  9.51 MBytes  79.8 Mbits/sec  7134  
[ 19]   1.00-2.00   sec  9.51 MBytes  79.8 Mbits/sec  7134  
[ 21]   1.00-2.00   sec  9.51 MBytes  79.8 Mbits/sec  7134  
[ 23]   1.00-2.00   sec  9.51 MBytes  79.8 Mbits/sec  7134  
[ 25]   1.00-2.00   sec  9.51 MBytes  79.8 Mbits/sec  7134  
[ 27]   1.00-2.00   sec  9.51 MBytes  79.8 Mbits/sec  7134  
[ 29]   1.00-2.00   sec  9.51 MBytes  79.8 Mbits/sec  7134  
[ 31]   1.00-2.00   sec  9.51 MBytes  79.8 Mbits/sec  7134  
[ 33]   1.00-2.00   sec  9.51 MBytes  79.8 Mbits/sec  7134  
[ 35]   1.00-2.00   sec  9.51 MBytes  79.8 Mbits/sec  7134  
[ 37]   1.00-2.00   sec  9.51 MBytes  79.8 Mbits/sec  7134  
[ 39]   1.00-2.00   sec  9.51 MBytes  79.8 Mbits/sec  7134  
[ 41]   1.00-2.00   sec  9.51 MBytes  79.8 Mbits/sec  7134  
[ 43]   1.00-2.00   sec  9.51 MBytes  79.8 Mbits/sec  7134  
[SUM]   1.00-2.00   sec   190 MBytes  1596 Mbits/sec  142680  
- - - - - - - - - - - - - - - - - - - - - - - - -
[  5]   2.00-3.00   sec  9.54 MBytes  80.0 Mbits/sec  7155  
[  7]   2.00-3.00   sec  9.54 MBytes  80.0 Mbits/sec  7155  
[  9]   2.00-3.00   sec  9.54 MBytes  80.0 Mbits/sec  7155  
[ 11]   2.00-3.00   sec  9.54 MBytes  80.0 Mbits/sec  7155  
[ 13]   2.00-3.00   sec  9.54 MBytes  80.0 Mbits/sec  7155  
[ 15]   2.00-3.00   sec  9.54 MBytes  80.0 Mbits/sec  7155  
[ 17]   2.00-3.00   sec  9.54 MBytes  80.0 Mbits/sec  7155  
[ 19]   2.00-3.00   sec  9.54 MBytes  80.0 Mbits/sec  7155  
[ 21]   2.00-3.00   sec  9.54 MBytes  80.0 Mbits/sec  7155  
[ 23]   2.00-3.00   sec  9.54 MBytes  80.0 Mbits/sec  7155  
[ 25]   2.00-3.00   sec  9.54 MBytes  80.0 Mbits/sec  7155  
[ 27]   2.00-3.00   sec  9.54 MBytes  80.0 Mbits/sec  7155  
[ 29]   2.00-3.00   sec  9.54 MBytes  80.0 Mbits/sec  7155  
[ 31]   2.00-3.00   sec  9.54 MBytes  80.0 Mbits/sec  7155  
[ 33]   2.00-3.00   sec  9.54 MBytes  80.0 Mbits/sec  7155  
[ 35]   2.00-3.00   sec  9.54 MBytes  80.0 Mbits/sec  7155  
[ 37]   2.00-3.00   sec  9.54 MBytes  80.0 Mbits/sec  7155  
[ 39]   2.00-3.00   sec  9.54 MBytes  80.0 Mbits/sec  7155  
[ 41]   2.00-3.00   sec  9.54 MBytes  80.0 Mbits/sec  7155  
[ 43]   2.00-3.00   sec  9.54 MBytes  80.0 Mbits/sec  7155  
[SUM]   2.00-3.00   sec   191 MBytes  1600 Mbits/sec  143100  
- - - - - - - - - - - - - - - - - - - - - - - - -
[  5]   3.00-4.00   sec  9.41 MBytes  78.9 Mbits/sec  7057  
[  7]   3.00-4.00   sec  9.41 MBytes  78.9 Mbits/sec  7057  
[  9]   3.00-4.00   sec  9.41 MBytes  78.9 Mbits/sec  7057  
[ 11]   3.00-4.00   sec  9.41 MBytes  78.9 Mbits/sec  7057  
[ 13]   3.00-4.00   sec  9.41 MBytes  78.9 Mbits/sec  7057  
[ 15]   3.00-4.00   sec  9.41 MBytes  78.9 Mbits/sec  7057  
[ 17]   3.00-4.00   sec  9.41 MBytes  78.9 Mbits/sec  7057  
[ 19]   3.00-4.00   sec  9.41 MBytes  78.9 Mbits/sec  7057  
[ 21]   3.00-4.00   sec  9.41 MBytes  78.9 Mbits/sec  7057  
[ 23]   3.00-4.00   sec  9.41 MBytes  78.9 Mbits/sec  7057  
[ 25]   3.00-4.00   sec  9.41 MBytes  78.9 Mbits/sec  7057  
[ 27]   3.00-4.00   sec  9.41 MBytes  78.9 Mbits/sec  7057  
[ 29]   3.00-4.00   sec  9.41 MBytes  78.9 Mbits/sec  7057  
[ 31]   3.00-4.00   sec  9.41 MBytes  78.9 Mbits/sec  7057  
[ 33]   3.00-4.00   sec  9.41 MBytes  78.9 Mbits/sec  7057  
[ 35]   3.00-4.00   sec  9.41 MBytes  78.9 Mbits/sec  7057  
[ 37]   3.00-4.00   sec  9.41 MBytes  78.9 Mbits/sec  7057  
[ 39]   3.00-4.00   sec  9.41 MBytes  78.9 Mbits/sec  7057  
[ 41]   3.00-4.00   sec  9.41 MBytes  78.9 Mbits/sec  7057  
[ 43]   3.00-4.00   sec  9.41 MBytes  78.9 Mbits/sec  7057  
[SUM]   3.00-4.00   sec   188 MBytes  1579 Mbits/sec  141140  
- - - - - - - - - - - - - - - - - - - - - - - - -
[  5]   4.00-5.00   sec  9.48 MBytes  79.5 Mbits/sec  7108  
[  7]   4.00-5.00   sec  9.48 MBytes  79.5 Mbits/sec  7108  
[  9]   4.00-5.00   sec  9.48 MBytes  79.5 Mbits/sec  7108  
[ 11]   4.00-5.00   sec  9.48 MBytes  79.5 Mbits/sec  7108  
[ 13]   4.00-5.00   sec  9.48 MBytes  79.5 Mbits/sec  7108  
[ 15]   4.00-5.00   sec  9.48 MBytes  79.5 Mbits/sec  7108  
[ 17]   4.00-5.00   sec  9.48 MBytes  79.5 Mbits/sec  7108  
[ 19]   4.00-5.00   sec  9.48 MBytes  79.5 Mbits/sec  7108  
[ 21]   4.00-5.00   sec  9.48 MBytes  79.5 Mbits/sec  7108  
[ 23]   4.00-5.00   sec  9.48 MBytes  79.5 Mbits/sec  7108  
[ 25]   4.00-5.00   sec  9.48 MBytes  79.5 Mbits/sec  7108  
[ 27]   4.00-5.00   sec  9.48 MBytes  79.5 Mbits/sec  7108  
[ 29]   4.00-5.00   sec  9.48 MBytes  79.5 Mbits/sec  7108  
[ 31]   4.00-5.00   sec  9.48 MBytes  79.5 Mbits/sec  7108  
[ 33]   4.00-5.00   sec  9.48 MBytes  79.5 Mbits/sec  7108  
[ 35]   4.00-5.00   sec  9.48 MBytes  79.5 Mbits/sec  7108  
[ 37]   4.00-5.00   sec  9.48 MBytes  79.5 Mbits/sec  7108  
[ 39]   4.00-5.00   sec  9.48 MBytes  79.5 Mbits/sec  7108  
[ 41]   4.00-5.00   sec  9.48 MBytes  79.5 Mbits/sec  7108  
[ 43]   4.00-5.00   sec  9.48 MBytes  79.5 Mbits/sec  7108  
[SUM]   4.00-5.00   sec   190 MBytes  1590 Mbits/sec  142160  
- - - - - - - - - - - - - - - - - - - - - - - - -
[  5]   5.00-6.00   sec  9.67 MBytes  81.1 Mbits/sec  7254  
[  7]   5.00-6.00   sec  9.67 MBytes  81.1 Mbits/sec  7254  
[  9]   5.00-6.00   sec  9.67 MBytes  81.1 Mbits/sec  7254  
[ 11]   5.00-6.00   sec  9.67 MBytes  81.1 Mbits/sec  7254  
[ 13]   5.00-6.00   sec  9.67 MBytes  81.1 Mbits/sec  7254  
[ 15]   5.00-6.00   sec  9.67 MBytes  81.1 Mbits/sec  7254  
[ 17]   5.00-6.00   sec  9.67 MBytes  81.1 Mbits/sec  7254  
[ 19]   5.00-6.00   sec  9.67 MBytes  81.1 Mbits/sec  7254  
[ 21]   5.00-6.00   sec  9.67 MBytes  81.1 Mbits/sec  7254  
[ 23]   5.00-6.00   sec  9.67 MBytes  81.1 Mbits/sec  7254  
[ 25]   5.00-6.00   sec  9.67 MBytes  81.1 Mbits/sec  7254  
[ 27]   5.00-6.00   sec  9.67 MBytes  81.1 Mbits/sec  7254  
[ 29]   5.00-6.00   sec  9.67 MBytes  81.1 Mbits/sec  7254  
[ 31]   5.00-6.00   sec  9.67 MBytes  81.1 Mbits/sec  7254  
[ 33]   5.00-6.00   sec  9.67 MBytes  81.1 Mbits/sec  7254  
[ 35]   5.00-6.00   sec  9.67 MBytes  81.1 Mbits/sec  7254  
[ 37]   5.00-6.00   sec  9.67 MBytes  81.1 Mbits/sec  7254  
[ 39]   5.00-6.00   sec  9.67 MBytes  81.1 Mbits/sec  7254  
[ 41]   5.00-6.00   sec  9.67 MBytes  81.1 Mbits/sec  7254  
[ 43]   5.00-6.00   sec  9.67 MBytes  81.1 Mbits/sec  7254  
[SUM]   5.00-6.00   sec   193 MBytes  1623 Mbits/sec  145080  
- - - - - - - - - - - - - - - - - - - - - - - - -
[  5]   6.00-7.00   sec  9.55 MBytes  80.1 Mbits/sec  7160  
[  7]   6.00-7.00   sec  9.55 MBytes  80.1 Mbits/sec  7160  
[  9]   6.00-7.00   sec  9.55 MBytes  80.1 Mbits/sec  7160  
[ 11]   6.00-7.00   sec  9.55 MBytes  80.1 Mbits/sec  7160  
[ 13]   6.00-7.00   sec  9.55 MBytes  80.1 Mbits/sec  7160  
[ 15]   6.00-7.00   sec  9.55 MBytes  80.1 Mbits/sec  7160  
[ 17]   6.00-7.00   sec  9.55 MBytes  80.1 Mbits/sec  7160  
[ 19]   6.00-7.00   sec  9.55 MBytes  80.1 Mbits/sec  7160  
[ 21]   6.00-7.00   sec  9.55 MBytes  80.1 Mbits/sec  7160  
[ 23]   6.00-7.00   sec  9.55 MBytes  80.1 Mbits/sec  7160  
[ 25]   6.00-7.00   sec  9.55 MBytes  80.1 Mbits/sec  7160  
[ 27]   6.00-7.00   sec  9.55 MBytes  80.1 Mbits/sec  7160  
[ 29]   6.00-7.00   sec  9.55 MBytes  80.1 Mbits/sec  7160  
[ 31]   6.00-7.00   sec  9.55 MBytes  80.1 Mbits/sec  7160  
[ 33]   6.00-7.00   sec  9.55 MBytes  80.1 Mbits/sec  7160  
[ 35]   6.00-7.00   sec  9.55 MBytes  80.1 Mbits/sec  7160  
[ 37]   6.00-7.00   sec  9.55 MBytes  80.1 Mbits/sec  7160  
[ 39]   6.00-7.00   sec  9.55 MBytes  80.1 Mbits/sec  7160  
[ 41]   6.00-7.00   sec  9.55 MBytes  80.1 Mbits/sec  7160  
[ 43]   6.00-7.00   sec  9.55 MBytes  80.1 Mbits/sec  7160  
[SUM]   6.00-7.00   sec   191 MBytes  1602 Mbits/sec  143200  
- - - - - - - - - - - - - - - - - - - - - - - - -
[  5]   7.00-8.00   sec  9.43 MBytes  79.1 Mbits/sec  7073  
[  7]   7.00-8.00   sec  9.43 MBytes  79.1 Mbits/sec  7073  
[  9]   7.00-8.00   sec  9.43 MBytes  79.1 Mbits/sec  7073  
[ 11]   7.00-8.00   sec  9.43 MBytes  79.1 Mbits/sec  7073  
[ 13]   7.00-8.00   sec  9.43 MBytes  79.1 Mbits/sec  7073  
[ 15]   7.00-8.00   sec  9.43 MBytes  79.1 Mbits/sec  7073  
[ 17]   7.00-8.00   sec  9.43 MBytes  79.1 Mbits/sec  7073  
[ 19]   7.00-8.00   sec  9.43 MBytes  79.1 Mbits/sec  7073  
[ 21]   7.00-8.00   sec  9.43 MBytes  79.1 Mbits/sec  7073  
[ 23]   7.00-8.00   sec  9.43 MBytes  79.1 Mbits/sec  7073  
[ 25]   7.00-8.00   sec  9.43 MBytes  79.1 Mbits/sec  7073  
[ 27]   7.00-8.00   sec  9.43 MBytes  79.1 Mbits/sec  7073  
[ 29]   7.00-8.00   sec  9.43 MBytes  79.1 Mbits/sec  7073  
[ 31]   7.00-8.00   sec  9.43 MBytes  79.1 Mbits/sec  7073  
[ 33]   7.00-8.00   sec  9.43 MBytes  79.1 Mbits/sec  7073  
[ 35]   7.00-8.00   sec  9.43 MBytes  79.1 Mbits/sec  7073  
[ 37]   7.00-8.00   sec  9.43 MBytes  79.1 Mbits/sec  7073  
[ 39]   7.00-8.00   sec  9.43 MBytes  79.1 Mbits/sec  7073  
[ 41]   7.00-8.00   sec  9.43 MBytes  79.1 Mbits/sec  7073  
[ 43]   7.00-8.00   sec  9.43 MBytes  79.1 Mbits/sec  7073  
[SUM]   7.00-8.00   sec   189 MBytes  1582 Mbits/sec  141460  
- - - - - - - - - - - - - - - - - - - - - - - - -
[  5]   8.00-9.00   sec  9.41 MBytes  78.9 Mbits/sec  7056  
[  7]   8.00-9.00   sec  9.41 MBytes  78.9 Mbits/sec  7056  
[  9]   8.00-9.00   sec  9.41 MBytes  78.9 Mbits/sec  7056  
[ 11]   8.00-9.00   sec  9.41 MBytes  78.9 Mbits/sec  7056  
[ 13]   8.00-9.00   sec  9.41 MBytes  78.9 Mbits/sec  7056  
[ 15]   8.00-9.00   sec  9.41 MBytes  78.9 Mbits/sec  7056  
[ 17]   8.00-9.00   sec  9.41 MBytes  78.9 Mbits/sec  7056  
[ 19]   8.00-9.00   sec  9.41 MBytes  78.9 Mbits/sec  7056  
[ 21]   8.00-9.00   sec  9.41 MBytes  78.9 Mbits/sec  7056  
[ 23]   8.00-9.00   sec  9.41 MBytes  78.9 Mbits/sec  7056  
[ 25]   8.00-9.00   sec  9.41 MBytes  78.9 Mbits/sec  7056  
[ 27]   8.00-9.00   sec  9.41 MBytes  78.9 Mbits/sec  7056  
[ 29]   8.00-9.00   sec  9.41 MBytes  78.9 Mbits/sec  7056  
[ 31]   8.00-9.00   sec  9.41 MBytes  78.9 Mbits/sec  7056  
[ 33]   8.00-9.00   sec  9.41 MBytes  78.9 Mbits/sec  7056  
[ 35]   8.00-9.00   sec  9.41 MBytes  78.9 Mbits/sec  7056  
[ 37]   8.00-9.00   sec  9.41 MBytes  78.9 Mbits/sec  7056  
[ 39]   8.00-9.00   sec  9.41 MBytes  78.9 Mbits/sec  7056  
[ 41]   8.00-9.00   sec  9.41 MBytes  78.9 Mbits/sec  7056  
[ 43]   8.00-9.00   sec  9.41 MBytes  78.9 Mbits/sec  7056  
[SUM]   8.00-9.00   sec   188 MBytes  1578 Mbits/sec  141120  
- - - - - - - - - - - - - - - - - - - - - - - - -
[  5]   9.00-10.00  sec  9.36 MBytes  78.5 Mbits/sec  7019  
[  7]   9.00-10.00  sec  9.36 MBytes  78.5 Mbits/sec  7019  
[  9]   9.00-10.00  sec  9.36 MBytes  78.5 Mbits/sec  7019  
[ 11]   9.00-10.00  sec  9.36 MBytes  78.5 Mbits/sec  7019  
[ 13]   9.00-10.00  sec  9.36 MBytes  78.5 Mbits/sec  7019  
[ 15]   9.00-10.00  sec  9.36 MBytes  78.5 Mbits/sec  7019  
[ 17]   9.00-10.00  sec  9.36 MBytes  78.5 Mbits/sec  7019  
[ 19]   9.00-10.00  sec  9.36 MBytes  78.5 Mbits/sec  7019  
[ 21]   9.00-10.00  sec  9.36 MBytes  78.5 Mbits/sec  7019  
[ 23]   9.00-10.00  sec  9.36 MBytes  78.5 Mbits/sec  7019  
[ 25]   9.00-10.00  sec  9.36 MBytes  78.5 Mbits/sec  7019  
[ 27]   9.00-10.00  sec  9.36 MBytes  78.5 Mbits/sec  7019  
[ 29]   9.00-10.00  sec  9.36 MBytes  78.5 Mbits/sec  7019  
[ 31]   9.00-10.00  sec  9.36 MBytes  78.5 Mbits/sec  7019  
[ 33]   9.00-10.00  sec  9.36 MBytes  78.5 Mbits/sec  7019  
[ 35]   9.00-10.00  sec  9.36 MBytes  78.5 Mbits/sec  7019  
[ 37]   9.00-10.00  sec  9.36 MBytes  78.5 Mbits/sec  7019  
[ 39]   9.00-10.00  sec  9.36 MBytes  78.5 Mbits/sec  7019  
[ 41]   9.00-10.00  sec  9.36 MBytes  78.5 Mbits/sec  7019  
[ 43]   9.00-10.00  sec  9.36 MBytes  78.5 Mbits/sec  7019  
[SUM]   9.00-10.00  sec   187 MBytes  1570 Mbits/sec  140380  
- - - - - - - - - - - - - - - - - - - - - - - - -
[  5]  10.00-11.00  sec  9.20 MBytes  77.2 Mbits/sec  6902  
[  7]  10.00-11.00  sec  9.20 MBytes  77.2 Mbits/sec  6902  
[  9]  10.00-11.00  sec  9.20 MBytes  77.2 Mbits/sec  6902  
[ 11]  10.00-11.00  sec  9.20 MBytes  77.2 Mbits/sec  6902  
[ 13]  10.00-11.00  sec  9.20 MBytes  77.2 Mbits/sec  6902  
[ 15]  10.00-11.00  sec  9.20 MBytes  77.2 Mbits/sec  6902  
[ 17]  10.00-11.00  sec  9.20 MBytes  77.2 Mbits/sec  6902  
[ 19]  10.00-11.00  sec  9.20 MBytes  77.2 Mbits/sec  6902  
[ 21]  10.00-11.00  sec  9.20 MBytes  77.2 Mbits/sec  6902  
[ 23]  10.00-11.00  sec  9.20 MBytes  77.2 Mbits/sec  6902  
[ 25]  10.00-11.00  sec  9.20 MBytes  77.2 Mbits/sec  6902  
[ 27]  10.00-11.00  sec  9.20 MBytes  77.2 Mbits/sec  6902  
[ 29]  10.00-11.00  sec  9.20 MBytes  77.2 Mbits/sec  6902  
[ 31]  10.00-11.00  sec  9.20 MBytes  77.2 Mbits/sec  6902  
[ 33]  10.00-11.00  sec  9.20 MBytes  77.2 Mbits/sec  6902  
[ 35]  10.00-11.00  sec  9.20 MBytes  77.2 Mbits/sec  6902  
[ 37]  10.00-11.00  sec  9.20 MBytes  77.2 Mbits/sec  6902  
[ 39]  10.00-11.00  sec  9.20 MBytes  77.2 Mbits/sec  6902  
[ 41]  10.00-11.00  sec  9.20 MBytes  77.2 Mbits/sec  6902  
[ 43]  10.00-11.00  sec  9.20 MBytes  77.2 Mbits/sec  6902  
[SUM]  10.00-11.00  sec   184 MBytes  1544 Mbits/sec  138040  
- - - - - - - - - - - - - - - - - - - - - - - - -
[  5]  11.00-12.00  sec  9.43 MBytes  79.1 Mbits/sec  7070  
[  7]  11.00-12.00  sec  9.43 MBytes  79.1 Mbits/sec  7070  
[  9]  11.00-12.00  sec  9.43 MBytes  79.1 Mbits/sec  7070  
[ 11]  11.00-12.00  sec  9.43 MBytes  79.1 Mbits/sec  7070  
[ 13]  11.00-12.00  sec  9.43 MBytes  79.1 Mbits/sec  7070  
[ 15]  11.00-12.00  sec  9.43 MBytes  79.1 Mbits/sec  7070  
[ 17]  11.00-12.00  sec  9.43 MBytes  79.1 Mbits/sec  7070  
[ 19]  11.00-12.00  sec  9.43 MBytes  79.1 Mbits/sec  7070  
[ 21]  11.00-12.00  sec  9.43 MBytes  79.1 Mbits/sec  7070  
[ 23]  11.00-12.00  sec  9.43 MBytes  79.1 Mbits/sec  7070  
[ 25]  11.00-12.00  sec  9.43 MBytes  79.1 Mbits/sec  7070  
[ 27]  11.00-12.00  sec  9.43 MBytes  79.1 Mbits/sec  7070  
[ 29]  11.00-12.00  sec  9.43 MBytes  79.1 Mbits/sec  7070  
[ 31]  11.00-12.00  sec  9.43 MBytes  79.1 Mbits/sec  7070  
[ 33]  11.00-12.00  sec  9.43 MBytes  79.1 Mbits/sec  7070  
[ 35]  11.00-12.00  sec  9.43 MBytes  79.1 Mbits/sec  7070  
[ 37]  11.00-12.00  sec  9.43 MBytes  79.1 Mbits/sec  7070  
[ 39]  11.00-12.00  sec  9.43 MBytes  79.1 Mbits/sec  7070  
[ 41]  11.00-12.00  sec  9.43 MBytes  79.1 Mbits/sec  7070  
[ 43]  11.00-12.00  sec  9.43 MBytes  79.1 Mbits/sec  7070  
[SUM]  11.00-12.00  sec   189 MBytes  1581 Mbits/sec  141400  
- - - - - - - - - - - - - - - - - - - - - - - - -
[  5]  12.00-13.00  sec  9.51 MBytes  79.8 Mbits/sec  7134  
[  7]  12.00-13.00  sec  9.51 MBytes  79.8 Mbits/sec  7134  
[  9]  12.00-13.00  sec  9.51 MBytes  79.8 Mbits/sec  7134  
[ 11]  12.00-13.00  sec  9.51 MBytes  79.8 Mbits/sec  7134  
[ 13]  12.00-13.00  sec  9.51 MBytes  79.8 Mbits/sec  7134  
[ 15]  12.00-13.00  sec  9.51 MBytes  79.8 Mbits/sec  7134  
[ 17]  12.00-13.00  sec  9.51 MBytes  79.8 Mbits/sec  7134  
[ 19]  12.00-13.00  sec  9.51 MBytes  79.8 Mbits/sec  7134  
[ 21]  12.00-13.00  sec  9.51 MBytes  79.8 Mbits/sec  7134  
[ 23]  12.00-13.00  sec  9.51 MBytes  79.8 Mbits/sec  7134  
[ 25]  12.00-13.00  sec  9.51 MBytes  79.8 Mbits/sec  7134  
[ 27]  12.00-13.00  sec  9.51 MBytes  79.8 Mbits/sec  7134  
[ 29]  12.00-13.00  sec  9.51 MBytes  79.8 Mbits/sec  7134  
[ 31]  12.00-13.00  sec  9.51 MBytes  79.8 Mbits/sec  7134  
[ 33]  12.00-13.00  sec  9.51 MBytes  79.8 Mbits/sec  7134  
[ 35]  12.00-13.00  sec  9.51 MBytes  79.8 Mbits/sec  7134  
[ 37]  12.00-13.00  sec  9.51 MBytes  79.8 Mbits/sec  7134  
[ 39]  12.00-13.00  sec  9.51 MBytes  79.8 Mbits/sec  7134  
[ 41]  12.00-13.00  sec  9.51 MBytes  79.8 Mbits/sec  7134  
[ 43]  12.00-13.00  sec  9.51 MBytes  79.8 Mbits/sec  7134  
[SUM]  12.00-13.00  sec   190 MBytes  1596 Mbits/sec  142680  
- - - - - - - - - - - - - - - - - - - - - - - - -
[  5]  13.00-14.00  sec  9.42 MBytes  79.0 Mbits/sec  7068  
[  7]  13.00-14.00  sec  9.42 MBytes  79.0 Mbits/sec  7068  
[  9]  13.00-14.00  sec  9.42 MBytes  79.0 Mbits/sec  7068  
[ 11]  13.00-14.00  sec  9.42 MBytes  79.0 Mbits/sec  7068  
[ 13]  13.00-14.00  sec  9.42 MBytes  79.0 Mbits/sec  7068  
[ 15]  13.00-14.00  sec  9.42 MBytes  79.0 Mbits/sec  7068  
[ 17]  13.00-14.00  sec  9.42 MBytes  79.0 Mbits/sec  7068  
[ 19]  13.00-14.00  sec  9.42 MBytes  79.0 Mbits/sec  7068  
[ 21]  13.00-14.00  sec  9.42 MBytes  79.0 Mbits/sec  7068  
[ 23]  13.00-14.00  sec  9.42 MBytes  79.0 Mbits/sec  7068  
[ 25]  13.00-14.00  sec  9.42 MBytes  79.0 Mbits/sec  7068  
[ 27]  13.00-14.00  sec  9.42 MBytes  79.0 Mbits/sec  7068  
[ 29]  13.00-14.00  sec  9.42 MBytes  79.0 Mbits/sec  7068  
[ 31]  13.00-14.00  sec  9.42 MBytes  79.0 Mbits/sec  7068  
[ 33]  13.00-14.00  sec  9.42 MBytes  79.0 Mbits/sec  7068  
[ 35]  13.00-14.00  sec  9.42 MBytes  79.0 Mbits/sec  7068  
[ 37]  13.00-14.00  sec  9.42 MBytes  79.0 Mbits/sec  7068  
[ 39]  13.00-14.00  sec  9.42 MBytes  79.0 Mbits/sec  7068  
[ 41]  13.00-14.00  sec  9.42 MBytes  79.0 Mbits/sec  7068  
[ 43]  13.00-14.00  sec  9.42 MBytes  79.0 Mbits/sec  7068  
[SUM]  13.00-14.00  sec   188 MBytes  1581 Mbits/sec  141360  
- - - - - - - - - - - - - - - - - - - - - - - - -
[  5]  14.00-15.00  sec  9.34 MBytes  78.4 Mbits/sec  7007  
[  7]  14.00-15.00  sec  9.34 MBytes  78.4 Mbits/sec  7007  
[  9]  14.00-15.00  sec  9.34 MBytes  78.4 Mbits/sec  7007  
[ 11]  14.00-15.00  sec  9.34 MBytes  78.4 Mbits/sec  7007  
[ 13]  14.00-15.00  sec  9.34 MBytes  78.4 Mbits/sec  7007  
[ 15]  14.00-15.00  sec  9.34 MBytes  78.4 Mbits/sec  7007  
[ 17]  14.00-15.00  sec  9.34 MBytes  78.4 Mbits/sec  7007  
[ 19]  14.00-15.00  sec  9.34 MBytes  78.4 Mbits/sec  7007  
[ 21]  14.00-15.00  sec  9.34 MBytes  78.4 Mbits/sec  7007  
[ 23]  14.00-15.00  sec  9.34 MBytes  78.4 Mbits/sec  7007  
[ 25]  14.00-15.00  sec  9.34 MBytes  78.4 Mbits/sec  7007  
[ 27]  14.00-15.00  sec  9.34 MBytes  78.4 Mbits/sec  7007  
[ 29]  14.00-15.00  sec  9.34 MBytes  78.4 Mbits/sec  7007  
[ 31]  14.00-15.00  sec  9.34 MBytes  78.4 Mbits/sec  7007  
[ 33]  14.00-15.00  sec  9.34 MBytes  78.4 Mbits/sec  7007  
[ 35]  14.00-15.00  sec  9.34 MBytes  78.4 Mbits/sec  7007  
[ 37]  14.00-15.00  sec  9.34 MBytes  78.4 Mbits/sec  7007  
[ 39]  14.00-15.00  sec  9.34 MBytes  78.4 Mbits/sec  7007  
[ 41]  14.00-15.00  sec  9.34 MBytes  78.4 Mbits/sec  7007  
[ 43]  14.00-15.00  sec  9.34 MBytes  78.4 Mbits/sec  7007  
[SUM]  14.00-15.00  sec   187 MBytes  1567 Mbits/sec  140140  
- - - - - - - - - - - - - - - - - - - - - - - - -
[  5]  15.00-16.00  sec  9.32 MBytes  78.1 Mbits/sec  6987  
[  7]  15.00-16.00  sec  9.32 MBytes  78.1 Mbits/sec  6987  
[  9]  15.00-16.00  sec  9.32 MBytes  78.1 Mbits/sec  6987  
[ 11]  15.00-16.00  sec  9.32 MBytes  78.1 Mbits/sec  6987  
[ 13]  15.00-16.00  sec  9.32 MBytes  78.1 Mbits/sec  6987  
[ 15]  15.00-16.00  sec  9.32 MBytes  78.1 Mbits/sec  6987  
[ 17]  15.00-16.00  sec  9.32 MBytes  78.1 Mbits/sec  6987  
[ 19]  15.00-16.00  sec  9.32 MBytes  78.1 Mbits/sec  6987  
[ 21]  15.00-16.00  sec  9.32 MBytes  78.1 Mbits/sec  6987  
[ 23]  15.00-16.00  sec  9.32 MBytes  78.1 Mbits/sec  6987  
[ 25]  15.00-16.00  sec  9.32 MBytes  78.1 Mbits/sec  6987  
[ 27]  15.00-16.00  sec  9.32 MBytes  78.1 Mbits/sec  6987  
[ 29]  15.00-16.00  sec  9.32 MBytes  78.1 Mbits/sec  6987  
[ 31]  15.00-16.00  sec  9.32 MBytes  78.1 Mbits/sec  6987  
[ 33]  15.00-16.00  sec  9.32 MBytes  78.1 Mbits/sec  6987  
[ 35]  15.00-16.00  sec  9.32 MBytes  78.1 Mbits/sec  6987  
[ 37]  15.00-16.00  sec  9.32 MBytes  78.1 Mbits/sec  6987  
[ 39]  15.00-16.00  sec  9.32 MBytes  78.1 Mbits/sec  6987  
[ 41]  15.00-16.00  sec  9.32 MBytes  78.1 Mbits/sec  6987  
[ 43]  15.00-16.00  sec  9.32 MBytes  78.1 Mbits/sec  6987  
[SUM]  15.00-16.00  sec   186 MBytes  1563 Mbits/sec  139740  
- - - - - - - - - - - - - - - - - - - - - - - - -
[  5]  16.00-17.00  sec  9.52 MBytes  79.9 Mbits/sec  7142  
[  7]  16.00-17.00  sec  9.52 MBytes  79.9 Mbits/sec  7142  
[  9]  16.00-17.00  sec  9.52 MBytes  79.9 Mbits/sec  7142  
[ 11]  16.00-17.00  sec  9.52 MBytes  79.9 Mbits/sec  7142  
[ 13]  16.00-17.00  sec  9.52 MBytes  79.9 Mbits/sec  7142  
[ 15]  16.00-17.00  sec  9.52 MBytes  79.9 Mbits/sec  7142  
[ 17]  16.00-17.00  sec  9.52 MBytes  79.9 Mbits/sec  7142  
[ 19]  16.00-17.00  sec  9.52 MBytes  79.9 Mbits/sec  7142  
[ 21]  16.00-17.00  sec  9.52 MBytes  79.9 Mbits/sec  7142  
[ 23]  16.00-17.00  sec  9.52 MBytes  79.9 Mbits/sec  7142  
[ 25]  16.00-17.00  sec  9.52 MBytes  79.9 Mbits/sec  7142  
[ 27]  16.00-17.00  sec  9.52 MBytes  79.9 Mbits/sec  7142  
[ 29]  16.00-17.00  sec  9.52 MBytes  79.9 Mbits/sec  7142  
[ 31]  16.00-17.00  sec  9.52 MBytes  79.9 Mbits/sec  7142  
[ 33]  16.00-17.00  sec  9.52 MBytes  79.9 Mbits/sec  7142  
[ 35]  16.00-17.00  sec  9.52 MBytes  79.9 Mbits/sec  7142  
[ 37]  16.00-17.00  sec  9.52 MBytes  79.9 Mbits/sec  7142  
[ 39]  16.00-17.00  sec  9.52 MBytes  79.9 Mbits/sec  7142  
[ 41]  16.00-17.00  sec  9.52 MBytes  79.9 Mbits/sec  7142  
[ 43]  16.00-17.00  sec  9.52 MBytes  79.9 Mbits/sec  7142  
[SUM]  16.00-17.00  sec   190 MBytes  1597 Mbits/sec  142840  
- - - - - - - - - - - - - - - - - - - - - - - - -
[  5]  17.00-18.00  sec  9.60 MBytes  80.5 Mbits/sec  7197  
[  7]  17.00-18.00  sec  9.60 MBytes  80.5 Mbits/sec  7197  
[  9]  17.00-18.00  sec  9.60 MBytes  80.5 Mbits/sec  7197  
[ 11]  17.00-18.00  sec  9.60 MBytes  80.5 Mbits/sec  7197  
[ 13]  17.00-18.00  sec  9.60 MBytes  80.5 Mbits/sec  7197  
[ 15]  17.00-18.00  sec  9.60 MBytes  80.5 Mbits/sec  7197  
[ 17]  17.00-18.00  sec  9.60 MBytes  80.5 Mbits/sec  7197  
[ 19]  17.00-18.00  sec  9.60 MBytes  80.5 Mbits/sec  7197  
[ 21]  17.00-18.00  sec  9.60 MBytes  80.5 Mbits/sec  7197  
[ 23]  17.00-18.00  sec  9.60 MBytes  80.5 Mbits/sec  7197  
[ 25]  17.00-18.00  sec  9.60 MBytes  80.5 Mbits/sec  7197  
[ 27]  17.00-18.00  sec  9.60 MBytes  80.5 Mbits/sec  7197  
[ 29]  17.00-18.00  sec  9.60 MBytes  80.5 Mbits/sec  7197  
[ 31]  17.00-18.00  sec  9.60 MBytes  80.5 Mbits/sec  7197  
[ 33]  17.00-18.00  sec  9.60 MBytes  80.5 Mbits/sec  7197  
[ 35]  17.00-18.00  sec  9.60 MBytes  80.5 Mbits/sec  7197  
[ 37]  17.00-18.00  sec  9.60 MBytes  80.5 Mbits/sec  7197  
[ 39]  17.00-18.00  sec  9.60 MBytes  80.5 Mbits/sec  7197  
[ 41]  17.00-18.00  sec  9.60 MBytes  80.5 Mbits/sec  7197  
[ 43]  17.00-18.00  sec  9.60 MBytes  80.5 Mbits/sec  7197  
[SUM]  17.00-18.00  sec   192 MBytes  1610 Mbits/sec  143940  
- - - - - - - - - - - - - - - - - - - - - - - - -
[  5]  18.00-19.00  sec  9.42 MBytes  79.0 Mbits/sec  7064  
[  7]  18.00-19.00  sec  9.42 MBytes  79.0 Mbits/sec  7064  
[  9]  18.00-19.00  sec  9.42 MBytes  79.0 Mbits/sec  7064  
[ 11]  18.00-19.00  sec  9.42 MBytes  79.0 Mbits/sec  7064  
[ 13]  18.00-19.00  sec  9.42 MBytes  79.0 Mbits/sec  7064  
[ 15]  18.00-19.00  sec  9.42 MBytes  79.0 Mbits/sec  7064  
[ 17]  18.00-19.00  sec  9.42 MBytes  79.0 Mbits/sec  7064  
[ 19]  18.00-19.00  sec  9.42 MBytes  79.0 Mbits/sec  7064  
[ 21]  18.00-19.00  sec  9.42 MBytes  79.0 Mbits/sec  7064  
[ 23]  18.00-19.00  sec  9.42 MBytes  79.0 Mbits/sec  7064  
[ 25]  18.00-19.00  sec  9.42 MBytes  79.0 Mbits/sec  7064  
[ 27]  18.00-19.00  sec  9.42 MBytes  79.0 Mbits/sec  7064  
[ 29]  18.00-19.00  sec  9.42 MBytes  79.0 Mbits/sec  7064  
[ 31]  18.00-19.00  sec  9.42 MBytes  79.0 Mbits/sec  7064  
[ 33]  18.00-19.00  sec  9.42 MBytes  79.0 Mbits/sec  7064  
[ 35]  18.00-19.00  sec  9.42 MBytes  79.0 Mbits/sec  7064  
[ 37]  18.00-19.00  sec  9.42 MBytes  79.0 Mbits/sec  7064  
[ 39]  18.00-19.00  sec  9.42 MBytes  79.0 Mbits/sec  7064  
[ 41]  18.00-19.00  sec  9.42 MBytes  79.0 Mbits/sec  7064  
[ 43]  18.00-19.00  sec  9.42 MBytes  79.0 Mbits/sec  7064  
[SUM]  18.00-19.00  sec   188 MBytes  1580 Mbits/sec  141280  
- - - - - - - - - - - - - - - - - - - - - - - - -
[  5]  19.00-20.00  sec  9.70 MBytes  81.4 Mbits/sec  7274  
[  7]  19.00-20.00  sec  9.70 MBytes  81.4 Mbits/sec  7274  
[  9]  19.00-20.00  sec  9.70 MBytes  81.4 Mbits/sec  7274  
[ 11]  19.00-20.00  sec  9.70 MBytes  81.4 Mbits/sec  7274  
[ 13]  19.00-20.00  sec  9.70 MBytes  81.4 Mbits/sec  7274  
[ 15]  19.00-20.00  sec  9.70 MBytes  81.4 Mbits/sec  7274  
[ 17]  19.00-20.00  sec  9.70 MBytes  81.4 Mbits/sec  7274  
[ 19]  19.00-20.00  sec  9.70 MBytes  81.4 Mbits/sec  7274  
[ 21]  19.00-20.00  sec  9.70 MBytes  81.4 Mbits/sec  7274  
[ 23]  19.00-20.00  sec  9.70 MBytes  81.4 Mbits/sec  7274  
[ 25]  19.00-20.00  sec  9.70 MBytes  81.4 Mbits/sec  7274  
[ 27]  19.00-20.00  sec  9.70 MBytes  81.4 Mbits/sec  7274  
[ 29]  19.00-20.00  sec  9.70 MBytes  81.4 Mbits/sec  7274  
[ 31]  19.00-20.00  sec  9.70 MBytes  81.4 Mbits/sec  7274  
[ 33]  19.00-20.00  sec  9.70 MBytes  81.4 Mbits/sec  7274  
[ 35]  19.00-20.00  sec  9.70 MBytes  81.4 Mbits/sec  7274  
[ 37]  19.00-20.00  sec  9.70 MBytes  81.4 Mbits/sec  7274  
[ 39]  19.00-20.00  sec  9.70 MBytes  81.4 Mbits/sec  7274  
[ 41]  19.00-20.00  sec  9.70 MBytes  81.4 Mbits/sec  7274  
[ 43]  19.00-20.00  sec  9.70 MBytes  81.4 Mbits/sec  7274  
[SUM]  19.00-20.00  sec   194 MBytes  1627 Mbits/sec  145480  
- - - - - - - - - - - - - - - - - - - - - - - - -
[  5]  20.00-21.00  sec  9.63 MBytes  80.8 Mbits/sec  7223  
[  7]  20.00-21.00  sec  9.63 MBytes  80.8 Mbits/sec  7223  
[  9]  20.00-21.00  sec  9.63 MBytes  80.8 Mbits/sec  7223  
[ 11]  20.00-21.00  sec  9.63 MBytes  80.8 Mbits/sec  7223  
[ 13]  20.00-21.00  sec  9.63 MBytes  80.8 Mbits/sec  7223  
[ 15]  20.00-21.00  sec  9.63 MBytes  80.8 Mbits/sec  7223  
[ 17]  20.00-21.00  sec  9.63 MBytes  80.8 Mbits/sec  7223  
[ 19]  20.00-21.00  sec  9.63 MBytes  80.8 Mbits/sec  7223  
[ 21]  20.00-21.00  sec  9.63 MBytes  80.8 Mbits/sec  7223  
[ 23]  20.00-21.00  sec  9.63 MBytes  80.8 Mbits/sec  7223  
[ 25]  20.00-21.00  sec  9.63 MBytes  80.8 Mbits/sec  7223  
[ 27]  20.00-21.00  sec  9.63 MBytes  80.8 Mbits/sec  7223  
[ 29]  20.00-21.00  sec  9.63 MBytes  80.8 Mbits/sec  7223  
[ 31]  20.00-21.00  sec  9.63 MBytes  80.8 Mbits/sec  7223  
[ 33]  20.00-21.00  sec  9.63 MBytes  80.8 Mbits/sec  7223  
[ 35]  20.00-21.00  sec  9.63 MBytes  80.8 Mbits/sec  7223  
[ 37]  20.00-21.00  sec  9.63 MBytes  80.8 Mbits/sec  7223  
[ 39]  20.00-21.00  sec  9.63 MBytes  80.8 Mbits/sec  7223  
[ 41]  20.00-21.00  sec  9.63 MBytes  80.8 Mbits/sec  7223  
[ 43]  20.00-21.00  sec  9.63 MBytes  80.8 Mbits/sec  7223  
[SUM]  20.00-21.00  sec   193 MBytes  1616 Mbits/sec  144460  
- - - - - - - - - - - - - - - - - - - - - - - - -
[  5]  21.00-22.00  sec  9.72 MBytes  81.6 Mbits/sec  7292  
[  7]  21.00-22.00  sec  9.72 MBytes  81.6 Mbits/sec  7292  
[  9]  21.00-22.00  sec  9.72 MBytes  81.6 Mbits/sec  7292  
[ 11]  21.00-22.00  sec  9.72 MBytes  81.6 Mbits/sec  7292  
[ 13]  21.00-22.00  sec  9.72 MBytes  81.6 Mbits/sec  7292  
[ 15]  21.00-22.00  sec  9.72 MBytes  81.6 Mbits/sec  7292  
[ 17]  21.00-22.00  sec  9.72 MBytes  81.6 Mbits/sec  7292  
[ 19]  21.00-22.00  sec  9.72 MBytes  81.6 Mbits/sec  7292  
[ 21]  21.00-22.00  sec  9.72 MBytes  81.6 Mbits/sec  7292  
[ 23]  21.00-22.00  sec  9.72 MBytes  81.6 Mbits/sec  7292  
[ 25]  21.00-22.00  sec  9.72 MBytes  81.6 Mbits/sec  7292  
[ 27]  21.00-22.00  sec  9.72 MBytes  81.6 Mbits/sec  7292  
[ 29]  21.00-22.00  sec  9.72 MBytes  81.6 Mbits/sec  7292  
[ 31]  21.00-22.00  sec  9.72 MBytes  81.6 Mbits/sec  7292  
[ 33]  21.00-22.00  sec  9.72 MBytes  81.6 Mbits/sec  7292  
[ 35]  21.00-22.00  sec  9.72 MBytes  81.6 Mbits/sec  7292  
[ 37]  21.00-22.00  sec  9.72 MBytes  81.6 Mbits/sec  7292  
[ 39]  21.00-22.00  sec  9.72 MBytes  81.6 Mbits/sec  7292  
[ 41]  21.00-22.00  sec  9.72 MBytes  81.6 Mbits/sec  7292  
[ 43]  21.00-22.00  sec  9.72 MBytes  81.6 Mbits/sec  7292  
[SUM]  21.00-22.00  sec   194 MBytes  1631 Mbits/sec  145840  
- - - - - - - - - - - - - - - - - - - - - - - - -
[  5]  22.00-23.00  sec  9.51 MBytes  79.8 Mbits/sec  7135  
[  7]  22.00-23.00  sec  9.51 MBytes  79.8 Mbits/sec  7135  
[  9]  22.00-23.00  sec  9.51 MBytes  79.8 Mbits/sec  7135  
[ 11]  22.00-23.00  sec  9.51 MBytes  79.8 Mbits/sec  7135  
[ 13]  22.00-23.00  sec  9.51 MBytes  79.8 Mbits/sec  7135  
[ 15]  22.00-23.00  sec  9.51 MBytes  79.8 Mbits/sec  7135  
[ 17]  22.00-23.00  sec  9.51 MBytes  79.8 Mbits/sec  7135  
[ 19]  22.00-23.00  sec  9.51 MBytes  79.8 Mbits/sec  7135  
[ 21]  22.00-23.00  sec  9.51 MBytes  79.8 Mbits/sec  7135  
[ 23]  22.00-23.00  sec  9.51 MBytes  79.8 Mbits/sec  7135  
[ 25]  22.00-23.00  sec  9.51 MBytes  79.8 Mbits/sec  7135  
[ 27]  22.00-23.00  sec  9.51 MBytes  79.8 Mbits/sec  7135  
[ 29]  22.00-23.00  sec  9.51 MBytes  79.8 Mbits/sec  7135  
[ 31]  22.00-23.00  sec  9.51 MBytes  79.8 Mbits/sec  7135  
[ 33]  22.00-23.00  sec  9.51 MBytes  79.8 Mbits/sec  7135  
[ 35]  22.00-23.00  sec  9.51 MBytes  79.8 Mbits/sec  7135  
[ 37]  22.00-23.00  sec  9.51 MBytes  79.8 Mbits/sec  7135  
[ 39]  22.00-23.00  sec  9.51 MBytes  79.8 Mbits/sec  7135  
[ 41]  22.00-23.00  sec  9.51 MBytes  79.8 Mbits/sec  7135  
[ 43]  22.00-23.00  sec  9.51 MBytes  79.8 Mbits/sec  7135  
[SUM]  22.00-23.00  sec   190 MBytes  1596 Mbits/sec  142700  
- - - - - - - - - - - - - - - - - - - - - - - - -
[  5]  23.00-24.00  sec  9.53 MBytes  79.9 Mbits/sec  7146  
[  7]  23.00-24.00  sec  9.53 MBytes  79.9 Mbits/sec  7146  
[  9]  23.00-24.00  sec  9.53 MBytes  79.9 Mbits/sec  7146  
[ 11]  23.00-24.00  sec  9.53 MBytes  79.9 Mbits/sec  7146  
[ 13]  23.00-24.00  sec  9.53 MBytes  79.9 Mbits/sec  7146  
[ 15]  23.00-24.00  sec  9.53 MBytes  79.9 Mbits/sec  7146  
[ 17]  23.00-24.00  sec  9.53 MBytes  79.9 Mbits/sec  7146  
[ 19]  23.00-24.00  sec  9.53 MBytes  79.9 Mbits/sec  7146  
[ 21]  23.00-24.00  sec  9.53 MBytes  79.9 Mbits/sec  7146  
[ 23]  23.00-24.00  sec  9.53 MBytes  79.9 Mbits/sec  7146  
[ 25]  23.00-24.00  sec  9.53 MBytes  79.9 Mbits/sec  7146  
[ 27]  23.00-24.00  sec  9.53 MBytes  79.9 Mbits/sec  7146  
[ 29]  23.00-24.00  sec  9.53 MBytes  79.9 Mbits/sec  7146  
[ 31]  23.00-24.00  sec  9.53 MBytes  79.9 Mbits/sec  7146  
[ 33]  23.00-24.00  sec  9.53 MBytes  79.9 Mbits/sec  7146  
[ 35]  23.00-24.00  sec  9.53 MBytes  79.9 Mbits/sec  7146  
[ 37]  23.00-24.00  sec  9.53 MBytes  79.9 Mbits/sec  7146  
[ 39]  23.00-24.00  sec  9.53 MBytes  79.9 Mbits/sec  7146  
[ 41]  23.00-24.00  sec  9.53 MBytes  79.9 Mbits/sec  7146  
[ 43]  23.00-24.00  sec  9.53 MBytes  79.9 Mbits/sec  7146  
[SUM]  23.00-24.00  sec   191 MBytes  1598 Mbits/sec  142920  
- - - - - - - - - - - - - - - - - - - - - - - - -
[  5]  24.00-25.00  sec  9.64 MBytes  80.9 Mbits/sec  7231  
[  7]  24.00-25.00  sec  9.64 MBytes  80.9 Mbits/sec  7231  
[  9]  24.00-25.00  sec  9.64 MBytes  80.9 Mbits/sec  7231  
[ 11]  24.00-25.00  sec  9.64 MBytes  80.9 Mbits/sec  7231  
[ 13]  24.00-25.00  sec  9.64 MBytes  80.9 Mbits/sec  7231  
[ 15]  24.00-25.00  sec  9.64 MBytes  80.9 Mbits/sec  7231  
[ 17]  24.00-25.00  sec  9.64 MBytes  80.9 Mbits/sec  7231  
[ 19]  24.00-25.00  sec  9.64 MBytes  80.9 Mbits/sec  7231  
[ 21]  24.00-25.00  sec  9.64 MBytes  80.9 Mbits/sec  7231  
[ 23]  24.00-25.00  sec  9.64 MBytes  80.9 Mbits/sec  7231  
[ 25]  24.00-25.00  sec  9.64 MBytes  80.9 Mbits/sec  7231  
[ 27]  24.00-25.00  sec  9.64 MBytes  80.9 Mbits/sec  7231  
[ 29]  24.00-25.00  sec  9.64 MBytes  80.9 Mbits/sec  7231  
[ 31]  24.00-25.00  sec  9.64 MBytes  80.9 Mbits/sec  7231  
[ 33]  24.00-25.00  sec  9.64 MBytes  80.9 Mbits/sec  7231  
[ 35]  24.00-25.00  sec  9.64 MBytes  80.9 Mbits/sec  7231  
[ 37]  24.00-25.00  sec  9.64 MBytes  80.9 Mbits/sec  7231  
[ 39]  24.00-25.00  sec  9.64 MBytes  80.9 Mbits/sec  7231  
[ 41]  24.00-25.00  sec  9.64 MBytes  80.9 Mbits/sec  7231  
[ 43]  24.00-25.00  sec  9.64 MBytes  80.9 Mbits/sec  7231  
[SUM]  24.00-25.00  sec   193 MBytes  1617 Mbits/sec  144620  
- - - - - - - - - - - - - - - - - - - - - - - - -
[  5]  25.00-26.00  sec  9.75 MBytes  81.8 Mbits/sec  7314  
[  7]  25.00-26.00  sec  9.75 MBytes  81.8 Mbits/sec  7314  
[  9]  25.00-26.00  sec  9.75 MBytes  81.8 Mbits/sec  7314  
[ 11]  25.00-26.00  sec  9.75 MBytes  81.8 Mbits/sec  7314  
[ 13]  25.00-26.00  sec  9.75 MBytes  81.8 Mbits/sec  7314  
[ 15]  25.00-26.00  sec  9.75 MBytes  81.8 Mbits/sec  7314  
[ 17]  25.00-26.00  sec  9.75 MBytes  81.8 Mbits/sec  7314  
[ 19]  25.00-26.00  sec  9.75 MBytes  81.8 Mbits/sec  7314  
[ 21]  25.00-26.00  sec  9.75 MBytes  81.8 Mbits/sec  7314  
[ 23]  25.00-26.00  sec  9.75 MBytes  81.8 Mbits/sec  7314  
[ 25]  25.00-26.00  sec  9.75 MBytes  81.8 Mbits/sec  7314  
[ 27]  25.00-26.00  sec  9.75 MBytes  81.8 Mbits/sec  7314  
[ 29]  25.00-26.00  sec  9.75 MBytes  81.8 Mbits/sec  7314  
[ 31]  25.00-26.00  sec  9.75 MBytes  81.8 Mbits/sec  7314  
[ 33]  25.00-26.00  sec  9.75 MBytes  81.8 Mbits/sec  7314  
[ 35]  25.00-26.00  sec  9.75 MBytes  81.8 Mbits/sec  7314  
[ 37]  25.00-26.00  sec  9.75 MBytes  81.8 Mbits/sec  7314  
[ 39]  25.00-26.00  sec  9.75 MBytes  81.8 Mbits/sec  7314  
[ 41]  25.00-26.00  sec  9.75 MBytes  81.8 Mbits/sec  7314  
[ 43]  25.00-26.00  sec  9.75 MBytes  81.8 Mbits/sec  7314  
[SUM]  25.00-26.00  sec   195 MBytes  1636 Mbits/sec  146280  
- - - - - - - - - - - - - - - - - - - - - - - - -
[  5]  26.00-27.00  sec  9.72 MBytes  81.5 Mbits/sec  7287  
[  7]  26.00-27.00  sec  9.72 MBytes  81.5 Mbits/sec  7287  
[  9]  26.00-27.00  sec  9.72 MBytes  81.5 Mbits/sec  7287  
[ 11]  26.00-27.00  sec  9.72 MBytes  81.5 Mbits/sec  7287  
[ 13]  26.00-27.00  sec  9.72 MBytes  81.5 Mbits/sec  7287  
[ 15]  26.00-27.00  sec  9.72 MBytes  81.5 Mbits/sec  7287  
[ 17]  26.00-27.00  sec  9.72 MBytes  81.5 Mbits/sec  7287  
[ 19]  26.00-27.00  sec  9.72 MBytes  81.5 Mbits/sec  7287  
[ 21]  26.00-27.00  sec  9.72 MBytes  81.5 Mbits/sec  7287  
[ 23]  26.00-27.00  sec  9.72 MBytes  81.5 Mbits/sec  7287  
[ 25]  26.00-27.00  sec  9.72 MBytes  81.5 Mbits/sec  7287  
[ 27]  26.00-27.00  sec  9.72 MBytes  81.5 Mbits/sec  7287  
[ 29]  26.00-27.00  sec  9.72 MBytes  81.5 Mbits/sec  7287  
[ 31]  26.00-27.00  sec  9.72 MBytes  81.5 Mbits/sec  7287  
[ 33]  26.00-27.00  sec  9.72 MBytes  81.5 Mbits/sec  7287  
[ 35]  26.00-27.00  sec  9.72 MBytes  81.5 Mbits/sec  7287  
[ 37]  26.00-27.00  sec  9.72 MBytes  81.5 Mbits/sec  7287  
[ 39]  26.00-27.00  sec  9.72 MBytes  81.5 Mbits/sec  7287  
[ 41]  26.00-27.00  sec  9.72 MBytes  81.5 Mbits/sec  7287  
[ 43]  26.00-27.00  sec  9.72 MBytes  81.5 Mbits/sec  7287  
[SUM]  26.00-27.00  sec   194 MBytes  1630 Mbits/sec  145740  
- - - - - - - - - - - - - - - - - - - - - - - - -
[  5]  27.00-28.00  sec  9.65 MBytes  80.9 Mbits/sec  7237  
[  7]  27.00-28.00  sec  9.65 MBytes  80.9 Mbits/sec  7237  
[  9]  27.00-28.00  sec  9.65 MBytes  80.9 Mbits/sec  7237  
[ 11]  27.00-28.00  sec  9.65 MBytes  80.9 Mbits/sec  7237  
[ 13]  27.00-28.00  sec  9.65 MBytes  80.9 Mbits/sec  7237  
[ 15]  27.00-28.00  sec  9.65 MBytes  80.9 Mbits/sec  7237  
[ 17]  27.00-28.00  sec  9.65 MBytes  80.9 Mbits/sec  7237  
[ 19]  27.00-28.00  sec  9.65 MBytes  80.9 Mbits/sec  7237  
[ 21]  27.00-28.00  sec  9.65 MBytes  80.9 Mbits/sec  7237  
[ 23]  27.00-28.00  sec  9.65 MBytes  80.9 Mbits/sec  7237  
[ 25]  27.00-28.00  sec  9.65 MBytes  80.9 Mbits/sec  7237  
[ 27]  27.00-28.00  sec  9.65 MBytes  80.9 Mbits/sec  7237  
[ 29]  27.00-28.00  sec  9.65 MBytes  80.9 Mbits/sec  7237  
[ 31]  27.00-28.00  sec  9.65 MBytes  80.9 Mbits/sec  7237  
[ 33]  27.00-28.00  sec  9.65 MBytes  80.9 Mbits/sec  7237  
[ 35]  27.00-28.00  sec  9.65 MBytes  80.9 Mbits/sec  7237  
[ 37]  27.00-28.00  sec  9.65 MBytes  80.9 Mbits/sec  7237  
[ 39]  27.00-28.00  sec  9.65 MBytes  80.9 Mbits/sec  7237  
[ 41]  27.00-28.00  sec  9.65 MBytes  80.9 Mbits/sec  7237  
[ 43]  27.00-28.00  sec  9.65 MBytes  80.9 Mbits/sec  7237  
[SUM]  27.00-28.00  sec   193 MBytes  1619 Mbits/sec  144740  
- - - - - - - - - - - - - - - - - - - - - - - - -
[  5]  28.00-29.00  sec  9.52 MBytes  79.9 Mbits/sec  7140  
[  7]  28.00-29.00  sec  9.52 MBytes  79.9 Mbits/sec  7140  
[  9]  28.00-29.00  sec  9.52 MBytes  79.9 Mbits/sec  7140  
[ 11]  28.00-29.00  sec  9.52 MBytes  79.9 Mbits/sec  7140  
[ 13]  28.00-29.00  sec  9.52 MBytes  79.9 Mbits/sec  7140  
[ 15]  28.00-29.00  sec  9.52 MBytes  79.9 Mbits/sec  7140  
[ 17]  28.00-29.00  sec  9.52 MBytes  79.9 Mbits/sec  7140  
[ 19]  28.00-29.00  sec  9.52 MBytes  79.9 Mbits/sec  7140  
[ 21]  28.00-29.00  sec  9.52 MBytes  79.9 Mbits/sec  7140  
[ 23]  28.00-29.00  sec  9.52 MBytes  79.9 Mbits/sec  7140  
[ 25]  28.00-29.00  sec  9.52 MBytes  79.9 Mbits/sec  7140  
[ 27]  28.00-29.00  sec  9.52 MBytes  79.9 Mbits/sec  7140  
[ 29]  28.00-29.00  sec  9.52 MBytes  79.9 Mbits/sec  7140  
[ 31]  28.00-29.00  sec  9.52 MBytes  79.9 Mbits/sec  7140  
[ 33]  28.00-29.00  sec  9.52 MBytes  79.9 Mbits/sec  7140  
[ 35]  28.00-29.00  sec  9.52 MBytes  79.9 Mbits/sec  7140  
[ 37]  28.00-29.00  sec  9.52 MBytes  79.9 Mbits/sec  7140  
[ 39]  28.00-29.00  sec  9.52 MBytes  79.9 Mbits/sec  7140  
[ 41]  28.00-29.00  sec  9.52 MBytes  79.9 Mbits/sec  7140  
[ 43]  28.00-29.00  sec  9.52 MBytes  79.9 Mbits/sec  7140  
[SUM]  28.00-29.00  sec   190 MBytes  1597 Mbits/sec  142800  
- - - - - - - - - - - - - - - - - - - - - - - - -
[  5]  29.00-30.00  sec  9.57 MBytes  80.3 Mbits/sec  7180  
[  7]  29.00-30.00  sec  9.57 MBytes  80.3 Mbits/sec  7180  
[  9]  29.00-30.00  sec  9.57 MBytes  80.3 Mbits/sec  7180  
[ 11]  29.00-30.00  sec  9.57 MBytes  80.3 Mbits/sec  7180  
[ 13]  29.00-30.00  sec  9.57 MBytes  80.3 Mbits/sec  7180  
[ 15]  29.00-30.00  sec  9.57 MBytes  80.3 Mbits/sec  7180  
[ 17]  29.00-30.00  sec  9.57 MBytes  80.3 Mbits/sec  7180  
[ 19]  29.00-30.00  sec  9.57 MBytes  80.3 Mbits/sec  7180  
[ 21]  29.00-30.00  sec  9.57 MBytes  80.3 Mbits/sec  7180  
[ 23]  29.00-30.00  sec  9.57 MBytes  80.3 Mbits/sec  7180  
[ 25]  29.00-30.00  sec  9.57 MBytes  80.3 Mbits/sec  7180  
[ 27]  29.00-30.00  sec  9.57 MBytes  80.3 Mbits/sec  7180  
[ 29]  29.00-30.00  sec  9.57 MBytes  80.3 Mbits/sec  7180  
[ 31]  29.00-30.00  sec  9.57 MBytes  80.3 Mbits/sec  7180  
[ 33]  29.00-30.00  sec  9.57 MBytes  80.3 Mbits/sec  7180  
[ 35]  29.00-30.00  sec  9.57 MBytes  80.3 Mbits/sec  7180  
[ 37]  29.00-30.00  sec  9.57 MBytes  80.3 Mbits/sec  7180  
[ 39]  29.00-30.00  sec  9.57 MBytes  80.3 Mbits/sec  7180  
[ 41]  29.00-30.00  sec  9.57 MBytes  80.3 Mbits/sec  7180  
[ 43]  29.00-30.00  sec  9.57 MBytes  80.3 Mbits/sec  7180  
[SUM]  29.00-30.00  sec   191 MBytes  1606 Mbits/sec  143600  
- - - - - - - - - - - - - - - - - - - - - - - - -
[  5]  30.00-31.00  sec  9.54 MBytes  80.0 Mbits/sec  7154  
[  7]  30.00-31.00  sec  9.54 MBytes  80.0 Mbits/sec  7154  
[  9]  30.00-31.00  sec  9.54 MBytes  80.0 Mbits/sec  7154  
[ 11]  30.00-31.00  sec  9.54 MBytes  80.0 Mbits/sec  7154  
[ 13]  30.00-31.00  sec  9.54 MBytes  80.0 Mbits/sec  7154  
[ 15]  30.00-31.00  sec  9.54 MBytes  80.0 Mbits/sec  7154  
[ 17]  30.00-31.00  sec  9.54 MBytes  80.0 Mbits/sec  7154  
[ 19]  30.00-31.00  sec  9.54 MBytes  80.0 Mbits/sec  7154  
[ 21]  30.00-31.00  sec  9.54 MBytes  80.0 Mbits/sec  7154  
[ 23]  30.00-31.00  sec  9.54 MBytes  80.0 Mbits/sec  7154  
[ 25]  30.00-31.00  sec  9.54 MBytes  80.0 Mbits/sec  7154  
[ 27]  30.00-31.00  sec  9.54 MBytes  80.0 Mbits/sec  7154  
[ 29]  30.00-31.00  sec  9.54 MBytes  80.0 Mbits/sec  7154  
[ 31]  30.00-31.00  sec  9.54 MBytes  80.0 Mbits/sec  7154  
[ 33]  30.00-31.00  sec  9.54 MBytes  80.0 Mbits/sec  7154  
[ 35]  30.00-31.00  sec  9.54 MBytes  80.0 Mbits/sec  7154  
[ 37]  30.00-31.00  sec  9.54 MBytes  80.0 Mbits/sec  7154  
[ 39]  30.00-31.00  sec  9.54 MBytes  80.0 Mbits/sec  7154  
[ 41]  30.00-31.00  sec  9.54 MBytes  80.0 Mbits/sec  7154  
[ 43]  30.00-31.00  sec  9.54 MBytes  80.0 Mbits/sec  7154  
[SUM]  30.00-31.00  sec   191 MBytes  1600 Mbits/sec  143080  
- - - - - - - - - - - - - - - - - - - - - - - - -
[  5]  31.00-32.00  sec  9.54 MBytes  80.0 Mbits/sec  7154  
[  7]  31.00-32.00  sec  9.54 MBytes  80.0 Mbits/sec  7154  
[  9]  31.00-32.00  sec  9.54 MBytes  80.0 Mbits/sec  7154  
[ 11]  31.00-32.00  sec  9.54 MBytes  80.0 Mbits/sec  7154  
[ 13]  31.00-32.00  sec  9.54 MBytes  80.0 Mbits/sec  7154  
[ 15]  31.00-32.00  sec  9.54 MBytes  80.0 Mbits/sec  7154  
[ 17]  31.00-32.00  sec  9.54 MBytes  80.0 Mbits/sec  7154  
[ 19]  31.00-32.00  sec  9.54 MBytes  80.0 Mbits/sec  7154  
[ 21]  31.00-32.00  sec  9.54 MBytes  80.0 Mbits/sec  7154  
[ 23]  31.00-32.00  sec  9.54 MBytes  80.0 Mbits/sec  7154  
[ 25]  31.00-32.00  sec  9.54 MBytes  80.0 Mbits/sec  7154  
[ 27]  31.00-32.00  sec  9.54 MBytes  80.0 Mbits/sec  7154  
[ 29]  31.00-32.00  sec  9.54 MBytes  80.0 Mbits/sec  7154  
[ 31]  31.00-32.00  sec  9.54 MBytes  80.0 Mbits/sec  7154  
[ 33]  31.00-32.00  sec  9.54 MBytes  80.0 Mbits/sec  7154  
[ 35]  31.00-32.00  sec  9.54 MBytes  80.0 Mbits/sec  7154  
[ 37]  31.00-32.00  sec  9.54 MBytes  80.0 Mbits/sec  7154  
[ 39]  31.00-32.00  sec  9.54 MBytes  80.0 Mbits/sec  7154  
[ 41]  31.00-32.00  sec  9.54 MBytes  80.0 Mbits/sec  7154  
[ 43]  31.00-32.00  sec  9.54 MBytes  80.0 Mbits/sec  7154  
[SUM]  31.00-32.00  sec   191 MBytes  1600 Mbits/sec  143080  
- - - - - - - - - - - - - - - - - - - - - - - - -
[  5]  32.00-33.00  sec  9.55 MBytes  80.1 Mbits/sec  7164  
[  7]  32.00-33.00  sec  9.55 MBytes  80.1 Mbits/sec  7164  
[  9]  32.00-33.00  sec  9.55 MBytes  80.1 Mbits/sec  7164  
[ 11]  32.00-33.00  sec  9.55 MBytes  80.1 Mbits/sec  7164  
[ 13]  32.00-33.00  sec  9.55 MBytes  80.1 Mbits/sec  7164  
[ 15]  32.00-33.00  sec  9.55 MBytes  80.1 Mbits/sec  7164  
[ 17]  32.00-33.00  sec  9.55 MBytes  80.1 Mbits/sec  7164  
[ 19]  32.00-33.00  sec  9.55 MBytes  80.1 Mbits/sec  7164  
[ 21]  32.00-33.00  sec  9.55 MBytes  80.1 Mbits/sec  7164  
[ 23]  32.00-33.00  sec  9.55 MBytes  80.1 Mbits/sec  7164  
[ 25]  32.00-33.00  sec  9.55 MBytes  80.1 Mbits/sec  7164  
[ 27]  32.00-33.00  sec  9.55 MBytes  80.1 Mbits/sec  7164  
[ 29]  32.00-33.00  sec  9.55 MBytes  80.1 Mbits/sec  7164  
[ 31]  32.00-33.00  sec  9.55 MBytes  80.1 Mbits/sec  7164  
[ 33]  32.00-33.00  sec  9.55 MBytes  80.1 Mbits/sec  7164  
[ 35]  32.00-33.00  sec  9.55 MBytes  80.1 Mbits/sec  7164  
[ 37]  32.00-33.00  sec  9.55 MBytes  80.1 Mbits/sec  7164  
[ 39]  32.00-33.00  sec  9.55 MBytes  80.1 Mbits/sec  7164  
[ 41]  32.00-33.00  sec  9.55 MBytes  80.1 Mbits/sec  7164  
[ 43]  32.00-33.00  sec  9.55 MBytes  80.1 Mbits/sec  7164  
[SUM]  32.00-33.00  sec   191 MBytes  1602 Mbits/sec  143280  
- - - - - - - - - - - - - - - - - - - - - - - - -
[  5]  33.00-34.00  sec  9.44 MBytes  79.2 Mbits/sec  7084  
[  7]  33.00-34.00  sec  9.44 MBytes  79.2 Mbits/sec  7084  
[  9]  33.00-34.00  sec  9.44 MBytes  79.2 Mbits/sec  7084  
[ 11]  33.00-34.00  sec  9.44 MBytes  79.2 Mbits/sec  7084  
[ 13]  33.00-34.00  sec  9.44 MBytes  79.2 Mbits/sec  7084  
[ 15]  33.00-34.00  sec  9.44 MBytes  79.2 Mbits/sec  7084  
[ 17]  33.00-34.00  sec  9.44 MBytes  79.2 Mbits/sec  7084  
[ 19]  33.00-34.00  sec  9.44 MBytes  79.2 Mbits/sec  7084  
[ 21]  33.00-34.00  sec  9.44 MBytes  79.2 Mbits/sec  7084  
[ 23]  33.00-34.00  sec  9.44 MBytes  79.2 Mbits/sec  7084  
[ 25]  33.00-34.00  sec  9.44 MBytes  79.2 Mbits/sec  7084  
[ 27]  33.00-34.00  sec  9.44 MBytes  79.2 Mbits/sec  7084  
[ 29]  33.00-34.00  sec  9.44 MBytes  79.2 Mbits/sec  7084  
[ 31]  33.00-34.00  sec  9.44 MBytes  79.2 Mbits/sec  7084  
[ 33]  33.00-34.00  sec  9.44 MBytes  79.2 Mbits/sec  7084  
[ 35]  33.00-34.00  sec  9.44 MBytes  79.2 Mbits/sec  7084  
[ 37]  33.00-34.00  sec  9.44 MBytes  79.2 Mbits/sec  7084  
[ 39]  33.00-34.00  sec  9.44 MBytes  79.2 Mbits/sec  7084  
[ 41]  33.00-34.00  sec  9.44 MBytes  79.2 Mbits/sec  7084  
[ 43]  33.00-34.00  sec  9.44 MBytes  79.2 Mbits/sec  7084  
[SUM]  33.00-34.00  sec   189 MBytes  1584 Mbits/sec  141680  
- - - - - - - - - - - - - - - - - - - - - - - - -
[  5]  34.00-35.00  sec  9.50 MBytes  79.7 Mbits/sec  7129  
[  7]  34.00-35.00  sec  9.50 MBytes  79.7 Mbits/sec  7129  
[  9]  34.00-35.00  sec  9.50 MBytes  79.7 Mbits/sec  7129  
[ 11]  34.00-35.00  sec  9.50 MBytes  79.7 Mbits/sec  7129  
[ 13]  34.00-35.00  sec  9.50 MBytes  79.7 Mbits/sec  7129  
[ 15]  34.00-35.00  sec  9.50 MBytes  79.7 Mbits/sec  7129  
[ 17]  34.00-35.00  sec  9.50 MBytes  79.7 Mbits/sec  7129  
[ 19]  34.00-35.00  sec  9.50 MBytes  79.7 Mbits/sec  7129  
[ 21]  34.00-35.00  sec  9.50 MBytes  79.7 Mbits/sec  7129  
[ 23]  34.00-35.00  sec  9.50 MBytes  79.7 Mbits/sec  7129  
[ 25]  34.00-35.00  sec  9.50 MBytes  79.7 Mbits/sec  7129  
[ 27]  34.00-35.00  sec  9.50 MBytes  79.7 Mbits/sec  7129  
[ 29]  34.00-35.00  sec  9.50 MBytes  79.7 Mbits/sec  7129  
[ 31]  34.00-35.00  sec  9.50 MBytes  79.7 Mbits/sec  7129  
[ 33]  34.00-35.00  sec  9.50 MBytes  79.7 Mbits/sec  7129  
[ 35]  34.00-35.00  sec  9.50 MBytes  79.7 Mbits/sec  7129  
[ 37]  34.00-35.00  sec  9.50 MBytes  79.7 Mbits/sec  7129  
[ 39]  34.00-35.00  sec  9.50 MBytes  79.7 Mbits/sec  7129  
[ 41]  34.00-35.00  sec  9.50 MBytes  79.7 Mbits/sec  7129  
[ 43]  34.00-35.00  sec  9.50 MBytes  79.7 Mbits/sec  7129  
[SUM]  34.00-35.00  sec   190 MBytes  1595 Mbits/sec  142580  
- - - - - - - - - - - - - - - - - - - - - - - - -
[  5]  35.00-36.00  sec  9.63 MBytes  80.8 Mbits/sec  7221  
[  7]  35.00-36.00  sec  9.63 MBytes  80.8 Mbits/sec  7221  
[  9]  35.00-36.00  sec  9.63 MBytes  80.8 Mbits/sec  7221  
[ 11]  35.00-36.00  sec  9.63 MBytes  80.8 Mbits/sec  7221  
[ 13]  35.00-36.00  sec  9.63 MBytes  80.8 Mbits/sec  7221  
[ 15]  35.00-36.00  sec  9.63 MBytes  80.8 Mbits/sec  7221  
[ 17]  35.00-36.00  sec  9.63 MBytes  80.8 Mbits/sec  7221  
[ 19]  35.00-36.00  sec  9.63 MBytes  80.8 Mbits/sec  7221  
[ 21]  35.00-36.00  sec  9.63 MBytes  80.8 Mbits/sec  7221  
[ 23]  35.00-36.00  sec  9.63 MBytes  80.8 Mbits/sec  7221  
[ 25]  35.00-36.00  sec  9.63 MBytes  80.8 Mbits/sec  7221  
[ 27]  35.00-36.00  sec  9.63 MBytes  80.8 Mbits/sec  7221  
[ 29]  35.00-36.00  sec  9.63 MBytes  80.8 Mbits/sec  7221  
[ 31]  35.00-36.00  sec  9.63 MBytes  80.8 Mbits/sec  7221  
[ 33]  35.00-36.00  sec  9.63 MBytes  80.8 Mbits/sec  7221  
[ 35]  35.00-36.00  sec  9.63 MBytes  80.8 Mbits/sec  7221  
[ 37]  35.00-36.00  sec  9.63 MBytes  80.8 Mbits/sec  7221  
[ 39]  35.00-36.00  sec  9.63 MBytes  80.8 Mbits/sec  7221  
[ 41]  35.00-36.00  sec  9.63 MBytes  80.8 Mbits/sec  7221  
[ 43]  35.00-36.00  sec  9.63 MBytes  80.8 Mbits/sec  7221  
[SUM]  35.00-36.00  sec   193 MBytes  1615 Mbits/sec  144420  
- - - - - - - - - - - - - - - - - - - - - - - - -
[  5]  36.00-37.00  sec  9.45 MBytes  79.3 Mbits/sec  7087  
[  7]  36.00-37.00  sec  9.45 MBytes  79.3 Mbits/sec  7087  
[  9]  36.00-37.00  sec  9.45 MBytes  79.3 Mbits/sec  7087  
[ 11]  36.00-37.00  sec  9.45 MBytes  79.3 Mbits/sec  7087  
[ 13]  36.00-37.00  sec  9.45 MBytes  79.3 Mbits/sec  7087  
[ 15]  36.00-37.00  sec  9.45 MBytes  79.3 Mbits/sec  7087  
[ 17]  36.00-37.00  sec  9.45 MBytes  79.3 Mbits/sec  7087  
[ 19]  36.00-37.00  sec  9.45 MBytes  79.3 Mbits/sec  7087  
[ 21]  36.00-37.00  sec  9.45 MBytes  79.3 Mbits/sec  7087  
[ 23]  36.00-37.00  sec  9.45 MBytes  79.3 Mbits/sec  7087  
[ 25]  36.00-37.00  sec  9.45 MBytes  79.3 Mbits/sec  7087  
[ 27]  36.00-37.00  sec  9.45 MBytes  79.3 Mbits/sec  7087  
[ 29]  36.00-37.00  sec  9.45 MBytes  79.3 Mbits/sec  7087  
[ 31]  36.00-37.00  sec  9.45 MBytes  79.3 Mbits/sec  7087  
[ 33]  36.00-37.00  sec  9.45 MBytes  79.3 Mbits/sec  7087  
[ 35]  36.00-37.00  sec  9.45 MBytes  79.3 Mbits/sec  7087  
[ 37]  36.00-37.00  sec  9.45 MBytes  79.3 Mbits/sec  7087  
[ 39]  36.00-37.00  sec  9.45 MBytes  79.3 Mbits/sec  7087  
[ 41]  36.00-37.00  sec  9.45 MBytes  79.3 Mbits/sec  7087  
[ 43]  36.00-37.00  sec  9.45 MBytes  79.3 Mbits/sec  7087  
[SUM]  36.00-37.00  sec   189 MBytes  1585 Mbits/sec  141740  
- - - - - - - - - - - - - - - - - - - - - - - - -
[  5]  37.00-38.00  sec  9.43 MBytes  79.1 Mbits/sec  7070  
[  7]  37.00-38.00  sec  9.43 MBytes  79.1 Mbits/sec  7070  
[  9]  37.00-38.00  sec  9.43 MBytes  79.1 Mbits/sec  7070  
[ 11]  37.00-38.00  sec  9.43 MBytes  79.1 Mbits/sec  7070  
[ 13]  37.00-38.00  sec  9.43 MBytes  79.1 Mbits/sec  7070  
[ 15]  37.00-38.00  sec  9.43 MBytes  79.1 Mbits/sec  7070  
[ 17]  37.00-38.00  sec  9.43 MBytes  79.1 Mbits/sec  7070  
[ 19]  37.00-38.00  sec  9.43 MBytes  79.1 Mbits/sec  7070  
[ 21]  37.00-38.00  sec  9.43 MBytes  79.1 Mbits/sec  7070  
[ 23]  37.00-38.00  sec  9.43 MBytes  79.1 Mbits/sec  7070  
[ 25]  37.00-38.00  sec  9.43 MBytes  79.1 Mbits/sec  7070  
[ 27]  37.00-38.00  sec  9.43 MBytes  79.1 Mbits/sec  7070  
[ 29]  37.00-38.00  sec  9.43 MBytes  79.1 Mbits/sec  7070  
[ 31]  37.00-38.00  sec  9.43 MBytes  79.1 Mbits/sec  7070  
[ 33]  37.00-38.00  sec  9.43 MBytes  79.1 Mbits/sec  7070  
[ 35]  37.00-38.00  sec  9.43 MBytes  79.1 Mbits/sec  7070  
[ 37]  37.00-38.00  sec  9.43 MBytes  79.1 Mbits/sec  7070  
[ 39]  37.00-38.00  sec  9.43 MBytes  79.1 Mbits/sec  7070  
[ 41]  37.00-38.00  sec  9.43 MBytes  79.1 Mbits/sec  7070  
[ 43]  37.00-38.00  sec  9.43 MBytes  79.1 Mbits/sec  7070  
[SUM]  37.00-38.00  sec   189 MBytes  1581 Mbits/sec  141400  
- - - - - - - - - - - - - - - - - - - - - - - - -
[  5]  38.00-39.00  sec  9.39 MBytes  78.8 Mbits/sec  7046  
[  7]  38.00-39.00  sec  9.39 MBytes  78.8 Mbits/sec  7046  
[  9]  38.00-39.00  sec  9.39 MBytes  78.8 Mbits/sec  7046  
[ 11]  38.00-39.00  sec  9.39 MBytes  78.8 Mbits/sec  7046  
[ 13]  38.00-39.00  sec  9.39 MBytes  78.8 Mbits/sec  7046  
[ 15]  38.00-39.00  sec  9.39 MBytes  78.8 Mbits/sec  7046  
[ 17]  38.00-39.00  sec  9.39 MBytes  78.8 Mbits/sec  7046  
[ 19]  38.00-39.00  sec  9.39 MBytes  78.8 Mbits/sec  7046  
[ 21]  38.00-39.00  sec  9.39 MBytes  78.8 Mbits/sec  7046  
[ 23]  38.00-39.00  sec  9.39 MBytes  78.8 Mbits/sec  7046  
[ 25]  38.00-39.00  sec  9.39 MBytes  78.8 Mbits/sec  7046  
[ 27]  38.00-39.00  sec  9.39 MBytes  78.8 Mbits/sec  7046  
[ 29]  38.00-39.00  sec  9.39 MBytes  78.8 Mbits/sec  7046  
[ 31]  38.00-39.00  sec  9.39 MBytes  78.8 Mbits/sec  7046  
[ 33]  38.00-39.00  sec  9.39 MBytes  78.8 Mbits/sec  7046  
[ 35]  38.00-39.00  sec  9.39 MBytes  78.8 Mbits/sec  7046  
[ 37]  38.00-39.00  sec  9.39 MBytes  78.8 Mbits/sec  7046  
[ 39]  38.00-39.00  sec  9.39 MBytes  78.8 Mbits/sec  7046  
[ 41]  38.00-39.00  sec  9.39 MBytes  78.8 Mbits/sec  7046  
[ 43]  38.00-39.00  sec  9.39 MBytes  78.8 Mbits/sec  7046  
[SUM]  38.00-39.00  sec   188 MBytes  1576 Mbits/sec  140920  
- - - - - - - - - - - - - - - - - - - - - - - - -
[  5]  39.00-40.00  sec  9.41 MBytes  78.9 Mbits/sec  7059  
[  7]  39.00-40.00  sec  9.41 MBytes  78.9 Mbits/sec  7059  
[  9]  39.00-40.00  sec  9.41 MBytes  78.9 Mbits/sec  7059  
[ 11]  39.00-40.00  sec  9.41 MBytes  78.9 Mbits/sec  7059  
[ 13]  39.00-40.00  sec  9.41 MBytes  78.9 Mbits/sec  7059  
[ 15]  39.00-40.00  sec  9.41 MBytes  78.9 Mbits/sec  7059  
[ 17]  39.00-40.00  sec  9.41 MBytes  78.9 Mbits/sec  7059  
[ 19]  39.00-40.00  sec  9.41 MBytes  78.9 Mbits/sec  7059  
[ 21]  39.00-40.00  sec  9.41 MBytes  78.9 Mbits/sec  7059  
[ 23]  39.00-40.00  sec  9.41 MBytes  78.9 Mbits/sec  7059  
[ 25]  39.00-40.00  sec  9.41 MBytes  78.9 Mbits/sec  7059  
[ 27]  39.00-40.00  sec  9.41 MBytes  78.9 Mbits/sec  7059  
[ 29]  39.00-40.00  sec  9.41 MBytes  78.9 Mbits/sec  7059  
[ 31]  39.00-40.00  sec  9.41 MBytes  78.9 Mbits/sec  7059  
[ 33]  39.00-40.00  sec  9.41 MBytes  78.9 Mbits/sec  7059  
[ 35]  39.00-40.00  sec  9.41 MBytes  78.9 Mbits/sec  7059  
[ 37]  39.00-40.00  sec  9.41 MBytes  78.9 Mbits/sec  7059  
[ 39]  39.00-40.00  sec  9.41 MBytes  78.9 Mbits/sec  7059  
[ 41]  39.00-40.00  sec  9.41 MBytes  78.9 Mbits/sec  7059  
[ 43]  39.00-40.00  sec  9.41 MBytes  78.9 Mbits/sec  7059  
[SUM]  39.00-40.00  sec   188 MBytes  1579 Mbits/sec  141180  
- - - - - - - - - - - - - - - - - - - - - - - - -
[  5]  40.00-41.00  sec  9.45 MBytes  79.3 Mbits/sec  7089  
[  7]  40.00-41.00  sec  9.45 MBytes  79.3 Mbits/sec  7089  
[  9]  40.00-41.00  sec  9.45 MBytes  79.3 Mbits/sec  7089  
[ 11]  40.00-41.00  sec  9.45 MBytes  79.3 Mbits/sec  7089  
[ 13]  40.00-41.00  sec  9.45 MBytes  79.3 Mbits/sec  7089  
[ 15]  40.00-41.00  sec  9.45 MBytes  79.3 Mbits/sec  7089  
[ 17]  40.00-41.00  sec  9.45 MBytes  79.3 Mbits/sec  7089  
[ 19]  40.00-41.00  sec  9.45 MBytes  79.3 Mbits/sec  7089  
[ 21]  40.00-41.00  sec  9.45 MBytes  79.3 Mbits/sec  7089  
[ 23]  40.00-41.00  sec  9.45 MBytes  79.3 Mbits/sec  7089  
[ 25]  40.00-41.00  sec  9.45 MBytes  79.3 Mbits/sec  7089  
[ 27]  40.00-41.00  sec  9.45 MBytes  79.3 Mbits/sec  7089  
[ 29]  40.00-41.00  sec  9.45 MBytes  79.3 Mbits/sec  7089  
[ 31]  40.00-41.00  sec  9.45 MBytes  79.3 Mbits/sec  7089  
[ 33]  40.00-41.00  sec  9.45 MBytes  79.3 Mbits/sec  7089  
[ 35]  40.00-41.00  sec  9.45 MBytes  79.3 Mbits/sec  7089  
[ 37]  40.00-41.00  sec  9.45 MBytes  79.3 Mbits/sec  7089  
[ 39]  40.00-41.00  sec  9.45 MBytes  79.3 Mbits/sec  7089  
[ 41]  40.00-41.00  sec  9.45 MBytes  79.3 Mbits/sec  7089  
[ 43]  40.00-41.00  sec  9.45 MBytes  79.3 Mbits/sec  7089  
[SUM]  40.00-41.00  sec   189 MBytes  1586 Mbits/sec  141780  
- - - - - - - - - - - - - - - - - - - - - - - - -
[  5]  41.00-42.00  sec  9.37 MBytes  78.6 Mbits/sec  7028  
[  7]  41.00-42.00  sec  9.37 MBytes  78.6 Mbits/sec  7028  
[  9]  41.00-42.00  sec  9.37 MBytes  78.6 Mbits/sec  7028  
[ 11]  41.00-42.00  sec  9.37 MBytes  78.6 Mbits/sec  7028  
[ 13]  41.00-42.00  sec  9.37 MBytes  78.6 Mbits/sec  7028  
[ 15]  41.00-42.00  sec  9.37 MBytes  78.6 Mbits/sec  7028  
[ 17]  41.00-42.00  sec  9.37 MBytes  78.6 Mbits/sec  7028  
[ 19]  41.00-42.00  sec  9.37 MBytes  78.6 Mbits/sec  7028  
[ 21]  41.00-42.00  sec  9.37 MBytes  78.6 Mbits/sec  7028  
[ 23]  41.00-42.00  sec  9.37 MBytes  78.6 Mbits/sec  7028  
[ 25]  41.00-42.00  sec  9.37 MBytes  78.6 Mbits/sec  7028  
[ 27]  41.00-42.00  sec  9.37 MBytes  78.6 Mbits/sec  7028  
[ 29]  41.00-42.00  sec  9.37 MBytes  78.6 Mbits/sec  7028  
[ 31]  41.00-42.00  sec  9.37 MBytes  78.6 Mbits/sec  7028  
[ 33]  41.00-42.00  sec  9.37 MBytes  78.6 Mbits/sec  7028  
[ 35]  41.00-42.00  sec  9.37 MBytes  78.6 Mbits/sec  7028  
[ 37]  41.00-42.00  sec  9.37 MBytes  78.6 Mbits/sec  7028  
[ 39]  41.00-42.00  sec  9.37 MBytes  78.6 Mbits/sec  7028  
[ 41]  41.00-42.00  sec  9.37 MBytes  78.6 Mbits/sec  7028  
[ 43]  41.00-42.00  sec  9.37 MBytes  78.6 Mbits/sec  7028  
[SUM]  41.00-42.00  sec   187 MBytes  1572 Mbits/sec  140560  
- - - - - - - - - - - - - - - - - - - - - - - - -
[  5]  42.00-43.00  sec  9.39 MBytes  78.8 Mbits/sec  7045  
[  7]  42.00-43.00  sec  9.39 MBytes  78.8 Mbits/sec  7045  
[  9]  42.00-43.00  sec  9.39 MBytes  78.8 Mbits/sec  7045  
[ 11]  42.00-43.00  sec  9.39 MBytes  78.8 Mbits/sec  7045  
[ 13]  42.00-43.00  sec  9.39 MBytes  78.8 Mbits/sec  7045  
[ 15]  42.00-43.00  sec  9.39 MBytes  78.8 Mbits/sec  7045  
[ 17]  42.00-43.00  sec  9.39 MBytes  78.8 Mbits/sec  7045  
[ 19]  42.00-43.00  sec  9.39 MBytes  78.8 Mbits/sec  7045  
[ 21]  42.00-43.00  sec  9.39 MBytes  78.8 Mbits/sec  7045  
[ 23]  42.00-43.00  sec  9.39 MBytes  78.8 Mbits/sec  7045  
[ 25]  42.00-43.00  sec  9.39 MBytes  78.8 Mbits/sec  7045  
[ 27]  42.00-43.00  sec  9.39 MBytes  78.8 Mbits/sec  7045  
[ 29]  42.00-43.00  sec  9.39 MBytes  78.8 Mbits/sec  7045  
[ 31]  42.00-43.00  sec  9.39 MBytes  78.8 Mbits/sec  7045  
[ 33]  42.00-43.00  sec  9.39 MBytes  78.8 Mbits/sec  7045  
[ 35]  42.00-43.00  sec  9.39 MBytes  78.8 Mbits/sec  7045  
[ 37]  42.00-43.00  sec  9.39 MBytes  78.8 Mbits/sec  7045  
[ 39]  42.00-43.00  sec  9.39 MBytes  78.8 Mbits/sec  7045  
[ 41]  42.00-43.00  sec  9.39 MBytes  78.8 Mbits/sec  7045  
[ 43]  42.00-43.00  sec  9.39 MBytes  78.8 Mbits/sec  7045  
[SUM]  42.00-43.00  sec   188 MBytes  1576 Mbits/sec  140900  
- - - - - - - - - - - - - - - - - - - - - - - - -
[  5]  43.00-44.00  sec  9.44 MBytes  79.2 Mbits/sec  7084  
[  7]  43.00-44.00  sec  9.44 MBytes  79.2 Mbits/sec  7084  
[  9]  43.00-44.00  sec  9.44 MBytes  79.2 Mbits/sec  7084  
[ 11]  43.00-44.00  sec  9.44 MBytes  79.2 Mbits/sec  7084  
[ 13]  43.00-44.00  sec  9.44 MBytes  79.2 Mbits/sec  7084  
[ 15]  43.00-44.00  sec  9.44 MBytes  79.2 Mbits/sec  7084  
[ 17]  43.00-44.00  sec  9.44 MBytes  79.2 Mbits/sec  7084  
[ 19]  43.00-44.00  sec  9.44 MBytes  79.2 Mbits/sec  7084  
[ 21]  43.00-44.00  sec  9.44 MBytes  79.2 Mbits/sec  7084  
[ 23]  43.00-44.00  sec  9.44 MBytes  79.2 Mbits/sec  7084  
[ 25]  43.00-44.00  sec  9.44 MBytes  79.2 Mbits/sec  7084  
[ 27]  43.00-44.00  sec  9.44 MBytes  79.2 Mbits/sec  7084  
[ 29]  43.00-44.00  sec  9.44 MBytes  79.2 Mbits/sec  7084  
[ 31]  43.00-44.00  sec  9.44 MBytes  79.2 Mbits/sec  7084  
[ 33]  43.00-44.00  sec  9.44 MBytes  79.2 Mbits/sec  7084  
[ 35]  43.00-44.00  sec  9.44 MBytes  79.2 Mbits/sec  7084  
[ 37]  43.00-44.00  sec  9.44 MBytes  79.2 Mbits/sec  7084  
[ 39]  43.00-44.00  sec  9.44 MBytes  79.2 Mbits/sec  7084  
[ 41]  43.00-44.00  sec  9.44 MBytes  79.2 Mbits/sec  7084  
[ 43]  43.00-44.00  sec  9.44 MBytes  79.2 Mbits/sec  7084  
[SUM]  43.00-44.00  sec   189 MBytes  1584 Mbits/sec  141680  
- - - - - - - - - - - - - - - - - - - - - - - - -
[  5]  44.00-45.00  sec  9.39 MBytes  78.8 Mbits/sec  7046  
[  7]  44.00-45.00  sec  9.39 MBytes  78.8 Mbits/sec  7046  
[  9]  44.00-45.00  sec  9.39 MBytes  78.8 Mbits/sec  7046  
[ 11]  44.00-45.00  sec  9.39 MBytes  78.8 Mbits/sec  7046  
[ 13]  44.00-45.00  sec  9.39 MBytes  78.8 Mbits/sec  7046  
[ 15]  44.00-45.00  sec  9.39 MBytes  78.8 Mbits/sec  7046  
[ 17]  44.00-45.00  sec  9.39 MBytes  78.8 Mbits/sec  7046  
[ 19]  44.00-45.00  sec  9.39 MBytes  78.8 Mbits/sec  7046  
[ 21]  44.00-45.00  sec  9.39 MBytes  78.8 Mbits/sec  7046  
[ 23]  44.00-45.00  sec  9.39 MBytes  78.8 Mbits/sec  7046  
[ 25]  44.00-45.00  sec  9.39 MBytes  78.8 Mbits/sec  7046  
[ 27]  44.00-45.00  sec  9.39 MBytes  78.8 Mbits/sec  7046  
[ 29]  44.00-45.00  sec  9.39 MBytes  78.8 Mbits/sec  7046  
[ 31]  44.00-45.00  sec  9.39 MBytes  78.8 Mbits/sec  7046  
[ 33]  44.00-45.00  sec  9.39 MBytes  78.8 Mbits/sec  7046  
[ 35]  44.00-45.00  sec  9.39 MBytes  78.8 Mbits/sec  7046  
[ 37]  44.00-45.00  sec  9.39 MBytes  78.8 Mbits/sec  7046  
[ 39]  44.00-45.00  sec  9.39 MBytes  78.8 Mbits/sec  7046  
[ 41]  44.00-45.00  sec  9.39 MBytes  78.8 Mbits/sec  7046  
[ 43]  44.00-45.00  sec  9.39 MBytes  78.8 Mbits/sec  7046  
[SUM]  44.00-45.00  sec   188 MBytes  1576 Mbits/sec  140920  
- - - - - - - - - - - - - - - - - - - - - - - - -
[  5]  45.00-46.00  sec  9.48 MBytes  79.5 Mbits/sec  7111  
[  7]  45.00-46.00  sec  9.48 MBytes  79.5 Mbits/sec  7111  
[  9]  45.00-46.00  sec  9.48 MBytes  79.5 Mbits/sec  7111  
[ 11]  45.00-46.00  sec  9.48 MBytes  79.5 Mbits/sec  7111  
[ 13]  45.00-46.00  sec  9.48 MBytes  79.5 Mbits/sec  7111  
[ 15]  45.00-46.00  sec  9.48 MBytes  79.5 Mbits/sec  7111  
[ 17]  45.00-46.00  sec  9.48 MBytes  79.5 Mbits/sec  7111  
[ 19]  45.00-46.00  sec  9.48 MBytes  79.5 Mbits/sec  7111  
[ 21]  45.00-46.00  sec  9.48 MBytes  79.5 Mbits/sec  7111  
[ 23]  45.00-46.00  sec  9.48 MBytes  79.5 Mbits/sec  7111  
[ 25]  45.00-46.00  sec  9.48 MBytes  79.5 Mbits/sec  7111  
[ 27]  45.00-46.00  sec  9.48 MBytes  79.5 Mbits/sec  7111  
[ 29]  45.00-46.00  sec  9.48 MBytes  79.5 Mbits/sec  7111  
[ 31]  45.00-46.00  sec  9.48 MBytes  79.5 Mbits/sec  7111  
[ 33]  45.00-46.00  sec  9.48 MBytes  79.5 Mbits/sec  7111  
[ 35]  45.00-46.00  sec  9.48 MBytes  79.5 Mbits/sec  7111  
[ 37]  45.00-46.00  sec  9.48 MBytes  79.5 Mbits/sec  7111  
[ 39]  45.00-46.00  sec  9.48 MBytes  79.5 Mbits/sec  7111  
[ 41]  45.00-46.00  sec  9.48 MBytes  79.5 Mbits/sec  7111  
[ 43]  45.00-46.00  sec  9.48 MBytes  79.5 Mbits/sec  7111  
[SUM]  45.00-46.00  sec   190 MBytes  1591 Mbits/sec  142220  
- - - - - - - - - - - - - - - - - - - - - - - - -
[  5]  46.00-47.00  sec  9.65 MBytes  81.0 Mbits/sec  7241  
[  7]  46.00-47.00  sec  9.65 MBytes  81.0 Mbits/sec  7241  
[  9]  46.00-47.00  sec  9.65 MBytes  81.0 Mbits/sec  7241  
[ 11]  46.00-47.00  sec  9.65 MBytes  81.0 Mbits/sec  7241  
[ 13]  46.00-47.00  sec  9.65 MBytes  81.0 Mbits/sec  7241  
[ 15]  46.00-47.00  sec  9.65 MBytes  81.0 Mbits/sec  7241  
[ 17]  46.00-47.00  sec  9.65 MBytes  81.0 Mbits/sec  7241  
[ 19]  46.00-47.00  sec  9.65 MBytes  81.0 Mbits/sec  7241  
[ 21]  46.00-47.00  sec  9.65 MBytes  81.0 Mbits/sec  7241  
[ 23]  46.00-47.00  sec  9.65 MBytes  81.0 Mbits/sec  7241  
[ 25]  46.00-47.00  sec  9.65 MBytes  81.0 Mbits/sec  7241  
[ 27]  46.00-47.00  sec  9.65 MBytes  81.0 Mbits/sec  7241  
[ 29]  46.00-47.00  sec  9.65 MBytes  81.0 Mbits/sec  7241  
[ 31]  46.00-47.00  sec  9.65 MBytes  81.0 Mbits/sec  7241  
[ 33]  46.00-47.00  sec  9.65 MBytes  81.0 Mbits/sec  7241  
[ 35]  46.00-47.00  sec  9.65 MBytes  81.0 Mbits/sec  7241  
[ 37]  46.00-47.00  sec  9.65 MBytes  81.0 Mbits/sec  7241  
[ 39]  46.00-47.00  sec  9.65 MBytes  81.0 Mbits/sec  7241  
[ 41]  46.00-47.00  sec  9.65 MBytes  81.0 Mbits/sec  7241  
[ 43]  46.00-47.00  sec  9.65 MBytes  81.0 Mbits/sec  7241  
[SUM]  46.00-47.00  sec   193 MBytes  1620 Mbits/sec  144820  
- - - - - - - - - - - - - - - - - - - - - - - - -
[  5]  47.00-48.00  sec  9.58 MBytes  80.3 Mbits/sec  7184  
[  7]  47.00-48.00  sec  9.58 MBytes  80.3 Mbits/sec  7184  
[  9]  47.00-48.00  sec  9.58 MBytes  80.3 Mbits/sec  7184  
[ 11]  47.00-48.00  sec  9.58 MBytes  80.3 Mbits/sec  7184  
[ 13]  47.00-48.00  sec  9.58 MBytes  80.3 Mbits/sec  7184  
[ 15]  47.00-48.00  sec  9.58 MBytes  80.3 Mbits/sec  7184  
[ 17]  47.00-48.00  sec  9.58 MBytes  80.3 Mbits/sec  7184  
[ 19]  47.00-48.00  sec  9.58 MBytes  80.3 Mbits/sec  7184  
[ 21]  47.00-48.00  sec  9.58 MBytes  80.3 Mbits/sec  7184  
[ 23]  47.00-48.00  sec  9.58 MBytes  80.3 Mbits/sec  7184  
[ 25]  47.00-48.00  sec  9.58 MBytes  80.3 Mbits/sec  7184  
[ 27]  47.00-48.00  sec  9.58 MBytes  80.3 Mbits/sec  7184  
[ 29]  47.00-48.00  sec  9.58 MBytes  80.3 Mbits/sec  7184  
[ 31]  47.00-48.00  sec  9.58 MBytes  80.3 Mbits/sec  7184  
[ 33]  47.00-48.00  sec  9.58 MBytes  80.3 Mbits/sec  7184  
[ 35]  47.00-48.00  sec  9.58 MBytes  80.3 Mbits/sec  7184  
[ 37]  47.00-48.00  sec  9.58 MBytes  80.3 Mbits/sec  7184  
[ 39]  47.00-48.00  sec  9.58 MBytes  80.3 Mbits/sec  7184  
[ 41]  47.00-48.00  sec  9.58 MBytes  80.3 Mbits/sec  7184  
[ 43]  47.00-48.00  sec  9.58 MBytes  80.3 Mbits/sec  7184  
[SUM]  47.00-48.00  sec   192 MBytes  1607 Mbits/sec  143680  
- - - - - - - - - - - - - - - - - - - - - - - - -
[  5]  48.00-49.00  sec  9.61 MBytes  80.6 Mbits/sec  7208  
[  7]  48.00-49.00  sec  9.61 MBytes  80.6 Mbits/sec  7208  
[  9]  48.00-49.00  sec  9.61 MBytes  80.6 Mbits/sec  7208  
[ 11]  48.00-49.00  sec  9.61 MBytes  80.6 Mbits/sec  7208  
[ 13]  48.00-49.00  sec  9.61 MBytes  80.6 Mbits/sec  7208  
[ 15]  48.00-49.00  sec  9.61 MBytes  80.6 Mbits/sec  7208  
[ 17]  48.00-49.00  sec  9.61 MBytes  80.6 Mbits/sec  7208  
[ 19]  48.00-49.00  sec  9.61 MBytes  80.6 Mbits/sec  7208  
[ 21]  48.00-49.00  sec  9.61 MBytes  80.6 Mbits/sec  7208  
[ 23]  48.00-49.00  sec  9.61 MBytes  80.6 Mbits/sec  7208  
[ 25]  48.00-49.00  sec  9.61 MBytes  80.6 Mbits/sec  7208  
[ 27]  48.00-49.00  sec  9.61 MBytes  80.6 Mbits/sec  7208  
[ 29]  48.00-49.00  sec  9.61 MBytes  80.6 Mbits/sec  7208  
[ 31]  48.00-49.00  sec  9.61 MBytes  80.6 Mbits/sec  7208  
[ 33]  48.00-49.00  sec  9.61 MBytes  80.6 Mbits/sec  7208  
[ 35]  48.00-49.00  sec  9.61 MBytes  80.6 Mbits/sec  7208  
[ 37]  48.00-49.00  sec  9.61 MBytes  80.6 Mbits/sec  7208  
[ 39]  48.00-49.00  sec  9.61 MBytes  80.6 Mbits/sec  7208  
[ 41]  48.00-49.00  sec  9.61 MBytes  80.6 Mbits/sec  7208  
[ 43]  48.00-49.00  sec  9.61 MBytes  80.6 Mbits/sec  7208  
[SUM]  48.00-49.00  sec   192 MBytes  1612 Mbits/sec  144160  
- - - - - - - - - - - - - - - - - - - - - - - - -
[  5]  49.00-50.00  sec  9.58 MBytes  80.4 Mbits/sec  7187  
[  7]  49.00-50.00  sec  9.58 MBytes  80.4 Mbits/sec  7187  
[  9]  49.00-50.00  sec  9.58 MBytes  80.4 Mbits/sec  7187  
[ 11]  49.00-50.00  sec  9.58 MBytes  80.4 Mbits/sec  7187  
[ 13]  49.00-50.00  sec  9.58 MBytes  80.4 Mbits/sec  7187  
[ 15]  49.00-50.00  sec  9.58 MBytes  80.4 Mbits/sec  7187  
[ 17]  49.00-50.00  sec  9.58 MBytes  80.4 Mbits/sec  7187  
[ 19]  49.00-50.00  sec  9.58 MBytes  80.4 Mbits/sec  7187  
[ 21]  49.00-50.00  sec  9.58 MBytes  80.4 Mbits/sec  7187  
[ 23]  49.00-50.00  sec  9.58 MBytes  80.4 Mbits/sec  7187  
[ 25]  49.00-50.00  sec  9.58 MBytes  80.4 Mbits/sec  7187  
[ 27]  49.00-50.00  sec  9.58 MBytes  80.4 Mbits/sec  7187  
[ 29]  49.00-50.00  sec  9.58 MBytes  80.4 Mbits/sec  7187  
[ 31]  49.00-50.00  sec  9.58 MBytes  80.4 Mbits/sec  7187  
[ 33]  49.00-50.00  sec  9.58 MBytes  80.4 Mbits/sec  7187  
[ 35]  49.00-50.00  sec  9.58 MBytes  80.4 Mbits/sec  7187  
[ 37]  49.00-50.00  sec  9.58 MBytes  80.4 Mbits/sec  7187  
[ 39]  49.00-50.00  sec  9.58 MBytes  80.4 Mbits/sec  7187  
[ 41]  49.00-50.00  sec  9.58 MBytes  80.4 Mbits/sec  7187  
[ 43]  49.00-50.00  sec  9.58 MBytes  80.4 Mbits/sec  7187  
[SUM]  49.00-50.00  sec   192 MBytes  1608 Mbits/sec  143740  
- - - - - - - - - - - - - - - - - - - - - - - - -
[  5]  50.00-51.00  sec  9.49 MBytes  79.6 Mbits/sec  7116  
[  7]  50.00-51.00  sec  9.49 MBytes  79.6 Mbits/sec  7116  
[  9]  50.00-51.00  sec  9.49 MBytes  79.6 Mbits/sec  7116  
[ 11]  50.00-51.00  sec  9.49 MBytes  79.6 Mbits/sec  7116  
[ 13]  50.00-51.00  sec  9.49 MBytes  79.6 Mbits/sec  7116  
[ 15]  50.00-51.00  sec  9.49 MBytes  79.6 Mbits/sec  7116  
[ 17]  50.00-51.00  sec  9.49 MBytes  79.6 Mbits/sec  7116  
[ 19]  50.00-51.00  sec  9.49 MBytes  79.6 Mbits/sec  7116  
[ 21]  50.00-51.00  sec  9.49 MBytes  79.6 Mbits/sec  7116  
[ 23]  50.00-51.00  sec  9.49 MBytes  79.6 Mbits/sec  7116  
[ 25]  50.00-51.00  sec  9.49 MBytes  79.6 Mbits/sec  7116  
[ 27]  50.00-51.00  sec  9.49 MBytes  79.6 Mbits/sec  7116  
[ 29]  50.00-51.00  sec  9.49 MBytes  79.6 Mbits/sec  7116  
[ 31]  50.00-51.00  sec  9.49 MBytes  79.6 Mbits/sec  7116  
[ 33]  50.00-51.00  sec  9.49 MBytes  79.6 Mbits/sec  7116  
[ 35]  50.00-51.00  sec  9.49 MBytes  79.6 Mbits/sec  7116  
[ 37]  50.00-51.00  sec  9.49 MBytes  79.6 Mbits/sec  7116  
[ 39]  50.00-51.00  sec  9.49 MBytes  79.6 Mbits/sec  7116  
[ 41]  50.00-51.00  sec  9.49 MBytes  79.6 Mbits/sec  7116  
[ 43]  50.00-51.00  sec  9.49 MBytes  79.6 Mbits/sec  7116  
[SUM]  50.00-51.00  sec   190 MBytes  1592 Mbits/sec  142320  
- - - - - - - - - - - - - - - - - - - - - - - - -
[  5]  51.00-52.00  sec  9.71 MBytes  81.4 Mbits/sec  7280  
[  7]  51.00-52.00  sec  9.71 MBytes  81.4 Mbits/sec  7280  
[  9]  51.00-52.00  sec  9.71 MBytes  81.4 Mbits/sec  7280  
[ 11]  51.00-52.00  sec  9.71 MBytes  81.4 Mbits/sec  7280  
[ 13]  51.00-52.00  sec  9.71 MBytes  81.4 Mbits/sec  7280  
[ 15]  51.00-52.00  sec  9.71 MBytes  81.4 Mbits/sec  7280  
[ 17]  51.00-52.00  sec  9.71 MBytes  81.4 Mbits/sec  7280  
[ 19]  51.00-52.00  sec  9.71 MBytes  81.4 Mbits/sec  7280  
[ 21]  51.00-52.00  sec  9.71 MBytes  81.4 Mbits/sec  7280  
[ 23]  51.00-52.00  sec  9.71 MBytes  81.4 Mbits/sec  7280  
[ 25]  51.00-52.00  sec  9.71 MBytes  81.4 Mbits/sec  7280  
[ 27]  51.00-52.00  sec  9.71 MBytes  81.4 Mbits/sec  7280  
[ 29]  51.00-52.00  sec  9.71 MBytes  81.4 Mbits/sec  7280  
[ 31]  51.00-52.00  sec  9.71 MBytes  81.4 Mbits/sec  7280  
[ 33]  51.00-52.00  sec  9.71 MBytes  81.4 Mbits/sec  7280  
[ 35]  51.00-52.00  sec  9.71 MBytes  81.4 Mbits/sec  7280  
[ 37]  51.00-52.00  sec  9.71 MBytes  81.4 Mbits/sec  7280  
[ 39]  51.00-52.00  sec  9.71 MBytes  81.4 Mbits/sec  7280  
[ 41]  51.00-52.00  sec  9.71 MBytes  81.4 Mbits/sec  7280  
[ 43]  51.00-52.00  sec  9.71 MBytes  81.4 Mbits/sec  7280  
[SUM]  51.00-52.00  sec   194 MBytes  1628 Mbits/sec  145600  
- - - - - - - - - - - - - - - - - - - - - - - - -
[  5]  52.00-53.00  sec  9.44 MBytes  79.2 Mbits/sec  7082  
[  7]  52.00-53.00  sec  9.44 MBytes  79.2 Mbits/sec  7082  
[  9]  52.00-53.00  sec  9.44 MBytes  79.2 Mbits/sec  7082  
[ 11]  52.00-53.00  sec  9.44 MBytes  79.2 Mbits/sec  7082  
[ 13]  52.00-53.00  sec  9.44 MBytes  79.2 Mbits/sec  7082  
[ 15]  52.00-53.00  sec  9.44 MBytes  79.2 Mbits/sec  7082  
[ 17]  52.00-53.00  sec  9.44 MBytes  79.2 Mbits/sec  7082  
[ 19]  52.00-53.00  sec  9.44 MBytes  79.2 Mbits/sec  7082  
[ 21]  52.00-53.00  sec  9.44 MBytes  79.2 Mbits/sec  7082  
[ 23]  52.00-53.00  sec  9.44 MBytes  79.2 Mbits/sec  7082  
[ 25]  52.00-53.00  sec  9.44 MBytes  79.2 Mbits/sec  7082  
[ 27]  52.00-53.00  sec  9.44 MBytes  79.2 Mbits/sec  7082  
[ 29]  52.00-53.00  sec  9.44 MBytes  79.2 Mbits/sec  7082  
[ 31]  52.00-53.00  sec  9.44 MBytes  79.2 Mbits/sec  7082  
[ 33]  52.00-53.00  sec  9.44 MBytes  79.2 Mbits/sec  7082  
[ 35]  52.00-53.00  sec  9.44 MBytes  79.2 Mbits/sec  7082  
[ 37]  52.00-53.00  sec  9.44 MBytes  79.2 Mbits/sec  7082  
[ 39]  52.00-53.00  sec  9.44 MBytes  79.2 Mbits/sec  7082  
[ 41]  52.00-53.00  sec  9.44 MBytes  79.2 Mbits/sec  7082  
[ 43]  52.00-53.00  sec  9.44 MBytes  79.2 Mbits/sec  7082  
[SUM]  52.00-53.00  sec   189 MBytes  1584 Mbits/sec  141640  
- - - - - - - - - - - - - - - - - - - - - - - - -
[  5]  53.00-54.00  sec  9.62 MBytes  80.7 Mbits/sec  7219  
[  7]  53.00-54.00  sec  9.62 MBytes  80.7 Mbits/sec  7219  
[  9]  53.00-54.00  sec  9.62 MBytes  80.7 Mbits/sec  7219  
[ 11]  53.00-54.00  sec  9.62 MBytes  80.7 Mbits/sec  7219  
[ 13]  53.00-54.00  sec  9.62 MBytes  80.7 Mbits/sec  7219  
[ 15]  53.00-54.00  sec  9.62 MBytes  80.7 Mbits/sec  7219  
[ 17]  53.00-54.00  sec  9.62 MBytes  80.7 Mbits/sec  7219  
[ 19]  53.00-54.00  sec  9.62 MBytes  80.7 Mbits/sec  7219  
[ 21]  53.00-54.00  sec  9.62 MBytes  80.7 Mbits/sec  7219  
[ 23]  53.00-54.00  sec  9.62 MBytes  80.7 Mbits/sec  7219  
[ 25]  53.00-54.00  sec  9.62 MBytes  80.7 Mbits/sec  7219  
[ 27]  53.00-54.00  sec  9.62 MBytes  80.7 Mbits/sec  7219  
[ 29]  53.00-54.00  sec  9.62 MBytes  80.7 Mbits/sec  7219  
[ 31]  53.00-54.00  sec  9.62 MBytes  80.7 Mbits/sec  7219  
[ 33]  53.00-54.00  sec  9.62 MBytes  80.7 Mbits/sec  7219  
[ 35]  53.00-54.00  sec  9.62 MBytes  80.7 Mbits/sec  7219  
[ 37]  53.00-54.00  sec  9.62 MBytes  80.7 Mbits/sec  7219  
[ 39]  53.00-54.00  sec  9.62 MBytes  80.7 Mbits/sec  7219  
[ 41]  53.00-54.00  sec  9.62 MBytes  80.7 Mbits/sec  7219  
[ 43]  53.00-54.00  sec  9.62 MBytes  80.7 Mbits/sec  7219  
[SUM]  53.00-54.00  sec   192 MBytes  1615 Mbits/sec  144380  
- - - - - - - - - - - - - - - - - - - - - - - - -
[  5]  54.00-55.00  sec  9.62 MBytes  80.7 Mbits/sec  7212  
[  7]  54.00-55.00  sec  9.62 MBytes  80.7 Mbits/sec  7212  
[  9]  54.00-55.00  sec  9.62 MBytes  80.7 Mbits/sec  7212  
[ 11]  54.00-55.00  sec  9.62 MBytes  80.7 Mbits/sec  7212  
[ 13]  54.00-55.00  sec  9.62 MBytes  80.7 Mbits/sec  7212  
[ 15]  54.00-55.00  sec  9.62 MBytes  80.7 Mbits/sec  7212  
[ 17]  54.00-55.00  sec  9.62 MBytes  80.7 Mbits/sec  7212  
[ 19]  54.00-55.00  sec  9.62 MBytes  80.7 Mbits/sec  7212  
[ 21]  54.00-55.00  sec  9.62 MBytes  80.7 Mbits/sec  7212  
[ 23]  54.00-55.00  sec  9.62 MBytes  80.7 Mbits/sec  7212  
[ 25]  54.00-55.00  sec  9.62 MBytes  80.7 Mbits/sec  7212  
[ 27]  54.00-55.00  sec  9.62 MBytes  80.7 Mbits/sec  7212  
[ 29]  54.00-55.00  sec  9.62 MBytes  80.7 Mbits/sec  7212  
[ 31]  54.00-55.00  sec  9.62 MBytes  80.7 Mbits/sec  7212  
[ 33]  54.00-55.00  sec  9.62 MBytes  80.7 Mbits/sec  7212  
[ 35]  54.00-55.00  sec  9.62 MBytes  80.7 Mbits/sec  7212  
[ 37]  54.00-55.00  sec  9.62 MBytes  80.7 Mbits/sec  7212  
[ 39]  54.00-55.00  sec  9.62 MBytes  80.7 Mbits/sec  7212  
[ 41]  54.00-55.00  sec  9.62 MBytes  80.7 Mbits/sec  7212  
[ 43]  54.00-55.00  sec  9.62 MBytes  80.7 Mbits/sec  7212  
[SUM]  54.00-55.00  sec   192 MBytes  1613 Mbits/sec  144240  
- - - - - - - - - - - - - - - - - - - - - - - - -
[  5]  55.00-56.00  sec  9.56 MBytes  80.2 Mbits/sec  7169  
[  7]  55.00-56.00  sec  9.56 MBytes  80.2 Mbits/sec  7169  
[  9]  55.00-56.00  sec  9.56 MBytes  80.2 Mbits/sec  7169  
[ 11]  55.00-56.00  sec  9.56 MBytes  80.2 Mbits/sec  7169  
[ 13]  55.00-56.00  sec  9.56 MBytes  80.2 Mbits/sec  7169  
[ 15]  55.00-56.00  sec  9.56 MBytes  80.2 Mbits/sec  7169  
[ 17]  55.00-56.00  sec  9.56 MBytes  80.2 Mbits/sec  7169  
[ 19]  55.00-56.00  sec  9.56 MBytes  80.2 Mbits/sec  7169  
[ 21]  55.00-56.00  sec  9.56 MBytes  80.2 Mbits/sec  7169  
[ 23]  55.00-56.00  sec  9.56 MBytes  80.2 Mbits/sec  7169  
[ 25]  55.00-56.00  sec  9.56 MBytes  80.2 Mbits/sec  7169  
[ 27]  55.00-56.00  sec  9.56 MBytes  80.2 Mbits/sec  7169  
[ 29]  55.00-56.00  sec  9.56 MBytes  80.2 Mbits/sec  7169  
[ 31]  55.00-56.00  sec  9.56 MBytes  80.2 Mbits/sec  7169  
[ 33]  55.00-56.00  sec  9.56 MBytes  80.2 Mbits/sec  7169  
[ 35]  55.00-56.00  sec  9.56 MBytes  80.2 Mbits/sec  7169  
[ 37]  55.00-56.00  sec  9.56 MBytes  80.2 Mbits/sec  7169  
[ 39]  55.00-56.00  sec  9.56 MBytes  80.2 Mbits/sec  7169  
[ 41]  55.00-56.00  sec  9.56 MBytes  80.2 Mbits/sec  7169  
[ 43]  55.00-56.00  sec  9.56 MBytes  80.2 Mbits/sec  7169  
[SUM]  55.00-56.00  sec   191 MBytes  1604 Mbits/sec  143380  
- - - - - - - - - - - - - - - - - - - - - - - - -
[  5]  56.00-57.00  sec  9.65 MBytes  80.9 Mbits/sec  7236  
[  7]  56.00-57.00  sec  9.65 MBytes  80.9 Mbits/sec  7236  
[  9]  56.00-57.00  sec  9.65 MBytes  80.9 Mbits/sec  7236  
[ 11]  56.00-57.00  sec  9.65 MBytes  80.9 Mbits/sec  7236  
[ 13]  56.00-57.00  sec  9.65 MBytes  80.9 Mbits/sec  7236  
[ 15]  56.00-57.00  sec  9.65 MBytes  80.9 Mbits/sec  7236  
[ 17]  56.00-57.00  sec  9.65 MBytes  80.9 Mbits/sec  7236  
[ 19]  56.00-57.00  sec  9.65 MBytes  80.9 Mbits/sec  7236  
[ 21]  56.00-57.00  sec  9.65 MBytes  80.9 Mbits/sec  7236  
[ 23]  56.00-57.00  sec  9.65 MBytes  80.9 Mbits/sec  7236  
[ 25]  56.00-57.00  sec  9.65 MBytes  80.9 Mbits/sec  7236  
[ 27]  56.00-57.00  sec  9.65 MBytes  80.9 Mbits/sec  7236  
[ 29]  56.00-57.00  sec  9.65 MBytes  80.9 Mbits/sec  7236  
[ 31]  56.00-57.00  sec  9.65 MBytes  80.9 Mbits/sec  7236  
[ 33]  56.00-57.00  sec  9.65 MBytes  80.9 Mbits/sec  7236  
[ 35]  56.00-57.00  sec  9.65 MBytes  80.9 Mbits/sec  7236  
[ 37]  56.00-57.00  sec  9.65 MBytes  80.9 Mbits/sec  7236  
[ 39]  56.00-57.00  sec  9.65 MBytes  80.9 Mbits/sec  7236  
[ 41]  56.00-57.00  sec  9.65 MBytes  80.9 Mbits/sec  7236  
[ 43]  56.00-57.00  sec  9.65 MBytes  80.9 Mbits/sec  7236  
[SUM]  56.00-57.00  sec   193 MBytes  1619 Mbits/sec  144720  
- - - - - - - - - - - - - - - - - - - - - - - - -
[  5]  57.00-58.00  sec  9.48 MBytes  79.5 Mbits/sec  7110  
[  7]  57.00-58.00  sec  9.48 MBytes  79.5 Mbits/sec  7110  
[  9]  57.00-58.00  sec  9.48 MBytes  79.5 Mbits/sec  7110  
[ 11]  57.00-58.00  sec  9.48 MBytes  79.5 Mbits/sec  7110  
[ 13]  57.00-58.00  sec  9.48 MBytes  79.5 Mbits/sec  7110  
[ 15]  57.00-58.00  sec  9.48 MBytes  79.5 Mbits/sec  7110  
[ 17]  57.00-58.00  sec  9.48 MBytes  79.5 Mbits/sec  7110  
[ 19]  57.00-58.00  sec  9.48 MBytes  79.5 Mbits/sec  7110  
[ 21]  57.00-58.00  sec  9.48 MBytes  79.5 Mbits/sec  7110  
[ 23]  57.00-58.00  sec  9.48 MBytes  79.5 Mbits/sec  7110  
[ 25]  57.00-58.00  sec  9.48 MBytes  79.5 Mbits/sec  7110  
[ 27]  57.00-58.00  sec  9.48 MBytes  79.5 Mbits/sec  7110  
[ 29]  57.00-58.00  sec  9.48 MBytes  79.5 Mbits/sec  7110  
[ 31]  57.00-58.00  sec  9.48 MBytes  79.5 Mbits/sec  7110  
[ 33]  57.00-58.00  sec  9.48 MBytes  79.5 Mbits/sec  7110  
[ 35]  57.00-58.00  sec  9.48 MBytes  79.5 Mbits/sec  7110  
[ 37]  57.00-58.00  sec  9.48 MBytes  79.5 Mbits/sec  7110  
[ 39]  57.00-58.00  sec  9.48 MBytes  79.5 Mbits/sec  7110  
[ 41]  57.00-58.00  sec  9.48 MBytes  79.5 Mbits/sec  7110  
[ 43]  57.00-58.00  sec  9.48 MBytes  79.5 Mbits/sec  7110  
[SUM]  57.00-58.00  sec   190 MBytes  1590 Mbits/sec  142200  
- - - - - - - - - - - - - - - - - - - - - - - - -
[  5]  58.00-59.00  sec  9.52 MBytes  79.9 Mbits/sec  7143  
[  7]  58.00-59.00  sec  9.52 MBytes  79.9 Mbits/sec  7143  
[  9]  58.00-59.00  sec  9.52 MBytes  79.9 Mbits/sec  7143  
[ 11]  58.00-59.00  sec  9.52 MBytes  79.9 Mbits/sec  7143  
[ 13]  58.00-59.00  sec  9.52 MBytes  79.9 Mbits/sec  7143  
[ 15]  58.00-59.00  sec  9.52 MBytes  79.9 Mbits/sec  7143  
[ 17]  58.00-59.00  sec  9.52 MBytes  79.9 Mbits/sec  7143  
[ 19]  58.00-59.00  sec  9.52 MBytes  79.9 Mbits/sec  7143  
[ 21]  58.00-59.00  sec  9.52 MBytes  79.9 Mbits/sec  7143  
[ 23]  58.00-59.00  sec  9.52 MBytes  79.9 Mbits/sec  7143  
[ 25]  58.00-59.00  sec  9.52 MBytes  79.9 Mbits/sec  7143  
[ 27]  58.00-59.00  sec  9.52 MBytes  79.9 Mbits/sec  7143  
[ 29]  58.00-59.00  sec  9.52 MBytes  79.9 Mbits/sec  7143  
[ 31]  58.00-59.00  sec  9.52 MBytes  79.9 Mbits/sec  7143  
[ 33]  58.00-59.00  sec  9.52 MBytes  79.9 Mbits/sec  7143  
[ 35]  58.00-59.00  sec  9.52 MBytes  79.9 Mbits/sec  7143  
[ 37]  58.00-59.00  sec  9.52 MBytes  79.9 Mbits/sec  7143  
[ 39]  58.00-59.00  sec  9.52 MBytes  79.9 Mbits/sec  7143  
[ 41]  58.00-59.00  sec  9.52 MBytes  79.9 Mbits/sec  7143  
[ 43]  58.00-59.00  sec  9.52 MBytes  79.9 Mbits/sec  7143  
[SUM]  58.00-59.00  sec   190 MBytes  1598 Mbits/sec  142860  
- - - - - - - - - - - - - - - - - - - - - - - - -
[  5]  59.00-60.00  sec  9.58 MBytes  80.4 Mbits/sec  7189  
[  7]  59.00-60.00  sec  9.58 MBytes  80.4 Mbits/sec  7189  
[  9]  59.00-60.00  sec  9.58 MBytes  80.4 Mbits/sec  7189  
[ 11]  59.00-60.00  sec  9.58 MBytes  80.4 Mbits/sec  7189  
[ 13]  59.00-60.00  sec  9.58 MBytes  80.4 Mbits/sec  7189  
[ 15]  59.00-60.00  sec  9.58 MBytes  80.4 Mbits/sec  7189  
[ 17]  59.00-60.00  sec  9.58 MBytes  80.4 Mbits/sec  7189  
[ 19]  59.00-60.00  sec  9.58 MBytes  80.4 Mbits/sec  7189  
[ 21]  59.00-60.00  sec  9.58 MBytes  80.4 Mbits/sec  7189  
[ 23]  59.00-60.00  sec  9.58 MBytes  80.4 Mbits/sec  7189  
[ 25]  59.00-60.00  sec  9.58 MBytes  80.4 Mbits/sec  7189  
[ 27]  59.00-60.00  sec  9.58 MBytes  80.4 Mbits/sec  7189  
[ 29]  59.00-60.00  sec  9.58 MBytes  80.4 Mbits/sec  7189  
[ 31]  59.00-60.00  sec  9.58 MBytes  80.4 Mbits/sec  7189  
[ 33]  59.00-60.00  sec  9.58 MBytes  80.4 Mbits/sec  7189  
[ 35]  59.00-60.00  sec  9.58 MBytes  80.4 Mbits/sec  7189  
[ 37]  59.00-60.00  sec  9.58 MBytes  80.4 Mbits/sec  7189  
[ 39]  59.00-60.00  sec  9.58 MBytes  80.4 Mbits/sec  7189  
[ 41]  59.00-60.00  sec  9.58 MBytes  80.4 Mbits/sec  7189  
[ 43]  59.00-60.00  sec  9.58 MBytes  80.4 Mbits/sec  7189  
[SUM]  59.00-60.00  sec   192 MBytes  1608 Mbits/sec  143780  
- - - - - - - - - - - - - - - - - - - - - - - - -
[ ID] Interval           Transfer     Bitrate         Jitter    Lost/Total Datagrams
[  5]   0.00-60.00  sec   576 MBytes  80.5 Mbits/sec  0.000 ms  0/432065 (0%)  sender
[  5]   0.00-60.00  sec   576 MBytes  80.5 Mbits/sec  0.044 ms  0/432065 (0%)  receiver
[  7]   0.00-60.00  sec   576 MBytes  80.5 Mbits/sec  0.000 ms  0/432058 (0%)  sender
[  7]   0.00-60.00  sec   576 MBytes  80.5 Mbits/sec  0.105 ms  0/432058 (0%)  receiver
[  9]   0.00-60.00  sec   576 MBytes  80.5 Mbits/sec  0.000 ms  0/432054 (0%)  sender
[  9]   0.00-60.00  sec   576 MBytes  80.5 Mbits/sec  0.042 ms  0/432054 (0%)  receiver
[ 11]   0.00-60.00  sec   576 MBytes  80.5 Mbits/sec  0.000 ms  0/432048 (0%)  sender
[ 11]   0.00-60.00  sec   576 MBytes  80.5 Mbits/sec  0.030 ms  0/432048 (0%)  receiver
[ 13]   0.00-60.00  sec   576 MBytes  80.5 Mbits/sec  0.000 ms  0/432043 (0%)  sender
[ 13]   0.00-60.00  sec   576 MBytes  80.5 Mbits/sec  0.055 ms  0/432043 (0%)  receiver
[ 15]   0.00-60.00  sec   576 MBytes  80.5 Mbits/sec  0.000 ms  0/432037 (0%)  sender
[ 15]   0.00-60.00  sec   576 MBytes  80.5 Mbits/sec  0.044 ms  0/432037 (0%)  receiver
[ 17]   0.00-60.00  sec   576 MBytes  80.5 Mbits/sec  0.000 ms  0/432033 (0%)  sender
[ 17]   0.00-60.00  sec   576 MBytes  80.5 Mbits/sec  0.052 ms  0/432033 (0%)  receiver
[ 19]   0.00-60.00  sec   576 MBytes  80.5 Mbits/sec  0.000 ms  0/432029 (0%)  sender
[ 19]   0.00-60.00  sec   576 MBytes  80.5 Mbits/sec  0.053 ms  0/432029 (0%)  receiver
[ 21]   0.00-60.00  sec   576 MBytes  80.5 Mbits/sec  0.000 ms  0/432024 (0%)  sender
[ 21]   0.00-60.00  sec   576 MBytes  80.5 Mbits/sec  0.038 ms  0/432024 (0%)  receiver
[ 23]   0.00-60.00  sec   576 MBytes  80.5 Mbits/sec  0.000 ms  0/432019 (0%)  sender
[ 23]   0.00-60.00  sec   576 MBytes  80.5 Mbits/sec  0.053 ms  0/432019 (0%)  receiver
[ 25]   0.00-60.00  sec   576 MBytes  80.5 Mbits/sec  0.000 ms  0/432014 (0%)  sender
[ 25]   0.00-60.00  sec   576 MBytes  80.5 Mbits/sec  0.055 ms  0/432014 (0%)  receiver
[ 27]   0.00-60.00  sec   576 MBytes  80.5 Mbits/sec  0.000 ms  0/432013 (0%)  sender
[ 27]   0.00-60.00  sec   576 MBytes  80.5 Mbits/sec  0.062 ms  0/432013 (0%)  receiver
[ 29]   0.00-60.00  sec   576 MBytes  80.5 Mbits/sec  0.000 ms  0/432008 (0%)  sender
[ 29]   0.00-60.00  sec   576 MBytes  80.5 Mbits/sec  0.052 ms  0/432008 (0%)  receiver
[ 31]   0.00-60.00  sec   576 MBytes  80.5 Mbits/sec  0.000 ms  0/431999 (0%)  sender
[ 31]   0.00-60.00  sec   576 MBytes  80.5 Mbits/sec  0.042 ms  0/431999 (0%)  receiver
[ 33]   0.00-60.00  sec   576 MBytes  80.5 Mbits/sec  0.000 ms  0/431995 (0%)  sender
[ 33]   0.00-60.00  sec   576 MBytes  80.5 Mbits/sec  0.086 ms  0/431995 (0%)  receiver
[ 35]   0.00-60.00  sec   576 MBytes  80.5 Mbits/sec  0.000 ms  0/431990 (0%)  sender
[ 35]   0.00-60.00  sec   576 MBytes  80.5 Mbits/sec  0.047 ms  0/431990 (0%)  receiver
[ 37]   0.00-60.00  sec   576 MBytes  80.5 Mbits/sec  0.000 ms  0/431986 (0%)  sender
[ 37]   0.00-60.00  sec   576 MBytes  80.5 Mbits/sec  0.051 ms  0/431986 (0%)  receiver
[ 39]   0.00-60.00  sec   576 MBytes  80.5 Mbits/sec  0.000 ms  0/431983 (0%)  sender
[ 39]   0.00-60.00  sec   576 MBytes  80.5 Mbits/sec  0.048 ms  0/431983 (0%)  receiver
[ 41]   0.00-60.00  sec   576 MBytes  80.5 Mbits/sec  0.000 ms  0/431980 (0%)  sender
[ 41]   0.00-60.00  sec   576 MBytes  80.5 Mbits/sec  0.049 ms  0/431980 (0%)  receiver
[ 43]   0.00-60.00  sec   576 MBytes  80.5 Mbits/sec  0.000 ms  0/431975 (0%)  sender
[ 43]   0.00-60.00  sec   576 MBytes  80.5 Mbits/sec  0.039 ms  0/431975 (0%)  receiver
[SUM]   0.00-60.00  sec  11.2 GBytes  1611 Mbits/sec  0.000 ms  0/8640353 (0%)  sender
[SUM]   0.00-60.00  sec  11.2 GBytes  1610 Mbits/sec  0.052 ms  0/8640353 (0%)  receiver

iperf Done.
