Connecting to host 10.10.0.6, port 30000
[  5] local 10.244.1.5 port 44869 connected to 10.10.0.6 port 30000
[  7] local 10.244.1.5 port 52387 connected to 10.10.0.6 port 30000
[  9] local 10.244.1.5 port 52748 connected to 10.10.0.6 port 30000
[ 11] local 10.244.1.5 port 43786 connected to 10.10.0.6 port 30000
[ 13] local 10.244.1.5 port 55218 connected to 10.10.0.6 port 30000
[ 15] local 10.244.1.5 port 34383 connected to 10.10.0.6 port 30000
[ 17] local 10.244.1.5 port 47921 connected to 10.10.0.6 port 30000
[ 19] local 10.244.1.5 port 55315 connected to 10.10.0.6 port 30000
[ 21] local 10.244.1.5 port 47656 connected to 10.10.0.6 port 30000
[ 23] local 10.244.1.5 port 48034 connected to 10.10.0.6 port 30000
[ 25] local 10.244.1.5 port 51439 connected to 10.10.0.6 port 30000
[ 27] local 10.244.1.5 port 37137 connected to 10.10.0.6 port 30000
[ 29] local 10.244.1.5 port 49536 connected to 10.10.0.6 port 30000
[ 31] local 10.244.1.5 port 45513 connected to 10.10.0.6 port 30000
[ 33] local 10.244.1.5 port 45628 connected to 10.10.0.6 port 30000
[ 35] local 10.244.1.5 port 46916 connected to 10.10.0.6 port 30000
[ 37] local 10.244.1.5 port 39930 connected to 10.10.0.6 port 30000
[ 39] local 10.244.1.5 port 40005 connected to 10.10.0.6 port 30000
[ 41] local 10.244.1.5 port 52486 connected to 10.10.0.6 port 30000
[ 43] local 10.244.1.5 port 38512 connected to 10.10.0.6 port 30000
[ ID] Interval           Transfer     Bitrate         Total Datagrams
[  5]   0.00-1.00   sec  15.7 MBytes   132 Mbits/sec  11530  
[  7]   0.00-1.00   sec  15.7 MBytes   132 Mbits/sec  11523  
[  9]   0.00-1.00   sec  15.7 MBytes   132 Mbits/sec  11520  
[ 11]   0.00-1.00   sec  15.7 MBytes   132 Mbits/sec  11518  
[ 13]   0.00-1.00   sec  15.7 MBytes   131 Mbits/sec  11510  
[ 15]   0.00-1.00   sec  15.7 MBytes   131 Mbits/sec  11503  
[ 17]   0.00-1.00   sec  15.7 MBytes   131 Mbits/sec  11497  
[ 19]   0.00-1.00   sec  15.7 MBytes   131 Mbits/sec  11497  
[ 21]   0.00-1.00   sec  15.6 MBytes   131 Mbits/sec  11491  
[ 23]   0.00-1.00   sec  15.6 MBytes   131 Mbits/sec  11484  
[ 25]   0.00-1.00   sec  15.6 MBytes   131 Mbits/sec  11479  
[ 27]   0.00-1.00   sec  15.6 MBytes   131 Mbits/sec  11470  
[ 29]   0.00-1.00   sec  15.6 MBytes   131 Mbits/sec  11466  
[ 31]   0.00-1.00   sec  15.6 MBytes   131 Mbits/sec  11460  
[ 33]   0.00-1.00   sec  15.6 MBytes   131 Mbits/sec  11456  
[ 35]   0.00-1.00   sec  15.6 MBytes   131 Mbits/sec  11446  
[ 37]   0.00-1.00   sec  15.6 MBytes   131 Mbits/sec  11442  
[ 39]   0.00-1.00   sec  15.6 MBytes   131 Mbits/sec  11436  
[ 41]   0.00-1.00   sec  15.6 MBytes   131 Mbits/sec  11429  
[ 43]   0.00-1.00   sec  15.6 MBytes   130 Mbits/sec  11421  
[SUM]   0.00-1.00   sec   313 MBytes  2623 Mbits/sec  229578  
- - - - - - - - - - - - - - - - - - - - - - - - -
[  5]   1.00-2.00   sec  16.5 MBytes   138 Mbits/sec  12094  
[  7]   1.00-2.00   sec  16.5 MBytes   138 Mbits/sec  12088  
[  9]   1.00-2.00   sec  16.4 MBytes   138 Mbits/sec  12075  
[ 11]   1.00-2.00   sec  16.4 MBytes   138 Mbits/sec  12071  
[ 13]   1.00-2.00   sec  16.4 MBytes   138 Mbits/sec  12070  
[ 15]   1.00-2.00   sec  16.4 MBytes   138 Mbits/sec  12058  
[ 17]   1.00-2.00   sec  16.4 MBytes   138 Mbits/sec  12055  
[ 19]   1.00-2.00   sec  16.4 MBytes   138 Mbits/sec  12045  
[ 21]   1.00-2.00   sec  16.4 MBytes   138 Mbits/sec  12041  
[ 23]   1.00-2.00   sec  16.4 MBytes   137 Mbits/sec  12036  
[ 25]   1.00-2.00   sec  16.4 MBytes   137 Mbits/sec  12026  
[ 27]   1.00-2.00   sec  16.4 MBytes   137 Mbits/sec  12018  
[ 29]   1.00-2.00   sec  16.4 MBytes   137 Mbits/sec  12012  
[ 31]   1.00-2.00   sec  16.4 MBytes   137 Mbits/sec  12008  
[ 33]   1.00-2.00   sec  16.3 MBytes   137 Mbits/sec  12000  
[ 35]   1.00-2.00   sec  16.3 MBytes   137 Mbits/sec  11994  
[ 37]   1.00-2.00   sec  16.3 MBytes   137 Mbits/sec  11991  
[ 39]   1.00-2.00   sec  16.3 MBytes   137 Mbits/sec  11987  
[ 41]   1.00-2.00   sec  16.3 MBytes   137 Mbits/sec  11982  
[ 43]   1.00-2.00   sec  16.3 MBytes   137 Mbits/sec  11972  
[SUM]   1.00-2.00   sec   328 MBytes  2749 Mbits/sec  240623  
- - - - - - - - - - - - - - - - - - - - - - - - -
[  5]   2.00-3.00   sec  16.5 MBytes   138 Mbits/sec  12115  
[  7]   2.00-3.00   sec  16.5 MBytes   138 Mbits/sec  12105  
[  9]   2.00-3.00   sec  16.5 MBytes   138 Mbits/sec  12100  
[ 11]   2.00-3.00   sec  16.5 MBytes   138 Mbits/sec  12089  
[ 13]   2.00-3.00   sec  16.5 MBytes   138 Mbits/sec  12080  
[ 15]   2.00-3.00   sec  16.4 MBytes   138 Mbits/sec  12075  
[ 17]   2.00-3.00   sec  16.4 MBytes   138 Mbits/sec  12068  
[ 19]   2.00-3.00   sec  16.4 MBytes   138 Mbits/sec  12062  
[ 21]   2.00-3.00   sec  16.4 MBytes   138 Mbits/sec  12059  
[ 23]   2.00-3.00   sec  16.4 MBytes   138 Mbits/sec  12055  
[ 25]   2.00-3.00   sec  16.4 MBytes   138 Mbits/sec  12050  
[ 27]   2.00-3.00   sec  16.4 MBytes   138 Mbits/sec  12048  
[ 29]   2.00-3.00   sec  16.4 MBytes   138 Mbits/sec  12046  
[ 31]   2.00-3.00   sec  16.4 MBytes   138 Mbits/sec  12042  
[ 33]   2.00-3.00   sec  16.4 MBytes   137 Mbits/sec  12034  
[ 35]   2.00-3.00   sec  16.4 MBytes   137 Mbits/sec  12020  
[ 37]   2.00-3.00   sec  16.4 MBytes   137 Mbits/sec  12014  
[ 39]   2.00-3.00   sec  16.4 MBytes   137 Mbits/sec  12010  
[ 41]   2.00-3.00   sec  16.3 MBytes   137 Mbits/sec  12004  
[ 43]   2.00-3.00   sec  16.3 MBytes   137 Mbits/sec  11998  
[SUM]   2.00-3.00   sec   328 MBytes  2754 Mbits/sec  241074  
- - - - - - - - - - - - - - - - - - - - - - - - -
[  5]   3.00-4.00   sec  11.1 MBytes  93.1 Mbits/sec  8153  
[  7]   3.00-4.00   sec  11.1 MBytes  93.1 Mbits/sec  8149  
[  9]   3.00-4.00   sec  11.1 MBytes  93.1 Mbits/sec  8147  
[ 11]   3.00-4.00   sec  11.1 MBytes  93.1 Mbits/sec  8145  
[ 13]   3.00-4.00   sec  11.1 MBytes  93.0 Mbits/sec  8141  
[ 15]   3.00-4.00   sec  11.1 MBytes  93.0 Mbits/sec  8137  
[ 17]   3.00-4.00   sec  11.1 MBytes  92.9 Mbits/sec  8135  
[ 19]   3.00-4.00   sec  11.1 MBytes  92.9 Mbits/sec  8133  
[ 21]   3.00-4.00   sec  11.1 MBytes  92.9 Mbits/sec  8132  
[ 23]   3.00-4.00   sec  11.1 MBytes  92.9 Mbits/sec  8130  
[ 25]   3.00-4.00   sec  11.1 MBytes  92.9 Mbits/sec  8129  
[ 27]   3.00-4.00   sec  11.1 MBytes  92.8 Mbits/sec  8127  
[ 29]   3.00-4.00   sec  11.1 MBytes  92.8 Mbits/sec  8126  
[ 31]   3.00-4.00   sec  11.1 MBytes  92.8 Mbits/sec  8123  
[ 33]   3.00-4.00   sec  11.1 MBytes  92.8 Mbits/sec  8122  
[ 35]   3.00-4.00   sec  11.1 MBytes  92.8 Mbits/sec  8119  
[ 37]   3.00-4.00   sec  11.1 MBytes  92.7 Mbits/sec  8115  
[ 39]   3.00-4.00   sec  11.0 MBytes  92.7 Mbits/sec  8113  
[ 41]   3.00-4.00   sec  11.0 MBytes  92.7 Mbits/sec  8113  
[ 43]   3.00-4.00   sec  11.0 MBytes  92.7 Mbits/sec  8112  
[SUM]   3.00-4.00   sec   221 MBytes  1858 Mbits/sec  162601  
- - - - - - - - - - - - - - - - - - - - - - - - -
[  5]   4.00-5.00   sec  9.08 MBytes  76.2 Mbits/sec  6668  
[  7]   4.00-5.00   sec  9.08 MBytes  76.2 Mbits/sec  6668  
[  9]   4.00-5.00   sec  9.08 MBytes  76.2 Mbits/sec  6668  
[ 11]   4.00-5.00   sec  9.08 MBytes  76.2 Mbits/sec  6668  
[ 13]   4.00-5.00   sec  9.08 MBytes  76.2 Mbits/sec  6668  
[ 15]   4.00-5.00   sec  9.08 MBytes  76.2 Mbits/sec  6668  
[ 17]   4.00-5.00   sec  9.08 MBytes  76.2 Mbits/sec  6668  
[ 19]   4.00-5.00   sec  9.08 MBytes  76.2 Mbits/sec  6668  
[ 21]   4.00-5.00   sec  9.08 MBytes  76.2 Mbits/sec  6668  
[ 23]   4.00-5.00   sec  9.08 MBytes  76.2 Mbits/sec  6668  
[ 25]   4.00-5.00   sec  9.08 MBytes  76.2 Mbits/sec  6668  
[ 27]   4.00-5.00   sec  9.08 MBytes  76.2 Mbits/sec  6668  
[ 29]   4.00-5.00   sec  9.08 MBytes  76.2 Mbits/sec  6668  
[ 31]   4.00-5.00   sec  9.08 MBytes  76.2 Mbits/sec  6668  
[ 33]   4.00-5.00   sec  9.08 MBytes  76.2 Mbits/sec  6668  
[ 35]   4.00-5.00   sec  9.08 MBytes  76.2 Mbits/sec  6668  
[ 37]   4.00-5.00   sec  9.08 MBytes  76.2 Mbits/sec  6668  
[ 39]   4.00-5.00   sec  9.08 MBytes  76.2 Mbits/sec  6668  
[ 41]   4.00-5.00   sec  9.08 MBytes  76.2 Mbits/sec  6668  
[ 43]   4.00-5.00   sec  9.08 MBytes  76.2 Mbits/sec  6668  
[SUM]   4.00-5.00   sec   182 MBytes  1524 Mbits/sec  133360  
- - - - - - - - - - - - - - - - - - - - - - - - -
[  5]   5.00-6.00   sec  9.19 MBytes  77.1 Mbits/sec  6747  
[  7]   5.00-6.00   sec  9.19 MBytes  77.1 Mbits/sec  6747  
[  9]   5.00-6.00   sec  9.19 MBytes  77.1 Mbits/sec  6747  
[ 11]   5.00-6.00   sec  9.19 MBytes  77.1 Mbits/sec  6747  
[ 13]   5.00-6.00   sec  9.19 MBytes  77.1 Mbits/sec  6747  
[ 15]   5.00-6.00   sec  9.19 MBytes  77.1 Mbits/sec  6747  
[ 17]   5.00-6.00   sec  9.19 MBytes  77.1 Mbits/sec  6747  
[ 19]   5.00-6.00   sec  9.19 MBytes  77.1 Mbits/sec  6747  
[ 21]   5.00-6.00   sec  9.19 MBytes  77.1 Mbits/sec  6747  
[ 23]   5.00-6.00   sec  9.19 MBytes  77.1 Mbits/sec  6747  
[ 25]   5.00-6.00   sec  9.19 MBytes  77.1 Mbits/sec  6747  
[ 27]   5.00-6.00   sec  9.19 MBytes  77.1 Mbits/sec  6747  
[ 29]   5.00-6.00   sec  9.19 MBytes  77.1 Mbits/sec  6747  
[ 31]   5.00-6.00   sec  9.19 MBytes  77.1 Mbits/sec  6747  
[ 33]   5.00-6.00   sec  9.19 MBytes  77.1 Mbits/sec  6747  
[ 35]   5.00-6.00   sec  9.19 MBytes  77.1 Mbits/sec  6747  
[ 37]   5.00-6.00   sec  9.19 MBytes  77.1 Mbits/sec  6747  
[ 39]   5.00-6.00   sec  9.19 MBytes  77.1 Mbits/sec  6747  
[ 41]   5.00-6.00   sec  9.19 MBytes  77.1 Mbits/sec  6747  
[ 43]   5.00-6.00   sec  9.19 MBytes  77.1 Mbits/sec  6747  
[SUM]   5.00-6.00   sec   184 MBytes  1542 Mbits/sec  134940  
- - - - - - - - - - - - - - - - - - - - - - - - -
[  5]   6.00-7.00   sec  9.10 MBytes  76.3 Mbits/sec  6680  
[  7]   6.00-7.00   sec  9.10 MBytes  76.3 Mbits/sec  6680  
[  9]   6.00-7.00   sec  9.10 MBytes  76.3 Mbits/sec  6680  
[ 11]   6.00-7.00   sec  9.10 MBytes  76.3 Mbits/sec  6680  
[ 13]   6.00-7.00   sec  9.10 MBytes  76.3 Mbits/sec  6680  
[ 15]   6.00-7.00   sec  9.10 MBytes  76.3 Mbits/sec  6680  
[ 17]   6.00-7.00   sec  9.10 MBytes  76.3 Mbits/sec  6680  
[ 19]   6.00-7.00   sec  9.10 MBytes  76.3 Mbits/sec  6680  
[ 21]   6.00-7.00   sec  9.10 MBytes  76.3 Mbits/sec  6680  
[ 23]   6.00-7.00   sec  9.10 MBytes  76.3 Mbits/sec  6680  
[ 25]   6.00-7.00   sec  9.10 MBytes  76.3 Mbits/sec  6680  
[ 27]   6.00-7.00   sec  9.10 MBytes  76.3 Mbits/sec  6680  
[ 29]   6.00-7.00   sec  9.10 MBytes  76.3 Mbits/sec  6680  
[ 31]   6.00-7.00   sec  9.10 MBytes  76.3 Mbits/sec  6680  
[ 33]   6.00-7.00   sec  9.10 MBytes  76.3 Mbits/sec  6680  
[ 35]   6.00-7.00   sec  9.10 MBytes  76.3 Mbits/sec  6680  
[ 37]   6.00-7.00   sec  9.10 MBytes  76.3 Mbits/sec  6680  
[ 39]   6.00-7.00   sec  9.10 MBytes  76.3 Mbits/sec  6680  
[ 41]   6.00-7.00   sec  9.10 MBytes  76.3 Mbits/sec  6680  
[ 43]   6.00-7.00   sec  9.10 MBytes  76.3 Mbits/sec  6680  
[SUM]   6.00-7.00   sec   182 MBytes  1526 Mbits/sec  133600  
- - - - - - - - - - - - - - - - - - - - - - - - -
[  5]   7.00-8.00   sec  8.99 MBytes  75.4 Mbits/sec  6599  
[  7]   7.00-8.00   sec  8.99 MBytes  75.4 Mbits/sec  6599  
[  9]   7.00-8.00   sec  8.99 MBytes  75.4 Mbits/sec  6599  
[ 11]   7.00-8.00   sec  8.99 MBytes  75.4 Mbits/sec  6599  
[ 13]   7.00-8.00   sec  8.99 MBytes  75.4 Mbits/sec  6599  
[ 15]   7.00-8.00   sec  8.99 MBytes  75.4 Mbits/sec  6599  
[ 17]   7.00-8.00   sec  8.99 MBytes  75.4 Mbits/sec  6599  
[ 19]   7.00-8.00   sec  8.99 MBytes  75.4 Mbits/sec  6599  
[ 21]   7.00-8.00   sec  8.99 MBytes  75.4 Mbits/sec  6599  
[ 23]   7.00-8.00   sec  8.99 MBytes  75.4 Mbits/sec  6599  
[ 25]   7.00-8.00   sec  8.99 MBytes  75.4 Mbits/sec  6599  
[ 27]   7.00-8.00   sec  8.99 MBytes  75.4 Mbits/sec  6599  
[ 29]   7.00-8.00   sec  8.99 MBytes  75.4 Mbits/sec  6599  
[ 31]   7.00-8.00   sec  8.99 MBytes  75.4 Mbits/sec  6599  
[ 33]   7.00-8.00   sec  8.99 MBytes  75.4 Mbits/sec  6599  
[ 35]   7.00-8.00   sec  8.99 MBytes  75.4 Mbits/sec  6599  
[ 37]   7.00-8.00   sec  8.99 MBytes  75.4 Mbits/sec  6599  
[ 39]   7.00-8.00   sec  8.99 MBytes  75.4 Mbits/sec  6599  
[ 41]   7.00-8.00   sec  8.99 MBytes  75.4 Mbits/sec  6599  
[ 43]   7.00-8.00   sec  8.99 MBytes  75.4 Mbits/sec  6599  
[SUM]   7.00-8.00   sec   180 MBytes  1508 Mbits/sec  131980  
- - - - - - - - - - - - - - - - - - - - - - - - -
[  5]   8.00-9.00   sec  9.02 MBytes  75.6 Mbits/sec  6621  
[  7]   8.00-9.00   sec  9.02 MBytes  75.6 Mbits/sec  6621  
[  9]   8.00-9.00   sec  9.02 MBytes  75.6 Mbits/sec  6621  
[ 11]   8.00-9.00   sec  9.02 MBytes  75.6 Mbits/sec  6621  
[ 13]   8.00-9.00   sec  9.02 MBytes  75.6 Mbits/sec  6621  
[ 15]   8.00-9.00   sec  9.02 MBytes  75.6 Mbits/sec  6621  
[ 17]   8.00-9.00   sec  9.02 MBytes  75.6 Mbits/sec  6621  
[ 19]   8.00-9.00   sec  9.02 MBytes  75.6 Mbits/sec  6621  
[ 21]   8.00-9.00   sec  9.02 MBytes  75.6 Mbits/sec  6621  
[ 23]   8.00-9.00   sec  9.02 MBytes  75.6 Mbits/sec  6621  
[ 25]   8.00-9.00   sec  9.02 MBytes  75.6 Mbits/sec  6621  
[ 27]   8.00-9.00   sec  9.02 MBytes  75.6 Mbits/sec  6621  
[ 29]   8.00-9.00   sec  9.02 MBytes  75.6 Mbits/sec  6621  
[ 31]   8.00-9.00   sec  9.02 MBytes  75.6 Mbits/sec  6621  
[ 33]   8.00-9.00   sec  9.02 MBytes  75.6 Mbits/sec  6621  
[ 35]   8.00-9.00   sec  9.02 MBytes  75.6 Mbits/sec  6621  
[ 37]   8.00-9.00   sec  9.02 MBytes  75.6 Mbits/sec  6621  
[ 39]   8.00-9.00   sec  9.02 MBytes  75.6 Mbits/sec  6621  
[ 41]   8.00-9.00   sec  9.02 MBytes  75.6 Mbits/sec  6621  
[ 43]   8.00-9.00   sec  9.02 MBytes  75.6 Mbits/sec  6621  
[SUM]   8.00-9.00   sec   180 MBytes  1513 Mbits/sec  132420  
- - - - - - - - - - - - - - - - - - - - - - - - -
[  5]   9.00-10.00  sec  9.18 MBytes  77.0 Mbits/sec  6740  
[  7]   9.00-10.00  sec  9.18 MBytes  77.0 Mbits/sec  6740  
[  9]   9.00-10.00  sec  9.18 MBytes  77.0 Mbits/sec  6740  
[ 11]   9.00-10.00  sec  9.18 MBytes  77.0 Mbits/sec  6740  
[ 13]   9.00-10.00  sec  9.18 MBytes  77.0 Mbits/sec  6740  
[ 15]   9.00-10.00  sec  9.18 MBytes  77.0 Mbits/sec  6740  
[ 17]   9.00-10.00  sec  9.18 MBytes  77.0 Mbits/sec  6740  
[ 19]   9.00-10.00  sec  9.18 MBytes  77.0 Mbits/sec  6740  
[ 21]   9.00-10.00  sec  9.18 MBytes  77.0 Mbits/sec  6740  
[ 23]   9.00-10.00  sec  9.18 MBytes  77.0 Mbits/sec  6740  
[ 25]   9.00-10.00  sec  9.18 MBytes  77.0 Mbits/sec  6740  
[ 27]   9.00-10.00  sec  9.18 MBytes  77.0 Mbits/sec  6740  
[ 29]   9.00-10.00  sec  9.18 MBytes  77.0 Mbits/sec  6740  
[ 31]   9.00-10.00  sec  9.18 MBytes  77.0 Mbits/sec  6740  
[ 33]   9.00-10.00  sec  9.18 MBytes  77.0 Mbits/sec  6740  
[ 35]   9.00-10.00  sec  9.18 MBytes  77.0 Mbits/sec  6740  
[ 37]   9.00-10.00  sec  9.18 MBytes  77.0 Mbits/sec  6740  
[ 39]   9.00-10.00  sec  9.18 MBytes  77.0 Mbits/sec  6740  
[ 41]   9.00-10.00  sec  9.18 MBytes  77.0 Mbits/sec  6740  
[ 43]   9.00-10.00  sec  9.18 MBytes  77.0 Mbits/sec  6740  
[SUM]   9.00-10.00  sec   184 MBytes  1540 Mbits/sec  134800  
- - - - - - - - - - - - - - - - - - - - - - - - -
[  5]  10.00-11.00  sec  9.11 MBytes  76.4 Mbits/sec  6687  
[  7]  10.00-11.00  sec  9.11 MBytes  76.4 Mbits/sec  6687  
[  9]  10.00-11.00  sec  9.11 MBytes  76.4 Mbits/sec  6687  
[ 11]  10.00-11.00  sec  9.11 MBytes  76.4 Mbits/sec  6687  
[ 13]  10.00-11.00  sec  9.11 MBytes  76.4 Mbits/sec  6687  
[ 15]  10.00-11.00  sec  9.11 MBytes  76.4 Mbits/sec  6687  
[ 17]  10.00-11.00  sec  9.11 MBytes  76.4 Mbits/sec  6687  
[ 19]  10.00-11.00  sec  9.11 MBytes  76.4 Mbits/sec  6687  
[ 21]  10.00-11.00  sec  9.11 MBytes  76.4 Mbits/sec  6687  
[ 23]  10.00-11.00  sec  9.11 MBytes  76.4 Mbits/sec  6687  
[ 25]  10.00-11.00  sec  9.11 MBytes  76.4 Mbits/sec  6687  
[ 27]  10.00-11.00  sec  9.11 MBytes  76.4 Mbits/sec  6687  
[ 29]  10.00-11.00  sec  9.11 MBytes  76.4 Mbits/sec  6687  
[ 31]  10.00-11.00  sec  9.11 MBytes  76.4 Mbits/sec  6687  
[ 33]  10.00-11.00  sec  9.11 MBytes  76.4 Mbits/sec  6687  
[ 35]  10.00-11.00  sec  9.11 MBytes  76.4 Mbits/sec  6687  
[ 37]  10.00-11.00  sec  9.11 MBytes  76.4 Mbits/sec  6687  
[ 39]  10.00-11.00  sec  9.11 MBytes  76.4 Mbits/sec  6687  
[ 41]  10.00-11.00  sec  9.11 MBytes  76.4 Mbits/sec  6687  
[ 43]  10.00-11.00  sec  9.11 MBytes  76.4 Mbits/sec  6687  
[SUM]  10.00-11.00  sec   182 MBytes  1528 Mbits/sec  133740  
- - - - - - - - - - - - - - - - - - - - - - - - -
[  5]  11.00-12.00  sec  9.14 MBytes  76.7 Mbits/sec  6710  
[  7]  11.00-12.00  sec  9.14 MBytes  76.7 Mbits/sec  6710  
[  9]  11.00-12.00  sec  9.14 MBytes  76.7 Mbits/sec  6710  
[ 11]  11.00-12.00  sec  9.14 MBytes  76.7 Mbits/sec  6710  
[ 13]  11.00-12.00  sec  9.14 MBytes  76.7 Mbits/sec  6710  
[ 15]  11.00-12.00  sec  9.14 MBytes  76.7 Mbits/sec  6710  
[ 17]  11.00-12.00  sec  9.14 MBytes  76.7 Mbits/sec  6710  
[ 19]  11.00-12.00  sec  9.14 MBytes  76.7 Mbits/sec  6710  
[ 21]  11.00-12.00  sec  9.14 MBytes  76.7 Mbits/sec  6710  
[ 23]  11.00-12.00  sec  9.14 MBytes  76.7 Mbits/sec  6710  
[ 25]  11.00-12.00  sec  9.14 MBytes  76.7 Mbits/sec  6710  
[ 27]  11.00-12.00  sec  9.14 MBytes  76.7 Mbits/sec  6710  
[ 29]  11.00-12.00  sec  9.14 MBytes  76.7 Mbits/sec  6710  
[ 31]  11.00-12.00  sec  9.14 MBytes  76.7 Mbits/sec  6710  
[ 33]  11.00-12.00  sec  9.14 MBytes  76.7 Mbits/sec  6710  
[ 35]  11.00-12.00  sec  9.14 MBytes  76.7 Mbits/sec  6710  
[ 37]  11.00-12.00  sec  9.14 MBytes  76.7 Mbits/sec  6710  
[ 39]  11.00-12.00  sec  9.14 MBytes  76.7 Mbits/sec  6710  
[ 41]  11.00-12.00  sec  9.14 MBytes  76.7 Mbits/sec  6710  
[ 43]  11.00-12.00  sec  9.14 MBytes  76.7 Mbits/sec  6710  
[SUM]  11.00-12.00  sec   183 MBytes  1533 Mbits/sec  134200  
- - - - - - - - - - - - - - - - - - - - - - - - -
[  5]  12.00-13.00  sec  9.01 MBytes  75.6 Mbits/sec  6618  
[  7]  12.00-13.00  sec  9.01 MBytes  75.6 Mbits/sec  6618  
[  9]  12.00-13.00  sec  9.01 MBytes  75.6 Mbits/sec  6618  
[ 11]  12.00-13.00  sec  9.01 MBytes  75.6 Mbits/sec  6618  
[ 13]  12.00-13.00  sec  9.01 MBytes  75.6 Mbits/sec  6618  
[ 15]  12.00-13.00  sec  9.01 MBytes  75.6 Mbits/sec  6618  
[ 17]  12.00-13.00  sec  9.01 MBytes  75.6 Mbits/sec  6618  
[ 19]  12.00-13.00  sec  9.01 MBytes  75.6 Mbits/sec  6618  
[ 21]  12.00-13.00  sec  9.01 MBytes  75.6 Mbits/sec  6618  
[ 23]  12.00-13.00  sec  9.01 MBytes  75.6 Mbits/sec  6618  
[ 25]  12.00-13.00  sec  9.01 MBytes  75.6 Mbits/sec  6618  
[ 27]  12.00-13.00  sec  9.01 MBytes  75.6 Mbits/sec  6618  
[ 29]  12.00-13.00  sec  9.01 MBytes  75.6 Mbits/sec  6618  
[ 31]  12.00-13.00  sec  9.01 MBytes  75.6 Mbits/sec  6618  
[ 33]  12.00-13.00  sec  9.01 MBytes  75.6 Mbits/sec  6618  
[ 35]  12.00-13.00  sec  9.01 MBytes  75.6 Mbits/sec  6618  
[ 37]  12.00-13.00  sec  9.01 MBytes  75.6 Mbits/sec  6618  
[ 39]  12.00-13.00  sec  9.01 MBytes  75.6 Mbits/sec  6618  
[ 41]  12.00-13.00  sec  9.01 MBytes  75.6 Mbits/sec  6618  
[ 43]  12.00-13.00  sec  9.01 MBytes  75.6 Mbits/sec  6618  
[SUM]  12.00-13.00  sec   180 MBytes  1512 Mbits/sec  132360  
- - - - - - - - - - - - - - - - - - - - - - - - -
[  5]  13.00-14.00  sec  9.15 MBytes  76.7 Mbits/sec  6716  
[  7]  13.00-14.00  sec  9.15 MBytes  76.7 Mbits/sec  6716  
[  9]  13.00-14.00  sec  9.15 MBytes  76.7 Mbits/sec  6716  
[ 11]  13.00-14.00  sec  9.15 MBytes  76.7 Mbits/sec  6716  
[ 13]  13.00-14.00  sec  9.15 MBytes  76.7 Mbits/sec  6716  
[ 15]  13.00-14.00  sec  9.15 MBytes  76.7 Mbits/sec  6716  
[ 17]  13.00-14.00  sec  9.15 MBytes  76.7 Mbits/sec  6716  
[ 19]  13.00-14.00  sec  9.15 MBytes  76.7 Mbits/sec  6716  
[ 21]  13.00-14.00  sec  9.15 MBytes  76.7 Mbits/sec  6716  
[ 23]  13.00-14.00  sec  9.15 MBytes  76.7 Mbits/sec  6716  
[ 25]  13.00-14.00  sec  9.15 MBytes  76.7 Mbits/sec  6716  
[ 27]  13.00-14.00  sec  9.15 MBytes  76.7 Mbits/sec  6716  
[ 29]  13.00-14.00  sec  9.15 MBytes  76.7 Mbits/sec  6716  
[ 31]  13.00-14.00  sec  9.15 MBytes  76.7 Mbits/sec  6716  
[ 33]  13.00-14.00  sec  9.15 MBytes  76.7 Mbits/sec  6716  
[ 35]  13.00-14.00  sec  9.15 MBytes  76.7 Mbits/sec  6716  
[ 37]  13.00-14.00  sec  9.15 MBytes  76.7 Mbits/sec  6716  
[ 39]  13.00-14.00  sec  9.15 MBytes  76.7 Mbits/sec  6716  
[ 41]  13.00-14.00  sec  9.15 MBytes  76.7 Mbits/sec  6716  
[ 43]  13.00-14.00  sec  9.15 MBytes  76.7 Mbits/sec  6716  
[SUM]  13.00-14.00  sec   183 MBytes  1535 Mbits/sec  134320  
- - - - - - - - - - - - - - - - - - - - - - - - -
[  5]  14.00-15.00  sec  9.05 MBytes  76.0 Mbits/sec  6649  
[  7]  14.00-15.00  sec  9.05 MBytes  76.0 Mbits/sec  6649  
[  9]  14.00-15.00  sec  9.05 MBytes  76.0 Mbits/sec  6649  
[ 11]  14.00-15.00  sec  9.05 MBytes  76.0 Mbits/sec  6649  
[ 13]  14.00-15.00  sec  9.05 MBytes  76.0 Mbits/sec  6649  
[ 15]  14.00-15.00  sec  9.05 MBytes  76.0 Mbits/sec  6649  
[ 17]  14.00-15.00  sec  9.05 MBytes  76.0 Mbits/sec  6649  
[ 19]  14.00-15.00  sec  9.05 MBytes  75.9 Mbits/sec  6649  
[ 21]  14.00-15.00  sec  9.05 MBytes  75.9 Mbits/sec  6649  
[ 23]  14.00-15.00  sec  9.05 MBytes  76.0 Mbits/sec  6649  
[ 25]  14.00-15.00  sec  9.05 MBytes  76.0 Mbits/sec  6649  
[ 27]  14.00-15.00  sec  9.05 MBytes  76.0 Mbits/sec  6649  
[ 29]  14.00-15.00  sec  9.05 MBytes  76.0 Mbits/sec  6649  
[ 31]  14.00-15.00  sec  9.05 MBytes  76.0 Mbits/sec  6649  
[ 33]  14.00-15.00  sec  9.05 MBytes  76.0 Mbits/sec  6649  
[ 35]  14.00-15.00  sec  9.05 MBytes  76.0 Mbits/sec  6649  
[ 37]  14.00-15.00  sec  9.05 MBytes  76.0 Mbits/sec  6649  
[ 39]  14.00-15.00  sec  9.05 MBytes  76.0 Mbits/sec  6649  
[ 41]  14.00-15.00  sec  9.05 MBytes  76.0 Mbits/sec  6649  
[ 43]  14.00-15.00  sec  9.05 MBytes  76.0 Mbits/sec  6649  
[SUM]  14.00-15.00  sec   181 MBytes  1519 Mbits/sec  132980  
- - - - - - - - - - - - - - - - - - - - - - - - -
[  5]  15.00-16.00  sec  9.17 MBytes  76.9 Mbits/sec  6730  
[  7]  15.00-16.00  sec  9.17 MBytes  76.9 Mbits/sec  6730  
[  9]  15.00-16.00  sec  9.17 MBytes  76.9 Mbits/sec  6730  
[ 11]  15.00-16.00  sec  9.17 MBytes  76.9 Mbits/sec  6730  
[ 13]  15.00-16.00  sec  9.17 MBytes  76.9 Mbits/sec  6730  
[ 15]  15.00-16.00  sec  9.17 MBytes  76.9 Mbits/sec  6730  
[ 17]  15.00-16.00  sec  9.17 MBytes  76.9 Mbits/sec  6730  
[ 19]  15.00-16.00  sec  9.17 MBytes  76.9 Mbits/sec  6730  
[ 21]  15.00-16.00  sec  9.17 MBytes  76.9 Mbits/sec  6730  
[ 23]  15.00-16.00  sec  9.17 MBytes  76.9 Mbits/sec  6730  
[ 25]  15.00-16.00  sec  9.17 MBytes  76.9 Mbits/sec  6730  
[ 27]  15.00-16.00  sec  9.17 MBytes  76.9 Mbits/sec  6730  
[ 29]  15.00-16.00  sec  9.17 MBytes  76.9 Mbits/sec  6730  
[ 31]  15.00-16.00  sec  9.17 MBytes  76.9 Mbits/sec  6730  
[ 33]  15.00-16.00  sec  9.17 MBytes  76.9 Mbits/sec  6730  
[ 35]  15.00-16.00  sec  9.17 MBytes  76.9 Mbits/sec  6730  
[ 37]  15.00-16.00  sec  9.17 MBytes  76.9 Mbits/sec  6730  
[ 39]  15.00-16.00  sec  9.17 MBytes  76.9 Mbits/sec  6730  
[ 41]  15.00-16.00  sec  9.17 MBytes  76.9 Mbits/sec  6730  
[ 43]  15.00-16.00  sec  9.17 MBytes  76.9 Mbits/sec  6730  
[SUM]  15.00-16.00  sec   183 MBytes  1538 Mbits/sec  134600  
- - - - - - - - - - - - - - - - - - - - - - - - -
[  5]  16.00-17.00  sec  8.91 MBytes  74.8 Mbits/sec  6545  
[  7]  16.00-17.00  sec  8.91 MBytes  74.8 Mbits/sec  6545  
[  9]  16.00-17.00  sec  8.91 MBytes  74.8 Mbits/sec  6545  
[ 11]  16.00-17.00  sec  8.91 MBytes  74.8 Mbits/sec  6545  
[ 13]  16.00-17.00  sec  8.91 MBytes  74.8 Mbits/sec  6545  
[ 15]  16.00-17.00  sec  8.91 MBytes  74.8 Mbits/sec  6545  
[ 17]  16.00-17.00  sec  8.91 MBytes  74.8 Mbits/sec  6545  
[ 19]  16.00-17.00  sec  8.91 MBytes  74.8 Mbits/sec  6545  
[ 21]  16.00-17.00  sec  8.91 MBytes  74.8 Mbits/sec  6545  
[ 23]  16.00-17.00  sec  8.91 MBytes  74.8 Mbits/sec  6545  
[ 25]  16.00-17.00  sec  8.91 MBytes  74.8 Mbits/sec  6545  
[ 27]  16.00-17.00  sec  8.91 MBytes  74.8 Mbits/sec  6545  
[ 29]  16.00-17.00  sec  8.91 MBytes  74.8 Mbits/sec  6545  
[ 31]  16.00-17.00  sec  8.91 MBytes  74.8 Mbits/sec  6545  
[ 33]  16.00-17.00  sec  8.91 MBytes  74.8 Mbits/sec  6545  
[ 35]  16.00-17.00  sec  8.91 MBytes  74.8 Mbits/sec  6545  
[ 37]  16.00-17.00  sec  8.91 MBytes  74.8 Mbits/sec  6545  
[ 39]  16.00-17.00  sec  8.91 MBytes  74.8 Mbits/sec  6545  
[ 41]  16.00-17.00  sec  8.91 MBytes  74.8 Mbits/sec  6545  
[ 43]  16.00-17.00  sec  8.91 MBytes  74.8 Mbits/sec  6545  
[SUM]  16.00-17.00  sec   178 MBytes  1495 Mbits/sec  130900  
- - - - - - - - - - - - - - - - - - - - - - - - -
[  5]  17.00-18.00  sec  9.24 MBytes  77.5 Mbits/sec  6784  
[  7]  17.00-18.00  sec  9.24 MBytes  77.5 Mbits/sec  6784  
[  9]  17.00-18.00  sec  9.24 MBytes  77.5 Mbits/sec  6784  
[ 11]  17.00-18.00  sec  9.24 MBytes  77.5 Mbits/sec  6784  
[ 13]  17.00-18.00  sec  9.24 MBytes  77.5 Mbits/sec  6784  
[ 15]  17.00-18.00  sec  9.24 MBytes  77.5 Mbits/sec  6784  
[ 17]  17.00-18.00  sec  9.24 MBytes  77.5 Mbits/sec  6784  
[ 19]  17.00-18.00  sec  9.24 MBytes  77.5 Mbits/sec  6784  
[ 21]  17.00-18.00  sec  9.24 MBytes  77.5 Mbits/sec  6784  
[ 23]  17.00-18.00  sec  9.24 MBytes  77.5 Mbits/sec  6784  
[ 25]  17.00-18.00  sec  9.24 MBytes  77.5 Mbits/sec  6784  
[ 27]  17.00-18.00  sec  9.24 MBytes  77.5 Mbits/sec  6784  
[ 29]  17.00-18.00  sec  9.24 MBytes  77.5 Mbits/sec  6784  
[ 31]  17.00-18.00  sec  9.24 MBytes  77.5 Mbits/sec  6784  
[ 33]  17.00-18.00  sec  9.24 MBytes  77.5 Mbits/sec  6784  
[ 35]  17.00-18.00  sec  9.24 MBytes  77.5 Mbits/sec  6784  
[ 37]  17.00-18.00  sec  9.24 MBytes  77.5 Mbits/sec  6784  
[ 39]  17.00-18.00  sec  9.24 MBytes  77.5 Mbits/sec  6784  
[ 41]  17.00-18.00  sec  9.24 MBytes  77.5 Mbits/sec  6784  
[ 43]  17.00-18.00  sec  9.24 MBytes  77.5 Mbits/sec  6784  
[SUM]  17.00-18.00  sec   185 MBytes  1550 Mbits/sec  135680  
- - - - - - - - - - - - - - - - - - - - - - - - -
[  5]  18.00-19.00  sec  9.15 MBytes  76.7 Mbits/sec  6716  
[  7]  18.00-19.00  sec  9.15 MBytes  76.7 Mbits/sec  6716  
[  9]  18.00-19.00  sec  9.15 MBytes  76.7 Mbits/sec  6716  
[ 11]  18.00-19.00  sec  9.15 MBytes  76.7 Mbits/sec  6716  
[ 13]  18.00-19.00  sec  9.15 MBytes  76.7 Mbits/sec  6716  
[ 15]  18.00-19.00  sec  9.15 MBytes  76.7 Mbits/sec  6716  
[ 17]  18.00-19.00  sec  9.15 MBytes  76.7 Mbits/sec  6716  
[ 19]  18.00-19.00  sec  9.15 MBytes  76.7 Mbits/sec  6716  
[ 21]  18.00-19.00  sec  9.15 MBytes  76.7 Mbits/sec  6716  
[ 23]  18.00-19.00  sec  9.15 MBytes  76.7 Mbits/sec  6716  
[ 25]  18.00-19.00  sec  9.15 MBytes  76.7 Mbits/sec  6716  
[ 27]  18.00-19.00  sec  9.15 MBytes  76.7 Mbits/sec  6716  
[ 29]  18.00-19.00  sec  9.15 MBytes  76.7 Mbits/sec  6716  
[ 31]  18.00-19.00  sec  9.15 MBytes  76.7 Mbits/sec  6716  
[ 33]  18.00-19.00  sec  9.15 MBytes  76.7 Mbits/sec  6716  
[ 35]  18.00-19.00  sec  9.15 MBytes  76.7 Mbits/sec  6716  
[ 37]  18.00-19.00  sec  9.15 MBytes  76.7 Mbits/sec  6716  
[ 39]  18.00-19.00  sec  9.15 MBytes  76.7 Mbits/sec  6716  
[ 41]  18.00-19.00  sec  9.15 MBytes  76.7 Mbits/sec  6716  
[ 43]  18.00-19.00  sec  9.15 MBytes  76.7 Mbits/sec  6716  
[SUM]  18.00-19.00  sec   183 MBytes  1534 Mbits/sec  134320  
- - - - - - - - - - - - - - - - - - - - - - - - -
[  5]  19.00-20.00  sec  9.10 MBytes  76.3 Mbits/sec  6683  
[  7]  19.00-20.00  sec  9.10 MBytes  76.3 Mbits/sec  6683  
[  9]  19.00-20.00  sec  9.10 MBytes  76.3 Mbits/sec  6683  
[ 11]  19.00-20.00  sec  9.10 MBytes  76.3 Mbits/sec  6683  
[ 13]  19.00-20.00  sec  9.10 MBytes  76.3 Mbits/sec  6683  
[ 15]  19.00-20.00  sec  9.10 MBytes  76.3 Mbits/sec  6683  
[ 17]  19.00-20.00  sec  9.10 MBytes  76.3 Mbits/sec  6683  
[ 19]  19.00-20.00  sec  9.10 MBytes  76.3 Mbits/sec  6683  
[ 21]  19.00-20.00  sec  9.10 MBytes  76.3 Mbits/sec  6683  
[ 23]  19.00-20.00  sec  9.10 MBytes  76.3 Mbits/sec  6683  
[ 25]  19.00-20.00  sec  9.10 MBytes  76.3 Mbits/sec  6683  
[ 27]  19.00-20.00  sec  9.10 MBytes  76.3 Mbits/sec  6683  
[ 29]  19.00-20.00  sec  9.10 MBytes  76.3 Mbits/sec  6683  
[ 31]  19.00-20.00  sec  9.10 MBytes  76.3 Mbits/sec  6683  
[ 33]  19.00-20.00  sec  9.10 MBytes  76.3 Mbits/sec  6683  
[ 35]  19.00-20.00  sec  9.10 MBytes  76.3 Mbits/sec  6683  
[ 37]  19.00-20.00  sec  9.10 MBytes  76.3 Mbits/sec  6683  
[ 39]  19.00-20.00  sec  9.10 MBytes  76.3 Mbits/sec  6683  
[ 41]  19.00-20.00  sec  9.10 MBytes  76.3 Mbits/sec  6683  
[ 43]  19.00-20.00  sec  9.10 MBytes  76.3 Mbits/sec  6683  
[SUM]  19.00-20.00  sec   182 MBytes  1527 Mbits/sec  133660  
- - - - - - - - - - - - - - - - - - - - - - - - -
[  5]  20.00-21.00  sec  8.94 MBytes  75.0 Mbits/sec  6566  
[  7]  20.00-21.00  sec  8.94 MBytes  75.0 Mbits/sec  6566  
[  9]  20.00-21.00  sec  8.94 MBytes  75.0 Mbits/sec  6566  
[ 11]  20.00-21.00  sec  8.94 MBytes  75.0 Mbits/sec  6566  
[ 13]  20.00-21.00  sec  8.94 MBytes  75.0 Mbits/sec  6566  
[ 15]  20.00-21.00  sec  8.94 MBytes  75.0 Mbits/sec  6566  
[ 17]  20.00-21.00  sec  8.94 MBytes  75.0 Mbits/sec  6566  
[ 19]  20.00-21.00  sec  8.94 MBytes  75.0 Mbits/sec  6566  
[ 21]  20.00-21.00  sec  8.94 MBytes  75.0 Mbits/sec  6566  
[ 23]  20.00-21.00  sec  8.94 MBytes  75.0 Mbits/sec  6566  
[ 25]  20.00-21.00  sec  8.94 MBytes  75.0 Mbits/sec  6566  
[ 27]  20.00-21.00  sec  8.94 MBytes  75.0 Mbits/sec  6566  
[ 29]  20.00-21.00  sec  8.94 MBytes  75.0 Mbits/sec  6566  
[ 31]  20.00-21.00  sec  8.94 MBytes  75.0 Mbits/sec  6566  
[ 33]  20.00-21.00  sec  8.94 MBytes  75.0 Mbits/sec  6566  
[ 35]  20.00-21.00  sec  8.94 MBytes  75.0 Mbits/sec  6566  
[ 37]  20.00-21.00  sec  8.94 MBytes  75.0 Mbits/sec  6566  
[ 39]  20.00-21.00  sec  8.94 MBytes  75.0 Mbits/sec  6566  
[ 41]  20.00-21.00  sec  8.94 MBytes  75.0 Mbits/sec  6566  
[ 43]  20.00-21.00  sec  8.94 MBytes  75.0 Mbits/sec  6566  
[SUM]  20.00-21.00  sec   179 MBytes  1500 Mbits/sec  131320  
- - - - - - - - - - - - - - - - - - - - - - - - -
[  5]  21.00-22.00  sec  8.95 MBytes  75.1 Mbits/sec  6573  
[  7]  21.00-22.00  sec  8.95 MBytes  75.1 Mbits/sec  6573  
[  9]  21.00-22.00  sec  8.95 MBytes  75.1 Mbits/sec  6573  
[ 11]  21.00-22.00  sec  8.95 MBytes  75.1 Mbits/sec  6573  
[ 13]  21.00-22.00  sec  8.95 MBytes  75.1 Mbits/sec  6573  
[ 15]  21.00-22.00  sec  8.95 MBytes  75.1 Mbits/sec  6573  
[ 17]  21.00-22.00  sec  8.95 MBytes  75.1 Mbits/sec  6573  
[ 19]  21.00-22.00  sec  8.95 MBytes  75.1 Mbits/sec  6573  
[ 21]  21.00-22.00  sec  8.95 MBytes  75.1 Mbits/sec  6573  
[ 23]  21.00-22.00  sec  8.95 MBytes  75.1 Mbits/sec  6573  
[ 25]  21.00-22.00  sec  8.95 MBytes  75.1 Mbits/sec  6573  
[ 27]  21.00-22.00  sec  8.95 MBytes  75.1 Mbits/sec  6573  
[ 29]  21.00-22.00  sec  8.95 MBytes  75.1 Mbits/sec  6573  
[ 31]  21.00-22.00  sec  8.95 MBytes  75.1 Mbits/sec  6573  
[ 33]  21.00-22.00  sec  8.95 MBytes  75.1 Mbits/sec  6573  
[ 35]  21.00-22.00  sec  8.95 MBytes  75.1 Mbits/sec  6573  
[ 37]  21.00-22.00  sec  8.95 MBytes  75.1 Mbits/sec  6573  
[ 39]  21.00-22.00  sec  8.95 MBytes  75.1 Mbits/sec  6573  
[ 41]  21.00-22.00  sec  8.95 MBytes  75.1 Mbits/sec  6573  
[ 43]  21.00-22.00  sec  8.95 MBytes  75.1 Mbits/sec  6573  
[SUM]  21.00-22.00  sec   179 MBytes  1502 Mbits/sec  131460  
- - - - - - - - - - - - - - - - - - - - - - - - -
[  5]  22.00-23.00  sec  8.96 MBytes  75.1 Mbits/sec  6577  
[  7]  22.00-23.00  sec  8.96 MBytes  75.1 Mbits/sec  6577  
[  9]  22.00-23.00  sec  8.96 MBytes  75.1 Mbits/sec  6577  
[ 11]  22.00-23.00  sec  8.96 MBytes  75.1 Mbits/sec  6577  
[ 13]  22.00-23.00  sec  8.96 MBytes  75.1 Mbits/sec  6577  
[ 15]  22.00-23.00  sec  8.96 MBytes  75.1 Mbits/sec  6577  
[ 17]  22.00-23.00  sec  8.96 MBytes  75.1 Mbits/sec  6577  
[ 19]  22.00-23.00  sec  8.96 MBytes  75.1 Mbits/sec  6577  
[ 21]  22.00-23.00  sec  8.96 MBytes  75.1 Mbits/sec  6577  
[ 23]  22.00-23.00  sec  8.96 MBytes  75.1 Mbits/sec  6577  
[ 25]  22.00-23.00  sec  8.96 MBytes  75.1 Mbits/sec  6577  
[ 27]  22.00-23.00  sec  8.96 MBytes  75.1 Mbits/sec  6577  
[ 29]  22.00-23.00  sec  8.96 MBytes  75.1 Mbits/sec  6577  
[ 31]  22.00-23.00  sec  8.96 MBytes  75.1 Mbits/sec  6577  
[ 33]  22.00-23.00  sec  8.96 MBytes  75.1 Mbits/sec  6577  
[ 35]  22.00-23.00  sec  8.96 MBytes  75.1 Mbits/sec  6577  
[ 37]  22.00-23.00  sec  8.96 MBytes  75.1 Mbits/sec  6577  
[ 39]  22.00-23.00  sec  8.96 MBytes  75.1 Mbits/sec  6577  
[ 41]  22.00-23.00  sec  8.96 MBytes  75.1 Mbits/sec  6577  
[ 43]  22.00-23.00  sec  8.96 MBytes  75.1 Mbits/sec  6577  
[SUM]  22.00-23.00  sec   179 MBytes  1503 Mbits/sec  131540  
- - - - - - - - - - - - - - - - - - - - - - - - -
[  5]  23.00-24.00  sec  9.07 MBytes  76.1 Mbits/sec  6660  
[  7]  23.00-24.00  sec  9.07 MBytes  76.1 Mbits/sec  6660  
[  9]  23.00-24.00  sec  9.07 MBytes  76.1 Mbits/sec  6660  
[ 11]  23.00-24.00  sec  9.07 MBytes  76.1 Mbits/sec  6660  
[ 13]  23.00-24.00  sec  9.07 MBytes  76.1 Mbits/sec  6660  
[ 15]  23.00-24.00  sec  9.07 MBytes  76.1 Mbits/sec  6660  
[ 17]  23.00-24.00  sec  9.07 MBytes  76.1 Mbits/sec  6660  
[ 19]  23.00-24.00  sec  9.07 MBytes  76.1 Mbits/sec  6660  
[ 21]  23.00-24.00  sec  9.07 MBytes  76.1 Mbits/sec  6660  
[ 23]  23.00-24.00  sec  9.07 MBytes  76.1 Mbits/sec  6660  
[ 25]  23.00-24.00  sec  9.07 MBytes  76.1 Mbits/sec  6660  
[ 27]  23.00-24.00  sec  9.07 MBytes  76.1 Mbits/sec  6660  
[ 29]  23.00-24.00  sec  9.07 MBytes  76.1 Mbits/sec  6660  
[ 31]  23.00-24.00  sec  9.07 MBytes  76.1 Mbits/sec  6660  
[ 33]  23.00-24.00  sec  9.07 MBytes  76.1 Mbits/sec  6660  
[ 35]  23.00-24.00  sec  9.07 MBytes  76.1 Mbits/sec  6660  
[ 37]  23.00-24.00  sec  9.07 MBytes  76.1 Mbits/sec  6660  
[ 39]  23.00-24.00  sec  9.07 MBytes  76.1 Mbits/sec  6660  
[ 41]  23.00-24.00  sec  9.07 MBytes  76.1 Mbits/sec  6660  
[ 43]  23.00-24.00  sec  9.07 MBytes  76.1 Mbits/sec  6660  
[SUM]  23.00-24.00  sec   181 MBytes  1522 Mbits/sec  133200  
- - - - - - - - - - - - - - - - - - - - - - - - -
[  5]  24.00-25.00  sec  8.95 MBytes  75.1 Mbits/sec  6573  
[  7]  24.00-25.00  sec  8.95 MBytes  75.1 Mbits/sec  6573  
[  9]  24.00-25.00  sec  8.95 MBytes  75.1 Mbits/sec  6573  
[ 11]  24.00-25.00  sec  8.95 MBytes  75.1 Mbits/sec  6573  
[ 13]  24.00-25.00  sec  8.95 MBytes  75.1 Mbits/sec  6573  
[ 15]  24.00-25.00  sec  8.95 MBytes  75.1 Mbits/sec  6573  
[ 17]  24.00-25.00  sec  8.95 MBytes  75.1 Mbits/sec  6573  
[ 19]  24.00-25.00  sec  8.95 MBytes  75.1 Mbits/sec  6573  
[ 21]  24.00-25.00  sec  8.95 MBytes  75.1 Mbits/sec  6573  
[ 23]  24.00-25.00  sec  8.95 MBytes  75.1 Mbits/sec  6573  
[ 25]  24.00-25.00  sec  8.95 MBytes  75.1 Mbits/sec  6573  
[ 27]  24.00-25.00  sec  8.95 MBytes  75.1 Mbits/sec  6573  
[ 29]  24.00-25.00  sec  8.95 MBytes  75.1 Mbits/sec  6573  
[ 31]  24.00-25.00  sec  8.95 MBytes  75.1 Mbits/sec  6573  
[ 33]  24.00-25.00  sec  8.95 MBytes  75.1 Mbits/sec  6573  
[ 35]  24.00-25.00  sec  8.95 MBytes  75.1 Mbits/sec  6573  
[ 37]  24.00-25.00  sec  8.95 MBytes  75.1 Mbits/sec  6573  
[ 39]  24.00-25.00  sec  8.95 MBytes  75.1 Mbits/sec  6573  
[ 41]  24.00-25.00  sec  8.95 MBytes  75.1 Mbits/sec  6573  
[ 43]  24.00-25.00  sec  8.95 MBytes  75.1 Mbits/sec  6573  
[SUM]  24.00-25.00  sec   179 MBytes  1502 Mbits/sec  131460  
- - - - - - - - - - - - - - - - - - - - - - - - -
[  5]  25.00-26.00  sec  9.00 MBytes  75.5 Mbits/sec  6610  
[  7]  25.00-26.00  sec  9.00 MBytes  75.5 Mbits/sec  6610  
[  9]  25.00-26.00  sec  9.00 MBytes  75.5 Mbits/sec  6610  
[ 11]  25.00-26.00  sec  9.00 MBytes  75.5 Mbits/sec  6610  
[ 13]  25.00-26.00  sec  9.00 MBytes  75.5 Mbits/sec  6610  
[ 15]  25.00-26.00  sec  9.00 MBytes  75.5 Mbits/sec  6610  
[ 17]  25.00-26.00  sec  9.00 MBytes  75.5 Mbits/sec  6610  
[ 19]  25.00-26.00  sec  9.00 MBytes  75.5 Mbits/sec  6610  
[ 21]  25.00-26.00  sec  9.00 MBytes  75.5 Mbits/sec  6610  
[ 23]  25.00-26.00  sec  9.00 MBytes  75.5 Mbits/sec  6610  
[ 25]  25.00-26.00  sec  9.00 MBytes  75.5 Mbits/sec  6610  
[ 27]  25.00-26.00  sec  9.00 MBytes  75.5 Mbits/sec  6610  
[ 29]  25.00-26.00  sec  9.00 MBytes  75.5 Mbits/sec  6610  
[ 31]  25.00-26.00  sec  9.00 MBytes  75.5 Mbits/sec  6610  
[ 33]  25.00-26.00  sec  9.00 MBytes  75.5 Mbits/sec  6610  
[ 35]  25.00-26.00  sec  9.00 MBytes  75.5 Mbits/sec  6610  
[ 37]  25.00-26.00  sec  9.00 MBytes  75.5 Mbits/sec  6610  
[ 39]  25.00-26.00  sec  9.00 MBytes  75.5 Mbits/sec  6610  
[ 41]  25.00-26.00  sec  9.00 MBytes  75.5 Mbits/sec  6610  
[ 43]  25.00-26.00  sec  9.00 MBytes  75.5 Mbits/sec  6610  
[SUM]  25.00-26.00  sec   180 MBytes  1510 Mbits/sec  132200  
- - - - - - - - - - - - - - - - - - - - - - - - -
[  5]  26.00-27.00  sec  9.05 MBytes  75.9 Mbits/sec  6649  
[  7]  26.00-27.00  sec  9.05 MBytes  75.9 Mbits/sec  6649  
[  9]  26.00-27.00  sec  9.05 MBytes  75.9 Mbits/sec  6649  
[ 11]  26.00-27.00  sec  9.05 MBytes  75.9 Mbits/sec  6649  
[ 13]  26.00-27.00  sec  9.05 MBytes  75.9 Mbits/sec  6649  
[ 15]  26.00-27.00  sec  9.05 MBytes  75.9 Mbits/sec  6649  
[ 17]  26.00-27.00  sec  9.05 MBytes  75.9 Mbits/sec  6649  
[ 19]  26.00-27.00  sec  9.05 MBytes  75.9 Mbits/sec  6649  
[ 21]  26.00-27.00  sec  9.05 MBytes  75.9 Mbits/sec  6649  
[ 23]  26.00-27.00  sec  9.05 MBytes  75.9 Mbits/sec  6649  
[ 25]  26.00-27.00  sec  9.05 MBytes  75.9 Mbits/sec  6649  
[ 27]  26.00-27.00  sec  9.05 MBytes  75.9 Mbits/sec  6649  
[ 29]  26.00-27.00  sec  9.05 MBytes  75.9 Mbits/sec  6649  
[ 31]  26.00-27.00  sec  9.05 MBytes  75.9 Mbits/sec  6649  
[ 33]  26.00-27.00  sec  9.05 MBytes  75.9 Mbits/sec  6649  
[ 35]  26.00-27.00  sec  9.05 MBytes  75.9 Mbits/sec  6649  
[ 37]  26.00-27.00  sec  9.05 MBytes  75.9 Mbits/sec  6649  
[ 39]  26.00-27.00  sec  9.05 MBytes  75.9 Mbits/sec  6649  
[ 41]  26.00-27.00  sec  9.05 MBytes  75.9 Mbits/sec  6649  
[ 43]  26.00-27.00  sec  9.05 MBytes  75.9 Mbits/sec  6649  
[SUM]  26.00-27.00  sec   181 MBytes  1519 Mbits/sec  132980  
- - - - - - - - - - - - - - - - - - - - - - - - -
[  5]  27.00-28.00  sec  9.22 MBytes  77.3 Mbits/sec  6770  
[  7]  27.00-28.00  sec  9.22 MBytes  77.3 Mbits/sec  6770  
[  9]  27.00-28.00  sec  9.22 MBytes  77.3 Mbits/sec  6770  
[ 11]  27.00-28.00  sec  9.22 MBytes  77.3 Mbits/sec  6770  
[ 13]  27.00-28.00  sec  9.22 MBytes  77.3 Mbits/sec  6770  
[ 15]  27.00-28.00  sec  9.22 MBytes  77.3 Mbits/sec  6770  
[ 17]  27.00-28.00  sec  9.22 MBytes  77.3 Mbits/sec  6770  
[ 19]  27.00-28.00  sec  9.22 MBytes  77.3 Mbits/sec  6770  
[ 21]  27.00-28.00  sec  9.22 MBytes  77.3 Mbits/sec  6770  
[ 23]  27.00-28.00  sec  9.22 MBytes  77.3 Mbits/sec  6770  
[ 25]  27.00-28.00  sec  9.22 MBytes  77.3 Mbits/sec  6770  
[ 27]  27.00-28.00  sec  9.22 MBytes  77.3 Mbits/sec  6770  
[ 29]  27.00-28.00  sec  9.22 MBytes  77.3 Mbits/sec  6770  
[ 31]  27.00-28.00  sec  9.22 MBytes  77.3 Mbits/sec  6770  
[ 33]  27.00-28.00  sec  9.22 MBytes  77.3 Mbits/sec  6770  
[ 35]  27.00-28.00  sec  9.22 MBytes  77.3 Mbits/sec  6770  
[ 37]  27.00-28.00  sec  9.22 MBytes  77.3 Mbits/sec  6770  
[ 39]  27.00-28.00  sec  9.22 MBytes  77.3 Mbits/sec  6770  
[ 41]  27.00-28.00  sec  9.22 MBytes  77.3 Mbits/sec  6770  
[ 43]  27.00-28.00  sec  9.22 MBytes  77.3 Mbits/sec  6770  
[SUM]  27.00-28.00  sec   184 MBytes  1547 Mbits/sec  135400  
- - - - - - - - - - - - - - - - - - - - - - - - -
[  5]  28.00-29.00  sec  9.26 MBytes  77.6 Mbits/sec  6797  
[  7]  28.00-29.00  sec  9.26 MBytes  77.6 Mbits/sec  6797  
[  9]  28.00-29.00  sec  9.26 MBytes  77.6 Mbits/sec  6797  
[ 11]  28.00-29.00  sec  9.26 MBytes  77.6 Mbits/sec  6797  
[ 13]  28.00-29.00  sec  9.26 MBytes  77.6 Mbits/sec  6797  
[ 15]  28.00-29.00  sec  9.26 MBytes  77.6 Mbits/sec  6797  
[ 17]  28.00-29.00  sec  9.26 MBytes  77.6 Mbits/sec  6797  
[ 19]  28.00-29.00  sec  9.26 MBytes  77.6 Mbits/sec  6797  
[ 21]  28.00-29.00  sec  9.26 MBytes  77.6 Mbits/sec  6797  
[ 23]  28.00-29.00  sec  9.26 MBytes  77.6 Mbits/sec  6797  
[ 25]  28.00-29.00  sec  9.26 MBytes  77.6 Mbits/sec  6797  
[ 27]  28.00-29.00  sec  9.26 MBytes  77.6 Mbits/sec  6797  
[ 29]  28.00-29.00  sec  9.26 MBytes  77.6 Mbits/sec  6797  
[ 31]  28.00-29.00  sec  9.26 MBytes  77.6 Mbits/sec  6797  
[ 33]  28.00-29.00  sec  9.26 MBytes  77.6 Mbits/sec  6797  
[ 35]  28.00-29.00  sec  9.26 MBytes  77.6 Mbits/sec  6797  
[ 37]  28.00-29.00  sec  9.26 MBytes  77.6 Mbits/sec  6797  
[ 39]  28.00-29.00  sec  9.26 MBytes  77.6 Mbits/sec  6797  
[ 41]  28.00-29.00  sec  9.26 MBytes  77.6 Mbits/sec  6797  
[ 43]  28.00-29.00  sec  9.26 MBytes  77.6 Mbits/sec  6797  
[SUM]  28.00-29.00  sec   185 MBytes  1553 Mbits/sec  135940  
- - - - - - - - - - - - - - - - - - - - - - - - -
[  5]  29.00-30.00  sec  9.17 MBytes  76.9 Mbits/sec  6735  
[  7]  29.00-30.00  sec  9.17 MBytes  76.9 Mbits/sec  6735  
[  9]  29.00-30.00  sec  9.17 MBytes  76.9 Mbits/sec  6735  
[ 11]  29.00-30.00  sec  9.17 MBytes  76.9 Mbits/sec  6735  
[ 13]  29.00-30.00  sec  9.17 MBytes  76.9 Mbits/sec  6735  
[ 15]  29.00-30.00  sec  9.17 MBytes  76.9 Mbits/sec  6735  
[ 17]  29.00-30.00  sec  9.17 MBytes  76.9 Mbits/sec  6735  
[ 19]  29.00-30.00  sec  9.17 MBytes  76.9 Mbits/sec  6735  
[ 21]  29.00-30.00  sec  9.17 MBytes  76.9 Mbits/sec  6735  
[ 23]  29.00-30.00  sec  9.17 MBytes  76.9 Mbits/sec  6735  
[ 25]  29.00-30.00  sec  9.17 MBytes  76.9 Mbits/sec  6735  
[ 27]  29.00-30.00  sec  9.17 MBytes  76.9 Mbits/sec  6735  
[ 29]  29.00-30.00  sec  9.17 MBytes  76.9 Mbits/sec  6735  
[ 31]  29.00-30.00  sec  9.17 MBytes  76.9 Mbits/sec  6735  
[ 33]  29.00-30.00  sec  9.17 MBytes  76.9 Mbits/sec  6735  
[ 35]  29.00-30.00  sec  9.17 MBytes  76.9 Mbits/sec  6735  
[ 37]  29.00-30.00  sec  9.17 MBytes  76.9 Mbits/sec  6735  
[ 39]  29.00-30.00  sec  9.17 MBytes  76.9 Mbits/sec  6735  
[ 41]  29.00-30.00  sec  9.17 MBytes  76.9 Mbits/sec  6735  
[ 43]  29.00-30.00  sec  9.17 MBytes  76.9 Mbits/sec  6735  
[SUM]  29.00-30.00  sec   183 MBytes  1539 Mbits/sec  134700  
- - - - - - - - - - - - - - - - - - - - - - - - -
[  5]  30.00-31.00  sec  9.07 MBytes  76.1 Mbits/sec  6660  
[  7]  30.00-31.00  sec  9.07 MBytes  76.1 Mbits/sec  6660  
[  9]  30.00-31.00  sec  9.07 MBytes  76.1 Mbits/sec  6660  
[ 11]  30.00-31.00  sec  9.07 MBytes  76.1 Mbits/sec  6660  
[ 13]  30.00-31.00  sec  9.07 MBytes  76.1 Mbits/sec  6660  
[ 15]  30.00-31.00  sec  9.07 MBytes  76.1 Mbits/sec  6660  
[ 17]  30.00-31.00  sec  9.07 MBytes  76.1 Mbits/sec  6660  
[ 19]  30.00-31.00  sec  9.07 MBytes  76.1 Mbits/sec  6660  
[ 21]  30.00-31.00  sec  9.07 MBytes  76.1 Mbits/sec  6660  
[ 23]  30.00-31.00  sec  9.07 MBytes  76.1 Mbits/sec  6660  
[ 25]  30.00-31.00  sec  9.07 MBytes  76.1 Mbits/sec  6660  
[ 27]  30.00-31.00  sec  9.07 MBytes  76.1 Mbits/sec  6660  
[ 29]  30.00-31.00  sec  9.07 MBytes  76.1 Mbits/sec  6660  
[ 31]  30.00-31.00  sec  9.07 MBytes  76.1 Mbits/sec  6660  
[ 33]  30.00-31.00  sec  9.07 MBytes  76.1 Mbits/sec  6660  
[ 35]  30.00-31.00  sec  9.07 MBytes  76.1 Mbits/sec  6660  
[ 37]  30.00-31.00  sec  9.07 MBytes  76.1 Mbits/sec  6660  
[ 39]  30.00-31.00  sec  9.07 MBytes  76.1 Mbits/sec  6660  
[ 41]  30.00-31.00  sec  9.07 MBytes  76.1 Mbits/sec  6660  
[ 43]  30.00-31.00  sec  9.07 MBytes  76.1 Mbits/sec  6660  
[SUM]  30.00-31.00  sec   181 MBytes  1522 Mbits/sec  133200  
- - - - - - - - - - - - - - - - - - - - - - - - -
[  5]  31.00-32.00  sec  9.20 MBytes  77.1 Mbits/sec  6752  
[  7]  31.00-32.00  sec  9.20 MBytes  77.1 Mbits/sec  6752  
[  9]  31.00-32.00  sec  9.20 MBytes  77.1 Mbits/sec  6752  
[ 11]  31.00-32.00  sec  9.20 MBytes  77.1 Mbits/sec  6752  
[ 13]  31.00-32.00  sec  9.20 MBytes  77.1 Mbits/sec  6752  
[ 15]  31.00-32.00  sec  9.20 MBytes  77.1 Mbits/sec  6752  
[ 17]  31.00-32.00  sec  9.20 MBytes  77.1 Mbits/sec  6752  
[ 19]  31.00-32.00  sec  9.20 MBytes  77.1 Mbits/sec  6752  
[ 21]  31.00-32.00  sec  9.20 MBytes  77.1 Mbits/sec  6752  
[ 23]  31.00-32.00  sec  9.20 MBytes  77.1 Mbits/sec  6752  
[ 25]  31.00-32.00  sec  9.20 MBytes  77.1 Mbits/sec  6752  
[ 27]  31.00-32.00  sec  9.20 MBytes  77.1 Mbits/sec  6752  
[ 29]  31.00-32.00  sec  9.20 MBytes  77.1 Mbits/sec  6752  
[ 31]  31.00-32.00  sec  9.20 MBytes  77.1 Mbits/sec  6752  
[ 33]  31.00-32.00  sec  9.20 MBytes  77.1 Mbits/sec  6752  
[ 35]  31.00-32.00  sec  9.20 MBytes  77.1 Mbits/sec  6752  
[ 37]  31.00-32.00  sec  9.20 MBytes  77.1 Mbits/sec  6752  
[ 39]  31.00-32.00  sec  9.20 MBytes  77.1 Mbits/sec  6752  
[ 41]  31.00-32.00  sec  9.20 MBytes  77.1 Mbits/sec  6752  
[ 43]  31.00-32.00  sec  9.20 MBytes  77.1 Mbits/sec  6752  
[SUM]  31.00-32.00  sec   184 MBytes  1543 Mbits/sec  135040  
- - - - - - - - - - - - - - - - - - - - - - - - -
[  5]  32.00-33.00  sec  9.01 MBytes  75.6 Mbits/sec  6615  
[  7]  32.00-33.00  sec  9.01 MBytes  75.6 Mbits/sec  6615  
[  9]  32.00-33.00  sec  9.01 MBytes  75.6 Mbits/sec  6615  
[ 11]  32.00-33.00  sec  9.01 MBytes  75.6 Mbits/sec  6615  
[ 13]  32.00-33.00  sec  9.01 MBytes  75.6 Mbits/sec  6615  
[ 15]  32.00-33.00  sec  9.01 MBytes  75.6 Mbits/sec  6615  
[ 17]  32.00-33.00  sec  9.01 MBytes  75.6 Mbits/sec  6615  
[ 19]  32.00-33.00  sec  9.01 MBytes  75.6 Mbits/sec  6615  
[ 21]  32.00-33.00  sec  9.01 MBytes  75.6 Mbits/sec  6615  
[ 23]  32.00-33.00  sec  9.01 MBytes  75.6 Mbits/sec  6615  
[ 25]  32.00-33.00  sec  9.01 MBytes  75.6 Mbits/sec  6615  
[ 27]  32.00-33.00  sec  9.01 MBytes  75.6 Mbits/sec  6615  
[ 29]  32.00-33.00  sec  9.01 MBytes  75.6 Mbits/sec  6615  
[ 31]  32.00-33.00  sec  9.01 MBytes  75.6 Mbits/sec  6615  
[ 33]  32.00-33.00  sec  9.01 MBytes  75.6 Mbits/sec  6615  
[ 35]  32.00-33.00  sec  9.01 MBytes  75.6 Mbits/sec  6615  
[ 37]  32.00-33.00  sec  9.01 MBytes  75.6 Mbits/sec  6615  
[ 39]  32.00-33.00  sec  9.01 MBytes  75.6 Mbits/sec  6615  
[ 41]  32.00-33.00  sec  9.01 MBytes  75.6 Mbits/sec  6615  
[ 43]  32.00-33.00  sec  9.01 MBytes  75.6 Mbits/sec  6615  
[SUM]  32.00-33.00  sec   180 MBytes  1511 Mbits/sec  132300  
- - - - - - - - - - - - - - - - - - - - - - - - -
[  5]  33.00-34.00  sec  9.18 MBytes  77.0 Mbits/sec  6744  
[  7]  33.00-34.00  sec  9.18 MBytes  77.0 Mbits/sec  6744  
[  9]  33.00-34.00  sec  9.18 MBytes  77.0 Mbits/sec  6744  
[ 11]  33.00-34.00  sec  9.18 MBytes  77.0 Mbits/sec  6744  
[ 13]  33.00-34.00  sec  9.18 MBytes  77.0 Mbits/sec  6744  
[ 15]  33.00-34.00  sec  9.18 MBytes  77.0 Mbits/sec  6744  
[ 17]  33.00-34.00  sec  9.18 MBytes  77.0 Mbits/sec  6744  
[ 19]  33.00-34.00  sec  9.18 MBytes  77.0 Mbits/sec  6744  
[ 21]  33.00-34.00  sec  9.18 MBytes  77.0 Mbits/sec  6744  
[ 23]  33.00-34.00  sec  9.18 MBytes  77.0 Mbits/sec  6744  
[ 25]  33.00-34.00  sec  9.18 MBytes  77.0 Mbits/sec  6744  
[ 27]  33.00-34.00  sec  9.18 MBytes  77.0 Mbits/sec  6744  
[ 29]  33.00-34.00  sec  9.18 MBytes  77.0 Mbits/sec  6744  
[ 31]  33.00-34.00  sec  9.18 MBytes  77.0 Mbits/sec  6744  
[ 33]  33.00-34.00  sec  9.18 MBytes  77.0 Mbits/sec  6744  
[ 35]  33.00-34.00  sec  9.18 MBytes  77.0 Mbits/sec  6744  
[ 37]  33.00-34.00  sec  9.18 MBytes  77.0 Mbits/sec  6744  
[ 39]  33.00-34.00  sec  9.18 MBytes  77.0 Mbits/sec  6744  
[ 41]  33.00-34.00  sec  9.18 MBytes  77.0 Mbits/sec  6744  
[ 43]  33.00-34.00  sec  9.18 MBytes  77.0 Mbits/sec  6744  
[SUM]  33.00-34.00  sec   184 MBytes  1541 Mbits/sec  134880  
- - - - - - - - - - - - - - - - - - - - - - - - -
[  5]  34.00-35.00  sec  9.10 MBytes  76.4 Mbits/sec  6685  
[  7]  34.00-35.00  sec  9.10 MBytes  76.4 Mbits/sec  6685  
[  9]  34.00-35.00  sec  9.10 MBytes  76.4 Mbits/sec  6685  
[ 11]  34.00-35.00  sec  9.10 MBytes  76.4 Mbits/sec  6685  
[ 13]  34.00-35.00  sec  9.10 MBytes  76.4 Mbits/sec  6685  
[ 15]  34.00-35.00  sec  9.10 MBytes  76.4 Mbits/sec  6685  
[ 17]  34.00-35.00  sec  9.10 MBytes  76.4 Mbits/sec  6685  
[ 19]  34.00-35.00  sec  9.10 MBytes  76.4 Mbits/sec  6685  
[ 21]  34.00-35.00  sec  9.10 MBytes  76.4 Mbits/sec  6685  
[ 23]  34.00-35.00  sec  9.10 MBytes  76.4 Mbits/sec  6685  
[ 25]  34.00-35.00  sec  9.10 MBytes  76.4 Mbits/sec  6685  
[ 27]  34.00-35.00  sec  9.10 MBytes  76.4 Mbits/sec  6685  
[ 29]  34.00-35.00  sec  9.10 MBytes  76.4 Mbits/sec  6685  
[ 31]  34.00-35.00  sec  9.10 MBytes  76.4 Mbits/sec  6685  
[ 33]  34.00-35.00  sec  9.10 MBytes  76.4 Mbits/sec  6685  
[ 35]  34.00-35.00  sec  9.10 MBytes  76.4 Mbits/sec  6685  
[ 37]  34.00-35.00  sec  9.10 MBytes  76.4 Mbits/sec  6685  
[ 39]  34.00-35.00  sec  9.10 MBytes  76.4 Mbits/sec  6685  
[ 41]  34.00-35.00  sec  9.10 MBytes  76.4 Mbits/sec  6685  
[ 43]  34.00-35.00  sec  9.10 MBytes  76.4 Mbits/sec  6685  
[SUM]  34.00-35.00  sec   182 MBytes  1527 Mbits/sec  133700  
- - - - - - - - - - - - - - - - - - - - - - - - -
[  5]  35.00-36.00  sec  9.25 MBytes  77.6 Mbits/sec  6790  
[  7]  35.00-36.00  sec  9.25 MBytes  77.6 Mbits/sec  6790  
[  9]  35.00-36.00  sec  9.25 MBytes  77.6 Mbits/sec  6790  
[ 11]  35.00-36.00  sec  9.25 MBytes  77.6 Mbits/sec  6790  
[ 13]  35.00-36.00  sec  9.25 MBytes  77.6 Mbits/sec  6790  
[ 15]  35.00-36.00  sec  9.25 MBytes  77.6 Mbits/sec  6790  
[ 17]  35.00-36.00  sec  9.25 MBytes  77.6 Mbits/sec  6790  
[ 19]  35.00-36.00  sec  9.25 MBytes  77.6 Mbits/sec  6790  
[ 21]  35.00-36.00  sec  9.25 MBytes  77.6 Mbits/sec  6790  
[ 23]  35.00-36.00  sec  9.25 MBytes  77.6 Mbits/sec  6790  
[ 25]  35.00-36.00  sec  9.25 MBytes  77.6 Mbits/sec  6790  
[ 27]  35.00-36.00  sec  9.25 MBytes  77.6 Mbits/sec  6790  
[ 29]  35.00-36.00  sec  9.25 MBytes  77.6 Mbits/sec  6790  
[ 31]  35.00-36.00  sec  9.25 MBytes  77.6 Mbits/sec  6790  
[ 33]  35.00-36.00  sec  9.25 MBytes  77.6 Mbits/sec  6790  
[ 35]  35.00-36.00  sec  9.25 MBytes  77.6 Mbits/sec  6790  
[ 37]  35.00-36.00  sec  9.25 MBytes  77.6 Mbits/sec  6790  
[ 39]  35.00-36.00  sec  9.25 MBytes  77.6 Mbits/sec  6790  
[ 41]  35.00-36.00  sec  9.25 MBytes  77.6 Mbits/sec  6790  
[ 43]  35.00-36.00  sec  9.25 MBytes  77.6 Mbits/sec  6790  
[SUM]  35.00-36.00  sec   185 MBytes  1551 Mbits/sec  135800  
- - - - - - - - - - - - - - - - - - - - - - - - -
[  5]  36.00-37.00  sec  9.13 MBytes  76.6 Mbits/sec  6706  
[  7]  36.00-37.00  sec  9.13 MBytes  76.6 Mbits/sec  6706  
[  9]  36.00-37.00  sec  9.13 MBytes  76.6 Mbits/sec  6706  
[ 11]  36.00-37.00  sec  9.13 MBytes  76.6 Mbits/sec  6706  
[ 13]  36.00-37.00  sec  9.13 MBytes  76.6 Mbits/sec  6706  
[ 15]  36.00-37.00  sec  9.13 MBytes  76.6 Mbits/sec  6706  
[ 17]  36.00-37.00  sec  9.13 MBytes  76.6 Mbits/sec  6706  
[ 19]  36.00-37.00  sec  9.13 MBytes  76.6 Mbits/sec  6706  
[ 21]  36.00-37.00  sec  9.13 MBytes  76.6 Mbits/sec  6706  
[ 23]  36.00-37.00  sec  9.13 MBytes  76.6 Mbits/sec  6706  
[ 25]  36.00-37.00  sec  9.13 MBytes  76.6 Mbits/sec  6706  
[ 27]  36.00-37.00  sec  9.13 MBytes  76.6 Mbits/sec  6706  
[ 29]  36.00-37.00  sec  9.13 MBytes  76.6 Mbits/sec  6706  
[ 31]  36.00-37.00  sec  9.13 MBytes  76.6 Mbits/sec  6706  
[ 33]  36.00-37.00  sec  9.13 MBytes  76.6 Mbits/sec  6706  
[ 35]  36.00-37.00  sec  9.13 MBytes  76.6 Mbits/sec  6706  
[ 37]  36.00-37.00  sec  9.13 MBytes  76.6 Mbits/sec  6706  
[ 39]  36.00-37.00  sec  9.13 MBytes  76.6 Mbits/sec  6706  
[ 41]  36.00-37.00  sec  9.13 MBytes  76.6 Mbits/sec  6706  
[ 43]  36.00-37.00  sec  9.13 MBytes  76.6 Mbits/sec  6706  
[SUM]  36.00-37.00  sec   183 MBytes  1532 Mbits/sec  134120  
- - - - - - - - - - - - - - - - - - - - - - - - -
[  5]  37.00-38.00  sec  9.22 MBytes  77.3 Mbits/sec  6771  
[  7]  37.00-38.00  sec  9.22 MBytes  77.3 Mbits/sec  6771  
[  9]  37.00-38.00  sec  9.22 MBytes  77.3 Mbits/sec  6771  
[ 11]  37.00-38.00  sec  9.22 MBytes  77.3 Mbits/sec  6771  
[ 13]  37.00-38.00  sec  9.22 MBytes  77.3 Mbits/sec  6771  
[ 15]  37.00-38.00  sec  9.22 MBytes  77.3 Mbits/sec  6771  
[ 17]  37.00-38.00  sec  9.22 MBytes  77.3 Mbits/sec  6771  
[ 19]  37.00-38.00  sec  9.22 MBytes  77.3 Mbits/sec  6771  
[ 21]  37.00-38.00  sec  9.22 MBytes  77.3 Mbits/sec  6771  
[ 23]  37.00-38.00  sec  9.22 MBytes  77.3 Mbits/sec  6771  
[ 25]  37.00-38.00  sec  9.22 MBytes  77.3 Mbits/sec  6771  
[ 27]  37.00-38.00  sec  9.22 MBytes  77.3 Mbits/sec  6771  
[ 29]  37.00-38.00  sec  9.22 MBytes  77.3 Mbits/sec  6771  
[ 31]  37.00-38.00  sec  9.22 MBytes  77.3 Mbits/sec  6771  
[ 33]  37.00-38.00  sec  9.22 MBytes  77.3 Mbits/sec  6771  
[ 35]  37.00-38.00  sec  9.22 MBytes  77.3 Mbits/sec  6771  
[ 37]  37.00-38.00  sec  9.22 MBytes  77.3 Mbits/sec  6771  
[ 39]  37.00-38.00  sec  9.22 MBytes  77.3 Mbits/sec  6771  
[ 41]  37.00-38.00  sec  9.22 MBytes  77.3 Mbits/sec  6771  
[ 43]  37.00-38.00  sec  9.22 MBytes  77.3 Mbits/sec  6771  
[SUM]  37.00-38.00  sec   184 MBytes  1547 Mbits/sec  135420  
- - - - - - - - - - - - - - - - - - - - - - - - -
[  5]  38.00-39.00  sec  9.16 MBytes  76.8 Mbits/sec  6723  
[  7]  38.00-39.00  sec  9.16 MBytes  76.8 Mbits/sec  6723  
[  9]  38.00-39.00  sec  9.16 MBytes  76.8 Mbits/sec  6723  
[ 11]  38.00-39.00  sec  9.16 MBytes  76.8 Mbits/sec  6723  
[ 13]  38.00-39.00  sec  9.16 MBytes  76.8 Mbits/sec  6723  
[ 15]  38.00-39.00  sec  9.16 MBytes  76.8 Mbits/sec  6723  
[ 17]  38.00-39.00  sec  9.15 MBytes  76.8 Mbits/sec  6722  
[ 19]  38.00-39.00  sec  9.15 MBytes  76.8 Mbits/sec  6722  
[ 21]  38.00-39.00  sec  9.15 MBytes  76.8 Mbits/sec  6722  
[ 23]  38.00-39.00  sec  9.15 MBytes  76.8 Mbits/sec  6722  
[ 25]  38.00-39.00  sec  9.15 MBytes  76.8 Mbits/sec  6722  
[ 27]  38.00-39.00  sec  9.15 MBytes  76.8 Mbits/sec  6722  
[ 29]  38.00-39.00  sec  9.15 MBytes  76.8 Mbits/sec  6722  
[ 31]  38.00-39.00  sec  9.15 MBytes  76.8 Mbits/sec  6722  
[ 33]  38.00-39.00  sec  9.15 MBytes  76.8 Mbits/sec  6722  
[ 35]  38.00-39.00  sec  9.15 MBytes  76.8 Mbits/sec  6722  
[ 37]  38.00-39.00  sec  9.15 MBytes  76.8 Mbits/sec  6722  
[ 39]  38.00-39.00  sec  9.15 MBytes  76.8 Mbits/sec  6722  
[ 41]  38.00-39.00  sec  9.15 MBytes  76.8 Mbits/sec  6722  
[ 43]  38.00-39.00  sec  9.15 MBytes  76.8 Mbits/sec  6722  
[SUM]  38.00-39.00  sec   183 MBytes  1536 Mbits/sec  134446  
- - - - - - - - - - - - - - - - - - - - - - - - -
[  5]  39.00-40.00  sec  9.05 MBytes  75.9 Mbits/sec  6648  
[  7]  39.00-40.00  sec  9.05 MBytes  75.9 Mbits/sec  6648  
[  9]  39.00-40.00  sec  9.05 MBytes  75.9 Mbits/sec  6648  
[ 11]  39.00-40.00  sec  9.05 MBytes  75.9 Mbits/sec  6648  
[ 13]  39.00-40.00  sec  9.05 MBytes  75.9 Mbits/sec  6648  
[ 15]  39.00-40.00  sec  9.05 MBytes  75.9 Mbits/sec  6648  
[ 17]  39.00-40.00  sec  9.05 MBytes  75.9 Mbits/sec  6648  
[ 19]  39.00-40.00  sec  9.05 MBytes  75.9 Mbits/sec  6648  
[ 21]  39.00-40.00  sec  9.05 MBytes  75.9 Mbits/sec  6648  
[ 23]  39.00-40.00  sec  9.05 MBytes  75.9 Mbits/sec  6648  
[ 25]  39.00-40.00  sec  9.05 MBytes  75.9 Mbits/sec  6648  
[ 27]  39.00-40.00  sec  9.05 MBytes  75.9 Mbits/sec  6648  
[ 29]  39.00-40.00  sec  9.05 MBytes  75.9 Mbits/sec  6648  
[ 31]  39.00-40.00  sec  9.05 MBytes  75.9 Mbits/sec  6648  
[ 33]  39.00-40.00  sec  9.05 MBytes  75.9 Mbits/sec  6648  
[ 35]  39.00-40.00  sec  9.05 MBytes  75.9 Mbits/sec  6648  
[ 37]  39.00-40.00  sec  9.05 MBytes  75.9 Mbits/sec  6648  
[ 39]  39.00-40.00  sec  9.05 MBytes  75.9 Mbits/sec  6648  
[ 41]  39.00-40.00  sec  9.05 MBytes  75.9 Mbits/sec  6648  
[ 43]  39.00-40.00  sec  9.05 MBytes  75.9 Mbits/sec  6648  
[SUM]  39.00-40.00  sec   181 MBytes  1519 Mbits/sec  132960  
- - - - - - - - - - - - - - - - - - - - - - - - -
[  5]  40.00-41.00  sec  9.03 MBytes  75.8 Mbits/sec  6633  
[  7]  40.00-41.00  sec  9.03 MBytes  75.8 Mbits/sec  6633  
[  9]  40.00-41.00  sec  9.03 MBytes  75.8 Mbits/sec  6633  
[ 11]  40.00-41.00  sec  9.03 MBytes  75.8 Mbits/sec  6633  
[ 13]  40.00-41.00  sec  9.03 MBytes  75.8 Mbits/sec  6633  
[ 15]  40.00-41.00  sec  9.03 MBytes  75.8 Mbits/sec  6633  
[ 17]  40.00-41.00  sec  9.03 MBytes  75.8 Mbits/sec  6633  
[ 19]  40.00-41.00  sec  9.03 MBytes  75.8 Mbits/sec  6633  
[ 21]  40.00-41.00  sec  9.03 MBytes  75.8 Mbits/sec  6633  
[ 23]  40.00-41.00  sec  9.03 MBytes  75.8 Mbits/sec  6633  
[ 25]  40.00-41.00  sec  9.03 MBytes  75.8 Mbits/sec  6633  
[ 27]  40.00-41.00  sec  9.03 MBytes  75.8 Mbits/sec  6633  
[ 29]  40.00-41.00  sec  9.03 MBytes  75.8 Mbits/sec  6633  
[ 31]  40.00-41.00  sec  9.03 MBytes  75.8 Mbits/sec  6633  
[ 33]  40.00-41.00  sec  9.03 MBytes  75.8 Mbits/sec  6633  
[ 35]  40.00-41.00  sec  9.03 MBytes  75.8 Mbits/sec  6633  
[ 37]  40.00-41.00  sec  9.03 MBytes  75.8 Mbits/sec  6633  
[ 39]  40.00-41.00  sec  9.03 MBytes  75.8 Mbits/sec  6633  
[ 41]  40.00-41.00  sec  9.03 MBytes  75.8 Mbits/sec  6633  
[ 43]  40.00-41.00  sec  9.03 MBytes  75.8 Mbits/sec  6633  
[SUM]  40.00-41.00  sec   181 MBytes  1516 Mbits/sec  132660  
- - - - - - - - - - - - - - - - - - - - - - - - -
[  5]  41.00-42.00  sec  9.29 MBytes  77.9 Mbits/sec  6822  
[  7]  41.00-42.00  sec  9.29 MBytes  77.9 Mbits/sec  6822  
[  9]  41.00-42.00  sec  9.29 MBytes  77.9 Mbits/sec  6822  
[ 11]  41.00-42.00  sec  9.29 MBytes  77.9 Mbits/sec  6822  
[ 13]  41.00-42.00  sec  9.29 MBytes  77.9 Mbits/sec  6822  
[ 15]  41.00-42.00  sec  9.29 MBytes  77.9 Mbits/sec  6822  
[ 17]  41.00-42.00  sec  9.29 MBytes  77.9 Mbits/sec  6822  
[ 19]  41.00-42.00  sec  9.29 MBytes  77.9 Mbits/sec  6822  
[ 21]  41.00-42.00  sec  9.29 MBytes  77.9 Mbits/sec  6822  
[ 23]  41.00-42.00  sec  9.29 MBytes  77.9 Mbits/sec  6822  
[ 25]  41.00-42.00  sec  9.29 MBytes  77.9 Mbits/sec  6822  
[ 27]  41.00-42.00  sec  9.29 MBytes  77.9 Mbits/sec  6822  
[ 29]  41.00-42.00  sec  9.29 MBytes  77.9 Mbits/sec  6822  
[ 31]  41.00-42.00  sec  9.29 MBytes  77.9 Mbits/sec  6822  
[ 33]  41.00-42.00  sec  9.29 MBytes  77.9 Mbits/sec  6822  
[ 35]  41.00-42.00  sec  9.29 MBytes  77.9 Mbits/sec  6822  
[ 37]  41.00-42.00  sec  9.29 MBytes  77.9 Mbits/sec  6822  
[ 39]  41.00-42.00  sec  9.29 MBytes  77.9 Mbits/sec  6822  
[ 41]  41.00-42.00  sec  9.29 MBytes  77.9 Mbits/sec  6822  
[ 43]  41.00-42.00  sec  9.29 MBytes  77.9 Mbits/sec  6822  
[SUM]  41.00-42.00  sec   186 MBytes  1559 Mbits/sec  136440  
- - - - - - - - - - - - - - - - - - - - - - - - -
[  5]  42.00-43.00  sec  9.10 MBytes  76.4 Mbits/sec  6683  
[  7]  42.00-43.00  sec  9.10 MBytes  76.4 Mbits/sec  6683  
[  9]  42.00-43.00  sec  9.10 MBytes  76.4 Mbits/sec  6683  
[ 11]  42.00-43.00  sec  9.10 MBytes  76.4 Mbits/sec  6683  
[ 13]  42.00-43.00  sec  9.10 MBytes  76.4 Mbits/sec  6683  
[ 15]  42.00-43.00  sec  9.10 MBytes  76.4 Mbits/sec  6683  
[ 17]  42.00-43.00  sec  9.10 MBytes  76.4 Mbits/sec  6683  
[ 19]  42.00-43.00  sec  9.10 MBytes  76.4 Mbits/sec  6683  
[ 21]  42.00-43.00  sec  9.10 MBytes  76.4 Mbits/sec  6683  
[ 23]  42.00-43.00  sec  9.10 MBytes  76.4 Mbits/sec  6683  
[ 25]  42.00-43.00  sec  9.10 MBytes  76.4 Mbits/sec  6683  
[ 27]  42.00-43.00  sec  9.10 MBytes  76.4 Mbits/sec  6683  
[ 29]  42.00-43.00  sec  9.10 MBytes  76.4 Mbits/sec  6683  
[ 31]  42.00-43.00  sec  9.10 MBytes  76.4 Mbits/sec  6683  
[ 33]  42.00-43.00  sec  9.10 MBytes  76.4 Mbits/sec  6683  
[ 35]  42.00-43.00  sec  9.10 MBytes  76.4 Mbits/sec  6683  
[ 37]  42.00-43.00  sec  9.10 MBytes  76.4 Mbits/sec  6683  
[ 39]  42.00-43.00  sec  9.10 MBytes  76.4 Mbits/sec  6683  
[ 41]  42.00-43.00  sec  9.10 MBytes  76.4 Mbits/sec  6683  
[ 43]  42.00-43.00  sec  9.10 MBytes  76.4 Mbits/sec  6683  
[SUM]  42.00-43.00  sec   182 MBytes  1527 Mbits/sec  133660  
- - - - - - - - - - - - - - - - - - - - - - - - -
[  5]  43.00-44.00  sec  8.91 MBytes  74.7 Mbits/sec  6539  
[  7]  43.00-44.00  sec  8.91 MBytes  74.7 Mbits/sec  6539  
[  9]  43.00-44.00  sec  8.91 MBytes  74.7 Mbits/sec  6539  
[ 11]  43.00-44.00  sec  8.91 MBytes  74.7 Mbits/sec  6539  
[ 13]  43.00-44.00  sec  8.91 MBytes  74.7 Mbits/sec  6539  
[ 15]  43.00-44.00  sec  8.91 MBytes  74.7 Mbits/sec  6539  
[ 17]  43.00-44.00  sec  8.91 MBytes  74.7 Mbits/sec  6539  
[ 19]  43.00-44.00  sec  8.91 MBytes  74.7 Mbits/sec  6539  
[ 21]  43.00-44.00  sec  8.91 MBytes  74.7 Mbits/sec  6539  
[ 23]  43.00-44.00  sec  8.91 MBytes  74.7 Mbits/sec  6539  
[ 25]  43.00-44.00  sec  8.91 MBytes  74.7 Mbits/sec  6539  
[ 27]  43.00-44.00  sec  8.91 MBytes  74.7 Mbits/sec  6539  
[ 29]  43.00-44.00  sec  8.91 MBytes  74.7 Mbits/sec  6539  
[ 31]  43.00-44.00  sec  8.91 MBytes  74.7 Mbits/sec  6539  
[ 33]  43.00-44.00  sec  8.91 MBytes  74.7 Mbits/sec  6539  
[ 35]  43.00-44.00  sec  8.91 MBytes  74.7 Mbits/sec  6539  
[ 37]  43.00-44.00  sec  8.91 MBytes  74.7 Mbits/sec  6539  
[ 39]  43.00-44.00  sec  8.91 MBytes  74.7 Mbits/sec  6539  
[ 41]  43.00-44.00  sec  8.91 MBytes  74.7 Mbits/sec  6539  
[ 43]  43.00-44.00  sec  8.91 MBytes  74.7 Mbits/sec  6539  
[SUM]  43.00-44.00  sec   178 MBytes  1494 Mbits/sec  130780  
- - - - - - - - - - - - - - - - - - - - - - - - -
[  5]  44.00-45.00  sec  9.05 MBytes  76.0 Mbits/sec  6649  
[  7]  44.00-45.00  sec  9.05 MBytes  76.0 Mbits/sec  6649  
[  9]  44.00-45.00  sec  9.05 MBytes  76.0 Mbits/sec  6649  
[ 11]  44.00-45.00  sec  9.05 MBytes  76.0 Mbits/sec  6649  
[ 13]  44.00-45.00  sec  9.05 MBytes  76.0 Mbits/sec  6649  
[ 15]  44.00-45.00  sec  9.05 MBytes  76.0 Mbits/sec  6649  
[ 17]  44.00-45.00  sec  9.05 MBytes  76.0 Mbits/sec  6649  
[ 19]  44.00-45.00  sec  9.05 MBytes  76.0 Mbits/sec  6649  
[ 21]  44.00-45.00  sec  9.05 MBytes  76.0 Mbits/sec  6649  
[ 23]  44.00-45.00  sec  9.05 MBytes  76.0 Mbits/sec  6649  
[ 25]  44.00-45.00  sec  9.05 MBytes  76.0 Mbits/sec  6649  
[ 27]  44.00-45.00  sec  9.05 MBytes  76.0 Mbits/sec  6649  
[ 29]  44.00-45.00  sec  9.05 MBytes  76.0 Mbits/sec  6649  
[ 31]  44.00-45.00  sec  9.05 MBytes  76.0 Mbits/sec  6649  
[ 33]  44.00-45.00  sec  9.05 MBytes  76.0 Mbits/sec  6649  
[ 35]  44.00-45.00  sec  9.05 MBytes  76.0 Mbits/sec  6649  
[ 37]  44.00-45.00  sec  9.05 MBytes  76.0 Mbits/sec  6649  
[ 39]  44.00-45.00  sec  9.05 MBytes  76.0 Mbits/sec  6649  
[ 41]  44.00-45.00  sec  9.05 MBytes  76.0 Mbits/sec  6649  
[ 43]  44.00-45.00  sec  9.05 MBytes  76.0 Mbits/sec  6649  
[SUM]  44.00-45.00  sec   181 MBytes  1519 Mbits/sec  132980  
- - - - - - - - - - - - - - - - - - - - - - - - -
[  5]  45.00-46.00  sec  9.20 MBytes  77.2 Mbits/sec  6758  
[  7]  45.00-46.00  sec  9.20 MBytes  77.2 Mbits/sec  6758  
[  9]  45.00-46.00  sec  9.20 MBytes  77.2 Mbits/sec  6758  
[ 11]  45.00-46.00  sec  9.20 MBytes  77.2 Mbits/sec  6758  
[ 13]  45.00-46.00  sec  9.20 MBytes  77.2 Mbits/sec  6758  
[ 15]  45.00-46.00  sec  9.20 MBytes  77.2 Mbits/sec  6758  
[ 17]  45.00-46.00  sec  9.20 MBytes  77.2 Mbits/sec  6758  
[ 19]  45.00-46.00  sec  9.20 MBytes  77.2 Mbits/sec  6758  
[ 21]  45.00-46.00  sec  9.20 MBytes  77.2 Mbits/sec  6758  
[ 23]  45.00-46.00  sec  9.20 MBytes  77.2 Mbits/sec  6758  
[ 25]  45.00-46.00  sec  9.20 MBytes  77.2 Mbits/sec  6758  
[ 27]  45.00-46.00  sec  9.20 MBytes  77.2 Mbits/sec  6758  
[ 29]  45.00-46.00  sec  9.20 MBytes  77.2 Mbits/sec  6758  
[ 31]  45.00-46.00  sec  9.20 MBytes  77.2 Mbits/sec  6758  
[ 33]  45.00-46.00  sec  9.20 MBytes  77.2 Mbits/sec  6758  
[ 35]  45.00-46.00  sec  9.20 MBytes  77.2 Mbits/sec  6758  
[ 37]  45.00-46.00  sec  9.20 MBytes  77.2 Mbits/sec  6758  
[ 39]  45.00-46.00  sec  9.20 MBytes  77.2 Mbits/sec  6758  
[ 41]  45.00-46.00  sec  9.20 MBytes  77.2 Mbits/sec  6758  
[ 43]  45.00-46.00  sec  9.20 MBytes  77.2 Mbits/sec  6758  
[SUM]  45.00-46.00  sec   184 MBytes  1544 Mbits/sec  135160  
- - - - - - - - - - - - - - - - - - - - - - - - -
[  5]  46.00-47.00  sec  9.21 MBytes  77.3 Mbits/sec  6764  
[  7]  46.00-47.00  sec  9.21 MBytes  77.3 Mbits/sec  6764  
[  9]  46.00-47.00  sec  9.21 MBytes  77.3 Mbits/sec  6764  
[ 11]  46.00-47.00  sec  9.21 MBytes  77.3 Mbits/sec  6764  
[ 13]  46.00-47.00  sec  9.21 MBytes  77.3 Mbits/sec  6764  
[ 15]  46.00-47.00  sec  9.21 MBytes  77.3 Mbits/sec  6764  
[ 17]  46.00-47.00  sec  9.21 MBytes  77.3 Mbits/sec  6764  
[ 19]  46.00-47.00  sec  9.21 MBytes  77.3 Mbits/sec  6764  
[ 21]  46.00-47.00  sec  9.21 MBytes  77.3 Mbits/sec  6764  
[ 23]  46.00-47.00  sec  9.21 MBytes  77.3 Mbits/sec  6764  
[ 25]  46.00-47.00  sec  9.21 MBytes  77.3 Mbits/sec  6764  
[ 27]  46.00-47.00  sec  9.21 MBytes  77.3 Mbits/sec  6764  
[ 29]  46.00-47.00  sec  9.21 MBytes  77.3 Mbits/sec  6764  
[ 31]  46.00-47.00  sec  9.21 MBytes  77.3 Mbits/sec  6764  
[ 33]  46.00-47.00  sec  9.21 MBytes  77.3 Mbits/sec  6764  
[ 35]  46.00-47.00  sec  9.21 MBytes  77.3 Mbits/sec  6764  
[ 37]  46.00-47.00  sec  9.21 MBytes  77.3 Mbits/sec  6764  
[ 39]  46.00-47.00  sec  9.21 MBytes  77.3 Mbits/sec  6764  
[ 41]  46.00-47.00  sec  9.21 MBytes  77.3 Mbits/sec  6764  
[ 43]  46.00-47.00  sec  9.21 MBytes  77.3 Mbits/sec  6764  
[SUM]  46.00-47.00  sec   184 MBytes  1545 Mbits/sec  135280  
- - - - - - - - - - - - - - - - - - - - - - - - -
[  5]  47.00-48.00  sec  9.28 MBytes  77.8 Mbits/sec  6811  
[  7]  47.00-48.00  sec  9.28 MBytes  77.8 Mbits/sec  6811  
[  9]  47.00-48.00  sec  9.28 MBytes  77.8 Mbits/sec  6811  
[ 11]  47.00-48.00  sec  9.28 MBytes  77.8 Mbits/sec  6811  
[ 13]  47.00-48.00  sec  9.28 MBytes  77.8 Mbits/sec  6811  
[ 15]  47.00-48.00  sec  9.28 MBytes  77.8 Mbits/sec  6811  
[ 17]  47.00-48.00  sec  9.28 MBytes  77.8 Mbits/sec  6811  
[ 19]  47.00-48.00  sec  9.28 MBytes  77.8 Mbits/sec  6811  
[ 21]  47.00-48.00  sec  9.28 MBytes  77.8 Mbits/sec  6811  
[ 23]  47.00-48.00  sec  9.28 MBytes  77.8 Mbits/sec  6811  
[ 25]  47.00-48.00  sec  9.28 MBytes  77.8 Mbits/sec  6811  
[ 27]  47.00-48.00  sec  9.28 MBytes  77.8 Mbits/sec  6811  
[ 29]  47.00-48.00  sec  9.28 MBytes  77.8 Mbits/sec  6811  
[ 31]  47.00-48.00  sec  9.28 MBytes  77.8 Mbits/sec  6811  
[ 33]  47.00-48.00  sec  9.28 MBytes  77.8 Mbits/sec  6811  
[ 35]  47.00-48.00  sec  9.28 MBytes  77.8 Mbits/sec  6811  
[ 37]  47.00-48.00  sec  9.28 MBytes  77.8 Mbits/sec  6811  
[ 39]  47.00-48.00  sec  9.28 MBytes  77.8 Mbits/sec  6811  
[ 41]  47.00-48.00  sec  9.28 MBytes  77.8 Mbits/sec  6811  
[ 43]  47.00-48.00  sec  9.28 MBytes  77.8 Mbits/sec  6811  
[SUM]  47.00-48.00  sec   186 MBytes  1556 Mbits/sec  136220  
- - - - - - - - - - - - - - - - - - - - - - - - -
[  5]  48.00-49.00  sec  8.94 MBytes  75.0 Mbits/sec  6562  
[  7]  48.00-49.00  sec  8.94 MBytes  75.0 Mbits/sec  6562  
[  9]  48.00-49.00  sec  8.94 MBytes  75.0 Mbits/sec  6562  
[ 11]  48.00-49.00  sec  8.94 MBytes  75.0 Mbits/sec  6562  
[ 13]  48.00-49.00  sec  8.94 MBytes  75.0 Mbits/sec  6562  
[ 15]  48.00-49.00  sec  8.94 MBytes  75.0 Mbits/sec  6562  
[ 17]  48.00-49.00  sec  8.94 MBytes  75.0 Mbits/sec  6562  
[ 19]  48.00-49.00  sec  8.94 MBytes  75.0 Mbits/sec  6562  
[ 21]  48.00-49.00  sec  8.94 MBytes  75.0 Mbits/sec  6562  
[ 23]  48.00-49.00  sec  8.94 MBytes  75.0 Mbits/sec  6562  
[ 25]  48.00-49.00  sec  8.94 MBytes  75.0 Mbits/sec  6562  
[ 27]  48.00-49.00  sec  8.94 MBytes  75.0 Mbits/sec  6562  
[ 29]  48.00-49.00  sec  8.94 MBytes  75.0 Mbits/sec  6562  
[ 31]  48.00-49.00  sec  8.94 MBytes  75.0 Mbits/sec  6562  
[ 33]  48.00-49.00  sec  8.94 MBytes  75.0 Mbits/sec  6562  
[ 35]  48.00-49.00  sec  8.94 MBytes  75.0 Mbits/sec  6562  
[ 37]  48.00-49.00  sec  8.94 MBytes  75.0 Mbits/sec  6562  
[ 39]  48.00-49.00  sec  8.94 MBytes  75.0 Mbits/sec  6562  
[ 41]  48.00-49.00  sec  8.94 MBytes  75.0 Mbits/sec  6562  
[ 43]  48.00-49.00  sec  8.94 MBytes  75.0 Mbits/sec  6562  
[SUM]  48.00-49.00  sec   179 MBytes  1499 Mbits/sec  131240  
- - - - - - - - - - - - - - - - - - - - - - - - -
[  5]  49.00-50.00  sec  9.11 MBytes  76.4 Mbits/sec  6692  
[  7]  49.00-50.00  sec  9.11 MBytes  76.4 Mbits/sec  6692  
[  9]  49.00-50.00  sec  9.11 MBytes  76.4 Mbits/sec  6692  
[ 11]  49.00-50.00  sec  9.11 MBytes  76.4 Mbits/sec  6692  
[ 13]  49.00-50.00  sec  9.11 MBytes  76.4 Mbits/sec  6692  
[ 15]  49.00-50.00  sec  9.11 MBytes  76.4 Mbits/sec  6692  
[ 17]  49.00-50.00  sec  9.11 MBytes  76.4 Mbits/sec  6692  
[ 19]  49.00-50.00  sec  9.11 MBytes  76.4 Mbits/sec  6692  
[ 21]  49.00-50.00  sec  9.11 MBytes  76.4 Mbits/sec  6692  
[ 23]  49.00-50.00  sec  9.11 MBytes  76.4 Mbits/sec  6692  
[ 25]  49.00-50.00  sec  9.11 MBytes  76.4 Mbits/sec  6692  
[ 27]  49.00-50.00  sec  9.11 MBytes  76.4 Mbits/sec  6692  
[ 29]  49.00-50.00  sec  9.11 MBytes  76.4 Mbits/sec  6692  
[ 31]  49.00-50.00  sec  9.11 MBytes  76.4 Mbits/sec  6692  
[ 33]  49.00-50.00  sec  9.11 MBytes  76.4 Mbits/sec  6692  
[ 35]  49.00-50.00  sec  9.11 MBytes  76.4 Mbits/sec  6692  
[ 37]  49.00-50.00  sec  9.11 MBytes  76.4 Mbits/sec  6692  
[ 39]  49.00-50.00  sec  9.11 MBytes  76.4 Mbits/sec  6692  
[ 41]  49.00-50.00  sec  9.11 MBytes  76.4 Mbits/sec  6692  
[ 43]  49.00-50.00  sec  9.11 MBytes  76.4 Mbits/sec  6692  
[SUM]  49.00-50.00  sec   182 MBytes  1529 Mbits/sec  133840  
- - - - - - - - - - - - - - - - - - - - - - - - -
[  5]  50.00-51.00  sec  8.95 MBytes  75.1 Mbits/sec  6573  
[  7]  50.00-51.00  sec  8.95 MBytes  75.1 Mbits/sec  6573  
[  9]  50.00-51.00  sec  8.95 MBytes  75.1 Mbits/sec  6573  
[ 11]  50.00-51.00  sec  8.95 MBytes  75.1 Mbits/sec  6573  
[ 13]  50.00-51.00  sec  8.95 MBytes  75.1 Mbits/sec  6573  
[ 15]  50.00-51.00  sec  8.95 MBytes  75.1 Mbits/sec  6573  
[ 17]  50.00-51.00  sec  8.95 MBytes  75.1 Mbits/sec  6573  
[ 19]  50.00-51.00  sec  8.95 MBytes  75.1 Mbits/sec  6573  
[ 21]  50.00-51.00  sec  8.95 MBytes  75.1 Mbits/sec  6573  
[ 23]  50.00-51.00  sec  8.95 MBytes  75.1 Mbits/sec  6573  
[ 25]  50.00-51.00  sec  8.95 MBytes  75.1 Mbits/sec  6573  
[ 27]  50.00-51.00  sec  8.95 MBytes  75.1 Mbits/sec  6573  
[ 29]  50.00-51.00  sec  8.95 MBytes  75.1 Mbits/sec  6573  
[ 31]  50.00-51.00  sec  8.95 MBytes  75.1 Mbits/sec  6573  
[ 33]  50.00-51.00  sec  8.95 MBytes  75.1 Mbits/sec  6573  
[ 35]  50.00-51.00  sec  8.95 MBytes  75.1 Mbits/sec  6573  
[ 37]  50.00-51.00  sec  8.95 MBytes  75.1 Mbits/sec  6573  
[ 39]  50.00-51.00  sec  8.95 MBytes  75.1 Mbits/sec  6573  
[ 41]  50.00-51.00  sec  8.95 MBytes  75.1 Mbits/sec  6573  
[ 43]  50.00-51.00  sec  8.95 MBytes  75.1 Mbits/sec  6573  
[SUM]  50.00-51.00  sec   179 MBytes  1502 Mbits/sec  131460  
- - - - - - - - - - - - - - - - - - - - - - - - -
[  5]  51.00-52.00  sec  9.00 MBytes  75.5 Mbits/sec  6608  
[  7]  51.00-52.00  sec  9.00 MBytes  75.5 Mbits/sec  6608  
[  9]  51.00-52.00  sec  9.00 MBytes  75.5 Mbits/sec  6608  
[ 11]  51.00-52.00  sec  9.00 MBytes  75.5 Mbits/sec  6608  
[ 13]  51.00-52.00  sec  9.00 MBytes  75.5 Mbits/sec  6608  
[ 15]  51.00-52.00  sec  9.00 MBytes  75.5 Mbits/sec  6608  
[ 17]  51.00-52.00  sec  9.00 MBytes  75.5 Mbits/sec  6608  
[ 19]  51.00-52.00  sec  9.00 MBytes  75.5 Mbits/sec  6608  
[ 21]  51.00-52.00  sec  9.00 MBytes  75.5 Mbits/sec  6608  
[ 23]  51.00-52.00  sec  9.00 MBytes  75.5 Mbits/sec  6608  
[ 25]  51.00-52.00  sec  9.00 MBytes  75.5 Mbits/sec  6608  
[ 27]  51.00-52.00  sec  9.00 MBytes  75.5 Mbits/sec  6608  
[ 29]  51.00-52.00  sec  9.00 MBytes  75.5 Mbits/sec  6608  
[ 31]  51.00-52.00  sec  9.00 MBytes  75.5 Mbits/sec  6608  
[ 33]  51.00-52.00  sec  9.00 MBytes  75.5 Mbits/sec  6608  
[ 35]  51.00-52.00  sec  9.00 MBytes  75.5 Mbits/sec  6608  
[ 37]  51.00-52.00  sec  9.00 MBytes  75.5 Mbits/sec  6608  
[ 39]  51.00-52.00  sec  9.00 MBytes  75.5 Mbits/sec  6608  
[ 41]  51.00-52.00  sec  9.00 MBytes  75.5 Mbits/sec  6608  
[ 43]  51.00-52.00  sec  9.00 MBytes  75.5 Mbits/sec  6608  
[SUM]  51.00-52.00  sec   180 MBytes  1510 Mbits/sec  132160  
- - - - - - - - - - - - - - - - - - - - - - - - -
[  5]  52.00-53.00  sec  9.03 MBytes  75.7 Mbits/sec  6628  
[  7]  52.00-53.00  sec  9.03 MBytes  75.7 Mbits/sec  6628  
[  9]  52.00-53.00  sec  9.03 MBytes  75.7 Mbits/sec  6628  
[ 11]  52.00-53.00  sec  9.03 MBytes  75.7 Mbits/sec  6628  
[ 13]  52.00-53.00  sec  9.03 MBytes  75.7 Mbits/sec  6628  
[ 15]  52.00-53.00  sec  9.03 MBytes  75.7 Mbits/sec  6628  
[ 17]  52.00-53.00  sec  9.03 MBytes  75.7 Mbits/sec  6628  
[ 19]  52.00-53.00  sec  9.03 MBytes  75.7 Mbits/sec  6628  
[ 21]  52.00-53.00  sec  9.03 MBytes  75.7 Mbits/sec  6628  
[ 23]  52.00-53.00  sec  9.03 MBytes  75.7 Mbits/sec  6628  
[ 25]  52.00-53.00  sec  9.03 MBytes  75.7 Mbits/sec  6628  
[ 27]  52.00-53.00  sec  9.03 MBytes  75.7 Mbits/sec  6628  
[ 29]  52.00-53.00  sec  9.03 MBytes  75.7 Mbits/sec  6628  
[ 31]  52.00-53.00  sec  9.03 MBytes  75.7 Mbits/sec  6628  
[ 33]  52.00-53.00  sec  9.03 MBytes  75.7 Mbits/sec  6628  
[ 35]  52.00-53.00  sec  9.03 MBytes  75.7 Mbits/sec  6628  
[ 37]  52.00-53.00  sec  9.03 MBytes  75.7 Mbits/sec  6628  
[ 39]  52.00-53.00  sec  9.03 MBytes  75.7 Mbits/sec  6628  
[ 41]  52.00-53.00  sec  9.03 MBytes  75.7 Mbits/sec  6628  
[ 43]  52.00-53.00  sec  9.03 MBytes  75.7 Mbits/sec  6628  
[SUM]  52.00-53.00  sec   181 MBytes  1514 Mbits/sec  132560  
- - - - - - - - - - - - - - - - - - - - - - - - -
[  5]  53.00-54.00  sec  9.05 MBytes  75.9 Mbits/sec  6648  
[  7]  53.00-54.00  sec  9.05 MBytes  75.9 Mbits/sec  6648  
[  9]  53.00-54.00  sec  9.05 MBytes  75.9 Mbits/sec  6648  
[ 11]  53.00-54.00  sec  9.05 MBytes  75.9 Mbits/sec  6648  
[ 13]  53.00-54.00  sec  9.05 MBytes  75.9 Mbits/sec  6648  
[ 15]  53.00-54.00  sec  9.05 MBytes  75.9 Mbits/sec  6648  
[ 17]  53.00-54.00  sec  9.05 MBytes  75.9 Mbits/sec  6648  
[ 19]  53.00-54.00  sec  9.05 MBytes  75.9 Mbits/sec  6648  
[ 21]  53.00-54.00  sec  9.05 MBytes  75.9 Mbits/sec  6648  
[ 23]  53.00-54.00  sec  9.05 MBytes  75.9 Mbits/sec  6648  
[ 25]  53.00-54.00  sec  9.05 MBytes  75.9 Mbits/sec  6648  
[ 27]  53.00-54.00  sec  9.05 MBytes  75.9 Mbits/sec  6648  
[ 29]  53.00-54.00  sec  9.05 MBytes  75.9 Mbits/sec  6648  
[ 31]  53.00-54.00  sec  9.05 MBytes  75.9 Mbits/sec  6648  
[ 33]  53.00-54.00  sec  9.05 MBytes  75.9 Mbits/sec  6648  
[ 35]  53.00-54.00  sec  9.05 MBytes  75.9 Mbits/sec  6648  
[ 37]  53.00-54.00  sec  9.05 MBytes  75.9 Mbits/sec  6648  
[ 39]  53.00-54.00  sec  9.05 MBytes  75.9 Mbits/sec  6648  
[ 41]  53.00-54.00  sec  9.05 MBytes  75.9 Mbits/sec  6648  
[ 43]  53.00-54.00  sec  9.05 MBytes  75.9 Mbits/sec  6648  
[SUM]  53.00-54.00  sec   181 MBytes  1519 Mbits/sec  132960  
- - - - - - - - - - - - - - - - - - - - - - - - -
[  5]  54.00-55.00  sec  9.23 MBytes  77.4 Mbits/sec  6775  
[  7]  54.00-55.00  sec  9.23 MBytes  77.4 Mbits/sec  6775  
[  9]  54.00-55.00  sec  9.23 MBytes  77.4 Mbits/sec  6775  
[ 11]  54.00-55.00  sec  9.23 MBytes  77.4 Mbits/sec  6775  
[ 13]  54.00-55.00  sec  9.23 MBytes  77.4 Mbits/sec  6775  
[ 15]  54.00-55.00  sec  9.23 MBytes  77.4 Mbits/sec  6775  
[ 17]  54.00-55.00  sec  9.23 MBytes  77.4 Mbits/sec  6775  
[ 19]  54.00-55.00  sec  9.23 MBytes  77.4 Mbits/sec  6775  
[ 21]  54.00-55.00  sec  9.23 MBytes  77.4 Mbits/sec  6775  
[ 23]  54.00-55.00  sec  9.23 MBytes  77.4 Mbits/sec  6775  
[ 25]  54.00-55.00  sec  9.23 MBytes  77.4 Mbits/sec  6775  
[ 27]  54.00-55.00  sec  9.23 MBytes  77.4 Mbits/sec  6775  
[ 29]  54.00-55.00  sec  9.23 MBytes  77.4 Mbits/sec  6775  
[ 31]  54.00-55.00  sec  9.23 MBytes  77.4 Mbits/sec  6775  
[ 33]  54.00-55.00  sec  9.23 MBytes  77.4 Mbits/sec  6775  
[ 35]  54.00-55.00  sec  9.23 MBytes  77.4 Mbits/sec  6775  
[ 37]  54.00-55.00  sec  9.23 MBytes  77.4 Mbits/sec  6775  
[ 39]  54.00-55.00  sec  9.23 MBytes  77.4 Mbits/sec  6775  
[ 41]  54.00-55.00  sec  9.23 MBytes  77.4 Mbits/sec  6775  
[ 43]  54.00-55.00  sec  9.23 MBytes  77.4 Mbits/sec  6775  
[SUM]  54.00-55.00  sec   185 MBytes  1548 Mbits/sec  135500  
- - - - - - - - - - - - - - - - - - - - - - - - -
[  5]  55.00-56.00  sec  9.18 MBytes  77.0 Mbits/sec  6741  
[  7]  55.00-56.00  sec  9.18 MBytes  77.0 Mbits/sec  6741  
[  9]  55.00-56.00  sec  9.18 MBytes  77.0 Mbits/sec  6741  
[ 11]  55.00-56.00  sec  9.18 MBytes  77.0 Mbits/sec  6741  
[ 13]  55.00-56.00  sec  9.18 MBytes  77.0 Mbits/sec  6741  
[ 15]  55.00-56.00  sec  9.18 MBytes  77.0 Mbits/sec  6741  
[ 17]  55.00-56.00  sec  9.18 MBytes  77.0 Mbits/sec  6741  
[ 19]  55.00-56.00  sec  9.18 MBytes  77.0 Mbits/sec  6741  
[ 21]  55.00-56.00  sec  9.18 MBytes  77.0 Mbits/sec  6741  
[ 23]  55.00-56.00  sec  9.18 MBytes  77.0 Mbits/sec  6741  
[ 25]  55.00-56.00  sec  9.18 MBytes  77.0 Mbits/sec  6741  
[ 27]  55.00-56.00  sec  9.18 MBytes  77.0 Mbits/sec  6741  
[ 29]  55.00-56.00  sec  9.18 MBytes  77.0 Mbits/sec  6741  
[ 31]  55.00-56.00  sec  9.18 MBytes  77.0 Mbits/sec  6741  
[ 33]  55.00-56.00  sec  9.18 MBytes  77.0 Mbits/sec  6741  
[ 35]  55.00-56.00  sec  9.18 MBytes  77.0 Mbits/sec  6741  
[ 37]  55.00-56.00  sec  9.18 MBytes  77.0 Mbits/sec  6741  
[ 39]  55.00-56.00  sec  9.18 MBytes  77.0 Mbits/sec  6741  
[ 41]  55.00-56.00  sec  9.18 MBytes  77.0 Mbits/sec  6741  
[ 43]  55.00-56.00  sec  9.18 MBytes  77.0 Mbits/sec  6741  
[SUM]  55.00-56.00  sec   184 MBytes  1540 Mbits/sec  134820  
- - - - - - - - - - - - - - - - - - - - - - - - -
[  5]  56.00-57.00  sec  9.14 MBytes  76.7 Mbits/sec  6711  
[  7]  56.00-57.00  sec  9.14 MBytes  76.7 Mbits/sec  6711  
[  9]  56.00-57.00  sec  9.14 MBytes  76.7 Mbits/sec  6711  
[ 11]  56.00-57.00  sec  9.14 MBytes  76.7 Mbits/sec  6711  
[ 13]  56.00-57.00  sec  9.14 MBytes  76.7 Mbits/sec  6711  
[ 15]  56.00-57.00  sec  9.14 MBytes  76.7 Mbits/sec  6711  
[ 17]  56.00-57.00  sec  9.14 MBytes  76.7 Mbits/sec  6711  
[ 19]  56.00-57.00  sec  9.14 MBytes  76.7 Mbits/sec  6711  
[ 21]  56.00-57.00  sec  9.14 MBytes  76.7 Mbits/sec  6711  
[ 23]  56.00-57.00  sec  9.14 MBytes  76.7 Mbits/sec  6711  
[ 25]  56.00-57.00  sec  9.14 MBytes  76.7 Mbits/sec  6711  
[ 27]  56.00-57.00  sec  9.14 MBytes  76.7 Mbits/sec  6711  
[ 29]  56.00-57.00  sec  9.14 MBytes  76.7 Mbits/sec  6711  
[ 31]  56.00-57.00  sec  9.14 MBytes  76.7 Mbits/sec  6711  
[ 33]  56.00-57.00  sec  9.14 MBytes  76.7 Mbits/sec  6711  
[ 35]  56.00-57.00  sec  9.14 MBytes  76.7 Mbits/sec  6711  
[ 37]  56.00-57.00  sec  9.14 MBytes  76.7 Mbits/sec  6711  
[ 39]  56.00-57.00  sec  9.14 MBytes  76.7 Mbits/sec  6711  
[ 41]  56.00-57.00  sec  9.14 MBytes  76.7 Mbits/sec  6711  
[ 43]  56.00-57.00  sec  9.14 MBytes  76.7 Mbits/sec  6711  
[SUM]  56.00-57.00  sec   183 MBytes  1533 Mbits/sec  134220  
- - - - - - - - - - - - - - - - - - - - - - - - -
[  5]  57.00-58.00  sec  9.33 MBytes  78.3 Mbits/sec  6851  
[  7]  57.00-58.00  sec  9.33 MBytes  78.3 Mbits/sec  6851  
[  9]  57.00-58.00  sec  9.33 MBytes  78.3 Mbits/sec  6851  
[ 11]  57.00-58.00  sec  9.33 MBytes  78.3 Mbits/sec  6851  
[ 13]  57.00-58.00  sec  9.33 MBytes  78.3 Mbits/sec  6851  
[ 15]  57.00-58.00  sec  9.33 MBytes  78.3 Mbits/sec  6851  
[ 17]  57.00-58.00  sec  9.33 MBytes  78.3 Mbits/sec  6851  
[ 19]  57.00-58.00  sec  9.33 MBytes  78.3 Mbits/sec  6851  
[ 21]  57.00-58.00  sec  9.33 MBytes  78.3 Mbits/sec  6851  
[ 23]  57.00-58.00  sec  9.33 MBytes  78.3 Mbits/sec  6851  
[ 25]  57.00-58.00  sec  9.33 MBytes  78.3 Mbits/sec  6851  
[ 27]  57.00-58.00  sec  9.33 MBytes  78.3 Mbits/sec  6851  
[ 29]  57.00-58.00  sec  9.33 MBytes  78.3 Mbits/sec  6851  
[ 31]  57.00-58.00  sec  9.33 MBytes  78.3 Mbits/sec  6851  
[ 33]  57.00-58.00  sec  9.33 MBytes  78.3 Mbits/sec  6851  
[ 35]  57.00-58.00  sec  9.33 MBytes  78.3 Mbits/sec  6851  
[ 37]  57.00-58.00  sec  9.33 MBytes  78.3 Mbits/sec  6851  
[ 39]  57.00-58.00  sec  9.33 MBytes  78.3 Mbits/sec  6851  
[ 41]  57.00-58.00  sec  9.33 MBytes  78.3 Mbits/sec  6851  
[ 43]  57.00-58.00  sec  9.33 MBytes  78.3 Mbits/sec  6851  
[SUM]  57.00-58.00  sec   187 MBytes  1566 Mbits/sec  137020  
- - - - - - - - - - - - - - - - - - - - - - - - -
[  5]  58.00-59.00  sec  9.38 MBytes  78.7 Mbits/sec  6886  
[  7]  58.00-59.00  sec  9.38 MBytes  78.7 Mbits/sec  6886  
[  9]  58.00-59.00  sec  9.38 MBytes  78.7 Mbits/sec  6886  
[ 11]  58.00-59.00  sec  9.38 MBytes  78.7 Mbits/sec  6886  
[ 13]  58.00-59.00  sec  9.38 MBytes  78.7 Mbits/sec  6886  
[ 15]  58.00-59.00  sec  9.38 MBytes  78.7 Mbits/sec  6886  
[ 17]  58.00-59.00  sec  9.38 MBytes  78.7 Mbits/sec  6886  
[ 19]  58.00-59.00  sec  9.38 MBytes  78.7 Mbits/sec  6886  
[ 21]  58.00-59.00  sec  9.38 MBytes  78.7 Mbits/sec  6886  
[ 23]  58.00-59.00  sec  9.38 MBytes  78.7 Mbits/sec  6886  
[ 25]  58.00-59.00  sec  9.38 MBytes  78.7 Mbits/sec  6886  
[ 27]  58.00-59.00  sec  9.38 MBytes  78.7 Mbits/sec  6886  
[ 29]  58.00-59.00  sec  9.38 MBytes  78.7 Mbits/sec  6886  
[ 31]  58.00-59.00  sec  9.38 MBytes  78.7 Mbits/sec  6886  
[ 33]  58.00-59.00  sec  9.38 MBytes  78.7 Mbits/sec  6886  
[ 35]  58.00-59.00  sec  9.38 MBytes  78.7 Mbits/sec  6886  
[ 37]  58.00-59.00  sec  9.38 MBytes  78.7 Mbits/sec  6886  
[ 39]  58.00-59.00  sec  9.38 MBytes  78.7 Mbits/sec  6886  
[ 41]  58.00-59.00  sec  9.38 MBytes  78.7 Mbits/sec  6886  
[ 43]  58.00-59.00  sec  9.38 MBytes  78.7 Mbits/sec  6886  
[SUM]  58.00-59.00  sec   188 MBytes  1573 Mbits/sec  137720  
- - - - - - - - - - - - - - - - - - - - - - - - -
[  5]  59.00-60.00  sec  9.35 MBytes  78.5 Mbits/sec  6868  
[  7]  59.00-60.00  sec  9.35 MBytes  78.5 Mbits/sec  6868  
[  9]  59.00-60.00  sec  9.35 MBytes  78.5 Mbits/sec  6868  
[ 11]  59.00-60.00  sec  9.35 MBytes  78.5 Mbits/sec  6868  
[ 13]  59.00-60.00  sec  9.35 MBytes  78.5 Mbits/sec  6868  
[ 15]  59.00-60.00  sec  9.35 MBytes  78.5 Mbits/sec  6868  
[ 17]  59.00-60.00  sec  9.35 MBytes  78.5 Mbits/sec  6868  
[ 19]  59.00-60.00  sec  9.35 MBytes  78.5 Mbits/sec  6868  
[ 21]  59.00-60.00  sec  9.35 MBytes  78.5 Mbits/sec  6868  
[ 23]  59.00-60.00  sec  9.35 MBytes  78.5 Mbits/sec  6868  
[ 25]  59.00-60.00  sec  9.35 MBytes  78.5 Mbits/sec  6868  
[ 27]  59.00-60.00  sec  9.35 MBytes  78.5 Mbits/sec  6868  
[ 29]  59.00-60.00  sec  9.35 MBytes  78.5 Mbits/sec  6868  
[ 31]  59.00-60.00  sec  9.35 MBytes  78.5 Mbits/sec  6868  
[ 33]  59.00-60.00  sec  9.35 MBytes  78.5 Mbits/sec  6868  
[ 35]  59.00-60.00  sec  9.35 MBytes  78.5 Mbits/sec  6868  
[ 37]  59.00-60.00  sec  9.35 MBytes  78.5 Mbits/sec  6868  
[ 39]  59.00-60.00  sec  9.35 MBytes  78.5 Mbits/sec  6868  
[ 41]  59.00-60.00  sec  9.35 MBytes  78.5 Mbits/sec  6868  
[ 43]  59.00-60.00  sec  9.35 MBytes  78.5 Mbits/sec  6868  
[SUM]  59.00-60.00  sec   187 MBytes  1569 Mbits/sec  137360  
- - - - - - - - - - - - - - - - - - - - - - - - -
[ ID] Interval           Transfer     Bitrate         Jitter    Lost/Total Datagrams
[  5]   0.00-60.00  sec   570 MBytes  79.7 Mbits/sec  0.000 ms  0/418591 (0%)  sender
[  5]   0.00-60.00  sec   570 MBytes  79.7 Mbits/sec  0.030 ms  0/418591 (0%)  receiver
[  7]   0.00-60.00  sec   570 MBytes  79.7 Mbits/sec  0.000 ms  0/418564 (0%)  sender
[  7]   0.00-60.00  sec   570 MBytes  79.7 Mbits/sec  0.080 ms  0/418564 (0%)  receiver
[  9]   0.00-60.00  sec   570 MBytes  79.7 Mbits/sec  0.000 ms  0/418541 (0%)  sender
[  9]   0.00-60.00  sec   570 MBytes  79.7 Mbits/sec  0.028 ms  0/418541 (0%)  receiver
[ 11]   0.00-60.00  sec   570 MBytes  79.7 Mbits/sec  0.000 ms  0/418522 (0%)  sender
[ 11]   0.00-60.00  sec   570 MBytes  79.7 Mbits/sec  0.029 ms  0/418522 (0%)  receiver
[ 13]   0.00-60.00  sec   570 MBytes  79.7 Mbits/sec  0.000 ms  0/418500 (0%)  sender
[ 13]   0.00-60.00  sec   570 MBytes  79.7 Mbits/sec  0.020 ms  0/418500 (0%)  receiver
[ 15]   0.00-60.00  sec   570 MBytes  79.7 Mbits/sec  0.000 ms  0/418472 (0%)  sender
[ 15]   0.00-60.00  sec   570 MBytes  79.7 Mbits/sec  0.058 ms  0/418472 (0%)  receiver
[ 17]   0.00-60.00  sec   570 MBytes  79.7 Mbits/sec  0.000 ms  0/418453 (0%)  sender
[ 17]   0.00-60.00  sec   570 MBytes  79.7 Mbits/sec  0.087 ms  0/418453 (0%)  receiver
[ 19]   0.00-60.00  sec   570 MBytes  79.7 Mbits/sec  0.000 ms  0/418435 (0%)  sender
[ 19]   0.00-60.00  sec   570 MBytes  79.7 Mbits/sec  0.052 ms  0/418435 (0%)  receiver
[ 21]   0.00-60.00  sec   570 MBytes  79.7 Mbits/sec  0.000 ms  0/418421 (0%)  sender
[ 21]   0.00-60.00  sec   570 MBytes  79.7 Mbits/sec  0.049 ms  0/418421 (0%)  receiver
[ 23]   0.00-60.00  sec   570 MBytes  79.7 Mbits/sec  0.000 ms  0/418403 (0%)  sender
[ 23]   0.00-60.00  sec   570 MBytes  79.7 Mbits/sec  0.042 ms  0/418403 (0%)  receiver
[ 25]   0.00-60.00  sec   570 MBytes  79.7 Mbits/sec  0.000 ms  0/418382 (0%)  sender
[ 25]   0.00-60.00  sec   570 MBytes  79.7 Mbits/sec  0.048 ms  0/418382 (0%)  receiver
[ 27]   0.00-60.00  sec   570 MBytes  79.7 Mbits/sec  0.000 ms  0/418361 (0%)  sender
[ 27]   0.00-60.00  sec   570 MBytes  79.7 Mbits/sec  0.047 ms  0/418361 (0%)  receiver
[ 29]   0.00-60.00  sec   570 MBytes  79.7 Mbits/sec  0.000 ms  0/418348 (0%)  sender
[ 29]   0.00-60.00  sec   570 MBytes  79.7 Mbits/sec  0.051 ms  0/418348 (0%)  receiver
[ 31]   0.00-60.00  sec   570 MBytes  79.7 Mbits/sec  0.000 ms  0/418331 (0%)  sender
[ 31]   0.00-60.00  sec   570 MBytes  79.6 Mbits/sec  0.062 ms  0/418331 (0%)  receiver
[ 33]   0.00-60.00  sec   570 MBytes  79.6 Mbits/sec  0.000 ms  0/418310 (0%)  sender
[ 33]   0.00-60.00  sec   570 MBytes  79.6 Mbits/sec  0.088 ms  0/418310 (0%)  receiver
[ 35]   0.00-60.00  sec   570 MBytes  79.6 Mbits/sec  0.000 ms  0/418277 (0%)  sender
[ 35]   0.00-60.00  sec   570 MBytes  79.6 Mbits/sec  0.039 ms  0/418277 (0%)  receiver
[ 37]   0.00-60.00  sec   570 MBytes  79.6 Mbits/sec  0.000 ms  0/418260 (0%)  sender
[ 37]   0.00-60.00  sec   570 MBytes  79.6 Mbits/sec  0.050 ms  0/418260 (0%)  receiver
[ 39]   0.00-60.00  sec   570 MBytes  79.6 Mbits/sec  0.000 ms  0/418244 (0%)  sender
[ 39]   0.00-60.00  sec   570 MBytes  79.6 Mbits/sec  0.039 ms  0/418244 (0%)  receiver
[ 41]   0.00-60.00  sec   570 MBytes  79.6 Mbits/sec  0.000 ms  0/418226 (0%)  sender
[ 41]   0.00-60.00  sec   570 MBytes  79.6 Mbits/sec  0.094 ms  0/418226 (0%)  receiver
[ 43]   0.00-60.00  sec   570 MBytes  79.6 Mbits/sec  0.000 ms  0/418201 (0%)  sender
[ 43]   0.00-60.00  sec   570 MBytes  79.6 Mbits/sec  0.040 ms  0/418201 (0%)  receiver
[SUM]   0.00-60.00  sec  11.1 GBytes  1593 Mbits/sec  0.000 ms  0/8367842 (0%)  sender
[SUM]   0.00-60.00  sec  11.1 GBytes  1593 Mbits/sec  0.052 ms  0/8367842 (0%)  receiver

iperf Done.
