Connecting to host 10.10.0.2, port 30000
[  5] local 10.244.2.2 port 60594 connected to 10.10.0.2 port 30000
[ ID] Interval           Transfer     Bitrate         Total Datagrams
[  5]   0.00-1.00   sec   147 MBytes  1233 Mbits/sec  107943  
[  5]   1.00-2.00   sec   151 MBytes  1271 Mbits/sec  111227  
[  5]   2.00-3.00   sec   152 MBytes  1275 Mbits/sec  111583  
[  5]   3.00-4.00   sec   153 MBytes  1281 Mbits/sec  112157  
[  5]   4.00-5.00   sec   152 MBytes  1278 Mbits/sec  111883  
[  5]   5.00-6.00   sec   151 MBytes  1268 Mbits/sec  111023  
[  5]   6.00-7.00   sec   152 MBytes  1278 Mbits/sec  111851  
[  5]   7.00-8.00   sec   153 MBytes  1287 Mbits/sec  112695  
[  5]   8.00-9.00   sec   152 MBytes  1275 Mbits/sec  111619  
[  5]   9.00-10.00  sec   150 MBytes  1260 Mbits/sec  110281  
[  5]  10.00-11.00  sec   148 MBytes  1238 Mbits/sec  108344  
[  5]  11.00-12.00  sec   150 MBytes  1256 Mbits/sec  109981  
[  5]  12.00-13.00  sec   152 MBytes  1278 Mbits/sec  111850  
[  5]  13.00-14.00  sec   150 MBytes  1261 Mbits/sec  110362  
[  5]  14.00-15.00  sec   152 MBytes  1272 Mbits/sec  111384  
[  5]  15.00-16.00  sec   152 MBytes  1275 Mbits/sec  111606  
[  5]  16.00-17.00  sec   149 MBytes  1253 Mbits/sec  109661  
[  5]  17.00-18.00  sec   152 MBytes  1278 Mbits/sec  111886  
[  5]  18.00-19.00  sec   150 MBytes  1259 Mbits/sec  110167  
[  5]  19.00-20.00  sec   152 MBytes  1273 Mbits/sec  111412  
[  5]  20.00-21.00  sec   150 MBytes  1257 Mbits/sec  110004  
[  5]  21.00-22.00  sec   153 MBytes  1282 Mbits/sec  112182  
[  5]  22.00-23.00  sec   151 MBytes  1267 Mbits/sec  110930  
[  5]  23.00-24.00  sec   152 MBytes  1272 Mbits/sec  111338  
[  5]  24.00-25.00  sec   151 MBytes  1268 Mbits/sec  110979  
[  5]  25.00-26.00  sec   150 MBytes  1256 Mbits/sec  109916  
[  5]  26.00-27.00  sec   149 MBytes  1250 Mbits/sec  109446  
[  5]  27.00-28.00  sec   149 MBytes  1251 Mbits/sec  109515  
[  5]  28.00-29.00  sec   150 MBytes  1261 Mbits/sec  110420  
[  5]  29.00-30.00  sec   151 MBytes  1263 Mbits/sec  110574  
[  5]  30.00-31.00  sec   153 MBytes  1283 Mbits/sec  112302  
[  5]  31.00-32.00  sec   152 MBytes  1272 Mbits/sec  111303  
[  5]  32.00-33.00  sec   152 MBytes  1278 Mbits/sec  111843  
[  5]  33.00-34.00  sec   152 MBytes  1275 Mbits/sec  111624  
[  5]  34.00-35.00  sec   151 MBytes  1269 Mbits/sec  111074  
[  5]  35.00-36.00  sec   151 MBytes  1270 Mbits/sec  111129  
[  5]  36.00-37.00  sec   152 MBytes  1274 Mbits/sec  111511  
[  5]  37.00-38.00  sec   153 MBytes  1286 Mbits/sec  112554  
[  5]  38.00-39.00  sec   153 MBytes  1282 Mbits/sec  112177  
[  5]  39.00-40.00  sec   153 MBytes  1280 Mbits/sec  112009  
[  5]  40.00-41.00  sec   153 MBytes  1282 Mbits/sec  112179  
[  5]  41.00-42.00  sec   153 MBytes  1284 Mbits/sec  112364  
[  5]  42.00-43.00  sec   151 MBytes  1267 Mbits/sec  110914  
[  5]  43.00-44.00  sec   152 MBytes  1275 Mbits/sec  111576  
[  5]  44.00-45.00  sec   153 MBytes  1280 Mbits/sec  112005  
[  5]  45.00-46.00  sec   152 MBytes  1272 Mbits/sec  111311  
[  5]  46.00-47.00  sec   149 MBytes  1251 Mbits/sec  109484  
[  5]  47.00-48.00  sec   152 MBytes  1279 Mbits/sec  111916  
[  5]  48.00-49.00  sec   152 MBytes  1273 Mbits/sec  111453  
[  5]  49.00-50.00  sec   152 MBytes  1277 Mbits/sec  111803  
[  5]  50.00-51.00  sec   152 MBytes  1274 Mbits/sec  111557  
[  5]  51.00-52.00  sec   153 MBytes  1284 Mbits/sec  112404  
[  5]  52.00-53.00  sec   151 MBytes  1264 Mbits/sec  110669  
[  5]  53.00-54.00  sec   152 MBytes  1276 Mbits/sec  111682  
[  5]  54.00-55.00  sec   151 MBytes  1270 Mbits/sec  111174  
[  5]  55.00-56.00  sec   151 MBytes  1270 Mbits/sec  111186  
[  5]  56.00-57.00  sec   151 MBytes  1269 Mbits/sec  111112  
[  5]  57.00-58.00  sec   151 MBytes  1263 Mbits/sec  110574  
[  5]  58.00-59.00  sec   150 MBytes  1256 Mbits/sec  109986  
[  5]  59.00-60.00  sec   149 MBytes  1252 Mbits/sec  109611  
- - - - - - - - - - - - - - - - - - - - - - - - -
[ ID] Interval           Transfer     Bitrate         Jitter    Lost/Total Datagrams
[  5]   0.00-60.00  sec  8.87 GBytes  1269 Mbits/sec  0.000 ms  0/6666705 (0%)  sender
[  5]   0.00-60.00  sec  8.77 GBytes  1256 Mbits/sec  0.006 ms  71803/6666705 (1.1%)  receiver

iperf Done.
