Connecting to host 10.10.0.2, port 30000
[  5] local 10.244.1.2 port 56013 connected to 10.10.0.2 port 30000
[ ID] Interval           Transfer     Bitrate         Total Datagrams
[  5]   0.00-1.00   sec   142 MBytes  1191 Mbits/sec  104218  
[  5]   1.00-2.00   sec   142 MBytes  1188 Mbits/sec  103998  
[  5]   2.00-3.00   sec   145 MBytes  1219 Mbits/sec  106705  
[  5]   3.00-4.00   sec   143 MBytes  1197 Mbits/sec  104770  
[  5]   4.00-5.00   sec   145 MBytes  1213 Mbits/sec  106157  
[  5]   5.00-6.00   sec   148 MBytes  1238 Mbits/sec  108384  
[  5]   6.00-7.00   sec   146 MBytes  1224 Mbits/sec  107169  
[  5]   7.00-8.00   sec   145 MBytes  1214 Mbits/sec  106254  
[  5]   8.00-9.00   sec   146 MBytes  1221 Mbits/sec  106860  
[  5]   9.00-10.00  sec   170 MBytes  1425 Mbits/sec  124768  
[  5]  10.00-11.00  sec   180 MBytes  1513 Mbits/sec  132440  
[  5]  11.00-12.00  sec   176 MBytes  1475 Mbits/sec  129152  
[  5]  12.00-13.00  sec   178 MBytes  1491 Mbits/sec  130492  
[  5]  13.00-14.00  sec   180 MBytes  1506 Mbits/sec  131824  
[  5]  14.00-15.00  sec   179 MBytes  1502 Mbits/sec  131437  
[  5]  15.00-16.00  sec   179 MBytes  1498 Mbits/sec  131115  
[  5]  16.00-17.00  sec   177 MBytes  1487 Mbits/sec  130138  
[  5]  17.00-18.00  sec   179 MBytes  1502 Mbits/sec  131455  
[  5]  18.00-19.00  sec   180 MBytes  1513 Mbits/sec  132476  
[  5]  19.00-20.00  sec   180 MBytes  1510 Mbits/sec  132200  
[  5]  20.00-21.00  sec   180 MBytes  1511 Mbits/sec  132269  
[  5]  21.00-22.00  sec   176 MBytes  1480 Mbits/sec  129544  
[  5]  22.00-23.00  sec   145 MBytes  1219 Mbits/sec  106705  
[  5]  23.00-24.00  sec   137 MBytes  1148 Mbits/sec  100507  
[  5]  24.00-25.00  sec   142 MBytes  1191 Mbits/sec  104240  
[  5]  25.00-26.00  sec   140 MBytes  1173 Mbits/sec  102658  
[  5]  26.00-27.00  sec   143 MBytes  1196 Mbits/sec  104669  
[  5]  27.00-28.00  sec   140 MBytes  1177 Mbits/sec  103030  
[  5]  28.00-29.00  sec   143 MBytes  1199 Mbits/sec  104933  
[  5]  29.00-30.00  sec   139 MBytes  1164 Mbits/sec  101850  
[  5]  30.00-31.00  sec   131 MBytes  1101 Mbits/sec  96420  
[  5]  31.00-32.00  sec   143 MBytes  1200 Mbits/sec  105074  
[  5]  32.00-33.00  sec   143 MBytes  1198 Mbits/sec  104839  
[  5]  33.00-34.00  sec   140 MBytes  1171 Mbits/sec  102494  
[  5]  34.00-35.00  sec   144 MBytes  1206 Mbits/sec  105594  
[  5]  35.00-36.00  sec   141 MBytes  1181 Mbits/sec  103354  
[  5]  36.00-37.00  sec   140 MBytes  1172 Mbits/sec  102629  
[  5]  37.00-38.00  sec   142 MBytes  1194 Mbits/sec  104485  
[  5]  38.00-39.00  sec   147 MBytes  1234 Mbits/sec  107986  
[  5]  39.00-40.00  sec   147 MBytes  1232 Mbits/sec  107815  
[  5]  40.00-41.00  sec   144 MBytes  1206 Mbits/sec  105564  
[  5]  41.00-42.00  sec   145 MBytes  1214 Mbits/sec  106233  
[  5]  42.00-43.00  sec   142 MBytes  1192 Mbits/sec  104321  
[  5]  43.00-44.00  sec   145 MBytes  1213 Mbits/sec  106159  
[  5]  44.00-45.00  sec   147 MBytes  1230 Mbits/sec  107654  
[  5]  45.00-46.00  sec   143 MBytes  1198 Mbits/sec  104841  
[  5]  46.00-47.00  sec   146 MBytes  1227 Mbits/sec  107411  
[  5]  47.00-48.00  sec   144 MBytes  1208 Mbits/sec  105780  
[  5]  48.00-49.00  sec   144 MBytes  1204 Mbits/sec  105373  
[  5]  49.00-50.00  sec   142 MBytes  1194 Mbits/sec  104479  
[  5]  50.00-51.00  sec   143 MBytes  1202 Mbits/sec  105181  
[  5]  51.00-52.00  sec   142 MBytes  1194 Mbits/sec  104519  
[  5]  52.00-53.00  sec   145 MBytes  1216 Mbits/sec  106458  
[  5]  53.00-54.00  sec   143 MBytes  1201 Mbits/sec  105090  
[  5]  54.00-55.00  sec   144 MBytes  1208 Mbits/sec  105768  
[  5]  55.00-56.00  sec   145 MBytes  1220 Mbits/sec  106791  
[  5]  56.00-57.00  sec   142 MBytes  1192 Mbits/sec  104378  
[  5]  57.00-58.00  sec   144 MBytes  1204 Mbits/sec  105416  
[  5]  58.00-59.00  sec   138 MBytes  1159 Mbits/sec  101477  
[  5]  59.00-60.00  sec   137 MBytes  1146 Mbits/sec  100319  
- - - - - - - - - - - - - - - - - - - - - - - - -
[ ID] Interval           Transfer     Bitrate         Jitter    Lost/Total Datagrams
[  5]   0.00-60.00  sec  8.81 GBytes  1262 Mbits/sec  0.000 ms  0/6626319 (0%)  sender
[  5]   0.00-60.00  sec  8.79 GBytes  1258 Mbits/sec  0.012 ms  17633/6626319 (0.27%)  receiver

iperf Done.
