Connecting to host 10.10.0.2, port 30000
[  5] local 10.244.1.2 port 46530 connected to 10.10.0.2 port 30000
[ ID] Interval           Transfer     Bitrate         Retr  Cwnd
[  5]   0.00-1.00   sec  1.03 GBytes  8840 Mbits/sec  956   1.54 MBytes       
[  5]   1.00-2.00   sec   805 MBytes  6753 Mbits/sec   56   1.36 MBytes       
[  5]   2.00-3.00   sec   775 MBytes  6501 Mbits/sec    0   1.72 MBytes       
[  5]   3.00-4.00   sec   959 MBytes  8043 Mbits/sec    0   2.09 MBytes       
[  5]   4.00-5.00   sec  1.12 GBytes  9605 Mbits/sec    0   2.45 MBytes       
[  5]   5.00-6.00   sec  1.15 GBytes  9836 Mbits/sec   40   2.03 MBytes       
[  5]   6.00-7.00   sec   981 MBytes  8231 Mbits/sec   32   1.71 MBytes       
[  5]   7.00-8.00   sec   962 MBytes  8074 Mbits/sec    0   2.08 MBytes       
[  5]   8.00-9.00   sec  1.02 GBytes  8756 Mbits/sec   71   1.74 MBytes       
[  5]   9.00-10.00  sec   974 MBytes  8168 Mbits/sec    0   2.11 MBytes       
[  5]  10.00-11.00  sec  1.14 GBytes  9783 Mbits/sec    0   2.49 MBytes       
[  5]  11.00-12.00  sec  1.02 GBytes  8767 Mbits/sec   79   2.08 MBytes       
[  5]  12.00-13.00  sec   961 MBytes  8063 Mbits/sec  123   1.76 MBytes       
[  5]  13.00-14.00  sec   970 MBytes  8137 Mbits/sec    0   2.13 MBytes       
[  5]  14.00-15.00  sec  1.13 GBytes  9668 Mbits/sec    0   2.49 MBytes       
[  5]  15.00-16.00  sec  1.05 GBytes  8997 Mbits/sec   97   2.06 MBytes       
[  5]  16.00-17.00  sec   944 MBytes  7914 Mbits/sec   22   1.75 MBytes       
[  5]  17.00-18.00  sec   968 MBytes  8118 Mbits/sec    0   2.12 MBytes       
[  5]  18.00-19.00  sec  1016 MBytes  8525 Mbits/sec  139   1.79 MBytes       
[  5]  19.00-20.00  sec   989 MBytes  8292 Mbits/sec    0   2.16 MBytes       
[  5]  20.00-21.00  sec  1.09 GBytes  9334 Mbits/sec   26   1.79 MBytes       
[  5]  21.00-22.00  sec   990 MBytes  8305 Mbits/sec    0   2.15 MBytes       
[  5]  22.00-23.00  sec   886 MBytes  7434 Mbits/sec    4   1.86 MBytes       
[  5]  23.00-24.00  sec   881 MBytes  7391 Mbits/sec   19   1.61 MBytes       
[  5]  24.00-25.00  sec   904 MBytes  7582 Mbits/sec    0   1.97 MBytes       
[  5]  25.00-26.00  sec  1.06 GBytes  9132 Mbits/sec    0   2.33 MBytes       
[  5]  26.00-27.00  sec  1.15 GBytes  9837 Mbits/sec  528   1.91 MBytes       
[  5]  27.00-28.00  sec  1.03 GBytes  8858 Mbits/sec    0   2.28 MBytes       
[  5]  28.00-29.00  sec   952 MBytes  7992 Mbits/sec  208   1.94 MBytes       
[  5]  29.00-30.00  sec  1.05 GBytes  9028 Mbits/sec    0   2.32 MBytes       
[  5]  30.00-31.00  sec   945 MBytes  7927 Mbits/sec  112   1.97 MBytes       
[  5]  31.00-32.00  sec  1.06 GBytes  9112 Mbits/sec    0   2.33 MBytes       
[  5]  32.00-33.00  sec  1.24 GBytes  10665 Mbits/sec    0   2.71 MBytes       
[  5]  33.00-34.00  sec  1.43 GBytes  12310 Mbits/sec    0   3.08 MBytes       
[  5]  34.00-35.00  sec  1.51 GBytes  12961 Mbits/sec  1095   2.43 MBytes       
[  5]  35.00-36.00  sec  1.29 GBytes  11114 Mbits/sec    0   2.80 MBytes       
[  5]  36.00-37.00  sec  1.48 GBytes  12678 Mbits/sec    0   3.17 MBytes       
[  5]  37.00-38.00  sec  1.28 GBytes  11031 Mbits/sec  111   2.56 MBytes       
[  5]  38.00-39.00  sec  1.36 GBytes  11681 Mbits/sec    0   2.92 MBytes       
[  5]  39.00-40.00  sec  1.55 GBytes  13275 Mbits/sec    0   3.29 MBytes       
[  5]  40.00-41.00  sec  1.72 GBytes  14774 Mbits/sec    0   3.67 MBytes       
[  5]  41.00-42.00  sec  1.90 GBytes  16295 Mbits/sec    0   4.00 MBytes       
[  5]  42.00-43.00  sec  1.94 GBytes  16693 Mbits/sec    0   4.01 MBytes       
[  5]  43.00-44.00  sec  1.89 GBytes  16264 Mbits/sec    0   4.01 MBytes       
[  5]  44.00-45.00  sec  1.92 GBytes  16490 Mbits/sec    0   4.01 MBytes       
[  5]  45.00-46.00  sec  1.92 GBytes  16467 Mbits/sec    0   4.01 MBytes       
[  5]  46.00-47.00  sec  1.92 GBytes  16494 Mbits/sec    0   4.01 MBytes       
[  5]  47.00-48.00  sec  1.91 GBytes  16442 Mbits/sec    0   4.01 MBytes       
[  5]  48.00-49.00  sec  1.93 GBytes  16555 Mbits/sec    0   4.01 MBytes       
[  5]  49.00-50.00  sec  1.49 GBytes  12762 Mbits/sec  1509   3.16 MBytes       
[  5]  50.00-51.00  sec  1.66 GBytes  14229 Mbits/sec    0   3.52 MBytes       
[  5]  51.00-52.00  sec  1.83 GBytes  15718 Mbits/sec    0   3.88 MBytes       
[  5]  52.00-53.00  sec  1.92 GBytes  16494 Mbits/sec    0   4.00 MBytes       
[  5]  53.00-54.00  sec  1.91 GBytes  16379 Mbits/sec    0   4.00 MBytes       
[  5]  54.00-55.00  sec  1.90 GBytes  16344 Mbits/sec    0   4.00 MBytes       
[  5]  55.00-56.00  sec  1.90 GBytes  16358 Mbits/sec    0   4.00 MBytes       
[  5]  56.00-57.00  sec  1.77 GBytes  15176 Mbits/sec  204   2.90 MBytes       
[  5]  57.00-58.00  sec  1.11 GBytes  9529 Mbits/sec  261   2.38 MBytes       
[  5]  58.00-59.00  sec   984 MBytes  8254 Mbits/sec  240   2.01 MBytes       
[  5]  59.00-60.00  sec  1.08 GBytes  9280 Mbits/sec    0   2.37 MBytes       
- - - - - - - - - - - - - - - - - - - - - - - - -
[ ID] Interval           Transfer     Bitrate         Retr
[  5]   0.00-60.00  sec  77.3 GBytes  11062 Mbits/sec  5932             sender
[  5]   0.00-60.00  sec  77.3 GBytes  11061 Mbits/sec                  receiver

iperf Done.
