Connecting to host 10.10.0.2, port 30000
[  5] local 10.44.0.1 port 34502 connected to 10.10.0.2 port 30000
[ ID] Interval           Transfer     Bitrate         Total Datagrams
[  5]   0.00-1.00   sec   150 MBytes  1255 Mbits/sec  118465  
[  5]   1.00-2.00   sec   150 MBytes  1261 Mbits/sec  119075  
[  5]   2.00-3.00   sec   148 MBytes  1245 Mbits/sec  117517  
[  5]   3.00-4.00   sec   148 MBytes  1245 Mbits/sec  117544  
[  5]   4.00-5.00   sec   149 MBytes  1248 Mbits/sec  117787  
[  5]   5.00-6.00   sec   148 MBytes  1243 Mbits/sec  117350  
[  5]   6.00-7.00   sec   149 MBytes  1251 Mbits/sec  118141  
[  5]   7.00-8.00   sec   148 MBytes  1243 Mbits/sec  117311  
[  5]   8.00-9.00   sec   148 MBytes  1240 Mbits/sec  117068  
[  5]   9.00-10.00  sec   149 MBytes  1247 Mbits/sec  117764  
[  5]  10.00-11.00  sec   149 MBytes  1253 Mbits/sec  118255  
[  5]  11.00-12.00  sec   151 MBytes  1269 Mbits/sec  119783  
[  5]  12.00-13.00  sec   150 MBytes  1256 Mbits/sec  118563  
[  5]  13.00-14.00  sec   150 MBytes  1260 Mbits/sec  118941  
[  5]  14.00-15.00  sec   148 MBytes  1241 Mbits/sec  117148  
[  5]  15.00-16.00  sec   149 MBytes  1248 Mbits/sec  117854  
[  5]  16.00-17.00  sec   147 MBytes  1233 Mbits/sec  116439  
[  5]  17.00-18.00  sec   148 MBytes  1238 Mbits/sec  116907  
[  5]  18.00-19.00  sec   148 MBytes  1240 Mbits/sec  117027  
[  5]  19.00-20.00  sec   149 MBytes  1249 Mbits/sec  117883  
[  5]  20.00-21.00  sec   149 MBytes  1250 Mbits/sec  118014  
[  5]  21.00-22.00  sec   150 MBytes  1258 Mbits/sec  118737  
[  5]  22.00-23.00  sec   146 MBytes  1226 Mbits/sec  115779  
[  5]  23.00-24.00  sec   147 MBytes  1237 Mbits/sec  116778  
[  5]  24.00-25.00  sec   148 MBytes  1245 Mbits/sec  117505  
[  5]  25.00-26.00  sec   149 MBytes  1247 Mbits/sec  117732  
[  5]  26.00-27.00  sec   145 MBytes  1217 Mbits/sec  114863  
[  5]  27.00-28.00  sec   149 MBytes  1249 Mbits/sec  117885  
[  5]  28.00-29.00  sec   147 MBytes  1230 Mbits/sec  116161  
[  5]  29.00-30.00  sec   147 MBytes  1233 Mbits/sec  116450  
[  5]  30.00-31.00  sec   147 MBytes  1237 Mbits/sec  116752  
[  5]  31.00-32.00  sec   151 MBytes  1264 Mbits/sec  119361  
[  5]  32.00-33.00  sec   149 MBytes  1251 Mbits/sec  118153  
[  5]  33.00-34.00  sec   151 MBytes  1270 Mbits/sec  119878  
[  5]  34.00-35.00  sec   146 MBytes  1221 Mbits/sec  115279  
[  5]  35.00-36.00  sec   149 MBytes  1253 Mbits/sec  118342  
[  5]  36.00-37.00  sec   148 MBytes  1245 Mbits/sec  117576  
[  5]  37.00-38.00  sec   150 MBytes  1256 Mbits/sec  118556  
[  5]  38.00-39.00  sec   149 MBytes  1247 Mbits/sec  117749  
[  5]  39.00-40.00  sec   149 MBytes  1247 Mbits/sec  117706  
[  5]  40.00-41.00  sec   147 MBytes  1231 Mbits/sec  116262  
[  5]  41.00-42.00  sec   150 MBytes  1258 Mbits/sec  118784  
[  5]  42.00-43.00  sec   149 MBytes  1250 Mbits/sec  117992  
[  5]  43.00-44.00  sec   151 MBytes  1267 Mbits/sec  119659  
[  5]  44.00-45.00  sec   148 MBytes  1242 Mbits/sec  117215  
[  5]  45.00-46.00  sec   149 MBytes  1250 Mbits/sec  117968  
[  5]  46.00-47.00  sec   146 MBytes  1222 Mbits/sec  115362  
[  5]  47.00-48.00  sec   149 MBytes  1250 Mbits/sec  117999  
[  5]  48.00-49.00  sec   146 MBytes  1229 Mbits/sec  116022  
[  5]  49.00-50.00  sec   145 MBytes  1217 Mbits/sec  114927  
[  5]  50.00-51.00  sec   148 MBytes  1238 Mbits/sec  116845  
[  5]  51.00-52.00  sec   149 MBytes  1252 Mbits/sec  118220  
[  5]  52.00-53.00  sec   149 MBytes  1253 Mbits/sec  118338  
[  5]  53.00-54.00  sec   151 MBytes  1266 Mbits/sec  119526  
[  5]  54.00-55.00  sec   149 MBytes  1247 Mbits/sec  117778  
[  5]  55.00-56.00  sec   149 MBytes  1253 Mbits/sec  118282  
[  5]  56.00-57.00  sec   148 MBytes  1245 Mbits/sec  117566  
[  5]  57.00-58.00  sec   148 MBytes  1245 Mbits/sec  117552  
[  5]  58.00-59.00  sec   147 MBytes  1237 Mbits/sec  116815  
[  5]  59.00-60.00  sec   148 MBytes  1239 Mbits/sec  116985  
- - - - - - - - - - - - - - - - - - - - - - - - -
[ ID] Interval           Transfer     Bitrate         Jitter    Lost/Total Datagrams
[  5]   0.00-60.00  sec  8.70 GBytes  1246 Mbits/sec  0.000 ms  0/7056175 (0%)  sender
[  5]   0.00-60.00  sec  8.61 GBytes  1232 Mbits/sec  0.006 ms  74455/7056175 (1.1%)  receiver

iperf Done.
