Connecting to host 10.10.0.6, port 30000
[  5] local 10.44.0.1 port 48640 connected to 10.10.0.6 port 30000
[ ID] Interval           Transfer     Bitrate         Total Datagrams
[  5]   0.00-1.00   sec   175 MBytes  1468 Mbits/sec  138609  
[  5]   1.00-2.00   sec   180 MBytes  1514 Mbits/sec  142927  
[  5]   2.00-3.00   sec   181 MBytes  1516 Mbits/sec  143105  
[  5]   3.00-4.00   sec   176 MBytes  1479 Mbits/sec  139656  
[  5]   4.00-5.00   sec   180 MBytes  1507 Mbits/sec  142252  
[  5]   5.00-6.00   sec   180 MBytes  1510 Mbits/sec  142574  
[  5]   6.00-7.00   sec   180 MBytes  1506 Mbits/sec  142162  
[  5]   7.00-8.00   sec   172 MBytes  1445 Mbits/sec  136413  
[  5]   8.00-9.00   sec   171 MBytes  1438 Mbits/sec  135754  
[  5]   9.00-10.00  sec   174 MBytes  1457 Mbits/sec  137572  
[  5]  10.00-11.00  sec   173 MBytes  1454 Mbits/sec  137317  
[  5]  11.00-12.00  sec   173 MBytes  1448 Mbits/sec  136717  
[  5]  12.00-13.00  sec   174 MBytes  1461 Mbits/sec  137907  
[  5]  13.00-14.00  sec   179 MBytes  1500 Mbits/sec  141661  
[  5]  14.00-15.00  sec   181 MBytes  1519 Mbits/sec  143364  
[  5]  15.00-16.00  sec   179 MBytes  1499 Mbits/sec  141544  
[  5]  16.00-17.00  sec   178 MBytes  1494 Mbits/sec  141073  
[  5]  17.00-18.00  sec   179 MBytes  1503 Mbits/sec  141865  
[  5]  18.00-19.00  sec   182 MBytes  1523 Mbits/sec  143828  
[  5]  19.00-20.00  sec   181 MBytes  1515 Mbits/sec  142991  
[  5]  20.00-21.00  sec   179 MBytes  1500 Mbits/sec  141603  
[  5]  21.00-22.00  sec   180 MBytes  1510 Mbits/sec  142530  
[  5]  22.00-23.00  sec   181 MBytes  1516 Mbits/sec  143091  
[  5]  23.00-24.00  sec   181 MBytes  1518 Mbits/sec  143288  
[  5]  24.00-25.00  sec   181 MBytes  1520 Mbits/sec  143476  
[  5]  25.00-26.00  sec   179 MBytes  1500 Mbits/sec  141635  
[  5]  26.00-27.00  sec   177 MBytes  1487 Mbits/sec  140425  
[  5]  27.00-28.00  sec   175 MBytes  1466 Mbits/sec  138384  
[  5]  28.00-29.00  sec   174 MBytes  1458 Mbits/sec  137642  
[  5]  29.00-30.00  sec   179 MBytes  1498 Mbits/sec  141383  
[  5]  30.00-31.00  sec   179 MBytes  1497 Mbits/sec  141379  
[  5]  31.00-32.00  sec   181 MBytes  1522 Mbits/sec  143732  
[  5]  32.00-33.00  sec   179 MBytes  1498 Mbits/sec  141443  
[  5]  33.00-34.00  sec   176 MBytes  1480 Mbits/sec  139724  
[  5]  34.00-35.00  sec   179 MBytes  1505 Mbits/sec  142095  
[  5]  35.00-36.00  sec   180 MBytes  1509 Mbits/sec  142458  
[  5]  36.00-37.00  sec   181 MBytes  1521 Mbits/sec  143590  
[  5]  37.00-38.00  sec   181 MBytes  1519 Mbits/sec  143448  
[  5]  38.00-39.00  sec   181 MBytes  1515 Mbits/sec  143032  
[  5]  39.00-40.00  sec   182 MBytes  1529 Mbits/sec  144401  
[  5]  40.00-41.00  sec   182 MBytes  1524 Mbits/sec  143869  
[  5]  41.00-42.00  sec   180 MBytes  1510 Mbits/sec  142598  
[  5]  42.00-43.00  sec   181 MBytes  1515 Mbits/sec  143035  
[  5]  43.00-44.00  sec   178 MBytes  1495 Mbits/sec  141153  
[  5]  44.00-45.00  sec   180 MBytes  1510 Mbits/sec  142514  
[  5]  45.00-46.00  sec   182 MBytes  1523 Mbits/sec  143769  
[  5]  46.00-47.00  sec   146 MBytes  1225 Mbits/sec  115627  
[  5]  47.00-48.00  sec   135 MBytes  1131 Mbits/sec  106804  
[  5]  48.00-49.00  sec   135 MBytes  1134 Mbits/sec  107099  
[  5]  49.00-50.00  sec   136 MBytes  1142 Mbits/sec  107826  
[  5]  50.00-51.00  sec   137 MBytes  1151 Mbits/sec  108661  
[  5]  51.00-52.00  sec   134 MBytes  1124 Mbits/sec  106143  
[  5]  52.00-53.00  sec   136 MBytes  1144 Mbits/sec  107995  
[  5]  53.00-54.00  sec   134 MBytes  1121 Mbits/sec  105862  
[  5]  54.00-55.00  sec   137 MBytes  1150 Mbits/sec  108547  
[  5]  55.00-56.00  sec   138 MBytes  1158 Mbits/sec  109323  
[  5]  56.00-57.00  sec   139 MBytes  1162 Mbits/sec  109721  
[  5]  57.00-58.00  sec   137 MBytes  1152 Mbits/sec  108755  
[  5]  58.00-59.00  sec   137 MBytes  1149 Mbits/sec  108457  
[  5]  59.00-60.00  sec   132 MBytes  1105 Mbits/sec  104329  
- - - - - - - - - - - - - - - - - - - - - - - - -
[ ID] Interval           Transfer     Bitrate         Jitter    Lost/Total Datagrams
[  5]   0.00-60.00  sec  9.89 GBytes  1416 Mbits/sec  0.000 ms  0/8020137 (0%)  sender
[  5]   0.00-60.00  sec  9.89 GBytes  1416 Mbits/sec  0.010 ms  655/8020137 (0.0082%)  receiver

iperf Done.
