Connecting to host 10.10.0.6, port 30000
[  5] local 10.44.0.1 port 38041 connected to 10.10.0.6 port 30000
[  7] local 10.44.0.1 port 44088 connected to 10.10.0.6 port 30000
[  9] local 10.44.0.1 port 52027 connected to 10.10.0.6 port 30000
[ 11] local 10.44.0.1 port 44043 connected to 10.10.0.6 port 30000
[ 13] local 10.44.0.1 port 34886 connected to 10.10.0.6 port 30000
[ 15] local 10.44.0.1 port 48604 connected to 10.10.0.6 port 30000
[ 17] local 10.44.0.1 port 41329 connected to 10.10.0.6 port 30000
[ 19] local 10.44.0.1 port 48458 connected to 10.10.0.6 port 30000
[ 21] local 10.44.0.1 port 47915 connected to 10.10.0.6 port 30000
[ 23] local 10.44.0.1 port 39659 connected to 10.10.0.6 port 30000
[ 25] local 10.44.0.1 port 36276 connected to 10.10.0.6 port 30000
[ 27] local 10.44.0.1 port 38894 connected to 10.10.0.6 port 30000
[ 29] local 10.44.0.1 port 33454 connected to 10.10.0.6 port 30000
[ 31] local 10.44.0.1 port 37015 connected to 10.10.0.6 port 30000
[ 33] local 10.44.0.1 port 40329 connected to 10.10.0.6 port 30000
[ 35] local 10.44.0.1 port 41774 connected to 10.10.0.6 port 30000
[ 37] local 10.44.0.1 port 55853 connected to 10.10.0.6 port 30000
[ 39] local 10.44.0.1 port 36121 connected to 10.10.0.6 port 30000
[ 41] local 10.44.0.1 port 43305 connected to 10.10.0.6 port 30000
[ 43] local 10.44.0.1 port 57566 connected to 10.10.0.6 port 30000
[ ID] Interval           Transfer     Bitrate         Total Datagrams
[  5]   0.00-1.00   sec  11.1 MBytes  92.9 Mbits/sec  8769  
[  7]   0.00-1.00   sec  11.1 MBytes  92.8 Mbits/sec  8766  
[  9]   0.00-1.00   sec  11.1 MBytes  92.8 Mbits/sec  8764  
[ 11]   0.00-1.00   sec  11.1 MBytes  92.8 Mbits/sec  8762  
[ 13]   0.00-1.00   sec  11.1 MBytes  92.8 Mbits/sec  8761  
[ 15]   0.00-1.00   sec  11.1 MBytes  92.8 Mbits/sec  8759  
[ 17]   0.00-1.00   sec  11.1 MBytes  92.7 Mbits/sec  8754  
[ 19]   0.00-1.00   sec  11.1 MBytes  92.7 Mbits/sec  8753  
[ 21]   0.00-1.00   sec  11.0 MBytes  92.7 Mbits/sec  8751  
[ 23]   0.00-1.00   sec  11.0 MBytes  92.7 Mbits/sec  8750  
[ 25]   0.00-1.00   sec  11.0 MBytes  92.7 Mbits/sec  8748  
[ 27]   0.00-1.00   sec  11.0 MBytes  92.6 Mbits/sec  8745  
[ 29]   0.00-1.00   sec  11.0 MBytes  92.6 Mbits/sec  8745  
[ 31]   0.00-1.00   sec  11.0 MBytes  92.6 Mbits/sec  8741  
[ 33]   0.00-1.00   sec  11.0 MBytes  92.6 Mbits/sec  8741  
[ 35]   0.00-1.00   sec  11.0 MBytes  92.6 Mbits/sec  8739  
[ 37]   0.00-1.00   sec  11.0 MBytes  92.5 Mbits/sec  8733  
[ 39]   0.00-1.00   sec  11.0 MBytes  92.5 Mbits/sec  8732  
[ 41]   0.00-1.00   sec  11.0 MBytes  92.4 Mbits/sec  8727  
[ 43]   0.00-1.00   sec  11.0 MBytes  92.4 Mbits/sec  8723  
[SUM]   0.00-1.00   sec   221 MBytes  1853 Mbits/sec  174963  
- - - - - - - - - - - - - - - - - - - - - - - - -
[  5]   1.00-2.00   sec  14.3 MBytes   120 Mbits/sec  11296  
[  7]   1.00-2.00   sec  14.3 MBytes   120 Mbits/sec  11290  
[  9]   1.00-2.00   sec  14.2 MBytes   120 Mbits/sec  11284  
[ 11]   1.00-2.00   sec  14.2 MBytes   119 Mbits/sec  11278  
[ 13]   1.00-2.00   sec  14.2 MBytes   119 Mbits/sec  11272  
[ 15]   1.00-2.00   sec  14.2 MBytes   119 Mbits/sec  11267  
[ 17]   1.00-2.00   sec  14.2 MBytes   119 Mbits/sec  11259  
[ 19]   1.00-2.00   sec  14.2 MBytes   119 Mbits/sec  11250  
[ 21]   1.00-2.00   sec  14.2 MBytes   119 Mbits/sec  11247  
[ 23]   1.00-2.00   sec  14.2 MBytes   119 Mbits/sec  11243  
[ 25]   1.00-2.00   sec  14.2 MBytes   119 Mbits/sec  11242  
[ 27]   1.00-2.00   sec  14.2 MBytes   119 Mbits/sec  11240  
[ 29]   1.00-2.00   sec  14.2 MBytes   119 Mbits/sec  11236  
[ 31]   1.00-2.00   sec  14.2 MBytes   119 Mbits/sec  11232  
[ 33]   1.00-2.00   sec  14.2 MBytes   119 Mbits/sec  11228  
[ 35]   1.00-2.00   sec  14.2 MBytes   119 Mbits/sec  11226  
[ 37]   1.00-2.00   sec  14.2 MBytes   119 Mbits/sec  11217  
[ 39]   1.00-2.00   sec  14.2 MBytes   119 Mbits/sec  11211  
[ 41]   1.00-2.00   sec  14.1 MBytes   119 Mbits/sec  11205  
[ 43]   1.00-2.00   sec  14.1 MBytes   119 Mbits/sec  11201  
[SUM]   1.00-2.00   sec   284 MBytes  2382 Mbits/sec  224924  
- - - - - - - - - - - - - - - - - - - - - - - - -
[  5]   2.00-3.00   sec  15.0 MBytes   126 Mbits/sec  11889  
[  7]   2.00-3.00   sec  15.0 MBytes   126 Mbits/sec  11883  
[  9]   2.00-3.00   sec  15.0 MBytes   126 Mbits/sec  11871  
[ 11]   2.00-3.00   sec  15.0 MBytes   126 Mbits/sec  11870  
[ 13]   2.00-3.00   sec  15.0 MBytes   126 Mbits/sec  11864  
[ 15]   2.00-3.00   sec  15.0 MBytes   126 Mbits/sec  11862  
[ 17]   2.00-3.00   sec  15.0 MBytes   126 Mbits/sec  11858  
[ 19]   2.00-3.00   sec  15.0 MBytes   126 Mbits/sec  11853  
[ 21]   2.00-3.00   sec  15.0 MBytes   125 Mbits/sec  11846  
[ 23]   2.00-3.00   sec  15.0 MBytes   125 Mbits/sec  11842  
[ 25]   2.00-3.00   sec  14.9 MBytes   125 Mbits/sec  11837  
[ 27]   2.00-3.00   sec  14.9 MBytes   125 Mbits/sec  11833  
[ 29]   2.00-3.00   sec  14.9 MBytes   125 Mbits/sec  11824  
[ 31]   2.00-3.00   sec  14.9 MBytes   125 Mbits/sec  11820  
[ 33]   2.00-3.00   sec  14.9 MBytes   125 Mbits/sec  11816  
[ 35]   2.00-3.00   sec  14.9 MBytes   125 Mbits/sec  11807  
[ 37]   2.00-3.00   sec  14.9 MBytes   125 Mbits/sec  11796  
[ 39]   2.00-3.00   sec  14.9 MBytes   125 Mbits/sec  11792  
[ 41]   2.00-3.00   sec  14.9 MBytes   125 Mbits/sec  11787  
[ 43]   2.00-3.00   sec  14.9 MBytes   125 Mbits/sec  11785  
[SUM]   2.00-3.00   sec   299 MBytes  2508 Mbits/sec  236735  
- - - - - - - - - - - - - - - - - - - - - - - - -
[  5]   3.00-4.00   sec  15.1 MBytes   127 Mbits/sec  11985  
[  7]   3.00-4.00   sec  15.1 MBytes   127 Mbits/sec  11981  
[  9]   3.00-4.00   sec  15.1 MBytes   127 Mbits/sec  11973  
[ 11]   3.00-4.00   sec  15.1 MBytes   127 Mbits/sec  11967  
[ 13]   3.00-4.00   sec  15.1 MBytes   127 Mbits/sec  11963  
[ 15]   3.00-4.00   sec  15.1 MBytes   127 Mbits/sec  11954  
[ 17]   3.00-4.00   sec  15.1 MBytes   127 Mbits/sec  11950  
[ 19]   3.00-4.00   sec  15.1 MBytes   127 Mbits/sec  11945  
[ 21]   3.00-4.00   sec  15.1 MBytes   126 Mbits/sec  11937  
[ 23]   3.00-4.00   sec  15.1 MBytes   126 Mbits/sec  11930  
[ 25]   3.00-4.00   sec  15.1 MBytes   126 Mbits/sec  11925  
[ 27]   3.00-4.00   sec  15.0 MBytes   126 Mbits/sec  11916  
[ 29]   3.00-4.00   sec  15.0 MBytes   126 Mbits/sec  11911  
[ 31]   3.00-4.00   sec  15.0 MBytes   126 Mbits/sec  11904  
[ 33]   3.00-4.00   sec  15.0 MBytes   126 Mbits/sec  11897  
[ 35]   3.00-4.00   sec  15.0 MBytes   126 Mbits/sec  11896  
[ 37]   3.00-4.00   sec  15.0 MBytes   126 Mbits/sec  11894  
[ 39]   3.00-4.00   sec  15.0 MBytes   126 Mbits/sec  11888  
[ 41]   3.00-4.00   sec  15.0 MBytes   126 Mbits/sec  11881  
[ 43]   3.00-4.00   sec  15.0 MBytes   126 Mbits/sec  11871  
[SUM]   3.00-4.00   sec   301 MBytes  2527 Mbits/sec  238568  
- - - - - - - - - - - - - - - - - - - - - - - - -
[  5]   4.00-5.00   sec  13.7 MBytes   115 Mbits/sec  10831  
[  7]   4.00-5.00   sec  13.7 MBytes   115 Mbits/sec  10823  
[  9]   4.00-5.00   sec  13.7 MBytes   115 Mbits/sec  10818  
[ 11]   4.00-5.00   sec  13.6 MBytes   114 Mbits/sec  10810  
[ 13]   4.00-5.00   sec  13.6 MBytes   114 Mbits/sec  10809  
[ 15]   4.00-5.00   sec  13.6 MBytes   114 Mbits/sec  10803  
[ 17]   4.00-5.00   sec  13.6 MBytes   114 Mbits/sec  10800  
[ 19]   4.00-5.00   sec  13.6 MBytes   114 Mbits/sec  10793  
[ 21]   4.00-5.00   sec  13.6 MBytes   114 Mbits/sec  10785  
[ 23]   4.00-5.00   sec  13.6 MBytes   114 Mbits/sec  10777  
[ 25]   4.00-5.00   sec  13.6 MBytes   114 Mbits/sec  10774  
[ 27]   4.00-5.00   sec  13.6 MBytes   114 Mbits/sec  10767  
[ 29]   4.00-5.00   sec  13.6 MBytes   114 Mbits/sec  10765  
[ 31]   4.00-5.00   sec  13.6 MBytes   114 Mbits/sec  10756  
[ 33]   4.00-5.00   sec  13.6 MBytes   114 Mbits/sec  10749  
[ 35]   4.00-5.00   sec  13.6 MBytes   114 Mbits/sec  10737  
[ 37]   4.00-5.00   sec  13.6 MBytes   114 Mbits/sec  10733  
[ 39]   4.00-5.00   sec  13.5 MBytes   114 Mbits/sec  10729  
[ 41]   4.00-5.00   sec  13.5 MBytes   114 Mbits/sec  10729  
[ 43]   4.00-5.00   sec  13.5 MBytes   114 Mbits/sec  10727  
[SUM]   4.00-5.00   sec   272 MBytes  2283 Mbits/sec  215515  
- - - - - - - - - - - - - - - - - - - - - - - - -
[  5]   5.00-6.00   sec  15.0 MBytes   126 Mbits/sec  11877  
[  7]   5.00-6.00   sec  15.0 MBytes   126 Mbits/sec  11874  
[  9]   5.00-6.00   sec  15.0 MBytes   126 Mbits/sec  11867  
[ 11]   5.00-6.00   sec  15.0 MBytes   126 Mbits/sec  11861  
[ 13]   5.00-6.00   sec  15.0 MBytes   126 Mbits/sec  11856  
[ 15]   5.00-6.00   sec  15.0 MBytes   126 Mbits/sec  11851  
[ 17]   5.00-6.00   sec  15.0 MBytes   125 Mbits/sec  11845  
[ 19]   5.00-6.00   sec  14.9 MBytes   125 Mbits/sec  11838  
[ 21]   5.00-6.00   sec  14.9 MBytes   125 Mbits/sec  11832  
[ 23]   5.00-6.00   sec  14.9 MBytes   125 Mbits/sec  11830  
[ 25]   5.00-6.00   sec  14.9 MBytes   125 Mbits/sec  11822  
[ 27]   5.00-6.00   sec  14.9 MBytes   125 Mbits/sec  11816  
[ 29]   5.00-6.00   sec  14.9 MBytes   125 Mbits/sec  11810  
[ 31]   5.00-6.00   sec  14.9 MBytes   125 Mbits/sec  11805  
[ 33]   5.00-6.00   sec  14.9 MBytes   125 Mbits/sec  11798  
[ 35]   5.00-6.00   sec  14.9 MBytes   125 Mbits/sec  11792  
[ 37]   5.00-6.00   sec  14.9 MBytes   125 Mbits/sec  11786  
[ 39]   5.00-6.00   sec  14.9 MBytes   125 Mbits/sec  11785  
[ 41]   5.00-6.00   sec  14.9 MBytes   125 Mbits/sec  11778  
[ 43]   5.00-6.00   sec  14.9 MBytes   125 Mbits/sec  11774  
[SUM]   5.00-6.00   sec   299 MBytes  2505 Mbits/sec  236497  
- - - - - - - - - - - - - - - - - - - - - - - - -
[  5]   6.00-7.00   sec  14.5 MBytes   122 Mbits/sec  11519  
[  7]   6.00-7.00   sec  14.5 MBytes   122 Mbits/sec  11513  
[  9]   6.00-7.00   sec  14.5 MBytes   122 Mbits/sec  11510  
[ 11]   6.00-7.00   sec  14.5 MBytes   122 Mbits/sec  11508  
[ 13]   6.00-7.00   sec  14.5 MBytes   122 Mbits/sec  11503  
[ 15]   6.00-7.00   sec  14.5 MBytes   122 Mbits/sec  11499  
[ 17]   6.00-7.00   sec  14.5 MBytes   122 Mbits/sec  11495  
[ 19]   6.00-7.00   sec  14.5 MBytes   122 Mbits/sec  11490  
[ 21]   6.00-7.00   sec  14.5 MBytes   122 Mbits/sec  11483  
[ 23]   6.00-7.00   sec  14.5 MBytes   122 Mbits/sec  11481  
[ 25]   6.00-7.00   sec  14.5 MBytes   122 Mbits/sec  11474  
[ 27]   6.00-7.00   sec  14.5 MBytes   121 Mbits/sec  11465  
[ 29]   6.00-7.00   sec  14.5 MBytes   121 Mbits/sec  11463  
[ 31]   6.00-7.00   sec  14.5 MBytes   121 Mbits/sec  11460  
[ 33]   6.00-7.00   sec  14.5 MBytes   121 Mbits/sec  11455  
[ 35]   6.00-7.00   sec  14.5 MBytes   121 Mbits/sec  11453  
[ 37]   6.00-7.00   sec  14.4 MBytes   121 Mbits/sec  11444  
[ 39]   6.00-7.00   sec  14.4 MBytes   121 Mbits/sec  11437  
[ 41]   6.00-7.00   sec  14.4 MBytes   121 Mbits/sec  11430  
[ 43]   6.00-7.00   sec  14.4 MBytes   121 Mbits/sec  11421  
[SUM]   6.00-7.00   sec   290 MBytes  2431 Mbits/sec  229503  
- - - - - - - - - - - - - - - - - - - - - - - - -
[  5]   7.00-8.00   sec  14.9 MBytes   125 Mbits/sec  11797  
[  7]   7.00-8.00   sec  14.9 MBytes   125 Mbits/sec  11793  
[  9]   7.00-8.00   sec  14.9 MBytes   125 Mbits/sec  11783  
[ 11]   7.00-8.00   sec  14.9 MBytes   125 Mbits/sec  11776  
[ 13]   7.00-8.00   sec  14.9 MBytes   125 Mbits/sec  11772  
[ 15]   7.00-8.00   sec  14.9 MBytes   125 Mbits/sec  11769  
[ 17]   7.00-8.00   sec  14.9 MBytes   125 Mbits/sec  11762  
[ 19]   7.00-8.00   sec  14.9 MBytes   125 Mbits/sec  11761  
[ 21]   7.00-8.00   sec  14.8 MBytes   124 Mbits/sec  11752  
[ 23]   7.00-8.00   sec  14.8 MBytes   124 Mbits/sec  11747  
[ 25]   7.00-8.00   sec  14.8 MBytes   124 Mbits/sec  11744  
[ 27]   7.00-8.00   sec  14.8 MBytes   124 Mbits/sec  11734  
[ 29]   7.00-8.00   sec  14.8 MBytes   124 Mbits/sec  11723  
[ 31]   7.00-8.00   sec  14.8 MBytes   124 Mbits/sec  11717  
[ 33]   7.00-8.00   sec  14.8 MBytes   124 Mbits/sec  11711  
[ 35]   7.00-8.00   sec  14.8 MBytes   124 Mbits/sec  11704  
[ 37]   7.00-8.00   sec  14.8 MBytes   124 Mbits/sec  11698  
[ 39]   7.00-8.00   sec  14.8 MBytes   124 Mbits/sec  11692  
[ 41]   7.00-8.00   sec  14.8 MBytes   124 Mbits/sec  11690  
[ 43]   7.00-8.00   sec  14.7 MBytes   124 Mbits/sec  11678  
[SUM]   7.00-8.00   sec   296 MBytes  2487 Mbits/sec  234803  
- - - - - - - - - - - - - - - - - - - - - - - - -
[  5]   8.00-9.00   sec  14.7 MBytes   123 Mbits/sec  11642  
[  7]   8.00-9.00   sec  14.7 MBytes   123 Mbits/sec  11633  
[  9]   8.00-9.00   sec  14.7 MBytes   123 Mbits/sec  11628  
[ 11]   8.00-9.00   sec  14.7 MBytes   123 Mbits/sec  11625  
[ 13]   8.00-9.00   sec  14.7 MBytes   123 Mbits/sec  11621  
[ 15]   8.00-9.00   sec  14.7 MBytes   123 Mbits/sec  11616  
[ 17]   8.00-9.00   sec  14.7 MBytes   123 Mbits/sec  11605  
[ 19]   8.00-9.00   sec  14.6 MBytes   123 Mbits/sec  11601  
[ 21]   8.00-9.00   sec  14.6 MBytes   123 Mbits/sec  11596  
[ 23]   8.00-9.00   sec  14.6 MBytes   123 Mbits/sec  11593  
[ 25]   8.00-9.00   sec  14.6 MBytes   123 Mbits/sec  11590  
[ 27]   8.00-9.00   sec  14.6 MBytes   123 Mbits/sec  11582  
[ 29]   8.00-9.00   sec  14.6 MBytes   123 Mbits/sec  11578  
[ 31]   8.00-9.00   sec  14.6 MBytes   123 Mbits/sec  11577  
[ 33]   8.00-9.00   sec  14.6 MBytes   123 Mbits/sec  11574  
[ 35]   8.00-9.00   sec  14.6 MBytes   123 Mbits/sec  11566  
[ 37]   8.00-9.00   sec  14.6 MBytes   122 Mbits/sec  11559  
[ 39]   8.00-9.00   sec  14.6 MBytes   122 Mbits/sec  11548  
[ 41]   8.00-9.00   sec  14.6 MBytes   122 Mbits/sec  11543  
[ 43]   8.00-9.00   sec  14.6 MBytes   122 Mbits/sec  11539  
[SUM]   8.00-9.00   sec   293 MBytes  2455 Mbits/sec  231816  
- - - - - - - - - - - - - - - - - - - - - - - - -
[  5]   9.00-10.00  sec  14.7 MBytes   123 Mbits/sec  11655  
[  7]   9.00-10.00  sec  14.7 MBytes   123 Mbits/sec  11646  
[  9]   9.00-10.00  sec  14.7 MBytes   123 Mbits/sec  11639  
[ 11]   9.00-10.00  sec  14.7 MBytes   123 Mbits/sec  11637  
[ 13]   9.00-10.00  sec  14.7 MBytes   123 Mbits/sec  11634  
[ 15]   9.00-10.00  sec  14.7 MBytes   123 Mbits/sec  11626  
[ 17]   9.00-10.00  sec  14.7 MBytes   123 Mbits/sec  11623  
[ 19]   9.00-10.00  sec  14.7 MBytes   123 Mbits/sec  11620  
[ 21]   9.00-10.00  sec  14.7 MBytes   123 Mbits/sec  11610  
[ 23]   9.00-10.00  sec  14.7 MBytes   123 Mbits/sec  11607  
[ 25]   9.00-10.00  sec  14.7 MBytes   123 Mbits/sec  11603  
[ 27]   9.00-10.00  sec  14.6 MBytes   123 Mbits/sec  11596  
[ 29]   9.00-10.00  sec  14.6 MBytes   123 Mbits/sec  11591  
[ 31]   9.00-10.00  sec  14.6 MBytes   123 Mbits/sec  11588  
[ 33]   9.00-10.00  sec  14.6 MBytes   123 Mbits/sec  11581  
[ 35]   9.00-10.00  sec  14.6 MBytes   123 Mbits/sec  11574  
[ 37]   9.00-10.00  sec  14.6 MBytes   123 Mbits/sec  11568  
[ 39]   9.00-10.00  sec  14.6 MBytes   123 Mbits/sec  11566  
[ 41]   9.00-10.00  sec  14.6 MBytes   122 Mbits/sec  11563  
[ 43]   9.00-10.00  sec  14.6 MBytes   122 Mbits/sec  11561  
[SUM]   9.00-10.00  sec   293 MBytes  2458 Mbits/sec  232088  
- - - - - - - - - - - - - - - - - - - - - - - - -
[  5]  10.00-11.00  sec  14.7 MBytes   123 Mbits/sec  11631  
[  7]  10.00-11.00  sec  14.7 MBytes   123 Mbits/sec  11627  
[  9]  10.00-11.00  sec  14.7 MBytes   123 Mbits/sec  11621  
[ 11]  10.00-11.00  sec  14.7 MBytes   123 Mbits/sec  11612  
[ 13]  10.00-11.00  sec  14.7 MBytes   123 Mbits/sec  11606  
[ 15]  10.00-11.00  sec  14.6 MBytes   123 Mbits/sec  11600  
[ 17]  10.00-11.00  sec  14.6 MBytes   123 Mbits/sec  11598  
[ 19]  10.00-11.00  sec  14.6 MBytes   123 Mbits/sec  11593  
[ 21]  10.00-11.00  sec  14.6 MBytes   123 Mbits/sec  11590  
[ 23]  10.00-11.00  sec  14.6 MBytes   123 Mbits/sec  11585  
[ 25]  10.00-11.00  sec  14.6 MBytes   123 Mbits/sec  11583  
[ 27]  10.00-11.00  sec  14.6 MBytes   123 Mbits/sec  11577  
[ 29]  10.00-11.00  sec  14.6 MBytes   123 Mbits/sec  11569  
[ 31]  10.00-11.00  sec  14.6 MBytes   123 Mbits/sec  11568  
[ 33]  10.00-11.00  sec  14.6 MBytes   122 Mbits/sec  11560  
[ 35]  10.00-11.00  sec  14.6 MBytes   122 Mbits/sec  11553  
[ 37]  10.00-11.00  sec  14.6 MBytes   122 Mbits/sec  11550  
[ 39]  10.00-11.00  sec  14.6 MBytes   122 Mbits/sec  11543  
[ 41]  10.00-11.00  sec  14.6 MBytes   122 Mbits/sec  11539  
[ 43]  10.00-11.00  sec  14.6 MBytes   122 Mbits/sec  11536  
[SUM]  10.00-11.00  sec   292 MBytes  2453 Mbits/sec  231641  
- - - - - - - - - - - - - - - - - - - - - - - - -
[  5]  11.00-12.00  sec  12.7 MBytes   106 Mbits/sec  10051  
[  7]  11.00-12.00  sec  12.7 MBytes   106 Mbits/sec  10046  
[  9]  11.00-12.00  sec  12.7 MBytes   106 Mbits/sec  10041  
[ 11]  11.00-12.00  sec  12.7 MBytes   106 Mbits/sec  10038  
[ 13]  11.00-12.00  sec  12.7 MBytes   106 Mbits/sec  10034  
[ 15]  11.00-12.00  sec  12.7 MBytes   106 Mbits/sec  10033  
[ 17]  11.00-12.00  sec  12.7 MBytes   106 Mbits/sec  10029  
[ 19]  11.00-12.00  sec  12.7 MBytes   106 Mbits/sec  10025  
[ 21]  11.00-12.00  sec  12.6 MBytes   106 Mbits/sec  10018  
[ 23]  11.00-12.00  sec  12.6 MBytes   106 Mbits/sec  10017  
[ 25]  11.00-12.00  sec  12.6 MBytes   106 Mbits/sec  10012  
[ 27]  11.00-12.00  sec  12.6 MBytes   106 Mbits/sec  10009  
[ 29]  11.00-12.00  sec  12.6 MBytes   106 Mbits/sec  10003  
[ 31]  11.00-12.00  sec  12.6 MBytes   106 Mbits/sec  9995  
[ 33]  11.00-12.00  sec  12.6 MBytes   106 Mbits/sec  9993  
[ 35]  11.00-12.00  sec  12.6 MBytes   106 Mbits/sec  9987  
[ 37]  11.00-12.00  sec  12.6 MBytes   106 Mbits/sec  9984  
[ 39]  11.00-12.00  sec  12.6 MBytes   106 Mbits/sec  9980  
[ 41]  11.00-12.00  sec  12.6 MBytes   106 Mbits/sec  9974  
[ 43]  11.00-12.00  sec  12.6 MBytes   106 Mbits/sec  9971  
[SUM]  11.00-12.00  sec   253 MBytes  2121 Mbits/sec  200240  
- - - - - - - - - - - - - - - - - - - - - - - - -
[  5]  12.00-13.00  sec  14.6 MBytes   122 Mbits/sec  11540  
[  7]  12.00-13.00  sec  14.6 MBytes   122 Mbits/sec  11535  
[  9]  12.00-13.00  sec  14.6 MBytes   122 Mbits/sec  11525  
[ 11]  12.00-13.00  sec  14.5 MBytes   122 Mbits/sec  11515  
[ 13]  12.00-13.00  sec  14.5 MBytes   122 Mbits/sec  11511  
[ 15]  12.00-13.00  sec  14.5 MBytes   122 Mbits/sec  11501  
[ 17]  12.00-13.00  sec  14.5 MBytes   122 Mbits/sec  11500  
[ 19]  12.00-13.00  sec  14.5 MBytes   122 Mbits/sec  11496  
[ 21]  12.00-13.00  sec  14.5 MBytes   122 Mbits/sec  11494  
[ 23]  12.00-13.00  sec  14.5 MBytes   122 Mbits/sec  11489  
[ 25]  12.00-13.00  sec  14.5 MBytes   122 Mbits/sec  11484  
[ 27]  12.00-13.00  sec  14.5 MBytes   122 Mbits/sec  11477  
[ 29]  12.00-13.00  sec  14.5 MBytes   121 Mbits/sec  11469  
[ 31]  12.00-13.00  sec  14.5 MBytes   121 Mbits/sec  11464  
[ 33]  12.00-13.00  sec  14.5 MBytes   121 Mbits/sec  11459  
[ 35]  12.00-13.00  sec  14.5 MBytes   121 Mbits/sec  11455  
[ 37]  12.00-13.00  sec  14.5 MBytes   121 Mbits/sec  11448  
[ 39]  12.00-13.00  sec  14.4 MBytes   121 Mbits/sec  11443  
[ 41]  12.00-13.00  sec  14.4 MBytes   121 Mbits/sec  11438  
[ 43]  12.00-13.00  sec  14.4 MBytes   121 Mbits/sec  11434  
[SUM]  12.00-13.00  sec   290 MBytes  2433 Mbits/sec  229677  
- - - - - - - - - - - - - - - - - - - - - - - - -
[  5]  13.00-14.00  sec  14.7 MBytes   123 Mbits/sec  11624  
[  7]  13.00-14.00  sec  14.7 MBytes   123 Mbits/sec  11618  
[  9]  13.00-14.00  sec  14.7 MBytes   123 Mbits/sec  11611  
[ 11]  13.00-14.00  sec  14.7 MBytes   123 Mbits/sec  11604  
[ 13]  13.00-14.00  sec  14.6 MBytes   123 Mbits/sec  11595  
[ 15]  13.00-14.00  sec  14.6 MBytes   123 Mbits/sec  11592  
[ 17]  13.00-14.00  sec  14.6 MBytes   123 Mbits/sec  11590  
[ 19]  13.00-14.00  sec  14.6 MBytes   123 Mbits/sec  11585  
[ 21]  13.00-14.00  sec  14.6 MBytes   123 Mbits/sec  11580  
[ 23]  13.00-14.00  sec  14.6 MBytes   123 Mbits/sec  11577  
[ 25]  13.00-14.00  sec  14.6 MBytes   123 Mbits/sec  11568  
[ 27]  13.00-14.00  sec  14.6 MBytes   122 Mbits/sec  11560  
[ 29]  13.00-14.00  sec  14.6 MBytes   122 Mbits/sec  11557  
[ 31]  13.00-14.00  sec  14.6 MBytes   122 Mbits/sec  11551  
[ 33]  13.00-14.00  sec  14.6 MBytes   122 Mbits/sec  11546  
[ 35]  13.00-14.00  sec  14.6 MBytes   122 Mbits/sec  11543  
[ 37]  13.00-14.00  sec  14.6 MBytes   122 Mbits/sec  11540  
[ 39]  13.00-14.00  sec  14.6 MBytes   122 Mbits/sec  11536  
[ 41]  13.00-14.00  sec  14.6 MBytes   122 Mbits/sec  11528  
[ 43]  13.00-14.00  sec  14.5 MBytes   122 Mbits/sec  11523  
[SUM]  13.00-14.00  sec   292 MBytes  2451 Mbits/sec  231428  
- - - - - - - - - - - - - - - - - - - - - - - - -
[  5]  14.00-15.00  sec  14.9 MBytes   125 Mbits/sec  11791  
[  7]  14.00-15.00  sec  14.9 MBytes   125 Mbits/sec  11789  
[  9]  14.00-15.00  sec  14.9 MBytes   125 Mbits/sec  11788  
[ 11]  14.00-15.00  sec  14.9 MBytes   125 Mbits/sec  11779  
[ 13]  14.00-15.00  sec  14.9 MBytes   125 Mbits/sec  11777  
[ 15]  14.00-15.00  sec  14.9 MBytes   125 Mbits/sec  11775  
[ 17]  14.00-15.00  sec  14.9 MBytes   125 Mbits/sec  11769  
[ 19]  14.00-15.00  sec  14.8 MBytes   125 Mbits/sec  11760  
[ 21]  14.00-15.00  sec  14.8 MBytes   124 Mbits/sec  11751  
[ 23]  14.00-15.00  sec  14.8 MBytes   124 Mbits/sec  11744  
[ 25]  14.00-15.00  sec  14.8 MBytes   124 Mbits/sec  11743  
[ 27]  14.00-15.00  sec  14.8 MBytes   124 Mbits/sec  11734  
[ 29]  14.00-15.00  sec  14.8 MBytes   124 Mbits/sec  11730  
[ 31]  14.00-15.00  sec  14.8 MBytes   124 Mbits/sec  11723  
[ 33]  14.00-15.00  sec  14.8 MBytes   124 Mbits/sec  11720  
[ 35]  14.00-15.00  sec  14.8 MBytes   124 Mbits/sec  11714  
[ 37]  14.00-15.00  sec  14.8 MBytes   124 Mbits/sec  11707  
[ 39]  14.00-15.00  sec  14.8 MBytes   124 Mbits/sec  11702  
[ 41]  14.00-15.00  sec  14.8 MBytes   124 Mbits/sec  11693  
[ 43]  14.00-15.00  sec  14.8 MBytes   124 Mbits/sec  11687  
[SUM]  14.00-15.00  sec   297 MBytes  2488 Mbits/sec  234876  
- - - - - - - - - - - - - - - - - - - - - - - - -
[  5]  15.00-16.00  sec  14.8 MBytes   124 Mbits/sec  11712  
[  7]  15.00-16.00  sec  14.8 MBytes   124 Mbits/sec  11700  
[  9]  15.00-16.00  sec  14.8 MBytes   124 Mbits/sec  11698  
[ 11]  15.00-16.00  sec  14.8 MBytes   124 Mbits/sec  11693  
[ 13]  15.00-16.00  sec  14.8 MBytes   124 Mbits/sec  11687  
[ 15]  15.00-16.00  sec  14.7 MBytes   124 Mbits/sec  11679  
[ 17]  15.00-16.00  sec  14.7 MBytes   124 Mbits/sec  11674  
[ 19]  15.00-16.00  sec  14.7 MBytes   124 Mbits/sec  11670  
[ 21]  15.00-16.00  sec  14.7 MBytes   124 Mbits/sec  11664  
[ 23]  15.00-16.00  sec  14.7 MBytes   123 Mbits/sec  11654  
[ 25]  15.00-16.00  sec  14.7 MBytes   123 Mbits/sec  11649  
[ 27]  15.00-16.00  sec  14.7 MBytes   123 Mbits/sec  11643  
[ 29]  15.00-16.00  sec  14.7 MBytes   123 Mbits/sec  11637  
[ 31]  15.00-16.00  sec  14.7 MBytes   123 Mbits/sec  11630  
[ 33]  15.00-16.00  sec  14.7 MBytes   123 Mbits/sec  11625  
[ 35]  15.00-16.00  sec  14.7 MBytes   123 Mbits/sec  11619  
[ 37]  15.00-16.00  sec  14.7 MBytes   123 Mbits/sec  11612  
[ 39]  15.00-16.00  sec  14.7 MBytes   123 Mbits/sec  11608  
[ 41]  15.00-16.00  sec  14.6 MBytes   123 Mbits/sec  11600  
[ 43]  15.00-16.00  sec  14.6 MBytes   123 Mbits/sec  11592  
[SUM]  15.00-16.00  sec   294 MBytes  2468 Mbits/sec  233046  
- - - - - - - - - - - - - - - - - - - - - - - - -
[  5]  16.00-17.00  sec  14.8 MBytes   124 Mbits/sec  11732  
[  7]  16.00-17.00  sec  14.8 MBytes   124 Mbits/sec  11723  
[  9]  16.00-17.00  sec  14.8 MBytes   124 Mbits/sec  11718  
[ 11]  16.00-17.00  sec  14.8 MBytes   124 Mbits/sec  11712  
[ 13]  16.00-17.00  sec  14.8 MBytes   124 Mbits/sec  11705  
[ 15]  16.00-17.00  sec  14.8 MBytes   124 Mbits/sec  11699  
[ 17]  16.00-17.00  sec  14.8 MBytes   124 Mbits/sec  11690  
[ 19]  16.00-17.00  sec  14.8 MBytes   124 Mbits/sec  11687  
[ 21]  16.00-17.00  sec  14.8 MBytes   124 Mbits/sec  11683  
[ 23]  16.00-17.00  sec  14.7 MBytes   124 Mbits/sec  11679  
[ 25]  16.00-17.00  sec  14.7 MBytes   124 Mbits/sec  11672  
[ 27]  16.00-17.00  sec  14.7 MBytes   124 Mbits/sec  11663  
[ 29]  16.00-17.00  sec  14.7 MBytes   123 Mbits/sec  11658  
[ 31]  16.00-17.00  sec  14.7 MBytes   123 Mbits/sec  11657  
[ 33]  16.00-17.00  sec  14.7 MBytes   123 Mbits/sec  11650  
[ 35]  16.00-17.00  sec  14.7 MBytes   123 Mbits/sec  11641  
[ 37]  16.00-17.00  sec  14.7 MBytes   123 Mbits/sec  11638  
[ 39]  16.00-17.00  sec  14.7 MBytes   123 Mbits/sec  11634  
[ 41]  16.00-17.00  sec  14.7 MBytes   123 Mbits/sec  11630  
[ 43]  16.00-17.00  sec  14.7 MBytes   123 Mbits/sec  11622  
[SUM]  16.00-17.00  sec   295 MBytes  2473 Mbits/sec  233493  
- - - - - - - - - - - - - - - - - - - - - - - - -
[  5]  17.00-18.00  sec  14.3 MBytes   120 Mbits/sec  11295  
[  7]  17.00-18.00  sec  14.3 MBytes   120 Mbits/sec  11291  
[  9]  17.00-18.00  sec  14.3 MBytes   120 Mbits/sec  11290  
[ 11]  17.00-18.00  sec  14.2 MBytes   120 Mbits/sec  11284  
[ 13]  17.00-18.00  sec  14.2 MBytes   120 Mbits/sec  11282  
[ 15]  17.00-18.00  sec  14.2 MBytes   119 Mbits/sec  11281  
[ 17]  17.00-18.00  sec  14.2 MBytes   119 Mbits/sec  11276  
[ 19]  17.00-18.00  sec  14.2 MBytes   119 Mbits/sec  11273  
[ 21]  17.00-18.00  sec  14.2 MBytes   119 Mbits/sec  11271  
[ 23]  17.00-18.00  sec  14.2 MBytes   119 Mbits/sec  11266  
[ 25]  17.00-18.00  sec  14.2 MBytes   119 Mbits/sec  11263  
[ 27]  17.00-18.00  sec  14.2 MBytes   119 Mbits/sec  11258  
[ 29]  17.00-18.00  sec  14.2 MBytes   119 Mbits/sec  11252  
[ 31]  17.00-18.00  sec  14.2 MBytes   119 Mbits/sec  11249  
[ 33]  17.00-18.00  sec  14.2 MBytes   119 Mbits/sec  11240  
[ 35]  17.00-18.00  sec  14.2 MBytes   119 Mbits/sec  11235  
[ 37]  17.00-18.00  sec  14.2 MBytes   119 Mbits/sec  11228  
[ 39]  17.00-18.00  sec  14.2 MBytes   119 Mbits/sec  11222  
[ 41]  17.00-18.00  sec  14.2 MBytes   119 Mbits/sec  11213  
[ 43]  17.00-18.00  sec  14.2 MBytes   119 Mbits/sec  11208  
[SUM]  17.00-18.00  sec   284 MBytes  2385 Mbits/sec  225177  
- - - - - - - - - - - - - - - - - - - - - - - - -
[  5]  18.00-19.00  sec  15.0 MBytes   126 Mbits/sec  11916  
[  7]  18.00-19.00  sec  15.0 MBytes   126 Mbits/sec  11909  
[  9]  18.00-19.00  sec  15.0 MBytes   126 Mbits/sec  11905  
[ 11]  18.00-19.00  sec  15.0 MBytes   126 Mbits/sec  11895  
[ 13]  18.00-19.00  sec  15.0 MBytes   126 Mbits/sec  11890  
[ 15]  18.00-19.00  sec  15.0 MBytes   126 Mbits/sec  11887  
[ 17]  18.00-19.00  sec  15.0 MBytes   126 Mbits/sec  11883  
[ 19]  18.00-19.00  sec  15.0 MBytes   126 Mbits/sec  11877  
[ 21]  18.00-19.00  sec  15.0 MBytes   126 Mbits/sec  11870  
[ 23]  18.00-19.00  sec  15.0 MBytes   126 Mbits/sec  11864  
[ 25]  18.00-19.00  sec  15.0 MBytes   126 Mbits/sec  11861  
[ 27]  18.00-19.00  sec  15.0 MBytes   126 Mbits/sec  11853  
[ 29]  18.00-19.00  sec  15.0 MBytes   125 Mbits/sec  11846  
[ 31]  18.00-19.00  sec  15.0 MBytes   125 Mbits/sec  11843  
[ 33]  18.00-19.00  sec  14.9 MBytes   125 Mbits/sec  11837  
[ 35]  18.00-19.00  sec  14.9 MBytes   125 Mbits/sec  11830  
[ 37]  18.00-19.00  sec  14.9 MBytes   125 Mbits/sec  11824  
[ 39]  18.00-19.00  sec  14.9 MBytes   125 Mbits/sec  11816  
[ 41]  18.00-19.00  sec  14.9 MBytes   125 Mbits/sec  11810  
[ 43]  18.00-19.00  sec  14.9 MBytes   125 Mbits/sec  11807  
[SUM]  18.00-19.00  sec   300 MBytes  2513 Mbits/sec  237223  
- - - - - - - - - - - - - - - - - - - - - - - - -
[  5]  19.00-20.00  sec  14.9 MBytes   125 Mbits/sec  11792  
[  7]  19.00-20.00  sec  14.9 MBytes   125 Mbits/sec  11782  
[  9]  19.00-20.00  sec  14.9 MBytes   125 Mbits/sec  11779  
[ 11]  19.00-20.00  sec  14.9 MBytes   125 Mbits/sec  11773  
[ 13]  19.00-20.00  sec  14.9 MBytes   125 Mbits/sec  11769  
[ 15]  19.00-20.00  sec  14.9 MBytes   125 Mbits/sec  11766  
[ 17]  19.00-20.00  sec  14.8 MBytes   125 Mbits/sec  11760  
[ 19]  19.00-20.00  sec  14.8 MBytes   125 Mbits/sec  11755  
[ 21]  19.00-20.00  sec  14.8 MBytes   124 Mbits/sec  11750  
[ 23]  19.00-20.00  sec  14.8 MBytes   124 Mbits/sec  11745  
[ 25]  19.00-20.00  sec  14.8 MBytes   124 Mbits/sec  11744  
[ 27]  19.00-20.00  sec  14.8 MBytes   124 Mbits/sec  11739  
[ 29]  19.00-20.00  sec  14.8 MBytes   124 Mbits/sec  11731  
[ 31]  19.00-20.00  sec  14.8 MBytes   124 Mbits/sec  11721  
[ 33]  19.00-20.00  sec  14.8 MBytes   124 Mbits/sec  11712  
[ 35]  19.00-20.00  sec  14.8 MBytes   124 Mbits/sec  11706  
[ 37]  19.00-20.00  sec  14.8 MBytes   124 Mbits/sec  11700  
[ 39]  19.00-20.00  sec  14.8 MBytes   124 Mbits/sec  11699  
[ 41]  19.00-20.00  sec  14.8 MBytes   124 Mbits/sec  11695  
[ 43]  19.00-20.00  sec  14.8 MBytes   124 Mbits/sec  11690  
[SUM]  19.00-20.00  sec   296 MBytes  2487 Mbits/sec  234808  
- - - - - - - - - - - - - - - - - - - - - - - - -
[  5]  20.00-21.00  sec  15.3 MBytes   128 Mbits/sec  12132  
[  7]  20.00-21.00  sec  15.3 MBytes   128 Mbits/sec  12128  
[  9]  20.00-21.00  sec  15.3 MBytes   128 Mbits/sec  12122  
[ 11]  20.00-21.00  sec  15.3 MBytes   128 Mbits/sec  12117  
[ 13]  20.00-21.00  sec  15.3 MBytes   128 Mbits/sec  12110  
[ 15]  20.00-21.00  sec  15.3 MBytes   128 Mbits/sec  12101  
[ 17]  20.00-21.00  sec  15.3 MBytes   128 Mbits/sec  12091  
[ 19]  20.00-21.00  sec  15.3 MBytes   128 Mbits/sec  12083  
[ 21]  20.00-21.00  sec  15.3 MBytes   128 Mbits/sec  12079  
[ 23]  20.00-21.00  sec  15.2 MBytes   128 Mbits/sec  12071  
[ 25]  20.00-21.00  sec  15.2 MBytes   128 Mbits/sec  12066  
[ 27]  20.00-21.00  sec  15.2 MBytes   128 Mbits/sec  12059  
[ 29]  20.00-21.00  sec  15.2 MBytes   128 Mbits/sec  12052  
[ 31]  20.00-21.00  sec  15.2 MBytes   128 Mbits/sec  12048  
[ 33]  20.00-21.00  sec  15.2 MBytes   128 Mbits/sec  12041  
[ 35]  20.00-21.00  sec  15.2 MBytes   127 Mbits/sec  12037  
[ 37]  20.00-21.00  sec  15.2 MBytes   127 Mbits/sec  12030  
[ 39]  20.00-21.00  sec  15.2 MBytes   127 Mbits/sec  12026  
[ 41]  20.00-21.00  sec  15.2 MBytes   127 Mbits/sec  12018  
[ 43]  20.00-21.00  sec  15.2 MBytes   127 Mbits/sec  12008  
[SUM]  20.00-21.00  sec   305 MBytes  2557 Mbits/sec  241419  
- - - - - - - - - - - - - - - - - - - - - - - - -
[  5]  21.00-22.00  sec  13.9 MBytes   117 Mbits/sec  11021  
[  7]  21.00-22.00  sec  13.9 MBytes   117 Mbits/sec  11018  
[  9]  21.00-22.00  sec  13.9 MBytes   117 Mbits/sec  11013  
[ 11]  21.00-22.00  sec  13.9 MBytes   117 Mbits/sec  11009  
[ 13]  21.00-22.00  sec  13.9 MBytes   117 Mbits/sec  11003  
[ 15]  21.00-22.00  sec  13.9 MBytes   117 Mbits/sec  11000  
[ 17]  21.00-22.00  sec  13.9 MBytes   116 Mbits/sec  10994  
[ 19]  21.00-22.00  sec  13.9 MBytes   116 Mbits/sec  10989  
[ 21]  21.00-22.00  sec  13.9 MBytes   116 Mbits/sec  10980  
[ 23]  21.00-22.00  sec  13.9 MBytes   116 Mbits/sec  10974  
[ 25]  21.00-22.00  sec  13.9 MBytes   116 Mbits/sec  10969  
[ 27]  21.00-22.00  sec  13.8 MBytes   116 Mbits/sec  10964  
[ 29]  21.00-22.00  sec  13.8 MBytes   116 Mbits/sec  10960  
[ 31]  21.00-22.00  sec  13.8 MBytes   116 Mbits/sec  10950  
[ 33]  21.00-22.00  sec  13.8 MBytes   116 Mbits/sec  10942  
[ 35]  21.00-22.00  sec  13.8 MBytes   116 Mbits/sec  10938  
[ 37]  21.00-22.00  sec  13.8 MBytes   116 Mbits/sec  10932  
[ 39]  21.00-22.00  sec  13.8 MBytes   116 Mbits/sec  10925  
[ 41]  21.00-22.00  sec  13.8 MBytes   116 Mbits/sec  10922  
[ 43]  21.00-22.00  sec  13.8 MBytes   116 Mbits/sec  10920  
[SUM]  21.00-22.00  sec   277 MBytes  2324 Mbits/sec  219423  
- - - - - - - - - - - - - - - - - - - - - - - - -
[  5]  22.00-23.00  sec  14.4 MBytes   121 Mbits/sec  11440  
[  7]  22.00-23.00  sec  14.4 MBytes   121 Mbits/sec  11438  
[  9]  22.00-23.00  sec  14.4 MBytes   121 Mbits/sec  11427  
[ 11]  22.00-23.00  sec  14.4 MBytes   121 Mbits/sec  11418  
[ 13]  22.00-23.00  sec  14.4 MBytes   121 Mbits/sec  11414  
[ 15]  22.00-23.00  sec  14.4 MBytes   121 Mbits/sec  11405  
[ 17]  22.00-23.00  sec  14.4 MBytes   121 Mbits/sec  11400  
[ 19]  22.00-23.00  sec  14.4 MBytes   121 Mbits/sec  11391  
[ 21]  22.00-23.00  sec  14.4 MBytes   121 Mbits/sec  11389  
[ 23]  22.00-23.00  sec  14.4 MBytes   121 Mbits/sec  11385  
[ 25]  22.00-23.00  sec  14.4 MBytes   121 Mbits/sec  11378  
[ 27]  22.00-23.00  sec  14.4 MBytes   120 Mbits/sec  11375  
[ 29]  22.00-23.00  sec  14.4 MBytes   120 Mbits/sec  11373  
[ 31]  22.00-23.00  sec  14.4 MBytes   120 Mbits/sec  11368  
[ 33]  22.00-23.00  sec  14.4 MBytes   120 Mbits/sec  11365  
[ 35]  22.00-23.00  sec  14.3 MBytes   120 Mbits/sec  11360  
[ 37]  22.00-23.00  sec  14.3 MBytes   120 Mbits/sec  11354  
[ 39]  22.00-23.00  sec  14.3 MBytes   120 Mbits/sec  11350  
[ 41]  22.00-23.00  sec  14.3 MBytes   120 Mbits/sec  11350  
[ 43]  22.00-23.00  sec  14.3 MBytes   120 Mbits/sec  11345  
[SUM]  22.00-23.00  sec   288 MBytes  2412 Mbits/sec  227725  
- - - - - - - - - - - - - - - - - - - - - - - - -
[  5]  23.00-24.00  sec  14.9 MBytes   125 Mbits/sec  11783  
[  7]  23.00-24.00  sec  14.9 MBytes   125 Mbits/sec  11781  
[  9]  23.00-24.00  sec  14.9 MBytes   125 Mbits/sec  11776  
[ 11]  23.00-24.00  sec  14.9 MBytes   125 Mbits/sec  11773  
[ 13]  23.00-24.00  sec  14.9 MBytes   125 Mbits/sec  11769  
[ 15]  23.00-24.00  sec  14.8 MBytes   125 Mbits/sec  11759  
[ 17]  23.00-24.00  sec  14.8 MBytes   125 Mbits/sec  11755  
[ 19]  23.00-24.00  sec  14.8 MBytes   124 Mbits/sec  11748  
[ 21]  23.00-24.00  sec  14.8 MBytes   124 Mbits/sec  11742  
[ 23]  23.00-24.00  sec  14.8 MBytes   124 Mbits/sec  11738  
[ 25]  23.00-24.00  sec  14.8 MBytes   124 Mbits/sec  11732  
[ 27]  23.00-24.00  sec  14.8 MBytes   124 Mbits/sec  11727  
[ 29]  23.00-24.00  sec  14.8 MBytes   124 Mbits/sec  11718  
[ 31]  23.00-24.00  sec  14.8 MBytes   124 Mbits/sec  11712  
[ 33]  23.00-24.00  sec  14.8 MBytes   124 Mbits/sec  11706  
[ 35]  23.00-24.00  sec  14.8 MBytes   124 Mbits/sec  11702  
[ 37]  23.00-24.00  sec  14.8 MBytes   124 Mbits/sec  11695  
[ 39]  23.00-24.00  sec  14.8 MBytes   124 Mbits/sec  11690  
[ 41]  23.00-24.00  sec  14.8 MBytes   124 Mbits/sec  11683  
[ 43]  23.00-24.00  sec  14.7 MBytes   124 Mbits/sec  11677  
[SUM]  23.00-24.00  sec   296 MBytes  2486 Mbits/sec  234666  
- - - - - - - - - - - - - - - - - - - - - - - - -
[  5]  24.00-25.00  sec  14.7 MBytes   123 Mbits/sec  11618  
[  7]  24.00-25.00  sec  14.7 MBytes   123 Mbits/sec  11614  
[  9]  24.00-25.00  sec  14.7 MBytes   123 Mbits/sec  11608  
[ 11]  24.00-25.00  sec  14.6 MBytes   123 Mbits/sec  11600  
[ 13]  24.00-25.00  sec  14.6 MBytes   123 Mbits/sec  11596  
[ 15]  24.00-25.00  sec  14.6 MBytes   123 Mbits/sec  11591  
[ 17]  24.00-25.00  sec  14.6 MBytes   123 Mbits/sec  11588  
[ 19]  24.00-25.00  sec  14.6 MBytes   123 Mbits/sec  11583  
[ 21]  24.00-25.00  sec  14.6 MBytes   123 Mbits/sec  11578  
[ 23]  24.00-25.00  sec  14.6 MBytes   123 Mbits/sec  11573  
[ 25]  24.00-25.00  sec  14.6 MBytes   123 Mbits/sec  11569  
[ 27]  24.00-25.00  sec  14.6 MBytes   122 Mbits/sec  11565  
[ 29]  24.00-25.00  sec  14.6 MBytes   122 Mbits/sec  11558  
[ 31]  24.00-25.00  sec  14.6 MBytes   122 Mbits/sec  11551  
[ 33]  24.00-25.00  sec  14.6 MBytes   122 Mbits/sec  11547  
[ 35]  24.00-25.00  sec  14.6 MBytes   122 Mbits/sec  11542  
[ 37]  24.00-25.00  sec  14.6 MBytes   122 Mbits/sec  11538  
[ 39]  24.00-25.00  sec  14.6 MBytes   122 Mbits/sec  11535  
[ 41]  24.00-25.00  sec  14.6 MBytes   122 Mbits/sec  11530  
[ 43]  24.00-25.00  sec  14.6 MBytes   122 Mbits/sec  11526  
[SUM]  24.00-25.00  sec   292 MBytes  2451 Mbits/sec  231410  
- - - - - - - - - - - - - - - - - - - - - - - - -
[  5]  25.00-26.00  sec  13.3 MBytes   111 Mbits/sec  10495  
[  7]  25.00-26.00  sec  13.2 MBytes   111 Mbits/sec  10488  
[  9]  25.00-26.00  sec  13.2 MBytes   111 Mbits/sec  10484  
[ 11]  25.00-26.00  sec  13.2 MBytes   111 Mbits/sec  10482  
[ 13]  25.00-26.00  sec  13.2 MBytes   111 Mbits/sec  10481  
[ 15]  25.00-26.00  sec  13.2 MBytes   111 Mbits/sec  10474  
[ 17]  25.00-26.00  sec  13.2 MBytes   111 Mbits/sec  10471  
[ 19]  25.00-26.00  sec  13.2 MBytes   111 Mbits/sec  10464  
[ 21]  25.00-26.00  sec  13.2 MBytes   111 Mbits/sec  10459  
[ 23]  25.00-26.00  sec  13.2 MBytes   111 Mbits/sec  10454  
[ 25]  25.00-26.00  sec  13.2 MBytes   111 Mbits/sec  10448  
[ 27]  25.00-26.00  sec  13.2 MBytes   111 Mbits/sec  10442  
[ 29]  25.00-26.00  sec  13.2 MBytes   111 Mbits/sec  10439  
[ 31]  25.00-26.00  sec  13.2 MBytes   110 Mbits/sec  10432  
[ 33]  25.00-26.00  sec  13.2 MBytes   110 Mbits/sec  10427  
[ 35]  25.00-26.00  sec  13.2 MBytes   110 Mbits/sec  10423  
[ 37]  25.00-26.00  sec  13.2 MBytes   110 Mbits/sec  10416  
[ 39]  25.00-26.00  sec  13.1 MBytes   110 Mbits/sec  10411  
[ 41]  25.00-26.00  sec  13.1 MBytes   110 Mbits/sec  10403  
[ 43]  25.00-26.00  sec  13.1 MBytes   110 Mbits/sec  10394  
[SUM]  25.00-26.00  sec   264 MBytes  2214 Mbits/sec  208987  
- - - - - - - - - - - - - - - - - - - - - - - - -
[  5]  26.00-27.00  sec  10.1 MBytes  84.8 Mbits/sec  8009  
[  7]  26.00-27.00  sec  10.1 MBytes  84.8 Mbits/sec  8003  
[  9]  26.00-27.00  sec  10.1 MBytes  84.7 Mbits/sec  8000  
[ 11]  26.00-27.00  sec  10.1 MBytes  84.7 Mbits/sec  7998  
[ 13]  26.00-27.00  sec  10.1 MBytes  84.7 Mbits/sec  7998  
[ 15]  26.00-27.00  sec  10.1 MBytes  84.7 Mbits/sec  7998  
[ 17]  26.00-27.00  sec  10.1 MBytes  84.7 Mbits/sec  7995  
[ 19]  26.00-27.00  sec  10.1 MBytes  84.7 Mbits/sec  7993  
[ 21]  26.00-27.00  sec  10.1 MBytes  84.6 Mbits/sec  7992  
[ 23]  26.00-27.00  sec  10.1 MBytes  84.6 Mbits/sec  7987  
[ 25]  26.00-27.00  sec  10.1 MBytes  84.6 Mbits/sec  7984  
[ 27]  26.00-27.00  sec  10.1 MBytes  84.6 Mbits/sec  7983  
[ 29]  26.00-27.00  sec  10.1 MBytes  84.5 Mbits/sec  7981  
[ 31]  26.00-27.00  sec  10.1 MBytes  84.5 Mbits/sec  7977  
[ 33]  26.00-27.00  sec  10.1 MBytes  84.5 Mbits/sec  7976  
[ 35]  26.00-27.00  sec  10.1 MBytes  84.5 Mbits/sec  7974  
[ 37]  26.00-27.00  sec  10.1 MBytes  84.4 Mbits/sec  7972  
[ 39]  26.00-27.00  sec  10.1 MBytes  84.4 Mbits/sec  7971  
[ 41]  26.00-27.00  sec  10.1 MBytes  84.4 Mbits/sec  7968  
[ 43]  26.00-27.00  sec  10.1 MBytes  84.4 Mbits/sec  7968  
[SUM]  26.00-27.00  sec   202 MBytes  1692 Mbits/sec  159727  
- - - - - - - - - - - - - - - - - - - - - - - - -
[  5]  27.00-28.00  sec  8.58 MBytes  72.0 Mbits/sec  6797  
[  7]  27.00-28.00  sec  8.58 MBytes  72.0 Mbits/sec  6797  
[  9]  27.00-28.00  sec  8.58 MBytes  72.0 Mbits/sec  6797  
[ 11]  27.00-28.00  sec  8.58 MBytes  72.0 Mbits/sec  6797  
[ 13]  27.00-28.00  sec  8.58 MBytes  72.0 Mbits/sec  6797  
[ 15]  27.00-28.00  sec  8.58 MBytes  72.0 Mbits/sec  6797  
[ 17]  27.00-28.00  sec  8.58 MBytes  72.0 Mbits/sec  6797  
[ 19]  27.00-28.00  sec  8.58 MBytes  72.0 Mbits/sec  6797  
[ 21]  27.00-28.00  sec  8.58 MBytes  72.0 Mbits/sec  6797  
[ 23]  27.00-28.00  sec  8.58 MBytes  72.0 Mbits/sec  6797  
[ 25]  27.00-28.00  sec  8.58 MBytes  72.0 Mbits/sec  6797  
[ 27]  27.00-28.00  sec  8.58 MBytes  72.0 Mbits/sec  6797  
[ 29]  27.00-28.00  sec  8.58 MBytes  72.0 Mbits/sec  6797  
[ 31]  27.00-28.00  sec  8.58 MBytes  72.0 Mbits/sec  6797  
[ 33]  27.00-28.00  sec  8.58 MBytes  72.0 Mbits/sec  6797  
[ 35]  27.00-28.00  sec  8.58 MBytes  72.0 Mbits/sec  6797  
[ 37]  27.00-28.00  sec  8.58 MBytes  72.0 Mbits/sec  6797  
[ 39]  27.00-28.00  sec  8.58 MBytes  72.0 Mbits/sec  6797  
[ 41]  27.00-28.00  sec  8.58 MBytes  72.0 Mbits/sec  6797  
[ 43]  27.00-28.00  sec  8.58 MBytes  72.0 Mbits/sec  6797  
[SUM]  27.00-28.00  sec   172 MBytes  1440 Mbits/sec  135940  
- - - - - - - - - - - - - - - - - - - - - - - - -
[  5]  28.00-29.00  sec  8.62 MBytes  72.3 Mbits/sec  6825  
[  7]  28.00-29.00  sec  8.62 MBytes  72.3 Mbits/sec  6825  
[  9]  28.00-29.00  sec  8.62 MBytes  72.3 Mbits/sec  6825  
[ 11]  28.00-29.00  sec  8.62 MBytes  72.3 Mbits/sec  6825  
[ 13]  28.00-29.00  sec  8.62 MBytes  72.3 Mbits/sec  6825  
[ 15]  28.00-29.00  sec  8.62 MBytes  72.3 Mbits/sec  6825  
[ 17]  28.00-29.00  sec  8.62 MBytes  72.3 Mbits/sec  6825  
[ 19]  28.00-29.00  sec  8.62 MBytes  72.3 Mbits/sec  6825  
[ 21]  28.00-29.00  sec  8.62 MBytes  72.3 Mbits/sec  6825  
[ 23]  28.00-29.00  sec  8.62 MBytes  72.3 Mbits/sec  6825  
[ 25]  28.00-29.00  sec  8.62 MBytes  72.3 Mbits/sec  6825  
[ 27]  28.00-29.00  sec  8.62 MBytes  72.3 Mbits/sec  6825  
[ 29]  28.00-29.00  sec  8.62 MBytes  72.3 Mbits/sec  6825  
[ 31]  28.00-29.00  sec  8.62 MBytes  72.3 Mbits/sec  6825  
[ 33]  28.00-29.00  sec  8.62 MBytes  72.3 Mbits/sec  6825  
[ 35]  28.00-29.00  sec  8.62 MBytes  72.3 Mbits/sec  6825  
[ 37]  28.00-29.00  sec  8.62 MBytes  72.3 Mbits/sec  6825  
[ 39]  28.00-29.00  sec  8.62 MBytes  72.3 Mbits/sec  6825  
[ 41]  28.00-29.00  sec  8.62 MBytes  72.3 Mbits/sec  6825  
[ 43]  28.00-29.00  sec  8.62 MBytes  72.3 Mbits/sec  6825  
[SUM]  28.00-29.00  sec   172 MBytes  1446 Mbits/sec  136500  
- - - - - - - - - - - - - - - - - - - - - - - - -
[  5]  29.00-30.00  sec  8.80 MBytes  73.8 Mbits/sec  6968  
[  7]  29.00-30.00  sec  8.80 MBytes  73.8 Mbits/sec  6968  
[  9]  29.00-30.00  sec  8.80 MBytes  73.8 Mbits/sec  6968  
[ 11]  29.00-30.00  sec  8.80 MBytes  73.8 Mbits/sec  6968  
[ 13]  29.00-30.00  sec  8.80 MBytes  73.8 Mbits/sec  6968  
[ 15]  29.00-30.00  sec  8.80 MBytes  73.8 Mbits/sec  6968  
[ 17]  29.00-30.00  sec  8.80 MBytes  73.8 Mbits/sec  6968  
[ 19]  29.00-30.00  sec  8.80 MBytes  73.8 Mbits/sec  6968  
[ 21]  29.00-30.00  sec  8.80 MBytes  73.8 Mbits/sec  6968  
[ 23]  29.00-30.00  sec  8.80 MBytes  73.8 Mbits/sec  6968  
[ 25]  29.00-30.00  sec  8.80 MBytes  73.8 Mbits/sec  6968  
[ 27]  29.00-30.00  sec  8.80 MBytes  73.8 Mbits/sec  6968  
[ 29]  29.00-30.00  sec  8.80 MBytes  73.8 Mbits/sec  6968  
[ 31]  29.00-30.00  sec  8.80 MBytes  73.8 Mbits/sec  6968  
[ 33]  29.00-30.00  sec  8.80 MBytes  73.8 Mbits/sec  6968  
[ 35]  29.00-30.00  sec  8.80 MBytes  73.8 Mbits/sec  6968  
[ 37]  29.00-30.00  sec  8.80 MBytes  73.8 Mbits/sec  6968  
[ 39]  29.00-30.00  sec  8.80 MBytes  73.8 Mbits/sec  6968  
[ 41]  29.00-30.00  sec  8.80 MBytes  73.8 Mbits/sec  6968  
[ 43]  29.00-30.00  sec  8.80 MBytes  73.8 Mbits/sec  6968  
[SUM]  29.00-30.00  sec   176 MBytes  1476 Mbits/sec  139360  
- - - - - - - - - - - - - - - - - - - - - - - - -
[  5]  30.00-31.00  sec  8.70 MBytes  73.0 Mbits/sec  6889  
[  7]  30.00-31.00  sec  8.70 MBytes  73.0 Mbits/sec  6889  
[  9]  30.00-31.00  sec  8.70 MBytes  73.0 Mbits/sec  6889  
[ 11]  30.00-31.00  sec  8.70 MBytes  73.0 Mbits/sec  6889  
[ 13]  30.00-31.00  sec  8.70 MBytes  73.0 Mbits/sec  6889  
[ 15]  30.00-31.00  sec  8.70 MBytes  73.0 Mbits/sec  6889  
[ 17]  30.00-31.00  sec  8.70 MBytes  73.0 Mbits/sec  6889  
[ 19]  30.00-31.00  sec  8.70 MBytes  73.0 Mbits/sec  6889  
[ 21]  30.00-31.00  sec  8.70 MBytes  73.0 Mbits/sec  6889  
[ 23]  30.00-31.00  sec  8.70 MBytes  73.0 Mbits/sec  6889  
[ 25]  30.00-31.00  sec  8.70 MBytes  73.0 Mbits/sec  6889  
[ 27]  30.00-31.00  sec  8.70 MBytes  73.0 Mbits/sec  6889  
[ 29]  30.00-31.00  sec  8.70 MBytes  73.0 Mbits/sec  6889  
[ 31]  30.00-31.00  sec  8.70 MBytes  73.0 Mbits/sec  6889  
[ 33]  30.00-31.00  sec  8.70 MBytes  73.0 Mbits/sec  6889  
[ 35]  30.00-31.00  sec  8.70 MBytes  73.0 Mbits/sec  6889  
[ 37]  30.00-31.00  sec  8.70 MBytes  73.0 Mbits/sec  6889  
[ 39]  30.00-31.00  sec  8.70 MBytes  73.0 Mbits/sec  6889  
[ 41]  30.00-31.00  sec  8.70 MBytes  73.0 Mbits/sec  6889  
[ 43]  30.00-31.00  sec  8.70 MBytes  73.0 Mbits/sec  6889  
[SUM]  30.00-31.00  sec   174 MBytes  1459 Mbits/sec  137780  
- - - - - - - - - - - - - - - - - - - - - - - - -
[  5]  31.00-32.00  sec  8.46 MBytes  71.0 Mbits/sec  6700  
[  7]  31.00-32.00  sec  8.46 MBytes  71.0 Mbits/sec  6700  
[  9]  31.00-32.00  sec  8.46 MBytes  71.0 Mbits/sec  6700  
[ 11]  31.00-32.00  sec  8.46 MBytes  71.0 Mbits/sec  6700  
[ 13]  31.00-32.00  sec  8.46 MBytes  71.0 Mbits/sec  6700  
[ 15]  31.00-32.00  sec  8.46 MBytes  71.0 Mbits/sec  6700  
[ 17]  31.00-32.00  sec  8.46 MBytes  71.0 Mbits/sec  6700  
[ 19]  31.00-32.00  sec  8.46 MBytes  71.0 Mbits/sec  6700  
[ 21]  31.00-32.00  sec  8.46 MBytes  71.0 Mbits/sec  6700  
[ 23]  31.00-32.00  sec  8.46 MBytes  71.0 Mbits/sec  6700  
[ 25]  31.00-32.00  sec  8.46 MBytes  71.0 Mbits/sec  6700  
[ 27]  31.00-32.00  sec  8.46 MBytes  71.0 Mbits/sec  6700  
[ 29]  31.00-32.00  sec  8.46 MBytes  71.0 Mbits/sec  6700  
[ 31]  31.00-32.00  sec  8.46 MBytes  71.0 Mbits/sec  6700  
[ 33]  31.00-32.00  sec  8.46 MBytes  71.0 Mbits/sec  6700  
[ 35]  31.00-32.00  sec  8.46 MBytes  71.0 Mbits/sec  6700  
[ 37]  31.00-32.00  sec  8.46 MBytes  71.0 Mbits/sec  6700  
[ 39]  31.00-32.00  sec  8.46 MBytes  71.0 Mbits/sec  6700  
[ 41]  31.00-32.00  sec  8.46 MBytes  71.0 Mbits/sec  6700  
[ 43]  31.00-32.00  sec  8.46 MBytes  71.0 Mbits/sec  6700  
[SUM]  31.00-32.00  sec   169 MBytes  1419 Mbits/sec  134000  
- - - - - - - - - - - - - - - - - - - - - - - - -
[  5]  32.00-33.00  sec  8.66 MBytes  72.7 Mbits/sec  6862  
[  7]  32.00-33.00  sec  8.66 MBytes  72.7 Mbits/sec  6862  
[  9]  32.00-33.00  sec  8.66 MBytes  72.7 Mbits/sec  6862  
[ 11]  32.00-33.00  sec  8.66 MBytes  72.7 Mbits/sec  6862  
[ 13]  32.00-33.00  sec  8.66 MBytes  72.7 Mbits/sec  6862  
[ 15]  32.00-33.00  sec  8.66 MBytes  72.7 Mbits/sec  6862  
[ 17]  32.00-33.00  sec  8.66 MBytes  72.7 Mbits/sec  6862  
[ 19]  32.00-33.00  sec  8.66 MBytes  72.7 Mbits/sec  6862  
[ 21]  32.00-33.00  sec  8.66 MBytes  72.7 Mbits/sec  6862  
[ 23]  32.00-33.00  sec  8.66 MBytes  72.7 Mbits/sec  6862  
[ 25]  32.00-33.00  sec  8.66 MBytes  72.7 Mbits/sec  6862  
[ 27]  32.00-33.00  sec  8.66 MBytes  72.7 Mbits/sec  6862  
[ 29]  32.00-33.00  sec  8.66 MBytes  72.7 Mbits/sec  6862  
[ 31]  32.00-33.00  sec  8.66 MBytes  72.7 Mbits/sec  6862  
[ 33]  32.00-33.00  sec  8.66 MBytes  72.7 Mbits/sec  6862  
[ 35]  32.00-33.00  sec  8.66 MBytes  72.7 Mbits/sec  6862  
[ 37]  32.00-33.00  sec  8.66 MBytes  72.7 Mbits/sec  6862  
[ 39]  32.00-33.00  sec  8.66 MBytes  72.7 Mbits/sec  6862  
[ 41]  32.00-33.00  sec  8.66 MBytes  72.7 Mbits/sec  6862  
[ 43]  32.00-33.00  sec  8.66 MBytes  72.7 Mbits/sec  6862  
[SUM]  32.00-33.00  sec   173 MBytes  1454 Mbits/sec  137240  
- - - - - - - - - - - - - - - - - - - - - - - - -
[  5]  33.00-34.00  sec  8.66 MBytes  72.7 Mbits/sec  6859  
[  7]  33.00-34.00  sec  8.66 MBytes  72.7 Mbits/sec  6859  
[  9]  33.00-34.00  sec  8.66 MBytes  72.7 Mbits/sec  6859  
[ 11]  33.00-34.00  sec  8.66 MBytes  72.7 Mbits/sec  6859  
[ 13]  33.00-34.00  sec  8.66 MBytes  72.7 Mbits/sec  6859  
[ 15]  33.00-34.00  sec  8.66 MBytes  72.7 Mbits/sec  6859  
[ 17]  33.00-34.00  sec  8.66 MBytes  72.7 Mbits/sec  6859  
[ 19]  33.00-34.00  sec  8.66 MBytes  72.7 Mbits/sec  6859  
[ 21]  33.00-34.00  sec  8.66 MBytes  72.7 Mbits/sec  6859  
[ 23]  33.00-34.00  sec  8.66 MBytes  72.7 Mbits/sec  6859  
[ 25]  33.00-34.00  sec  8.66 MBytes  72.7 Mbits/sec  6859  
[ 27]  33.00-34.00  sec  8.66 MBytes  72.7 Mbits/sec  6859  
[ 29]  33.00-34.00  sec  8.66 MBytes  72.7 Mbits/sec  6859  
[ 31]  33.00-34.00  sec  8.66 MBytes  72.7 Mbits/sec  6859  
[ 33]  33.00-34.00  sec  8.66 MBytes  72.7 Mbits/sec  6859  
[ 35]  33.00-34.00  sec  8.66 MBytes  72.7 Mbits/sec  6859  
[ 37]  33.00-34.00  sec  8.66 MBytes  72.7 Mbits/sec  6859  
[ 39]  33.00-34.00  sec  8.66 MBytes  72.7 Mbits/sec  6859  
[ 41]  33.00-34.00  sec  8.66 MBytes  72.7 Mbits/sec  6859  
[ 43]  33.00-34.00  sec  8.66 MBytes  72.7 Mbits/sec  6859  
[SUM]  33.00-34.00  sec   173 MBytes  1453 Mbits/sec  137180  
- - - - - - - - - - - - - - - - - - - - - - - - -
[  5]  34.00-35.00  sec  8.78 MBytes  73.6 Mbits/sec  6951  
[  7]  34.00-35.00  sec  8.78 MBytes  73.6 Mbits/sec  6951  
[  9]  34.00-35.00  sec  8.78 MBytes  73.6 Mbits/sec  6951  
[ 11]  34.00-35.00  sec  8.78 MBytes  73.6 Mbits/sec  6951  
[ 13]  34.00-35.00  sec  8.78 MBytes  73.6 Mbits/sec  6951  
[ 15]  34.00-35.00  sec  8.78 MBytes  73.6 Mbits/sec  6951  
[ 17]  34.00-35.00  sec  8.78 MBytes  73.6 Mbits/sec  6951  
[ 19]  34.00-35.00  sec  8.78 MBytes  73.6 Mbits/sec  6951  
[ 21]  34.00-35.00  sec  8.78 MBytes  73.6 Mbits/sec  6951  
[ 23]  34.00-35.00  sec  8.78 MBytes  73.6 Mbits/sec  6951  
[ 25]  34.00-35.00  sec  8.78 MBytes  73.6 Mbits/sec  6951  
[ 27]  34.00-35.00  sec  8.78 MBytes  73.6 Mbits/sec  6951  
[ 29]  34.00-35.00  sec  8.78 MBytes  73.6 Mbits/sec  6951  
[ 31]  34.00-35.00  sec  8.78 MBytes  73.6 Mbits/sec  6951  
[ 33]  34.00-35.00  sec  8.78 MBytes  73.6 Mbits/sec  6951  
[ 35]  34.00-35.00  sec  8.78 MBytes  73.6 Mbits/sec  6951  
[ 37]  34.00-35.00  sec  8.78 MBytes  73.6 Mbits/sec  6951  
[ 39]  34.00-35.00  sec  8.78 MBytes  73.6 Mbits/sec  6951  
[ 41]  34.00-35.00  sec  8.78 MBytes  73.6 Mbits/sec  6951  
[ 43]  34.00-35.00  sec  8.78 MBytes  73.6 Mbits/sec  6951  
[SUM]  34.00-35.00  sec   176 MBytes  1473 Mbits/sec  139020  
- - - - - - - - - - - - - - - - - - - - - - - - -
[  5]  35.00-36.00  sec  8.78 MBytes  73.7 Mbits/sec  6954  
[  7]  35.00-36.00  sec  8.78 MBytes  73.7 Mbits/sec  6954  
[  9]  35.00-36.00  sec  8.78 MBytes  73.7 Mbits/sec  6954  
[ 11]  35.00-36.00  sec  8.78 MBytes  73.7 Mbits/sec  6954  
[ 13]  35.00-36.00  sec  8.78 MBytes  73.7 Mbits/sec  6954  
[ 15]  35.00-36.00  sec  8.78 MBytes  73.7 Mbits/sec  6954  
[ 17]  35.00-36.00  sec  8.78 MBytes  73.7 Mbits/sec  6954  
[ 19]  35.00-36.00  sec  8.78 MBytes  73.7 Mbits/sec  6954  
[ 21]  35.00-36.00  sec  8.78 MBytes  73.7 Mbits/sec  6954  
[ 23]  35.00-36.00  sec  8.78 MBytes  73.7 Mbits/sec  6954  
[ 25]  35.00-36.00  sec  8.78 MBytes  73.7 Mbits/sec  6954  
[ 27]  35.00-36.00  sec  8.78 MBytes  73.7 Mbits/sec  6954  
[ 29]  35.00-36.00  sec  8.78 MBytes  73.7 Mbits/sec  6954  
[ 31]  35.00-36.00  sec  8.78 MBytes  73.6 Mbits/sec  6954  
[ 33]  35.00-36.00  sec  8.78 MBytes  73.6 Mbits/sec  6954  
[ 35]  35.00-36.00  sec  8.78 MBytes  73.6 Mbits/sec  6954  
[ 37]  35.00-36.00  sec  8.78 MBytes  73.7 Mbits/sec  6954  
[ 39]  35.00-36.00  sec  8.78 MBytes  73.7 Mbits/sec  6954  
[ 41]  35.00-36.00  sec  8.78 MBytes  73.7 Mbits/sec  6954  
[ 43]  35.00-36.00  sec  8.78 MBytes  73.7 Mbits/sec  6954  
[SUM]  35.00-36.00  sec   176 MBytes  1473 Mbits/sec  139080  
- - - - - - - - - - - - - - - - - - - - - - - - -
[  5]  36.00-37.00  sec  8.48 MBytes  71.1 Mbits/sec  6712  
[  7]  36.00-37.00  sec  8.48 MBytes  71.1 Mbits/sec  6712  
[  9]  36.00-37.00  sec  8.48 MBytes  71.1 Mbits/sec  6712  
[ 11]  36.00-37.00  sec  8.48 MBytes  71.1 Mbits/sec  6712  
[ 13]  36.00-37.00  sec  8.48 MBytes  71.1 Mbits/sec  6712  
[ 15]  36.00-37.00  sec  8.48 MBytes  71.1 Mbits/sec  6712  
[ 17]  36.00-37.00  sec  8.48 MBytes  71.1 Mbits/sec  6712  
[ 19]  36.00-37.00  sec  8.48 MBytes  71.1 Mbits/sec  6712  
[ 21]  36.00-37.00  sec  8.48 MBytes  71.1 Mbits/sec  6712  
[ 23]  36.00-37.00  sec  8.48 MBytes  71.1 Mbits/sec  6712  
[ 25]  36.00-37.00  sec  8.48 MBytes  71.1 Mbits/sec  6712  
[ 27]  36.00-37.00  sec  8.48 MBytes  71.1 Mbits/sec  6712  
[ 29]  36.00-37.00  sec  8.48 MBytes  71.1 Mbits/sec  6712  
[ 31]  36.00-37.00  sec  8.48 MBytes  71.1 Mbits/sec  6712  
[ 33]  36.00-37.00  sec  8.48 MBytes  71.1 Mbits/sec  6712  
[ 35]  36.00-37.00  sec  8.48 MBytes  71.1 Mbits/sec  6712  
[ 37]  36.00-37.00  sec  8.48 MBytes  71.1 Mbits/sec  6712  
[ 39]  36.00-37.00  sec  8.48 MBytes  71.1 Mbits/sec  6712  
[ 41]  36.00-37.00  sec  8.48 MBytes  71.1 Mbits/sec  6712  
[ 43]  36.00-37.00  sec  8.48 MBytes  71.1 Mbits/sec  6712  
[SUM]  36.00-37.00  sec   170 MBytes  1422 Mbits/sec  134240  
- - - - - - - - - - - - - - - - - - - - - - - - -
[  5]  37.00-38.00  sec  8.63 MBytes  72.4 Mbits/sec  6838  
[  7]  37.00-38.00  sec  8.63 MBytes  72.4 Mbits/sec  6838  
[  9]  37.00-38.00  sec  8.63 MBytes  72.4 Mbits/sec  6838  
[ 11]  37.00-38.00  sec  8.63 MBytes  72.4 Mbits/sec  6838  
[ 13]  37.00-38.00  sec  8.63 MBytes  72.4 Mbits/sec  6838  
[ 15]  37.00-38.00  sec  8.63 MBytes  72.4 Mbits/sec  6838  
[ 17]  37.00-38.00  sec  8.63 MBytes  72.4 Mbits/sec  6838  
[ 19]  37.00-38.00  sec  8.63 MBytes  72.4 Mbits/sec  6838  
[ 21]  37.00-38.00  sec  8.63 MBytes  72.4 Mbits/sec  6838  
[ 23]  37.00-38.00  sec  8.63 MBytes  72.4 Mbits/sec  6838  
[ 25]  37.00-38.00  sec  8.63 MBytes  72.4 Mbits/sec  6838  
[ 27]  37.00-38.00  sec  8.63 MBytes  72.4 Mbits/sec  6838  
[ 29]  37.00-38.00  sec  8.63 MBytes  72.4 Mbits/sec  6838  
[ 31]  37.00-38.00  sec  8.63 MBytes  72.4 Mbits/sec  6838  
[ 33]  37.00-38.00  sec  8.63 MBytes  72.4 Mbits/sec  6838  
[ 35]  37.00-38.00  sec  8.63 MBytes  72.4 Mbits/sec  6838  
[ 37]  37.00-38.00  sec  8.63 MBytes  72.4 Mbits/sec  6838  
[ 39]  37.00-38.00  sec  8.63 MBytes  72.4 Mbits/sec  6838  
[ 41]  37.00-38.00  sec  8.63 MBytes  72.4 Mbits/sec  6838  
[ 43]  37.00-38.00  sec  8.63 MBytes  72.4 Mbits/sec  6838  
[SUM]  37.00-38.00  sec   173 MBytes  1449 Mbits/sec  136760  
- - - - - - - - - - - - - - - - - - - - - - - - -
[  5]  38.00-39.00  sec  8.76 MBytes  73.5 Mbits/sec  6937  
[  7]  38.00-39.00  sec  8.76 MBytes  73.5 Mbits/sec  6937  
[  9]  38.00-39.00  sec  8.76 MBytes  73.5 Mbits/sec  6937  
[ 11]  38.00-39.00  sec  8.76 MBytes  73.5 Mbits/sec  6937  
[ 13]  38.00-39.00  sec  8.76 MBytes  73.5 Mbits/sec  6937  
[ 15]  38.00-39.00  sec  8.76 MBytes  73.5 Mbits/sec  6937  
[ 17]  38.00-39.00  sec  8.76 MBytes  73.5 Mbits/sec  6937  
[ 19]  38.00-39.00  sec  8.76 MBytes  73.5 Mbits/sec  6937  
[ 21]  38.00-39.00  sec  8.76 MBytes  73.5 Mbits/sec  6937  
[ 23]  38.00-39.00  sec  8.76 MBytes  73.5 Mbits/sec  6937  
[ 25]  38.00-39.00  sec  8.76 MBytes  73.5 Mbits/sec  6937  
[ 27]  38.00-39.00  sec  8.76 MBytes  73.5 Mbits/sec  6937  
[ 29]  38.00-39.00  sec  8.76 MBytes  73.5 Mbits/sec  6937  
[ 31]  38.00-39.00  sec  8.76 MBytes  73.5 Mbits/sec  6937  
[ 33]  38.00-39.00  sec  8.76 MBytes  73.5 Mbits/sec  6937  
[ 35]  38.00-39.00  sec  8.76 MBytes  73.5 Mbits/sec  6937  
[ 37]  38.00-39.00  sec  8.76 MBytes  73.5 Mbits/sec  6937  
[ 39]  38.00-39.00  sec  8.76 MBytes  73.5 Mbits/sec  6937  
[ 41]  38.00-39.00  sec  8.76 MBytes  73.5 Mbits/sec  6937  
[ 43]  38.00-39.00  sec  8.76 MBytes  73.5 Mbits/sec  6937  
[SUM]  38.00-39.00  sec   175 MBytes  1470 Mbits/sec  138740  
- - - - - - - - - - - - - - - - - - - - - - - - -
[  5]  39.00-40.00  sec  8.65 MBytes  72.5 Mbits/sec  6847  
[  7]  39.00-40.00  sec  8.65 MBytes  72.5 Mbits/sec  6847  
[  9]  39.00-40.00  sec  8.65 MBytes  72.5 Mbits/sec  6847  
[ 11]  39.00-40.00  sec  8.65 MBytes  72.5 Mbits/sec  6847  
[ 13]  39.00-40.00  sec  8.65 MBytes  72.5 Mbits/sec  6847  
[ 15]  39.00-40.00  sec  8.65 MBytes  72.5 Mbits/sec  6847  
[ 17]  39.00-40.00  sec  8.65 MBytes  72.5 Mbits/sec  6847  
[ 19]  39.00-40.00  sec  8.65 MBytes  72.5 Mbits/sec  6847  
[ 21]  39.00-40.00  sec  8.65 MBytes  72.5 Mbits/sec  6847  
[ 23]  39.00-40.00  sec  8.65 MBytes  72.5 Mbits/sec  6847  
[ 25]  39.00-40.00  sec  8.65 MBytes  72.5 Mbits/sec  6847  
[ 27]  39.00-40.00  sec  8.65 MBytes  72.5 Mbits/sec  6847  
[ 29]  39.00-40.00  sec  8.65 MBytes  72.5 Mbits/sec  6847  
[ 31]  39.00-40.00  sec  8.65 MBytes  72.5 Mbits/sec  6847  
[ 33]  39.00-40.00  sec  8.65 MBytes  72.5 Mbits/sec  6847  
[ 35]  39.00-40.00  sec  8.65 MBytes  72.5 Mbits/sec  6847  
[ 37]  39.00-40.00  sec  8.65 MBytes  72.5 Mbits/sec  6847  
[ 39]  39.00-40.00  sec  8.65 MBytes  72.5 Mbits/sec  6847  
[ 41]  39.00-40.00  sec  8.65 MBytes  72.5 Mbits/sec  6847  
[ 43]  39.00-40.00  sec  8.65 MBytes  72.5 Mbits/sec  6847  
[SUM]  39.00-40.00  sec   173 MBytes  1450 Mbits/sec  136940  
- - - - - - - - - - - - - - - - - - - - - - - - -
[  5]  40.00-41.00  sec  8.86 MBytes  74.3 Mbits/sec  7017  
[  7]  40.00-41.00  sec  8.86 MBytes  74.3 Mbits/sec  7017  
[  9]  40.00-41.00  sec  8.86 MBytes  74.3 Mbits/sec  7017  
[ 11]  40.00-41.00  sec  8.86 MBytes  74.3 Mbits/sec  7017  
[ 13]  40.00-41.00  sec  8.86 MBytes  74.3 Mbits/sec  7017  
[ 15]  40.00-41.00  sec  8.86 MBytes  74.3 Mbits/sec  7017  
[ 17]  40.00-41.00  sec  8.86 MBytes  74.3 Mbits/sec  7017  
[ 19]  40.00-41.00  sec  8.86 MBytes  74.3 Mbits/sec  7017  
[ 21]  40.00-41.00  sec  8.86 MBytes  74.3 Mbits/sec  7017  
[ 23]  40.00-41.00  sec  8.86 MBytes  74.3 Mbits/sec  7017  
[ 25]  40.00-41.00  sec  8.86 MBytes  74.3 Mbits/sec  7017  
[ 27]  40.00-41.00  sec  8.86 MBytes  74.3 Mbits/sec  7017  
[ 29]  40.00-41.00  sec  8.86 MBytes  74.3 Mbits/sec  7017  
[ 31]  40.00-41.00  sec  8.86 MBytes  74.3 Mbits/sec  7017  
[ 33]  40.00-41.00  sec  8.86 MBytes  74.3 Mbits/sec  7017  
[ 35]  40.00-41.00  sec  8.86 MBytes  74.3 Mbits/sec  7017  
[ 37]  40.00-41.00  sec  8.86 MBytes  74.3 Mbits/sec  7017  
[ 39]  40.00-41.00  sec  8.86 MBytes  74.3 Mbits/sec  7017  
[ 41]  40.00-41.00  sec  8.86 MBytes  74.3 Mbits/sec  7017  
[ 43]  40.00-41.00  sec  8.86 MBytes  74.3 Mbits/sec  7017  
[SUM]  40.00-41.00  sec   177 MBytes  1487 Mbits/sec  140340  
- - - - - - - - - - - - - - - - - - - - - - - - -
[  5]  41.00-42.00  sec  8.63 MBytes  72.4 Mbits/sec  6831  
[  7]  41.00-42.00  sec  8.63 MBytes  72.4 Mbits/sec  6831  
[  9]  41.00-42.00  sec  8.63 MBytes  72.4 Mbits/sec  6831  
[ 11]  41.00-42.00  sec  8.63 MBytes  72.4 Mbits/sec  6831  
[ 13]  41.00-42.00  sec  8.63 MBytes  72.4 Mbits/sec  6831  
[ 15]  41.00-42.00  sec  8.63 MBytes  72.4 Mbits/sec  6831  
[ 17]  41.00-42.00  sec  8.63 MBytes  72.4 Mbits/sec  6831  
[ 19]  41.00-42.00  sec  8.63 MBytes  72.4 Mbits/sec  6831  
[ 21]  41.00-42.00  sec  8.63 MBytes  72.4 Mbits/sec  6831  
[ 23]  41.00-42.00  sec  8.63 MBytes  72.4 Mbits/sec  6831  
[ 25]  41.00-42.00  sec  8.63 MBytes  72.4 Mbits/sec  6831  
[ 27]  41.00-42.00  sec  8.63 MBytes  72.4 Mbits/sec  6831  
[ 29]  41.00-42.00  sec  8.63 MBytes  72.4 Mbits/sec  6831  
[ 31]  41.00-42.00  sec  8.63 MBytes  72.3 Mbits/sec  6831  
[ 33]  41.00-42.00  sec  8.63 MBytes  72.3 Mbits/sec  6831  
[ 35]  41.00-42.00  sec  8.63 MBytes  72.3 Mbits/sec  6831  
[ 37]  41.00-42.00  sec  8.63 MBytes  72.4 Mbits/sec  6831  
[ 39]  41.00-42.00  sec  8.63 MBytes  72.4 Mbits/sec  6831  
[ 41]  41.00-42.00  sec  8.63 MBytes  72.4 Mbits/sec  6831  
[ 43]  41.00-42.00  sec  8.63 MBytes  72.4 Mbits/sec  6831  
[SUM]  41.00-42.00  sec   173 MBytes  1447 Mbits/sec  136620  
- - - - - - - - - - - - - - - - - - - - - - - - -
[  5]  42.00-43.00  sec  8.61 MBytes  72.2 Mbits/sec  6821  
[  7]  42.00-43.00  sec  8.61 MBytes  72.2 Mbits/sec  6821  
[  9]  42.00-43.00  sec  8.61 MBytes  72.2 Mbits/sec  6821  
[ 11]  42.00-43.00  sec  8.61 MBytes  72.2 Mbits/sec  6821  
[ 13]  42.00-43.00  sec  8.61 MBytes  72.2 Mbits/sec  6821  
[ 15]  42.00-43.00  sec  8.61 MBytes  72.2 Mbits/sec  6821  
[ 17]  42.00-43.00  sec  8.61 MBytes  72.2 Mbits/sec  6821  
[ 19]  42.00-43.00  sec  8.61 MBytes  72.2 Mbits/sec  6821  
[ 21]  42.00-43.00  sec  8.61 MBytes  72.2 Mbits/sec  6821  
[ 23]  42.00-43.00  sec  8.61 MBytes  72.2 Mbits/sec  6821  
[ 25]  42.00-43.00  sec  8.61 MBytes  72.2 Mbits/sec  6821  
[ 27]  42.00-43.00  sec  8.61 MBytes  72.2 Mbits/sec  6821  
[ 29]  42.00-43.00  sec  8.61 MBytes  72.2 Mbits/sec  6821  
[ 31]  42.00-43.00  sec  8.61 MBytes  72.2 Mbits/sec  6821  
[ 33]  42.00-43.00  sec  8.61 MBytes  72.2 Mbits/sec  6821  
[ 35]  42.00-43.00  sec  8.61 MBytes  72.2 Mbits/sec  6821  
[ 37]  42.00-43.00  sec  8.61 MBytes  72.2 Mbits/sec  6821  
[ 39]  42.00-43.00  sec  8.61 MBytes  72.2 Mbits/sec  6821  
[ 41]  42.00-43.00  sec  8.61 MBytes  72.2 Mbits/sec  6821  
[ 43]  42.00-43.00  sec  8.61 MBytes  72.2 Mbits/sec  6821  
[SUM]  42.00-43.00  sec   172 MBytes  1445 Mbits/sec  136420  
- - - - - - - - - - - - - - - - - - - - - - - - -
[  5]  43.00-44.00  sec  8.67 MBytes  72.8 Mbits/sec  6870  
[  7]  43.00-44.00  sec  8.67 MBytes  72.8 Mbits/sec  6870  
[  9]  43.00-44.00  sec  8.67 MBytes  72.8 Mbits/sec  6870  
[ 11]  43.00-44.00  sec  8.67 MBytes  72.8 Mbits/sec  6870  
[ 13]  43.00-44.00  sec  8.67 MBytes  72.8 Mbits/sec  6870  
[ 15]  43.00-44.00  sec  8.67 MBytes  72.8 Mbits/sec  6870  
[ 17]  43.00-44.00  sec  8.67 MBytes  72.8 Mbits/sec  6870  
[ 19]  43.00-44.00  sec  8.67 MBytes  72.8 Mbits/sec  6870  
[ 21]  43.00-44.00  sec  8.67 MBytes  72.8 Mbits/sec  6870  
[ 23]  43.00-44.00  sec  8.67 MBytes  72.8 Mbits/sec  6870  
[ 25]  43.00-44.00  sec  8.67 MBytes  72.8 Mbits/sec  6870  
[ 27]  43.00-44.00  sec  8.67 MBytes  72.8 Mbits/sec  6870  
[ 29]  43.00-44.00  sec  8.67 MBytes  72.8 Mbits/sec  6870  
[ 31]  43.00-44.00  sec  8.67 MBytes  72.8 Mbits/sec  6870  
[ 33]  43.00-44.00  sec  8.67 MBytes  72.8 Mbits/sec  6870  
[ 35]  43.00-44.00  sec  8.67 MBytes  72.8 Mbits/sec  6870  
[ 37]  43.00-44.00  sec  8.67 MBytes  72.8 Mbits/sec  6870  
[ 39]  43.00-44.00  sec  8.67 MBytes  72.8 Mbits/sec  6870  
[ 41]  43.00-44.00  sec  8.67 MBytes  72.8 Mbits/sec  6870  
[ 43]  43.00-44.00  sec  8.67 MBytes  72.8 Mbits/sec  6870  
[SUM]  43.00-44.00  sec   173 MBytes  1455 Mbits/sec  137400  
- - - - - - - - - - - - - - - - - - - - - - - - -
[  5]  44.00-45.00  sec  8.57 MBytes  71.9 Mbits/sec  6791  
[  7]  44.00-45.00  sec  8.57 MBytes  71.9 Mbits/sec  6791  
[  9]  44.00-45.00  sec  8.57 MBytes  71.9 Mbits/sec  6791  
[ 11]  44.00-45.00  sec  8.57 MBytes  71.9 Mbits/sec  6791  
[ 13]  44.00-45.00  sec  8.57 MBytes  71.9 Mbits/sec  6791  
[ 15]  44.00-45.00  sec  8.57 MBytes  71.9 Mbits/sec  6791  
[ 17]  44.00-45.00  sec  8.57 MBytes  71.9 Mbits/sec  6791  
[ 19]  44.00-45.00  sec  8.57 MBytes  71.9 Mbits/sec  6791  
[ 21]  44.00-45.00  sec  8.57 MBytes  71.9 Mbits/sec  6791  
[ 23]  44.00-45.00  sec  8.57 MBytes  71.9 Mbits/sec  6791  
[ 25]  44.00-45.00  sec  8.57 MBytes  71.9 Mbits/sec  6791  
[ 27]  44.00-45.00  sec  8.57 MBytes  71.9 Mbits/sec  6791  
[ 29]  44.00-45.00  sec  8.57 MBytes  71.9 Mbits/sec  6791  
[ 31]  44.00-45.00  sec  8.57 MBytes  71.9 Mbits/sec  6791  
[ 33]  44.00-45.00  sec  8.57 MBytes  71.9 Mbits/sec  6791  
[ 35]  44.00-45.00  sec  8.57 MBytes  71.9 Mbits/sec  6791  
[ 37]  44.00-45.00  sec  8.57 MBytes  71.9 Mbits/sec  6791  
[ 39]  44.00-45.00  sec  8.57 MBytes  71.9 Mbits/sec  6791  
[ 41]  44.00-45.00  sec  8.57 MBytes  71.9 Mbits/sec  6791  
[ 43]  44.00-45.00  sec  8.57 MBytes  71.9 Mbits/sec  6791  
[SUM]  44.00-45.00  sec   171 MBytes  1439 Mbits/sec  135820  
- - - - - - - - - - - - - - - - - - - - - - - - -
[  5]  45.00-46.00  sec  8.65 MBytes  72.6 Mbits/sec  6854  
[  7]  45.00-46.00  sec  8.65 MBytes  72.6 Mbits/sec  6854  
[  9]  45.00-46.00  sec  8.65 MBytes  72.6 Mbits/sec  6854  
[ 11]  45.00-46.00  sec  8.65 MBytes  72.6 Mbits/sec  6854  
[ 13]  45.00-46.00  sec  8.65 MBytes  72.6 Mbits/sec  6854  
[ 15]  45.00-46.00  sec  8.65 MBytes  72.6 Mbits/sec  6854  
[ 17]  45.00-46.00  sec  8.65 MBytes  72.6 Mbits/sec  6854  
[ 19]  45.00-46.00  sec  8.65 MBytes  72.6 Mbits/sec  6854  
[ 21]  45.00-46.00  sec  8.65 MBytes  72.6 Mbits/sec  6854  
[ 23]  45.00-46.00  sec  8.65 MBytes  72.6 Mbits/sec  6854  
[ 25]  45.00-46.00  sec  8.65 MBytes  72.6 Mbits/sec  6854  
[ 27]  45.00-46.00  sec  8.65 MBytes  72.6 Mbits/sec  6854  
[ 29]  45.00-46.00  sec  8.65 MBytes  72.6 Mbits/sec  6854  
[ 31]  45.00-46.00  sec  8.65 MBytes  72.6 Mbits/sec  6854  
[ 33]  45.00-46.00  sec  8.65 MBytes  72.6 Mbits/sec  6854  
[ 35]  45.00-46.00  sec  8.65 MBytes  72.6 Mbits/sec  6854  
[ 37]  45.00-46.00  sec  8.65 MBytes  72.6 Mbits/sec  6854  
[ 39]  45.00-46.00  sec  8.65 MBytes  72.6 Mbits/sec  6854  
[ 41]  45.00-46.00  sec  8.65 MBytes  72.6 Mbits/sec  6854  
[ 43]  45.00-46.00  sec  8.65 MBytes  72.6 Mbits/sec  6854  
[SUM]  45.00-46.00  sec   173 MBytes  1452 Mbits/sec  137080  
- - - - - - - - - - - - - - - - - - - - - - - - -
[  5]  46.00-47.00  sec  8.73 MBytes  73.2 Mbits/sec  6910  
[  7]  46.00-47.00  sec  8.73 MBytes  73.2 Mbits/sec  6910  
[  9]  46.00-47.00  sec  8.73 MBytes  73.2 Mbits/sec  6910  
[ 11]  46.00-47.00  sec  8.73 MBytes  73.2 Mbits/sec  6910  
[ 13]  46.00-47.00  sec  8.73 MBytes  73.2 Mbits/sec  6910  
[ 15]  46.00-47.00  sec  8.73 MBytes  73.2 Mbits/sec  6910  
[ 17]  46.00-47.00  sec  8.73 MBytes  73.2 Mbits/sec  6910  
[ 19]  46.00-47.00  sec  8.73 MBytes  73.2 Mbits/sec  6910  
[ 21]  46.00-47.00  sec  8.73 MBytes  73.2 Mbits/sec  6910  
[ 23]  46.00-47.00  sec  8.73 MBytes  73.2 Mbits/sec  6910  
[ 25]  46.00-47.00  sec  8.73 MBytes  73.2 Mbits/sec  6910  
[ 27]  46.00-47.00  sec  8.73 MBytes  73.2 Mbits/sec  6910  
[ 29]  46.00-47.00  sec  8.73 MBytes  73.2 Mbits/sec  6910  
[ 31]  46.00-47.00  sec  8.73 MBytes  73.2 Mbits/sec  6910  
[ 33]  46.00-47.00  sec  8.73 MBytes  73.2 Mbits/sec  6910  
[ 35]  46.00-47.00  sec  8.73 MBytes  73.2 Mbits/sec  6910  
[ 37]  46.00-47.00  sec  8.73 MBytes  73.2 Mbits/sec  6910  
[ 39]  46.00-47.00  sec  8.73 MBytes  73.2 Mbits/sec  6910  
[ 41]  46.00-47.00  sec  8.73 MBytes  73.2 Mbits/sec  6910  
[ 43]  46.00-47.00  sec  8.73 MBytes  73.2 Mbits/sec  6910  
[SUM]  46.00-47.00  sec   175 MBytes  1464 Mbits/sec  138200  
- - - - - - - - - - - - - - - - - - - - - - - - -
[  5]  47.00-48.00  sec  8.63 MBytes  72.4 Mbits/sec  6838  
[  7]  47.00-48.00  sec  8.63 MBytes  72.4 Mbits/sec  6838  
[  9]  47.00-48.00  sec  8.63 MBytes  72.4 Mbits/sec  6838  
[ 11]  47.00-48.00  sec  8.63 MBytes  72.4 Mbits/sec  6838  
[ 13]  47.00-48.00  sec  8.63 MBytes  72.4 Mbits/sec  6838  
[ 15]  47.00-48.00  sec  8.63 MBytes  72.4 Mbits/sec  6838  
[ 17]  47.00-48.00  sec  8.63 MBytes  72.4 Mbits/sec  6838  
[ 19]  47.00-48.00  sec  8.63 MBytes  72.4 Mbits/sec  6838  
[ 21]  47.00-48.00  sec  8.63 MBytes  72.4 Mbits/sec  6838  
[ 23]  47.00-48.00  sec  8.63 MBytes  72.4 Mbits/sec  6838  
[ 25]  47.00-48.00  sec  8.63 MBytes  72.4 Mbits/sec  6838  
[ 27]  47.00-48.00  sec  8.63 MBytes  72.4 Mbits/sec  6838  
[ 29]  47.00-48.00  sec  8.63 MBytes  72.4 Mbits/sec  6838  
[ 31]  47.00-48.00  sec  8.63 MBytes  72.4 Mbits/sec  6838  
[ 33]  47.00-48.00  sec  8.63 MBytes  72.4 Mbits/sec  6838  
[ 35]  47.00-48.00  sec  8.63 MBytes  72.4 Mbits/sec  6838  
[ 37]  47.00-48.00  sec  8.63 MBytes  72.4 Mbits/sec  6838  
[ 39]  47.00-48.00  sec  8.63 MBytes  72.4 Mbits/sec  6838  
[ 41]  47.00-48.00  sec  8.63 MBytes  72.4 Mbits/sec  6838  
[ 43]  47.00-48.00  sec  8.63 MBytes  72.4 Mbits/sec  6838  
[SUM]  47.00-48.00  sec   173 MBytes  1449 Mbits/sec  136760  
- - - - - - - - - - - - - - - - - - - - - - - - -
[  5]  48.00-49.00  sec  8.54 MBytes  71.6 Mbits/sec  6761  
[  7]  48.00-49.00  sec  8.54 MBytes  71.6 Mbits/sec  6761  
[  9]  48.00-49.00  sec  8.54 MBytes  71.6 Mbits/sec  6761  
[ 11]  48.00-49.00  sec  8.54 MBytes  71.6 Mbits/sec  6761  
[ 13]  48.00-49.00  sec  8.54 MBytes  71.6 Mbits/sec  6761  
[ 15]  48.00-49.00  sec  8.54 MBytes  71.6 Mbits/sec  6761  
[ 17]  48.00-49.00  sec  8.54 MBytes  71.6 Mbits/sec  6761  
[ 19]  48.00-49.00  sec  8.54 MBytes  71.6 Mbits/sec  6761  
[ 21]  48.00-49.00  sec  8.54 MBytes  71.6 Mbits/sec  6761  
[ 23]  48.00-49.00  sec  8.54 MBytes  71.6 Mbits/sec  6761  
[ 25]  48.00-49.00  sec  8.54 MBytes  71.6 Mbits/sec  6761  
[ 27]  48.00-49.00  sec  8.54 MBytes  71.6 Mbits/sec  6761  
[ 29]  48.00-49.00  sec  8.54 MBytes  71.6 Mbits/sec  6761  
[ 31]  48.00-49.00  sec  8.54 MBytes  71.6 Mbits/sec  6761  
[ 33]  48.00-49.00  sec  8.54 MBytes  71.6 Mbits/sec  6761  
[ 35]  48.00-49.00  sec  8.54 MBytes  71.6 Mbits/sec  6761  
[ 37]  48.00-49.00  sec  8.54 MBytes  71.6 Mbits/sec  6761  
[ 39]  48.00-49.00  sec  8.54 MBytes  71.6 Mbits/sec  6761  
[ 41]  48.00-49.00  sec  8.54 MBytes  71.6 Mbits/sec  6761  
[ 43]  48.00-49.00  sec  8.54 MBytes  71.6 Mbits/sec  6761  
[SUM]  48.00-49.00  sec   171 MBytes  1432 Mbits/sec  135220  
- - - - - - - - - - - - - - - - - - - - - - - - -
[  5]  49.00-50.00  sec  8.76 MBytes  73.5 Mbits/sec  6935  
[  7]  49.00-50.00  sec  8.76 MBytes  73.5 Mbits/sec  6935  
[  9]  49.00-50.00  sec  8.76 MBytes  73.5 Mbits/sec  6935  
[ 11]  49.00-50.00  sec  8.76 MBytes  73.5 Mbits/sec  6935  
[ 13]  49.00-50.00  sec  8.76 MBytes  73.5 Mbits/sec  6935  
[ 15]  49.00-50.00  sec  8.76 MBytes  73.5 Mbits/sec  6935  
[ 17]  49.00-50.00  sec  8.76 MBytes  73.5 Mbits/sec  6935  
[ 19]  49.00-50.00  sec  8.76 MBytes  73.5 Mbits/sec  6935  
[ 21]  49.00-50.00  sec  8.76 MBytes  73.5 Mbits/sec  6935  
[ 23]  49.00-50.00  sec  8.76 MBytes  73.5 Mbits/sec  6935  
[ 25]  49.00-50.00  sec  8.76 MBytes  73.5 Mbits/sec  6935  
[ 27]  49.00-50.00  sec  8.76 MBytes  73.5 Mbits/sec  6935  
[ 29]  49.00-50.00  sec  8.76 MBytes  73.5 Mbits/sec  6935  
[ 31]  49.00-50.00  sec  8.76 MBytes  73.5 Mbits/sec  6935  
[ 33]  49.00-50.00  sec  8.76 MBytes  73.5 Mbits/sec  6935  
[ 35]  49.00-50.00  sec  8.76 MBytes  73.5 Mbits/sec  6935  
[ 37]  49.00-50.00  sec  8.76 MBytes  73.5 Mbits/sec  6935  
[ 39]  49.00-50.00  sec  8.76 MBytes  73.5 Mbits/sec  6935  
[ 41]  49.00-50.00  sec  8.76 MBytes  73.5 Mbits/sec  6935  
[ 43]  49.00-50.00  sec  8.76 MBytes  73.5 Mbits/sec  6935  
[SUM]  49.00-50.00  sec   175 MBytes  1469 Mbits/sec  138700  
- - - - - - - - - - - - - - - - - - - - - - - - -
[  5]  50.00-51.00  sec  8.85 MBytes  74.2 Mbits/sec  7009  
[  7]  50.00-51.00  sec  8.85 MBytes  74.2 Mbits/sec  7009  
[  9]  50.00-51.00  sec  8.85 MBytes  74.2 Mbits/sec  7009  
[ 11]  50.00-51.00  sec  8.85 MBytes  74.2 Mbits/sec  7009  
[ 13]  50.00-51.00  sec  8.85 MBytes  74.2 Mbits/sec  7009  
[ 15]  50.00-51.00  sec  8.85 MBytes  74.2 Mbits/sec  7009  
[ 17]  50.00-51.00  sec  8.85 MBytes  74.2 Mbits/sec  7009  
[ 19]  50.00-51.00  sec  8.85 MBytes  74.2 Mbits/sec  7009  
[ 21]  50.00-51.00  sec  8.85 MBytes  74.2 Mbits/sec  7009  
[ 23]  50.00-51.00  sec  8.85 MBytes  74.2 Mbits/sec  7009  
[ 25]  50.00-51.00  sec  8.85 MBytes  74.2 Mbits/sec  7009  
[ 27]  50.00-51.00  sec  8.85 MBytes  74.2 Mbits/sec  7009  
[ 29]  50.00-51.00  sec  8.85 MBytes  74.2 Mbits/sec  7009  
[ 31]  50.00-51.00  sec  8.85 MBytes  74.2 Mbits/sec  7009  
[ 33]  50.00-51.00  sec  8.85 MBytes  74.2 Mbits/sec  7009  
[ 35]  50.00-51.00  sec  8.85 MBytes  74.2 Mbits/sec  7009  
[ 37]  50.00-51.00  sec  8.85 MBytes  74.2 Mbits/sec  7009  
[ 39]  50.00-51.00  sec  8.85 MBytes  74.2 Mbits/sec  7009  
[ 41]  50.00-51.00  sec  8.85 MBytes  74.2 Mbits/sec  7009  
[ 43]  50.00-51.00  sec  8.85 MBytes  74.2 Mbits/sec  7009  
[SUM]  50.00-51.00  sec   177 MBytes  1485 Mbits/sec  140180  
- - - - - - - - - - - - - - - - - - - - - - - - -
[  5]  51.00-52.00  sec  8.73 MBytes  73.2 Mbits/sec  6911  
[  7]  51.00-52.00  sec  8.73 MBytes  73.2 Mbits/sec  6911  
[  9]  51.00-52.00  sec  8.73 MBytes  73.2 Mbits/sec  6911  
[ 11]  51.00-52.00  sec  8.73 MBytes  73.2 Mbits/sec  6911  
[ 13]  51.00-52.00  sec  8.73 MBytes  73.2 Mbits/sec  6911  
[ 15]  51.00-52.00  sec  8.73 MBytes  73.2 Mbits/sec  6911  
[ 17]  51.00-52.00  sec  8.73 MBytes  73.2 Mbits/sec  6911  
[ 19]  51.00-52.00  sec  8.73 MBytes  73.2 Mbits/sec  6911  
[ 21]  51.00-52.00  sec  8.73 MBytes  73.2 Mbits/sec  6911  
[ 23]  51.00-52.00  sec  8.73 MBytes  73.2 Mbits/sec  6911  
[ 25]  51.00-52.00  sec  8.73 MBytes  73.2 Mbits/sec  6911  
[ 27]  51.00-52.00  sec  8.73 MBytes  73.2 Mbits/sec  6911  
[ 29]  51.00-52.00  sec  8.73 MBytes  73.2 Mbits/sec  6911  
[ 31]  51.00-52.00  sec  8.73 MBytes  73.2 Mbits/sec  6911  
[ 33]  51.00-52.00  sec  8.73 MBytes  73.2 Mbits/sec  6911  
[ 35]  51.00-52.00  sec  8.73 MBytes  73.2 Mbits/sec  6911  
[ 37]  51.00-52.00  sec  8.73 MBytes  73.2 Mbits/sec  6911  
[ 39]  51.00-52.00  sec  8.73 MBytes  73.2 Mbits/sec  6911  
[ 41]  51.00-52.00  sec  8.73 MBytes  73.2 Mbits/sec  6911  
[ 43]  51.00-52.00  sec  8.73 MBytes  73.2 Mbits/sec  6911  
[SUM]  51.00-52.00  sec   175 MBytes  1464 Mbits/sec  138220  
- - - - - - - - - - - - - - - - - - - - - - - - -
[  5]  52.00-53.00  sec  8.55 MBytes  71.7 Mbits/sec  6769  
[  7]  52.00-53.00  sec  8.55 MBytes  71.7 Mbits/sec  6769  
[  9]  52.00-53.00  sec  8.55 MBytes  71.7 Mbits/sec  6769  
[ 11]  52.00-53.00  sec  8.55 MBytes  71.7 Mbits/sec  6769  
[ 13]  52.00-53.00  sec  8.55 MBytes  71.7 Mbits/sec  6769  
[ 15]  52.00-53.00  sec  8.55 MBytes  71.7 Mbits/sec  6769  
[ 17]  52.00-53.00  sec  8.55 MBytes  71.7 Mbits/sec  6769  
[ 19]  52.00-53.00  sec  8.55 MBytes  71.7 Mbits/sec  6769  
[ 21]  52.00-53.00  sec  8.55 MBytes  71.7 Mbits/sec  6769  
[ 23]  52.00-53.00  sec  8.55 MBytes  71.7 Mbits/sec  6769  
[ 25]  52.00-53.00  sec  8.55 MBytes  71.7 Mbits/sec  6769  
[ 27]  52.00-53.00  sec  8.55 MBytes  71.7 Mbits/sec  6769  
[ 29]  52.00-53.00  sec  8.55 MBytes  71.7 Mbits/sec  6769  
[ 31]  52.00-53.00  sec  8.55 MBytes  71.7 Mbits/sec  6769  
[ 33]  52.00-53.00  sec  8.55 MBytes  71.7 Mbits/sec  6769  
[ 35]  52.00-53.00  sec  8.55 MBytes  71.7 Mbits/sec  6769  
[ 37]  52.00-53.00  sec  8.55 MBytes  71.7 Mbits/sec  6769  
[ 39]  52.00-53.00  sec  8.55 MBytes  71.7 Mbits/sec  6769  
[ 41]  52.00-53.00  sec  8.55 MBytes  71.7 Mbits/sec  6769  
[ 43]  52.00-53.00  sec  8.55 MBytes  71.7 Mbits/sec  6769  
[SUM]  52.00-53.00  sec   171 MBytes  1434 Mbits/sec  135380  
- - - - - - - - - - - - - - - - - - - - - - - - -
[  5]  53.00-54.00  sec  8.74 MBytes  73.3 Mbits/sec  6921  
[  7]  53.00-54.00  sec  8.74 MBytes  73.3 Mbits/sec  6921  
[  9]  53.00-54.00  sec  8.74 MBytes  73.3 Mbits/sec  6921  
[ 11]  53.00-54.00  sec  8.74 MBytes  73.3 Mbits/sec  6921  
[ 13]  53.00-54.00  sec  8.74 MBytes  73.3 Mbits/sec  6921  
[ 15]  53.00-54.00  sec  8.74 MBytes  73.3 Mbits/sec  6921  
[ 17]  53.00-54.00  sec  8.74 MBytes  73.3 Mbits/sec  6921  
[ 19]  53.00-54.00  sec  8.74 MBytes  73.3 Mbits/sec  6921  
[ 21]  53.00-54.00  sec  8.74 MBytes  73.3 Mbits/sec  6921  
[ 23]  53.00-54.00  sec  8.74 MBytes  73.3 Mbits/sec  6921  
[ 25]  53.00-54.00  sec  8.74 MBytes  73.3 Mbits/sec  6921  
[ 27]  53.00-54.00  sec  8.74 MBytes  73.3 Mbits/sec  6921  
[ 29]  53.00-54.00  sec  8.74 MBytes  73.3 Mbits/sec  6921  
[ 31]  53.00-54.00  sec  8.74 MBytes  73.3 Mbits/sec  6921  
[ 33]  53.00-54.00  sec  8.74 MBytes  73.3 Mbits/sec  6921  
[ 35]  53.00-54.00  sec  8.74 MBytes  73.3 Mbits/sec  6921  
[ 37]  53.00-54.00  sec  8.74 MBytes  73.3 Mbits/sec  6921  
[ 39]  53.00-54.00  sec  8.74 MBytes  73.3 Mbits/sec  6921  
[ 41]  53.00-54.00  sec  8.74 MBytes  73.3 Mbits/sec  6921  
[ 43]  53.00-54.00  sec  8.74 MBytes  73.3 Mbits/sec  6921  
[SUM]  53.00-54.00  sec   175 MBytes  1466 Mbits/sec  138420  
- - - - - - - - - - - - - - - - - - - - - - - - -
[  5]  54.00-55.00  sec  8.71 MBytes  73.1 Mbits/sec  6899  
[  7]  54.00-55.00  sec  8.71 MBytes  73.1 Mbits/sec  6899  
[  9]  54.00-55.00  sec  8.71 MBytes  73.1 Mbits/sec  6899  
[ 11]  54.00-55.00  sec  8.71 MBytes  73.1 Mbits/sec  6899  
[ 13]  54.00-55.00  sec  8.71 MBytes  73.1 Mbits/sec  6899  
[ 15]  54.00-55.00  sec  8.71 MBytes  73.1 Mbits/sec  6899  
[ 17]  54.00-55.00  sec  8.71 MBytes  73.1 Mbits/sec  6899  
[ 19]  54.00-55.00  sec  8.71 MBytes  73.1 Mbits/sec  6899  
[ 21]  54.00-55.00  sec  8.71 MBytes  73.1 Mbits/sec  6899  
[ 23]  54.00-55.00  sec  8.71 MBytes  73.1 Mbits/sec  6899  
[ 25]  54.00-55.00  sec  8.71 MBytes  73.1 Mbits/sec  6899  
[ 27]  54.00-55.00  sec  8.71 MBytes  73.1 Mbits/sec  6899  
[ 29]  54.00-55.00  sec  8.71 MBytes  73.1 Mbits/sec  6899  
[ 31]  54.00-55.00  sec  8.71 MBytes  73.1 Mbits/sec  6899  
[ 33]  54.00-55.00  sec  8.71 MBytes  73.1 Mbits/sec  6899  
[ 35]  54.00-55.00  sec  8.71 MBytes  73.1 Mbits/sec  6899  
[ 37]  54.00-55.00  sec  8.71 MBytes  73.1 Mbits/sec  6899  
[ 39]  54.00-55.00  sec  8.71 MBytes  73.1 Mbits/sec  6899  
[ 41]  54.00-55.00  sec  8.71 MBytes  73.1 Mbits/sec  6899  
[ 43]  54.00-55.00  sec  8.71 MBytes  73.1 Mbits/sec  6899  
[SUM]  54.00-55.00  sec   174 MBytes  1461 Mbits/sec  137980  
- - - - - - - - - - - - - - - - - - - - - - - - -
[  5]  55.00-56.00  sec  8.51 MBytes  71.4 Mbits/sec  6739  
[  7]  55.00-56.00  sec  8.51 MBytes  71.4 Mbits/sec  6739  
[  9]  55.00-56.00  sec  8.51 MBytes  71.4 Mbits/sec  6739  
[ 11]  55.00-56.00  sec  8.51 MBytes  71.4 Mbits/sec  6739  
[ 13]  55.00-56.00  sec  8.51 MBytes  71.4 Mbits/sec  6739  
[ 15]  55.00-56.00  sec  8.51 MBytes  71.4 Mbits/sec  6739  
[ 17]  55.00-56.00  sec  8.51 MBytes  71.4 Mbits/sec  6739  
[ 19]  55.00-56.00  sec  8.51 MBytes  71.4 Mbits/sec  6739  
[ 21]  55.00-56.00  sec  8.51 MBytes  71.4 Mbits/sec  6739  
[ 23]  55.00-56.00  sec  8.51 MBytes  71.4 Mbits/sec  6739  
[ 25]  55.00-56.00  sec  8.51 MBytes  71.4 Mbits/sec  6739  
[ 27]  55.00-56.00  sec  8.51 MBytes  71.4 Mbits/sec  6739  
[ 29]  55.00-56.00  sec  8.51 MBytes  71.4 Mbits/sec  6739  
[ 31]  55.00-56.00  sec  8.51 MBytes  71.4 Mbits/sec  6739  
[ 33]  55.00-56.00  sec  8.51 MBytes  71.4 Mbits/sec  6739  
[ 35]  55.00-56.00  sec  8.51 MBytes  71.4 Mbits/sec  6739  
[ 37]  55.00-56.00  sec  8.51 MBytes  71.4 Mbits/sec  6739  
[ 39]  55.00-56.00  sec  8.51 MBytes  71.4 Mbits/sec  6739  
[ 41]  55.00-56.00  sec  8.51 MBytes  71.4 Mbits/sec  6739  
[ 43]  55.00-56.00  sec  8.51 MBytes  71.4 Mbits/sec  6739  
[SUM]  55.00-56.00  sec   170 MBytes  1427 Mbits/sec  134780  
- - - - - - - - - - - - - - - - - - - - - - - - -
[  5]  56.00-57.00  sec  8.57 MBytes  71.9 Mbits/sec  6789  
[  7]  56.00-57.00  sec  8.57 MBytes  71.9 Mbits/sec  6789  
[  9]  56.00-57.00  sec  8.57 MBytes  71.9 Mbits/sec  6789  
[ 11]  56.00-57.00  sec  8.57 MBytes  71.9 Mbits/sec  6789  
[ 13]  56.00-57.00  sec  8.57 MBytes  71.9 Mbits/sec  6789  
[ 15]  56.00-57.00  sec  8.57 MBytes  71.9 Mbits/sec  6789  
[ 17]  56.00-57.00  sec  8.57 MBytes  71.9 Mbits/sec  6789  
[ 19]  56.00-57.00  sec  8.57 MBytes  71.9 Mbits/sec  6789  
[ 21]  56.00-57.00  sec  8.57 MBytes  71.9 Mbits/sec  6789  
[ 23]  56.00-57.00  sec  8.57 MBytes  71.9 Mbits/sec  6789  
[ 25]  56.00-57.00  sec  8.57 MBytes  71.9 Mbits/sec  6789  
[ 27]  56.00-57.00  sec  8.57 MBytes  71.9 Mbits/sec  6789  
[ 29]  56.00-57.00  sec  8.57 MBytes  71.9 Mbits/sec  6789  
[ 31]  56.00-57.00  sec  8.57 MBytes  71.9 Mbits/sec  6789  
[ 33]  56.00-57.00  sec  8.57 MBytes  71.9 Mbits/sec  6789  
[ 35]  56.00-57.00  sec  8.57 MBytes  71.9 Mbits/sec  6789  
[ 37]  56.00-57.00  sec  8.57 MBytes  71.9 Mbits/sec  6789  
[ 39]  56.00-57.00  sec  8.57 MBytes  71.9 Mbits/sec  6789  
[ 41]  56.00-57.00  sec  8.57 MBytes  71.9 Mbits/sec  6789  
[ 43]  56.00-57.00  sec  8.57 MBytes  71.9 Mbits/sec  6789  
[SUM]  56.00-57.00  sec   171 MBytes  1438 Mbits/sec  135780  
- - - - - - - - - - - - - - - - - - - - - - - - -
[  5]  57.00-58.00  sec  8.48 MBytes  71.1 Mbits/sec  6716  
[  7]  57.00-58.00  sec  8.48 MBytes  71.1 Mbits/sec  6716  
[  9]  57.00-58.00  sec  8.48 MBytes  71.1 Mbits/sec  6716  
[ 11]  57.00-58.00  sec  8.48 MBytes  71.1 Mbits/sec  6716  
[ 13]  57.00-58.00  sec  8.48 MBytes  71.1 Mbits/sec  6716  
[ 15]  57.00-58.00  sec  8.48 MBytes  71.1 Mbits/sec  6716  
[ 17]  57.00-58.00  sec  8.48 MBytes  71.1 Mbits/sec  6716  
[ 19]  57.00-58.00  sec  8.48 MBytes  71.1 Mbits/sec  6716  
[ 21]  57.00-58.00  sec  8.48 MBytes  71.1 Mbits/sec  6716  
[ 23]  57.00-58.00  sec  8.48 MBytes  71.1 Mbits/sec  6716  
[ 25]  57.00-58.00  sec  8.48 MBytes  71.1 Mbits/sec  6716  
[ 27]  57.00-58.00  sec  8.48 MBytes  71.1 Mbits/sec  6716  
[ 29]  57.00-58.00  sec  8.48 MBytes  71.1 Mbits/sec  6716  
[ 31]  57.00-58.00  sec  8.48 MBytes  71.1 Mbits/sec  6716  
[ 33]  57.00-58.00  sec  8.48 MBytes  71.1 Mbits/sec  6716  
[ 35]  57.00-58.00  sec  8.48 MBytes  71.1 Mbits/sec  6716  
[ 37]  57.00-58.00  sec  8.48 MBytes  71.1 Mbits/sec  6716  
[ 39]  57.00-58.00  sec  8.48 MBytes  71.1 Mbits/sec  6716  
[ 41]  57.00-58.00  sec  8.48 MBytes  71.1 Mbits/sec  6716  
[ 43]  57.00-58.00  sec  8.48 MBytes  71.1 Mbits/sec  6716  
[SUM]  57.00-58.00  sec   170 MBytes  1423 Mbits/sec  134320  
- - - - - - - - - - - - - - - - - - - - - - - - -
[  5]  58.00-59.00  sec  8.72 MBytes  73.1 Mbits/sec  6904  
[  7]  58.00-59.00  sec  8.72 MBytes  73.1 Mbits/sec  6904  
[  9]  58.00-59.00  sec  8.72 MBytes  73.1 Mbits/sec  6904  
[ 11]  58.00-59.00  sec  8.72 MBytes  73.1 Mbits/sec  6904  
[ 13]  58.00-59.00  sec  8.72 MBytes  73.1 Mbits/sec  6904  
[ 15]  58.00-59.00  sec  8.72 MBytes  73.1 Mbits/sec  6904  
[ 17]  58.00-59.00  sec  8.72 MBytes  73.1 Mbits/sec  6904  
[ 19]  58.00-59.00  sec  8.72 MBytes  73.1 Mbits/sec  6904  
[ 21]  58.00-59.00  sec  8.72 MBytes  73.1 Mbits/sec  6904  
[ 23]  58.00-59.00  sec  8.72 MBytes  73.1 Mbits/sec  6904  
[ 25]  58.00-59.00  sec  8.72 MBytes  73.1 Mbits/sec  6904  
[ 27]  58.00-59.00  sec  8.72 MBytes  73.1 Mbits/sec  6904  
[ 29]  58.00-59.00  sec  8.72 MBytes  73.1 Mbits/sec  6904  
[ 31]  58.00-59.00  sec  8.72 MBytes  73.1 Mbits/sec  6904  
[ 33]  58.00-59.00  sec  8.72 MBytes  73.1 Mbits/sec  6904  
[ 35]  58.00-59.00  sec  8.72 MBytes  73.1 Mbits/sec  6904  
[ 37]  58.00-59.00  sec  8.72 MBytes  73.1 Mbits/sec  6904  
[ 39]  58.00-59.00  sec  8.72 MBytes  73.1 Mbits/sec  6904  
[ 41]  58.00-59.00  sec  8.72 MBytes  73.1 Mbits/sec  6904  
[ 43]  58.00-59.00  sec  8.72 MBytes  73.1 Mbits/sec  6904  
[SUM]  58.00-59.00  sec   174 MBytes  1462 Mbits/sec  138080  
- - - - - - - - - - - - - - - - - - - - - - - - -
[  5]  59.00-60.00  sec  8.69 MBytes  72.9 Mbits/sec  6880  
[  7]  59.00-60.00  sec  8.69 MBytes  72.9 Mbits/sec  6880  
[  9]  59.00-60.00  sec  8.69 MBytes  72.9 Mbits/sec  6880  
[ 11]  59.00-60.00  sec  8.69 MBytes  72.9 Mbits/sec  6880  
[ 13]  59.00-60.00  sec  8.69 MBytes  72.9 Mbits/sec  6880  
[ 15]  59.00-60.00  sec  8.69 MBytes  72.9 Mbits/sec  6880  
[ 17]  59.00-60.00  sec  8.69 MBytes  72.9 Mbits/sec  6880  
[ 19]  59.00-60.00  sec  8.69 MBytes  72.9 Mbits/sec  6880  
[ 21]  59.00-60.00  sec  8.69 MBytes  72.9 Mbits/sec  6880  
[ 23]  59.00-60.00  sec  8.69 MBytes  72.9 Mbits/sec  6880  
[ 25]  59.00-60.00  sec  8.69 MBytes  72.9 Mbits/sec  6880  
[ 27]  59.00-60.00  sec  8.69 MBytes  72.9 Mbits/sec  6880  
[ 29]  59.00-60.00  sec  8.69 MBytes  72.9 Mbits/sec  6880  
[ 31]  59.00-60.00  sec  8.69 MBytes  72.9 Mbits/sec  6880  
[ 33]  59.00-60.00  sec  8.69 MBytes  72.9 Mbits/sec  6880  
[ 35]  59.00-60.00  sec  8.69 MBytes  72.9 Mbits/sec  6880  
[ 37]  59.00-60.00  sec  8.69 MBytes  72.9 Mbits/sec  6880  
[ 39]  59.00-60.00  sec  8.69 MBytes  72.9 Mbits/sec  6880  
[ 41]  59.00-60.00  sec  8.69 MBytes  72.9 Mbits/sec  6880  
[ 43]  59.00-60.00  sec  8.69 MBytes  72.9 Mbits/sec  6880  
[SUM]  59.00-60.00  sec   174 MBytes  1458 Mbits/sec  137600  
- - - - - - - - - - - - - - - - - - - - - - - - -
[ ID] Interval           Transfer     Bitrate         Jitter    Lost/Total Datagrams
[  5]   0.00-60.00  sec   671 MBytes  93.8 Mbits/sec  0.000 ms  0/531146 (0%)  sender
[  5]   0.00-60.00  sec   671 MBytes  93.8 Mbits/sec  0.032 ms  0/531146 (0%)  receiver
[  7]   0.00-60.00  sec   670 MBytes  93.7 Mbits/sec  0.000 ms  0/530996 (0%)  sender
[  7]   0.00-60.00  sec   670 MBytes  93.7 Mbits/sec  0.029 ms  0/530996 (0%)  receiver
[  9]   0.00-60.00  sec   670 MBytes  93.7 Mbits/sec  0.000 ms  0/530847 (0%)  sender
[  9]   0.00-60.00  sec   670 MBytes  93.7 Mbits/sec  0.032 ms  0/530847 (0%)  receiver
[ 11]   0.00-60.00  sec   670 MBytes  93.7 Mbits/sec  0.000 ms  0/530700 (0%)  sender
[ 11]   0.00-60.00  sec   670 MBytes  93.7 Mbits/sec  0.040 ms  0/530700 (0%)  receiver
[ 13]   0.00-60.00  sec   670 MBytes  93.7 Mbits/sec  0.000 ms  0/530586 (0%)  sender
[ 13]   0.00-60.00  sec   670 MBytes  93.7 Mbits/sec  0.069 ms  0/530586 (0%)  receiver
[ 15]   0.00-60.00  sec   670 MBytes  93.6 Mbits/sec  0.000 ms  0/530451 (0%)  sender
[ 15]   0.00-60.00  sec   670 MBytes  93.6 Mbits/sec  0.200 ms  0/530451 (0%)  receiver
[ 17]   0.00-60.00  sec   670 MBytes  93.6 Mbits/sec  0.000 ms  0/530318 (0%)  sender
[ 17]   0.00-60.00  sec   670 MBytes  93.6 Mbits/sec  0.066 ms  0/530318 (0%)  receiver
[ 19]   0.00-60.00  sec   669 MBytes  93.6 Mbits/sec  0.000 ms  0/530180 (0%)  sender
[ 19]   0.00-60.00  sec   669 MBytes  93.6 Mbits/sec  0.052 ms  0/530180 (0%)  receiver
[ 21]   0.00-60.00  sec   669 MBytes  93.6 Mbits/sec  0.000 ms  0/530033 (0%)  sender
[ 21]   0.00-60.00  sec   669 MBytes  93.6 Mbits/sec  0.052 ms  0/530033 (0%)  receiver
[ 23]   0.00-60.00  sec   669 MBytes  93.5 Mbits/sec  0.000 ms  0/529906 (0%)  sender
[ 23]   0.00-60.00  sec   669 MBytes  93.5 Mbits/sec  0.060 ms  0/529906 (0%)  receiver
[ 25]   0.00-60.00  sec   669 MBytes  93.5 Mbits/sec  0.000 ms  0/529788 (0%)  sender
[ 25]   0.00-60.00  sec   669 MBytes  93.5 Mbits/sec  0.037 ms  0/529788 (0%)  receiver
[ 27]   0.00-60.00  sec   669 MBytes  93.5 Mbits/sec  0.000 ms  0/529626 (0%)  sender
[ 27]   0.00-60.00  sec   669 MBytes  93.5 Mbits/sec  0.048 ms  0/529626 (0%)  receiver
[ 29]   0.00-60.00  sec   669 MBytes  93.5 Mbits/sec  0.000 ms  0/529483 (0%)  sender
[ 29]   0.00-60.00  sec   669 MBytes  93.5 Mbits/sec  0.055 ms  0/529483 (0%)  receiver
[ 31]   0.00-60.00  sec   668 MBytes  93.4 Mbits/sec  0.000 ms  0/529343 (0%)  sender
[ 31]   0.00-60.00  sec   668 MBytes  93.4 Mbits/sec  0.055 ms  0/529343 (0%)  receiver
[ 33]   0.00-60.00  sec   668 MBytes  93.4 Mbits/sec  0.000 ms  0/529200 (0%)  sender
[ 33]   0.00-60.00  sec   668 MBytes  93.4 Mbits/sec  0.081 ms  0/529200 (0%)  receiver
[ 35]   0.00-60.00  sec   668 MBytes  93.4 Mbits/sec  0.000 ms  0/529057 (0%)  sender
[ 35]   0.00-60.00  sec   668 MBytes  93.4 Mbits/sec  0.086 ms  0/529057 (0%)  receiver
[ 37]   0.00-60.00  sec   668 MBytes  93.4 Mbits/sec  0.000 ms  0/528900 (0%)  sender
[ 37]   0.00-60.00  sec   668 MBytes  93.4 Mbits/sec  0.037 ms  0/528900 (0%)  receiver
[ 39]   0.00-60.00  sec   668 MBytes  93.3 Mbits/sec  0.000 ms  0/528775 (0%)  sender
[ 39]   0.00-60.00  sec   668 MBytes  93.3 Mbits/sec  0.093 ms  0/528775 (0%)  receiver
[ 41]   0.00-60.00  sec   667 MBytes  93.3 Mbits/sec  0.000 ms  0/528631 (0%)  sender
[ 41]   0.00-60.00  sec   667 MBytes  93.3 Mbits/sec  0.093 ms  0/528631 (0%)  receiver
[ 43]   0.00-60.00  sec   667 MBytes  93.3 Mbits/sec  0.000 ms  0/528492 (0%)  sender
[ 43]   0.00-60.00  sec   667 MBytes  93.3 Mbits/sec  0.070 ms  0/528492 (0%)  receiver
[SUM]   0.00-60.00  sec  13.1 GBytes  1871 Mbits/sec  0.000 ms  0/10596458 (0%)  sender
[SUM]   0.00-60.00  sec  13.1 GBytes  1871 Mbits/sec  0.064 ms  0/10596458 (0%)  receiver

iperf Done.
