Connecting to host 10.10.0.5, port 30000
[  5] local 10.32.0.2 port 54998 connected to 10.10.0.5 port 30000
[ ID] Interval           Transfer     Bitrate         Retr  Cwnd
[  5]   0.00-1.00   sec   901 MBytes  7556 Mbits/sec   35   1.95 MBytes       
[  5]   1.00-2.00   sec  1.21 GBytes  10381 Mbits/sec    0   2.33 MBytes       
[  5]   2.00-3.00   sec  1.44 GBytes  12342 Mbits/sec    0   2.74 MBytes       
[  5]   3.00-4.00   sec  1.66 GBytes  14246 Mbits/sec    0   3.12 MBytes       
[  5]   4.00-5.00   sec  1.37 GBytes  11758 Mbits/sec  164   1.82 MBytes       
[  5]   5.00-6.00   sec  1.03 GBytes  8839 Mbits/sec  235   1.56 MBytes       
[  5]   6.00-7.00   sec  1002 MBytes  8409 Mbits/sec    0   1.95 MBytes       
[  5]   7.00-8.00   sec  1.20 GBytes  10339 Mbits/sec    0   2.33 MBytes       
[  5]   8.00-9.00   sec  1.04 GBytes  8902 Mbits/sec  341   2.03 MBytes       
[  5]   9.00-10.00  sec  1019 MBytes  8546 Mbits/sec   53   1.76 MBytes       
[  5]  10.00-11.00  sec  1.11 GBytes  9500 Mbits/sec    0   2.15 MBytes       
[  5]  11.00-12.00  sec  1.32 GBytes  11355 Mbits/sec  178   1.77 MBytes       
[  5]  12.00-13.00  sec  1.11 GBytes  9543 Mbits/sec    0   2.17 MBytes       
[  5]  13.00-14.00  sec  1008 MBytes  8451 Mbits/sec  344   1.89 MBytes       
[  5]  14.00-15.00  sec  1.19 GBytes  10189 Mbits/sec    0   2.29 MBytes       
[  5]  15.00-16.00  sec  1.34 GBytes  11485 Mbits/sec  970   1.89 MBytes       
[  5]  16.00-17.00  sec  1.20 GBytes  10317 Mbits/sec    0   2.30 MBytes       
[  5]  17.00-18.00  sec  1.15 GBytes  9888 Mbits/sec  196   1.95 MBytes       
[  5]  18.00-19.00  sec  1.24 GBytes  10664 Mbits/sec  102   2.36 MBytes       
[  5]  19.00-20.00  sec  1.47 GBytes  12658 Mbits/sec    0   2.75 MBytes       
[  5]  20.00-21.00  sec  1.26 GBytes  10853 Mbits/sec  833   1.59 MBytes       
[  5]  21.00-22.00  sec  1021 MBytes  8567 Mbits/sec   11   1.38 MBytes       
[  5]  22.00-23.00  sec   912 MBytes  7655 Mbits/sec    0   1.78 MBytes       
[  5]  23.00-24.00  sec  1.11 GBytes  9532 Mbits/sec    0   2.17 MBytes       
[  5]  24.00-25.00  sec  1.01 GBytes  8712 Mbits/sec  135   1.87 MBytes       
[  5]  25.00-26.00  sec   992 MBytes  8327 Mbits/sec   89   1.62 MBytes       
[  5]  26.00-27.00  sec   884 MBytes  7413 Mbits/sec   42   1.45 MBytes       
[  5]  27.00-28.00  sec   938 MBytes  7864 Mbits/sec    0   1.84 MBytes       
[  5]  28.00-29.00  sec  1.13 GBytes  9731 Mbits/sec    0   2.22 MBytes       
[  5]  29.00-30.00  sec  1.36 GBytes  11692 Mbits/sec    0   2.61 MBytes       
[  5]  30.00-31.00  sec  1.57 GBytes  13472 Mbits/sec    0   3.01 MBytes       
[  5]  31.00-32.00  sec  1.53 GBytes  13140 Mbits/sec  974   2.43 MBytes       
[  5]  32.00-33.00  sec  1.42 GBytes  12164 Mbits/sec   54   1.97 MBytes       
[  5]  33.00-34.00  sec  1.18 GBytes  10140 Mbits/sec  563   1.65 MBytes       
[  5]  34.00-35.00  sec  1.02 GBytes  8724 Mbits/sec    0   2.03 MBytes       
[  5]  35.00-36.00  sec  1.24 GBytes  10643 Mbits/sec    0   2.41 MBytes       
[  5]  36.00-37.00  sec  1.10 GBytes  9479 Mbits/sec  503   2.07 MBytes       
[  5]  37.00-38.00  sec  1.27 GBytes  10947 Mbits/sec    0   2.44 MBytes       
[  5]  38.00-39.00  sec  1.49 GBytes  12792 Mbits/sec    0   2.85 MBytes       
[  5]  39.00-40.00  sec  1.49 GBytes  12782 Mbits/sec  730   1.62 MBytes       
[  5]  40.00-41.00  sec  1.01 GBytes  8652 Mbits/sec    0   2.00 MBytes       
[  5]  41.00-42.00  sec   900 MBytes  7550 Mbits/sec  140   1.78 MBytes       
[  5]  42.00-43.00  sec  1.06 GBytes  9112 Mbits/sec   67   1.52 MBytes       
[  5]  43.00-44.00  sec   965 MBytes  8095 Mbits/sec  156   1.33 MBytes       
[  5]  44.00-45.00  sec   860 MBytes  7214 Mbits/sec    0   1.71 MBytes       
[  5]  45.00-46.00  sec  1.06 GBytes  9102 Mbits/sec    0   2.10 MBytes       
[  5]  46.00-47.00  sec   984 MBytes  8252 Mbits/sec   90   1.83 MBytes       
[  5]  47.00-48.00  sec  1015 MBytes  8515 Mbits/sec  528   1.60 MBytes       
[  5]  48.00-49.00  sec  1.01 GBytes  8650 Mbits/sec    0   2.00 MBytes       
[  5]  49.00-50.00  sec   950 MBytes  7969 Mbits/sec   84   1.75 MBytes       
[  5]  50.00-51.00  sec  1.10 GBytes  9458 Mbits/sec    0   2.16 MBytes       
[  5]  51.00-52.00  sec  1000 MBytes  8389 Mbits/sec   33   1.88 MBytes       
[  5]  52.00-53.00  sec  1.18 GBytes  10119 Mbits/sec    0   2.27 MBytes       
[  5]  53.00-54.00  sec  1.09 GBytes  9385 Mbits/sec  373   1.94 MBytes       
[  5]  54.00-55.00  sec  1.21 GBytes  10433 Mbits/sec    0   2.33 MBytes       
[  5]  55.00-56.00  sec  1.27 GBytes  10916 Mbits/sec   26   1.95 MBytes       
[  5]  56.00-57.00  sec  1016 MBytes  8525 Mbits/sec   90   1.69 MBytes       
[  5]  57.00-58.00  sec  1.07 GBytes  9196 Mbits/sec    0   2.10 MBytes       
[  5]  58.00-59.00  sec  1.30 GBytes  11126 Mbits/sec    0   2.47 MBytes       
[  5]  59.00-60.00  sec  1.46 GBytes  12520 Mbits/sec  416   2.04 MBytes       
- - - - - - - - - - - - - - - - - - - - - - - - -
[ ID] Interval           Transfer     Bitrate         Retr
[  5]   0.00-60.00  sec  69.1 GBytes  9886 Mbits/sec  8555             sender
[  5]   0.00-60.00  sec  69.1 GBytes  9885 Mbits/sec                  receiver

iperf Done.
