#
# There is insufficient memory for the Java Runtime Environment to continue.
# Native memory allocation (mmap) failed to map 536870912 bytes for Failed to commit area from 0x0000000600e00000 to 0x0000000620e00000 of length 536870912.
# Possible reasons:
#   The system is out of physical RAM or swap space
#   The process is running with CompressedOops enabled, and the Java Heap may be blocking the growth of the native heap
# Possible solutions:
#   Reduce memory load on the system
#   Increase physical memory or swap space
#   Check if swap backing store is full
#   Decrease Java heap size (-Xmx/-Xms)
#   Decrease number of Java threads
#   Decrease Java thread stack sizes (-Xss)
#   Set larger code cache with -XX:ReservedCodeCacheSize=
# This output file may be truncated or incomplete.
#
#  Out of Memory Error (./src/hotspot/os/windows/os_windows.cpp:3303), pid=6016, tid=27012
#
# JRE version:  (11.0.9.1+11) (build )
# Java VM: OpenJDK 64-Bit Server VM (11.0.9.1+11-b1145.77, mixed mode, sharing, tiered, compressed oops, g1 gc, windows-amd64)
# No core dump will be written. Minidumps are not enabled by default on client versions of Windows
#

---------------  S U M M A R Y ------------

Command Line: org.jetbrains.git4idea.http.GitAskPassApp Username for 'https://github.com': 

Host: Intel(R) Core(TM) i7-4790K CPU @ 4.00GHz, 8 cores, 31G,  Windows 10 , 64 bit Build 19041 (10.0.19041.662)
Time: Sun Mar 21 22:44:26 2021 GMT Standard Time elapsed time: 0.010154 seconds (0d 0h 0m 0s)

---------------  T H R E A D  ---------------

Current thread (0x00000154c596c800):  JavaThread "Unknown thread" [_thread_in_vm, id=27012, stack(0x0000000303600000,0x0000000303700000)]

Stack: [0x0000000303600000,0x0000000303700000]
Native frames: (J=compiled Java code, j=interpreted, Vv=VM code, C=native code)
V  [jvm.dll+0x5edd9a]
V  [jvm.dll+0x7229c5]
V  [jvm.dll+0x723f1d]
V  [jvm.dll+0x7245d3]
V  [jvm.dll+0x2431b8]
V  [jvm.dll+0x5eb234]
V  [jvm.dll+0x5e0325]
V  [jvm.dll+0x2fe60b]
V  [jvm.dll+0x2fe57a]
V  [jvm.dll+0x2fe452]
V  [jvm.dll+0x303346]
V  [jvm.dll+0x34ba83]
V  [jvm.dll+0x34c186]
V  [jvm.dll+0x34bb83]
V  [jvm.dll+0x2d9218]
V  [jvm.dll+0x2da3c7]
V  [jvm.dll+0x701a67]
V  [jvm.dll+0x70325c]
V  [jvm.dll+0x359049]
V  [jvm.dll+0x6e552e]
V  [jvm.dll+0x3c1353]
V  [jvm.dll+0x3c3571]
C  [jli.dll+0x5373]
C  [ucrtbase.dll+0x214c2]
C  [KERNEL32.DLL+0x17034]
C  [ntdll.dll+0x4d0d1]


---------------  P R O C E S S  ---------------

Threads class SMR info:
_java_thread_list=0x00000154c3812070, length=0, elements={
}

Java Threads: ( => current thread )

Other Threads:
  0x00000154c5987000 GCTaskThread "GC Thread#0" [stack: 0x0000000303700000,0x0000000303800000] [id=21996]
  0x00000154c5a05000 ConcurrentGCThread "G1 Main Marker" [stack: 0x0000000303800000,0x0000000303900000] [id=2884]
  0x00000154c5a08800 ConcurrentGCThread "G1 Conc#0" [stack: 0x0000000303900000,0x0000000303a00000] [id=14308]

[error occurred during error reporting (printing all threads), id 0xc0000005, EXCEPTION_ACCESS_VIOLATION (0xc0000005) at pc=0x00007ffa28569807]

VM state:not at safepoint (not fully initialized)

VM Mutex/Monitor currently owned by a thread:  ([mutex/lock_event])
[0x00000154c59690d0] Heap_lock - owner thread: 0x00000154c596c800

Heap address: 0x0000000600e00000, size: 8178 MB, Compressed Oops mode: Non-zero based: 0x0000000600e00000
Narrow klass base: 0x0000000000000000, Narrow klass shift: 0

GC Heap History (0 events):
No events

Deoptimization events (0 events):
No events

Classes redefined (0 events):
No events

Internal exceptions (0 events):
No events

Events (1 events):
Event: 0.006 Loaded shared library C:\Program Files\JetBrains\PyCharm 2020.3.3\jbr\bin\zip.dll


Dynamic libraries:
0x00007ff727760000 - 0x00007ff72776a000 	C:\Program Files\JetBrains\PyCharm 2020.3.3\jbr\bin\java.exe
0x00007ffa8c890000 - 0x00007ffa8ca86000 	C:\WINDOWS\SYSTEM32\ntdll.dll
0x00007ffa8a950000 - 0x00007ffa8aa0d000 	C:\WINDOWS\System32\KERNEL32.DLL
0x00007ffa8a1b0000 - 0x00007ffa8a479000 	C:\WINDOWS\System32\KERNELBASE.dll
0x00007ffa8a500000 - 0x00007ffa8a600000 	C:\WINDOWS\System32\ucrtbase.dll
0x00007ffa62bc0000 - 0x00007ffa62bd9000 	C:\Program Files\JetBrains\PyCharm 2020.3.3\jbr\bin\jli.dll
0x00007ffa62c70000 - 0x00007ffa62c87000 	C:\Program Files\JetBrains\PyCharm 2020.3.3\jbr\bin\VCRUNTIME140.dll
0x00007ffa8c2d0000 - 0x00007ffa8c470000 	C:\WINDOWS\System32\USER32.dll
0x00007ffa7be80000 - 0x00007ffa7c11b000 	C:\WINDOWS\WinSxS\amd64_microsoft.windows.common-controls_6595b64144ccf1df_6.0.19041.488_none_ca04af081b815d21\COMCTL32.dll
0x00007ffa8aa10000 - 0x00007ffa8aaae000 	C:\WINDOWS\System32\msvcrt.dll
0x00007ffa8a080000 - 0x00007ffa8a0a2000 	C:\WINDOWS\System32\win32u.dll
0x00007ffa8c6f0000 - 0x00007ffa8c71a000 	C:\WINDOWS\System32\GDI32.dll
0x00007ffa8a600000 - 0x00007ffa8a709000 	C:\WINDOWS\System32\gdi32full.dll
0x00007ffa8a0b0000 - 0x00007ffa8a14d000 	C:\WINDOWS\System32\msvcp_win.dll
0x00007ffa8c470000 - 0x00007ffa8c4a0000 	C:\WINDOWS\System32\IMM32.DLL
0x00007ffa52400000 - 0x00007ffa5249d000 	C:\Program Files\JetBrains\PyCharm 2020.3.3\jbr\bin\msvcp140.dll
0x00007ffa28280000 - 0x00007ffa28d4e000 	C:\Program Files\JetBrains\PyCharm 2020.3.3\jbr\bin\server\jvm.dll
0x00007ffa8c720000 - 0x00007ffa8c7cc000 	C:\WINDOWS\System32\ADVAPI32.dll
0x00007ffa8c650000 - 0x00007ffa8c6ec000 	C:\WINDOWS\System32\sechost.dll
0x00007ffa8b550000 - 0x00007ffa8b67b000 	C:\WINDOWS\System32\RPCRT4.dll
0x00007ffa8b680000 - 0x00007ffa8b688000 	C:\WINDOWS\System32\PSAPI.DLL
0x00007ffa80390000 - 0x00007ffa803b7000 	C:\WINDOWS\SYSTEM32\WINMM.dll
0x00007ffa722a0000 - 0x00007ffa722a9000 	C:\WINDOWS\SYSTEM32\WSOCK32.dll
0x00007ffa80780000 - 0x00007ffa8078a000 	C:\WINDOWS\SYSTEM32\VERSION.dll
0x00007ffa8b8d0000 - 0x00007ffa8b93b000 	C:\WINDOWS\System32\WS2_32.dll
0x00007ffa87ef0000 - 0x00007ffa87f02000 	C:\WINDOWS\SYSTEM32\kernel.appcore.dll
0x00007ffa7dd50000 - 0x00007ffa7dd61000 	C:\Program Files\JetBrains\PyCharm 2020.3.3\jbr\bin\verify.dll
0x00007ffa80590000 - 0x00007ffa80774000 	C:\WINDOWS\SYSTEM32\DBGHELP.DLL
0x00007ffa72320000 - 0x00007ffa7234c000 	C:\WINDOWS\SYSTEM32\dbgcore.DLL
0x00007ffa8a480000 - 0x00007ffa8a500000 	C:\WINDOWS\System32\bcryptPrimitives.dll
0x00007ffa69d80000 - 0x00007ffa69da9000 	C:\Program Files\JetBrains\PyCharm 2020.3.3\jbr\bin\java.dll
0x00007ffa809d0000 - 0x00007ffa809db000 	C:\Program Files\JetBrains\PyCharm 2020.3.3\jbr\bin\jimage.dll
0x00007ffa749d0000 - 0x00007ffa749e8000 	C:\Program Files\JetBrains\PyCharm 2020.3.3\jbr\bin\zip.dll

dbghelp: loaded successfully - version: 4.0.5 - missing functions: none
symbol engine: initialized successfully - sym options: 0x614 - pdb path: .;C:\Program Files\JetBrains\PyCharm 2020.3.3\jbr\bin;C:\WINDOWS\SYSTEM32;C:\WINDOWS\WinSxS\amd64_microsoft.windows.common-controls_6595b64144ccf1df_6.0.19041.488_none_ca04af081b815d21;C:\Program Files\JetBrains\PyCharm 2020.3.3\jbr\bin\server

VM Arguments:
java_command: org.jetbrains.git4idea.http.GitAskPassApp Username for 'https://github.com': 
java_class_path (initial): C:/Program Files/JetBrains/PyCharm 2020.3.3/plugins/git4idea/lib/git4idea-rt.jar;C:/Program Files/JetBrains/PyCharm 2020.3.3/lib/xmlrpc-2.0.1.jar;C:/Program Files/JetBrains/PyCharm 2020.3.3/lib/commons-codec-1.14.jar
Launcher Type: SUN_STANDARD

[Global flags]
     intx CICompilerCount                          = 4                                         {product} {ergonomic}
     uint ConcGCThreads                            = 2                                         {product} {ergonomic}
     uint G1ConcRefinementThreads                  = 8                                         {product} {ergonomic}
   size_t G1HeapRegionSize                         = 2097152                                   {product} {ergonomic}
    uintx GCDrainStackTargetSize                   = 64                                        {product} {ergonomic}
   size_t InitialHeapSize                          = 536870912                                 {product} {ergonomic}
   size_t MarkStackSize                            = 4194304                                   {product} {ergonomic}
   size_t MaxHeapSize                              = 8575254528                                {product} {ergonomic}
   size_t MinHeapDeltaBytes                        = 2097152                                   {product} {ergonomic}
    uintx NonNMethodCodeHeapSize                   = 5836300                                {pd product} {ergonomic}
    uintx NonProfiledCodeHeapSize                  = 122910970                              {pd product} {ergonomic}
    uintx ProfiledCodeHeapSize                     = 122910970                              {pd product} {ergonomic}
    uintx ReservedCodeCacheSize                    = 251658240                              {pd product} {ergonomic}
     bool SegmentedCodeCache                       = true                                      {product} {ergonomic}
     bool UseCompressedClassPointers               = true                                 {lp64_product} {ergonomic}
     bool UseCompressedOops                        = true                                 {lp64_product} {ergonomic}
     bool UseG1GC                                  = true                                      {product} {ergonomic}
     bool UseLargePagesIndividualAllocation        = false                                  {pd product} {ergonomic}

Logging:
Log output configuration:
 #0: stdout all=warning uptime,level,tags
 #1: stderr all=off uptime,level,tags

Environment Variables:
PATH=C:\Program Files\Git\mingw64\libexec\git-core;C:\Program Files\Git\mingw64\libexec\git-core;C:\Program Files\Git\mingw64\bin;C:\Program Files\Git\usr\bin;C:\Users\Ali\bin;C:\programdata\oracle\java\javapath;C:\windows\system32;C:\windows;C:\windows\system32\wbem;C:\windows\system32\windowspowershell\v1.0;C:\program files (x86)\livestreamer;C:\program files\microsoft sql server\110\tools\binn;C:\program files\microsoft\web platform installer;C:\program files (x86)\microsoft asp.net\asp.net web pages\v1.0;C:\WINDOWS\system32;C:\WINDOWS;C:\WINDOWS\System32\Wbem;C:\WINDOWS\System32\WindowsPowerShell\v1.0;C:\Program Files\TortoiseSVN\bin;C:\WINDOWS\System32\OpenSSH;C:\Program Files (x86)\NVIDIA Corporation\PhysX\Common;C:\Program Files\Crucial\Crucial Storage Executive;C:\Program Files (x86)\GnuPG\bin;C:\Program Files\NVIDIA Corporation\NVIDIA NvDLISR;C:\WINDOWS\system32;C:\WINDOWS;C:\WINDOWS\System32\Wbem;C:\WINDOWS\System32\WindowsPowerShell\v1.0;C:\WINDOWS\System32\OpenSSH;C:\Program Files\Git\cmd;C:\Program Files\Docker\Docker\resources\bin;C:\ProgramData\DockerDesktop\version-bin;C:\Users\Ali\AppData\Local\Programs\Python\Python38\Scripts;C:\Users\Ali\AppData\Local\Programs\Python\Python38;C:\programdata\oracle\java\javapath;C:\windows\system32;C:\windows;C:\windows\system32\wbem;C:\windows\system32\windowspowershell\v1.0;C:\program files (x86)\livestreamer;C:\program files (x86)\windows kits\8.1\windows performance toolkit;C:\program files\microsoft sql server\110\tools\binn;C:\program files\microsoft\web platform installer;C:\program files (x86)\microsoft asp.net\asp.net web pages\v1.0;C:\program files (x86)\skype\phone;C:\program files\geth;C:\Program Files (x86)\NVIDIA Corporation\PhysX\Common;C:\Android;C:\Users\Ali\adb;C:\Users\Ali\AppData\Local\Microsoft\WindowsApps;C:\Users\Ali\AppData\Local\atom\bin;C:\Users\Ali\AppData\Local\GitHubDesktop\bin;C:\Users\Ali\AppData\Local\hyper\app-3.0.2\resources\bin;C:\Program Files (x86)\Mikero\DePboTools\bin;C:\Users\Al
USERNAME=Ali
DISPLAY=:0.0
LC_ALL=en_US.UTF-8
OS=Windows_NT
PROCESSOR_IDENTIFIER=Intel64 Family 6 Model 60 Stepping 3, GenuineIntel



---------------  S Y S T E M  ---------------

OS: Windows 10 , 64 bit Build 19041 (10.0.19041.662)
OS uptime: 12 days 17:47 hours
HyperV virtualization detected

CPU:total 8 (initial active 8) (4 cores per cpu, 2 threads per core) family 6 model 60 stepping 3, cmov, cx8, fxsr, mmx, sse, sse2, sse3, ssse3, sse4.1, sse4.2, popcnt, avx, avx2, aes, clmul, erms, lzcnt, ht, tsc, tscinvbit, bmi1, bmi2, fma

Memory: 4k page, system-wide physical 32708M (12562M free)
TotalPageFile size 33732M (AvailPageFile size 277M)
current process WorkingSet (physical memory assigned to process): 10M, peak: 10M
current process commit charge ("private bytes"): 60M, peak: 572M

vm_info: OpenJDK 64-Bit Server VM (11.0.9.1+11-b1145.77) for windows-amd64 JRE (11.0.9.1+11-b1145.77), built on Jan 16 2021 05:14:13 by "" with MS VC++ 14.0 (VS2015)

END.
