Connecting to host 10.10.0.5, port 30000
[  5] local 10.244.73.1 port 59836 connected to 10.10.0.5 port 30000
[ ID] Interval           Transfer     Bitrate         Retr  Cwnd
[  5]   0.00-1.00   sec   368 MBytes  3083 Mbits/sec    4   8.08 MBytes       
[  5]   1.00-2.00   sec   414 MBytes  3471 Mbits/sec    0   8.08 MBytes       
[  5]   2.00-3.00   sec   414 MBytes  3471 Mbits/sec    0   8.08 MBytes       
[  5]   3.00-4.00   sec   414 MBytes  3471 Mbits/sec    0   8.08 MBytes       
[  5]   4.00-5.00   sec   409 MBytes  3429 Mbits/sec    0   8.08 MBytes       
[  5]   5.00-6.00   sec   404 MBytes  3386 Mbits/sec    0   8.08 MBytes       
[  5]   6.00-7.00   sec   406 MBytes  3409 Mbits/sec    0   8.08 MBytes       
[  5]   7.00-8.00   sec   405 MBytes  3397 Mbits/sec    0   8.08 MBytes       
[  5]   8.00-9.00   sec   410 MBytes  3439 Mbits/sec    0   8.08 MBytes       
[  5]   9.00-10.00  sec   408 MBytes  3418 Mbits/sec    0   8.08 MBytes       
[  5]  10.00-11.00  sec   408 MBytes  3418 Mbits/sec    0   8.08 MBytes       
[  5]  11.00-12.00  sec   406 MBytes  3408 Mbits/sec    0   8.08 MBytes       
[  5]  12.00-13.00  sec   406 MBytes  3408 Mbits/sec    0   8.08 MBytes       
[  5]  13.00-14.00  sec   408 MBytes  3417 Mbits/sec    0   8.08 MBytes       
[  5]  14.00-15.00  sec   400 MBytes  3357 Mbits/sec  127   5.66 MBytes       
[  5]  15.00-16.00  sec   408 MBytes  3418 Mbits/sec    0   5.66 MBytes       
[  5]  16.00-17.00  sec   409 MBytes  3429 Mbits/sec    0   5.66 MBytes       
[  5]  17.00-18.00  sec   405 MBytes  3397 Mbits/sec    0   5.66 MBytes       
[  5]  18.00-19.00  sec   410 MBytes  3439 Mbits/sec    0   5.66 MBytes       
[  5]  19.00-20.00  sec   398 MBytes  3333 Mbits/sec   60   4.01 MBytes       
[  5]  20.00-21.00  sec   366 MBytes  3073 Mbits/sec  447   2.86 MBytes       
[  5]  21.00-22.00  sec   302 MBytes  2537 Mbits/sec    0   3.00 MBytes       
[  5]  22.00-23.00  sec   232 MBytes  1951 Mbits/sec   13   2.23 MBytes       
[  5]  23.00-24.00  sec   175 MBytes  1468 Mbits/sec    6   1.66 MBytes       
[  5]  24.00-25.00  sec   176 MBytes  1478 Mbits/sec    0   1.75 MBytes       
[  5]  25.00-26.00  sec   184 MBytes  1541 Mbits/sec    0   1.81 MBytes       
[  5]  26.00-27.00  sec   188 MBytes  1573 Mbits/sec    0   1.85 MBytes       
[  5]  27.00-28.00  sec   195 MBytes  1636 Mbits/sec    0   1.93 MBytes       
[  5]  28.00-29.00  sec   202 MBytes  1699 Mbits/sec    0   2.00 MBytes       
[  5]  29.00-30.00  sec   210 MBytes  1762 Mbits/sec    0   2.08 MBytes       
[  5]  30.00-31.00  sec   218 MBytes  1825 Mbits/sec    0   2.15 MBytes       
[  5]  31.00-32.00  sec   226 MBytes  1898 Mbits/sec    0   2.23 MBytes       
[  5]  32.00-33.00  sec   235 MBytes  1971 Mbits/sec    0   2.30 MBytes       
[  5]  33.00-34.00  sec   241 MBytes  2024 Mbits/sec    0   2.38 MBytes       
[  5]  34.00-35.00  sec   249 MBytes  2087 Mbits/sec    0   2.45 MBytes       
[  5]  35.00-36.00  sec   258 MBytes  2160 Mbits/sec    0   2.53 MBytes       
[  5]  36.00-37.00  sec   265 MBytes  2223 Mbits/sec    0   2.60 MBytes       
[  5]  37.00-38.00  sec   271 MBytes  2276 Mbits/sec    0   2.68 MBytes       
[  5]  38.00-39.00  sec   281 MBytes  2359 Mbits/sec    0   2.75 MBytes       
[  5]  39.00-40.00  sec   286 MBytes  2401 Mbits/sec    0   2.83 MBytes       
[  5]  40.00-41.00  sec   260 MBytes  2181 Mbits/sec  236   2.09 MBytes       
[  5]  41.00-42.00  sec   162 MBytes  1363 Mbits/sec  185   1.57 MBytes       
[  5]  42.00-43.00  sec   166 MBytes  1395 Mbits/sec    0   1.65 MBytes       
[  5]  43.00-44.00  sec   171 MBytes  1437 Mbits/sec    0   1.71 MBytes       
[  5]  44.00-45.00  sec   179 MBytes  1499 Mbits/sec    0   1.77 MBytes       
[  5]  45.00-46.00  sec   188 MBytes  1573 Mbits/sec    0   1.84 MBytes       
[  5]  46.00-47.00  sec   192 MBytes  1615 Mbits/sec    0   1.92 MBytes       
[  5]  47.00-48.00  sec   201 MBytes  1688 Mbits/sec    0   1.99 MBytes       
[  5]  48.00-49.00  sec   210 MBytes  1761 Mbits/sec    0   2.07 MBytes       
[  5]  49.00-50.00  sec   216 MBytes  1814 Mbits/sec    0   2.14 MBytes       
[  5]  50.00-51.00  sec   225 MBytes  1887 Mbits/sec    0   2.22 MBytes       
[  5]  51.00-52.00  sec   234 MBytes  1961 Mbits/sec    0   2.29 MBytes       
[  5]  52.00-53.00  sec   241 MBytes  2023 Mbits/sec    0   2.37 MBytes       
[  5]  53.00-54.00  sec   245 MBytes  2056 Mbits/sec    0   2.44 MBytes       
[  5]  54.00-55.00  sec   256 MBytes  2150 Mbits/sec    0   2.52 MBytes       
[  5]  55.00-56.00  sec   265 MBytes  2223 Mbits/sec    0   2.59 MBytes       
[  5]  56.00-57.00  sec   271 MBytes  2275 Mbits/sec    0   2.67 MBytes       
[  5]  57.00-58.00  sec   280 MBytes  2349 Mbits/sec    0   2.74 MBytes       
[  5]  58.00-59.00  sec   288 MBytes  2412 Mbits/sec    0   2.82 MBytes       
[  5]  59.00-60.00  sec   295 MBytes  2475 Mbits/sec    0   2.89 MBytes       
- - - - - - - - - - - - - - - - - - - - - - - - -
[ ID] Interval           Transfer     Bitrate         Retr
[  5]   0.00-60.00  sec  17.0 GBytes  2435 Mbits/sec  1078             sender
[  5]   0.00-60.01  sec  17.0 GBytes  2434 Mbits/sec                  receiver

iperf Done.
