Connecting to host 10.10.0.6, port 30000
[  5] local 10.244.73.1 port 56705 connected to 10.10.0.6 port 30000
[ ID] Interval           Transfer     Bitrate         Total Datagrams
[  5]   0.00-1.00   sec   122 MBytes  1023 Mbits/sec  91465  
[  5]   1.00-2.00   sec   129 MBytes  1085 Mbits/sec  96999  
[  5]   2.00-3.00   sec   131 MBytes  1103 Mbits/sec  98608  
[  5]   3.00-4.00   sec   126 MBytes  1056 Mbits/sec  94392  
[  5]   4.00-5.00   sec   126 MBytes  1056 Mbits/sec  94454  
[  5]   5.00-6.00   sec   124 MBytes  1042 Mbits/sec  93147  
[  5]   6.00-7.00   sec   113 MBytes   950 Mbits/sec  84919  
[  5]   7.00-8.00   sec   114 MBytes   958 Mbits/sec  85628  
[  5]   8.00-9.00   sec   117 MBytes   983 Mbits/sec  87905  
[  5]   9.00-10.00  sec   123 MBytes  1034 Mbits/sec  92482  
[  5]  10.00-11.00  sec   110 MBytes   927 Mbits/sec  82879  
[  5]  11.00-12.00  sec   121 MBytes  1012 Mbits/sec  90514  
[  5]  12.00-13.00  sec   117 MBytes   983 Mbits/sec  87900  
[  5]  13.00-14.00  sec   126 MBytes  1056 Mbits/sec  94411  
[  5]  14.00-15.00  sec   125 MBytes  1049 Mbits/sec  93834  
[  5]  15.00-16.00  sec   121 MBytes  1018 Mbits/sec  90993  
[  5]  16.00-17.00  sec   120 MBytes  1004 Mbits/sec  89812  
[  5]  17.00-18.00  sec   125 MBytes  1051 Mbits/sec  93989  
[  5]  18.00-19.00  sec   120 MBytes  1008 Mbits/sec  90131  
[  5]  19.00-20.00  sec   125 MBytes  1052 Mbits/sec  94082  
[  5]  20.00-21.00  sec   124 MBytes  1044 Mbits/sec  93354  
[  5]  21.00-22.00  sec   121 MBytes  1014 Mbits/sec  90640  
[  5]  22.00-23.00  sec   109 MBytes   918 Mbits/sec  82066  
[  5]  23.00-24.00  sec   113 MBytes   952 Mbits/sec  85096  
[  5]  24.00-25.00  sec   122 MBytes  1027 Mbits/sec  91824  
[  5]  25.00-26.00  sec   124 MBytes  1037 Mbits/sec  92729  
[  5]  26.00-27.00  sec   125 MBytes  1047 Mbits/sec  93625  
[  5]  27.00-28.00  sec   126 MBytes  1056 Mbits/sec  94394  
[  5]  28.00-29.00  sec   122 MBytes  1020 Mbits/sec  91245  
[  5]  29.00-30.00  sec   125 MBytes  1047 Mbits/sec  93655  
[  5]  30.00-31.00  sec   122 MBytes  1023 Mbits/sec  91499  
[  5]  31.00-32.00  sec   127 MBytes  1066 Mbits/sec  95305  
[  5]  32.00-33.00  sec   125 MBytes  1048 Mbits/sec  93729  
[  5]  33.00-34.00  sec   129 MBytes  1086 Mbits/sec  97087  
[  5]  34.00-35.00  sec   124 MBytes  1040 Mbits/sec  92959  
[  5]  35.00-36.00  sec   128 MBytes  1073 Mbits/sec  95962  
[  5]  36.00-37.00  sec   121 MBytes  1019 Mbits/sec  91085  
[  5]  37.00-38.00  sec   113 MBytes   945 Mbits/sec  84473  
[  5]  38.00-39.00  sec   126 MBytes  1058 Mbits/sec  94569  
[  5]  39.00-40.00  sec   129 MBytes  1085 Mbits/sec  97010  
[  5]  40.00-41.00  sec   126 MBytes  1055 Mbits/sec  94346  
[  5]  41.00-42.00  sec   129 MBytes  1084 Mbits/sec  96947  
[  5]  42.00-43.00  sec   131 MBytes  1099 Mbits/sec  98246  
[  5]  43.00-44.00  sec   121 MBytes  1015 Mbits/sec  90779  
[  5]  44.00-45.00  sec   117 MBytes   978 Mbits/sec  87441  
[  5]  45.00-46.00  sec   128 MBytes  1073 Mbits/sec  95944  
[  5]  46.00-47.00  sec   131 MBytes  1102 Mbits/sec  98575  
[  5]  47.00-48.00  sec   131 MBytes  1102 Mbits/sec  98531  
[  5]  48.00-49.00  sec   131 MBytes  1096 Mbits/sec  98009  
[  5]  49.00-50.00  sec   120 MBytes  1003 Mbits/sec  89658  
[  5]  50.00-51.00  sec   104 MBytes   873 Mbits/sec  78081  
[  5]  51.00-52.00  sec   116 MBytes   971 Mbits/sec  86787  
[  5]  52.00-53.00  sec   126 MBytes  1056 Mbits/sec  94415  
[  5]  53.00-54.00  sec   123 MBytes  1032 Mbits/sec  92275  
[  5]  54.00-55.00  sec   118 MBytes   988 Mbits/sec  88328  
[  5]  55.00-56.00  sec   124 MBytes  1042 Mbits/sec  93203  
[  5]  56.00-57.00  sec   119 MBytes  1002 Mbits/sec  89620  
[  5]  57.00-58.00  sec   115 MBytes   964 Mbits/sec  86195  
[  5]  58.00-59.00  sec   125 MBytes  1052 Mbits/sec  94028  
[  5]  59.00-60.00  sec   124 MBytes  1043 Mbits/sec  93236  
- - - - - - - - - - - - - - - - - - - - - - - - -
[ ID] Interval           Transfer     Bitrate         Jitter    Lost/Total Datagrams
[  5]   0.00-60.00  sec  7.18 GBytes  1028 Mbits/sec  0.000 ms  0/5515494 (0%)  sender
[  5]   0.00-60.01  sec  7.18 GBytes  1028 Mbits/sec  0.011 ms  2092/5515494 (0.038%)  receiver

iperf Done.
