Connecting to host 10.10.0.5, port 30000
[  5] local 10.244.1.2 port 40807 connected to 10.10.0.5 port 30000
[ ID] Interval           Transfer     Bitrate         Total Datagrams
[  5]   0.00-1.00   sec   145 MBytes  1220 Mbits/sec  105326  
[  5]   1.00-2.00   sec   146 MBytes  1227 Mbits/sec  105880  
[  5]   2.00-3.00   sec   147 MBytes  1236 Mbits/sec  106717  
[  5]   3.00-4.00   sec   144 MBytes  1210 Mbits/sec  104421  
[  5]   4.00-5.00   sec   146 MBytes  1226 Mbits/sec  105836  
[  5]   5.00-6.00   sec   145 MBytes  1217 Mbits/sec  105066  
[  5]   6.00-7.00   sec   147 MBytes  1231 Mbits/sec  106304  
[  5]   7.00-8.00   sec   145 MBytes  1220 Mbits/sec  105345  
[  5]   8.00-9.00   sec   146 MBytes  1226 Mbits/sec  105818  
[  5]   9.00-10.00  sec   145 MBytes  1214 Mbits/sec  104790  
[  5]  10.00-11.00  sec   145 MBytes  1214 Mbits/sec  104771  
[  5]  11.00-12.00  sec   147 MBytes  1229 Mbits/sec  106123  
[  5]  12.00-13.00  sec   146 MBytes  1228 Mbits/sec  106025  
[  5]  13.00-14.00  sec   144 MBytes  1207 Mbits/sec  104216  
[  5]  14.00-15.00  sec   146 MBytes  1221 Mbits/sec  105385  
[  5]  15.00-16.00  sec   142 MBytes  1189 Mbits/sec  102681  
[  5]  16.00-17.00  sec   147 MBytes  1234 Mbits/sec  106517  
[  5]  17.00-18.00  sec   145 MBytes  1219 Mbits/sec  105194  
[  5]  18.00-19.00  sec   145 MBytes  1220 Mbits/sec  105341  
[  5]  19.00-20.00  sec   140 MBytes  1177 Mbits/sec  101588  
[  5]  20.00-21.00  sec   146 MBytes  1225 Mbits/sec  105786  
[  5]  21.00-22.00  sec   148 MBytes  1239 Mbits/sec  106930  
[  5]  22.00-23.00  sec   140 MBytes  1177 Mbits/sec  101569  
[  5]  23.00-24.00  sec   145 MBytes  1216 Mbits/sec  105002  
[  5]  24.00-25.00  sec   143 MBytes  1198 Mbits/sec  103404  
[  5]  25.00-26.00  sec   145 MBytes  1214 Mbits/sec  104839  
[  5]  26.00-27.00  sec   147 MBytes  1233 Mbits/sec  106431  
[  5]  27.00-28.00  sec   146 MBytes  1226 Mbits/sec  105853  
[  5]  28.00-29.00  sec   143 MBytes  1201 Mbits/sec  103681  
[  5]  29.00-30.00  sec   144 MBytes  1204 Mbits/sec  103949  
[  5]  30.00-31.00  sec   143 MBytes  1202 Mbits/sec  103776  
[  5]  31.00-32.00  sec   147 MBytes  1231 Mbits/sec  106286  
[  5]  32.00-33.00  sec   146 MBytes  1227 Mbits/sec  105957  
[  5]  33.00-34.00  sec   144 MBytes  1211 Mbits/sec  104559  
[  5]  34.00-35.00  sec   144 MBytes  1207 Mbits/sec  104202  
[  5]  35.00-36.00  sec   143 MBytes  1197 Mbits/sec  103365  
[  5]  36.00-37.00  sec   146 MBytes  1228 Mbits/sec  106028  
[  5]  37.00-38.00  sec   145 MBytes  1213 Mbits/sec  104679  
[  5]  38.00-39.00  sec   144 MBytes  1211 Mbits/sec  104505  
[  5]  39.00-40.00  sec   145 MBytes  1218 Mbits/sec  105162  
[  5]  40.00-41.00  sec   146 MBytes  1224 Mbits/sec  105640  
[  5]  41.00-42.00  sec   146 MBytes  1221 Mbits/sec  105403  
[  5]  42.00-43.00  sec   145 MBytes  1215 Mbits/sec  104906  
[  5]  43.00-44.00  sec   145 MBytes  1217 Mbits/sec  105047  
[  5]  44.00-45.00  sec   144 MBytes  1206 Mbits/sec  104084  
[  5]  45.00-46.00  sec   140 MBytes  1173 Mbits/sec  101242  
[  5]  46.00-47.00  sec   145 MBytes  1215 Mbits/sec  104895  
[  5]  47.00-48.00  sec   147 MBytes  1233 Mbits/sec  106426  
[  5]  48.00-49.00  sec   146 MBytes  1227 Mbits/sec  105903  
[  5]  49.00-50.00  sec   144 MBytes  1209 Mbits/sec  104398  
[  5]  50.00-51.00  sec   142 MBytes  1195 Mbits/sec  103161  
[  5]  51.00-52.00  sec   146 MBytes  1226 Mbits/sec  105870  
[  5]  52.00-53.00  sec   147 MBytes  1231 Mbits/sec  106240  
[  5]  53.00-54.00  sec   148 MBytes  1241 Mbits/sec  107154  
[  5]  54.00-55.00  sec   147 MBytes  1229 Mbits/sec  106094  
[  5]  55.00-56.00  sec   147 MBytes  1229 Mbits/sec  106104  
[  5]  56.00-57.00  sec   148 MBytes  1240 Mbits/sec  107023  
[  5]  57.00-58.00  sec   147 MBytes  1237 Mbits/sec  106810  
[  5]  58.00-59.00  sec   147 MBytes  1237 Mbits/sec  106810  
[  5]  59.00-60.00  sec   147 MBytes  1235 Mbits/sec  106579  
- - - - - - - - - - - - - - - - - - - - - - - - -
[ ID] Interval           Transfer     Bitrate         Jitter    Lost/Total Datagrams
[  5]   0.00-60.00  sec  8.51 GBytes  1218 Mbits/sec  0.000 ms  0/6309096 (0%)  sender
[  5]   0.00-60.01  sec  8.50 GBytes  1216 Mbits/sec  0.009 ms  8818/6309096 (0.14%)  receiver

iperf Done.
