Connecting to host 10.10.0.6, port 30000
[  5] local 10.244.1.2 port 59912 connected to 10.10.0.6 port 30000
[ ID] Interval           Transfer     Bitrate         Retr  Cwnd
[  5]   0.00-1.00   sec   284 MBytes  2383 Mbits/sec    0   8.22 MBytes       
[  5]   1.00-2.00   sec   321 MBytes  2694 Mbits/sec    0   8.22 MBytes       
[  5]   2.00-3.00   sec   311 MBytes  2611 Mbits/sec    9   5.75 MBytes       
[  5]   3.00-4.00   sec   318 MBytes  2663 Mbits/sec    0   5.75 MBytes       
[  5]   4.00-5.00   sec   320 MBytes  2684 Mbits/sec    0   5.75 MBytes       
[  5]   5.00-6.00   sec   318 MBytes  2663 Mbits/sec    0   5.75 MBytes       
[  5]   6.00-7.00   sec   250 MBytes  2097 Mbits/sec   96   2.92 MBytes       
[  5]   7.00-8.00   sec   241 MBytes  2024 Mbits/sec    0   3.06 MBytes       
[  5]   8.00-9.00   sec   249 MBytes  2087 Mbits/sec    0   3.18 MBytes       
[  5]   9.00-10.00  sec   259 MBytes  2170 Mbits/sec    0   3.26 MBytes       
[  5]  10.00-11.00  sec   261 MBytes  2192 Mbits/sec    0   3.32 MBytes       
[  5]  11.00-12.00  sec   270 MBytes  2265 Mbits/sec    0   3.37 MBytes       
[  5]  12.00-13.00  sec   270 MBytes  2265 Mbits/sec    0   3.40 MBytes       
[  5]  13.00-14.00  sec   272 MBytes  2286 Mbits/sec    0   3.41 MBytes       
[  5]  14.00-15.00  sec   272 MBytes  2286 Mbits/sec    0   3.42 MBytes       
[  5]  15.00-16.00  sec   274 MBytes  2296 Mbits/sec    0   3.42 MBytes       
[  5]  16.00-17.00  sec   278 MBytes  2328 Mbits/sec    0   3.45 MBytes       
[  5]  17.00-18.00  sec   278 MBytes  2328 Mbits/sec    0   3.50 MBytes       
[  5]  18.00-19.00  sec   284 MBytes  2380 Mbits/sec    0   3.56 MBytes       
[  5]  19.00-20.00  sec   288 MBytes  2412 Mbits/sec    0   3.62 MBytes       
[  5]  20.00-21.00  sec   291 MBytes  2443 Mbits/sec    0   3.68 MBytes       
[  5]  21.00-22.00  sec   299 MBytes  2506 Mbits/sec    0   3.74 MBytes       
[  5]  22.00-23.00  sec   300 MBytes  2517 Mbits/sec    0   3.80 MBytes       
[  5]  23.00-24.00  sec   305 MBytes  2559 Mbits/sec    0   3.86 MBytes       
[  5]  24.00-25.00  sec   311 MBytes  2611 Mbits/sec    0   3.91 MBytes       
[  5]  25.00-26.00  sec   315 MBytes  2642 Mbits/sec    0   3.97 MBytes       
[  5]  26.00-27.00  sec   321 MBytes  2695 Mbits/sec    0   4.00 MBytes       
[  5]  27.00-28.00  sec   319 MBytes  2674 Mbits/sec    0   4.00 MBytes       
[  5]  28.00-29.00  sec   322 MBytes  2706 Mbits/sec    0   4.00 MBytes       
[  5]  29.00-30.00  sec   320 MBytes  2684 Mbits/sec    0   4.00 MBytes       
[  5]  30.00-31.00  sec   320 MBytes  2684 Mbits/sec    0   4.00 MBytes       
[  5]  31.00-32.00  sec   319 MBytes  2674 Mbits/sec    0   4.00 MBytes       
[  5]  32.00-33.00  sec   321 MBytes  2695 Mbits/sec    0   4.00 MBytes       
[  5]  33.00-34.00  sec   320 MBytes  2684 Mbits/sec    0   4.00 MBytes       
[  5]  34.00-35.00  sec   320 MBytes  2684 Mbits/sec    0   4.00 MBytes       
[  5]  35.00-36.00  sec   321 MBytes  2695 Mbits/sec    0   4.00 MBytes       
[  5]  36.00-37.00  sec   320 MBytes  2684 Mbits/sec    0   4.00 MBytes       
[  5]  37.00-38.00  sec   320 MBytes  2684 Mbits/sec    0   4.00 MBytes       
[  5]  38.00-39.00  sec   319 MBytes  2674 Mbits/sec    0   4.00 MBytes       
[  5]  39.00-40.00  sec   320 MBytes  2684 Mbits/sec    0   4.00 MBytes       
[  5]  40.00-41.00  sec   319 MBytes  2674 Mbits/sec    0   4.00 MBytes       
[  5]  41.00-42.00  sec   320 MBytes  2684 Mbits/sec    0   4.00 MBytes       
[  5]  42.00-43.00  sec   316 MBytes  2653 Mbits/sec    0   4.00 MBytes       
[  5]  43.00-44.00  sec   321 MBytes  2694 Mbits/sec    0   4.00 MBytes       
[  5]  44.00-45.00  sec   314 MBytes  2633 Mbits/sec    0   4.00 MBytes       
[  5]  45.00-46.00  sec   315 MBytes  2642 Mbits/sec    0   4.00 MBytes       
[  5]  46.00-47.00  sec   319 MBytes  2674 Mbits/sec    0   4.00 MBytes       
[  5]  47.00-48.00  sec   318 MBytes  2663 Mbits/sec    0   4.00 MBytes       
[  5]  48.00-49.00  sec   320 MBytes  2684 Mbits/sec    0   4.00 MBytes       
[  5]  49.00-50.00  sec   314 MBytes  2632 Mbits/sec    0   4.00 MBytes       
[  5]  50.00-51.00  sec   300 MBytes  2517 Mbits/sec  236   2.84 MBytes       
[  5]  51.00-52.00  sec   239 MBytes  2003 Mbits/sec    0   3.09 MBytes       
[  5]  52.00-53.00  sec   254 MBytes  2129 Mbits/sec    0   3.30 MBytes       
[  5]  53.00-54.00  sec   271 MBytes  2275 Mbits/sec    0   3.48 MBytes       
[  5]  54.00-55.00  sec   286 MBytes  2401 Mbits/sec    0   3.62 MBytes       
[  5]  55.00-56.00  sec   295 MBytes  2475 Mbits/sec    0   3.74 MBytes       
[  5]  56.00-57.00  sec   302 MBytes  2538 Mbits/sec    0   3.83 MBytes       
[  5]  57.00-58.00  sec   306 MBytes  2569 Mbits/sec    0   3.89 MBytes       
[  5]  58.00-59.00  sec   316 MBytes  2653 Mbits/sec    0   3.94 MBytes       
[  5]  59.00-60.00  sec   316 MBytes  2653 Mbits/sec    0   3.97 MBytes       
- - - - - - - - - - - - - - - - - - - - - - - - -
[ ID] Interval           Transfer     Bitrate         Retr
[  5]   0.00-60.00  sec  17.6 GBytes  2514 Mbits/sec  341             sender
[  5]   0.00-60.01  sec  17.6 GBytes  2513 Mbits/sec                  receiver

iperf Done.
