Connecting to host 10.10.0.2, port 30000
[  5] local 10.244.1.2 port 50820 connected to 10.10.0.2 port 30000
[ ID] Interval           Transfer     Bitrate         Total Datagrams
[  5]   0.00-1.00   sec   137 MBytes  1152 Mbits/sec  99434  
[  5]   1.00-2.00   sec   129 MBytes  1078 Mbits/sec  93080  
[  5]   2.00-3.00   sec   134 MBytes  1125 Mbits/sec  97126  
[  5]   3.00-4.00   sec   139 MBytes  1163 Mbits/sec  100406  
[  5]   4.00-5.00   sec   137 MBytes  1152 Mbits/sec  99478  
[  5]   5.00-6.00   sec   138 MBytes  1157 Mbits/sec  99850  
[  5]   6.00-7.00   sec   137 MBytes  1147 Mbits/sec  99048  
[  5]   7.00-8.00   sec   139 MBytes  1164 Mbits/sec  100512  
[  5]   8.00-9.00   sec   127 MBytes  1069 Mbits/sec  92247  
[  5]   9.00-10.00  sec   140 MBytes  1178 Mbits/sec  101673  
[  5]  10.00-11.00  sec   139 MBytes  1167 Mbits/sec  100705  
[  5]  11.00-12.00  sec   140 MBytes  1172 Mbits/sec  101199  
[  5]  12.00-13.00  sec   137 MBytes  1148 Mbits/sec  99130  
[  5]  13.00-14.00  sec   140 MBytes  1178 Mbits/sec  101710  
[  5]  14.00-15.00  sec   138 MBytes  1161 Mbits/sec  100207  
[  5]  15.00-16.00  sec   139 MBytes  1169 Mbits/sec  100924  
[  5]  16.00-17.00  sec   139 MBytes  1166 Mbits/sec  100668  
[  5]  17.00-18.00  sec   136 MBytes  1145 Mbits/sec  98827  
[  5]  18.00-19.00  sec   127 MBytes  1069 Mbits/sec  92266  
[  5]  19.00-20.00  sec   137 MBytes  1152 Mbits/sec  99438  
[  5]  20.00-21.00  sec   139 MBytes  1167 Mbits/sec  100724  
[  5]  21.00-22.00  sec   140 MBytes  1172 Mbits/sec  101158  
[  5]  22.00-23.00  sec   136 MBytes  1144 Mbits/sec  98729  
[  5]  23.00-24.00  sec   139 MBytes  1165 Mbits/sec  100558  
[  5]  24.00-25.00  sec   138 MBytes  1158 Mbits/sec  99948  
[  5]  25.00-26.00  sec   139 MBytes  1165 Mbits/sec  100565  
[  5]  26.00-27.00  sec   138 MBytes  1162 Mbits/sec  100275  
[  5]  27.00-28.00  sec   136 MBytes  1140 Mbits/sec  98380  
[  5]  28.00-29.00  sec   125 MBytes  1052 Mbits/sec  90811  
[  5]  29.00-30.00  sec   127 MBytes  1063 Mbits/sec  91783  
[  5]  30.00-31.00  sec   131 MBytes  1100 Mbits/sec  94980  
[  5]  31.00-32.00  sec   136 MBytes  1144 Mbits/sec  98749  
[  5]  32.00-33.00  sec   135 MBytes  1136 Mbits/sec  98056  
[  5]  33.00-34.00  sec   139 MBytes  1166 Mbits/sec  100668  
[  5]  34.00-35.00  sec   138 MBytes  1160 Mbits/sec  100102  
[  5]  35.00-36.00  sec   136 MBytes  1137 Mbits/sec  98165  
[  5]  36.00-37.00  sec   136 MBytes  1145 Mbits/sec  98807  
[  5]  37.00-38.00  sec   137 MBytes  1146 Mbits/sec  98946  
[  5]  38.00-39.00  sec   131 MBytes  1097 Mbits/sec  94690  
[  5]  39.00-40.00  sec   140 MBytes  1174 Mbits/sec  101350  
[  5]  40.00-41.00  sec   140 MBytes  1175 Mbits/sec  101397  
[  5]  41.00-42.00  sec   137 MBytes  1145 Mbits/sec  98861  
[  5]  42.00-43.00  sec   135 MBytes  1132 Mbits/sec  97700  
[  5]  43.00-44.00  sec   140 MBytes  1174 Mbits/sec  101363  
[  5]  44.00-45.00  sec   140 MBytes  1176 Mbits/sec  101530  
[  5]  45.00-46.00  sec   139 MBytes  1169 Mbits/sec  100926  
[  5]  46.00-47.00  sec   138 MBytes  1156 Mbits/sec  99816  
[  5]  47.00-48.00  sec   138 MBytes  1156 Mbits/sec  99798  
[  5]  48.00-49.00  sec   129 MBytes  1083 Mbits/sec  93462  
[  5]  49.00-50.00  sec   140 MBytes  1175 Mbits/sec  101394  
[  5]  50.00-51.00  sec   139 MBytes  1168 Mbits/sec  100814  
[  5]  51.00-52.00  sec   138 MBytes  1159 Mbits/sec  100092  
[  5]  52.00-53.00  sec   134 MBytes  1122 Mbits/sec  96867  
[  5]  53.00-54.00  sec   130 MBytes  1094 Mbits/sec  94407  
[  5]  54.00-55.00  sec   137 MBytes  1148 Mbits/sec  99092  
[  5]  55.00-56.00  sec   140 MBytes  1171 Mbits/sec  101099  
[  5]  56.00-57.00  sec   137 MBytes  1146 Mbits/sec  98901  
[  5]  57.00-58.00  sec   135 MBytes  1135 Mbits/sec  98001  
[  5]  58.00-59.00  sec   129 MBytes  1083 Mbits/sec  93515  
[  5]  59.00-60.00  sec   140 MBytes  1172 Mbits/sec  101194  
- - - - - - - - - - - - - - - - - - - - - - - - -
[ ID] Interval           Transfer     Bitrate         Jitter    Lost/Total Datagrams
[  5]   0.00-60.00  sec  7.99 GBytes  1144 Mbits/sec  0.000 ms  0/5925601 (0%)  sender
[  5]   0.00-60.01  sec  7.68 GBytes  1100 Mbits/sec  0.016 ms  229182/5925589 (3.9%)  receiver

iperf Done.
