Connecting to host 10.10.0.2, port 30000
[  5] local 10.0.2.1 port 39918 connected to 10.10.0.2 port 30000
[ ID] Interval           Transfer     Bitrate         Total Datagrams
[  5]   0.00-1.00   sec   135 MBytes  1129 Mbits/sec  100975  
[  5]   1.00-2.00   sec   137 MBytes  1153 Mbits/sec  103062  
[  5]   2.00-3.00   sec   130 MBytes  1089 Mbits/sec  97382  
[  5]   3.00-4.00   sec   133 MBytes  1113 Mbits/sec  99491  
[  5]   4.00-5.00   sec   133 MBytes  1116 Mbits/sec  99817  
[  5]   5.00-6.00   sec   138 MBytes  1158 Mbits/sec  103500  
[  5]   6.00-7.00   sec   135 MBytes  1133 Mbits/sec  101294  
[  5]   7.00-8.00   sec   135 MBytes  1135 Mbits/sec  101516  
[  5]   8.00-9.00   sec   138 MBytes  1155 Mbits/sec  103269  
[  5]   9.00-10.00  sec   132 MBytes  1106 Mbits/sec  98863  
[  5]  10.00-11.00  sec   129 MBytes  1085 Mbits/sec  96985  
[  5]  11.00-12.00  sec   136 MBytes  1137 Mbits/sec  101655  
[  5]  12.00-13.00  sec   134 MBytes  1127 Mbits/sec  100788  
[  5]  13.00-14.00  sec   132 MBytes  1104 Mbits/sec  98712  
[  5]  14.00-15.00  sec   139 MBytes  1169 Mbits/sec  104511  
[  5]  15.00-16.00  sec   137 MBytes  1151 Mbits/sec  102906  
[  5]  16.00-17.00  sec   138 MBytes  1154 Mbits/sec  103171  
[  5]  17.00-18.00  sec   131 MBytes  1097 Mbits/sec  98121  
[  5]  18.00-19.00  sec   139 MBytes  1168 Mbits/sec  104425  
[  5]  19.00-20.00  sec   139 MBytes  1166 Mbits/sec  104214  
[  5]  20.00-21.00  sec   139 MBytes  1166 Mbits/sec  104244  
[  5]  21.00-22.00  sec   138 MBytes  1161 Mbits/sec  103830  
[  5]  22.00-23.00  sec   136 MBytes  1141 Mbits/sec  102052  
[  5]  23.00-24.00  sec   137 MBytes  1152 Mbits/sec  103000  
[  5]  24.00-25.00  sec   138 MBytes  1157 Mbits/sec  103451  
[  5]  25.00-26.00  sec   134 MBytes  1122 Mbits/sec  100310  
[  5]  26.00-27.00  sec   119 MBytes   998 Mbits/sec  89251  
[  5]  27.00-28.00  sec   135 MBytes  1130 Mbits/sec  101005  
[  5]  28.00-29.00  sec   135 MBytes  1133 Mbits/sec  101264  
[  5]  29.00-30.00  sec   134 MBytes  1127 Mbits/sec  100800  
[  5]  30.00-31.00  sec   133 MBytes  1112 Mbits/sec  99408  
[  5]  31.00-32.00  sec   137 MBytes  1149 Mbits/sec  102709  
[  5]  32.00-33.00  sec   136 MBytes  1143 Mbits/sec  102173  
[  5]  33.00-34.00  sec   118 MBytes   991 Mbits/sec  88640  
[  5]  34.00-35.00  sec   138 MBytes  1155 Mbits/sec  103271  
[  5]  35.00-36.00  sec   118 MBytes   988 Mbits/sec  88361  
[  5]  36.00-37.00  sec   138 MBytes  1161 Mbits/sec  103824  
[  5]  37.00-38.00  sec   118 MBytes   992 Mbits/sec  88681  
[  5]  38.00-39.00  sec   136 MBytes  1137 Mbits/sec  101649  
[  5]  39.00-40.00  sec   132 MBytes  1111 Mbits/sec  99312  
[  5]  40.00-41.00  sec   137 MBytes  1152 Mbits/sec  103047  
[  5]  41.00-42.00  sec   137 MBytes  1148 Mbits/sec  102692  
[  5]  42.00-43.00  sec   136 MBytes  1138 Mbits/sec  101711  
[  5]  43.00-44.00  sec   131 MBytes  1102 Mbits/sec  98538  
[  5]  44.00-45.00  sec   127 MBytes  1068 Mbits/sec  95508  
[  5]  45.00-46.00  sec   134 MBytes  1127 Mbits/sec  100744  
[  5]  46.00-47.00  sec   132 MBytes  1105 Mbits/sec  98827  
[  5]  47.00-48.00  sec   135 MBytes  1134 Mbits/sec  101434  
[  5]  48.00-49.00  sec   128 MBytes  1074 Mbits/sec  96038  
[  5]  49.00-50.00  sec   134 MBytes  1124 Mbits/sec  100495  
[  5]  50.00-51.00  sec   136 MBytes  1142 Mbits/sec  102070  
[  5]  51.00-52.00  sec   135 MBytes  1135 Mbits/sec  101445  
[  5]  52.00-53.00  sec   136 MBytes  1139 Mbits/sec  101838  
[  5]  53.00-54.00  sec   133 MBytes  1118 Mbits/sec  99990  
[  5]  54.00-55.00  sec   136 MBytes  1141 Mbits/sec  102028  
[  5]  55.00-56.00  sec   135 MBytes  1133 Mbits/sec  101278  
[  5]  56.00-57.00  sec   135 MBytes  1134 Mbits/sec  101360  
[  5]  57.00-58.00  sec   135 MBytes  1136 Mbits/sec  101547  
[  5]  58.00-59.00  sec   132 MBytes  1106 Mbits/sec  98857  
[  5]  59.00-60.00  sec   136 MBytes  1141 Mbits/sec  102060  
- - - - - - - - - - - - - - - - - - - - - - - - -
[ ID] Interval           Transfer     Bitrate         Jitter    Lost/Total Datagrams
[  5]   0.00-60.00  sec  7.84 GBytes  1123 Mbits/sec  0.000 ms  0/6023399 (0%)  sender
[  5]   0.00-60.02  sec  7.63 GBytes  1093 Mbits/sec  0.012 ms  159502/6023306 (2.6%)  receiver

iperf Done.
