Connecting to host 10.10.0.6, port 30000
[  5] local 10.0.1.37 port 49948 connected to 10.10.0.6 port 30000
[  7] local 10.0.1.37 port 49618 connected to 10.10.0.6 port 30000
[  9] local 10.0.1.37 port 43252 connected to 10.10.0.6 port 30000
[ 11] local 10.0.1.37 port 56766 connected to 10.10.0.6 port 30000
[ 13] local 10.0.1.37 port 42891 connected to 10.10.0.6 port 30000
[ 15] local 10.0.1.37 port 55574 connected to 10.10.0.6 port 30000
[ 17] local 10.0.1.37 port 41877 connected to 10.10.0.6 port 30000
[ 19] local 10.0.1.37 port 37756 connected to 10.10.0.6 port 30000
[ 21] local 10.0.1.37 port 51056 connected to 10.10.0.6 port 30000
[ 23] local 10.0.1.37 port 56604 connected to 10.10.0.6 port 30000
[ 25] local 10.0.1.37 port 43353 connected to 10.10.0.6 port 30000
[ 27] local 10.0.1.37 port 48448 connected to 10.10.0.6 port 30000
[ 29] local 10.0.1.37 port 41733 connected to 10.10.0.6 port 30000
[ 31] local 10.0.1.37 port 45614 connected to 10.10.0.6 port 30000
[ 33] local 10.0.1.37 port 51649 connected to 10.10.0.6 port 30000
[ 35] local 10.0.1.37 port 36766 connected to 10.10.0.6 port 30000
[ 37] local 10.0.1.37 port 37337 connected to 10.10.0.6 port 30000
[ 39] local 10.0.1.37 port 39726 connected to 10.10.0.6 port 30000
[ 41] local 10.0.1.37 port 49079 connected to 10.10.0.6 port 30000
[ 43] local 10.0.1.37 port 56104 connected to 10.10.0.6 port 30000
[ ID] Interval           Transfer     Bitrate         Total Datagrams
[  5]   0.00-1.00   sec  6.55 MBytes  55.0 Mbits/sec  4914  
[  7]   0.00-1.00   sec  6.55 MBytes  55.0 Mbits/sec  4916  
[  9]   0.00-1.00   sec  6.55 MBytes  55.0 Mbits/sec  4916  
[ 11]   0.00-1.00   sec  6.55 MBytes  55.0 Mbits/sec  4915  
[ 13]   0.00-1.00   sec  6.55 MBytes  55.0 Mbits/sec  4915  
[ 15]   0.00-1.00   sec  6.55 MBytes  55.0 Mbits/sec  4914  
[ 17]   0.00-1.00   sec  6.55 MBytes  55.0 Mbits/sec  4914  
[ 19]   0.00-1.00   sec  6.55 MBytes  54.9 Mbits/sec  4913  
[ 21]   0.00-1.00   sec  6.55 MBytes  54.9 Mbits/sec  4913  
[ 23]   0.00-1.00   sec  6.55 MBytes  54.9 Mbits/sec  4913  
[ 25]   0.00-1.00   sec  6.55 MBytes  54.9 Mbits/sec  4912  
[ 27]   0.00-1.00   sec  6.55 MBytes  54.9 Mbits/sec  4910  
[ 29]   0.00-1.00   sec  6.54 MBytes  54.9 Mbits/sec  4908  
[ 31]   0.00-1.00   sec  6.54 MBytes  54.9 Mbits/sec  4907  
[ 33]   0.00-1.00   sec  6.54 MBytes  54.9 Mbits/sec  4906  
[ 35]   0.00-1.00   sec  6.54 MBytes  54.9 Mbits/sec  4907  
[ 37]   0.00-1.00   sec  6.54 MBytes  54.9 Mbits/sec  4907  
[ 39]   0.00-1.00   sec  6.54 MBytes  54.9 Mbits/sec  4907  
[ 41]   0.00-1.00   sec  6.54 MBytes  54.9 Mbits/sec  4907  
[ 43]   0.00-1.00   sec  6.54 MBytes  54.8 Mbits/sec  4905  
[SUM]   0.00-1.00   sec   131 MBytes  1098 Mbits/sec  98219  
- - - - - - - - - - - - - - - - - - - - - - - - -
[  5]   1.00-2.00   sec  6.55 MBytes  54.9 Mbits/sec  4912  
[  7]   1.00-2.00   sec  6.55 MBytes  54.9 Mbits/sec  4912  
[  9]   1.00-2.00   sec  6.55 MBytes  54.9 Mbits/sec  4912  
[ 11]   1.00-2.00   sec  6.55 MBytes  54.9 Mbits/sec  4912  
[ 13]   1.00-2.00   sec  6.55 MBytes  54.9 Mbits/sec  4912  
[ 15]   1.00-2.00   sec  6.55 MBytes  54.9 Mbits/sec  4912  
[ 17]   1.00-2.00   sec  6.55 MBytes  54.9 Mbits/sec  4912  
[ 19]   1.00-2.00   sec  6.55 MBytes  54.9 Mbits/sec  4912  
[ 21]   1.00-2.00   sec  6.55 MBytes  54.9 Mbits/sec  4912  
[ 23]   1.00-2.00   sec  6.55 MBytes  54.9 Mbits/sec  4912  
[ 25]   1.00-2.00   sec  6.55 MBytes  54.9 Mbits/sec  4912  
[ 27]   1.00-2.00   sec  6.55 MBytes  54.9 Mbits/sec  4912  
[ 29]   1.00-2.00   sec  6.55 MBytes  54.9 Mbits/sec  4912  
[ 31]   1.00-2.00   sec  6.55 MBytes  54.9 Mbits/sec  4912  
[ 33]   1.00-2.00   sec  6.55 MBytes  54.9 Mbits/sec  4912  
[ 35]   1.00-2.00   sec  6.55 MBytes  54.9 Mbits/sec  4912  
[ 37]   1.00-2.00   sec  6.55 MBytes  54.9 Mbits/sec  4912  
[ 39]   1.00-2.00   sec  6.55 MBytes  54.9 Mbits/sec  4912  
[ 41]   1.00-2.00   sec  6.55 MBytes  54.9 Mbits/sec  4912  
[ 43]   1.00-2.00   sec  6.55 MBytes  54.9 Mbits/sec  4912  
[SUM]   1.00-2.00   sec   131 MBytes  1099 Mbits/sec  98240  
- - - - - - - - - - - - - - - - - - - - - - - - -
[  5]   2.00-3.00   sec  6.40 MBytes  53.7 Mbits/sec  4801  
[  7]   2.00-3.00   sec  6.40 MBytes  53.7 Mbits/sec  4801  
[  9]   2.00-3.00   sec  6.40 MBytes  53.7 Mbits/sec  4801  
[ 11]   2.00-3.00   sec  6.40 MBytes  53.7 Mbits/sec  4801  
[ 13]   2.00-3.00   sec  6.40 MBytes  53.7 Mbits/sec  4801  
[ 15]   2.00-3.00   sec  6.40 MBytes  53.7 Mbits/sec  4801  
[ 17]   2.00-3.00   sec  6.40 MBytes  53.7 Mbits/sec  4801  
[ 19]   2.00-3.00   sec  6.40 MBytes  53.7 Mbits/sec  4801  
[ 21]   2.00-3.00   sec  6.40 MBytes  53.7 Mbits/sec  4801  
[ 23]   2.00-3.00   sec  6.40 MBytes  53.7 Mbits/sec  4801  
[ 25]   2.00-3.00   sec  6.40 MBytes  53.7 Mbits/sec  4801  
[ 27]   2.00-3.00   sec  6.40 MBytes  53.7 Mbits/sec  4801  
[ 29]   2.00-3.00   sec  6.40 MBytes  53.7 Mbits/sec  4801  
[ 31]   2.00-3.00   sec  6.40 MBytes  53.7 Mbits/sec  4801  
[ 33]   2.00-3.00   sec  6.40 MBytes  53.7 Mbits/sec  4801  
[ 35]   2.00-3.00   sec  6.40 MBytes  53.7 Mbits/sec  4801  
[ 37]   2.00-3.00   sec  6.40 MBytes  53.7 Mbits/sec  4801  
[ 39]   2.00-3.00   sec  6.40 MBytes  53.7 Mbits/sec  4801  
[ 41]   2.00-3.00   sec  6.40 MBytes  53.7 Mbits/sec  4801  
[ 43]   2.00-3.00   sec  6.40 MBytes  53.7 Mbits/sec  4801  
[SUM]   2.00-3.00   sec   128 MBytes  1074 Mbits/sec  96020  
- - - - - - - - - - - - - - - - - - - - - - - - -
[  5]   3.00-4.00   sec  6.15 MBytes  51.6 Mbits/sec  4615  
[  7]   3.00-4.00   sec  6.15 MBytes  51.6 Mbits/sec  4615  
[  9]   3.00-4.00   sec  6.15 MBytes  51.6 Mbits/sec  4615  
[ 11]   3.00-4.00   sec  6.15 MBytes  51.6 Mbits/sec  4615  
[ 13]   3.00-4.00   sec  6.15 MBytes  51.6 Mbits/sec  4615  
[ 15]   3.00-4.00   sec  6.15 MBytes  51.6 Mbits/sec  4615  
[ 17]   3.00-4.00   sec  6.15 MBytes  51.6 Mbits/sec  4615  
[ 19]   3.00-4.00   sec  6.15 MBytes  51.6 Mbits/sec  4615  
[ 21]   3.00-4.00   sec  6.15 MBytes  51.6 Mbits/sec  4615  
[ 23]   3.00-4.00   sec  6.15 MBytes  51.6 Mbits/sec  4615  
[ 25]   3.00-4.00   sec  6.15 MBytes  51.6 Mbits/sec  4615  
[ 27]   3.00-4.00   sec  6.15 MBytes  51.6 Mbits/sec  4615  
[ 29]   3.00-4.00   sec  6.15 MBytes  51.6 Mbits/sec  4615  
[ 31]   3.00-4.00   sec  6.15 MBytes  51.6 Mbits/sec  4615  
[ 33]   3.00-4.00   sec  6.15 MBytes  51.6 Mbits/sec  4615  
[ 35]   3.00-4.00   sec  6.15 MBytes  51.6 Mbits/sec  4615  
[ 37]   3.00-4.00   sec  6.15 MBytes  51.6 Mbits/sec  4615  
[ 39]   3.00-4.00   sec  6.15 MBytes  51.6 Mbits/sec  4615  
[ 41]   3.00-4.00   sec  6.15 MBytes  51.6 Mbits/sec  4615  
[ 43]   3.00-4.00   sec  6.15 MBytes  51.6 Mbits/sec  4615  
[SUM]   3.00-4.00   sec   123 MBytes  1032 Mbits/sec  92300  
- - - - - - - - - - - - - - - - - - - - - - - - -
[  5]   4.00-5.00   sec  5.86 MBytes  49.2 Mbits/sec  4399  
[  7]   4.00-5.00   sec  5.86 MBytes  49.2 Mbits/sec  4399  
[  9]   4.00-5.00   sec  5.86 MBytes  49.2 Mbits/sec  4399  
[ 11]   4.00-5.00   sec  5.86 MBytes  49.2 Mbits/sec  4399  
[ 13]   4.00-5.00   sec  5.86 MBytes  49.2 Mbits/sec  4399  
[ 15]   4.00-5.00   sec  5.86 MBytes  49.2 Mbits/sec  4399  
[ 17]   4.00-5.00   sec  5.86 MBytes  49.2 Mbits/sec  4399  
[ 19]   4.00-5.00   sec  5.86 MBytes  49.2 Mbits/sec  4399  
[ 21]   4.00-5.00   sec  5.86 MBytes  49.2 Mbits/sec  4399  
[ 23]   4.00-5.00   sec  5.86 MBytes  49.2 Mbits/sec  4399  
[ 25]   4.00-5.00   sec  5.86 MBytes  49.2 Mbits/sec  4399  
[ 27]   4.00-5.00   sec  5.86 MBytes  49.2 Mbits/sec  4399  
[ 29]   4.00-5.00   sec  5.86 MBytes  49.2 Mbits/sec  4399  
[ 31]   4.00-5.00   sec  5.86 MBytes  49.2 Mbits/sec  4399  
[ 33]   4.00-5.00   sec  5.86 MBytes  49.2 Mbits/sec  4399  
[ 35]   4.00-5.00   sec  5.86 MBytes  49.2 Mbits/sec  4399  
[ 37]   4.00-5.00   sec  5.86 MBytes  49.2 Mbits/sec  4399  
[ 39]   4.00-5.00   sec  5.86 MBytes  49.2 Mbits/sec  4399  
[ 41]   4.00-5.00   sec  5.86 MBytes  49.2 Mbits/sec  4399  
[ 43]   4.00-5.00   sec  5.86 MBytes  49.2 Mbits/sec  4399  
[SUM]   4.00-5.00   sec   117 MBytes   984 Mbits/sec  87980  
- - - - - - - - - - - - - - - - - - - - - - - - -
[  5]   5.00-6.00   sec  6.50 MBytes  54.5 Mbits/sec  4875  
[  7]   5.00-6.00   sec  6.50 MBytes  54.5 Mbits/sec  4875  
[  9]   5.00-6.00   sec  6.50 MBytes  54.5 Mbits/sec  4875  
[ 11]   5.00-6.00   sec  6.50 MBytes  54.5 Mbits/sec  4875  
[ 13]   5.00-6.00   sec  6.50 MBytes  54.5 Mbits/sec  4875  
[ 15]   5.00-6.00   sec  6.50 MBytes  54.5 Mbits/sec  4875  
[ 17]   5.00-6.00   sec  6.50 MBytes  54.5 Mbits/sec  4875  
[ 19]   5.00-6.00   sec  6.50 MBytes  54.5 Mbits/sec  4875  
[ 21]   5.00-6.00   sec  6.50 MBytes  54.5 Mbits/sec  4875  
[ 23]   5.00-6.00   sec  6.50 MBytes  54.5 Mbits/sec  4875  
[ 25]   5.00-6.00   sec  6.50 MBytes  54.5 Mbits/sec  4875  
[ 27]   5.00-6.00   sec  6.50 MBytes  54.5 Mbits/sec  4875  
[ 29]   5.00-6.00   sec  6.50 MBytes  54.5 Mbits/sec  4875  
[ 31]   5.00-6.00   sec  6.50 MBytes  54.5 Mbits/sec  4875  
[ 33]   5.00-6.00   sec  6.50 MBytes  54.5 Mbits/sec  4875  
[ 35]   5.00-6.00   sec  6.50 MBytes  54.5 Mbits/sec  4875  
[ 37]   5.00-6.00   sec  6.50 MBytes  54.5 Mbits/sec  4875  
[ 39]   5.00-6.00   sec  6.50 MBytes  54.5 Mbits/sec  4875  
[ 41]   5.00-6.00   sec  6.50 MBytes  54.5 Mbits/sec  4875  
[ 43]   5.00-6.00   sec  6.50 MBytes  54.5 Mbits/sec  4875  
[SUM]   5.00-6.00   sec   130 MBytes  1091 Mbits/sec  97500  
- - - - - - - - - - - - - - - - - - - - - - - - -
[  5]   6.00-7.00   sec  6.27 MBytes  52.6 Mbits/sec  4704  
[  7]   6.00-7.00   sec  6.27 MBytes  52.6 Mbits/sec  4704  
[  9]   6.00-7.00   sec  6.27 MBytes  52.6 Mbits/sec  4704  
[ 11]   6.00-7.00   sec  6.27 MBytes  52.6 Mbits/sec  4704  
[ 13]   6.00-7.00   sec  6.27 MBytes  52.6 Mbits/sec  4704  
[ 15]   6.00-7.00   sec  6.27 MBytes  52.6 Mbits/sec  4704  
[ 17]   6.00-7.00   sec  6.27 MBytes  52.6 Mbits/sec  4704  
[ 19]   6.00-7.00   sec  6.27 MBytes  52.6 Mbits/sec  4704  
[ 21]   6.00-7.00   sec  6.27 MBytes  52.6 Mbits/sec  4704  
[ 23]   6.00-7.00   sec  6.27 MBytes  52.6 Mbits/sec  4704  
[ 25]   6.00-7.00   sec  6.27 MBytes  52.6 Mbits/sec  4704  
[ 27]   6.00-7.00   sec  6.27 MBytes  52.6 Mbits/sec  4704  
[ 29]   6.00-7.00   sec  6.27 MBytes  52.6 Mbits/sec  4704  
[ 31]   6.00-7.00   sec  6.27 MBytes  52.6 Mbits/sec  4704  
[ 33]   6.00-7.00   sec  6.27 MBytes  52.6 Mbits/sec  4704  
[ 35]   6.00-7.00   sec  6.27 MBytes  52.6 Mbits/sec  4704  
[ 37]   6.00-7.00   sec  6.27 MBytes  52.6 Mbits/sec  4704  
[ 39]   6.00-7.00   sec  6.27 MBytes  52.6 Mbits/sec  4704  
[ 41]   6.00-7.00   sec  6.27 MBytes  52.6 Mbits/sec  4704  
[ 43]   6.00-7.00   sec  6.27 MBytes  52.6 Mbits/sec  4704  
[SUM]   6.00-7.00   sec   125 MBytes  1052 Mbits/sec  94080  
- - - - - - - - - - - - - - - - - - - - - - - - -
[  5]   7.00-8.00   sec  6.26 MBytes  52.6 Mbits/sec  4699  
[  7]   7.00-8.00   sec  6.26 MBytes  52.6 Mbits/sec  4699  
[  9]   7.00-8.00   sec  6.26 MBytes  52.6 Mbits/sec  4699  
[ 11]   7.00-8.00   sec  6.26 MBytes  52.6 Mbits/sec  4699  
[ 13]   7.00-8.00   sec  6.26 MBytes  52.6 Mbits/sec  4699  
[ 15]   7.00-8.00   sec  6.26 MBytes  52.6 Mbits/sec  4699  
[ 17]   7.00-8.00   sec  6.26 MBytes  52.6 Mbits/sec  4699  
[ 19]   7.00-8.00   sec  6.26 MBytes  52.6 Mbits/sec  4699  
[ 21]   7.00-8.00   sec  6.26 MBytes  52.6 Mbits/sec  4699  
[ 23]   7.00-8.00   sec  6.26 MBytes  52.6 Mbits/sec  4699  
[ 25]   7.00-8.00   sec  6.26 MBytes  52.5 Mbits/sec  4699  
[ 27]   7.00-8.00   sec  6.26 MBytes  52.5 Mbits/sec  4699  
[ 29]   7.00-8.00   sec  6.26 MBytes  52.5 Mbits/sec  4699  
[ 31]   7.00-8.00   sec  6.26 MBytes  52.6 Mbits/sec  4699  
[ 33]   7.00-8.00   sec  6.26 MBytes  52.6 Mbits/sec  4699  
[ 35]   7.00-8.00   sec  6.26 MBytes  52.6 Mbits/sec  4699  
[ 37]   7.00-8.00   sec  6.26 MBytes  52.6 Mbits/sec  4699  
[ 39]   7.00-8.00   sec  6.26 MBytes  52.6 Mbits/sec  4699  
[ 41]   7.00-8.00   sec  6.26 MBytes  52.6 Mbits/sec  4699  
[ 43]   7.00-8.00   sec  6.26 MBytes  52.6 Mbits/sec  4699  
[SUM]   7.00-8.00   sec   125 MBytes  1051 Mbits/sec  93980  
- - - - - - - - - - - - - - - - - - - - - - - - -
[  5]   8.00-9.00   sec  6.30 MBytes  52.8 Mbits/sec  4725  
[  7]   8.00-9.00   sec  6.30 MBytes  52.8 Mbits/sec  4725  
[  9]   8.00-9.00   sec  6.30 MBytes  52.8 Mbits/sec  4725  
[ 11]   8.00-9.00   sec  6.30 MBytes  52.8 Mbits/sec  4725  
[ 13]   8.00-9.00   sec  6.30 MBytes  52.8 Mbits/sec  4725  
[ 15]   8.00-9.00   sec  6.30 MBytes  52.8 Mbits/sec  4725  
[ 17]   8.00-9.00   sec  6.30 MBytes  52.8 Mbits/sec  4725  
[ 19]   8.00-9.00   sec  6.30 MBytes  52.8 Mbits/sec  4725  
[ 21]   8.00-9.00   sec  6.30 MBytes  52.8 Mbits/sec  4725  
[ 23]   8.00-9.00   sec  6.30 MBytes  52.8 Mbits/sec  4725  
[ 25]   8.00-9.00   sec  6.30 MBytes  52.8 Mbits/sec  4725  
[ 27]   8.00-9.00   sec  6.30 MBytes  52.8 Mbits/sec  4725  
[ 29]   8.00-9.00   sec  6.30 MBytes  52.8 Mbits/sec  4725  
[ 31]   8.00-9.00   sec  6.30 MBytes  52.8 Mbits/sec  4725  
[ 33]   8.00-9.00   sec  6.30 MBytes  52.8 Mbits/sec  4725  
[ 35]   8.00-9.00   sec  6.30 MBytes  52.8 Mbits/sec  4725  
[ 37]   8.00-9.00   sec  6.30 MBytes  52.8 Mbits/sec  4725  
[ 39]   8.00-9.00   sec  6.30 MBytes  52.8 Mbits/sec  4725  
[ 41]   8.00-9.00   sec  6.30 MBytes  52.8 Mbits/sec  4725  
[ 43]   8.00-9.00   sec  6.30 MBytes  52.8 Mbits/sec  4725  
[SUM]   8.00-9.00   sec   126 MBytes  1057 Mbits/sec  94500  
- - - - - - - - - - - - - - - - - - - - - - - - -
[  5]   9.00-10.00  sec  6.67 MBytes  56.0 Mbits/sec  5005  
[  7]   9.00-10.00  sec  6.67 MBytes  56.0 Mbits/sec  5005  
[  9]   9.00-10.00  sec  6.67 MBytes  56.0 Mbits/sec  5005  
[ 11]   9.00-10.00  sec  6.67 MBytes  56.0 Mbits/sec  5005  
[ 13]   9.00-10.00  sec  6.67 MBytes  56.0 Mbits/sec  5005  
[ 15]   9.00-10.00  sec  6.67 MBytes  56.0 Mbits/sec  5005  
[ 17]   9.00-10.00  sec  6.67 MBytes  56.0 Mbits/sec  5005  
[ 19]   9.00-10.00  sec  6.67 MBytes  56.0 Mbits/sec  5005  
[ 21]   9.00-10.00  sec  6.67 MBytes  56.0 Mbits/sec  5005  
[ 23]   9.00-10.00  sec  6.67 MBytes  56.0 Mbits/sec  5005  
[ 25]   9.00-10.00  sec  6.67 MBytes  56.0 Mbits/sec  5005  
[ 27]   9.00-10.00  sec  6.67 MBytes  56.0 Mbits/sec  5005  
[ 29]   9.00-10.00  sec  6.67 MBytes  56.0 Mbits/sec  5005  
[ 31]   9.00-10.00  sec  6.67 MBytes  56.0 Mbits/sec  5005  
[ 33]   9.00-10.00  sec  6.67 MBytes  56.0 Mbits/sec  5005  
[ 35]   9.00-10.00  sec  6.67 MBytes  56.0 Mbits/sec  5005  
[ 37]   9.00-10.00  sec  6.67 MBytes  56.0 Mbits/sec  5005  
[ 39]   9.00-10.00  sec  6.67 MBytes  56.0 Mbits/sec  5005  
[ 41]   9.00-10.00  sec  6.67 MBytes  56.0 Mbits/sec  5005  
[ 43]   9.00-10.00  sec  6.67 MBytes  56.0 Mbits/sec  5005  
[SUM]   9.00-10.00  sec   133 MBytes  1120 Mbits/sec  100100  
- - - - - - - - - - - - - - - - - - - - - - - - -
[  5]  10.00-11.00  sec  6.69 MBytes  56.1 Mbits/sec  5020  
[  7]  10.00-11.00  sec  6.69 MBytes  56.1 Mbits/sec  5020  
[  9]  10.00-11.00  sec  6.69 MBytes  56.1 Mbits/sec  5020  
[ 11]  10.00-11.00  sec  6.69 MBytes  56.1 Mbits/sec  5020  
[ 13]  10.00-11.00  sec  6.69 MBytes  56.1 Mbits/sec  5020  
[ 15]  10.00-11.00  sec  6.69 MBytes  56.1 Mbits/sec  5020  
[ 17]  10.00-11.00  sec  6.69 MBytes  56.1 Mbits/sec  5020  
[ 19]  10.00-11.00  sec  6.69 MBytes  56.1 Mbits/sec  5020  
[ 21]  10.00-11.00  sec  6.69 MBytes  56.1 Mbits/sec  5020  
[ 23]  10.00-11.00  sec  6.69 MBytes  56.1 Mbits/sec  5020  
[ 25]  10.00-11.00  sec  6.69 MBytes  56.1 Mbits/sec  5020  
[ 27]  10.00-11.00  sec  6.69 MBytes  56.1 Mbits/sec  5020  
[ 29]  10.00-11.00  sec  6.69 MBytes  56.1 Mbits/sec  5020  
[ 31]  10.00-11.00  sec  6.69 MBytes  56.1 Mbits/sec  5020  
[ 33]  10.00-11.00  sec  6.69 MBytes  56.1 Mbits/sec  5020  
[ 35]  10.00-11.00  sec  6.69 MBytes  56.1 Mbits/sec  5020  
[ 37]  10.00-11.00  sec  6.69 MBytes  56.1 Mbits/sec  5020  
[ 39]  10.00-11.00  sec  6.69 MBytes  56.1 Mbits/sec  5020  
[ 41]  10.00-11.00  sec  6.69 MBytes  56.1 Mbits/sec  5020  
[ 43]  10.00-11.00  sec  6.69 MBytes  56.1 Mbits/sec  5020  
[SUM]  10.00-11.00  sec   134 MBytes  1123 Mbits/sec  100400  
- - - - - - - - - - - - - - - - - - - - - - - - -
[  5]  11.00-12.00  sec  6.06 MBytes  50.8 Mbits/sec  4544  
[  7]  11.00-12.00  sec  6.06 MBytes  50.8 Mbits/sec  4544  
[  9]  11.00-12.00  sec  6.06 MBytes  50.8 Mbits/sec  4544  
[ 11]  11.00-12.00  sec  6.06 MBytes  50.8 Mbits/sec  4544  
[ 13]  11.00-12.00  sec  6.06 MBytes  50.8 Mbits/sec  4544  
[ 15]  11.00-12.00  sec  6.06 MBytes  50.8 Mbits/sec  4544  
[ 17]  11.00-12.00  sec  6.06 MBytes  50.8 Mbits/sec  4544  
[ 19]  11.00-12.00  sec  6.06 MBytes  50.8 Mbits/sec  4544  
[ 21]  11.00-12.00  sec  6.06 MBytes  50.8 Mbits/sec  4544  
[ 23]  11.00-12.00  sec  6.06 MBytes  50.8 Mbits/sec  4544  
[ 25]  11.00-12.00  sec  6.06 MBytes  50.8 Mbits/sec  4544  
[ 27]  11.00-12.00  sec  6.06 MBytes  50.8 Mbits/sec  4544  
[ 29]  11.00-12.00  sec  6.06 MBytes  50.8 Mbits/sec  4544  
[ 31]  11.00-12.00  sec  6.06 MBytes  50.8 Mbits/sec  4544  
[ 33]  11.00-12.00  sec  6.06 MBytes  50.8 Mbits/sec  4544  
[ 35]  11.00-12.00  sec  6.06 MBytes  50.8 Mbits/sec  4544  
[ 37]  11.00-12.00  sec  6.06 MBytes  50.8 Mbits/sec  4544  
[ 39]  11.00-12.00  sec  6.06 MBytes  50.8 Mbits/sec  4544  
[ 41]  11.00-12.00  sec  6.06 MBytes  50.8 Mbits/sec  4544  
[ 43]  11.00-12.00  sec  6.06 MBytes  50.8 Mbits/sec  4544  
[SUM]  11.00-12.00  sec   121 MBytes  1016 Mbits/sec  90880  
- - - - - - - - - - - - - - - - - - - - - - - - -
[  5]  12.00-13.00  sec  6.63 MBytes  55.6 Mbits/sec  4974  
[  7]  12.00-13.00  sec  6.63 MBytes  55.6 Mbits/sec  4974  
[  9]  12.00-13.00  sec  6.63 MBytes  55.6 Mbits/sec  4974  
[ 11]  12.00-13.00  sec  6.63 MBytes  55.6 Mbits/sec  4974  
[ 13]  12.00-13.00  sec  6.63 MBytes  55.6 Mbits/sec  4974  
[ 15]  12.00-13.00  sec  6.63 MBytes  55.6 Mbits/sec  4974  
[ 17]  12.00-13.00  sec  6.63 MBytes  55.6 Mbits/sec  4974  
[ 19]  12.00-13.00  sec  6.63 MBytes  55.6 Mbits/sec  4974  
[ 21]  12.00-13.00  sec  6.63 MBytes  55.6 Mbits/sec  4974  
[ 23]  12.00-13.00  sec  6.63 MBytes  55.6 Mbits/sec  4974  
[ 25]  12.00-13.00  sec  6.63 MBytes  55.6 Mbits/sec  4974  
[ 27]  12.00-13.00  sec  6.63 MBytes  55.6 Mbits/sec  4974  
[ 29]  12.00-13.00  sec  6.63 MBytes  55.6 Mbits/sec  4974  
[ 31]  12.00-13.00  sec  6.63 MBytes  55.6 Mbits/sec  4974  
[ 33]  12.00-13.00  sec  6.63 MBytes  55.6 Mbits/sec  4974  
[ 35]  12.00-13.00  sec  6.63 MBytes  55.6 Mbits/sec  4974  
[ 37]  12.00-13.00  sec  6.63 MBytes  55.6 Mbits/sec  4974  
[ 39]  12.00-13.00  sec  6.63 MBytes  55.6 Mbits/sec  4974  
[ 41]  12.00-13.00  sec  6.63 MBytes  55.6 Mbits/sec  4974  
[ 43]  12.00-13.00  sec  6.63 MBytes  55.6 Mbits/sec  4974  
[SUM]  12.00-13.00  sec   133 MBytes  1113 Mbits/sec  99480  
- - - - - - - - - - - - - - - - - - - - - - - - -
[  5]  13.00-14.00  sec  6.70 MBytes  56.2 Mbits/sec  5029  
[  7]  13.00-14.00  sec  6.70 MBytes  56.2 Mbits/sec  5029  
[  9]  13.00-14.00  sec  6.70 MBytes  56.2 Mbits/sec  5029  
[ 11]  13.00-14.00  sec  6.70 MBytes  56.2 Mbits/sec  5029  
[ 13]  13.00-14.00  sec  6.70 MBytes  56.2 Mbits/sec  5029  
[ 15]  13.00-14.00  sec  6.70 MBytes  56.2 Mbits/sec  5029  
[ 17]  13.00-14.00  sec  6.70 MBytes  56.2 Mbits/sec  5029  
[ 19]  13.00-14.00  sec  6.70 MBytes  56.2 Mbits/sec  5029  
[ 21]  13.00-14.00  sec  6.70 MBytes  56.2 Mbits/sec  5029  
[ 23]  13.00-14.00  sec  6.70 MBytes  56.2 Mbits/sec  5029  
[ 25]  13.00-14.00  sec  6.70 MBytes  56.2 Mbits/sec  5029  
[ 27]  13.00-14.00  sec  6.70 MBytes  56.2 Mbits/sec  5029  
[ 29]  13.00-14.00  sec  6.70 MBytes  56.2 Mbits/sec  5029  
[ 31]  13.00-14.00  sec  6.70 MBytes  56.2 Mbits/sec  5029  
[ 33]  13.00-14.00  sec  6.70 MBytes  56.2 Mbits/sec  5029  
[ 35]  13.00-14.00  sec  6.70 MBytes  56.2 Mbits/sec  5029  
[ 37]  13.00-14.00  sec  6.70 MBytes  56.2 Mbits/sec  5029  
[ 39]  13.00-14.00  sec  6.70 MBytes  56.2 Mbits/sec  5029  
[ 41]  13.00-14.00  sec  6.70 MBytes  56.2 Mbits/sec  5029  
[ 43]  13.00-14.00  sec  6.70 MBytes  56.2 Mbits/sec  5029  
[SUM]  13.00-14.00  sec   134 MBytes  1125 Mbits/sec  100580  
- - - - - - - - - - - - - - - - - - - - - - - - -
[  5]  14.00-15.00  sec  5.78 MBytes  48.5 Mbits/sec  4334  
[  7]  14.00-15.00  sec  5.78 MBytes  48.5 Mbits/sec  4334  
[  9]  14.00-15.00  sec  5.78 MBytes  48.5 Mbits/sec  4334  
[ 11]  14.00-15.00  sec  5.78 MBytes  48.5 Mbits/sec  4334  
[ 13]  14.00-15.00  sec  5.78 MBytes  48.5 Mbits/sec  4334  
[ 15]  14.00-15.00  sec  5.78 MBytes  48.5 Mbits/sec  4334  
[ 17]  14.00-15.00  sec  5.78 MBytes  48.5 Mbits/sec  4334  
[ 19]  14.00-15.00  sec  5.78 MBytes  48.5 Mbits/sec  4334  
[ 21]  14.00-15.00  sec  5.78 MBytes  48.5 Mbits/sec  4334  
[ 23]  14.00-15.00  sec  5.78 MBytes  48.5 Mbits/sec  4334  
[ 25]  14.00-15.00  sec  5.78 MBytes  48.5 Mbits/sec  4334  
[ 27]  14.00-15.00  sec  5.78 MBytes  48.5 Mbits/sec  4334  
[ 29]  14.00-15.00  sec  5.78 MBytes  48.5 Mbits/sec  4334  
[ 31]  14.00-15.00  sec  5.78 MBytes  48.5 Mbits/sec  4334  
[ 33]  14.00-15.00  sec  5.78 MBytes  48.5 Mbits/sec  4334  
[ 35]  14.00-15.00  sec  5.78 MBytes  48.5 Mbits/sec  4334  
[ 37]  14.00-15.00  sec  5.78 MBytes  48.5 Mbits/sec  4334  
[ 39]  14.00-15.00  sec  5.78 MBytes  48.5 Mbits/sec  4334  
[ 41]  14.00-15.00  sec  5.78 MBytes  48.5 Mbits/sec  4334  
[ 43]  14.00-15.00  sec  5.78 MBytes  48.5 Mbits/sec  4334  
[SUM]  14.00-15.00  sec   116 MBytes   969 Mbits/sec  86680  
- - - - - - - - - - - - - - - - - - - - - - - - -
[  5]  15.00-16.00  sec  6.11 MBytes  51.3 Mbits/sec  4586  
[  7]  15.00-16.00  sec  6.11 MBytes  51.3 Mbits/sec  4586  
[  9]  15.00-16.00  sec  6.11 MBytes  51.3 Mbits/sec  4586  
[ 11]  15.00-16.00  sec  6.11 MBytes  51.3 Mbits/sec  4586  
[ 13]  15.00-16.00  sec  6.11 MBytes  51.3 Mbits/sec  4586  
[ 15]  15.00-16.00  sec  6.11 MBytes  51.3 Mbits/sec  4586  
[ 17]  15.00-16.00  sec  6.11 MBytes  51.3 Mbits/sec  4586  
[ 19]  15.00-16.00  sec  6.11 MBytes  51.3 Mbits/sec  4586  
[ 21]  15.00-16.00  sec  6.11 MBytes  51.3 Mbits/sec  4586  
[ 23]  15.00-16.00  sec  6.11 MBytes  51.3 Mbits/sec  4586  
[ 25]  15.00-16.00  sec  6.11 MBytes  51.3 Mbits/sec  4586  
[ 27]  15.00-16.00  sec  6.11 MBytes  51.3 Mbits/sec  4586  
[ 29]  15.00-16.00  sec  6.11 MBytes  51.3 Mbits/sec  4586  
[ 31]  15.00-16.00  sec  6.11 MBytes  51.3 Mbits/sec  4586  
[ 33]  15.00-16.00  sec  6.11 MBytes  51.3 Mbits/sec  4586  
[ 35]  15.00-16.00  sec  6.11 MBytes  51.3 Mbits/sec  4586  
[ 37]  15.00-16.00  sec  6.11 MBytes  51.3 Mbits/sec  4586  
[ 39]  15.00-16.00  sec  6.11 MBytes  51.3 Mbits/sec  4586  
[ 41]  15.00-16.00  sec  6.11 MBytes  51.3 Mbits/sec  4586  
[ 43]  15.00-16.00  sec  6.11 MBytes  51.3 Mbits/sec  4586  
[SUM]  15.00-16.00  sec   122 MBytes  1026 Mbits/sec  91720  
- - - - - - - - - - - - - - - - - - - - - - - - -
[  5]  16.00-17.00  sec  6.47 MBytes  54.2 Mbits/sec  4850  
[  7]  16.00-17.00  sec  6.47 MBytes  54.2 Mbits/sec  4850  
[  9]  16.00-17.00  sec  6.47 MBytes  54.2 Mbits/sec  4850  
[ 11]  16.00-17.00  sec  6.47 MBytes  54.2 Mbits/sec  4850  
[ 13]  16.00-17.00  sec  6.47 MBytes  54.2 Mbits/sec  4850  
[ 15]  16.00-17.00  sec  6.47 MBytes  54.2 Mbits/sec  4850  
[ 17]  16.00-17.00  sec  6.47 MBytes  54.2 Mbits/sec  4850  
[ 19]  16.00-17.00  sec  6.47 MBytes  54.2 Mbits/sec  4850  
[ 21]  16.00-17.00  sec  6.47 MBytes  54.2 Mbits/sec  4850  
[ 23]  16.00-17.00  sec  6.47 MBytes  54.2 Mbits/sec  4850  
[ 25]  16.00-17.00  sec  6.47 MBytes  54.2 Mbits/sec  4850  
[ 27]  16.00-17.00  sec  6.47 MBytes  54.2 Mbits/sec  4850  
[ 29]  16.00-17.00  sec  6.47 MBytes  54.2 Mbits/sec  4850  
[ 31]  16.00-17.00  sec  6.47 MBytes  54.2 Mbits/sec  4850  
[ 33]  16.00-17.00  sec  6.47 MBytes  54.2 Mbits/sec  4850  
[ 35]  16.00-17.00  sec  6.47 MBytes  54.2 Mbits/sec  4850  
[ 37]  16.00-17.00  sec  6.47 MBytes  54.2 Mbits/sec  4850  
[ 39]  16.00-17.00  sec  6.47 MBytes  54.2 Mbits/sec  4850  
[ 41]  16.00-17.00  sec  6.47 MBytes  54.2 Mbits/sec  4850  
[ 43]  16.00-17.00  sec  6.47 MBytes  54.2 Mbits/sec  4850  
[SUM]  16.00-17.00  sec   129 MBytes  1085 Mbits/sec  97000  
- - - - - - - - - - - - - - - - - - - - - - - - -
[  5]  17.00-18.00  sec  6.51 MBytes  54.6 Mbits/sec  4882  
[  7]  17.00-18.00  sec  6.51 MBytes  54.6 Mbits/sec  4882  
[  9]  17.00-18.00  sec  6.51 MBytes  54.6 Mbits/sec  4882  
[ 11]  17.00-18.00  sec  6.51 MBytes  54.6 Mbits/sec  4882  
[ 13]  17.00-18.00  sec  6.51 MBytes  54.6 Mbits/sec  4882  
[ 15]  17.00-18.00  sec  6.51 MBytes  54.6 Mbits/sec  4882  
[ 17]  17.00-18.00  sec  6.51 MBytes  54.6 Mbits/sec  4882  
[ 19]  17.00-18.00  sec  6.51 MBytes  54.6 Mbits/sec  4882  
[ 21]  17.00-18.00  sec  6.51 MBytes  54.6 Mbits/sec  4882  
[ 23]  17.00-18.00  sec  6.51 MBytes  54.6 Mbits/sec  4882  
[ 25]  17.00-18.00  sec  6.51 MBytes  54.6 Mbits/sec  4882  
[ 27]  17.00-18.00  sec  6.51 MBytes  54.6 Mbits/sec  4882  
[ 29]  17.00-18.00  sec  6.51 MBytes  54.6 Mbits/sec  4882  
[ 31]  17.00-18.00  sec  6.51 MBytes  54.6 Mbits/sec  4882  
[ 33]  17.00-18.00  sec  6.51 MBytes  54.6 Mbits/sec  4882  
[ 35]  17.00-18.00  sec  6.51 MBytes  54.6 Mbits/sec  4882  
[ 37]  17.00-18.00  sec  6.51 MBytes  54.6 Mbits/sec  4882  
[ 39]  17.00-18.00  sec  6.51 MBytes  54.6 Mbits/sec  4882  
[ 41]  17.00-18.00  sec  6.51 MBytes  54.6 Mbits/sec  4882  
[ 43]  17.00-18.00  sec  6.51 MBytes  54.6 Mbits/sec  4882  
[SUM]  17.00-18.00  sec   130 MBytes  1092 Mbits/sec  97640  
- - - - - - - - - - - - - - - - - - - - - - - - -
[  5]  18.00-19.00  sec  6.67 MBytes  55.9 Mbits/sec  5000  
[  7]  18.00-19.00  sec  6.67 MBytes  55.9 Mbits/sec  5000  
[  9]  18.00-19.00  sec  6.67 MBytes  55.9 Mbits/sec  5000  
[ 11]  18.00-19.00  sec  6.67 MBytes  55.9 Mbits/sec  5000  
[ 13]  18.00-19.00  sec  6.67 MBytes  55.9 Mbits/sec  5000  
[ 15]  18.00-19.00  sec  6.67 MBytes  55.9 Mbits/sec  5000  
[ 17]  18.00-19.00  sec  6.67 MBytes  55.9 Mbits/sec  5000  
[ 19]  18.00-19.00  sec  6.67 MBytes  55.9 Mbits/sec  5000  
[ 21]  18.00-19.00  sec  6.67 MBytes  55.9 Mbits/sec  5000  
[ 23]  18.00-19.00  sec  6.67 MBytes  55.9 Mbits/sec  5000  
[ 25]  18.00-19.00  sec  6.67 MBytes  55.9 Mbits/sec  5000  
[ 27]  18.00-19.00  sec  6.67 MBytes  55.9 Mbits/sec  5000  
[ 29]  18.00-19.00  sec  6.67 MBytes  55.9 Mbits/sec  5000  
[ 31]  18.00-19.00  sec  6.67 MBytes  55.9 Mbits/sec  5000  
[ 33]  18.00-19.00  sec  6.67 MBytes  55.9 Mbits/sec  5000  
[ 35]  18.00-19.00  sec  6.67 MBytes  55.9 Mbits/sec  5000  
[ 37]  18.00-19.00  sec  6.67 MBytes  55.9 Mbits/sec  5000  
[ 39]  18.00-19.00  sec  6.67 MBytes  55.9 Mbits/sec  5000  
[ 41]  18.00-19.00  sec  6.67 MBytes  55.9 Mbits/sec  5000  
[ 43]  18.00-19.00  sec  6.67 MBytes  55.9 Mbits/sec  5000  
[SUM]  18.00-19.00  sec   133 MBytes  1118 Mbits/sec  100000  
- - - - - - - - - - - - - - - - - - - - - - - - -
[  5]  19.00-20.00  sec  6.58 MBytes  55.2 Mbits/sec  4933  
[  7]  19.00-20.00  sec  6.58 MBytes  55.2 Mbits/sec  4933  
[  9]  19.00-20.00  sec  6.58 MBytes  55.2 Mbits/sec  4933  
[ 11]  19.00-20.00  sec  6.58 MBytes  55.2 Mbits/sec  4933  
[ 13]  19.00-20.00  sec  6.58 MBytes  55.2 Mbits/sec  4933  
[ 15]  19.00-20.00  sec  6.58 MBytes  55.2 Mbits/sec  4933  
[ 17]  19.00-20.00  sec  6.58 MBytes  55.2 Mbits/sec  4933  
[ 19]  19.00-20.00  sec  6.58 MBytes  55.2 Mbits/sec  4933  
[ 21]  19.00-20.00  sec  6.58 MBytes  55.2 Mbits/sec  4933  
[ 23]  19.00-20.00  sec  6.58 MBytes  55.2 Mbits/sec  4933  
[ 25]  19.00-20.00  sec  6.58 MBytes  55.2 Mbits/sec  4933  
[ 27]  19.00-20.00  sec  6.58 MBytes  55.2 Mbits/sec  4933  
[ 29]  19.00-20.00  sec  6.58 MBytes  55.2 Mbits/sec  4933  
[ 31]  19.00-20.00  sec  6.58 MBytes  55.2 Mbits/sec  4933  
[ 33]  19.00-20.00  sec  6.58 MBytes  55.2 Mbits/sec  4933  
[ 35]  19.00-20.00  sec  6.58 MBytes  55.2 Mbits/sec  4933  
[ 37]  19.00-20.00  sec  6.58 MBytes  55.2 Mbits/sec  4933  
[ 39]  19.00-20.00  sec  6.58 MBytes  55.2 Mbits/sec  4933  
[ 41]  19.00-20.00  sec  6.58 MBytes  55.2 Mbits/sec  4933  
[ 43]  19.00-20.00  sec  6.58 MBytes  55.2 Mbits/sec  4933  
[SUM]  19.00-20.00  sec   132 MBytes  1103 Mbits/sec  98660  
- - - - - - - - - - - - - - - - - - - - - - - - -
[  5]  20.00-21.00  sec  5.73 MBytes  48.0 Mbits/sec  4296  
[  7]  20.00-21.00  sec  5.73 MBytes  48.0 Mbits/sec  4296  
[  9]  20.00-21.00  sec  5.73 MBytes  48.0 Mbits/sec  4296  
[ 11]  20.00-21.00  sec  5.73 MBytes  48.0 Mbits/sec  4296  
[ 13]  20.00-21.00  sec  5.73 MBytes  48.0 Mbits/sec  4296  
[ 15]  20.00-21.00  sec  5.73 MBytes  48.0 Mbits/sec  4296  
[ 17]  20.00-21.00  sec  5.73 MBytes  48.0 Mbits/sec  4296  
[ 19]  20.00-21.00  sec  5.73 MBytes  48.0 Mbits/sec  4296  
[ 21]  20.00-21.00  sec  5.73 MBytes  48.0 Mbits/sec  4296  
[ 23]  20.00-21.00  sec  5.73 MBytes  48.0 Mbits/sec  4296  
[ 25]  20.00-21.00  sec  5.73 MBytes  48.0 Mbits/sec  4296  
[ 27]  20.00-21.00  sec  5.73 MBytes  48.0 Mbits/sec  4296  
[ 29]  20.00-21.00  sec  5.73 MBytes  48.0 Mbits/sec  4296  
[ 31]  20.00-21.00  sec  5.73 MBytes  48.0 Mbits/sec  4296  
[ 33]  20.00-21.00  sec  5.73 MBytes  48.0 Mbits/sec  4296  
[ 35]  20.00-21.00  sec  5.73 MBytes  48.0 Mbits/sec  4296  
[ 37]  20.00-21.00  sec  5.73 MBytes  48.0 Mbits/sec  4296  
[ 39]  20.00-21.00  sec  5.73 MBytes  48.0 Mbits/sec  4296  
[ 41]  20.00-21.00  sec  5.73 MBytes  48.0 Mbits/sec  4296  
[ 43]  20.00-21.00  sec  5.73 MBytes  48.0 Mbits/sec  4296  
[SUM]  20.00-21.00  sec   115 MBytes   961 Mbits/sec  85920  
- - - - - - - - - - - - - - - - - - - - - - - - -
[  5]  21.00-22.00  sec  6.46 MBytes  54.2 Mbits/sec  4847  
[  7]  21.00-22.00  sec  6.46 MBytes  54.2 Mbits/sec  4847  
[  9]  21.00-22.00  sec  6.46 MBytes  54.2 Mbits/sec  4847  
[ 11]  21.00-22.00  sec  6.46 MBytes  54.2 Mbits/sec  4847  
[ 13]  21.00-22.00  sec  6.46 MBytes  54.2 Mbits/sec  4847  
[ 15]  21.00-22.00  sec  6.46 MBytes  54.2 Mbits/sec  4847  
[ 17]  21.00-22.00  sec  6.46 MBytes  54.2 Mbits/sec  4847  
[ 19]  21.00-22.00  sec  6.46 MBytes  54.2 Mbits/sec  4847  
[ 21]  21.00-22.00  sec  6.46 MBytes  54.2 Mbits/sec  4847  
[ 23]  21.00-22.00  sec  6.46 MBytes  54.2 Mbits/sec  4847  
[ 25]  21.00-22.00  sec  6.46 MBytes  54.2 Mbits/sec  4847  
[ 27]  21.00-22.00  sec  6.46 MBytes  54.2 Mbits/sec  4847  
[ 29]  21.00-22.00  sec  6.46 MBytes  54.2 Mbits/sec  4847  
[ 31]  21.00-22.00  sec  6.46 MBytes  54.2 Mbits/sec  4847  
[ 33]  21.00-22.00  sec  6.46 MBytes  54.2 Mbits/sec  4847  
[ 35]  21.00-22.00  sec  6.46 MBytes  54.2 Mbits/sec  4847  
[ 37]  21.00-22.00  sec  6.46 MBytes  54.2 Mbits/sec  4847  
[ 39]  21.00-22.00  sec  6.46 MBytes  54.2 Mbits/sec  4847  
[ 41]  21.00-22.00  sec  6.46 MBytes  54.2 Mbits/sec  4847  
[ 43]  21.00-22.00  sec  6.46 MBytes  54.2 Mbits/sec  4847  
[SUM]  21.00-22.00  sec   129 MBytes  1084 Mbits/sec  96940  
- - - - - - - - - - - - - - - - - - - - - - - - -
[  5]  22.00-23.00  sec  6.70 MBytes  56.2 Mbits/sec  5022  
[  7]  22.00-23.00  sec  6.70 MBytes  56.2 Mbits/sec  5022  
[  9]  22.00-23.00  sec  6.70 MBytes  56.2 Mbits/sec  5022  
[ 11]  22.00-23.00  sec  6.70 MBytes  56.2 Mbits/sec  5022  
[ 13]  22.00-23.00  sec  6.70 MBytes  56.2 Mbits/sec  5022  
[ 15]  22.00-23.00  sec  6.70 MBytes  56.2 Mbits/sec  5022  
[ 17]  22.00-23.00  sec  6.70 MBytes  56.2 Mbits/sec  5022  
[ 19]  22.00-23.00  sec  6.70 MBytes  56.2 Mbits/sec  5022  
[ 21]  22.00-23.00  sec  6.70 MBytes  56.2 Mbits/sec  5022  
[ 23]  22.00-23.00  sec  6.70 MBytes  56.2 Mbits/sec  5022  
[ 25]  22.00-23.00  sec  6.70 MBytes  56.2 Mbits/sec  5022  
[ 27]  22.00-23.00  sec  6.70 MBytes  56.2 Mbits/sec  5022  
[ 29]  22.00-23.00  sec  6.70 MBytes  56.2 Mbits/sec  5022  
[ 31]  22.00-23.00  sec  6.70 MBytes  56.2 Mbits/sec  5022  
[ 33]  22.00-23.00  sec  6.70 MBytes  56.2 Mbits/sec  5022  
[ 35]  22.00-23.00  sec  6.70 MBytes  56.2 Mbits/sec  5022  
[ 37]  22.00-23.00  sec  6.70 MBytes  56.2 Mbits/sec  5022  
[ 39]  22.00-23.00  sec  6.70 MBytes  56.2 Mbits/sec  5022  
[ 41]  22.00-23.00  sec  6.70 MBytes  56.2 Mbits/sec  5022  
[ 43]  22.00-23.00  sec  6.70 MBytes  56.2 Mbits/sec  5022  
[SUM]  22.00-23.00  sec   134 MBytes  1123 Mbits/sec  100440  
- - - - - - - - - - - - - - - - - - - - - - - - -
[  5]  23.00-24.00  sec  6.69 MBytes  56.1 Mbits/sec  5015  
[  7]  23.00-24.00  sec  6.69 MBytes  56.1 Mbits/sec  5015  
[  9]  23.00-24.00  sec  6.69 MBytes  56.1 Mbits/sec  5015  
[ 11]  23.00-24.00  sec  6.69 MBytes  56.1 Mbits/sec  5015  
[ 13]  23.00-24.00  sec  6.69 MBytes  56.1 Mbits/sec  5015  
[ 15]  23.00-24.00  sec  6.69 MBytes  56.1 Mbits/sec  5015  
[ 17]  23.00-24.00  sec  6.69 MBytes  56.1 Mbits/sec  5015  
[ 19]  23.00-24.00  sec  6.69 MBytes  56.1 Mbits/sec  5015  
[ 21]  23.00-24.00  sec  6.69 MBytes  56.1 Mbits/sec  5015  
[ 23]  23.00-24.00  sec  6.69 MBytes  56.1 Mbits/sec  5015  
[ 25]  23.00-24.00  sec  6.69 MBytes  56.1 Mbits/sec  5015  
[ 27]  23.00-24.00  sec  6.69 MBytes  56.1 Mbits/sec  5015  
[ 29]  23.00-24.00  sec  6.69 MBytes  56.1 Mbits/sec  5015  
[ 31]  23.00-24.00  sec  6.69 MBytes  56.1 Mbits/sec  5015  
[ 33]  23.00-24.00  sec  6.69 MBytes  56.1 Mbits/sec  5015  
[ 35]  23.00-24.00  sec  6.69 MBytes  56.1 Mbits/sec  5015  
[ 37]  23.00-24.00  sec  6.69 MBytes  56.1 Mbits/sec  5015  
[ 39]  23.00-24.00  sec  6.69 MBytes  56.1 Mbits/sec  5015  
[ 41]  23.00-24.00  sec  6.69 MBytes  56.1 Mbits/sec  5015  
[ 43]  23.00-24.00  sec  6.69 MBytes  56.1 Mbits/sec  5015  
[SUM]  23.00-24.00  sec   134 MBytes  1122 Mbits/sec  100300  
- - - - - - - - - - - - - - - - - - - - - - - - -
[  5]  24.00-25.00  sec  6.64 MBytes  55.7 Mbits/sec  4978  
[  7]  24.00-25.00  sec  6.64 MBytes  55.7 Mbits/sec  4978  
[  9]  24.00-25.00  sec  6.64 MBytes  55.7 Mbits/sec  4978  
[ 11]  24.00-25.00  sec  6.64 MBytes  55.7 Mbits/sec  4978  
[ 13]  24.00-25.00  sec  6.64 MBytes  55.7 Mbits/sec  4978  
[ 15]  24.00-25.00  sec  6.64 MBytes  55.7 Mbits/sec  4978  
[ 17]  24.00-25.00  sec  6.64 MBytes  55.7 Mbits/sec  4978  
[ 19]  24.00-25.00  sec  6.64 MBytes  55.7 Mbits/sec  4978  
[ 21]  24.00-25.00  sec  6.64 MBytes  55.7 Mbits/sec  4978  
[ 23]  24.00-25.00  sec  6.64 MBytes  55.7 Mbits/sec  4978  
[ 25]  24.00-25.00  sec  6.64 MBytes  55.7 Mbits/sec  4978  
[ 27]  24.00-25.00  sec  6.64 MBytes  55.7 Mbits/sec  4978  
[ 29]  24.00-25.00  sec  6.64 MBytes  55.7 Mbits/sec  4978  
[ 31]  24.00-25.00  sec  6.64 MBytes  55.7 Mbits/sec  4978  
[ 33]  24.00-25.00  sec  6.64 MBytes  55.7 Mbits/sec  4978  
[ 35]  24.00-25.00  sec  6.64 MBytes  55.7 Mbits/sec  4978  
[ 37]  24.00-25.00  sec  6.64 MBytes  55.7 Mbits/sec  4978  
[ 39]  24.00-25.00  sec  6.64 MBytes  55.7 Mbits/sec  4978  
[ 41]  24.00-25.00  sec  6.64 MBytes  55.7 Mbits/sec  4978  
[ 43]  24.00-25.00  sec  6.64 MBytes  55.7 Mbits/sec  4978  
[SUM]  24.00-25.00  sec   133 MBytes  1113 Mbits/sec  99560  
- - - - - - - - - - - - - - - - - - - - - - - - -
[  5]  25.00-26.00  sec  6.72 MBytes  56.4 Mbits/sec  5038  
[  7]  25.00-26.00  sec  6.72 MBytes  56.4 Mbits/sec  5038  
[  9]  25.00-26.00  sec  6.72 MBytes  56.4 Mbits/sec  5038  
[ 11]  25.00-26.00  sec  6.72 MBytes  56.4 Mbits/sec  5038  
[ 13]  25.00-26.00  sec  6.72 MBytes  56.4 Mbits/sec  5038  
[ 15]  25.00-26.00  sec  6.72 MBytes  56.4 Mbits/sec  5038  
[ 17]  25.00-26.00  sec  6.72 MBytes  56.4 Mbits/sec  5038  
[ 19]  25.00-26.00  sec  6.72 MBytes  56.4 Mbits/sec  5038  
[ 21]  25.00-26.00  sec  6.72 MBytes  56.4 Mbits/sec  5038  
[ 23]  25.00-26.00  sec  6.72 MBytes  56.4 Mbits/sec  5038  
[ 25]  25.00-26.00  sec  6.72 MBytes  56.4 Mbits/sec  5038  
[ 27]  25.00-26.00  sec  6.72 MBytes  56.4 Mbits/sec  5038  
[ 29]  25.00-26.00  sec  6.72 MBytes  56.4 Mbits/sec  5038  
[ 31]  25.00-26.00  sec  6.72 MBytes  56.4 Mbits/sec  5038  
[ 33]  25.00-26.00  sec  6.72 MBytes  56.4 Mbits/sec  5038  
[ 35]  25.00-26.00  sec  6.72 MBytes  56.4 Mbits/sec  5038  
[ 37]  25.00-26.00  sec  6.72 MBytes  56.4 Mbits/sec  5038  
[ 39]  25.00-26.00  sec  6.72 MBytes  56.4 Mbits/sec  5038  
[ 41]  25.00-26.00  sec  6.72 MBytes  56.4 Mbits/sec  5038  
[ 43]  25.00-26.00  sec  6.72 MBytes  56.4 Mbits/sec  5038  
[SUM]  25.00-26.00  sec   134 MBytes  1127 Mbits/sec  100760  
- - - - - - - - - - - - - - - - - - - - - - - - -
[  5]  26.00-27.00  sec  5.84 MBytes  49.0 Mbits/sec  4377  
[  7]  26.00-27.00  sec  5.84 MBytes  49.0 Mbits/sec  4377  
[  9]  26.00-27.00  sec  5.84 MBytes  49.0 Mbits/sec  4377  
[ 11]  26.00-27.00  sec  5.84 MBytes  49.0 Mbits/sec  4377  
[ 13]  26.00-27.00  sec  5.84 MBytes  49.0 Mbits/sec  4377  
[ 15]  26.00-27.00  sec  5.84 MBytes  49.0 Mbits/sec  4377  
[ 17]  26.00-27.00  sec  5.84 MBytes  49.0 Mbits/sec  4379  
[ 19]  26.00-27.00  sec  5.84 MBytes  49.0 Mbits/sec  4378  
[ 21]  26.00-27.00  sec  5.84 MBytes  49.0 Mbits/sec  4378  
[ 23]  26.00-27.00  sec  5.84 MBytes  49.0 Mbits/sec  4378  
[ 25]  26.00-27.00  sec  5.84 MBytes  49.0 Mbits/sec  4378  
[ 27]  26.00-27.00  sec  5.84 MBytes  49.0 Mbits/sec  4377  
[ 29]  26.00-27.00  sec  5.84 MBytes  49.0 Mbits/sec  4377  
[ 31]  26.00-27.00  sec  5.84 MBytes  49.0 Mbits/sec  4377  
[ 33]  26.00-27.00  sec  5.84 MBytes  49.0 Mbits/sec  4377  
[ 35]  26.00-27.00  sec  5.84 MBytes  49.0 Mbits/sec  4377  
[ 37]  26.00-27.00  sec  5.84 MBytes  49.0 Mbits/sec  4377  
[ 39]  26.00-27.00  sec  5.84 MBytes  49.0 Mbits/sec  4377  
[ 41]  26.00-27.00  sec  5.84 MBytes  49.0 Mbits/sec  4377  
[ 43]  26.00-27.00  sec  5.84 MBytes  49.0 Mbits/sec  4377  
[SUM]  26.00-27.00  sec   117 MBytes   979 Mbits/sec  87546  
- - - - - - - - - - - - - - - - - - - - - - - - -
[  5]  27.00-28.00  sec  6.49 MBytes  54.4 Mbits/sec  4869  
[  7]  27.00-28.00  sec  6.49 MBytes  54.4 Mbits/sec  4869  
[  9]  27.00-28.00  sec  6.49 MBytes  54.4 Mbits/sec  4869  
[ 11]  27.00-28.00  sec  6.49 MBytes  54.4 Mbits/sec  4869  
[ 13]  27.00-28.00  sec  6.49 MBytes  54.4 Mbits/sec  4869  
[ 15]  27.00-28.00  sec  6.49 MBytes  54.4 Mbits/sec  4869  
[ 17]  27.00-28.00  sec  6.49 MBytes  54.4 Mbits/sec  4869  
[ 19]  27.00-28.00  sec  6.49 MBytes  54.4 Mbits/sec  4869  
[ 21]  27.00-28.00  sec  6.49 MBytes  54.4 Mbits/sec  4869  
[ 23]  27.00-28.00  sec  6.49 MBytes  54.4 Mbits/sec  4869  
[ 25]  27.00-28.00  sec  6.49 MBytes  54.4 Mbits/sec  4869  
[ 27]  27.00-28.00  sec  6.49 MBytes  54.4 Mbits/sec  4869  
[ 29]  27.00-28.00  sec  6.49 MBytes  54.4 Mbits/sec  4869  
[ 31]  27.00-28.00  sec  6.49 MBytes  54.4 Mbits/sec  4869  
[ 33]  27.00-28.00  sec  6.49 MBytes  54.4 Mbits/sec  4869  
[ 35]  27.00-28.00  sec  6.49 MBytes  54.4 Mbits/sec  4869  
[ 37]  27.00-28.00  sec  6.49 MBytes  54.4 Mbits/sec  4869  
[ 39]  27.00-28.00  sec  6.49 MBytes  54.4 Mbits/sec  4869  
[ 41]  27.00-28.00  sec  6.49 MBytes  54.4 Mbits/sec  4869  
[ 43]  27.00-28.00  sec  6.49 MBytes  54.4 Mbits/sec  4869  
[SUM]  27.00-28.00  sec   130 MBytes  1089 Mbits/sec  97380  
- - - - - - - - - - - - - - - - - - - - - - - - -
[  5]  28.00-29.00  sec  6.67 MBytes  56.0 Mbits/sec  5005  
[  7]  28.00-29.00  sec  6.67 MBytes  56.0 Mbits/sec  5005  
[  9]  28.00-29.00  sec  6.67 MBytes  56.0 Mbits/sec  5005  
[ 11]  28.00-29.00  sec  6.67 MBytes  56.0 Mbits/sec  5005  
[ 13]  28.00-29.00  sec  6.67 MBytes  56.0 Mbits/sec  5005  
[ 15]  28.00-29.00  sec  6.67 MBytes  56.0 Mbits/sec  5005  
[ 17]  28.00-29.00  sec  6.67 MBytes  56.0 Mbits/sec  5005  
[ 19]  28.00-29.00  sec  6.67 MBytes  56.0 Mbits/sec  5005  
[ 21]  28.00-29.00  sec  6.67 MBytes  56.0 Mbits/sec  5005  
[ 23]  28.00-29.00  sec  6.67 MBytes  56.0 Mbits/sec  5005  
[ 25]  28.00-29.00  sec  6.67 MBytes  56.0 Mbits/sec  5005  
[ 27]  28.00-29.00  sec  6.67 MBytes  56.0 Mbits/sec  5005  
[ 29]  28.00-29.00  sec  6.67 MBytes  56.0 Mbits/sec  5005  
[ 31]  28.00-29.00  sec  6.67 MBytes  56.0 Mbits/sec  5005  
[ 33]  28.00-29.00  sec  6.67 MBytes  56.0 Mbits/sec  5005  
[ 35]  28.00-29.00  sec  6.67 MBytes  56.0 Mbits/sec  5005  
[ 37]  28.00-29.00  sec  6.67 MBytes  56.0 Mbits/sec  5005  
[ 39]  28.00-29.00  sec  6.67 MBytes  56.0 Mbits/sec  5005  
[ 41]  28.00-29.00  sec  6.67 MBytes  56.0 Mbits/sec  5005  
[ 43]  28.00-29.00  sec  6.67 MBytes  56.0 Mbits/sec  5005  
[SUM]  28.00-29.00  sec   133 MBytes  1120 Mbits/sec  100100  
- - - - - - - - - - - - - - - - - - - - - - - - -
[  5]  29.00-30.00  sec  6.41 MBytes  53.8 Mbits/sec  4806  
[  7]  29.00-30.00  sec  6.41 MBytes  53.8 Mbits/sec  4806  
[  9]  29.00-30.00  sec  6.41 MBytes  53.8 Mbits/sec  4806  
[ 11]  29.00-30.00  sec  6.41 MBytes  53.8 Mbits/sec  4806  
[ 13]  29.00-30.00  sec  6.41 MBytes  53.8 Mbits/sec  4806  
[ 15]  29.00-30.00  sec  6.41 MBytes  53.8 Mbits/sec  4806  
[ 17]  29.00-30.00  sec  6.41 MBytes  53.8 Mbits/sec  4806  
[ 19]  29.00-30.00  sec  6.41 MBytes  53.8 Mbits/sec  4806  
[ 21]  29.00-30.00  sec  6.41 MBytes  53.8 Mbits/sec  4806  
[ 23]  29.00-30.00  sec  6.41 MBytes  53.8 Mbits/sec  4806  
[ 25]  29.00-30.00  sec  6.41 MBytes  53.8 Mbits/sec  4806  
[ 27]  29.00-30.00  sec  6.41 MBytes  53.8 Mbits/sec  4806  
[ 29]  29.00-30.00  sec  6.41 MBytes  53.8 Mbits/sec  4806  
[ 31]  29.00-30.00  sec  6.41 MBytes  53.8 Mbits/sec  4806  
[ 33]  29.00-30.00  sec  6.41 MBytes  53.7 Mbits/sec  4806  
[ 35]  29.00-30.00  sec  6.41 MBytes  53.7 Mbits/sec  4806  
[ 37]  29.00-30.00  sec  6.41 MBytes  53.7 Mbits/sec  4806  
[ 39]  29.00-30.00  sec  6.41 MBytes  53.8 Mbits/sec  4806  
[ 41]  29.00-30.00  sec  6.41 MBytes  53.8 Mbits/sec  4806  
[ 43]  29.00-30.00  sec  6.41 MBytes  53.8 Mbits/sec  4806  
[SUM]  29.00-30.00  sec   128 MBytes  1075 Mbits/sec  96120  
- - - - - - - - - - - - - - - - - - - - - - - - -
[  5]  30.00-31.00  sec  6.58 MBytes  55.2 Mbits/sec  4939  
[  7]  30.00-31.00  sec  6.58 MBytes  55.2 Mbits/sec  4939  
[  9]  30.00-31.00  sec  6.58 MBytes  55.2 Mbits/sec  4939  
[ 11]  30.00-31.00  sec  6.58 MBytes  55.2 Mbits/sec  4939  
[ 13]  30.00-31.00  sec  6.58 MBytes  55.2 Mbits/sec  4939  
[ 15]  30.00-31.00  sec  6.58 MBytes  55.2 Mbits/sec  4939  
[ 17]  30.00-31.00  sec  6.58 MBytes  55.2 Mbits/sec  4939  
[ 19]  30.00-31.00  sec  6.58 MBytes  55.2 Mbits/sec  4939  
[ 21]  30.00-31.00  sec  6.58 MBytes  55.2 Mbits/sec  4939  
[ 23]  30.00-31.00  sec  6.58 MBytes  55.2 Mbits/sec  4939  
[ 25]  30.00-31.00  sec  6.58 MBytes  55.2 Mbits/sec  4939  
[ 27]  30.00-31.00  sec  6.58 MBytes  55.2 Mbits/sec  4939  
[ 29]  30.00-31.00  sec  6.58 MBytes  55.2 Mbits/sec  4939  
[ 31]  30.00-31.00  sec  6.58 MBytes  55.2 Mbits/sec  4939  
[ 33]  30.00-31.00  sec  6.58 MBytes  55.2 Mbits/sec  4939  
[ 35]  30.00-31.00  sec  6.58 MBytes  55.2 Mbits/sec  4939  
[ 37]  30.00-31.00  sec  6.58 MBytes  55.2 Mbits/sec  4939  
[ 39]  30.00-31.00  sec  6.58 MBytes  55.2 Mbits/sec  4939  
[ 41]  30.00-31.00  sec  6.58 MBytes  55.2 Mbits/sec  4939  
[ 43]  30.00-31.00  sec  6.58 MBytes  55.2 Mbits/sec  4939  
[SUM]  30.00-31.00  sec   132 MBytes  1105 Mbits/sec  98780  
- - - - - - - - - - - - - - - - - - - - - - - - -
[  5]  31.00-32.00  sec  6.63 MBytes  55.6 Mbits/sec  4970  
[  7]  31.00-32.00  sec  6.63 MBytes  55.6 Mbits/sec  4970  
[  9]  31.00-32.00  sec  6.63 MBytes  55.6 Mbits/sec  4970  
[ 11]  31.00-32.00  sec  6.63 MBytes  55.6 Mbits/sec  4970  
[ 13]  31.00-32.00  sec  6.63 MBytes  55.6 Mbits/sec  4970  
[ 15]  31.00-32.00  sec  6.63 MBytes  55.6 Mbits/sec  4970  
[ 17]  31.00-32.00  sec  6.63 MBytes  55.6 Mbits/sec  4970  
[ 19]  31.00-32.00  sec  6.63 MBytes  55.6 Mbits/sec  4970  
[ 21]  31.00-32.00  sec  6.63 MBytes  55.6 Mbits/sec  4970  
[ 23]  31.00-32.00  sec  6.63 MBytes  55.6 Mbits/sec  4970  
[ 25]  31.00-32.00  sec  6.63 MBytes  55.6 Mbits/sec  4970  
[ 27]  31.00-32.00  sec  6.63 MBytes  55.6 Mbits/sec  4970  
[ 29]  31.00-32.00  sec  6.63 MBytes  55.6 Mbits/sec  4970  
[ 31]  31.00-32.00  sec  6.63 MBytes  55.6 Mbits/sec  4970  
[ 33]  31.00-32.00  sec  6.63 MBytes  55.6 Mbits/sec  4970  
[ 35]  31.00-32.00  sec  6.63 MBytes  55.6 Mbits/sec  4970  
[ 37]  31.00-32.00  sec  6.63 MBytes  55.6 Mbits/sec  4970  
[ 39]  31.00-32.00  sec  6.63 MBytes  55.6 Mbits/sec  4970  
[ 41]  31.00-32.00  sec  6.63 MBytes  55.6 Mbits/sec  4970  
[ 43]  31.00-32.00  sec  6.63 MBytes  55.6 Mbits/sec  4970  
[SUM]  31.00-32.00  sec   133 MBytes  1112 Mbits/sec  99400  
- - - - - - - - - - - - - - - - - - - - - - - - -
[  5]  32.00-33.00  sec  6.72 MBytes  56.4 Mbits/sec  5038  
[  7]  32.00-33.00  sec  6.72 MBytes  56.4 Mbits/sec  5038  
[  9]  32.00-33.00  sec  6.72 MBytes  56.4 Mbits/sec  5038  
[ 11]  32.00-33.00  sec  6.72 MBytes  56.4 Mbits/sec  5038  
[ 13]  32.00-33.00  sec  6.72 MBytes  56.4 Mbits/sec  5038  
[ 15]  32.00-33.00  sec  6.72 MBytes  56.3 Mbits/sec  5038  
[ 17]  32.00-33.00  sec  6.72 MBytes  56.3 Mbits/sec  5038  
[ 19]  32.00-33.00  sec  6.72 MBytes  56.3 Mbits/sec  5038  
[ 21]  32.00-33.00  sec  6.72 MBytes  56.4 Mbits/sec  5038  
[ 23]  32.00-33.00  sec  6.72 MBytes  56.4 Mbits/sec  5038  
[ 25]  32.00-33.00  sec  6.72 MBytes  56.4 Mbits/sec  5038  
[ 27]  32.00-33.00  sec  6.72 MBytes  56.4 Mbits/sec  5038  
[ 29]  32.00-33.00  sec  6.72 MBytes  56.4 Mbits/sec  5038  
[ 31]  32.00-33.00  sec  6.72 MBytes  56.4 Mbits/sec  5038  
[ 33]  32.00-33.00  sec  6.72 MBytes  56.4 Mbits/sec  5038  
[ 35]  32.00-33.00  sec  6.72 MBytes  56.4 Mbits/sec  5038  
[ 37]  32.00-33.00  sec  6.72 MBytes  56.4 Mbits/sec  5038  
[ 39]  32.00-33.00  sec  6.72 MBytes  56.4 Mbits/sec  5038  
[ 41]  32.00-33.00  sec  6.72 MBytes  56.4 Mbits/sec  5038  
[ 43]  32.00-33.00  sec  6.72 MBytes  56.4 Mbits/sec  5038  
[SUM]  32.00-33.00  sec   134 MBytes  1127 Mbits/sec  100760  
- - - - - - - - - - - - - - - - - - - - - - - - -
[  5]  33.00-34.00  sec  6.53 MBytes  54.8 Mbits/sec  4897  
[  7]  33.00-34.00  sec  6.53 MBytes  54.8 Mbits/sec  4897  
[  9]  33.00-34.00  sec  6.53 MBytes  54.8 Mbits/sec  4897  
[ 11]  33.00-34.00  sec  6.53 MBytes  54.8 Mbits/sec  4897  
[ 13]  33.00-34.00  sec  6.53 MBytes  54.8 Mbits/sec  4897  
[ 15]  33.00-34.00  sec  6.53 MBytes  54.8 Mbits/sec  4897  
[ 17]  33.00-34.00  sec  6.53 MBytes  54.8 Mbits/sec  4897  
[ 19]  33.00-34.00  sec  6.53 MBytes  54.8 Mbits/sec  4897  
[ 21]  33.00-34.00  sec  6.53 MBytes  54.8 Mbits/sec  4897  
[ 23]  33.00-34.00  sec  6.53 MBytes  54.8 Mbits/sec  4897  
[ 25]  33.00-34.00  sec  6.53 MBytes  54.8 Mbits/sec  4897  
[ 27]  33.00-34.00  sec  6.53 MBytes  54.8 Mbits/sec  4897  
[ 29]  33.00-34.00  sec  6.53 MBytes  54.8 Mbits/sec  4897  
[ 31]  33.00-34.00  sec  6.53 MBytes  54.8 Mbits/sec  4897  
[ 33]  33.00-34.00  sec  6.53 MBytes  54.8 Mbits/sec  4897  
[ 35]  33.00-34.00  sec  6.53 MBytes  54.8 Mbits/sec  4897  
[ 37]  33.00-34.00  sec  6.53 MBytes  54.8 Mbits/sec  4897  
[ 39]  33.00-34.00  sec  6.53 MBytes  54.8 Mbits/sec  4897  
[ 41]  33.00-34.00  sec  6.53 MBytes  54.8 Mbits/sec  4897  
[ 43]  33.00-34.00  sec  6.53 MBytes  54.8 Mbits/sec  4897  
[SUM]  33.00-34.00  sec   131 MBytes  1095 Mbits/sec  97940  
- - - - - - - - - - - - - - - - - - - - - - - - -
[  5]  34.00-35.00  sec  6.42 MBytes  53.9 Mbits/sec  4818  
[  7]  34.00-35.00  sec  6.42 MBytes  53.9 Mbits/sec  4818  
[  9]  34.00-35.00  sec  6.42 MBytes  53.9 Mbits/sec  4818  
[ 11]  34.00-35.00  sec  6.42 MBytes  53.9 Mbits/sec  4818  
[ 13]  34.00-35.00  sec  6.42 MBytes  53.9 Mbits/sec  4818  
[ 15]  34.00-35.00  sec  6.42 MBytes  53.9 Mbits/sec  4818  
[ 17]  34.00-35.00  sec  6.42 MBytes  53.9 Mbits/sec  4818  
[ 19]  34.00-35.00  sec  6.42 MBytes  53.9 Mbits/sec  4818  
[ 21]  34.00-35.00  sec  6.42 MBytes  53.9 Mbits/sec  4818  
[ 23]  34.00-35.00  sec  6.42 MBytes  53.9 Mbits/sec  4818  
[ 25]  34.00-35.00  sec  6.42 MBytes  53.9 Mbits/sec  4818  
[ 27]  34.00-35.00  sec  6.42 MBytes  53.9 Mbits/sec  4818  
[ 29]  34.00-35.00  sec  6.42 MBytes  53.9 Mbits/sec  4818  
[ 31]  34.00-35.00  sec  6.42 MBytes  53.9 Mbits/sec  4818  
[ 33]  34.00-35.00  sec  6.42 MBytes  53.9 Mbits/sec  4818  
[ 35]  34.00-35.00  sec  6.42 MBytes  53.9 Mbits/sec  4818  
[ 37]  34.00-35.00  sec  6.42 MBytes  53.9 Mbits/sec  4818  
[ 39]  34.00-35.00  sec  6.42 MBytes  53.9 Mbits/sec  4818  
[ 41]  34.00-35.00  sec  6.42 MBytes  53.9 Mbits/sec  4818  
[ 43]  34.00-35.00  sec  6.42 MBytes  53.9 Mbits/sec  4818  
[SUM]  34.00-35.00  sec   128 MBytes  1078 Mbits/sec  96360  
- - - - - - - - - - - - - - - - - - - - - - - - -
[  5]  35.00-36.00  sec  6.21 MBytes  52.1 Mbits/sec  4659  
[  7]  35.00-36.00  sec  6.21 MBytes  52.1 Mbits/sec  4659  
[  9]  35.00-36.00  sec  6.21 MBytes  52.1 Mbits/sec  4659  
[ 11]  35.00-36.00  sec  6.21 MBytes  52.1 Mbits/sec  4659  
[ 13]  35.00-36.00  sec  6.21 MBytes  52.1 Mbits/sec  4659  
[ 15]  35.00-36.00  sec  6.21 MBytes  52.1 Mbits/sec  4659  
[ 17]  35.00-36.00  sec  6.21 MBytes  52.1 Mbits/sec  4659  
[ 19]  35.00-36.00  sec  6.21 MBytes  52.1 Mbits/sec  4659  
[ 21]  35.00-36.00  sec  6.21 MBytes  52.1 Mbits/sec  4659  
[ 23]  35.00-36.00  sec  6.21 MBytes  52.1 Mbits/sec  4659  
[ 25]  35.00-36.00  sec  6.21 MBytes  52.1 Mbits/sec  4659  
[ 27]  35.00-36.00  sec  6.21 MBytes  52.1 Mbits/sec  4659  
[ 29]  35.00-36.00  sec  6.21 MBytes  52.1 Mbits/sec  4659  
[ 31]  35.00-36.00  sec  6.21 MBytes  52.1 Mbits/sec  4659  
[ 33]  35.00-36.00  sec  6.21 MBytes  52.1 Mbits/sec  4659  
[ 35]  35.00-36.00  sec  6.21 MBytes  52.1 Mbits/sec  4659  
[ 37]  35.00-36.00  sec  6.21 MBytes  52.1 Mbits/sec  4659  
[ 39]  35.00-36.00  sec  6.21 MBytes  52.1 Mbits/sec  4659  
[ 41]  35.00-36.00  sec  6.21 MBytes  52.1 Mbits/sec  4659  
[ 43]  35.00-36.00  sec  6.21 MBytes  52.1 Mbits/sec  4659  
[SUM]  35.00-36.00  sec   124 MBytes  1042 Mbits/sec  93180  
- - - - - - - - - - - - - - - - - - - - - - - - -
[  5]  36.00-37.00  sec  6.42 MBytes  53.9 Mbits/sec  4816  
[  7]  36.00-37.00  sec  6.42 MBytes  53.9 Mbits/sec  4816  
[  9]  36.00-37.00  sec  6.42 MBytes  53.9 Mbits/sec  4816  
[ 11]  36.00-37.00  sec  6.42 MBytes  53.9 Mbits/sec  4816  
[ 13]  36.00-37.00  sec  6.42 MBytes  53.9 Mbits/sec  4816  
[ 15]  36.00-37.00  sec  6.42 MBytes  53.9 Mbits/sec  4816  
[ 17]  36.00-37.00  sec  6.42 MBytes  53.9 Mbits/sec  4816  
[ 19]  36.00-37.00  sec  6.42 MBytes  53.9 Mbits/sec  4816  
[ 21]  36.00-37.00  sec  6.42 MBytes  53.9 Mbits/sec  4816  
[ 23]  36.00-37.00  sec  6.42 MBytes  53.9 Mbits/sec  4816  
[ 25]  36.00-37.00  sec  6.42 MBytes  53.9 Mbits/sec  4816  
[ 27]  36.00-37.00  sec  6.42 MBytes  53.9 Mbits/sec  4816  
[ 29]  36.00-37.00  sec  6.42 MBytes  53.9 Mbits/sec  4816  
[ 31]  36.00-37.00  sec  6.42 MBytes  53.9 Mbits/sec  4816  
[ 33]  36.00-37.00  sec  6.42 MBytes  53.9 Mbits/sec  4816  
[ 35]  36.00-37.00  sec  6.42 MBytes  53.9 Mbits/sec  4816  
[ 37]  36.00-37.00  sec  6.42 MBytes  53.9 Mbits/sec  4816  
[ 39]  36.00-37.00  sec  6.42 MBytes  53.9 Mbits/sec  4816  
[ 41]  36.00-37.00  sec  6.42 MBytes  53.9 Mbits/sec  4816  
[ 43]  36.00-37.00  sec  6.42 MBytes  53.9 Mbits/sec  4816  
[SUM]  36.00-37.00  sec   128 MBytes  1077 Mbits/sec  96320  
- - - - - - - - - - - - - - - - - - - - - - - - -
[  5]  37.00-38.00  sec  6.61 MBytes  55.5 Mbits/sec  4960  
[  7]  37.00-38.00  sec  6.61 MBytes  55.5 Mbits/sec  4960  
[  9]  37.00-38.00  sec  6.61 MBytes  55.5 Mbits/sec  4960  
[ 11]  37.00-38.00  sec  6.61 MBytes  55.5 Mbits/sec  4960  
[ 13]  37.00-38.00  sec  6.61 MBytes  55.5 Mbits/sec  4960  
[ 15]  37.00-38.00  sec  6.61 MBytes  55.5 Mbits/sec  4960  
[ 17]  37.00-38.00  sec  6.61 MBytes  55.5 Mbits/sec  4960  
[ 19]  37.00-38.00  sec  6.61 MBytes  55.5 Mbits/sec  4960  
[ 21]  37.00-38.00  sec  6.61 MBytes  55.5 Mbits/sec  4960  
[ 23]  37.00-38.00  sec  6.61 MBytes  55.5 Mbits/sec  4960  
[ 25]  37.00-38.00  sec  6.61 MBytes  55.5 Mbits/sec  4960  
[ 27]  37.00-38.00  sec  6.61 MBytes  55.5 Mbits/sec  4960  
[ 29]  37.00-38.00  sec  6.61 MBytes  55.5 Mbits/sec  4960  
[ 31]  37.00-38.00  sec  6.61 MBytes  55.5 Mbits/sec  4960  
[ 33]  37.00-38.00  sec  6.61 MBytes  55.5 Mbits/sec  4960  
[ 35]  37.00-38.00  sec  6.61 MBytes  55.5 Mbits/sec  4960  
[ 37]  37.00-38.00  sec  6.61 MBytes  55.5 Mbits/sec  4960  
[ 39]  37.00-38.00  sec  6.61 MBytes  55.5 Mbits/sec  4960  
[ 41]  37.00-38.00  sec  6.61 MBytes  55.5 Mbits/sec  4960  
[ 43]  37.00-38.00  sec  6.61 MBytes  55.5 Mbits/sec  4960  
[SUM]  37.00-38.00  sec   132 MBytes  1109 Mbits/sec  99200  
- - - - - - - - - - - - - - - - - - - - - - - - -
[  5]  38.00-39.00  sec  6.64 MBytes  55.7 Mbits/sec  4983  
[  7]  38.00-39.00  sec  6.64 MBytes  55.7 Mbits/sec  4983  
[  9]  38.00-39.00  sec  6.64 MBytes  55.7 Mbits/sec  4983  
[ 11]  38.00-39.00  sec  6.64 MBytes  55.7 Mbits/sec  4983  
[ 13]  38.00-39.00  sec  6.64 MBytes  55.7 Mbits/sec  4983  
[ 15]  38.00-39.00  sec  6.64 MBytes  55.7 Mbits/sec  4983  
[ 17]  38.00-39.00  sec  6.64 MBytes  55.7 Mbits/sec  4983  
[ 19]  38.00-39.00  sec  6.64 MBytes  55.7 Mbits/sec  4983  
[ 21]  38.00-39.00  sec  6.64 MBytes  55.7 Mbits/sec  4983  
[ 23]  38.00-39.00  sec  6.64 MBytes  55.7 Mbits/sec  4983  
[ 25]  38.00-39.00  sec  6.64 MBytes  55.7 Mbits/sec  4983  
[ 27]  38.00-39.00  sec  6.64 MBytes  55.7 Mbits/sec  4983  
[ 29]  38.00-39.00  sec  6.64 MBytes  55.7 Mbits/sec  4983  
[ 31]  38.00-39.00  sec  6.64 MBytes  55.7 Mbits/sec  4983  
[ 33]  38.00-39.00  sec  6.64 MBytes  55.7 Mbits/sec  4983  
[ 35]  38.00-39.00  sec  6.64 MBytes  55.7 Mbits/sec  4983  
[ 37]  38.00-39.00  sec  6.64 MBytes  55.7 Mbits/sec  4983  
[ 39]  38.00-39.00  sec  6.64 MBytes  55.7 Mbits/sec  4983  
[ 41]  38.00-39.00  sec  6.64 MBytes  55.7 Mbits/sec  4983  
[ 43]  38.00-39.00  sec  6.64 MBytes  55.7 Mbits/sec  4983  
[SUM]  38.00-39.00  sec   133 MBytes  1115 Mbits/sec  99660  
- - - - - - - - - - - - - - - - - - - - - - - - -
[  5]  39.00-40.00  sec  6.45 MBytes  54.1 Mbits/sec  4841  
[  7]  39.00-40.00  sec  6.45 MBytes  54.1 Mbits/sec  4841  
[  9]  39.00-40.00  sec  6.45 MBytes  54.1 Mbits/sec  4841  
[ 11]  39.00-40.00  sec  6.45 MBytes  54.1 Mbits/sec  4841  
[ 13]  39.00-40.00  sec  6.45 MBytes  54.1 Mbits/sec  4841  
[ 15]  39.00-40.00  sec  6.45 MBytes  54.1 Mbits/sec  4841  
[ 17]  39.00-40.00  sec  6.45 MBytes  54.1 Mbits/sec  4841  
[ 19]  39.00-40.00  sec  6.45 MBytes  54.1 Mbits/sec  4841  
[ 21]  39.00-40.00  sec  6.45 MBytes  54.1 Mbits/sec  4841  
[ 23]  39.00-40.00  sec  6.45 MBytes  54.1 Mbits/sec  4841  
[ 25]  39.00-40.00  sec  6.45 MBytes  54.1 Mbits/sec  4841  
[ 27]  39.00-40.00  sec  6.45 MBytes  54.1 Mbits/sec  4841  
[ 29]  39.00-40.00  sec  6.45 MBytes  54.1 Mbits/sec  4841  
[ 31]  39.00-40.00  sec  6.45 MBytes  54.1 Mbits/sec  4841  
[ 33]  39.00-40.00  sec  6.45 MBytes  54.1 Mbits/sec  4841  
[ 35]  39.00-40.00  sec  6.45 MBytes  54.1 Mbits/sec  4841  
[ 37]  39.00-40.00  sec  6.45 MBytes  54.1 Mbits/sec  4841  
[ 39]  39.00-40.00  sec  6.45 MBytes  54.1 Mbits/sec  4841  
[ 41]  39.00-40.00  sec  6.45 MBytes  54.1 Mbits/sec  4841  
[ 43]  39.00-40.00  sec  6.45 MBytes  54.1 Mbits/sec  4841  
[SUM]  39.00-40.00  sec   129 MBytes  1083 Mbits/sec  96820  
- - - - - - - - - - - - - - - - - - - - - - - - -
[  5]  40.00-41.00  sec  6.58 MBytes  55.2 Mbits/sec  4934  
[  7]  40.00-41.00  sec  6.58 MBytes  55.2 Mbits/sec  4934  
[  9]  40.00-41.00  sec  6.58 MBytes  55.2 Mbits/sec  4934  
[ 11]  40.00-41.00  sec  6.58 MBytes  55.2 Mbits/sec  4934  
[ 13]  40.00-41.00  sec  6.58 MBytes  55.2 Mbits/sec  4934  
[ 15]  40.00-41.00  sec  6.58 MBytes  55.2 Mbits/sec  4934  
[ 17]  40.00-41.00  sec  6.58 MBytes  55.2 Mbits/sec  4934  
[ 19]  40.00-41.00  sec  6.58 MBytes  55.2 Mbits/sec  4934  
[ 21]  40.00-41.00  sec  6.58 MBytes  55.2 Mbits/sec  4934  
[ 23]  40.00-41.00  sec  6.58 MBytes  55.2 Mbits/sec  4934  
[ 25]  40.00-41.00  sec  6.58 MBytes  55.2 Mbits/sec  4934  
[ 27]  40.00-41.00  sec  6.58 MBytes  55.2 Mbits/sec  4933  
[ 29]  40.00-41.00  sec  6.58 MBytes  55.2 Mbits/sec  4933  
[ 31]  40.00-41.00  sec  6.58 MBytes  55.2 Mbits/sec  4933  
[ 33]  40.00-41.00  sec  6.58 MBytes  55.2 Mbits/sec  4933  
[ 35]  40.00-41.00  sec  6.58 MBytes  55.2 Mbits/sec  4933  
[ 37]  40.00-41.00  sec  6.58 MBytes  55.2 Mbits/sec  4933  
[ 39]  40.00-41.00  sec  6.58 MBytes  55.2 Mbits/sec  4933  
[ 41]  40.00-41.00  sec  6.58 MBytes  55.2 Mbits/sec  4933  
[ 43]  40.00-41.00  sec  6.58 MBytes  55.2 Mbits/sec  4933  
[SUM]  40.00-41.00  sec   132 MBytes  1103 Mbits/sec  98671  
- - - - - - - - - - - - - - - - - - - - - - - - -
[  5]  41.00-42.00  sec  6.48 MBytes  54.3 Mbits/sec  4857  
[  7]  41.00-42.00  sec  6.48 MBytes  54.3 Mbits/sec  4857  
[  9]  41.00-42.00  sec  6.48 MBytes  54.3 Mbits/sec  4857  
[ 11]  41.00-42.00  sec  6.48 MBytes  54.3 Mbits/sec  4857  
[ 13]  41.00-42.00  sec  6.48 MBytes  54.3 Mbits/sec  4857  
[ 15]  41.00-42.00  sec  6.48 MBytes  54.3 Mbits/sec  4857  
[ 17]  41.00-42.00  sec  6.48 MBytes  54.3 Mbits/sec  4857  
[ 19]  41.00-42.00  sec  6.48 MBytes  54.3 Mbits/sec  4857  
[ 21]  41.00-42.00  sec  6.48 MBytes  54.3 Mbits/sec  4857  
[ 23]  41.00-42.00  sec  6.48 MBytes  54.3 Mbits/sec  4857  
[ 25]  41.00-42.00  sec  6.48 MBytes  54.3 Mbits/sec  4857  
[ 27]  41.00-42.00  sec  6.48 MBytes  54.3 Mbits/sec  4857  
[ 29]  41.00-42.00  sec  6.48 MBytes  54.3 Mbits/sec  4857  
[ 31]  41.00-42.00  sec  6.48 MBytes  54.3 Mbits/sec  4857  
[ 33]  41.00-42.00  sec  6.48 MBytes  54.3 Mbits/sec  4857  
[ 35]  41.00-42.00  sec  6.48 MBytes  54.3 Mbits/sec  4857  
[ 37]  41.00-42.00  sec  6.48 MBytes  54.3 Mbits/sec  4857  
[ 39]  41.00-42.00  sec  6.48 MBytes  54.3 Mbits/sec  4857  
[ 41]  41.00-42.00  sec  6.48 MBytes  54.3 Mbits/sec  4857  
[ 43]  41.00-42.00  sec  6.48 MBytes  54.3 Mbits/sec  4857  
[SUM]  41.00-42.00  sec   130 MBytes  1086 Mbits/sec  97140  
- - - - - - - - - - - - - - - - - - - - - - - - -
[  5]  42.00-43.00  sec  6.12 MBytes  51.4 Mbits/sec  4594  
[  7]  42.00-43.00  sec  6.12 MBytes  51.4 Mbits/sec  4594  
[  9]  42.00-43.00  sec  6.12 MBytes  51.4 Mbits/sec  4594  
[ 11]  42.00-43.00  sec  6.12 MBytes  51.4 Mbits/sec  4594  
[ 13]  42.00-43.00  sec  6.12 MBytes  51.4 Mbits/sec  4594  
[ 15]  42.00-43.00  sec  6.12 MBytes  51.4 Mbits/sec  4594  
[ 17]  42.00-43.00  sec  6.12 MBytes  51.4 Mbits/sec  4594  
[ 19]  42.00-43.00  sec  6.12 MBytes  51.4 Mbits/sec  4594  
[ 21]  42.00-43.00  sec  6.12 MBytes  51.4 Mbits/sec  4594  
[ 23]  42.00-43.00  sec  6.12 MBytes  51.4 Mbits/sec  4594  
[ 25]  42.00-43.00  sec  6.12 MBytes  51.4 Mbits/sec  4594  
[ 27]  42.00-43.00  sec  6.12 MBytes  51.4 Mbits/sec  4594  
[ 29]  42.00-43.00  sec  6.12 MBytes  51.4 Mbits/sec  4594  
[ 31]  42.00-43.00  sec  6.12 MBytes  51.4 Mbits/sec  4594  
[ 33]  42.00-43.00  sec  6.12 MBytes  51.4 Mbits/sec  4594  
[ 35]  42.00-43.00  sec  6.12 MBytes  51.4 Mbits/sec  4594  
[ 37]  42.00-43.00  sec  6.12 MBytes  51.4 Mbits/sec  4594  
[ 39]  42.00-43.00  sec  6.12 MBytes  51.4 Mbits/sec  4594  
[ 41]  42.00-43.00  sec  6.12 MBytes  51.4 Mbits/sec  4594  
[ 43]  42.00-43.00  sec  6.12 MBytes  51.4 Mbits/sec  4594  
[SUM]  42.00-43.00  sec   122 MBytes  1028 Mbits/sec  91880  
- - - - - - - - - - - - - - - - - - - - - - - - -
[  5]  43.00-44.00  sec  6.62 MBytes  55.5 Mbits/sec  4965  
[  7]  43.00-44.00  sec  6.62 MBytes  55.5 Mbits/sec  4965  
[  9]  43.00-44.00  sec  6.62 MBytes  55.5 Mbits/sec  4965  
[ 11]  43.00-44.00  sec  6.62 MBytes  55.5 Mbits/sec  4965  
[ 13]  43.00-44.00  sec  6.62 MBytes  55.5 Mbits/sec  4965  
[ 15]  43.00-44.00  sec  6.62 MBytes  55.5 Mbits/sec  4965  
[ 17]  43.00-44.00  sec  6.62 MBytes  55.5 Mbits/sec  4965  
[ 19]  43.00-44.00  sec  6.62 MBytes  55.5 Mbits/sec  4965  
[ 21]  43.00-44.00  sec  6.62 MBytes  55.5 Mbits/sec  4965  
[ 23]  43.00-44.00  sec  6.62 MBytes  55.5 Mbits/sec  4965  
[ 25]  43.00-44.00  sec  6.62 MBytes  55.5 Mbits/sec  4965  
[ 27]  43.00-44.00  sec  6.62 MBytes  55.5 Mbits/sec  4965  
[ 29]  43.00-44.00  sec  6.62 MBytes  55.5 Mbits/sec  4965  
[ 31]  43.00-44.00  sec  6.62 MBytes  55.5 Mbits/sec  4965  
[ 33]  43.00-44.00  sec  6.62 MBytes  55.5 Mbits/sec  4965  
[ 35]  43.00-44.00  sec  6.62 MBytes  55.5 Mbits/sec  4965  
[ 37]  43.00-44.00  sec  6.62 MBytes  55.5 Mbits/sec  4965  
[ 39]  43.00-44.00  sec  6.62 MBytes  55.5 Mbits/sec  4965  
[ 41]  43.00-44.00  sec  6.62 MBytes  55.5 Mbits/sec  4965  
[ 43]  43.00-44.00  sec  6.62 MBytes  55.5 Mbits/sec  4965  
[SUM]  43.00-44.00  sec   132 MBytes  1111 Mbits/sec  99300  
- - - - - - - - - - - - - - - - - - - - - - - - -
[  5]  44.00-45.00  sec  6.70 MBytes  56.2 Mbits/sec  5023  
[  7]  44.00-45.00  sec  6.70 MBytes  56.2 Mbits/sec  5023  
[  9]  44.00-45.00  sec  6.70 MBytes  56.2 Mbits/sec  5023  
[ 11]  44.00-45.00  sec  6.70 MBytes  56.2 Mbits/sec  5023  
[ 13]  44.00-45.00  sec  6.70 MBytes  56.2 Mbits/sec  5023  
[ 15]  44.00-45.00  sec  6.70 MBytes  56.2 Mbits/sec  5023  
[ 17]  44.00-45.00  sec  6.70 MBytes  56.2 Mbits/sec  5023  
[ 19]  44.00-45.00  sec  6.70 MBytes  56.2 Mbits/sec  5023  
[ 21]  44.00-45.00  sec  6.70 MBytes  56.2 Mbits/sec  5023  
[ 23]  44.00-45.00  sec  6.70 MBytes  56.2 Mbits/sec  5023  
[ 25]  44.00-45.00  sec  6.70 MBytes  56.2 Mbits/sec  5023  
[ 27]  44.00-45.00  sec  6.70 MBytes  56.2 Mbits/sec  5023  
[ 29]  44.00-45.00  sec  6.70 MBytes  56.2 Mbits/sec  5023  
[ 31]  44.00-45.00  sec  6.70 MBytes  56.2 Mbits/sec  5023  
[ 33]  44.00-45.00  sec  6.70 MBytes  56.2 Mbits/sec  5023  
[ 35]  44.00-45.00  sec  6.70 MBytes  56.2 Mbits/sec  5023  
[ 37]  44.00-45.00  sec  6.70 MBytes  56.2 Mbits/sec  5023  
[ 39]  44.00-45.00  sec  6.70 MBytes  56.2 Mbits/sec  5023  
[ 41]  44.00-45.00  sec  6.70 MBytes  56.2 Mbits/sec  5023  
[ 43]  44.00-45.00  sec  6.70 MBytes  56.2 Mbits/sec  5023  
[SUM]  44.00-45.00  sec   134 MBytes  1123 Mbits/sec  100460  
- - - - - - - - - - - - - - - - - - - - - - - - -
[  5]  45.00-46.00  sec  6.68 MBytes  56.0 Mbits/sec  5008  
[  7]  45.00-46.00  sec  6.68 MBytes  56.0 Mbits/sec  5008  
[  9]  45.00-46.00  sec  6.68 MBytes  56.0 Mbits/sec  5008  
[ 11]  45.00-46.00  sec  6.68 MBytes  56.0 Mbits/sec  5008  
[ 13]  45.00-46.00  sec  6.68 MBytes  56.0 Mbits/sec  5008  
[ 15]  45.00-46.00  sec  6.68 MBytes  56.0 Mbits/sec  5008  
[ 17]  45.00-46.00  sec  6.68 MBytes  56.0 Mbits/sec  5008  
[ 19]  45.00-46.00  sec  6.68 MBytes  56.0 Mbits/sec  5008  
[ 21]  45.00-46.00  sec  6.68 MBytes  56.0 Mbits/sec  5008  
[ 23]  45.00-46.00  sec  6.68 MBytes  56.0 Mbits/sec  5008  
[ 25]  45.00-46.00  sec  6.68 MBytes  56.0 Mbits/sec  5008  
[ 27]  45.00-46.00  sec  6.68 MBytes  56.0 Mbits/sec  5008  
[ 29]  45.00-46.00  sec  6.68 MBytes  56.0 Mbits/sec  5008  
[ 31]  45.00-46.00  sec  6.68 MBytes  56.0 Mbits/sec  5008  
[ 33]  45.00-46.00  sec  6.68 MBytes  56.0 Mbits/sec  5008  
[ 35]  45.00-46.00  sec  6.68 MBytes  56.0 Mbits/sec  5008  
[ 37]  45.00-46.00  sec  6.68 MBytes  56.0 Mbits/sec  5008  
[ 39]  45.00-46.00  sec  6.68 MBytes  56.0 Mbits/sec  5008  
[ 41]  45.00-46.00  sec  6.68 MBytes  56.0 Mbits/sec  5008  
[ 43]  45.00-46.00  sec  6.68 MBytes  56.0 Mbits/sec  5008  
[SUM]  45.00-46.00  sec   134 MBytes  1120 Mbits/sec  100160  
- - - - - - - - - - - - - - - - - - - - - - - - -
[  5]  46.00-47.00  sec  6.38 MBytes  53.6 Mbits/sec  4789  
[  7]  46.00-47.00  sec  6.38 MBytes  53.6 Mbits/sec  4789  
[  9]  46.00-47.00  sec  6.38 MBytes  53.6 Mbits/sec  4789  
[ 11]  46.00-47.00  sec  6.38 MBytes  53.6 Mbits/sec  4789  
[ 13]  46.00-47.00  sec  6.38 MBytes  53.6 Mbits/sec  4789  
[ 15]  46.00-47.00  sec  6.38 MBytes  53.6 Mbits/sec  4789  
[ 17]  46.00-47.00  sec  6.38 MBytes  53.6 Mbits/sec  4789  
[ 19]  46.00-47.00  sec  6.38 MBytes  53.6 Mbits/sec  4789  
[ 21]  46.00-47.00  sec  6.38 MBytes  53.6 Mbits/sec  4789  
[ 23]  46.00-47.00  sec  6.38 MBytes  53.6 Mbits/sec  4789  
[ 25]  46.00-47.00  sec  6.38 MBytes  53.6 Mbits/sec  4789  
[ 27]  46.00-47.00  sec  6.38 MBytes  53.6 Mbits/sec  4789  
[ 29]  46.00-47.00  sec  6.38 MBytes  53.6 Mbits/sec  4789  
[ 31]  46.00-47.00  sec  6.38 MBytes  53.6 Mbits/sec  4789  
[ 33]  46.00-47.00  sec  6.38 MBytes  53.6 Mbits/sec  4789  
[ 35]  46.00-47.00  sec  6.38 MBytes  53.6 Mbits/sec  4789  
[ 37]  46.00-47.00  sec  6.38 MBytes  53.6 Mbits/sec  4789  
[ 39]  46.00-47.00  sec  6.38 MBytes  53.6 Mbits/sec  4789  
[ 41]  46.00-47.00  sec  6.38 MBytes  53.6 Mbits/sec  4789  
[ 43]  46.00-47.00  sec  6.38 MBytes  53.6 Mbits/sec  4789  
[SUM]  46.00-47.00  sec   128 MBytes  1071 Mbits/sec  95780  
- - - - - - - - - - - - - - - - - - - - - - - - -
[  5]  47.00-48.00  sec  6.04 MBytes  50.7 Mbits/sec  4531  
[  7]  47.00-48.00  sec  6.04 MBytes  50.7 Mbits/sec  4531  
[  9]  47.00-48.00  sec  6.04 MBytes  50.7 Mbits/sec  4531  
[ 11]  47.00-48.00  sec  6.04 MBytes  50.7 Mbits/sec  4531  
[ 13]  47.00-48.00  sec  6.04 MBytes  50.7 Mbits/sec  4531  
[ 15]  47.00-48.00  sec  6.04 MBytes  50.7 Mbits/sec  4531  
[ 17]  47.00-48.00  sec  6.04 MBytes  50.7 Mbits/sec  4531  
[ 19]  47.00-48.00  sec  6.04 MBytes  50.7 Mbits/sec  4531  
[ 21]  47.00-48.00  sec  6.04 MBytes  50.7 Mbits/sec  4531  
[ 23]  47.00-48.00  sec  6.04 MBytes  50.7 Mbits/sec  4531  
[ 25]  47.00-48.00  sec  6.04 MBytes  50.7 Mbits/sec  4531  
[ 27]  47.00-48.00  sec  6.04 MBytes  50.7 Mbits/sec  4531  
[ 29]  47.00-48.00  sec  6.04 MBytes  50.7 Mbits/sec  4531  
[ 31]  47.00-48.00  sec  6.04 MBytes  50.7 Mbits/sec  4531  
[ 33]  47.00-48.00  sec  6.04 MBytes  50.7 Mbits/sec  4531  
[ 35]  47.00-48.00  sec  6.04 MBytes  50.7 Mbits/sec  4531  
[ 37]  47.00-48.00  sec  6.04 MBytes  50.7 Mbits/sec  4531  
[ 39]  47.00-48.00  sec  6.04 MBytes  50.7 Mbits/sec  4531  
[ 41]  47.00-48.00  sec  6.04 MBytes  50.7 Mbits/sec  4531  
[ 43]  47.00-48.00  sec  6.04 MBytes  50.7 Mbits/sec  4531  
[SUM]  47.00-48.00  sec   121 MBytes  1013 Mbits/sec  90620  
- - - - - - - - - - - - - - - - - - - - - - - - -
[  5]  48.00-49.00  sec  5.48 MBytes  46.0 Mbits/sec  4112  
[  7]  48.00-49.00  sec  5.48 MBytes  46.0 Mbits/sec  4112  
[  9]  48.00-49.00  sec  5.48 MBytes  46.0 Mbits/sec  4112  
[ 11]  48.00-49.00  sec  5.48 MBytes  46.0 Mbits/sec  4112  
[ 13]  48.00-49.00  sec  5.48 MBytes  46.0 Mbits/sec  4112  
[ 15]  48.00-49.00  sec  5.48 MBytes  46.0 Mbits/sec  4112  
[ 17]  48.00-49.00  sec  5.48 MBytes  46.0 Mbits/sec  4112  
[ 19]  48.00-49.00  sec  5.48 MBytes  46.0 Mbits/sec  4112  
[ 21]  48.00-49.00  sec  5.48 MBytes  46.0 Mbits/sec  4112  
[ 23]  48.00-49.00  sec  5.48 MBytes  46.0 Mbits/sec  4112  
[ 25]  48.00-49.00  sec  5.48 MBytes  46.0 Mbits/sec  4112  
[ 27]  48.00-49.00  sec  5.48 MBytes  46.0 Mbits/sec  4112  
[ 29]  48.00-49.00  sec  5.48 MBytes  46.0 Mbits/sec  4112  
[ 31]  48.00-49.00  sec  5.48 MBytes  46.0 Mbits/sec  4112  
[ 33]  48.00-49.00  sec  5.48 MBytes  46.0 Mbits/sec  4112  
[ 35]  48.00-49.00  sec  5.48 MBytes  46.0 Mbits/sec  4112  
[ 37]  48.00-49.00  sec  5.48 MBytes  46.0 Mbits/sec  4112  
[ 39]  48.00-49.00  sec  5.48 MBytes  46.0 Mbits/sec  4112  
[ 41]  48.00-49.00  sec  5.48 MBytes  46.0 Mbits/sec  4112  
[ 43]  48.00-49.00  sec  5.48 MBytes  46.0 Mbits/sec  4112  
[SUM]  48.00-49.00  sec   110 MBytes   920 Mbits/sec  82240  
- - - - - - - - - - - - - - - - - - - - - - - - -
[  5]  49.00-50.00  sec  5.83 MBytes  48.9 Mbits/sec  4375  
[  7]  49.00-50.00  sec  5.83 MBytes  48.9 Mbits/sec  4375  
[  9]  49.00-50.00  sec  5.83 MBytes  48.9 Mbits/sec  4375  
[ 11]  49.00-50.00  sec  5.83 MBytes  48.9 Mbits/sec  4375  
[ 13]  49.00-50.00  sec  5.83 MBytes  48.9 Mbits/sec  4375  
[ 15]  49.00-50.00  sec  5.83 MBytes  48.9 Mbits/sec  4375  
[ 17]  49.00-50.00  sec  5.83 MBytes  48.9 Mbits/sec  4375  
[ 19]  49.00-50.00  sec  5.83 MBytes  48.9 Mbits/sec  4375  
[ 21]  49.00-50.00  sec  5.83 MBytes  48.9 Mbits/sec  4375  
[ 23]  49.00-50.00  sec  5.83 MBytes  48.9 Mbits/sec  4375  
[ 25]  49.00-50.00  sec  5.83 MBytes  48.9 Mbits/sec  4375  
[ 27]  49.00-50.00  sec  5.83 MBytes  48.9 Mbits/sec  4375  
[ 29]  49.00-50.00  sec  5.83 MBytes  48.9 Mbits/sec  4375  
[ 31]  49.00-50.00  sec  5.83 MBytes  48.9 Mbits/sec  4375  
[ 33]  49.00-50.00  sec  5.83 MBytes  48.9 Mbits/sec  4375  
[ 35]  49.00-50.00  sec  5.83 MBytes  48.9 Mbits/sec  4375  
[ 37]  49.00-50.00  sec  5.83 MBytes  48.9 Mbits/sec  4375  
[ 39]  49.00-50.00  sec  5.83 MBytes  48.9 Mbits/sec  4375  
[ 41]  49.00-50.00  sec  5.83 MBytes  48.9 Mbits/sec  4375  
[ 43]  49.00-50.00  sec  5.83 MBytes  48.9 Mbits/sec  4375  
[SUM]  49.00-50.00  sec   117 MBytes   979 Mbits/sec  87500  
- - - - - - - - - - - - - - - - - - - - - - - - -
[  5]  50.00-51.00  sec  6.48 MBytes  54.4 Mbits/sec  4864  
[  7]  50.00-51.00  sec  6.48 MBytes  54.4 Mbits/sec  4864  
[  9]  50.00-51.00  sec  6.48 MBytes  54.4 Mbits/sec  4864  
[ 11]  50.00-51.00  sec  6.48 MBytes  54.4 Mbits/sec  4864  
[ 13]  50.00-51.00  sec  6.48 MBytes  54.4 Mbits/sec  4864  
[ 15]  50.00-51.00  sec  6.48 MBytes  54.4 Mbits/sec  4864  
[ 17]  50.00-51.00  sec  6.48 MBytes  54.4 Mbits/sec  4864  
[ 19]  50.00-51.00  sec  6.48 MBytes  54.4 Mbits/sec  4864  
[ 21]  50.00-51.00  sec  6.48 MBytes  54.4 Mbits/sec  4864  
[ 23]  50.00-51.00  sec  6.48 MBytes  54.4 Mbits/sec  4864  
[ 25]  50.00-51.00  sec  6.48 MBytes  54.4 Mbits/sec  4864  
[ 27]  50.00-51.00  sec  6.48 MBytes  54.4 Mbits/sec  4864  
[ 29]  50.00-51.00  sec  6.48 MBytes  54.4 Mbits/sec  4864  
[ 31]  50.00-51.00  sec  6.48 MBytes  54.4 Mbits/sec  4864  
[ 33]  50.00-51.00  sec  6.48 MBytes  54.4 Mbits/sec  4864  
[ 35]  50.00-51.00  sec  6.48 MBytes  54.4 Mbits/sec  4864  
[ 37]  50.00-51.00  sec  6.48 MBytes  54.4 Mbits/sec  4864  
[ 39]  50.00-51.00  sec  6.48 MBytes  54.4 Mbits/sec  4864  
[ 41]  50.00-51.00  sec  6.48 MBytes  54.4 Mbits/sec  4864  
[ 43]  50.00-51.00  sec  6.48 MBytes  54.4 Mbits/sec  4864  
[SUM]  50.00-51.00  sec   130 MBytes  1088 Mbits/sec  97280  
- - - - - - - - - - - - - - - - - - - - - - - - -
[  5]  51.00-52.00  sec  5.95 MBytes  49.9 Mbits/sec  4460  
[  7]  51.00-52.00  sec  5.95 MBytes  49.9 Mbits/sec  4460  
[  9]  51.00-52.00  sec  5.95 MBytes  49.9 Mbits/sec  4460  
[ 11]  51.00-52.00  sec  5.95 MBytes  49.9 Mbits/sec  4460  
[ 13]  51.00-52.00  sec  5.95 MBytes  49.9 Mbits/sec  4461  
[ 15]  51.00-52.00  sec  5.95 MBytes  49.9 Mbits/sec  4461  
[ 17]  51.00-52.00  sec  5.95 MBytes  49.9 Mbits/sec  4460  
[ 19]  51.00-52.00  sec  5.95 MBytes  49.9 Mbits/sec  4460  
[ 21]  51.00-52.00  sec  5.95 MBytes  49.9 Mbits/sec  4460  
[ 23]  51.00-52.00  sec  5.95 MBytes  49.9 Mbits/sec  4460  
[ 25]  51.00-52.00  sec  5.95 MBytes  49.9 Mbits/sec  4460  
[ 27]  51.00-52.00  sec  5.95 MBytes  49.9 Mbits/sec  4460  
[ 29]  51.00-52.00  sec  5.94 MBytes  49.9 Mbits/sec  4459  
[ 31]  51.00-52.00  sec  5.94 MBytes  49.9 Mbits/sec  4459  
[ 33]  51.00-52.00  sec  5.94 MBytes  49.9 Mbits/sec  4459  
[ 35]  51.00-52.00  sec  5.94 MBytes  49.9 Mbits/sec  4459  
[ 37]  51.00-52.00  sec  5.94 MBytes  49.9 Mbits/sec  4459  
[ 39]  51.00-52.00  sec  5.94 MBytes  49.9 Mbits/sec  4459  
[ 41]  51.00-52.00  sec  5.94 MBytes  49.9 Mbits/sec  4459  
[ 43]  51.00-52.00  sec  5.94 MBytes  49.9 Mbits/sec  4459  
[SUM]  51.00-52.00  sec   119 MBytes   997 Mbits/sec  89194  
- - - - - - - - - - - - - - - - - - - - - - - - -
[  5]  52.00-53.00  sec  5.92 MBytes  49.7 Mbits/sec  4444  
[  7]  52.00-53.00  sec  5.92 MBytes  49.7 Mbits/sec  4444  
[  9]  52.00-53.00  sec  5.92 MBytes  49.7 Mbits/sec  4444  
[ 11]  52.00-53.00  sec  5.92 MBytes  49.7 Mbits/sec  4444  
[ 13]  52.00-53.00  sec  5.92 MBytes  49.7 Mbits/sec  4444  
[ 15]  52.00-53.00  sec  5.92 MBytes  49.7 Mbits/sec  4444  
[ 17]  52.00-53.00  sec  5.92 MBytes  49.7 Mbits/sec  4444  
[ 19]  52.00-53.00  sec  5.92 MBytes  49.7 Mbits/sec  4444  
[ 21]  52.00-53.00  sec  5.92 MBytes  49.7 Mbits/sec  4444  
[ 23]  52.00-53.00  sec  5.92 MBytes  49.7 Mbits/sec  4444  
[ 25]  52.00-53.00  sec  5.92 MBytes  49.7 Mbits/sec  4444  
[ 27]  52.00-53.00  sec  5.92 MBytes  49.7 Mbits/sec  4444  
[ 29]  52.00-53.00  sec  5.92 MBytes  49.7 Mbits/sec  4444  
[ 31]  52.00-53.00  sec  5.92 MBytes  49.7 Mbits/sec  4444  
[ 33]  52.00-53.00  sec  5.92 MBytes  49.7 Mbits/sec  4444  
[ 35]  52.00-53.00  sec  5.92 MBytes  49.7 Mbits/sec  4444  
[ 37]  52.00-53.00  sec  5.92 MBytes  49.7 Mbits/sec  4444  
[ 39]  52.00-53.00  sec  5.92 MBytes  49.7 Mbits/sec  4444  
[ 41]  52.00-53.00  sec  5.92 MBytes  49.7 Mbits/sec  4444  
[ 43]  52.00-53.00  sec  5.92 MBytes  49.7 Mbits/sec  4444  
[SUM]  52.00-53.00  sec   118 MBytes   994 Mbits/sec  88880  
- - - - - - - - - - - - - - - - - - - - - - - - -
[  5]  53.00-54.00  sec  6.36 MBytes  53.4 Mbits/sec  4772  
[  7]  53.00-54.00  sec  6.36 MBytes  53.4 Mbits/sec  4772  
[  9]  53.00-54.00  sec  6.36 MBytes  53.4 Mbits/sec  4772  
[ 11]  53.00-54.00  sec  6.36 MBytes  53.4 Mbits/sec  4772  
[ 13]  53.00-54.00  sec  6.36 MBytes  53.4 Mbits/sec  4772  
[ 15]  53.00-54.00  sec  6.36 MBytes  53.4 Mbits/sec  4772  
[ 17]  53.00-54.00  sec  6.36 MBytes  53.4 Mbits/sec  4772  
[ 19]  53.00-54.00  sec  6.36 MBytes  53.4 Mbits/sec  4772  
[ 21]  53.00-54.00  sec  6.36 MBytes  53.4 Mbits/sec  4772  
[ 23]  53.00-54.00  sec  6.36 MBytes  53.4 Mbits/sec  4772  
[ 25]  53.00-54.00  sec  6.36 MBytes  53.4 Mbits/sec  4772  
[ 27]  53.00-54.00  sec  6.36 MBytes  53.4 Mbits/sec  4772  
[ 29]  53.00-54.00  sec  6.36 MBytes  53.4 Mbits/sec  4772  
[ 31]  53.00-54.00  sec  6.36 MBytes  53.4 Mbits/sec  4772  
[ 33]  53.00-54.00  sec  6.36 MBytes  53.4 Mbits/sec  4772  
[ 35]  53.00-54.00  sec  6.36 MBytes  53.4 Mbits/sec  4772  
[ 37]  53.00-54.00  sec  6.36 MBytes  53.4 Mbits/sec  4772  
[ 39]  53.00-54.00  sec  6.36 MBytes  53.4 Mbits/sec  4772  
[ 41]  53.00-54.00  sec  6.36 MBytes  53.4 Mbits/sec  4772  
[ 43]  53.00-54.00  sec  6.36 MBytes  53.4 Mbits/sec  4772  
[SUM]  53.00-54.00  sec   127 MBytes  1067 Mbits/sec  95440  
- - - - - - - - - - - - - - - - - - - - - - - - -
[  5]  54.00-55.00  sec  6.72 MBytes  56.4 Mbits/sec  5042  
[  7]  54.00-55.00  sec  6.72 MBytes  56.4 Mbits/sec  5042  
[  9]  54.00-55.00  sec  6.72 MBytes  56.4 Mbits/sec  5042  
[ 11]  54.00-55.00  sec  6.72 MBytes  56.4 Mbits/sec  5042  
[ 13]  54.00-55.00  sec  6.72 MBytes  56.4 Mbits/sec  5042  
[ 15]  54.00-55.00  sec  6.72 MBytes  56.4 Mbits/sec  5042  
[ 17]  54.00-55.00  sec  6.72 MBytes  56.4 Mbits/sec  5042  
[ 19]  54.00-55.00  sec  6.72 MBytes  56.4 Mbits/sec  5042  
[ 21]  54.00-55.00  sec  6.72 MBytes  56.4 Mbits/sec  5042  
[ 23]  54.00-55.00  sec  6.72 MBytes  56.4 Mbits/sec  5042  
[ 25]  54.00-55.00  sec  6.72 MBytes  56.4 Mbits/sec  5042  
[ 27]  54.00-55.00  sec  6.72 MBytes  56.4 Mbits/sec  5042  
[ 29]  54.00-55.00  sec  6.72 MBytes  56.4 Mbits/sec  5042  
[ 31]  54.00-55.00  sec  6.72 MBytes  56.4 Mbits/sec  5042  
[ 33]  54.00-55.00  sec  6.72 MBytes  56.4 Mbits/sec  5042  
[ 35]  54.00-55.00  sec  6.72 MBytes  56.4 Mbits/sec  5042  
[ 37]  54.00-55.00  sec  6.72 MBytes  56.4 Mbits/sec  5042  
[ 39]  54.00-55.00  sec  6.72 MBytes  56.4 Mbits/sec  5042  
[ 41]  54.00-55.00  sec  6.72 MBytes  56.4 Mbits/sec  5042  
[ 43]  54.00-55.00  sec  6.72 MBytes  56.4 Mbits/sec  5042  
[SUM]  54.00-55.00  sec   134 MBytes  1128 Mbits/sec  100840  
- - - - - - - - - - - - - - - - - - - - - - - - -
[  5]  55.00-56.00  sec  6.31 MBytes  52.9 Mbits/sec  4733  
[  7]  55.00-56.00  sec  6.31 MBytes  52.9 Mbits/sec  4733  
[  9]  55.00-56.00  sec  6.31 MBytes  52.9 Mbits/sec  4733  
[ 11]  55.00-56.00  sec  6.31 MBytes  52.9 Mbits/sec  4733  
[ 13]  55.00-56.00  sec  6.31 MBytes  52.9 Mbits/sec  4733  
[ 15]  55.00-56.00  sec  6.31 MBytes  52.9 Mbits/sec  4733  
[ 17]  55.00-56.00  sec  6.31 MBytes  52.9 Mbits/sec  4733  
[ 19]  55.00-56.00  sec  6.31 MBytes  52.9 Mbits/sec  4733  
[ 21]  55.00-56.00  sec  6.31 MBytes  52.9 Mbits/sec  4733  
[ 23]  55.00-56.00  sec  6.31 MBytes  52.9 Mbits/sec  4733  
[ 25]  55.00-56.00  sec  6.31 MBytes  52.9 Mbits/sec  4733  
[ 27]  55.00-56.00  sec  6.31 MBytes  52.9 Mbits/sec  4733  
[ 29]  55.00-56.00  sec  6.31 MBytes  52.9 Mbits/sec  4733  
[ 31]  55.00-56.00  sec  6.31 MBytes  52.9 Mbits/sec  4733  
[ 33]  55.00-56.00  sec  6.31 MBytes  52.9 Mbits/sec  4733  
[ 35]  55.00-56.00  sec  6.31 MBytes  52.9 Mbits/sec  4733  
[ 37]  55.00-56.00  sec  6.31 MBytes  52.9 Mbits/sec  4733  
[ 39]  55.00-56.00  sec  6.31 MBytes  52.9 Mbits/sec  4733  
[ 41]  55.00-56.00  sec  6.31 MBytes  52.9 Mbits/sec  4733  
[ 43]  55.00-56.00  sec  6.31 MBytes  52.9 Mbits/sec  4733  
[SUM]  55.00-56.00  sec   126 MBytes  1059 Mbits/sec  94660  
- - - - - - - - - - - - - - - - - - - - - - - - -
[  5]  56.00-57.00  sec  5.73 MBytes  48.1 Mbits/sec  4299  
[  7]  56.00-57.00  sec  5.73 MBytes  48.1 Mbits/sec  4299  
[  9]  56.00-57.00  sec  5.73 MBytes  48.1 Mbits/sec  4299  
[ 11]  56.00-57.00  sec  5.73 MBytes  48.1 Mbits/sec  4299  
[ 13]  56.00-57.00  sec  5.73 MBytes  48.1 Mbits/sec  4299  
[ 15]  56.00-57.00  sec  5.73 MBytes  48.1 Mbits/sec  4299  
[ 17]  56.00-57.00  sec  5.73 MBytes  48.1 Mbits/sec  4299  
[ 19]  56.00-57.00  sec  5.73 MBytes  48.1 Mbits/sec  4299  
[ 21]  56.00-57.00  sec  5.73 MBytes  48.1 Mbits/sec  4299  
[ 23]  56.00-57.00  sec  5.73 MBytes  48.1 Mbits/sec  4299  
[ 25]  56.00-57.00  sec  5.73 MBytes  48.1 Mbits/sec  4299  
[ 27]  56.00-57.00  sec  5.73 MBytes  48.1 Mbits/sec  4299  
[ 29]  56.00-57.00  sec  5.73 MBytes  48.1 Mbits/sec  4299  
[ 31]  56.00-57.00  sec  5.73 MBytes  48.1 Mbits/sec  4299  
[ 33]  56.00-57.00  sec  5.73 MBytes  48.1 Mbits/sec  4299  
[ 35]  56.00-57.00  sec  5.73 MBytes  48.1 Mbits/sec  4299  
[ 37]  56.00-57.00  sec  5.73 MBytes  48.1 Mbits/sec  4299  
[ 39]  56.00-57.00  sec  5.73 MBytes  48.1 Mbits/sec  4299  
[ 41]  56.00-57.00  sec  5.73 MBytes  48.1 Mbits/sec  4299  
[ 43]  56.00-57.00  sec  5.73 MBytes  48.1 Mbits/sec  4299  
[SUM]  56.00-57.00  sec   115 MBytes   961 Mbits/sec  85980  
- - - - - - - - - - - - - - - - - - - - - - - - -
[  5]  57.00-58.00  sec  6.26 MBytes  52.5 Mbits/sec  4697  
[  7]  57.00-58.00  sec  6.26 MBytes  52.5 Mbits/sec  4697  
[  9]  57.00-58.00  sec  6.26 MBytes  52.5 Mbits/sec  4697  
[ 11]  57.00-58.00  sec  6.26 MBytes  52.5 Mbits/sec  4697  
[ 13]  57.00-58.00  sec  6.26 MBytes  52.5 Mbits/sec  4697  
[ 15]  57.00-58.00  sec  6.26 MBytes  52.5 Mbits/sec  4697  
[ 17]  57.00-58.00  sec  6.26 MBytes  52.5 Mbits/sec  4697  
[ 19]  57.00-58.00  sec  6.26 MBytes  52.5 Mbits/sec  4697  
[ 21]  57.00-58.00  sec  6.26 MBytes  52.5 Mbits/sec  4697  
[ 23]  57.00-58.00  sec  6.26 MBytes  52.5 Mbits/sec  4697  
[ 25]  57.00-58.00  sec  6.26 MBytes  52.5 Mbits/sec  4697  
[ 27]  57.00-58.00  sec  6.26 MBytes  52.5 Mbits/sec  4697  
[ 29]  57.00-58.00  sec  6.26 MBytes  52.5 Mbits/sec  4697  
[ 31]  57.00-58.00  sec  6.26 MBytes  52.5 Mbits/sec  4697  
[ 33]  57.00-58.00  sec  6.26 MBytes  52.5 Mbits/sec  4697  
[ 35]  57.00-58.00  sec  6.26 MBytes  52.5 Mbits/sec  4697  
[ 37]  57.00-58.00  sec  6.26 MBytes  52.5 Mbits/sec  4697  
[ 39]  57.00-58.00  sec  6.26 MBytes  52.5 Mbits/sec  4697  
[ 41]  57.00-58.00  sec  6.26 MBytes  52.5 Mbits/sec  4697  
[ 43]  57.00-58.00  sec  6.26 MBytes  52.5 Mbits/sec  4697  
[SUM]  57.00-58.00  sec   125 MBytes  1051 Mbits/sec  93940  
- - - - - - - - - - - - - - - - - - - - - - - - -
[  5]  58.00-59.00  sec  6.71 MBytes  56.3 Mbits/sec  5033  
[  7]  58.00-59.00  sec  6.71 MBytes  56.3 Mbits/sec  5033  
[  9]  58.00-59.00  sec  6.71 MBytes  56.3 Mbits/sec  5033  
[ 11]  58.00-59.00  sec  6.71 MBytes  56.3 Mbits/sec  5033  
[ 13]  58.00-59.00  sec  6.71 MBytes  56.3 Mbits/sec  5033  
[ 15]  58.00-59.00  sec  6.71 MBytes  56.3 Mbits/sec  5033  
[ 17]  58.00-59.00  sec  6.71 MBytes  56.3 Mbits/sec  5033  
[ 19]  58.00-59.00  sec  6.71 MBytes  56.3 Mbits/sec  5033  
[ 21]  58.00-59.00  sec  6.71 MBytes  56.3 Mbits/sec  5033  
[ 23]  58.00-59.00  sec  6.71 MBytes  56.3 Mbits/sec  5033  
[ 25]  58.00-59.00  sec  6.71 MBytes  56.3 Mbits/sec  5033  
[ 27]  58.00-59.00  sec  6.71 MBytes  56.3 Mbits/sec  5033  
[ 29]  58.00-59.00  sec  6.71 MBytes  56.3 Mbits/sec  5033  
[ 31]  58.00-59.00  sec  6.71 MBytes  56.3 Mbits/sec  5033  
[ 33]  58.00-59.00  sec  6.71 MBytes  56.3 Mbits/sec  5033  
[ 35]  58.00-59.00  sec  6.71 MBytes  56.3 Mbits/sec  5033  
[ 37]  58.00-59.00  sec  6.71 MBytes  56.3 Mbits/sec  5033  
[ 39]  58.00-59.00  sec  6.71 MBytes  56.3 Mbits/sec  5033  
[ 41]  58.00-59.00  sec  6.71 MBytes  56.3 Mbits/sec  5033  
[ 43]  58.00-59.00  sec  6.71 MBytes  56.3 Mbits/sec  5033  
[SUM]  58.00-59.00  sec   134 MBytes  1126 Mbits/sec  100660  
- - - - - - - - - - - - - - - - - - - - - - - - -
[  5]  59.00-60.00  sec  6.38 MBytes  53.5 Mbits/sec  4787  
[  7]  59.00-60.00  sec  6.38 MBytes  53.5 Mbits/sec  4787  
[  9]  59.00-60.00  sec  6.38 MBytes  53.5 Mbits/sec  4787  
[ 11]  59.00-60.00  sec  6.38 MBytes  53.5 Mbits/sec  4787  
[ 13]  59.00-60.00  sec  6.38 MBytes  53.5 Mbits/sec  4787  
[ 15]  59.00-60.00  sec  6.38 MBytes  53.5 Mbits/sec  4787  
[ 17]  59.00-60.00  sec  6.38 MBytes  53.5 Mbits/sec  4787  
[ 19]  59.00-60.00  sec  6.38 MBytes  53.5 Mbits/sec  4787  
[ 21]  59.00-60.00  sec  6.38 MBytes  53.5 Mbits/sec  4787  
[ 23]  59.00-60.00  sec  6.38 MBytes  53.5 Mbits/sec  4787  
[ 25]  59.00-60.00  sec  6.38 MBytes  53.5 Mbits/sec  4787  
[ 27]  59.00-60.00  sec  6.38 MBytes  53.5 Mbits/sec  4787  
[ 29]  59.00-60.00  sec  6.38 MBytes  53.5 Mbits/sec  4787  
[ 31]  59.00-60.00  sec  6.38 MBytes  53.5 Mbits/sec  4787  
[ 33]  59.00-60.00  sec  6.38 MBytes  53.5 Mbits/sec  4787  
[ 35]  59.00-60.00  sec  6.38 MBytes  53.5 Mbits/sec  4787  
[ 37]  59.00-60.00  sec  6.38 MBytes  53.5 Mbits/sec  4787  
[ 39]  59.00-60.00  sec  6.38 MBytes  53.5 Mbits/sec  4787  
[ 41]  59.00-60.00  sec  6.38 MBytes  53.5 Mbits/sec  4787  
[ 43]  59.00-60.00  sec  6.38 MBytes  53.5 Mbits/sec  4787  
[SUM]  59.00-60.00  sec   128 MBytes  1071 Mbits/sec  95740  
- - - - - - - - - - - - - - - - - - - - - - - - -
[ ID] Interval           Transfer     Bitrate         Jitter    Lost/Total Datagrams
[  5]   0.00-60.00  sec   383 MBytes  53.6 Mbits/sec  0.000 ms  0/287294 (0%)  sender
[  5]   0.00-60.01  sec   383 MBytes  53.5 Mbits/sec  0.081 ms  0/287294 (0%)  receiver
[  7]   0.00-60.00  sec   383 MBytes  53.6 Mbits/sec  0.000 ms  0/287296 (0%)  sender
[  7]   0.00-60.01  sec   383 MBytes  53.5 Mbits/sec  0.104 ms  0/287296 (0%)  receiver
[  9]   0.00-60.00  sec   383 MBytes  53.6 Mbits/sec  0.000 ms  0/287296 (0%)  sender
[  9]   0.00-60.01  sec   383 MBytes  53.5 Mbits/sec  0.100 ms  0/287296 (0%)  receiver
[ 11]   0.00-60.00  sec   383 MBytes  53.6 Mbits/sec  0.000 ms  0/287295 (0%)  sender
[ 11]   0.00-60.01  sec   383 MBytes  53.5 Mbits/sec  0.077 ms  0/287295 (0%)  receiver
[ 13]   0.00-60.00  sec   383 MBytes  53.6 Mbits/sec  0.000 ms  0/287296 (0%)  sender
[ 13]   0.00-60.01  sec   383 MBytes  53.5 Mbits/sec  0.061 ms  0/287296 (0%)  receiver
[ 15]   0.00-60.00  sec   383 MBytes  53.6 Mbits/sec  0.000 ms  0/287295 (0%)  sender
[ 15]   0.00-60.01  sec   383 MBytes  53.5 Mbits/sec  0.125 ms  0/287295 (0%)  receiver
[ 17]   0.00-60.00  sec   383 MBytes  53.6 Mbits/sec  0.000 ms  0/287296 (0%)  sender
[ 17]   0.00-60.01  sec   383 MBytes  53.5 Mbits/sec  0.091 ms  0/287296 (0%)  receiver
[ 19]   0.00-60.00  sec   383 MBytes  53.6 Mbits/sec  0.000 ms  0/287294 (0%)  sender
[ 19]   0.00-60.01  sec   383 MBytes  53.5 Mbits/sec  0.235 ms  0/287294 (0%)  receiver
[ 21]   0.00-60.00  sec   383 MBytes  53.6 Mbits/sec  0.000 ms  0/287294 (0%)  sender
[ 21]   0.00-60.01  sec   383 MBytes  53.5 Mbits/sec  0.093 ms  0/287294 (0%)  receiver
[ 23]   0.00-60.00  sec   383 MBytes  53.6 Mbits/sec  0.000 ms  0/287294 (0%)  sender
[ 23]   0.00-60.01  sec   383 MBytes  53.5 Mbits/sec  0.151 ms  0/287294 (0%)  receiver
[ 25]   0.00-60.00  sec   383 MBytes  53.6 Mbits/sec  0.000 ms  0/287293 (0%)  sender
[ 25]   0.00-60.01  sec   383 MBytes  53.5 Mbits/sec  0.097 ms  0/287293 (0%)  receiver
[ 27]   0.00-60.00  sec   383 MBytes  53.6 Mbits/sec  0.000 ms  0/287289 (0%)  sender
[ 27]   0.00-60.01  sec   383 MBytes  53.5 Mbits/sec  0.170 ms  0/287289 (0%)  receiver
[ 29]   0.00-60.00  sec   383 MBytes  53.6 Mbits/sec  0.000 ms  0/287286 (0%)  sender
[ 29]   0.00-60.01  sec   383 MBytes  53.5 Mbits/sec  0.094 ms  0/287286 (0%)  receiver
[ 31]   0.00-60.00  sec   383 MBytes  53.5 Mbits/sec  0.000 ms  0/287285 (0%)  sender
[ 31]   0.00-60.01  sec   383 MBytes  53.5 Mbits/sec  0.085 ms  0/287285 (0%)  receiver
[ 33]   0.00-60.00  sec   383 MBytes  53.5 Mbits/sec  0.000 ms  0/287284 (0%)  sender
[ 33]   0.00-60.01  sec   383 MBytes  53.5 Mbits/sec  0.226 ms  0/287284 (0%)  receiver
[ 35]   0.00-60.00  sec   383 MBytes  53.5 Mbits/sec  0.000 ms  0/287285 (0%)  sender
[ 35]   0.00-60.01  sec   383 MBytes  53.5 Mbits/sec  0.087 ms  0/287285 (0%)  receiver
[ 37]   0.00-60.00  sec   383 MBytes  53.5 Mbits/sec  0.000 ms  0/287285 (0%)  sender
[ 37]   0.00-60.01  sec   383 MBytes  53.5 Mbits/sec  0.096 ms  0/287285 (0%)  receiver
[ 39]   0.00-60.00  sec   383 MBytes  53.5 Mbits/sec  0.000 ms  0/287285 (0%)  sender
[ 39]   0.00-60.01  sec   383 MBytes  53.5 Mbits/sec  0.095 ms  0/287285 (0%)  receiver
[ 41]   0.00-60.00  sec   383 MBytes  53.5 Mbits/sec  0.000 ms  0/287285 (0%)  sender
[ 41]   0.00-60.01  sec   383 MBytes  53.5 Mbits/sec  0.096 ms  0/287285 (0%)  receiver
[ 43]   0.00-60.00  sec   383 MBytes  53.5 Mbits/sec  0.000 ms  0/287283 (0%)  sender
[ 43]   0.00-60.01  sec   383 MBytes  53.5 Mbits/sec  0.085 ms  0/287283 (0%)  receiver
[SUM]   0.00-60.00  sec  7.48 GBytes  1071 Mbits/sec  0.000 ms  0/5745810 (0%)  sender
[SUM]   0.00-60.01  sec  7.48 GBytes  1071 Mbits/sec  0.112 ms  0/5745810 (0%)  receiver

iperf Done.
