Connecting to host 10.10.0.5, port 30000
[  5] local 10.0.1.221 port 32846 connected to 10.10.0.5 port 30000
[ ID] Interval           Transfer     Bitrate         Total Datagrams
[  5]   0.00-1.00   sec   126 MBytes  1061 Mbits/sec  94827  
[  5]   1.00-2.00   sec   128 MBytes  1070 Mbits/sec  95669  
[  5]   2.00-3.00   sec   127 MBytes  1067 Mbits/sec  95391  
[  5]   3.00-4.00   sec   127 MBytes  1064 Mbits/sec  95146  
[  5]   4.00-5.00   sec   128 MBytes  1070 Mbits/sec  95698  
[  5]   5.00-6.00   sec   128 MBytes  1073 Mbits/sec  95972  
[  5]   6.00-7.00   sec   128 MBytes  1071 Mbits/sec  95758  
[  5]   7.00-8.00   sec   123 MBytes  1034 Mbits/sec  92461  
[  5]   8.00-9.00   sec   128 MBytes  1074 Mbits/sec  96071  
[  5]   9.00-10.00  sec   129 MBytes  1081 Mbits/sec  96661  
[  5]  10.00-11.00  sec   129 MBytes  1082 Mbits/sec  96765  
[  5]  11.00-12.00  sec   127 MBytes  1061 Mbits/sec  94899  
[  5]  12.00-13.00  sec   128 MBytes  1072 Mbits/sec  95847  
[  5]  13.00-14.00  sec   128 MBytes  1073 Mbits/sec  95952  
[  5]  14.00-15.00  sec   126 MBytes  1056 Mbits/sec  94456  
[  5]  15.00-16.00  sec   126 MBytes  1060 Mbits/sec  94739  
[  5]  16.00-17.00  sec   125 MBytes  1047 Mbits/sec  93632  
[  5]  17.00-18.00  sec   124 MBytes  1036 Mbits/sec  92647  
[  5]  18.00-19.00  sec   127 MBytes  1065 Mbits/sec  95202  
[  5]  19.00-20.00  sec   125 MBytes  1045 Mbits/sec  93453  
[  5]  20.00-21.00  sec   126 MBytes  1058 Mbits/sec  94616  
[  5]  21.00-22.00  sec   124 MBytes  1038 Mbits/sec  92814  
[  5]  22.00-23.00  sec   126 MBytes  1053 Mbits/sec  94149  
[  5]  23.00-24.00  sec   126 MBytes  1058 Mbits/sec  94584  
[  5]  24.00-25.00  sec   127 MBytes  1069 Mbits/sec  95614  
[  5]  25.00-26.00  sec   128 MBytes  1071 Mbits/sec  95740  
[  5]  26.00-27.00  sec   124 MBytes  1041 Mbits/sec  93109  
[  5]  27.00-28.00  sec   124 MBytes  1038 Mbits/sec  92771  
[  5]  28.00-29.00  sec   127 MBytes  1065 Mbits/sec  95218  
[  5]  29.00-30.00  sec   128 MBytes  1077 Mbits/sec  96292  
[  5]  30.00-31.00  sec   128 MBytes  1077 Mbits/sec  96254  
[  5]  31.00-32.00  sec   122 MBytes  1026 Mbits/sec  91761  
[  5]  32.00-33.00  sec   126 MBytes  1055 Mbits/sec  94350  
[  5]  33.00-34.00  sec   123 MBytes  1031 Mbits/sec  92143  
[  5]  34.00-35.00  sec   127 MBytes  1063 Mbits/sec  95038  
[  5]  35.00-36.00  sec   127 MBytes  1067 Mbits/sec  95440  
[  5]  36.00-37.00  sec   124 MBytes  1039 Mbits/sec  92897  
[  5]  37.00-38.00  sec   126 MBytes  1055 Mbits/sec  94361  
[  5]  38.00-39.00  sec   128 MBytes  1074 Mbits/sec  96066  
[  5]  39.00-40.00  sec   124 MBytes  1043 Mbits/sec  93268  
[  5]  40.00-41.00  sec   128 MBytes  1073 Mbits/sec  95966  
[  5]  41.00-42.00  sec   126 MBytes  1058 Mbits/sec  94555  
[  5]  42.00-43.00  sec   126 MBytes  1056 Mbits/sec  94451  
[  5]  43.00-44.00  sec   125 MBytes  1051 Mbits/sec  93989  
[  5]  44.00-45.00  sec   125 MBytes  1051 Mbits/sec  94011  
[  5]  45.00-46.00  sec   127 MBytes  1067 Mbits/sec  95413  
[  5]  46.00-47.00  sec   127 MBytes  1069 Mbits/sec  95605  
[  5]  47.00-48.00  sec   125 MBytes  1050 Mbits/sec  93918  
[  5]  48.00-49.00  sec   127 MBytes  1062 Mbits/sec  94964  
[  5]  49.00-50.00  sec   127 MBytes  1063 Mbits/sec  95038  
[  5]  50.00-51.00  sec   126 MBytes  1054 Mbits/sec  94276  
[  5]  51.00-52.00  sec   125 MBytes  1050 Mbits/sec  93892  
[  5]  52.00-53.00  sec   126 MBytes  1060 Mbits/sec  94819  
[  5]  53.00-54.00  sec   124 MBytes  1044 Mbits/sec  93351  
[  5]  54.00-55.00  sec   128 MBytes  1076 Mbits/sec  96190  
[  5]  55.00-56.00  sec   126 MBytes  1055 Mbits/sec  94369  
[  5]  56.00-57.00  sec   128 MBytes  1070 Mbits/sec  95657  
[  5]  57.00-58.00  sec   128 MBytes  1075 Mbits/sec  96139  
[  5]  58.00-59.00  sec   126 MBytes  1059 Mbits/sec  94712  
[  5]  59.00-60.00  sec   127 MBytes  1066 Mbits/sec  95279  
- - - - - - - - - - - - - - - - - - - - - - - - -
[ ID] Interval           Transfer     Bitrate         Jitter    Lost/Total Datagrams
[  5]   0.00-60.00  sec  7.40 GBytes  1060 Mbits/sec  0.000 ms  0/5684325 (0%)  sender
[  5]   0.00-60.01  sec  7.39 GBytes  1058 Mbits/sec  0.013 ms  5183/5684325 (0.091%)  receiver

iperf Done.
