Connecting to host 10.10.0.6, port 30000
[  5] local 10.0.1.7 port 48324 connected to 10.10.0.6 port 30000
[ ID] Interval           Transfer     Bitrate         Retr  Cwnd
[  5]   0.00-1.00   sec   332 MBytes  2783 Mbits/sec    8   8.02 MBytes       
[  5]   1.00-2.00   sec   362 MBytes  3041 Mbits/sec    0   8.02 MBytes       
[  5]   2.00-3.00   sec   364 MBytes  3051 Mbits/sec    0   8.02 MBytes       
[  5]   3.00-4.00   sec   364 MBytes  3051 Mbits/sec    0   8.02 MBytes       
[  5]   4.00-5.00   sec   364 MBytes  3051 Mbits/sec    0   8.02 MBytes       
[  5]   5.00-6.00   sec   365 MBytes  3062 Mbits/sec    0   8.02 MBytes       
[  5]   6.00-7.00   sec   364 MBytes  3052 Mbits/sec    0   8.02 MBytes       
[  5]   7.00-8.00   sec   362 MBytes  3040 Mbits/sec    0   8.02 MBytes       
[  5]   8.00-9.00   sec   365 MBytes  3062 Mbits/sec    0   8.02 MBytes       
[  5]   9.00-10.00  sec   362 MBytes  3041 Mbits/sec    0   8.02 MBytes       
[  5]  10.00-11.00  sec   364 MBytes  3052 Mbits/sec    0   8.02 MBytes       
[  5]  11.00-12.00  sec   364 MBytes  3051 Mbits/sec    0   8.02 MBytes       
[  5]  12.00-13.00  sec   362 MBytes  3041 Mbits/sec    0   8.02 MBytes       
[  5]  13.00-14.00  sec   364 MBytes  3051 Mbits/sec    0   8.02 MBytes       
[  5]  14.00-15.00  sec   365 MBytes  3062 Mbits/sec    0   8.02 MBytes       
[  5]  15.00-16.00  sec   364 MBytes  3051 Mbits/sec    0   8.02 MBytes       
[  5]  16.00-17.00  sec   366 MBytes  3072 Mbits/sec    0   8.02 MBytes       
[  5]  17.00-18.00  sec   365 MBytes  3062 Mbits/sec    0   8.02 MBytes       
[  5]  18.00-19.00  sec   369 MBytes  3093 Mbits/sec    0   8.02 MBytes       
[  5]  19.00-20.00  sec   368 MBytes  3084 Mbits/sec    0   8.02 MBytes       
[  5]  20.00-21.00  sec   368 MBytes  3082 Mbits/sec    0   8.02 MBytes       
[  5]  21.00-22.00  sec   366 MBytes  3073 Mbits/sec    0   8.02 MBytes       
[  5]  22.00-23.00  sec   368 MBytes  3083 Mbits/sec    0   8.02 MBytes       
[  5]  23.00-24.00  sec   366 MBytes  3072 Mbits/sec    0   8.02 MBytes       
[  5]  24.00-25.00  sec   366 MBytes  3072 Mbits/sec    0   8.02 MBytes       
[  5]  25.00-26.00  sec   365 MBytes  3062 Mbits/sec    0   8.02 MBytes       
[  5]  26.00-27.00  sec   352 MBytes  2957 Mbits/sec   38   5.62 MBytes       
[  5]  27.00-28.00  sec   365 MBytes  3062 Mbits/sec    0   5.62 MBytes       
[  5]  28.00-29.00  sec   366 MBytes  3072 Mbits/sec    0   5.62 MBytes       
[  5]  29.00-30.00  sec   366 MBytes  3072 Mbits/sec    0   5.62 MBytes       
[  5]  30.00-31.00  sec   364 MBytes  3051 Mbits/sec    0   5.62 MBytes       
[  5]  31.00-32.00  sec   362 MBytes  3040 Mbits/sec    0   5.62 MBytes       
[  5]  32.00-33.00  sec   366 MBytes  3073 Mbits/sec    0   5.62 MBytes       
[  5]  33.00-34.00  sec   362 MBytes  3040 Mbits/sec    0   5.62 MBytes       
[  5]  34.00-35.00  sec   365 MBytes  3062 Mbits/sec    0   5.62 MBytes       
[  5]  35.00-36.00  sec   368 MBytes  3083 Mbits/sec    0   5.62 MBytes       
[  5]  36.00-37.00  sec   369 MBytes  3093 Mbits/sec    0   5.62 MBytes       
[  5]  37.00-38.00  sec   366 MBytes  3073 Mbits/sec    0   5.62 MBytes       
[  5]  38.00-39.00  sec   368 MBytes  3083 Mbits/sec    0   5.62 MBytes       
[  5]  39.00-40.00  sec   366 MBytes  3072 Mbits/sec    0   5.62 MBytes       
[  5]  40.00-41.00  sec   366 MBytes  3072 Mbits/sec    0   5.62 MBytes       
[  5]  41.00-42.00  sec   369 MBytes  3093 Mbits/sec    0   5.62 MBytes       
[  5]  42.00-43.00  sec   366 MBytes  3072 Mbits/sec    0   5.62 MBytes       
[  5]  43.00-44.00  sec   366 MBytes  3072 Mbits/sec    0   5.62 MBytes       
[  5]  44.00-45.00  sec   361 MBytes  3030 Mbits/sec    0   5.62 MBytes       
[  5]  45.00-46.00  sec   366 MBytes  3072 Mbits/sec    0   5.62 MBytes       
[  5]  46.00-47.00  sec   364 MBytes  3051 Mbits/sec    0   5.62 MBytes       
[  5]  47.00-48.00  sec   364 MBytes  3051 Mbits/sec    0   5.62 MBytes       
[  5]  48.00-49.00  sec   350 MBytes  2936 Mbits/sec  1396   4.01 MBytes       
[  5]  49.00-50.00  sec   364 MBytes  3051 Mbits/sec    0   4.01 MBytes       
[  5]  50.00-51.00  sec   365 MBytes  3062 Mbits/sec    0   4.01 MBytes       
[  5]  51.00-52.00  sec   364 MBytes  3051 Mbits/sec    0   4.01 MBytes       
[  5]  52.00-53.00  sec   365 MBytes  3062 Mbits/sec    0   4.01 MBytes       
[  5]  53.00-54.00  sec   275 MBytes  2307 Mbits/sec  662   2.93 MBytes       
[  5]  54.00-55.00  sec   272 MBytes  2286 Mbits/sec    0   3.06 MBytes       
[  5]  55.00-56.00  sec   285 MBytes  2391 Mbits/sec    0   3.17 MBytes       
[  5]  56.00-57.00  sec   290 MBytes  2433 Mbits/sec    0   3.25 MBytes       
[  5]  57.00-58.00  sec   301 MBytes  2527 Mbits/sec    0   3.31 MBytes       
[  5]  58.00-59.00  sec   304 MBytes  2547 Mbits/sec    0   3.35 MBytes       
[  5]  59.00-60.00  sec   306 MBytes  2570 Mbits/sec    0   3.38 MBytes       
- - - - - - - - - - - - - - - - - - - - - - - - -
[ ID] Interval           Transfer     Bitrate         Retr
[  5]   0.00-60.00  sec  20.8 GBytes  2981 Mbits/sec  2104             sender
[  5]   0.00-60.04  sec  20.8 GBytes  2979 Mbits/sec                  receiver

iperf Done.
