Connecting to host 10.10.0.6, port 30000
[  5] local 10.244.1.2 port 49350 connected to 10.10.0.6 port 30000
[  7] local 10.244.1.2 port 36239 connected to 10.10.0.6 port 30000
[  9] local 10.244.1.2 port 59373 connected to 10.10.0.6 port 30000
[ 11] local 10.244.1.2 port 38847 connected to 10.10.0.6 port 30000
[ 13] local 10.244.1.2 port 56704 connected to 10.10.0.6 port 30000
[ 15] local 10.244.1.2 port 59162 connected to 10.10.0.6 port 30000
[ 17] local 10.244.1.2 port 36694 connected to 10.10.0.6 port 30000
[ 19] local 10.244.1.2 port 35785 connected to 10.10.0.6 port 30000
[ 21] local 10.244.1.2 port 34237 connected to 10.10.0.6 port 30000
[ 23] local 10.244.1.2 port 52568 connected to 10.10.0.6 port 30000
[ 25] local 10.244.1.2 port 43691 connected to 10.10.0.6 port 30000
[ 27] local 10.244.1.2 port 51238 connected to 10.10.0.6 port 30000
[ 29] local 10.244.1.2 port 50099 connected to 10.10.0.6 port 30000
[ 31] local 10.244.1.2 port 50979 connected to 10.10.0.6 port 30000
[ 33] local 10.244.1.2 port 50757 connected to 10.10.0.6 port 30000
[ 35] local 10.244.1.2 port 45821 connected to 10.10.0.6 port 30000
[ 37] local 10.244.1.2 port 45583 connected to 10.10.0.6 port 30000
[ 39] local 10.244.1.2 port 56016 connected to 10.10.0.6 port 30000
[ 41] local 10.244.1.2 port 51151 connected to 10.10.0.6 port 30000
[ 43] local 10.244.1.2 port 51341 connected to 10.10.0.6 port 30000
[ ID] Interval           Transfer     Bitrate         Total Datagrams
[  5]   0.00-1.00   sec  7.28 MBytes  61.1 Mbits/sec  5463  
[  7]   0.00-1.00   sec  7.28 MBytes  61.1 Mbits/sec  5463  
[  9]   0.00-1.00   sec  7.28 MBytes  61.1 Mbits/sec  5463  
[ 11]   0.00-1.00   sec  7.28 MBytes  61.1 Mbits/sec  5463  
[ 13]   0.00-1.00   sec  7.28 MBytes  61.1 Mbits/sec  5463  
[ 15]   0.00-1.00   sec  7.28 MBytes  61.1 Mbits/sec  5463  
[ 17]   0.00-1.00   sec  7.28 MBytes  61.1 Mbits/sec  5463  
[ 19]   0.00-1.00   sec  7.28 MBytes  61.1 Mbits/sec  5463  
[ 21]   0.00-1.00   sec  7.28 MBytes  61.1 Mbits/sec  5463  
[ 23]   0.00-1.00   sec  7.28 MBytes  61.1 Mbits/sec  5463  
[ 25]   0.00-1.00   sec  7.28 MBytes  61.1 Mbits/sec  5463  
[ 27]   0.00-1.00   sec  7.28 MBytes  61.1 Mbits/sec  5463  
[ 29]   0.00-1.00   sec  7.28 MBytes  61.1 Mbits/sec  5463  
[ 31]   0.00-1.00   sec  7.28 MBytes  61.1 Mbits/sec  5463  
[ 33]   0.00-1.00   sec  7.28 MBytes  61.1 Mbits/sec  5463  
[ 35]   0.00-1.00   sec  7.28 MBytes  61.1 Mbits/sec  5463  
[ 37]   0.00-1.00   sec  7.28 MBytes  61.1 Mbits/sec  5463  
[ 39]   0.00-1.00   sec  7.28 MBytes  61.1 Mbits/sec  5463  
[ 41]   0.00-1.00   sec  7.28 MBytes  61.1 Mbits/sec  5463  
[ 43]   0.00-1.00   sec  7.28 MBytes  61.1 Mbits/sec  5463  
[SUM]   0.00-1.00   sec   146 MBytes  1222 Mbits/sec  109260  
- - - - - - - - - - - - - - - - - - - - - - - - -
[  5]   1.00-2.00   sec  7.49 MBytes  62.8 Mbits/sec  5615  
[  7]   1.00-2.00   sec  7.49 MBytes  62.8 Mbits/sec  5615  
[  9]   1.00-2.00   sec  7.49 MBytes  62.8 Mbits/sec  5615  
[ 11]   1.00-2.00   sec  7.49 MBytes  62.8 Mbits/sec  5615  
[ 13]   1.00-2.00   sec  7.49 MBytes  62.8 Mbits/sec  5615  
[ 15]   1.00-2.00   sec  7.49 MBytes  62.8 Mbits/sec  5615  
[ 17]   1.00-2.00   sec  7.49 MBytes  62.8 Mbits/sec  5615  
[ 19]   1.00-2.00   sec  7.49 MBytes  62.8 Mbits/sec  5615  
[ 21]   1.00-2.00   sec  7.49 MBytes  62.8 Mbits/sec  5615  
[ 23]   1.00-2.00   sec  7.49 MBytes  62.8 Mbits/sec  5615  
[ 25]   1.00-2.00   sec  7.49 MBytes  62.8 Mbits/sec  5615  
[ 27]   1.00-2.00   sec  7.49 MBytes  62.8 Mbits/sec  5615  
[ 29]   1.00-2.00   sec  7.49 MBytes  62.8 Mbits/sec  5615  
[ 31]   1.00-2.00   sec  7.49 MBytes  62.8 Mbits/sec  5615  
[ 33]   1.00-2.00   sec  7.49 MBytes  62.8 Mbits/sec  5615  
[ 35]   1.00-2.00   sec  7.49 MBytes  62.8 Mbits/sec  5615  
[ 37]   1.00-2.00   sec  7.49 MBytes  62.8 Mbits/sec  5615  
[ 39]   1.00-2.00   sec  7.49 MBytes  62.8 Mbits/sec  5615  
[ 41]   1.00-2.00   sec  7.49 MBytes  62.8 Mbits/sec  5615  
[ 43]   1.00-2.00   sec  7.49 MBytes  62.8 Mbits/sec  5615  
[SUM]   1.00-2.00   sec   150 MBytes  1256 Mbits/sec  112300  
- - - - - - - - - - - - - - - - - - - - - - - - -
[  5]   2.00-3.00   sec  7.90 MBytes  66.3 Mbits/sec  5927  
[  7]   2.00-3.00   sec  7.90 MBytes  66.3 Mbits/sec  5927  
[  9]   2.00-3.00   sec  7.90 MBytes  66.3 Mbits/sec  5927  
[ 11]   2.00-3.00   sec  7.90 MBytes  66.3 Mbits/sec  5927  
[ 13]   2.00-3.00   sec  7.90 MBytes  66.3 Mbits/sec  5927  
[ 15]   2.00-3.00   sec  7.90 MBytes  66.3 Mbits/sec  5927  
[ 17]   2.00-3.00   sec  7.90 MBytes  66.3 Mbits/sec  5927  
[ 19]   2.00-3.00   sec  7.90 MBytes  66.3 Mbits/sec  5927  
[ 21]   2.00-3.00   sec  7.90 MBytes  66.3 Mbits/sec  5927  
[ 23]   2.00-3.00   sec  7.90 MBytes  66.3 Mbits/sec  5927  
[ 25]   2.00-3.00   sec  7.90 MBytes  66.3 Mbits/sec  5927  
[ 27]   2.00-3.00   sec  7.90 MBytes  66.3 Mbits/sec  5927  
[ 29]   2.00-3.00   sec  7.90 MBytes  66.3 Mbits/sec  5927  
[ 31]   2.00-3.00   sec  7.90 MBytes  66.3 Mbits/sec  5927  
[ 33]   2.00-3.00   sec  7.90 MBytes  66.3 Mbits/sec  5927  
[ 35]   2.00-3.00   sec  7.90 MBytes  66.3 Mbits/sec  5927  
[ 37]   2.00-3.00   sec  7.90 MBytes  66.3 Mbits/sec  5927  
[ 39]   2.00-3.00   sec  7.90 MBytes  66.3 Mbits/sec  5927  
[ 41]   2.00-3.00   sec  7.90 MBytes  66.3 Mbits/sec  5927  
[ 43]   2.00-3.00   sec  7.90 MBytes  66.3 Mbits/sec  5927  
[SUM]   2.00-3.00   sec   158 MBytes  1326 Mbits/sec  118540  
- - - - - - - - - - - - - - - - - - - - - - - - -
[  5]   3.00-4.00   sec  7.86 MBytes  65.9 Mbits/sec  5894  
[  7]   3.00-4.00   sec  7.86 MBytes  65.9 Mbits/sec  5894  
[  9]   3.00-4.00   sec  7.86 MBytes  65.9 Mbits/sec  5894  
[ 11]   3.00-4.00   sec  7.86 MBytes  65.9 Mbits/sec  5894  
[ 13]   3.00-4.00   sec  7.86 MBytes  65.9 Mbits/sec  5894  
[ 15]   3.00-4.00   sec  7.86 MBytes  65.9 Mbits/sec  5894  
[ 17]   3.00-4.00   sec  7.86 MBytes  65.9 Mbits/sec  5894  
[ 19]   3.00-4.00   sec  7.86 MBytes  65.9 Mbits/sec  5894  
[ 21]   3.00-4.00   sec  7.86 MBytes  65.9 Mbits/sec  5894  
[ 23]   3.00-4.00   sec  7.86 MBytes  65.9 Mbits/sec  5894  
[ 25]   3.00-4.00   sec  7.86 MBytes  65.9 Mbits/sec  5894  
[ 27]   3.00-4.00   sec  7.86 MBytes  65.9 Mbits/sec  5894  
[ 29]   3.00-4.00   sec  7.86 MBytes  65.9 Mbits/sec  5894  
[ 31]   3.00-4.00   sec  7.86 MBytes  65.9 Mbits/sec  5894  
[ 33]   3.00-4.00   sec  7.86 MBytes  65.9 Mbits/sec  5894  
[ 35]   3.00-4.00   sec  7.86 MBytes  65.9 Mbits/sec  5894  
[ 37]   3.00-4.00   sec  7.86 MBytes  65.9 Mbits/sec  5894  
[ 39]   3.00-4.00   sec  7.86 MBytes  65.9 Mbits/sec  5894  
[ 41]   3.00-4.00   sec  7.86 MBytes  65.9 Mbits/sec  5894  
[ 43]   3.00-4.00   sec  7.86 MBytes  65.9 Mbits/sec  5894  
[SUM]   3.00-4.00   sec   157 MBytes  1319 Mbits/sec  117880  
- - - - - - - - - - - - - - - - - - - - - - - - -
[  5]   4.00-5.00   sec  7.37 MBytes  61.8 Mbits/sec  5527  
[  7]   4.00-5.00   sec  7.37 MBytes  61.8 Mbits/sec  5527  
[  9]   4.00-5.00   sec  7.37 MBytes  61.8 Mbits/sec  5527  
[ 11]   4.00-5.00   sec  7.37 MBytes  61.8 Mbits/sec  5527  
[ 13]   4.00-5.00   sec  7.37 MBytes  61.8 Mbits/sec  5527  
[ 15]   4.00-5.00   sec  7.37 MBytes  61.8 Mbits/sec  5527  
[ 17]   4.00-5.00   sec  7.37 MBytes  61.8 Mbits/sec  5527  
[ 19]   4.00-5.00   sec  7.37 MBytes  61.8 Mbits/sec  5527  
[ 21]   4.00-5.00   sec  7.37 MBytes  61.8 Mbits/sec  5527  
[ 23]   4.00-5.00   sec  7.37 MBytes  61.8 Mbits/sec  5527  
[ 25]   4.00-5.00   sec  7.37 MBytes  61.8 Mbits/sec  5527  
[ 27]   4.00-5.00   sec  7.37 MBytes  61.8 Mbits/sec  5527  
[ 29]   4.00-5.00   sec  7.37 MBytes  61.8 Mbits/sec  5527  
[ 31]   4.00-5.00   sec  7.37 MBytes  61.8 Mbits/sec  5527  
[ 33]   4.00-5.00   sec  7.37 MBytes  61.8 Mbits/sec  5527  
[ 35]   4.00-5.00   sec  7.37 MBytes  61.8 Mbits/sec  5527  
[ 37]   4.00-5.00   sec  7.37 MBytes  61.8 Mbits/sec  5527  
[ 39]   4.00-5.00   sec  7.37 MBytes  61.8 Mbits/sec  5527  
[ 41]   4.00-5.00   sec  7.37 MBytes  61.8 Mbits/sec  5527  
[ 43]   4.00-5.00   sec  7.37 MBytes  61.8 Mbits/sec  5527  
[SUM]   4.00-5.00   sec   147 MBytes  1236 Mbits/sec  110540  
- - - - - - - - - - - - - - - - - - - - - - - - -
[  5]   5.00-6.00   sec  7.26 MBytes  60.9 Mbits/sec  5442  
[  7]   5.00-6.00   sec  7.26 MBytes  60.9 Mbits/sec  5442  
[  9]   5.00-6.00   sec  7.26 MBytes  60.9 Mbits/sec  5442  
[ 11]   5.00-6.00   sec  7.26 MBytes  60.9 Mbits/sec  5442  
[ 13]   5.00-6.00   sec  7.26 MBytes  60.9 Mbits/sec  5442  
[ 15]   5.00-6.00   sec  7.26 MBytes  60.9 Mbits/sec  5442  
[ 17]   5.00-6.00   sec  7.26 MBytes  60.9 Mbits/sec  5442  
[ 19]   5.00-6.00   sec  7.26 MBytes  60.9 Mbits/sec  5442  
[ 21]   5.00-6.00   sec  7.26 MBytes  60.9 Mbits/sec  5442  
[ 23]   5.00-6.00   sec  7.26 MBytes  60.9 Mbits/sec  5442  
[ 25]   5.00-6.00   sec  7.26 MBytes  60.9 Mbits/sec  5442  
[ 27]   5.00-6.00   sec  7.26 MBytes  60.9 Mbits/sec  5442  
[ 29]   5.00-6.00   sec  7.26 MBytes  60.9 Mbits/sec  5442  
[ 31]   5.00-6.00   sec  7.26 MBytes  60.9 Mbits/sec  5442  
[ 33]   5.00-6.00   sec  7.26 MBytes  60.9 Mbits/sec  5442  
[ 35]   5.00-6.00   sec  7.26 MBytes  60.9 Mbits/sec  5442  
[ 37]   5.00-6.00   sec  7.26 MBytes  60.9 Mbits/sec  5442  
[ 39]   5.00-6.00   sec  7.26 MBytes  60.9 Mbits/sec  5442  
[ 41]   5.00-6.00   sec  7.26 MBytes  60.9 Mbits/sec  5442  
[ 43]   5.00-6.00   sec  7.26 MBytes  60.9 Mbits/sec  5442  
[SUM]   5.00-6.00   sec   145 MBytes  1217 Mbits/sec  108840  
- - - - - - - - - - - - - - - - - - - - - - - - -
[  5]   6.00-7.00   sec  7.29 MBytes  61.2 Mbits/sec  5469  
[  7]   6.00-7.00   sec  7.29 MBytes  61.2 Mbits/sec  5469  
[  9]   6.00-7.00   sec  7.29 MBytes  61.2 Mbits/sec  5469  
[ 11]   6.00-7.00   sec  7.29 MBytes  61.2 Mbits/sec  5469  
[ 13]   6.00-7.00   sec  7.29 MBytes  61.2 Mbits/sec  5469  
[ 15]   6.00-7.00   sec  7.29 MBytes  61.2 Mbits/sec  5469  
[ 17]   6.00-7.00   sec  7.29 MBytes  61.2 Mbits/sec  5469  
[ 19]   6.00-7.00   sec  7.29 MBytes  61.2 Mbits/sec  5469  
[ 21]   6.00-7.00   sec  7.29 MBytes  61.2 Mbits/sec  5469  
[ 23]   6.00-7.00   sec  7.29 MBytes  61.2 Mbits/sec  5469  
[ 25]   6.00-7.00   sec  7.29 MBytes  61.2 Mbits/sec  5469  
[ 27]   6.00-7.00   sec  7.29 MBytes  61.2 Mbits/sec  5469  
[ 29]   6.00-7.00   sec  7.29 MBytes  61.2 Mbits/sec  5469  
[ 31]   6.00-7.00   sec  7.29 MBytes  61.2 Mbits/sec  5469  
[ 33]   6.00-7.00   sec  7.29 MBytes  61.2 Mbits/sec  5469  
[ 35]   6.00-7.00   sec  7.29 MBytes  61.2 Mbits/sec  5469  
[ 37]   6.00-7.00   sec  7.29 MBytes  61.2 Mbits/sec  5469  
[ 39]   6.00-7.00   sec  7.29 MBytes  61.2 Mbits/sec  5469  
[ 41]   6.00-7.00   sec  7.29 MBytes  61.2 Mbits/sec  5469  
[ 43]   6.00-7.00   sec  7.29 MBytes  61.2 Mbits/sec  5469  
[SUM]   6.00-7.00   sec   146 MBytes  1223 Mbits/sec  109380  
- - - - - - - - - - - - - - - - - - - - - - - - -
[  5]   7.00-8.00   sec  7.06 MBytes  59.3 Mbits/sec  5298  
[  7]   7.00-8.00   sec  7.06 MBytes  59.3 Mbits/sec  5298  
[  9]   7.00-8.00   sec  7.06 MBytes  59.3 Mbits/sec  5298  
[ 11]   7.00-8.00   sec  7.06 MBytes  59.3 Mbits/sec  5298  
[ 13]   7.00-8.00   sec  7.06 MBytes  59.3 Mbits/sec  5298  
[ 15]   7.00-8.00   sec  7.06 MBytes  59.3 Mbits/sec  5298  
[ 17]   7.00-8.00   sec  7.06 MBytes  59.3 Mbits/sec  5298  
[ 19]   7.00-8.00   sec  7.06 MBytes  59.3 Mbits/sec  5298  
[ 21]   7.00-8.00   sec  7.06 MBytes  59.3 Mbits/sec  5298  
[ 23]   7.00-8.00   sec  7.06 MBytes  59.3 Mbits/sec  5298  
[ 25]   7.00-8.00   sec  7.06 MBytes  59.2 Mbits/sec  5298  
[ 27]   7.00-8.00   sec  7.06 MBytes  59.2 Mbits/sec  5298  
[ 29]   7.00-8.00   sec  7.06 MBytes  59.2 Mbits/sec  5298  
[ 31]   7.00-8.00   sec  7.06 MBytes  59.3 Mbits/sec  5298  
[ 33]   7.00-8.00   sec  7.06 MBytes  59.3 Mbits/sec  5298  
[ 35]   7.00-8.00   sec  7.06 MBytes  59.3 Mbits/sec  5298  
[ 37]   7.00-8.00   sec  7.06 MBytes  59.3 Mbits/sec  5298  
[ 39]   7.00-8.00   sec  7.06 MBytes  59.3 Mbits/sec  5298  
[ 41]   7.00-8.00   sec  7.06 MBytes  59.3 Mbits/sec  5298  
[ 43]   7.00-8.00   sec  7.06 MBytes  59.3 Mbits/sec  5298  
[SUM]   7.00-8.00   sec   141 MBytes  1185 Mbits/sec  105960  
- - - - - - - - - - - - - - - - - - - - - - - - -
[  5]   8.00-9.00   sec  9.86 MBytes  82.7 Mbits/sec  7396  
[  7]   8.00-9.00   sec  9.86 MBytes  82.7 Mbits/sec  7396  
[  9]   8.00-9.00   sec  9.86 MBytes  82.7 Mbits/sec  7393  
[ 11]   8.00-9.00   sec  9.86 MBytes  82.7 Mbits/sec  7393  
[ 13]   8.00-9.00   sec  9.85 MBytes  82.7 Mbits/sec  7390  
[ 15]   8.00-9.00   sec  9.85 MBytes  82.7 Mbits/sec  7390  
[ 17]   8.00-9.00   sec  9.85 MBytes  82.6 Mbits/sec  7389  
[ 19]   8.00-9.00   sec  9.84 MBytes  82.6 Mbits/sec  7384  
[ 21]   8.00-9.00   sec  9.84 MBytes  82.6 Mbits/sec  7382  
[ 23]   8.00-9.00   sec  9.84 MBytes  82.5 Mbits/sec  7378  
[ 25]   8.00-9.00   sec  9.83 MBytes  82.5 Mbits/sec  7375  
[ 27]   8.00-9.00   sec  9.83 MBytes  82.5 Mbits/sec  7374  
[ 29]   8.00-9.00   sec  9.83 MBytes  82.5 Mbits/sec  7372  
[ 31]   8.00-9.00   sec  9.82 MBytes  82.4 Mbits/sec  7367  
[ 33]   8.00-9.00   sec  9.82 MBytes  82.4 Mbits/sec  7366  
[ 35]   8.00-9.00   sec  9.82 MBytes  82.4 Mbits/sec  7364  
[ 37]   8.00-9.00   sec  9.81 MBytes  82.3 Mbits/sec  7359  
[ 39]   8.00-9.00   sec  9.81 MBytes  82.3 Mbits/sec  7356  
[ 41]   8.00-9.00   sec  9.80 MBytes  82.2 Mbits/sec  7353  
[ 43]   8.00-9.00   sec  9.80 MBytes  82.2 Mbits/sec  7350  
[SUM]   8.00-9.00   sec   197 MBytes  1650 Mbits/sec  147527  
- - - - - - - - - - - - - - - - - - - - - - - - -
[  5]   9.00-10.00  sec  7.95 MBytes  66.7 Mbits/sec  5961  
[  7]   9.00-10.00  sec  7.95 MBytes  66.7 Mbits/sec  5961  
[  9]   9.00-10.00  sec  7.95 MBytes  66.7 Mbits/sec  5961  
[ 11]   9.00-10.00  sec  7.95 MBytes  66.7 Mbits/sec  5961  
[ 13]   9.00-10.00  sec  7.95 MBytes  66.7 Mbits/sec  5961  
[ 15]   9.00-10.00  sec  7.95 MBytes  66.7 Mbits/sec  5961  
[ 17]   9.00-10.00  sec  7.95 MBytes  66.7 Mbits/sec  5961  
[ 19]   9.00-10.00  sec  7.95 MBytes  66.7 Mbits/sec  5961  
[ 21]   9.00-10.00  sec  7.95 MBytes  66.7 Mbits/sec  5961  
[ 23]   9.00-10.00  sec  7.95 MBytes  66.7 Mbits/sec  5961  
[ 25]   9.00-10.00  sec  7.95 MBytes  66.7 Mbits/sec  5961  
[ 27]   9.00-10.00  sec  7.95 MBytes  66.7 Mbits/sec  5961  
[ 29]   9.00-10.00  sec  7.95 MBytes  66.7 Mbits/sec  5961  
[ 31]   9.00-10.00  sec  7.95 MBytes  66.7 Mbits/sec  5961  
[ 33]   9.00-10.00  sec  7.95 MBytes  66.7 Mbits/sec  5961  
[ 35]   9.00-10.00  sec  7.95 MBytes  66.7 Mbits/sec  5961  
[ 37]   9.00-10.00  sec  7.95 MBytes  66.7 Mbits/sec  5961  
[ 39]   9.00-10.00  sec  7.95 MBytes  66.7 Mbits/sec  5961  
[ 41]   9.00-10.00  sec  7.95 MBytes  66.7 Mbits/sec  5961  
[ 43]   9.00-10.00  sec  7.95 MBytes  66.7 Mbits/sec  5961  
[SUM]   9.00-10.00  sec   159 MBytes  1333 Mbits/sec  119220  
- - - - - - - - - - - - - - - - - - - - - - - - -
[  5]  10.00-11.00  sec  7.95 MBytes  66.7 Mbits/sec  5964  
[  7]  10.00-11.00  sec  7.95 MBytes  66.7 Mbits/sec  5964  
[  9]  10.00-11.00  sec  7.95 MBytes  66.7 Mbits/sec  5964  
[ 11]  10.00-11.00  sec  7.95 MBytes  66.7 Mbits/sec  5964  
[ 13]  10.00-11.00  sec  7.95 MBytes  66.7 Mbits/sec  5964  
[ 15]  10.00-11.00  sec  7.95 MBytes  66.7 Mbits/sec  5964  
[ 17]  10.00-11.00  sec  7.95 MBytes  66.7 Mbits/sec  5964  
[ 19]  10.00-11.00  sec  7.95 MBytes  66.7 Mbits/sec  5964  
[ 21]  10.00-11.00  sec  7.95 MBytes  66.7 Mbits/sec  5964  
[ 23]  10.00-11.00  sec  7.95 MBytes  66.7 Mbits/sec  5964  
[ 25]  10.00-11.00  sec  7.95 MBytes  66.7 Mbits/sec  5964  
[ 27]  10.00-11.00  sec  7.95 MBytes  66.7 Mbits/sec  5964  
[ 29]  10.00-11.00  sec  7.95 MBytes  66.7 Mbits/sec  5964  
[ 31]  10.00-11.00  sec  7.95 MBytes  66.7 Mbits/sec  5964  
[ 33]  10.00-11.00  sec  7.95 MBytes  66.7 Mbits/sec  5964  
[ 35]  10.00-11.00  sec  7.95 MBytes  66.7 Mbits/sec  5964  
[ 37]  10.00-11.00  sec  7.95 MBytes  66.7 Mbits/sec  5964  
[ 39]  10.00-11.00  sec  7.95 MBytes  66.7 Mbits/sec  5964  
[ 41]  10.00-11.00  sec  7.95 MBytes  66.7 Mbits/sec  5964  
[ 43]  10.00-11.00  sec  7.95 MBytes  66.7 Mbits/sec  5964  
[SUM]  10.00-11.00  sec   159 MBytes  1334 Mbits/sec  119280  
- - - - - - - - - - - - - - - - - - - - - - - - -
[  5]  11.00-12.00  sec  7.80 MBytes  65.4 Mbits/sec  5847  
[  7]  11.00-12.00  sec  7.80 MBytes  65.4 Mbits/sec  5847  
[  9]  11.00-12.00  sec  7.80 MBytes  65.4 Mbits/sec  5847  
[ 11]  11.00-12.00  sec  7.80 MBytes  65.4 Mbits/sec  5847  
[ 13]  11.00-12.00  sec  7.80 MBytes  65.4 Mbits/sec  5847  
[ 15]  11.00-12.00  sec  7.80 MBytes  65.4 Mbits/sec  5847  
[ 17]  11.00-12.00  sec  7.80 MBytes  65.4 Mbits/sec  5847  
[ 19]  11.00-12.00  sec  7.80 MBytes  65.4 Mbits/sec  5847  
[ 21]  11.00-12.00  sec  7.80 MBytes  65.4 Mbits/sec  5847  
[ 23]  11.00-12.00  sec  7.80 MBytes  65.4 Mbits/sec  5847  
[ 25]  11.00-12.00  sec  7.80 MBytes  65.4 Mbits/sec  5847  
[ 27]  11.00-12.00  sec  7.80 MBytes  65.4 Mbits/sec  5847  
[ 29]  11.00-12.00  sec  7.80 MBytes  65.4 Mbits/sec  5847  
[ 31]  11.00-12.00  sec  7.80 MBytes  65.4 Mbits/sec  5847  
[ 33]  11.00-12.00  sec  7.80 MBytes  65.4 Mbits/sec  5847  
[ 35]  11.00-12.00  sec  7.80 MBytes  65.4 Mbits/sec  5847  
[ 37]  11.00-12.00  sec  7.80 MBytes  65.4 Mbits/sec  5847  
[ 39]  11.00-12.00  sec  7.80 MBytes  65.4 Mbits/sec  5847  
[ 41]  11.00-12.00  sec  7.80 MBytes  65.4 Mbits/sec  5847  
[ 43]  11.00-12.00  sec  7.80 MBytes  65.4 Mbits/sec  5847  
[SUM]  11.00-12.00  sec   156 MBytes  1308 Mbits/sec  116940  
- - - - - - - - - - - - - - - - - - - - - - - - -
[  5]  12.00-13.00  sec  7.49 MBytes  62.8 Mbits/sec  5620  
[  7]  12.00-13.00  sec  7.49 MBytes  62.8 Mbits/sec  5620  
[  9]  12.00-13.00  sec  7.49 MBytes  62.8 Mbits/sec  5620  
[ 11]  12.00-13.00  sec  7.49 MBytes  62.8 Mbits/sec  5620  
[ 13]  12.00-13.00  sec  7.49 MBytes  62.8 Mbits/sec  5620  
[ 15]  12.00-13.00  sec  7.49 MBytes  62.8 Mbits/sec  5620  
[ 17]  12.00-13.00  sec  7.49 MBytes  62.8 Mbits/sec  5620  
[ 19]  12.00-13.00  sec  7.49 MBytes  62.8 Mbits/sec  5620  
[ 21]  12.00-13.00  sec  7.49 MBytes  62.8 Mbits/sec  5620  
[ 23]  12.00-13.00  sec  7.49 MBytes  62.8 Mbits/sec  5620  
[ 25]  12.00-13.00  sec  7.49 MBytes  62.8 Mbits/sec  5620  
[ 27]  12.00-13.00  sec  7.49 MBytes  62.8 Mbits/sec  5620  
[ 29]  12.00-13.00  sec  7.49 MBytes  62.8 Mbits/sec  5620  
[ 31]  12.00-13.00  sec  7.49 MBytes  62.8 Mbits/sec  5620  
[ 33]  12.00-13.00  sec  7.49 MBytes  62.8 Mbits/sec  5620  
[ 35]  12.00-13.00  sec  7.49 MBytes  62.8 Mbits/sec  5620  
[ 37]  12.00-13.00  sec  7.49 MBytes  62.8 Mbits/sec  5620  
[ 39]  12.00-13.00  sec  7.49 MBytes  62.8 Mbits/sec  5620  
[ 41]  12.00-13.00  sec  7.49 MBytes  62.8 Mbits/sec  5620  
[ 43]  12.00-13.00  sec  7.49 MBytes  62.8 Mbits/sec  5620  
[SUM]  12.00-13.00  sec   150 MBytes  1257 Mbits/sec  112400  
- - - - - - - - - - - - - - - - - - - - - - - - -
[  5]  13.00-14.00  sec  7.12 MBytes  59.7 Mbits/sec  5339  
[  7]  13.00-14.00  sec  7.12 MBytes  59.7 Mbits/sec  5339  
[  9]  13.00-14.00  sec  7.12 MBytes  59.7 Mbits/sec  5339  
[ 11]  13.00-14.00  sec  7.12 MBytes  59.7 Mbits/sec  5339  
[ 13]  13.00-14.00  sec  7.12 MBytes  59.7 Mbits/sec  5339  
[ 15]  13.00-14.00  sec  7.12 MBytes  59.7 Mbits/sec  5339  
[ 17]  13.00-14.00  sec  7.12 MBytes  59.7 Mbits/sec  5339  
[ 19]  13.00-14.00  sec  7.12 MBytes  59.7 Mbits/sec  5339  
[ 21]  13.00-14.00  sec  7.12 MBytes  59.7 Mbits/sec  5339  
[ 23]  13.00-14.00  sec  7.12 MBytes  59.7 Mbits/sec  5339  
[ 25]  13.00-14.00  sec  7.12 MBytes  59.7 Mbits/sec  5339  
[ 27]  13.00-14.00  sec  7.12 MBytes  59.7 Mbits/sec  5339  
[ 29]  13.00-14.00  sec  7.12 MBytes  59.7 Mbits/sec  5339  
[ 31]  13.00-14.00  sec  7.12 MBytes  59.7 Mbits/sec  5339  
[ 33]  13.00-14.00  sec  7.12 MBytes  59.7 Mbits/sec  5339  
[ 35]  13.00-14.00  sec  7.12 MBytes  59.7 Mbits/sec  5339  
[ 37]  13.00-14.00  sec  7.12 MBytes  59.7 Mbits/sec  5339  
[ 39]  13.00-14.00  sec  7.12 MBytes  59.7 Mbits/sec  5339  
[ 41]  13.00-14.00  sec  7.12 MBytes  59.7 Mbits/sec  5339  
[ 43]  13.00-14.00  sec  7.12 MBytes  59.7 Mbits/sec  5339  
[SUM]  13.00-14.00  sec   142 MBytes  1194 Mbits/sec  106780  
- - - - - - - - - - - - - - - - - - - - - - - - -
[  5]  14.00-15.00  sec  7.93 MBytes  66.5 Mbits/sec  5947  
[  7]  14.00-15.00  sec  7.93 MBytes  66.5 Mbits/sec  5947  
[  9]  14.00-15.00  sec  7.93 MBytes  66.5 Mbits/sec  5947  
[ 11]  14.00-15.00  sec  7.93 MBytes  66.5 Mbits/sec  5947  
[ 13]  14.00-15.00  sec  7.93 MBytes  66.5 Mbits/sec  5947  
[ 15]  14.00-15.00  sec  7.93 MBytes  66.5 Mbits/sec  5947  
[ 17]  14.00-15.00  sec  7.93 MBytes  66.5 Mbits/sec  5947  
[ 19]  14.00-15.00  sec  7.93 MBytes  66.5 Mbits/sec  5947  
[ 21]  14.00-15.00  sec  7.93 MBytes  66.5 Mbits/sec  5947  
[ 23]  14.00-15.00  sec  7.93 MBytes  66.5 Mbits/sec  5947  
[ 25]  14.00-15.00  sec  7.93 MBytes  66.5 Mbits/sec  5947  
[ 27]  14.00-15.00  sec  7.93 MBytes  66.5 Mbits/sec  5947  
[ 29]  14.00-15.00  sec  7.93 MBytes  66.5 Mbits/sec  5947  
[ 31]  14.00-15.00  sec  7.93 MBytes  66.5 Mbits/sec  5947  
[ 33]  14.00-15.00  sec  7.93 MBytes  66.5 Mbits/sec  5947  
[ 35]  14.00-15.00  sec  7.93 MBytes  66.5 Mbits/sec  5947  
[ 37]  14.00-15.00  sec  7.93 MBytes  66.5 Mbits/sec  5947  
[ 39]  14.00-15.00  sec  7.93 MBytes  66.5 Mbits/sec  5947  
[ 41]  14.00-15.00  sec  7.93 MBytes  66.5 Mbits/sec  5947  
[ 43]  14.00-15.00  sec  7.93 MBytes  66.5 Mbits/sec  5947  
[SUM]  14.00-15.00  sec   159 MBytes  1330 Mbits/sec  118940  
- - - - - - - - - - - - - - - - - - - - - - - - -
[  5]  15.00-16.00  sec  7.92 MBytes  66.5 Mbits/sec  5943  
[  7]  15.00-16.00  sec  7.92 MBytes  66.5 Mbits/sec  5943  
[  9]  15.00-16.00  sec  7.92 MBytes  66.5 Mbits/sec  5943  
[ 11]  15.00-16.00  sec  7.92 MBytes  66.5 Mbits/sec  5943  
[ 13]  15.00-16.00  sec  7.92 MBytes  66.5 Mbits/sec  5943  
[ 15]  15.00-16.00  sec  7.92 MBytes  66.5 Mbits/sec  5943  
[ 17]  15.00-16.00  sec  7.92 MBytes  66.5 Mbits/sec  5943  
[ 19]  15.00-16.00  sec  7.92 MBytes  66.5 Mbits/sec  5943  
[ 21]  15.00-16.00  sec  7.92 MBytes  66.5 Mbits/sec  5943  
[ 23]  15.00-16.00  sec  7.92 MBytes  66.5 Mbits/sec  5943  
[ 25]  15.00-16.00  sec  7.92 MBytes  66.5 Mbits/sec  5943  
[ 27]  15.00-16.00  sec  7.92 MBytes  66.5 Mbits/sec  5943  
[ 29]  15.00-16.00  sec  7.92 MBytes  66.5 Mbits/sec  5943  
[ 31]  15.00-16.00  sec  7.92 MBytes  66.5 Mbits/sec  5943  
[ 33]  15.00-16.00  sec  7.92 MBytes  66.5 Mbits/sec  5943  
[ 35]  15.00-16.00  sec  7.92 MBytes  66.5 Mbits/sec  5943  
[ 37]  15.00-16.00  sec  7.92 MBytes  66.5 Mbits/sec  5943  
[ 39]  15.00-16.00  sec  7.92 MBytes  66.5 Mbits/sec  5943  
[ 41]  15.00-16.00  sec  7.92 MBytes  66.5 Mbits/sec  5943  
[ 43]  15.00-16.00  sec  7.92 MBytes  66.5 Mbits/sec  5943  
[SUM]  15.00-16.00  sec   158 MBytes  1329 Mbits/sec  118860  
- - - - - - - - - - - - - - - - - - - - - - - - -
[  5]  16.00-17.00  sec  7.96 MBytes  66.7 Mbits/sec  5968  
[  7]  16.00-17.00  sec  7.96 MBytes  66.7 Mbits/sec  5968  
[  9]  16.00-17.00  sec  7.96 MBytes  66.7 Mbits/sec  5968  
[ 11]  16.00-17.00  sec  7.96 MBytes  66.7 Mbits/sec  5968  
[ 13]  16.00-17.00  sec  7.96 MBytes  66.7 Mbits/sec  5968  
[ 15]  16.00-17.00  sec  7.96 MBytes  66.7 Mbits/sec  5968  
[ 17]  16.00-17.00  sec  7.96 MBytes  66.7 Mbits/sec  5968  
[ 19]  16.00-17.00  sec  7.96 MBytes  66.7 Mbits/sec  5968  
[ 21]  16.00-17.00  sec  7.96 MBytes  66.7 Mbits/sec  5968  
[ 23]  16.00-17.00  sec  7.96 MBytes  66.7 Mbits/sec  5968  
[ 25]  16.00-17.00  sec  7.96 MBytes  66.7 Mbits/sec  5968  
[ 27]  16.00-17.00  sec  7.96 MBytes  66.7 Mbits/sec  5968  
[ 29]  16.00-17.00  sec  7.96 MBytes  66.7 Mbits/sec  5968  
[ 31]  16.00-17.00  sec  7.96 MBytes  66.7 Mbits/sec  5968  
[ 33]  16.00-17.00  sec  7.96 MBytes  66.7 Mbits/sec  5968  
[ 35]  16.00-17.00  sec  7.96 MBytes  66.7 Mbits/sec  5968  
[ 37]  16.00-17.00  sec  7.96 MBytes  66.7 Mbits/sec  5968  
[ 39]  16.00-17.00  sec  7.96 MBytes  66.7 Mbits/sec  5968  
[ 41]  16.00-17.00  sec  7.96 MBytes  66.7 Mbits/sec  5968  
[ 43]  16.00-17.00  sec  7.96 MBytes  66.7 Mbits/sec  5968  
[SUM]  16.00-17.00  sec   159 MBytes  1335 Mbits/sec  119360  
- - - - - - - - - - - - - - - - - - - - - - - - -
[  5]  17.00-18.00  sec  7.93 MBytes  66.5 Mbits/sec  5950  
[  7]  17.00-18.00  sec  7.93 MBytes  66.5 Mbits/sec  5950  
[  9]  17.00-18.00  sec  7.93 MBytes  66.5 Mbits/sec  5950  
[ 11]  17.00-18.00  sec  7.93 MBytes  66.5 Mbits/sec  5950  
[ 13]  17.00-18.00  sec  7.93 MBytes  66.5 Mbits/sec  5950  
[ 15]  17.00-18.00  sec  7.93 MBytes  66.5 Mbits/sec  5950  
[ 17]  17.00-18.00  sec  7.93 MBytes  66.5 Mbits/sec  5950  
[ 19]  17.00-18.00  sec  7.93 MBytes  66.5 Mbits/sec  5950  
[ 21]  17.00-18.00  sec  7.93 MBytes  66.5 Mbits/sec  5950  
[ 23]  17.00-18.00  sec  7.93 MBytes  66.5 Mbits/sec  5950  
[ 25]  17.00-18.00  sec  7.93 MBytes  66.5 Mbits/sec  5950  
[ 27]  17.00-18.00  sec  7.93 MBytes  66.5 Mbits/sec  5950  
[ 29]  17.00-18.00  sec  7.93 MBytes  66.5 Mbits/sec  5950  
[ 31]  17.00-18.00  sec  7.93 MBytes  66.5 Mbits/sec  5950  
[ 33]  17.00-18.00  sec  7.93 MBytes  66.5 Mbits/sec  5950  
[ 35]  17.00-18.00  sec  7.93 MBytes  66.5 Mbits/sec  5950  
[ 37]  17.00-18.00  sec  7.93 MBytes  66.5 Mbits/sec  5950  
[ 39]  17.00-18.00  sec  7.93 MBytes  66.5 Mbits/sec  5950  
[ 41]  17.00-18.00  sec  7.93 MBytes  66.5 Mbits/sec  5950  
[ 43]  17.00-18.00  sec  7.93 MBytes  66.5 Mbits/sec  5950  
[SUM]  17.00-18.00  sec   159 MBytes  1331 Mbits/sec  119000  
- - - - - - - - - - - - - - - - - - - - - - - - -
[  5]  18.00-19.00  sec  7.82 MBytes  65.6 Mbits/sec  5865  
[  7]  18.00-19.00  sec  7.82 MBytes  65.6 Mbits/sec  5865  
[  9]  18.00-19.00  sec  7.82 MBytes  65.6 Mbits/sec  5865  
[ 11]  18.00-19.00  sec  7.82 MBytes  65.6 Mbits/sec  5865  
[ 13]  18.00-19.00  sec  7.82 MBytes  65.6 Mbits/sec  5865  
[ 15]  18.00-19.00  sec  7.82 MBytes  65.6 Mbits/sec  5865  
[ 17]  18.00-19.00  sec  7.82 MBytes  65.6 Mbits/sec  5865  
[ 19]  18.00-19.00  sec  7.82 MBytes  65.6 Mbits/sec  5865  
[ 21]  18.00-19.00  sec  7.82 MBytes  65.6 Mbits/sec  5865  
[ 23]  18.00-19.00  sec  7.82 MBytes  65.6 Mbits/sec  5865  
[ 25]  18.00-19.00  sec  7.82 MBytes  65.6 Mbits/sec  5865  
[ 27]  18.00-19.00  sec  7.82 MBytes  65.6 Mbits/sec  5865  
[ 29]  18.00-19.00  sec  7.82 MBytes  65.6 Mbits/sec  5865  
[ 31]  18.00-19.00  sec  7.82 MBytes  65.6 Mbits/sec  5865  
[ 33]  18.00-19.00  sec  7.82 MBytes  65.6 Mbits/sec  5865  
[ 35]  18.00-19.00  sec  7.82 MBytes  65.6 Mbits/sec  5865  
[ 37]  18.00-19.00  sec  7.82 MBytes  65.6 Mbits/sec  5865  
[ 39]  18.00-19.00  sec  7.82 MBytes  65.6 Mbits/sec  5865  
[ 41]  18.00-19.00  sec  7.82 MBytes  65.6 Mbits/sec  5865  
[ 43]  18.00-19.00  sec  7.82 MBytes  65.6 Mbits/sec  5865  
[SUM]  18.00-19.00  sec   156 MBytes  1312 Mbits/sec  117300  
- - - - - - - - - - - - - - - - - - - - - - - - -
[  5]  19.00-20.00  sec  7.78 MBytes  65.2 Mbits/sec  5833  
[  7]  19.00-20.00  sec  7.78 MBytes  65.2 Mbits/sec  5833  
[  9]  19.00-20.00  sec  7.78 MBytes  65.2 Mbits/sec  5833  
[ 11]  19.00-20.00  sec  7.78 MBytes  65.2 Mbits/sec  5833  
[ 13]  19.00-20.00  sec  7.78 MBytes  65.2 Mbits/sec  5833  
[ 15]  19.00-20.00  sec  7.78 MBytes  65.2 Mbits/sec  5833  
[ 17]  19.00-20.00  sec  7.78 MBytes  65.2 Mbits/sec  5833  
[ 19]  19.00-20.00  sec  7.78 MBytes  65.2 Mbits/sec  5833  
[ 21]  19.00-20.00  sec  7.78 MBytes  65.2 Mbits/sec  5833  
[ 23]  19.00-20.00  sec  7.78 MBytes  65.2 Mbits/sec  5833  
[ 25]  19.00-20.00  sec  7.78 MBytes  65.2 Mbits/sec  5833  
[ 27]  19.00-20.00  sec  7.78 MBytes  65.2 Mbits/sec  5833  
[ 29]  19.00-20.00  sec  7.78 MBytes  65.2 Mbits/sec  5833  
[ 31]  19.00-20.00  sec  7.78 MBytes  65.2 Mbits/sec  5833  
[ 33]  19.00-20.00  sec  7.78 MBytes  65.2 Mbits/sec  5833  
[ 35]  19.00-20.00  sec  7.78 MBytes  65.2 Mbits/sec  5833  
[ 37]  19.00-20.00  sec  7.78 MBytes  65.2 Mbits/sec  5833  
[ 39]  19.00-20.00  sec  7.78 MBytes  65.2 Mbits/sec  5833  
[ 41]  19.00-20.00  sec  7.78 MBytes  65.2 Mbits/sec  5833  
[ 43]  19.00-20.00  sec  7.78 MBytes  65.2 Mbits/sec  5833  
[SUM]  19.00-20.00  sec   156 MBytes  1305 Mbits/sec  116660  
- - - - - - - - - - - - - - - - - - - - - - - - -
[  5]  20.00-21.00  sec  7.72 MBytes  64.8 Mbits/sec  5793  
[  7]  20.00-21.00  sec  7.72 MBytes  64.8 Mbits/sec  5793  
[  9]  20.00-21.00  sec  7.72 MBytes  64.8 Mbits/sec  5793  
[ 11]  20.00-21.00  sec  7.72 MBytes  64.8 Mbits/sec  5793  
[ 13]  20.00-21.00  sec  7.72 MBytes  64.8 Mbits/sec  5793  
[ 15]  20.00-21.00  sec  7.72 MBytes  64.8 Mbits/sec  5793  
[ 17]  20.00-21.00  sec  7.72 MBytes  64.8 Mbits/sec  5793  
[ 19]  20.00-21.00  sec  7.72 MBytes  64.8 Mbits/sec  5793  
[ 21]  20.00-21.00  sec  7.72 MBytes  64.8 Mbits/sec  5793  
[ 23]  20.00-21.00  sec  7.72 MBytes  64.8 Mbits/sec  5793  
[ 25]  20.00-21.00  sec  7.72 MBytes  64.8 Mbits/sec  5793  
[ 27]  20.00-21.00  sec  7.72 MBytes  64.8 Mbits/sec  5793  
[ 29]  20.00-21.00  sec  7.72 MBytes  64.8 Mbits/sec  5793  
[ 31]  20.00-21.00  sec  7.72 MBytes  64.8 Mbits/sec  5793  
[ 33]  20.00-21.00  sec  7.72 MBytes  64.8 Mbits/sec  5793  
[ 35]  20.00-21.00  sec  7.72 MBytes  64.8 Mbits/sec  5793  
[ 37]  20.00-21.00  sec  7.72 MBytes  64.8 Mbits/sec  5793  
[ 39]  20.00-21.00  sec  7.72 MBytes  64.8 Mbits/sec  5793  
[ 41]  20.00-21.00  sec  7.72 MBytes  64.8 Mbits/sec  5793  
[ 43]  20.00-21.00  sec  7.72 MBytes  64.8 Mbits/sec  5793  
[SUM]  20.00-21.00  sec   154 MBytes  1296 Mbits/sec  115860  
- - - - - - - - - - - - - - - - - - - - - - - - -
[  5]  21.00-22.00  sec  7.75 MBytes  65.0 Mbits/sec  5815  
[  7]  21.00-22.00  sec  7.75 MBytes  65.0 Mbits/sec  5815  
[  9]  21.00-22.00  sec  7.75 MBytes  65.0 Mbits/sec  5815  
[ 11]  21.00-22.00  sec  7.75 MBytes  65.0 Mbits/sec  5815  
[ 13]  21.00-22.00  sec  7.75 MBytes  65.0 Mbits/sec  5815  
[ 15]  21.00-22.00  sec  7.75 MBytes  65.0 Mbits/sec  5815  
[ 17]  21.00-22.00  sec  7.75 MBytes  65.0 Mbits/sec  5815  
[ 19]  21.00-22.00  sec  7.75 MBytes  65.0 Mbits/sec  5815  
[ 21]  21.00-22.00  sec  7.75 MBytes  65.0 Mbits/sec  5815  
[ 23]  21.00-22.00  sec  7.75 MBytes  65.0 Mbits/sec  5815  
[ 25]  21.00-22.00  sec  7.75 MBytes  65.0 Mbits/sec  5815  
[ 27]  21.00-22.00  sec  7.75 MBytes  65.0 Mbits/sec  5815  
[ 29]  21.00-22.00  sec  7.75 MBytes  65.0 Mbits/sec  5815  
[ 31]  21.00-22.00  sec  7.75 MBytes  65.0 Mbits/sec  5815  
[ 33]  21.00-22.00  sec  7.75 MBytes  65.0 Mbits/sec  5815  
[ 35]  21.00-22.00  sec  7.75 MBytes  65.0 Mbits/sec  5815  
[ 37]  21.00-22.00  sec  7.75 MBytes  65.0 Mbits/sec  5815  
[ 39]  21.00-22.00  sec  7.75 MBytes  65.0 Mbits/sec  5815  
[ 41]  21.00-22.00  sec  7.75 MBytes  65.0 Mbits/sec  5815  
[ 43]  21.00-22.00  sec  7.75 MBytes  65.0 Mbits/sec  5815  
[SUM]  21.00-22.00  sec   155 MBytes  1301 Mbits/sec  116300  
- - - - - - - - - - - - - - - - - - - - - - - - -
[  5]  22.00-23.00  sec  7.86 MBytes  65.9 Mbits/sec  5893  
[  7]  22.00-23.00  sec  7.86 MBytes  65.9 Mbits/sec  5893  
[  9]  22.00-23.00  sec  7.86 MBytes  65.9 Mbits/sec  5893  
[ 11]  22.00-23.00  sec  7.86 MBytes  65.9 Mbits/sec  5893  
[ 13]  22.00-23.00  sec  7.86 MBytes  65.9 Mbits/sec  5893  
[ 15]  22.00-23.00  sec  7.86 MBytes  65.9 Mbits/sec  5893  
[ 17]  22.00-23.00  sec  7.86 MBytes  65.9 Mbits/sec  5893  
[ 19]  22.00-23.00  sec  7.86 MBytes  65.9 Mbits/sec  5893  
[ 21]  22.00-23.00  sec  7.86 MBytes  65.9 Mbits/sec  5893  
[ 23]  22.00-23.00  sec  7.86 MBytes  65.9 Mbits/sec  5893  
[ 25]  22.00-23.00  sec  7.86 MBytes  65.9 Mbits/sec  5893  
[ 27]  22.00-23.00  sec  7.86 MBytes  65.9 Mbits/sec  5893  
[ 29]  22.00-23.00  sec  7.86 MBytes  65.9 Mbits/sec  5893  
[ 31]  22.00-23.00  sec  7.86 MBytes  65.9 Mbits/sec  5893  
[ 33]  22.00-23.00  sec  7.86 MBytes  65.9 Mbits/sec  5893  
[ 35]  22.00-23.00  sec  7.86 MBytes  65.9 Mbits/sec  5893  
[ 37]  22.00-23.00  sec  7.86 MBytes  65.9 Mbits/sec  5893  
[ 39]  22.00-23.00  sec  7.86 MBytes  65.9 Mbits/sec  5893  
[ 41]  22.00-23.00  sec  7.86 MBytes  65.9 Mbits/sec  5893  
[ 43]  22.00-23.00  sec  7.86 MBytes  65.9 Mbits/sec  5893  
[SUM]  22.00-23.00  sec   157 MBytes  1318 Mbits/sec  117860  
- - - - - - - - - - - - - - - - - - - - - - - - -
[  5]  23.00-24.00  sec  7.83 MBytes  65.7 Mbits/sec  5876  
[  7]  23.00-24.00  sec  7.83 MBytes  65.7 Mbits/sec  5876  
[  9]  23.00-24.00  sec  7.83 MBytes  65.7 Mbits/sec  5876  
[ 11]  23.00-24.00  sec  7.83 MBytes  65.7 Mbits/sec  5876  
[ 13]  23.00-24.00  sec  7.83 MBytes  65.7 Mbits/sec  5876  
[ 15]  23.00-24.00  sec  7.83 MBytes  65.7 Mbits/sec  5876  
[ 17]  23.00-24.00  sec  7.83 MBytes  65.7 Mbits/sec  5876  
[ 19]  23.00-24.00  sec  7.83 MBytes  65.7 Mbits/sec  5876  
[ 21]  23.00-24.00  sec  7.83 MBytes  65.7 Mbits/sec  5876  
[ 23]  23.00-24.00  sec  7.83 MBytes  65.7 Mbits/sec  5876  
[ 25]  23.00-24.00  sec  7.83 MBytes  65.7 Mbits/sec  5876  
[ 27]  23.00-24.00  sec  7.83 MBytes  65.7 Mbits/sec  5876  
[ 29]  23.00-24.00  sec  7.83 MBytes  65.7 Mbits/sec  5876  
[ 31]  23.00-24.00  sec  7.83 MBytes  65.7 Mbits/sec  5876  
[ 33]  23.00-24.00  sec  7.83 MBytes  65.7 Mbits/sec  5876  
[ 35]  23.00-24.00  sec  7.83 MBytes  65.7 Mbits/sec  5876  
[ 37]  23.00-24.00  sec  7.83 MBytes  65.7 Mbits/sec  5876  
[ 39]  23.00-24.00  sec  7.83 MBytes  65.7 Mbits/sec  5876  
[ 41]  23.00-24.00  sec  7.83 MBytes  65.7 Mbits/sec  5876  
[ 43]  23.00-24.00  sec  7.83 MBytes  65.7 Mbits/sec  5876  
[SUM]  23.00-24.00  sec   157 MBytes  1314 Mbits/sec  117520  
- - - - - - - - - - - - - - - - - - - - - - - - -
[  5]  24.00-25.00  sec  7.20 MBytes  60.4 Mbits/sec  5403  
[  7]  24.00-25.00  sec  7.20 MBytes  60.4 Mbits/sec  5403  
[  9]  24.00-25.00  sec  7.20 MBytes  60.4 Mbits/sec  5403  
[ 11]  24.00-25.00  sec  7.20 MBytes  60.4 Mbits/sec  5403  
[ 13]  24.00-25.00  sec  7.20 MBytes  60.4 Mbits/sec  5403  
[ 15]  24.00-25.00  sec  7.20 MBytes  60.4 Mbits/sec  5403  
[ 17]  24.00-25.00  sec  7.20 MBytes  60.4 Mbits/sec  5403  
[ 19]  24.00-25.00  sec  7.20 MBytes  60.4 Mbits/sec  5403  
[ 21]  24.00-25.00  sec  7.20 MBytes  60.4 Mbits/sec  5403  
[ 23]  24.00-25.00  sec  7.20 MBytes  60.4 Mbits/sec  5403  
[ 25]  24.00-25.00  sec  7.20 MBytes  60.4 Mbits/sec  5403  
[ 27]  24.00-25.00  sec  7.20 MBytes  60.4 Mbits/sec  5403  
[ 29]  24.00-25.00  sec  7.20 MBytes  60.4 Mbits/sec  5403  
[ 31]  24.00-25.00  sec  7.20 MBytes  60.4 Mbits/sec  5403  
[ 33]  24.00-25.00  sec  7.20 MBytes  60.4 Mbits/sec  5403  
[ 35]  24.00-25.00  sec  7.20 MBytes  60.4 Mbits/sec  5403  
[ 37]  24.00-25.00  sec  7.20 MBytes  60.4 Mbits/sec  5403  
[ 39]  24.00-25.00  sec  7.20 MBytes  60.4 Mbits/sec  5403  
[ 41]  24.00-25.00  sec  7.20 MBytes  60.4 Mbits/sec  5403  
[ 43]  24.00-25.00  sec  7.20 MBytes  60.4 Mbits/sec  5403  
[SUM]  24.00-25.00  sec   144 MBytes  1209 Mbits/sec  108060  
- - - - - - - - - - - - - - - - - - - - - - - - -
[  5]  25.00-26.00  sec  6.92 MBytes  58.0 Mbits/sec  5188  
[  7]  25.00-26.00  sec  6.92 MBytes  58.0 Mbits/sec  5188  
[  9]  25.00-26.00  sec  6.92 MBytes  58.0 Mbits/sec  5188  
[ 11]  25.00-26.00  sec  6.92 MBytes  58.0 Mbits/sec  5188  
[ 13]  25.00-26.00  sec  6.92 MBytes  58.0 Mbits/sec  5188  
[ 15]  25.00-26.00  sec  6.92 MBytes  58.0 Mbits/sec  5188  
[ 17]  25.00-26.00  sec  6.92 MBytes  58.0 Mbits/sec  5188  
[ 19]  25.00-26.00  sec  6.92 MBytes  58.0 Mbits/sec  5188  
[ 21]  25.00-26.00  sec  6.92 MBytes  58.0 Mbits/sec  5188  
[ 23]  25.00-26.00  sec  6.92 MBytes  58.0 Mbits/sec  5188  
[ 25]  25.00-26.00  sec  6.92 MBytes  58.0 Mbits/sec  5188  
[ 27]  25.00-26.00  sec  6.92 MBytes  58.0 Mbits/sec  5188  
[ 29]  25.00-26.00  sec  6.92 MBytes  58.0 Mbits/sec  5188  
[ 31]  25.00-26.00  sec  6.92 MBytes  58.0 Mbits/sec  5188  
[ 33]  25.00-26.00  sec  6.92 MBytes  58.0 Mbits/sec  5188  
[ 35]  25.00-26.00  sec  6.92 MBytes  58.0 Mbits/sec  5188  
[ 37]  25.00-26.00  sec  6.92 MBytes  58.0 Mbits/sec  5188  
[ 39]  25.00-26.00  sec  6.92 MBytes  58.0 Mbits/sec  5188  
[ 41]  25.00-26.00  sec  6.92 MBytes  58.0 Mbits/sec  5188  
[ 43]  25.00-26.00  sec  6.92 MBytes  58.0 Mbits/sec  5188  
[SUM]  25.00-26.00  sec   138 MBytes  1160 Mbits/sec  103760  
- - - - - - - - - - - - - - - - - - - - - - - - -
[  5]  26.00-27.00  sec  7.41 MBytes  62.2 Mbits/sec  5560  
[  7]  26.00-27.00  sec  7.41 MBytes  62.2 Mbits/sec  5560  
[  9]  26.00-27.00  sec  7.41 MBytes  62.2 Mbits/sec  5560  
[ 11]  26.00-27.00  sec  7.41 MBytes  62.2 Mbits/sec  5560  
[ 13]  26.00-27.00  sec  7.41 MBytes  62.2 Mbits/sec  5560  
[ 15]  26.00-27.00  sec  7.41 MBytes  62.2 Mbits/sec  5560  
[ 17]  26.00-27.00  sec  7.41 MBytes  62.2 Mbits/sec  5560  
[ 19]  26.00-27.00  sec  7.41 MBytes  62.2 Mbits/sec  5560  
[ 21]  26.00-27.00  sec  7.41 MBytes  62.2 Mbits/sec  5560  
[ 23]  26.00-27.00  sec  7.41 MBytes  62.2 Mbits/sec  5560  
[ 25]  26.00-27.00  sec  7.41 MBytes  62.2 Mbits/sec  5560  
[ 27]  26.00-27.00  sec  7.41 MBytes  62.2 Mbits/sec  5560  
[ 29]  26.00-27.00  sec  7.41 MBytes  62.2 Mbits/sec  5560  
[ 31]  26.00-27.00  sec  7.41 MBytes  62.2 Mbits/sec  5560  
[ 33]  26.00-27.00  sec  7.41 MBytes  62.2 Mbits/sec  5560  
[ 35]  26.00-27.00  sec  7.41 MBytes  62.2 Mbits/sec  5560  
[ 37]  26.00-27.00  sec  7.41 MBytes  62.2 Mbits/sec  5560  
[ 39]  26.00-27.00  sec  7.41 MBytes  62.2 Mbits/sec  5560  
[ 41]  26.00-27.00  sec  7.41 MBytes  62.2 Mbits/sec  5560  
[ 43]  26.00-27.00  sec  7.41 MBytes  62.2 Mbits/sec  5560  
[SUM]  26.00-27.00  sec   148 MBytes  1244 Mbits/sec  111200  
- - - - - - - - - - - - - - - - - - - - - - - - -
[  5]  27.00-28.00  sec  7.87 MBytes  66.0 Mbits/sec  5905  
[  7]  27.00-28.00  sec  7.87 MBytes  66.0 Mbits/sec  5905  
[  9]  27.00-28.00  sec  7.87 MBytes  66.0 Mbits/sec  5905  
[ 11]  27.00-28.00  sec  7.87 MBytes  66.0 Mbits/sec  5905  
[ 13]  27.00-28.00  sec  7.87 MBytes  66.0 Mbits/sec  5905  
[ 15]  27.00-28.00  sec  7.87 MBytes  66.0 Mbits/sec  5905  
[ 17]  27.00-28.00  sec  7.87 MBytes  66.0 Mbits/sec  5905  
[ 19]  27.00-28.00  sec  7.87 MBytes  66.0 Mbits/sec  5905  
[ 21]  27.00-28.00  sec  7.87 MBytes  66.0 Mbits/sec  5905  
[ 23]  27.00-28.00  sec  7.87 MBytes  66.0 Mbits/sec  5905  
[ 25]  27.00-28.00  sec  7.87 MBytes  66.0 Mbits/sec  5905  
[ 27]  27.00-28.00  sec  7.87 MBytes  66.0 Mbits/sec  5905  
[ 29]  27.00-28.00  sec  7.87 MBytes  66.0 Mbits/sec  5905  
[ 31]  27.00-28.00  sec  7.87 MBytes  66.0 Mbits/sec  5905  
[ 33]  27.00-28.00  sec  7.87 MBytes  66.0 Mbits/sec  5905  
[ 35]  27.00-28.00  sec  7.87 MBytes  66.0 Mbits/sec  5905  
[ 37]  27.00-28.00  sec  7.87 MBytes  66.0 Mbits/sec  5905  
[ 39]  27.00-28.00  sec  7.87 MBytes  66.0 Mbits/sec  5905  
[ 41]  27.00-28.00  sec  7.87 MBytes  66.0 Mbits/sec  5905  
[ 43]  27.00-28.00  sec  7.87 MBytes  66.0 Mbits/sec  5905  
[SUM]  27.00-28.00  sec   157 MBytes  1321 Mbits/sec  118100  
- - - - - - - - - - - - - - - - - - - - - - - - -
[  5]  28.00-29.00  sec  7.96 MBytes  66.8 Mbits/sec  5973  
[  7]  28.00-29.00  sec  7.96 MBytes  66.8 Mbits/sec  5973  
[  9]  28.00-29.00  sec  7.96 MBytes  66.8 Mbits/sec  5973  
[ 11]  28.00-29.00  sec  7.96 MBytes  66.8 Mbits/sec  5973  
[ 13]  28.00-29.00  sec  7.96 MBytes  66.8 Mbits/sec  5973  
[ 15]  28.00-29.00  sec  7.96 MBytes  66.8 Mbits/sec  5973  
[ 17]  28.00-29.00  sec  7.96 MBytes  66.8 Mbits/sec  5973  
[ 19]  28.00-29.00  sec  7.96 MBytes  66.8 Mbits/sec  5973  
[ 21]  28.00-29.00  sec  7.96 MBytes  66.8 Mbits/sec  5973  
[ 23]  28.00-29.00  sec  7.96 MBytes  66.8 Mbits/sec  5973  
[ 25]  28.00-29.00  sec  7.96 MBytes  66.8 Mbits/sec  5973  
[ 27]  28.00-29.00  sec  7.96 MBytes  66.8 Mbits/sec  5973  
[ 29]  28.00-29.00  sec  7.96 MBytes  66.8 Mbits/sec  5973  
[ 31]  28.00-29.00  sec  7.96 MBytes  66.8 Mbits/sec  5973  
[ 33]  28.00-29.00  sec  7.96 MBytes  66.8 Mbits/sec  5973  
[ 35]  28.00-29.00  sec  7.96 MBytes  66.8 Mbits/sec  5973  
[ 37]  28.00-29.00  sec  7.96 MBytes  66.8 Mbits/sec  5973  
[ 39]  28.00-29.00  sec  7.96 MBytes  66.8 Mbits/sec  5973  
[ 41]  28.00-29.00  sec  7.96 MBytes  66.8 Mbits/sec  5973  
[ 43]  28.00-29.00  sec  7.96 MBytes  66.8 Mbits/sec  5973  
[SUM]  28.00-29.00  sec   159 MBytes  1336 Mbits/sec  119460  
- - - - - - - - - - - - - - - - - - - - - - - - -
[  5]  29.00-30.00  sec  7.33 MBytes  61.5 Mbits/sec  5501  
[  7]  29.00-30.00  sec  7.33 MBytes  61.5 Mbits/sec  5501  
[  9]  29.00-30.00  sec  7.33 MBytes  61.5 Mbits/sec  5501  
[ 11]  29.00-30.00  sec  7.33 MBytes  61.5 Mbits/sec  5501  
[ 13]  29.00-30.00  sec  7.33 MBytes  61.5 Mbits/sec  5501  
[ 15]  29.00-30.00  sec  7.33 MBytes  61.5 Mbits/sec  5501  
[ 17]  29.00-30.00  sec  7.33 MBytes  61.5 Mbits/sec  5501  
[ 19]  29.00-30.00  sec  7.33 MBytes  61.5 Mbits/sec  5501  
[ 21]  29.00-30.00  sec  7.33 MBytes  61.5 Mbits/sec  5501  
[ 23]  29.00-30.00  sec  7.33 MBytes  61.5 Mbits/sec  5501  
[ 25]  29.00-30.00  sec  7.33 MBytes  61.5 Mbits/sec  5501  
[ 27]  29.00-30.00  sec  7.33 MBytes  61.5 Mbits/sec  5501  
[ 29]  29.00-30.00  sec  7.33 MBytes  61.5 Mbits/sec  5501  
[ 31]  29.00-30.00  sec  7.33 MBytes  61.5 Mbits/sec  5501  
[ 33]  29.00-30.00  sec  7.33 MBytes  61.5 Mbits/sec  5501  
[ 35]  29.00-30.00  sec  7.33 MBytes  61.5 Mbits/sec  5501  
[ 37]  29.00-30.00  sec  7.33 MBytes  61.5 Mbits/sec  5501  
[ 39]  29.00-30.00  sec  7.33 MBytes  61.5 Mbits/sec  5501  
[ 41]  29.00-30.00  sec  7.33 MBytes  61.5 Mbits/sec  5501  
[ 43]  29.00-30.00  sec  7.33 MBytes  61.5 Mbits/sec  5501  
[SUM]  29.00-30.00  sec   147 MBytes  1230 Mbits/sec  110020  
- - - - - - - - - - - - - - - - - - - - - - - - -
[  5]  30.00-31.00  sec  7.58 MBytes  63.6 Mbits/sec  5682  
[  7]  30.00-31.00  sec  7.58 MBytes  63.6 Mbits/sec  5682  
[  9]  30.00-31.00  sec  7.58 MBytes  63.6 Mbits/sec  5682  
[ 11]  30.00-31.00  sec  7.58 MBytes  63.6 Mbits/sec  5682  
[ 13]  30.00-31.00  sec  7.58 MBytes  63.6 Mbits/sec  5682  
[ 15]  30.00-31.00  sec  7.58 MBytes  63.6 Mbits/sec  5682  
[ 17]  30.00-31.00  sec  7.58 MBytes  63.6 Mbits/sec  5682  
[ 19]  30.00-31.00  sec  7.58 MBytes  63.6 Mbits/sec  5682  
[ 21]  30.00-31.00  sec  7.58 MBytes  63.6 Mbits/sec  5682  
[ 23]  30.00-31.00  sec  7.58 MBytes  63.6 Mbits/sec  5682  
[ 25]  30.00-31.00  sec  7.58 MBytes  63.6 Mbits/sec  5682  
[ 27]  30.00-31.00  sec  7.58 MBytes  63.6 Mbits/sec  5682  
[ 29]  30.00-31.00  sec  7.58 MBytes  63.6 Mbits/sec  5682  
[ 31]  30.00-31.00  sec  7.58 MBytes  63.6 Mbits/sec  5682  
[ 33]  30.00-31.00  sec  7.58 MBytes  63.6 Mbits/sec  5682  
[ 35]  30.00-31.00  sec  7.58 MBytes  63.6 Mbits/sec  5682  
[ 37]  30.00-31.00  sec  7.58 MBytes  63.6 Mbits/sec  5682  
[ 39]  30.00-31.00  sec  7.58 MBytes  63.6 Mbits/sec  5682  
[ 41]  30.00-31.00  sec  7.58 MBytes  63.6 Mbits/sec  5682  
[ 43]  30.00-31.00  sec  7.58 MBytes  63.6 Mbits/sec  5682  
[SUM]  30.00-31.00  sec   152 MBytes  1271 Mbits/sec  113640  
- - - - - - - - - - - - - - - - - - - - - - - - -
[  5]  31.00-32.00  sec  7.79 MBytes  65.3 Mbits/sec  5841  
[  7]  31.00-32.00  sec  7.79 MBytes  65.3 Mbits/sec  5841  
[  9]  31.00-32.00  sec  7.79 MBytes  65.3 Mbits/sec  5841  
[ 11]  31.00-32.00  sec  7.79 MBytes  65.3 Mbits/sec  5841  
[ 13]  31.00-32.00  sec  7.79 MBytes  65.3 Mbits/sec  5841  
[ 15]  31.00-32.00  sec  7.79 MBytes  65.3 Mbits/sec  5841  
[ 17]  31.00-32.00  sec  7.79 MBytes  65.3 Mbits/sec  5841  
[ 19]  31.00-32.00  sec  7.79 MBytes  65.3 Mbits/sec  5841  
[ 21]  31.00-32.00  sec  7.79 MBytes  65.3 Mbits/sec  5841  
[ 23]  31.00-32.00  sec  7.79 MBytes  65.3 Mbits/sec  5841  
[ 25]  31.00-32.00  sec  7.79 MBytes  65.3 Mbits/sec  5841  
[ 27]  31.00-32.00  sec  7.79 MBytes  65.3 Mbits/sec  5841  
[ 29]  31.00-32.00  sec  7.79 MBytes  65.3 Mbits/sec  5841  
[ 31]  31.00-32.00  sec  7.79 MBytes  65.3 Mbits/sec  5841  
[ 33]  31.00-32.00  sec  7.79 MBytes  65.3 Mbits/sec  5841  
[ 35]  31.00-32.00  sec  7.79 MBytes  65.3 Mbits/sec  5841  
[ 37]  31.00-32.00  sec  7.79 MBytes  65.3 Mbits/sec  5841  
[ 39]  31.00-32.00  sec  7.79 MBytes  65.3 Mbits/sec  5841  
[ 41]  31.00-32.00  sec  7.79 MBytes  65.3 Mbits/sec  5841  
[ 43]  31.00-32.00  sec  7.79 MBytes  65.3 Mbits/sec  5841  
[SUM]  31.00-32.00  sec   156 MBytes  1306 Mbits/sec  116820  
- - - - - - - - - - - - - - - - - - - - - - - - -
[  5]  32.00-33.00  sec  7.28 MBytes  61.1 Mbits/sec  5460  
[  7]  32.00-33.00  sec  7.28 MBytes  61.1 Mbits/sec  5460  
[  9]  32.00-33.00  sec  7.28 MBytes  61.1 Mbits/sec  5460  
[ 11]  32.00-33.00  sec  7.28 MBytes  61.1 Mbits/sec  5460  
[ 13]  32.00-33.00  sec  7.28 MBytes  61.1 Mbits/sec  5460  
[ 15]  32.00-33.00  sec  7.28 MBytes  61.1 Mbits/sec  5460  
[ 17]  32.00-33.00  sec  7.28 MBytes  61.1 Mbits/sec  5460  
[ 19]  32.00-33.00  sec  7.28 MBytes  61.1 Mbits/sec  5460  
[ 21]  32.00-33.00  sec  7.28 MBytes  61.1 Mbits/sec  5460  
[ 23]  32.00-33.00  sec  7.28 MBytes  61.1 Mbits/sec  5460  
[ 25]  32.00-33.00  sec  7.28 MBytes  61.1 Mbits/sec  5460  
[ 27]  32.00-33.00  sec  7.28 MBytes  61.1 Mbits/sec  5460  
[ 29]  32.00-33.00  sec  7.28 MBytes  61.1 Mbits/sec  5460  
[ 31]  32.00-33.00  sec  7.28 MBytes  61.1 Mbits/sec  5460  
[ 33]  32.00-33.00  sec  7.28 MBytes  61.1 Mbits/sec  5460  
[ 35]  32.00-33.00  sec  7.28 MBytes  61.1 Mbits/sec  5460  
[ 37]  32.00-33.00  sec  7.28 MBytes  61.1 Mbits/sec  5460  
[ 39]  32.00-33.00  sec  7.28 MBytes  61.1 Mbits/sec  5460  
[ 41]  32.00-33.00  sec  7.28 MBytes  61.1 Mbits/sec  5460  
[ 43]  32.00-33.00  sec  7.28 MBytes  61.1 Mbits/sec  5460  
[SUM]  32.00-33.00  sec   146 MBytes  1221 Mbits/sec  109200  
- - - - - - - - - - - - - - - - - - - - - - - - -
[  5]  33.00-34.00  sec  7.94 MBytes  66.6 Mbits/sec  5956  
[  7]  33.00-34.00  sec  7.94 MBytes  66.6 Mbits/sec  5956  
[  9]  33.00-34.00  sec  7.94 MBytes  66.6 Mbits/sec  5956  
[ 11]  33.00-34.00  sec  7.94 MBytes  66.6 Mbits/sec  5956  
[ 13]  33.00-34.00  sec  7.94 MBytes  66.6 Mbits/sec  5956  
[ 15]  33.00-34.00  sec  7.94 MBytes  66.6 Mbits/sec  5956  
[ 17]  33.00-34.00  sec  7.94 MBytes  66.6 Mbits/sec  5956  
[ 19]  33.00-34.00  sec  7.94 MBytes  66.6 Mbits/sec  5956  
[ 21]  33.00-34.00  sec  7.94 MBytes  66.6 Mbits/sec  5956  
[ 23]  33.00-34.00  sec  7.94 MBytes  66.6 Mbits/sec  5956  
[ 25]  33.00-34.00  sec  7.94 MBytes  66.6 Mbits/sec  5956  
[ 27]  33.00-34.00  sec  7.94 MBytes  66.6 Mbits/sec  5956  
[ 29]  33.00-34.00  sec  7.94 MBytes  66.6 Mbits/sec  5956  
[ 31]  33.00-34.00  sec  7.94 MBytes  66.6 Mbits/sec  5956  
[ 33]  33.00-34.00  sec  7.94 MBytes  66.6 Mbits/sec  5956  
[ 35]  33.00-34.00  sec  7.94 MBytes  66.6 Mbits/sec  5956  
[ 37]  33.00-34.00  sec  7.94 MBytes  66.6 Mbits/sec  5956  
[ 39]  33.00-34.00  sec  7.94 MBytes  66.6 Mbits/sec  5956  
[ 41]  33.00-34.00  sec  7.94 MBytes  66.6 Mbits/sec  5956  
[ 43]  33.00-34.00  sec  7.94 MBytes  66.6 Mbits/sec  5956  
[SUM]  33.00-34.00  sec   159 MBytes  1332 Mbits/sec  119120  
- - - - - - - - - - - - - - - - - - - - - - - - -
[  5]  34.00-35.00  sec  7.96 MBytes  66.7 Mbits/sec  5967  
[  7]  34.00-35.00  sec  7.96 MBytes  66.7 Mbits/sec  5967  
[  9]  34.00-35.00  sec  7.96 MBytes  66.7 Mbits/sec  5967  
[ 11]  34.00-35.00  sec  7.96 MBytes  66.7 Mbits/sec  5967  
[ 13]  34.00-35.00  sec  7.96 MBytes  66.7 Mbits/sec  5967  
[ 15]  34.00-35.00  sec  7.96 MBytes  66.7 Mbits/sec  5967  
[ 17]  34.00-35.00  sec  7.96 MBytes  66.7 Mbits/sec  5967  
[ 19]  34.00-35.00  sec  7.96 MBytes  66.7 Mbits/sec  5967  
[ 21]  34.00-35.00  sec  7.96 MBytes  66.7 Mbits/sec  5967  
[ 23]  34.00-35.00  sec  7.96 MBytes  66.7 Mbits/sec  5967  
[ 25]  34.00-35.00  sec  7.96 MBytes  66.7 Mbits/sec  5967  
[ 27]  34.00-35.00  sec  7.96 MBytes  66.7 Mbits/sec  5967  
[ 29]  34.00-35.00  sec  7.96 MBytes  66.7 Mbits/sec  5967  
[ 31]  34.00-35.00  sec  7.96 MBytes  66.7 Mbits/sec  5967  
[ 33]  34.00-35.00  sec  7.96 MBytes  66.7 Mbits/sec  5967  
[ 35]  34.00-35.00  sec  7.96 MBytes  66.7 Mbits/sec  5967  
[ 37]  34.00-35.00  sec  7.96 MBytes  66.7 Mbits/sec  5967  
[ 39]  34.00-35.00  sec  7.96 MBytes  66.7 Mbits/sec  5967  
[ 41]  34.00-35.00  sec  7.96 MBytes  66.7 Mbits/sec  5967  
[ 43]  34.00-35.00  sec  7.96 MBytes  66.7 Mbits/sec  5967  
[SUM]  34.00-35.00  sec   159 MBytes  1335 Mbits/sec  119340  
- - - - - - - - - - - - - - - - - - - - - - - - -
[  5]  35.00-36.00  sec  7.95 MBytes  66.7 Mbits/sec  5964  
[  7]  35.00-36.00  sec  7.95 MBytes  66.7 Mbits/sec  5964  
[  9]  35.00-36.00  sec  7.95 MBytes  66.7 Mbits/sec  5964  
[ 11]  35.00-36.00  sec  7.95 MBytes  66.7 Mbits/sec  5964  
[ 13]  35.00-36.00  sec  7.95 MBytes  66.7 Mbits/sec  5964  
[ 15]  35.00-36.00  sec  7.95 MBytes  66.7 Mbits/sec  5964  
[ 17]  35.00-36.00  sec  7.95 MBytes  66.7 Mbits/sec  5964  
[ 19]  35.00-36.00  sec  7.95 MBytes  66.7 Mbits/sec  5964  
[ 21]  35.00-36.00  sec  7.95 MBytes  66.7 Mbits/sec  5964  
[ 23]  35.00-36.00  sec  7.95 MBytes  66.7 Mbits/sec  5964  
[ 25]  35.00-36.00  sec  7.95 MBytes  66.7 Mbits/sec  5964  
[ 27]  35.00-36.00  sec  7.95 MBytes  66.7 Mbits/sec  5964  
[ 29]  35.00-36.00  sec  7.95 MBytes  66.7 Mbits/sec  5964  
[ 31]  35.00-36.00  sec  7.95 MBytes  66.7 Mbits/sec  5964  
[ 33]  35.00-36.00  sec  7.95 MBytes  66.7 Mbits/sec  5964  
[ 35]  35.00-36.00  sec  7.95 MBytes  66.7 Mbits/sec  5964  
[ 37]  35.00-36.00  sec  7.95 MBytes  66.7 Mbits/sec  5964  
[ 39]  35.00-36.00  sec  7.95 MBytes  66.7 Mbits/sec  5964  
[ 41]  35.00-36.00  sec  7.95 MBytes  66.7 Mbits/sec  5964  
[ 43]  35.00-36.00  sec  7.95 MBytes  66.7 Mbits/sec  5964  
[SUM]  35.00-36.00  sec   159 MBytes  1334 Mbits/sec  119280  
- - - - - - - - - - - - - - - - - - - - - - - - -
[  5]  36.00-37.00  sec  7.94 MBytes  66.6 Mbits/sec  5955  
[  7]  36.00-37.00  sec  7.94 MBytes  66.6 Mbits/sec  5955  
[  9]  36.00-37.00  sec  7.94 MBytes  66.6 Mbits/sec  5955  
[ 11]  36.00-37.00  sec  7.94 MBytes  66.6 Mbits/sec  5955  
[ 13]  36.00-37.00  sec  7.94 MBytes  66.6 Mbits/sec  5955  
[ 15]  36.00-37.00  sec  7.94 MBytes  66.6 Mbits/sec  5955  
[ 17]  36.00-37.00  sec  7.94 MBytes  66.6 Mbits/sec  5955  
[ 19]  36.00-37.00  sec  7.94 MBytes  66.6 Mbits/sec  5955  
[ 21]  36.00-37.00  sec  7.94 MBytes  66.6 Mbits/sec  5955  
[ 23]  36.00-37.00  sec  7.94 MBytes  66.6 Mbits/sec  5955  
[ 25]  36.00-37.00  sec  7.94 MBytes  66.6 Mbits/sec  5955  
[ 27]  36.00-37.00  sec  7.94 MBytes  66.6 Mbits/sec  5955  
[ 29]  36.00-37.00  sec  7.94 MBytes  66.6 Mbits/sec  5955  
[ 31]  36.00-37.00  sec  7.94 MBytes  66.6 Mbits/sec  5955  
[ 33]  36.00-37.00  sec  7.94 MBytes  66.6 Mbits/sec  5955  
[ 35]  36.00-37.00  sec  7.94 MBytes  66.6 Mbits/sec  5955  
[ 37]  36.00-37.00  sec  7.94 MBytes  66.6 Mbits/sec  5955  
[ 39]  36.00-37.00  sec  7.94 MBytes  66.6 Mbits/sec  5955  
[ 41]  36.00-37.00  sec  7.94 MBytes  66.6 Mbits/sec  5955  
[ 43]  36.00-37.00  sec  7.94 MBytes  66.6 Mbits/sec  5955  
[SUM]  36.00-37.00  sec   159 MBytes  1332 Mbits/sec  119100  
- - - - - - - - - - - - - - - - - - - - - - - - -
[  5]  37.00-38.00  sec  7.85 MBytes  65.8 Mbits/sec  5888  
[  7]  37.00-38.00  sec  7.85 MBytes  65.8 Mbits/sec  5888  
[  9]  37.00-38.00  sec  7.85 MBytes  65.8 Mbits/sec  5888  
[ 11]  37.00-38.00  sec  7.85 MBytes  65.8 Mbits/sec  5888  
[ 13]  37.00-38.00  sec  7.85 MBytes  65.8 Mbits/sec  5888  
[ 15]  37.00-38.00  sec  7.85 MBytes  65.8 Mbits/sec  5888  
[ 17]  37.00-38.00  sec  7.85 MBytes  65.8 Mbits/sec  5888  
[ 19]  37.00-38.00  sec  7.85 MBytes  65.8 Mbits/sec  5888  
[ 21]  37.00-38.00  sec  7.85 MBytes  65.8 Mbits/sec  5888  
[ 23]  37.00-38.00  sec  7.85 MBytes  65.8 Mbits/sec  5888  
[ 25]  37.00-38.00  sec  7.85 MBytes  65.8 Mbits/sec  5888  
[ 27]  37.00-38.00  sec  7.85 MBytes  65.8 Mbits/sec  5888  
[ 29]  37.00-38.00  sec  7.85 MBytes  65.8 Mbits/sec  5888  
[ 31]  37.00-38.00  sec  7.85 MBytes  65.8 Mbits/sec  5888  
[ 33]  37.00-38.00  sec  7.85 MBytes  65.8 Mbits/sec  5888  
[ 35]  37.00-38.00  sec  7.85 MBytes  65.8 Mbits/sec  5888  
[ 37]  37.00-38.00  sec  7.85 MBytes  65.8 Mbits/sec  5888  
[ 39]  37.00-38.00  sec  7.85 MBytes  65.8 Mbits/sec  5888  
[ 41]  37.00-38.00  sec  7.85 MBytes  65.8 Mbits/sec  5888  
[ 43]  37.00-38.00  sec  7.85 MBytes  65.8 Mbits/sec  5888  
[SUM]  37.00-38.00  sec   157 MBytes  1317 Mbits/sec  117760  
- - - - - - - - - - - - - - - - - - - - - - - - -
[  5]  38.00-39.00  sec  7.88 MBytes  66.1 Mbits/sec  5913  
[  7]  38.00-39.00  sec  7.88 MBytes  66.1 Mbits/sec  5913  
[  9]  38.00-39.00  sec  7.88 MBytes  66.1 Mbits/sec  5913  
[ 11]  38.00-39.00  sec  7.88 MBytes  66.1 Mbits/sec  5913  
[ 13]  38.00-39.00  sec  7.88 MBytes  66.1 Mbits/sec  5913  
[ 15]  38.00-39.00  sec  7.88 MBytes  66.1 Mbits/sec  5913  
[ 17]  38.00-39.00  sec  7.88 MBytes  66.1 Mbits/sec  5913  
[ 19]  38.00-39.00  sec  7.88 MBytes  66.1 Mbits/sec  5913  
[ 21]  38.00-39.00  sec  7.88 MBytes  66.1 Mbits/sec  5913  
[ 23]  38.00-39.00  sec  7.88 MBytes  66.1 Mbits/sec  5913  
[ 25]  38.00-39.00  sec  7.88 MBytes  66.1 Mbits/sec  5913  
[ 27]  38.00-39.00  sec  7.88 MBytes  66.1 Mbits/sec  5913  
[ 29]  38.00-39.00  sec  7.88 MBytes  66.1 Mbits/sec  5913  
[ 31]  38.00-39.00  sec  7.88 MBytes  66.1 Mbits/sec  5913  
[ 33]  38.00-39.00  sec  7.88 MBytes  66.1 Mbits/sec  5913  
[ 35]  38.00-39.00  sec  7.88 MBytes  66.1 Mbits/sec  5913  
[ 37]  38.00-39.00  sec  7.88 MBytes  66.1 Mbits/sec  5913  
[ 39]  38.00-39.00  sec  7.88 MBytes  66.1 Mbits/sec  5913  
[ 41]  38.00-39.00  sec  7.88 MBytes  66.1 Mbits/sec  5913  
[ 43]  38.00-39.00  sec  7.88 MBytes  66.1 Mbits/sec  5913  
[SUM]  38.00-39.00  sec   158 MBytes  1323 Mbits/sec  118260  
- - - - - - - - - - - - - - - - - - - - - - - - -
[  5]  39.00-40.00  sec  7.34 MBytes  61.6 Mbits/sec  5504  
[  7]  39.00-40.00  sec  7.34 MBytes  61.5 Mbits/sec  5504  
[  9]  39.00-40.00  sec  7.34 MBytes  61.5 Mbits/sec  5504  
[ 11]  39.00-40.00  sec  7.34 MBytes  61.5 Mbits/sec  5504  
[ 13]  39.00-40.00  sec  7.34 MBytes  61.6 Mbits/sec  5504  
[ 15]  39.00-40.00  sec  7.34 MBytes  61.6 Mbits/sec  5504  
[ 17]  39.00-40.00  sec  7.34 MBytes  61.6 Mbits/sec  5504  
[ 19]  39.00-40.00  sec  7.34 MBytes  61.6 Mbits/sec  5504  
[ 21]  39.00-40.00  sec  7.34 MBytes  61.6 Mbits/sec  5504  
[ 23]  39.00-40.00  sec  7.34 MBytes  61.6 Mbits/sec  5504  
[ 25]  39.00-40.00  sec  7.34 MBytes  61.6 Mbits/sec  5504  
[ 27]  39.00-40.00  sec  7.34 MBytes  61.6 Mbits/sec  5504  
[ 29]  39.00-40.00  sec  7.34 MBytes  61.6 Mbits/sec  5504  
[ 31]  39.00-40.00  sec  7.34 MBytes  61.6 Mbits/sec  5504  
[ 33]  39.00-40.00  sec  7.34 MBytes  61.6 Mbits/sec  5504  
[ 35]  39.00-40.00  sec  7.34 MBytes  61.6 Mbits/sec  5504  
[ 37]  39.00-40.00  sec  7.34 MBytes  61.6 Mbits/sec  5504  
[ 39]  39.00-40.00  sec  7.34 MBytes  61.6 Mbits/sec  5504  
[ 41]  39.00-40.00  sec  7.34 MBytes  61.6 Mbits/sec  5504  
[ 43]  39.00-40.00  sec  7.34 MBytes  61.6 Mbits/sec  5504  
[SUM]  39.00-40.00  sec   147 MBytes  1231 Mbits/sec  110080  
- - - - - - - - - - - - - - - - - - - - - - - - -
[  5]  40.00-41.00  sec  6.88 MBytes  57.7 Mbits/sec  5157  
[  7]  40.00-41.00  sec  6.88 MBytes  57.7 Mbits/sec  5157  
[  9]  40.00-41.00  sec  6.88 MBytes  57.7 Mbits/sec  5157  
[ 11]  40.00-41.00  sec  6.88 MBytes  57.7 Mbits/sec  5157  
[ 13]  40.00-41.00  sec  6.88 MBytes  57.7 Mbits/sec  5157  
[ 15]  40.00-41.00  sec  6.88 MBytes  57.7 Mbits/sec  5157  
[ 17]  40.00-41.00  sec  6.88 MBytes  57.7 Mbits/sec  5157  
[ 19]  40.00-41.00  sec  6.88 MBytes  57.7 Mbits/sec  5157  
[ 21]  40.00-41.00  sec  6.88 MBytes  57.7 Mbits/sec  5157  
[ 23]  40.00-41.00  sec  6.88 MBytes  57.7 Mbits/sec  5157  
[ 25]  40.00-41.00  sec  6.88 MBytes  57.7 Mbits/sec  5157  
[ 27]  40.00-41.00  sec  6.88 MBytes  57.7 Mbits/sec  5157  
[ 29]  40.00-41.00  sec  6.88 MBytes  57.7 Mbits/sec  5157  
[ 31]  40.00-41.00  sec  6.88 MBytes  57.7 Mbits/sec  5157  
[ 33]  40.00-41.00  sec  6.88 MBytes  57.7 Mbits/sec  5157  
[ 35]  40.00-41.00  sec  6.88 MBytes  57.7 Mbits/sec  5157  
[ 37]  40.00-41.00  sec  6.88 MBytes  57.7 Mbits/sec  5157  
[ 39]  40.00-41.00  sec  6.88 MBytes  57.7 Mbits/sec  5157  
[ 41]  40.00-41.00  sec  6.88 MBytes  57.7 Mbits/sec  5157  
[ 43]  40.00-41.00  sec  6.88 MBytes  57.7 Mbits/sec  5157  
[SUM]  40.00-41.00  sec   138 MBytes  1154 Mbits/sec  103140  
- - - - - - - - - - - - - - - - - - - - - - - - -
[  5]  41.00-42.00  sec  7.48 MBytes  62.8 Mbits/sec  5613  
[  7]  41.00-42.00  sec  7.48 MBytes  62.8 Mbits/sec  5613  
[  9]  41.00-42.00  sec  7.48 MBytes  62.8 Mbits/sec  5613  
[ 11]  41.00-42.00  sec  7.48 MBytes  62.8 Mbits/sec  5613  
[ 13]  41.00-42.00  sec  7.48 MBytes  62.8 Mbits/sec  5613  
[ 15]  41.00-42.00  sec  7.48 MBytes  62.8 Mbits/sec  5613  
[ 17]  41.00-42.00  sec  7.48 MBytes  62.8 Mbits/sec  5613  
[ 19]  41.00-42.00  sec  7.48 MBytes  62.8 Mbits/sec  5613  
[ 21]  41.00-42.00  sec  7.48 MBytes  62.8 Mbits/sec  5613  
[ 23]  41.00-42.00  sec  7.48 MBytes  62.8 Mbits/sec  5613  
[ 25]  41.00-42.00  sec  7.48 MBytes  62.8 Mbits/sec  5613  
[ 27]  41.00-42.00  sec  7.48 MBytes  62.8 Mbits/sec  5613  
[ 29]  41.00-42.00  sec  7.48 MBytes  62.8 Mbits/sec  5613  
[ 31]  41.00-42.00  sec  7.48 MBytes  62.8 Mbits/sec  5613  
[ 33]  41.00-42.00  sec  7.48 MBytes  62.8 Mbits/sec  5613  
[ 35]  41.00-42.00  sec  7.48 MBytes  62.8 Mbits/sec  5613  
[ 37]  41.00-42.00  sec  7.48 MBytes  62.8 Mbits/sec  5613  
[ 39]  41.00-42.00  sec  7.48 MBytes  62.8 Mbits/sec  5613  
[ 41]  41.00-42.00  sec  7.48 MBytes  62.8 Mbits/sec  5613  
[ 43]  41.00-42.00  sec  7.48 MBytes  62.8 Mbits/sec  5613  
[SUM]  41.00-42.00  sec   150 MBytes  1256 Mbits/sec  112260  
- - - - - - - - - - - - - - - - - - - - - - - - -
[  5]  42.00-43.00  sec  7.16 MBytes  60.1 Mbits/sec  5372  
[  7]  42.00-43.00  sec  7.16 MBytes  60.1 Mbits/sec  5372  
[  9]  42.00-43.00  sec  7.16 MBytes  60.1 Mbits/sec  5372  
[ 11]  42.00-43.00  sec  7.16 MBytes  60.1 Mbits/sec  5372  
[ 13]  42.00-43.00  sec  7.16 MBytes  60.1 Mbits/sec  5372  
[ 15]  42.00-43.00  sec  7.16 MBytes  60.1 Mbits/sec  5372  
[ 17]  42.00-43.00  sec  7.16 MBytes  60.1 Mbits/sec  5372  
[ 19]  42.00-43.00  sec  7.16 MBytes  60.1 Mbits/sec  5372  
[ 21]  42.00-43.00  sec  7.16 MBytes  60.1 Mbits/sec  5372  
[ 23]  42.00-43.00  sec  7.16 MBytes  60.1 Mbits/sec  5372  
[ 25]  42.00-43.00  sec  7.16 MBytes  60.1 Mbits/sec  5372  
[ 27]  42.00-43.00  sec  7.16 MBytes  60.1 Mbits/sec  5372  
[ 29]  42.00-43.00  sec  7.16 MBytes  60.1 Mbits/sec  5372  
[ 31]  42.00-43.00  sec  7.16 MBytes  60.1 Mbits/sec  5372  
[ 33]  42.00-43.00  sec  7.16 MBytes  60.1 Mbits/sec  5372  
[ 35]  42.00-43.00  sec  7.16 MBytes  60.1 Mbits/sec  5372  
[ 37]  42.00-43.00  sec  7.16 MBytes  60.1 Mbits/sec  5372  
[ 39]  42.00-43.00  sec  7.16 MBytes  60.1 Mbits/sec  5372  
[ 41]  42.00-43.00  sec  7.16 MBytes  60.1 Mbits/sec  5372  
[ 43]  42.00-43.00  sec  7.16 MBytes  60.1 Mbits/sec  5372  
[SUM]  42.00-43.00  sec   143 MBytes  1202 Mbits/sec  107440  
- - - - - - - - - - - - - - - - - - - - - - - - -
[  5]  43.00-44.00  sec  7.26 MBytes  60.9 Mbits/sec  5444  
[  7]  43.00-44.00  sec  7.26 MBytes  60.9 Mbits/sec  5444  
[  9]  43.00-44.00  sec  7.26 MBytes  60.9 Mbits/sec  5444  
[ 11]  43.00-44.00  sec  7.26 MBytes  60.9 Mbits/sec  5444  
[ 13]  43.00-44.00  sec  7.26 MBytes  60.9 Mbits/sec  5444  
[ 15]  43.00-44.00  sec  7.26 MBytes  60.9 Mbits/sec  5444  
[ 17]  43.00-44.00  sec  7.26 MBytes  60.9 Mbits/sec  5444  
[ 19]  43.00-44.00  sec  7.26 MBytes  60.9 Mbits/sec  5444  
[ 21]  43.00-44.00  sec  7.26 MBytes  60.9 Mbits/sec  5444  
[ 23]  43.00-44.00  sec  7.26 MBytes  60.9 Mbits/sec  5444  
[ 25]  43.00-44.00  sec  7.26 MBytes  60.9 Mbits/sec  5444  
[ 27]  43.00-44.00  sec  7.26 MBytes  60.9 Mbits/sec  5444  
[ 29]  43.00-44.00  sec  7.26 MBytes  60.9 Mbits/sec  5444  
[ 31]  43.00-44.00  sec  7.26 MBytes  60.9 Mbits/sec  5444  
[ 33]  43.00-44.00  sec  7.26 MBytes  60.9 Mbits/sec  5444  
[ 35]  43.00-44.00  sec  7.26 MBytes  60.9 Mbits/sec  5444  
[ 37]  43.00-44.00  sec  7.26 MBytes  60.9 Mbits/sec  5444  
[ 39]  43.00-44.00  sec  7.26 MBytes  60.9 Mbits/sec  5444  
[ 41]  43.00-44.00  sec  7.26 MBytes  60.9 Mbits/sec  5444  
[ 43]  43.00-44.00  sec  7.26 MBytes  60.9 Mbits/sec  5444  
[SUM]  43.00-44.00  sec   145 MBytes  1218 Mbits/sec  108880  
- - - - - - - - - - - - - - - - - - - - - - - - -
[  5]  44.00-45.00  sec  7.76 MBytes  65.1 Mbits/sec  5817  
[  7]  44.00-45.00  sec  7.76 MBytes  65.1 Mbits/sec  5817  
[  9]  44.00-45.00  sec  7.76 MBytes  65.1 Mbits/sec  5817  
[ 11]  44.00-45.00  sec  7.76 MBytes  65.1 Mbits/sec  5817  
[ 13]  44.00-45.00  sec  7.76 MBytes  65.1 Mbits/sec  5817  
[ 15]  44.00-45.00  sec  7.76 MBytes  65.1 Mbits/sec  5817  
[ 17]  44.00-45.00  sec  7.76 MBytes  65.1 Mbits/sec  5817  
[ 19]  44.00-45.00  sec  7.76 MBytes  65.1 Mbits/sec  5817  
[ 21]  44.00-45.00  sec  7.76 MBytes  65.1 Mbits/sec  5817  
[ 23]  44.00-45.00  sec  7.76 MBytes  65.1 Mbits/sec  5817  
[ 25]  44.00-45.00  sec  7.76 MBytes  65.1 Mbits/sec  5817  
[ 27]  44.00-45.00  sec  7.76 MBytes  65.1 Mbits/sec  5817  
[ 29]  44.00-45.00  sec  7.76 MBytes  65.1 Mbits/sec  5817  
[ 31]  44.00-45.00  sec  7.76 MBytes  65.1 Mbits/sec  5817  
[ 33]  44.00-45.00  sec  7.76 MBytes  65.1 Mbits/sec  5817  
[ 35]  44.00-45.00  sec  7.76 MBytes  65.1 Mbits/sec  5817  
[ 37]  44.00-45.00  sec  7.76 MBytes  65.1 Mbits/sec  5817  
[ 39]  44.00-45.00  sec  7.76 MBytes  65.1 Mbits/sec  5817  
[ 41]  44.00-45.00  sec  7.76 MBytes  65.1 Mbits/sec  5817  
[ 43]  44.00-45.00  sec  7.76 MBytes  65.1 Mbits/sec  5817  
[SUM]  44.00-45.00  sec   155 MBytes  1301 Mbits/sec  116340  
- - - - - - - - - - - - - - - - - - - - - - - - -
[  5]  45.00-46.00  sec  6.73 MBytes  56.5 Mbits/sec  5049  
[  7]  45.00-46.00  sec  6.73 MBytes  56.5 Mbits/sec  5049  
[  9]  45.00-46.00  sec  6.73 MBytes  56.5 Mbits/sec  5049  
[ 11]  45.00-46.00  sec  6.73 MBytes  56.5 Mbits/sec  5049  
[ 13]  45.00-46.00  sec  6.73 MBytes  56.5 Mbits/sec  5049  
[ 15]  45.00-46.00  sec  6.73 MBytes  56.5 Mbits/sec  5049  
[ 17]  45.00-46.00  sec  6.73 MBytes  56.5 Mbits/sec  5049  
[ 19]  45.00-46.00  sec  6.73 MBytes  56.5 Mbits/sec  5049  
[ 21]  45.00-46.00  sec  6.73 MBytes  56.5 Mbits/sec  5049  
[ 23]  45.00-46.00  sec  6.73 MBytes  56.5 Mbits/sec  5049  
[ 25]  45.00-46.00  sec  6.73 MBytes  56.5 Mbits/sec  5049  
[ 27]  45.00-46.00  sec  6.73 MBytes  56.5 Mbits/sec  5049  
[ 29]  45.00-46.00  sec  6.73 MBytes  56.5 Mbits/sec  5049  
[ 31]  45.00-46.00  sec  6.73 MBytes  56.5 Mbits/sec  5049  
[ 33]  45.00-46.00  sec  6.73 MBytes  56.5 Mbits/sec  5049  
[ 35]  45.00-46.00  sec  6.73 MBytes  56.5 Mbits/sec  5049  
[ 37]  45.00-46.00  sec  6.73 MBytes  56.5 Mbits/sec  5049  
[ 39]  45.00-46.00  sec  6.73 MBytes  56.5 Mbits/sec  5049  
[ 41]  45.00-46.00  sec  6.73 MBytes  56.5 Mbits/sec  5049  
[ 43]  45.00-46.00  sec  6.73 MBytes  56.5 Mbits/sec  5049  
[SUM]  45.00-46.00  sec   135 MBytes  1129 Mbits/sec  100980  
- - - - - - - - - - - - - - - - - - - - - - - - -
[  5]  46.00-47.00  sec  7.83 MBytes  65.7 Mbits/sec  5874  
[  7]  46.00-47.00  sec  7.83 MBytes  65.7 Mbits/sec  5874  
[  9]  46.00-47.00  sec  7.83 MBytes  65.7 Mbits/sec  5874  
[ 11]  46.00-47.00  sec  7.83 MBytes  65.7 Mbits/sec  5874  
[ 13]  46.00-47.00  sec  7.83 MBytes  65.7 Mbits/sec  5874  
[ 15]  46.00-47.00  sec  7.83 MBytes  65.7 Mbits/sec  5874  
[ 17]  46.00-47.00  sec  7.83 MBytes  65.7 Mbits/sec  5874  
[ 19]  46.00-47.00  sec  7.83 MBytes  65.7 Mbits/sec  5874  
[ 21]  46.00-47.00  sec  7.83 MBytes  65.7 Mbits/sec  5874  
[ 23]  46.00-47.00  sec  7.83 MBytes  65.7 Mbits/sec  5874  
[ 25]  46.00-47.00  sec  7.83 MBytes  65.7 Mbits/sec  5874  
[ 27]  46.00-47.00  sec  7.83 MBytes  65.7 Mbits/sec  5874  
[ 29]  46.00-47.00  sec  7.83 MBytes  65.7 Mbits/sec  5874  
[ 31]  46.00-47.00  sec  7.83 MBytes  65.7 Mbits/sec  5874  
[ 33]  46.00-47.00  sec  7.83 MBytes  65.7 Mbits/sec  5874  
[ 35]  46.00-47.00  sec  7.83 MBytes  65.7 Mbits/sec  5874  
[ 37]  46.00-47.00  sec  7.83 MBytes  65.7 Mbits/sec  5874  
[ 39]  46.00-47.00  sec  7.83 MBytes  65.7 Mbits/sec  5874  
[ 41]  46.00-47.00  sec  7.83 MBytes  65.7 Mbits/sec  5874  
[ 43]  46.00-47.00  sec  7.83 MBytes  65.7 Mbits/sec  5874  
[SUM]  46.00-47.00  sec   157 MBytes  1314 Mbits/sec  117480  
- - - - - - - - - - - - - - - - - - - - - - - - -
[  5]  47.00-48.00  sec  7.75 MBytes  65.0 Mbits/sec  5816  
[  7]  47.00-48.00  sec  7.75 MBytes  65.0 Mbits/sec  5816  
[  9]  47.00-48.00  sec  7.75 MBytes  65.0 Mbits/sec  5816  
[ 11]  47.00-48.00  sec  7.75 MBytes  65.0 Mbits/sec  5816  
[ 13]  47.00-48.00  sec  7.75 MBytes  65.0 Mbits/sec  5816  
[ 15]  47.00-48.00  sec  7.75 MBytes  65.0 Mbits/sec  5816  
[ 17]  47.00-48.00  sec  7.75 MBytes  65.0 Mbits/sec  5816  
[ 19]  47.00-48.00  sec  7.75 MBytes  65.0 Mbits/sec  5816  
[ 21]  47.00-48.00  sec  7.75 MBytes  65.0 Mbits/sec  5816  
[ 23]  47.00-48.00  sec  7.75 MBytes  65.0 Mbits/sec  5816  
[ 25]  47.00-48.00  sec  7.75 MBytes  65.0 Mbits/sec  5816  
[ 27]  47.00-48.00  sec  7.75 MBytes  65.0 Mbits/sec  5816  
[ 29]  47.00-48.00  sec  7.75 MBytes  65.0 Mbits/sec  5816  
[ 31]  47.00-48.00  sec  7.75 MBytes  65.0 Mbits/sec  5816  
[ 33]  47.00-48.00  sec  7.75 MBytes  65.0 Mbits/sec  5816  
[ 35]  47.00-48.00  sec  7.75 MBytes  65.0 Mbits/sec  5816  
[ 37]  47.00-48.00  sec  7.75 MBytes  65.0 Mbits/sec  5816  
[ 39]  47.00-48.00  sec  7.75 MBytes  65.0 Mbits/sec  5816  
[ 41]  47.00-48.00  sec  7.75 MBytes  65.0 Mbits/sec  5816  
[ 43]  47.00-48.00  sec  7.75 MBytes  65.0 Mbits/sec  5816  
[SUM]  47.00-48.00  sec   155 MBytes  1301 Mbits/sec  116320  
- - - - - - - - - - - - - - - - - - - - - - - - -
[  5]  48.00-49.00  sec  7.96 MBytes  66.8 Mbits/sec  5969  
[  7]  48.00-49.00  sec  7.96 MBytes  66.8 Mbits/sec  5969  
[  9]  48.00-49.00  sec  7.96 MBytes  66.8 Mbits/sec  5969  
[ 11]  48.00-49.00  sec  7.96 MBytes  66.8 Mbits/sec  5969  
[ 13]  48.00-49.00  sec  7.96 MBytes  66.8 Mbits/sec  5969  
[ 15]  48.00-49.00  sec  7.96 MBytes  66.8 Mbits/sec  5969  
[ 17]  48.00-49.00  sec  7.96 MBytes  66.8 Mbits/sec  5969  
[ 19]  48.00-49.00  sec  7.96 MBytes  66.8 Mbits/sec  5969  
[ 21]  48.00-49.00  sec  7.96 MBytes  66.8 Mbits/sec  5969  
[ 23]  48.00-49.00  sec  7.96 MBytes  66.8 Mbits/sec  5969  
[ 25]  48.00-49.00  sec  7.96 MBytes  66.8 Mbits/sec  5969  
[ 27]  48.00-49.00  sec  7.96 MBytes  66.8 Mbits/sec  5969  
[ 29]  48.00-49.00  sec  7.96 MBytes  66.8 Mbits/sec  5969  
[ 31]  48.00-49.00  sec  7.96 MBytes  66.8 Mbits/sec  5969  
[ 33]  48.00-49.00  sec  7.96 MBytes  66.8 Mbits/sec  5969  
[ 35]  48.00-49.00  sec  7.96 MBytes  66.8 Mbits/sec  5969  
[ 37]  48.00-49.00  sec  7.96 MBytes  66.8 Mbits/sec  5969  
[ 39]  48.00-49.00  sec  7.96 MBytes  66.8 Mbits/sec  5969  
[ 41]  48.00-49.00  sec  7.96 MBytes  66.8 Mbits/sec  5969  
[ 43]  48.00-49.00  sec  7.96 MBytes  66.8 Mbits/sec  5969  
[SUM]  48.00-49.00  sec   159 MBytes  1335 Mbits/sec  119380  
- - - - - - - - - - - - - - - - - - - - - - - - -
[  5]  49.00-50.00  sec  7.95 MBytes  66.7 Mbits/sec  5961  
[  7]  49.00-50.00  sec  7.95 MBytes  66.7 Mbits/sec  5961  
[  9]  49.00-50.00  sec  7.95 MBytes  66.7 Mbits/sec  5961  
[ 11]  49.00-50.00  sec  7.95 MBytes  66.7 Mbits/sec  5961  
[ 13]  49.00-50.00  sec  7.95 MBytes  66.7 Mbits/sec  5961  
[ 15]  49.00-50.00  sec  7.95 MBytes  66.7 Mbits/sec  5961  
[ 17]  49.00-50.00  sec  7.95 MBytes  66.7 Mbits/sec  5961  
[ 19]  49.00-50.00  sec  7.95 MBytes  66.7 Mbits/sec  5961  
[ 21]  49.00-50.00  sec  7.95 MBytes  66.7 Mbits/sec  5961  
[ 23]  49.00-50.00  sec  7.95 MBytes  66.7 Mbits/sec  5961  
[ 25]  49.00-50.00  sec  7.95 MBytes  66.7 Mbits/sec  5961  
[ 27]  49.00-50.00  sec  7.95 MBytes  66.7 Mbits/sec  5961  
[ 29]  49.00-50.00  sec  7.95 MBytes  66.7 Mbits/sec  5961  
[ 31]  49.00-50.00  sec  7.95 MBytes  66.7 Mbits/sec  5961  
[ 33]  49.00-50.00  sec  7.95 MBytes  66.7 Mbits/sec  5961  
[ 35]  49.00-50.00  sec  7.95 MBytes  66.7 Mbits/sec  5961  
[ 37]  49.00-50.00  sec  7.95 MBytes  66.7 Mbits/sec  5961  
[ 39]  49.00-50.00  sec  7.95 MBytes  66.7 Mbits/sec  5961  
[ 41]  49.00-50.00  sec  7.95 MBytes  66.7 Mbits/sec  5961  
[ 43]  49.00-50.00  sec  7.95 MBytes  66.7 Mbits/sec  5961  
[SUM]  49.00-50.00  sec   159 MBytes  1333 Mbits/sec  119220  
- - - - - - - - - - - - - - - - - - - - - - - - -
[  5]  50.00-51.00  sec  7.88 MBytes  66.1 Mbits/sec  5911  
[  7]  50.00-51.00  sec  7.88 MBytes  66.1 Mbits/sec  5911  
[  9]  50.00-51.00  sec  7.88 MBytes  66.1 Mbits/sec  5911  
[ 11]  50.00-51.00  sec  7.88 MBytes  66.1 Mbits/sec  5911  
[ 13]  50.00-51.00  sec  7.88 MBytes  66.1 Mbits/sec  5911  
[ 15]  50.00-51.00  sec  7.88 MBytes  66.1 Mbits/sec  5911  
[ 17]  50.00-51.00  sec  7.88 MBytes  66.1 Mbits/sec  5911  
[ 19]  50.00-51.00  sec  7.88 MBytes  66.1 Mbits/sec  5911  
[ 21]  50.00-51.00  sec  7.88 MBytes  66.1 Mbits/sec  5911  
[ 23]  50.00-51.00  sec  7.88 MBytes  66.1 Mbits/sec  5911  
[ 25]  50.00-51.00  sec  7.88 MBytes  66.1 Mbits/sec  5911  
[ 27]  50.00-51.00  sec  7.88 MBytes  66.1 Mbits/sec  5911  
[ 29]  50.00-51.00  sec  7.88 MBytes  66.1 Mbits/sec  5911  
[ 31]  50.00-51.00  sec  7.88 MBytes  66.1 Mbits/sec  5911  
[ 33]  50.00-51.00  sec  7.88 MBytes  66.1 Mbits/sec  5911  
[ 35]  50.00-51.00  sec  7.88 MBytes  66.1 Mbits/sec  5911  
[ 37]  50.00-51.00  sec  7.88 MBytes  66.1 Mbits/sec  5911  
[ 39]  50.00-51.00  sec  7.88 MBytes  66.1 Mbits/sec  5911  
[ 41]  50.00-51.00  sec  7.88 MBytes  66.1 Mbits/sec  5911  
[ 43]  50.00-51.00  sec  7.88 MBytes  66.1 Mbits/sec  5911  
[SUM]  50.00-51.00  sec   158 MBytes  1322 Mbits/sec  118220  
- - - - - - - - - - - - - - - - - - - - - - - - -
[  5]  51.00-52.00  sec  7.94 MBytes  66.6 Mbits/sec  5956  
[  7]  51.00-52.00  sec  7.94 MBytes  66.6 Mbits/sec  5956  
[  9]  51.00-52.00  sec  7.94 MBytes  66.6 Mbits/sec  5956  
[ 11]  51.00-52.00  sec  7.94 MBytes  66.6 Mbits/sec  5956  
[ 13]  51.00-52.00  sec  7.94 MBytes  66.6 Mbits/sec  5956  
[ 15]  51.00-52.00  sec  7.94 MBytes  66.6 Mbits/sec  5956  
[ 17]  51.00-52.00  sec  7.94 MBytes  66.6 Mbits/sec  5956  
[ 19]  51.00-52.00  sec  7.94 MBytes  66.6 Mbits/sec  5956  
[ 21]  51.00-52.00  sec  7.94 MBytes  66.6 Mbits/sec  5956  
[ 23]  51.00-52.00  sec  7.94 MBytes  66.6 Mbits/sec  5956  
[ 25]  51.00-52.00  sec  7.94 MBytes  66.6 Mbits/sec  5956  
[ 27]  51.00-52.00  sec  7.94 MBytes  66.6 Mbits/sec  5956  
[ 29]  51.00-52.00  sec  7.94 MBytes  66.6 Mbits/sec  5956  
[ 31]  51.00-52.00  sec  7.94 MBytes  66.6 Mbits/sec  5956  
[ 33]  51.00-52.00  sec  7.94 MBytes  66.6 Mbits/sec  5956  
[ 35]  51.00-52.00  sec  7.94 MBytes  66.6 Mbits/sec  5956  
[ 37]  51.00-52.00  sec  7.94 MBytes  66.6 Mbits/sec  5956  
[ 39]  51.00-52.00  sec  7.94 MBytes  66.6 Mbits/sec  5956  
[ 41]  51.00-52.00  sec  7.94 MBytes  66.6 Mbits/sec  5956  
[ 43]  51.00-52.00  sec  7.94 MBytes  66.6 Mbits/sec  5956  
[SUM]  51.00-52.00  sec   159 MBytes  1332 Mbits/sec  119120  
- - - - - - - - - - - - - - - - - - - - - - - - -
[  5]  52.00-53.00  sec  7.42 MBytes  62.2 Mbits/sec  5565  
[  7]  52.00-53.00  sec  7.42 MBytes  62.2 Mbits/sec  5565  
[  9]  52.00-53.00  sec  7.42 MBytes  62.2 Mbits/sec  5565  
[ 11]  52.00-53.00  sec  7.42 MBytes  62.2 Mbits/sec  5565  
[ 13]  52.00-53.00  sec  7.42 MBytes  62.2 Mbits/sec  5565  
[ 15]  52.00-53.00  sec  7.42 MBytes  62.2 Mbits/sec  5565  
[ 17]  52.00-53.00  sec  7.42 MBytes  62.2 Mbits/sec  5565  
[ 19]  52.00-53.00  sec  7.42 MBytes  62.2 Mbits/sec  5565  
[ 21]  52.00-53.00  sec  7.42 MBytes  62.2 Mbits/sec  5565  
[ 23]  52.00-53.00  sec  7.42 MBytes  62.2 Mbits/sec  5565  
[ 25]  52.00-53.00  sec  7.42 MBytes  62.2 Mbits/sec  5565  
[ 27]  52.00-53.00  sec  7.42 MBytes  62.2 Mbits/sec  5565  
[ 29]  52.00-53.00  sec  7.42 MBytes  62.2 Mbits/sec  5565  
[ 31]  52.00-53.00  sec  7.42 MBytes  62.2 Mbits/sec  5565  
[ 33]  52.00-53.00  sec  7.42 MBytes  62.2 Mbits/sec  5565  
[ 35]  52.00-53.00  sec  7.42 MBytes  62.2 Mbits/sec  5565  
[ 37]  52.00-53.00  sec  7.42 MBytes  62.2 Mbits/sec  5565  
[ 39]  52.00-53.00  sec  7.42 MBytes  62.2 Mbits/sec  5565  
[ 41]  52.00-53.00  sec  7.42 MBytes  62.2 Mbits/sec  5565  
[ 43]  52.00-53.00  sec  7.42 MBytes  62.2 Mbits/sec  5565  
[SUM]  52.00-53.00  sec   148 MBytes  1245 Mbits/sec  111300  
- - - - - - - - - - - - - - - - - - - - - - - - -
[  5]  53.00-54.00  sec  7.41 MBytes  62.2 Mbits/sec  5560  
[  7]  53.00-54.00  sec  7.41 MBytes  62.2 Mbits/sec  5560  
[  9]  53.00-54.00  sec  7.41 MBytes  62.2 Mbits/sec  5560  
[ 11]  53.00-54.00  sec  7.41 MBytes  62.2 Mbits/sec  5560  
[ 13]  53.00-54.00  sec  7.41 MBytes  62.2 Mbits/sec  5560  
[ 15]  53.00-54.00  sec  7.41 MBytes  62.2 Mbits/sec  5560  
[ 17]  53.00-54.00  sec  7.41 MBytes  62.2 Mbits/sec  5560  
[ 19]  53.00-54.00  sec  7.41 MBytes  62.2 Mbits/sec  5560  
[ 21]  53.00-54.00  sec  7.41 MBytes  62.2 Mbits/sec  5560  
[ 23]  53.00-54.00  sec  7.41 MBytes  62.2 Mbits/sec  5560  
[ 25]  53.00-54.00  sec  7.41 MBytes  62.2 Mbits/sec  5560  
[ 27]  53.00-54.00  sec  7.41 MBytes  62.2 Mbits/sec  5560  
[ 29]  53.00-54.00  sec  7.41 MBytes  62.2 Mbits/sec  5560  
[ 31]  53.00-54.00  sec  7.41 MBytes  62.2 Mbits/sec  5560  
[ 33]  53.00-54.00  sec  7.41 MBytes  62.2 Mbits/sec  5560  
[ 35]  53.00-54.00  sec  7.41 MBytes  62.2 Mbits/sec  5560  
[ 37]  53.00-54.00  sec  7.41 MBytes  62.2 Mbits/sec  5560  
[ 39]  53.00-54.00  sec  7.41 MBytes  62.2 Mbits/sec  5560  
[ 41]  53.00-54.00  sec  7.41 MBytes  62.2 Mbits/sec  5560  
[ 43]  53.00-54.00  sec  7.41 MBytes  62.2 Mbits/sec  5560  
[SUM]  53.00-54.00  sec   148 MBytes  1244 Mbits/sec  111200  
- - - - - - - - - - - - - - - - - - - - - - - - -
[  5]  54.00-55.00  sec  7.96 MBytes  66.8 Mbits/sec  5969  
[  7]  54.00-55.00  sec  7.96 MBytes  66.8 Mbits/sec  5969  
[  9]  54.00-55.00  sec  7.96 MBytes  66.8 Mbits/sec  5969  
[ 11]  54.00-55.00  sec  7.96 MBytes  66.8 Mbits/sec  5969  
[ 13]  54.00-55.00  sec  7.96 MBytes  66.8 Mbits/sec  5969  
[ 15]  54.00-55.00  sec  7.96 MBytes  66.8 Mbits/sec  5969  
[ 17]  54.00-55.00  sec  7.96 MBytes  66.8 Mbits/sec  5969  
[ 19]  54.00-55.00  sec  7.96 MBytes  66.8 Mbits/sec  5969  
[ 21]  54.00-55.00  sec  7.96 MBytes  66.8 Mbits/sec  5969  
[ 23]  54.00-55.00  sec  7.96 MBytes  66.8 Mbits/sec  5969  
[ 25]  54.00-55.00  sec  7.96 MBytes  66.8 Mbits/sec  5969  
[ 27]  54.00-55.00  sec  7.96 MBytes  66.8 Mbits/sec  5969  
[ 29]  54.00-55.00  sec  7.96 MBytes  66.8 Mbits/sec  5969  
[ 31]  54.00-55.00  sec  7.96 MBytes  66.8 Mbits/sec  5969  
[ 33]  54.00-55.00  sec  7.96 MBytes  66.8 Mbits/sec  5969  
[ 35]  54.00-55.00  sec  7.96 MBytes  66.8 Mbits/sec  5969  
[ 37]  54.00-55.00  sec  7.96 MBytes  66.8 Mbits/sec  5969  
[ 39]  54.00-55.00  sec  7.96 MBytes  66.8 Mbits/sec  5969  
[ 41]  54.00-55.00  sec  7.96 MBytes  66.8 Mbits/sec  5969  
[ 43]  54.00-55.00  sec  7.96 MBytes  66.8 Mbits/sec  5969  
[SUM]  54.00-55.00  sec   159 MBytes  1335 Mbits/sec  119380  
- - - - - - - - - - - - - - - - - - - - - - - - -
[  5]  55.00-56.00  sec  7.80 MBytes  65.4 Mbits/sec  5850  
[  7]  55.00-56.00  sec  7.80 MBytes  65.4 Mbits/sec  5850  
[  9]  55.00-56.00  sec  7.80 MBytes  65.4 Mbits/sec  5850  
[ 11]  55.00-56.00  sec  7.80 MBytes  65.4 Mbits/sec  5850  
[ 13]  55.00-56.00  sec  7.80 MBytes  65.4 Mbits/sec  5850  
[ 15]  55.00-56.00  sec  7.80 MBytes  65.4 Mbits/sec  5850  
[ 17]  55.00-56.00  sec  7.80 MBytes  65.4 Mbits/sec  5850  
[ 19]  55.00-56.00  sec  7.80 MBytes  65.4 Mbits/sec  5850  
[ 21]  55.00-56.00  sec  7.80 MBytes  65.4 Mbits/sec  5850  
[ 23]  55.00-56.00  sec  7.80 MBytes  65.4 Mbits/sec  5850  
[ 25]  55.00-56.00  sec  7.80 MBytes  65.4 Mbits/sec  5850  
[ 27]  55.00-56.00  sec  7.80 MBytes  65.4 Mbits/sec  5850  
[ 29]  55.00-56.00  sec  7.80 MBytes  65.4 Mbits/sec  5850  
[ 31]  55.00-56.00  sec  7.80 MBytes  65.4 Mbits/sec  5850  
[ 33]  55.00-56.00  sec  7.80 MBytes  65.4 Mbits/sec  5850  
[ 35]  55.00-56.00  sec  7.80 MBytes  65.4 Mbits/sec  5850  
[ 37]  55.00-56.00  sec  7.80 MBytes  65.4 Mbits/sec  5850  
[ 39]  55.00-56.00  sec  7.80 MBytes  65.4 Mbits/sec  5850  
[ 41]  55.00-56.00  sec  7.80 MBytes  65.4 Mbits/sec  5850  
[ 43]  55.00-56.00  sec  7.80 MBytes  65.4 Mbits/sec  5850  
[SUM]  55.00-56.00  sec   156 MBytes  1309 Mbits/sec  117000  
- - - - - - - - - - - - - - - - - - - - - - - - -
[  5]  56.00-57.00  sec  7.56 MBytes  63.4 Mbits/sec  5670  
[  7]  56.00-57.00  sec  7.56 MBytes  63.4 Mbits/sec  5670  
[  9]  56.00-57.00  sec  7.56 MBytes  63.4 Mbits/sec  5670  
[ 11]  56.00-57.00  sec  7.56 MBytes  63.4 Mbits/sec  5670  
[ 13]  56.00-57.00  sec  7.56 MBytes  63.4 Mbits/sec  5670  
[ 15]  56.00-57.00  sec  7.56 MBytes  63.4 Mbits/sec  5670  
[ 17]  56.00-57.00  sec  7.56 MBytes  63.4 Mbits/sec  5670  
[ 19]  56.00-57.00  sec  7.56 MBytes  63.4 Mbits/sec  5670  
[ 21]  56.00-57.00  sec  7.56 MBytes  63.4 Mbits/sec  5670  
[ 23]  56.00-57.00  sec  7.56 MBytes  63.4 Mbits/sec  5670  
[ 25]  56.00-57.00  sec  7.56 MBytes  63.4 Mbits/sec  5670  
[ 27]  56.00-57.00  sec  7.56 MBytes  63.4 Mbits/sec  5670  
[ 29]  56.00-57.00  sec  7.56 MBytes  63.4 Mbits/sec  5670  
[ 31]  56.00-57.00  sec  7.56 MBytes  63.4 Mbits/sec  5670  
[ 33]  56.00-57.00  sec  7.56 MBytes  63.4 Mbits/sec  5670  
[ 35]  56.00-57.00  sec  7.56 MBytes  63.4 Mbits/sec  5670  
[ 37]  56.00-57.00  sec  7.56 MBytes  63.4 Mbits/sec  5670  
[ 39]  56.00-57.00  sec  7.56 MBytes  63.4 Mbits/sec  5670  
[ 41]  56.00-57.00  sec  7.56 MBytes  63.4 Mbits/sec  5670  
[ 43]  56.00-57.00  sec  7.56 MBytes  63.4 Mbits/sec  5670  
[SUM]  56.00-57.00  sec   151 MBytes  1268 Mbits/sec  113400  
- - - - - - - - - - - - - - - - - - - - - - - - -
[  5]  57.00-58.00  sec  7.81 MBytes  65.5 Mbits/sec  5857  
[  7]  57.00-58.00  sec  7.81 MBytes  65.5 Mbits/sec  5857  
[  9]  57.00-58.00  sec  7.81 MBytes  65.5 Mbits/sec  5857  
[ 11]  57.00-58.00  sec  7.81 MBytes  65.5 Mbits/sec  5857  
[ 13]  57.00-58.00  sec  7.81 MBytes  65.5 Mbits/sec  5857  
[ 15]  57.00-58.00  sec  7.81 MBytes  65.5 Mbits/sec  5857  
[ 17]  57.00-58.00  sec  7.81 MBytes  65.5 Mbits/sec  5857  
[ 19]  57.00-58.00  sec  7.81 MBytes  65.5 Mbits/sec  5857  
[ 21]  57.00-58.00  sec  7.81 MBytes  65.5 Mbits/sec  5857  
[ 23]  57.00-58.00  sec  7.81 MBytes  65.5 Mbits/sec  5857  
[ 25]  57.00-58.00  sec  7.81 MBytes  65.5 Mbits/sec  5857  
[ 27]  57.00-58.00  sec  7.81 MBytes  65.5 Mbits/sec  5857  
[ 29]  57.00-58.00  sec  7.81 MBytes  65.5 Mbits/sec  5857  
[ 31]  57.00-58.00  sec  7.81 MBytes  65.5 Mbits/sec  5857  
[ 33]  57.00-58.00  sec  7.81 MBytes  65.5 Mbits/sec  5857  
[ 35]  57.00-58.00  sec  7.81 MBytes  65.5 Mbits/sec  5857  
[ 37]  57.00-58.00  sec  7.81 MBytes  65.5 Mbits/sec  5857  
[ 39]  57.00-58.00  sec  7.81 MBytes  65.5 Mbits/sec  5857  
[ 41]  57.00-58.00  sec  7.81 MBytes  65.5 Mbits/sec  5857  
[ 43]  57.00-58.00  sec  7.81 MBytes  65.5 Mbits/sec  5857  
[SUM]  57.00-58.00  sec   156 MBytes  1310 Mbits/sec  117140  
- - - - - - - - - - - - - - - - - - - - - - - - -
[  5]  58.00-59.00  sec  7.95 MBytes  66.7 Mbits/sec  5961  
[  7]  58.00-59.00  sec  7.95 MBytes  66.7 Mbits/sec  5961  
[  9]  58.00-59.00  sec  7.95 MBytes  66.7 Mbits/sec  5961  
[ 11]  58.00-59.00  sec  7.95 MBytes  66.7 Mbits/sec  5961  
[ 13]  58.00-59.00  sec  7.95 MBytes  66.7 Mbits/sec  5961  
[ 15]  58.00-59.00  sec  7.95 MBytes  66.7 Mbits/sec  5961  
[ 17]  58.00-59.00  sec  7.95 MBytes  66.7 Mbits/sec  5961  
[ 19]  58.00-59.00  sec  7.95 MBytes  66.7 Mbits/sec  5961  
[ 21]  58.00-59.00  sec  7.95 MBytes  66.7 Mbits/sec  5961  
[ 23]  58.00-59.00  sec  7.95 MBytes  66.7 Mbits/sec  5961  
[ 25]  58.00-59.00  sec  7.95 MBytes  66.7 Mbits/sec  5961  
[ 27]  58.00-59.00  sec  7.95 MBytes  66.7 Mbits/sec  5961  
[ 29]  58.00-59.00  sec  7.95 MBytes  66.7 Mbits/sec  5961  
[ 31]  58.00-59.00  sec  7.95 MBytes  66.7 Mbits/sec  5961  
[ 33]  58.00-59.00  sec  7.95 MBytes  66.7 Mbits/sec  5961  
[ 35]  58.00-59.00  sec  7.95 MBytes  66.7 Mbits/sec  5961  
[ 37]  58.00-59.00  sec  7.95 MBytes  66.7 Mbits/sec  5961  
[ 39]  58.00-59.00  sec  7.95 MBytes  66.7 Mbits/sec  5961  
[ 41]  58.00-59.00  sec  7.95 MBytes  66.7 Mbits/sec  5961  
[ 43]  58.00-59.00  sec  7.95 MBytes  66.7 Mbits/sec  5961  
[SUM]  58.00-59.00  sec   159 MBytes  1334 Mbits/sec  119220  
- - - - - - - - - - - - - - - - - - - - - - - - -
[  5]  59.00-60.00  sec  7.31 MBytes  61.3 Mbits/sec  5481  
[  7]  59.00-60.00  sec  7.31 MBytes  61.3 Mbits/sec  5481  
[  9]  59.00-60.00  sec  7.31 MBytes  61.3 Mbits/sec  5481  
[ 11]  59.00-60.00  sec  7.31 MBytes  61.3 Mbits/sec  5481  
[ 13]  59.00-60.00  sec  7.31 MBytes  61.3 Mbits/sec  5481  
[ 15]  59.00-60.00  sec  7.31 MBytes  61.3 Mbits/sec  5481  
[ 17]  59.00-60.00  sec  7.31 MBytes  61.3 Mbits/sec  5481  
[ 19]  59.00-60.00  sec  7.31 MBytes  61.3 Mbits/sec  5481  
[ 21]  59.00-60.00  sec  7.31 MBytes  61.3 Mbits/sec  5481  
[ 23]  59.00-60.00  sec  7.31 MBytes  61.3 Mbits/sec  5481  
[ 25]  59.00-60.00  sec  7.31 MBytes  61.3 Mbits/sec  5481  
[ 27]  59.00-60.00  sec  7.31 MBytes  61.3 Mbits/sec  5481  
[ 29]  59.00-60.00  sec  7.31 MBytes  61.3 Mbits/sec  5481  
[ 31]  59.00-60.00  sec  7.31 MBytes  61.3 Mbits/sec  5481  
[ 33]  59.00-60.00  sec  7.31 MBytes  61.3 Mbits/sec  5481  
[ 35]  59.00-60.00  sec  7.31 MBytes  61.3 Mbits/sec  5481  
[ 37]  59.00-60.00  sec  7.31 MBytes  61.3 Mbits/sec  5481  
[ 39]  59.00-60.00  sec  7.31 MBytes  61.3 Mbits/sec  5481  
[ 41]  59.00-60.00  sec  7.31 MBytes  61.3 Mbits/sec  5481  
[ 43]  59.00-60.00  sec  7.31 MBytes  61.3 Mbits/sec  5481  
[SUM]  59.00-60.00  sec   146 MBytes  1226 Mbits/sec  109620  
- - - - - - - - - - - - - - - - - - - - - - - - -
[ ID] Interval           Transfer     Bitrate         Jitter    Lost/Total Datagrams
[  5]   0.00-60.00  sec   460 MBytes  64.3 Mbits/sec  0.000 ms  0/345157 (0%)  sender
[  5]   0.00-60.01  sec   460 MBytes  64.3 Mbits/sec  0.140 ms  0/345157 (0%)  receiver
[  7]   0.00-60.00  sec   460 MBytes  64.3 Mbits/sec  0.000 ms  0/345157 (0%)  sender
[  7]   0.00-60.01  sec   460 MBytes  64.3 Mbits/sec  0.111 ms  0/345157 (0%)  receiver
[  9]   0.00-60.00  sec   460 MBytes  64.3 Mbits/sec  0.000 ms  0/345154 (0%)  sender
[  9]   0.00-60.01  sec   460 MBytes  64.3 Mbits/sec  0.114 ms  0/345154 (0%)  receiver
[ 11]   0.00-60.00  sec   460 MBytes  64.3 Mbits/sec  0.000 ms  0/345154 (0%)  sender
[ 11]   0.00-60.01  sec   460 MBytes  64.3 Mbits/sec  0.102 ms  0/345154 (0%)  receiver
[ 13]   0.00-60.00  sec   460 MBytes  64.3 Mbits/sec  0.000 ms  0/345151 (0%)  sender
[ 13]   0.00-60.01  sec   460 MBytes  64.3 Mbits/sec  0.117 ms  0/345151 (0%)  receiver
[ 15]   0.00-60.00  sec   460 MBytes  64.3 Mbits/sec  0.000 ms  0/345151 (0%)  sender
[ 15]   0.00-60.01  sec   460 MBytes  64.3 Mbits/sec  0.158 ms  0/345151 (0%)  receiver
[ 17]   0.00-60.00  sec   460 MBytes  64.3 Mbits/sec  0.000 ms  0/345150 (0%)  sender
[ 17]   0.00-60.01  sec   460 MBytes  64.3 Mbits/sec  0.161 ms  0/345150 (0%)  receiver
[ 19]   0.00-60.00  sec   460 MBytes  64.3 Mbits/sec  0.000 ms  0/345145 (0%)  sender
[ 19]   0.00-60.01  sec   460 MBytes  64.3 Mbits/sec  0.125 ms  0/345145 (0%)  receiver
[ 21]   0.00-60.00  sec   460 MBytes  64.3 Mbits/sec  0.000 ms  0/345143 (0%)  sender
[ 21]   0.00-60.01  sec   460 MBytes  64.3 Mbits/sec  0.103 ms  0/345143 (0%)  receiver
[ 23]   0.00-60.00  sec   460 MBytes  64.3 Mbits/sec  0.000 ms  0/345139 (0%)  sender
[ 23]   0.00-60.01  sec   460 MBytes  64.3 Mbits/sec  0.128 ms  0/345139 (0%)  receiver
[ 25]   0.00-60.00  sec   460 MBytes  64.3 Mbits/sec  0.000 ms  0/345136 (0%)  sender
[ 25]   0.00-60.01  sec   460 MBytes  64.3 Mbits/sec  0.100 ms  0/345136 (0%)  receiver
[ 27]   0.00-60.00  sec   460 MBytes  64.3 Mbits/sec  0.000 ms  0/345135 (0%)  sender
[ 27]   0.00-60.01  sec   460 MBytes  64.3 Mbits/sec  0.117 ms  0/345135 (0%)  receiver
[ 29]   0.00-60.00  sec   460 MBytes  64.3 Mbits/sec  0.000 ms  0/345133 (0%)  sender
[ 29]   0.00-60.01  sec   460 MBytes  64.3 Mbits/sec  0.109 ms  0/345133 (0%)  receiver
[ 31]   0.00-60.00  sec   460 MBytes  64.3 Mbits/sec  0.000 ms  0/345128 (0%)  sender
[ 31]   0.00-60.01  sec   460 MBytes  64.3 Mbits/sec  0.120 ms  0/345128 (0%)  receiver
[ 33]   0.00-60.00  sec   460 MBytes  64.3 Mbits/sec  0.000 ms  0/345127 (0%)  sender
[ 33]   0.00-60.01  sec   460 MBytes  64.3 Mbits/sec  0.110 ms  0/345127 (0%)  receiver
[ 35]   0.00-60.00  sec   460 MBytes  64.3 Mbits/sec  0.000 ms  0/345125 (0%)  sender
[ 35]   0.00-60.01  sec   460 MBytes  64.3 Mbits/sec  0.159 ms  0/345125 (0%)  receiver
[ 37]   0.00-60.00  sec   460 MBytes  64.3 Mbits/sec  0.000 ms  0/345120 (0%)  sender
[ 37]   0.00-60.01  sec   460 MBytes  64.3 Mbits/sec  0.117 ms  0/345120 (0%)  receiver
[ 39]   0.00-60.00  sec   460 MBytes  64.3 Mbits/sec  0.000 ms  0/345117 (0%)  sender
[ 39]   0.00-60.01  sec   460 MBytes  64.3 Mbits/sec  0.102 ms  1/345117 (0.00029%)  receiver
[ 41]   0.00-60.00  sec   460 MBytes  64.3 Mbits/sec  0.000 ms  0/345114 (0%)  sender
[ 41]   0.00-60.01  sec   460 MBytes  64.3 Mbits/sec  0.109 ms  0/345114 (0%)  receiver
[ 43]   0.00-60.00  sec   460 MBytes  64.3 Mbits/sec  0.000 ms  0/345111 (0%)  sender
[ 43]   0.00-60.01  sec   460 MBytes  64.3 Mbits/sec  0.128 ms  0/345111 (0%)  receiver
[SUM]   0.00-60.00  sec  8.99 GBytes  1287 Mbits/sec  0.000 ms  0/6902747 (0%)  sender
[SUM]   0.00-60.01  sec  8.99 GBytes  1286 Mbits/sec  0.122 ms  1/6902747 (1.4e-05%)  receiver

iperf Done.
