Connecting to host 10.10.0.2, port 30000
[  5] local 10.244.1.2 port 39068 connected to 10.10.0.2 port 30000
[ ID] Interval           Transfer     Bitrate         Total Datagrams
[  5]   0.00-1.00   sec   155 MBytes  1299 Mbits/sec  116162  
[  5]   1.00-2.00   sec   158 MBytes  1324 Mbits/sec  118373  
[  5]   2.00-3.00   sec   158 MBytes  1325 Mbits/sec  118483  
[  5]   3.00-4.00   sec   157 MBytes  1313 Mbits/sec  117388  
[  5]   4.00-5.00   sec   156 MBytes  1307 Mbits/sec  116885  
[  5]   5.00-6.00   sec   159 MBytes  1335 Mbits/sec  119392  
[  5]   6.00-7.00   sec   159 MBytes  1334 Mbits/sec  119296  
[  5]   7.00-8.00   sec   159 MBytes  1332 Mbits/sec  119115  
[  5]   8.00-9.00   sec   157 MBytes  1317 Mbits/sec  117783  
[  5]   9.00-10.00  sec   150 MBytes  1260 Mbits/sec  112631  
[  5]  10.00-11.00  sec   157 MBytes  1318 Mbits/sec  117805  
[  5]  11.00-12.00  sec   159 MBytes  1335 Mbits/sec  119349  
[  5]  12.00-13.00  sec   158 MBytes  1322 Mbits/sec  118242  
[  5]  13.00-14.00  sec   158 MBytes  1326 Mbits/sec  118605  
[  5]  14.00-15.00  sec   158 MBytes  1324 Mbits/sec  118399  
[  5]  15.00-16.00  sec   158 MBytes  1327 Mbits/sec  118642  
[  5]  16.00-17.00  sec   154 MBytes  1295 Mbits/sec  115781  
[  5]  17.00-18.00  sec   157 MBytes  1314 Mbits/sec  117453  
[  5]  18.00-19.00  sec   153 MBytes  1287 Mbits/sec  115104  
[  5]  19.00-20.00  sec   157 MBytes  1316 Mbits/sec  117708  
[  5]  20.00-21.00  sec   156 MBytes  1307 Mbits/sec  116900  
[  5]  21.00-22.00  sec   157 MBytes  1315 Mbits/sec  117621  
[  5]  22.00-23.00  sec   155 MBytes  1300 Mbits/sec  116194  
[  5]  23.00-24.00  sec   157 MBytes  1320 Mbits/sec  118045  
[  5]  24.00-25.00  sec   157 MBytes  1320 Mbits/sec  117987  
[  5]  25.00-26.00  sec   158 MBytes  1329 Mbits/sec  118857  
[  5]  26.00-27.00  sec   158 MBytes  1325 Mbits/sec  118435  
[  5]  27.00-28.00  sec   159 MBytes  1331 Mbits/sec  119000  
[  5]  28.00-29.00  sec   157 MBytes  1314 Mbits/sec  117525  
[  5]  29.00-30.00  sec   158 MBytes  1327 Mbits/sec  118659  
[  5]  30.00-31.00  sec   157 MBytes  1315 Mbits/sec  117554  
[  5]  31.00-32.00  sec   158 MBytes  1327 Mbits/sec  118679  
[  5]  32.00-33.00  sec   157 MBytes  1320 Mbits/sec  118004  
[  5]  33.00-34.00  sec   155 MBytes  1296 Mbits/sec  115919  
[  5]  34.00-35.00  sec   157 MBytes  1317 Mbits/sec  117802  
[  5]  35.00-36.00  sec   158 MBytes  1323 Mbits/sec  118334  
[  5]  36.00-37.00  sec   158 MBytes  1327 Mbits/sec  118636  
[  5]  37.00-38.00  sec   159 MBytes  1336 Mbits/sec  119427  
[  5]  38.00-39.00  sec   158 MBytes  1324 Mbits/sec  118421  
[  5]  39.00-40.00  sec   158 MBytes  1326 Mbits/sec  118564  
[  5]  40.00-41.00  sec   156 MBytes  1308 Mbits/sec  116996  
[  5]  41.00-42.00  sec   156 MBytes  1309 Mbits/sec  117033  
[  5]  42.00-43.00  sec   156 MBytes  1308 Mbits/sec  116925  
[  5]  43.00-44.00  sec   157 MBytes  1315 Mbits/sec  117600  
[  5]  44.00-45.00  sec   153 MBytes  1287 Mbits/sec  115038  
[  5]  45.00-46.00  sec   158 MBytes  1327 Mbits/sec  118613  
[  5]  46.00-47.00  sec   159 MBytes  1338 Mbits/sec  119629  
[  5]  47.00-48.00  sec   159 MBytes  1336 Mbits/sec  119451  
[  5]  48.00-49.00  sec   158 MBytes  1322 Mbits/sec  118202  
[  5]  49.00-50.00  sec   158 MBytes  1324 Mbits/sec  118416  
[  5]  50.00-51.00  sec   158 MBytes  1323 Mbits/sec  118273  
[  5]  51.00-52.00  sec   157 MBytes  1319 Mbits/sec  117911  
[  5]  52.00-53.00  sec   158 MBytes  1323 Mbits/sec  118336  
[  5]  53.00-54.00  sec   154 MBytes  1293 Mbits/sec  115599  
[  5]  54.00-55.00  sec   156 MBytes  1309 Mbits/sec  117029  
[  5]  55.00-56.00  sec   158 MBytes  1325 Mbits/sec  118507  
[  5]  56.00-57.00  sec   159 MBytes  1330 Mbits/sec  118944  
[  5]  57.00-58.00  sec   159 MBytes  1338 Mbits/sec  119597  
[  5]  58.00-59.00  sec   158 MBytes  1329 Mbits/sec  118862  
[  5]  59.00-60.00  sec   158 MBytes  1329 Mbits/sec  118811  
- - - - - - - - - - - - - - - - - - - - - - - - -
[ ID] Interval           Transfer     Bitrate         Jitter    Lost/Total Datagrams
[  5]   0.00-60.00  sec  9.21 GBytes  1318 Mbits/sec  0.000 ms  0/7072931 (0%)  sender
[  5]   0.00-60.01  sec  9.06 GBytes  1296 Mbits/sec  0.007 ms  117195/7072931 (1.7%)  receiver

iperf Done.
