Connecting to host 10.10.0.5, port 30000
[  5] local 10.244.1.2 port 52538 connected to 10.10.0.5 port 30000
[ ID] Interval           Transfer     Bitrate         Retr  Cwnd
[  5]   0.00-1.00   sec   373 MBytes  3129 Mbits/sec    5   8.04 MBytes       
[  5]   1.00-2.00   sec   398 MBytes  3334 Mbits/sec    0   8.04 MBytes       
[  5]   2.00-3.00   sec   388 MBytes  3251 Mbits/sec   83   5.63 MBytes       
[  5]   3.00-4.00   sec   396 MBytes  3324 Mbits/sec    0   5.63 MBytes       
[  5]   4.00-5.00   sec   399 MBytes  3345 Mbits/sec    0   5.63 MBytes       
[  5]   5.00-6.00   sec   379 MBytes  3178 Mbits/sec  894   1.96 MBytes       
[  5]   6.00-7.00   sec   202 MBytes  1699 Mbits/sec    0   2.09 MBytes       
[  5]   7.00-8.00   sec   216 MBytes  1814 Mbits/sec    0   2.18 MBytes       
[  5]   8.00-9.00   sec   224 MBytes  1877 Mbits/sec    0   2.26 MBytes       
[  5]   9.00-10.00  sec   231 MBytes  1940 Mbits/sec    0   2.31 MBytes       
[  5]  10.00-11.00  sec   236 MBytes  1982 Mbits/sec    0   2.35 MBytes       
[  5]  11.00-12.00  sec   240 MBytes  2013 Mbits/sec    0   2.40 MBytes       
[  5]  12.00-13.00  sec   249 MBytes  2087 Mbits/sec    0   2.48 MBytes       
[  5]  13.00-14.00  sec   258 MBytes  2160 Mbits/sec    0   2.55 MBytes       
[  5]  14.00-15.00  sec   248 MBytes  2076 Mbits/sec  106   1.86 MBytes       
[  5]  15.00-16.00  sec   199 MBytes  1667 Mbits/sec    0   2.05 MBytes       
[  5]  16.00-17.00  sec   216 MBytes  1814 Mbits/sec    0   2.20 MBytes       
[  5]  17.00-18.00  sec   229 MBytes  1919 Mbits/sec    0   2.32 MBytes       
[  5]  18.00-19.00  sec   241 MBytes  2024 Mbits/sec    0   2.41 MBytes       
[  5]  19.00-20.00  sec   249 MBytes  2087 Mbits/sec    0   2.49 MBytes       
[  5]  20.00-21.00  sec   255 MBytes  2139 Mbits/sec    0   2.54 MBytes       
[  5]  21.00-22.00  sec   259 MBytes  2170 Mbits/sec    0   2.57 MBytes       
[  5]  22.00-23.00  sec   262 MBytes  2202 Mbits/sec    0   2.59 MBytes       
[  5]  23.00-24.00  sec   262 MBytes  2202 Mbits/sec    0   2.61 MBytes       
[  5]  24.00-25.00  sec   264 MBytes  2213 Mbits/sec    0   2.61 MBytes       
[  5]  25.00-26.00  sec   264 MBytes  2212 Mbits/sec    0   2.65 MBytes       
[  5]  26.00-27.00  sec   271 MBytes  2275 Mbits/sec    0   2.72 MBytes       
[  5]  27.00-28.00  sec   279 MBytes  2338 Mbits/sec    0   2.79 MBytes       
[  5]  28.00-29.00  sec   288 MBytes  2412 Mbits/sec    0   2.87 MBytes       
[  5]  29.00-30.00  sec   295 MBytes  2475 Mbits/sec    0   2.94 MBytes       
[  5]  30.00-31.00  sec   301 MBytes  2527 Mbits/sec    0   3.02 MBytes       
[  5]  31.00-32.00  sec   311 MBytes  2611 Mbits/sec    0   3.09 MBytes       
[  5]  32.00-33.00  sec   318 MBytes  2663 Mbits/sec    0   3.16 MBytes       
[  5]  33.00-34.00  sec   325 MBytes  2726 Mbits/sec    0   3.24 MBytes       
[  5]  34.00-35.00  sec   334 MBytes  2800 Mbits/sec    0   3.31 MBytes       
[  5]  35.00-36.00  sec   340 MBytes  2852 Mbits/sec    0   3.38 MBytes       
[  5]  36.00-37.00  sec   348 MBytes  2915 Mbits/sec    0   3.46 MBytes       
[  5]  37.00-38.00  sec   354 MBytes  2967 Mbits/sec    0   3.53 MBytes       
[  5]  38.00-39.00  sec   374 MBytes  3135 Mbits/sec    0   3.78 MBytes       
[  5]  39.00-40.00  sec   371 MBytes  3114 Mbits/sec    6   2.85 MBytes       
[  5]  40.00-41.00  sec   302 MBytes  2538 Mbits/sec    0   3.10 MBytes       
[  5]  41.00-42.00  sec   326 MBytes  2737 Mbits/sec    0   3.31 MBytes       
[  5]  42.00-43.00  sec   349 MBytes  2926 Mbits/sec    0   3.48 MBytes       
[  5]  43.00-44.00  sec   362 MBytes  3041 Mbits/sec    0   3.63 MBytes       
[  5]  44.00-45.00  sec   375 MBytes  3145 Mbits/sec    0   3.74 MBytes       
[  5]  45.00-46.00  sec   386 MBytes  3241 Mbits/sec    0   3.83 MBytes       
[  5]  46.00-47.00  sec   395 MBytes  3314 Mbits/sec    0   3.89 MBytes       
[  5]  47.00-48.00  sec   399 MBytes  3345 Mbits/sec    0   3.94 MBytes       
[  5]  48.00-49.00  sec   402 MBytes  3376 Mbits/sec    0   3.97 MBytes       
[  5]  49.00-50.00  sec   399 MBytes  3345 Mbits/sec    0   3.99 MBytes       
[  5]  50.00-51.00  sec   400 MBytes  3355 Mbits/sec    0   4.00 MBytes       
[  5]  51.00-52.00  sec   402 MBytes  3377 Mbits/sec    0   4.00 MBytes       
[  5]  52.00-53.00  sec   401 MBytes  3366 Mbits/sec    0   4.00 MBytes       
[  5]  53.00-54.00  sec   402 MBytes  3376 Mbits/sec    0   4.00 MBytes       
[  5]  54.00-55.00  sec   405 MBytes  3397 Mbits/sec    0   4.00 MBytes       
[  5]  55.00-56.00  sec   399 MBytes  3345 Mbits/sec    0   4.00 MBytes       
[  5]  56.00-57.00  sec   401 MBytes  3366 Mbits/sec    0   4.03 MBytes       
[  5]  57.00-58.00  sec   400 MBytes  3356 Mbits/sec    0   4.03 MBytes       
[  5]  58.00-59.00  sec   389 MBytes  3261 Mbits/sec  189   2.84 MBytes       
[  5]  59.00-60.00  sec   304 MBytes  2548 Mbits/sec    0   3.09 MBytes       
- - - - - - - - - - - - - - - - - - - - - - - - -
[ ID] Interval           Transfer     Bitrate         Retr
[  5]   0.00-60.00  sec  18.8 GBytes  2690 Mbits/sec  1283             sender
[  5]   0.00-60.03  sec  18.8 GBytes  2689 Mbits/sec                  receiver

iperf Done.
