Connecting to host 10.10.0.2, port 30000
[  5] local 10.44.0.1 port 57589 connected to 10.10.0.2 port 30000
[ ID] Interval           Transfer     Bitrate         Total Datagrams
[  5]   0.00-1.00   sec   124 MBytes  1044 Mbits/sec  98561  
[  5]   1.00-2.00   sec   142 MBytes  1192 Mbits/sec  112563  
[  5]   2.00-3.00   sec   148 MBytes  1239 Mbits/sec  116941  
[  5]   3.00-4.00   sec   147 MBytes  1237 Mbits/sec  116792  
[  5]   4.00-5.00   sec   142 MBytes  1192 Mbits/sec  112510  
[  5]   5.00-6.00   sec   144 MBytes  1208 Mbits/sec  114016  
[  5]   6.00-7.00   sec   144 MBytes  1212 Mbits/sec  114394  
[  5]   7.00-8.00   sec   146 MBytes  1227 Mbits/sec  115806  
[  5]   8.00-9.00   sec   148 MBytes  1238 Mbits/sec  116873  
[  5]   9.00-10.00  sec   148 MBytes  1243 Mbits/sec  117362  
[  5]  10.00-11.00  sec   143 MBytes  1202 Mbits/sec  113481  
[  5]  11.00-12.00  sec   139 MBytes  1163 Mbits/sec  109777  
[  5]  12.00-13.00  sec   145 MBytes  1218 Mbits/sec  115002  
[  5]  13.00-14.00  sec   147 MBytes  1233 Mbits/sec  116442  
[  5]  14.00-15.00  sec   140 MBytes  1171 Mbits/sec  110524  
[  5]  15.00-16.00  sec   139 MBytes  1167 Mbits/sec  110172  
[  5]  16.00-17.00  sec   145 MBytes  1213 Mbits/sec  114491  
[  5]  17.00-18.00  sec   146 MBytes  1227 Mbits/sec  115860  
[  5]  18.00-19.00  sec   145 MBytes  1220 Mbits/sec  115172  
[  5]  19.00-20.00  sec   148 MBytes  1241 Mbits/sec  117207  
[  5]  20.00-21.00  sec   144 MBytes  1209 Mbits/sec  114181  
[  5]  21.00-22.00  sec   147 MBytes  1236 Mbits/sec  116708  
[  5]  22.00-23.00  sec   147 MBytes  1236 Mbits/sec  116676  
[  5]  23.00-24.00  sec   144 MBytes  1205 Mbits/sec  113789  
[  5]  24.00-25.00  sec   145 MBytes  1219 Mbits/sec  115060  
[  5]  25.00-26.00  sec   145 MBytes  1219 Mbits/sec  115084  
[  5]  26.00-27.00  sec   145 MBytes  1213 Mbits/sec  114499  
[  5]  27.00-28.00  sec   148 MBytes  1237 Mbits/sec  116818  
[  5]  28.00-29.00  sec   148 MBytes  1240 Mbits/sec  117054  
[  5]  29.00-30.00  sec   146 MBytes  1228 Mbits/sec  115972  
[  5]  30.00-31.00  sec   146 MBytes  1226 Mbits/sec  115785  
[  5]  31.00-32.00  sec   148 MBytes  1238 Mbits/sec  116923  
[  5]  32.00-33.00  sec   144 MBytes  1211 Mbits/sec  114291  
[  5]  33.00-34.00  sec   147 MBytes  1235 Mbits/sec  116610  
[  5]  34.00-35.00  sec   143 MBytes  1202 Mbits/sec  113458  
[  5]  35.00-36.00  sec   147 MBytes  1237 Mbits/sec  116790  
[  5]  36.00-37.00  sec   144 MBytes  1205 Mbits/sec  113782  
[  5]  37.00-38.00  sec   148 MBytes  1243 Mbits/sec  117335  
[  5]  38.00-39.00  sec   149 MBytes  1247 Mbits/sec  117761  
[  5]  39.00-40.00  sec   148 MBytes  1244 Mbits/sec  117441  
[  5]  40.00-41.00  sec   148 MBytes  1242 Mbits/sec  117289  
[  5]  41.00-42.00  sec   146 MBytes  1223 Mbits/sec  115483  
[  5]  42.00-43.00  sec   144 MBytes  1209 Mbits/sec  114149  
[  5]  43.00-44.00  sec   146 MBytes  1225 Mbits/sec  115608  
[  5]  44.00-45.00  sec   146 MBytes  1227 Mbits/sec  115811  
[  5]  45.00-46.00  sec   148 MBytes  1240 Mbits/sec  117107  
[  5]  46.00-47.00  sec   145 MBytes  1220 Mbits/sec  115183  
[  5]  47.00-48.00  sec   146 MBytes  1227 Mbits/sec  115825  
[  5]  48.00-49.00  sec   146 MBytes  1221 Mbits/sec  115280  
[  5]  49.00-50.00  sec   147 MBytes  1236 Mbits/sec  116654  
[  5]  50.00-51.00  sec   147 MBytes  1229 Mbits/sec  116077  
[  5]  51.00-52.00  sec   146 MBytes  1228 Mbits/sec  115944  
[  5]  52.00-53.00  sec   148 MBytes  1237 Mbits/sec  116820  
[  5]  53.00-54.00  sec   147 MBytes  1231 Mbits/sec  116181  
[  5]  54.00-55.00  sec   145 MBytes  1219 Mbits/sec  115065  
[  5]  55.00-56.00  sec   147 MBytes  1236 Mbits/sec  116698  
[  5]  56.00-57.00  sec   145 MBytes  1220 Mbits/sec  115169  
[  5]  57.00-58.00  sec   148 MBytes  1241 Mbits/sec  117172  
[  5]  58.00-59.00  sec   143 MBytes  1199 Mbits/sec  113190  
[  5]  59.00-60.00  sec   147 MBytes  1232 Mbits/sec  116336  
- - - - - - - - - - - - - - - - - - - - - - - - -
[ ID] Interval           Transfer     Bitrate         Jitter    Lost/Total Datagrams
[  5]   0.00-60.00  sec  8.52 GBytes  1219 Mbits/sec  0.000 ms  0/6907004 (0%)  sender
[  5]   0.00-60.01  sec  8.31 GBytes  1190 Mbits/sec  0.008 ms  165072/6907004 (2.4%)  receiver

iperf Done.
