Connecting to host 10.10.0.2, port 30000
[  5] local 10.44.0.1 port 57180 connected to 10.10.0.2 port 30000
[ ID] Interval           Transfer     Bitrate         Retr  Cwnd
[  5]   0.00-1.00   sec   375 MBytes  3146 Mbits/sec   48   8.07 MBytes       
[  5]   1.00-2.00   sec   412 MBytes  3461 Mbits/sec    0   8.07 MBytes       
[  5]   2.00-3.00   sec   406 MBytes  3408 Mbits/sec   49   8.07 MBytes       
[  5]   3.00-4.00   sec   408 MBytes  3415 Mbits/sec    0   8.07 MBytes       
[  5]   4.00-5.00   sec   410 MBytes  3443 Mbits/sec  213   8.07 MBytes       
[  5]   5.00-6.00   sec   401 MBytes  3366 Mbits/sec  333   5.65 MBytes       
[  5]   6.00-7.00   sec   409 MBytes  3429 Mbits/sec    0   5.65 MBytes       
[  5]   7.00-8.00   sec   409 MBytes  3429 Mbits/sec    0   5.65 MBytes       
[  5]   8.00-9.00   sec   412 MBytes  3460 Mbits/sec    0   5.65 MBytes       
[  5]   9.00-10.00  sec   404 MBytes  3388 Mbits/sec  490   5.65 MBytes       
[  5]  10.00-11.00  sec   405 MBytes  3397 Mbits/sec    0   5.65 MBytes       
[  5]  11.00-12.00  sec   406 MBytes  3408 Mbits/sec    0   5.65 MBytes       
[  5]  12.00-13.00  sec   404 MBytes  3386 Mbits/sec    0   5.65 MBytes       
[  5]  13.00-14.00  sec   392 MBytes  3291 Mbits/sec  1032   4.01 MBytes       
[  5]  14.00-15.00  sec   406 MBytes  3410 Mbits/sec    0   4.01 MBytes       
[  5]  15.00-16.00  sec   406 MBytes  3408 Mbits/sec    0   4.01 MBytes       
[  5]  16.00-17.00  sec   405 MBytes  3397 Mbits/sec    0   4.01 MBytes       
[  5]  17.00-18.00  sec   308 MBytes  2580 Mbits/sec  288   2.04 MBytes       
[  5]  18.00-19.00  sec   215 MBytes  1804 Mbits/sec    0   2.16 MBytes       
[  5]  19.00-20.00  sec   228 MBytes  1908 Mbits/sec    0   2.26 MBytes       
[  5]  20.00-21.00  sec   238 MBytes  1992 Mbits/sec    0   2.33 MBytes       
[  5]  21.00-22.00  sec   242 MBytes  2034 Mbits/sec    0   2.38 MBytes       
[  5]  22.00-23.00  sec   248 MBytes  2076 Mbits/sec    0   2.42 MBytes       
[  5]  23.00-24.00  sec   251 MBytes  2108 Mbits/sec    0   2.45 MBytes       
[  5]  24.00-25.00  sec   256 MBytes  2150 Mbits/sec    0   2.52 MBytes       
[  5]  25.00-26.00  sec   262 MBytes  2202 Mbits/sec    0   2.59 MBytes       
[  5]  26.00-27.00  sec   269 MBytes  2254 Mbits/sec    0   2.65 MBytes       
[  5]  27.00-28.00  sec   278 MBytes  2328 Mbits/sec    0   2.72 MBytes       
[  5]  28.00-29.00  sec   289 MBytes  2422 Mbits/sec    0   2.79 MBytes       
[  5]  29.00-30.00  sec   291 MBytes  2443 Mbits/sec    0   2.86 MBytes       
[  5]  30.00-31.00  sec   299 MBytes  2507 Mbits/sec    0   2.93 MBytes       
[  5]  31.00-32.00  sec   302 MBytes  2538 Mbits/sec    0   3.00 MBytes       
[  5]  32.00-33.00  sec   311 MBytes  2611 Mbits/sec    0   3.07 MBytes       
[  5]  33.00-34.00  sec   320 MBytes  2684 Mbits/sec    0   3.14 MBytes       
[  5]  34.00-35.00  sec   329 MBytes  2756 Mbits/sec    0   3.21 MBytes       
[  5]  35.00-36.00  sec   336 MBytes  2822 Mbits/sec    0   3.28 MBytes       
[  5]  36.00-37.00  sec   344 MBytes  2884 Mbits/sec    0   3.35 MBytes       
[  5]  37.00-38.00  sec   351 MBytes  2946 Mbits/sec    0   3.42 MBytes       
[  5]  38.00-39.00  sec   356 MBytes  2989 Mbits/sec    0   3.49 MBytes       
[  5]  39.00-40.00  sec   364 MBytes  3051 Mbits/sec    0   3.56 MBytes       
[  5]  40.00-41.00  sec   374 MBytes  3135 Mbits/sec    0   3.73 MBytes       
[  5]  41.00-42.00  sec   402 MBytes  3376 Mbits/sec    0   4.00 MBytes       
[  5]  42.00-43.00  sec   408 MBytes  3418 Mbits/sec    0   4.00 MBytes       
[  5]  43.00-44.00  sec   409 MBytes  3429 Mbits/sec    0   4.00 MBytes       
[  5]  44.00-45.00  sec   408 MBytes  3418 Mbits/sec  110   4.00 MBytes       
[  5]  45.00-46.00  sec   408 MBytes  3418 Mbits/sec    0   4.00 MBytes       
[  5]  46.00-47.00  sec   404 MBytes  3387 Mbits/sec    0   4.00 MBytes       
[  5]  47.00-48.00  sec   392 MBytes  3293 Mbits/sec    0   4.00 MBytes       
[  5]  48.00-49.00  sec   369 MBytes  3093 Mbits/sec  604   2.89 MBytes       
[  5]  49.00-50.00  sec   311 MBytes  2611 Mbits/sec    0   3.12 MBytes       
[  5]  50.00-51.00  sec   334 MBytes  2800 Mbits/sec    0   3.32 MBytes       
[  5]  51.00-52.00  sec   352 MBytes  2957 Mbits/sec    0   3.49 MBytes       
[  5]  52.00-53.00  sec   366 MBytes  3072 Mbits/sec    0   3.63 MBytes       
[  5]  53.00-54.00  sec   380 MBytes  3188 Mbits/sec    0   3.74 MBytes       
[  5]  54.00-55.00  sec   391 MBytes  3282 Mbits/sec    0   3.83 MBytes       
[  5]  55.00-56.00  sec   399 MBytes  3345 Mbits/sec    0   3.89 MBytes       
[  5]  56.00-57.00  sec   399 MBytes  3345 Mbits/sec    0   3.94 MBytes       
[  5]  57.00-58.00  sec   410 MBytes  3439 Mbits/sec    0   3.97 MBytes       
[  5]  58.00-59.00  sec   409 MBytes  3429 Mbits/sec    0   3.99 MBytes       
[  5]  59.00-60.00  sec   409 MBytes  3429 Mbits/sec    0   4.00 MBytes       
- - - - - - - - - - - - - - - - - - - - - - - - -
[ ID] Interval           Transfer     Bitrate         Retr
[  5]   0.00-60.00  sec  20.8 GBytes  2977 Mbits/sec  3167             sender
[  5]   0.00-60.01  sec  20.8 GBytes  2976 Mbits/sec                  receiver

iperf Done.
