Connecting to host 10.10.0.5, port 30000
[  5] local 10.44.0.1 port 39163 connected to 10.10.0.5 port 30000
[ ID] Interval           Transfer     Bitrate         Total Datagrams
[  5]   0.00-1.00   sec   161 MBytes  1353 Mbits/sec  127742  
[  5]   1.00-2.00   sec   162 MBytes  1356 Mbits/sec  128028  
[  5]   2.00-3.00   sec   162 MBytes  1360 Mbits/sec  128393  
[  5]   3.00-4.00   sec   162 MBytes  1355 Mbits/sec  127932  
[  5]   4.00-5.00   sec   162 MBytes  1359 Mbits/sec  128266  
[  5]   5.00-6.00   sec   163 MBytes  1365 Mbits/sec  128841  
[  5]   6.00-7.00   sec   162 MBytes  1359 Mbits/sec  128295  
[  5]   7.00-8.00   sec   163 MBytes  1365 Mbits/sec  128873  
[  5]   8.00-9.00   sec   163 MBytes  1367 Mbits/sec  129104  
[  5]   9.00-10.00  sec   161 MBytes  1347 Mbits/sec  127207  
[  5]  10.00-11.00  sec   166 MBytes  1390 Mbits/sec  131247  
[  5]  11.00-12.00  sec   167 MBytes  1399 Mbits/sec  132110  
[  5]  12.00-13.00  sec   163 MBytes  1365 Mbits/sec  128825  
[  5]  13.00-14.00  sec   166 MBytes  1390 Mbits/sec  131270  
[  5]  14.00-15.00  sec   163 MBytes  1366 Mbits/sec  128947  
[  5]  15.00-16.00  sec   165 MBytes  1381 Mbits/sec  130405  
[  5]  16.00-17.00  sec   166 MBytes  1396 Mbits/sec  131770  
[  5]  17.00-18.00  sec   161 MBytes  1355 Mbits/sec  127900  
[  5]  18.00-19.00  sec   162 MBytes  1357 Mbits/sec  128132  
[  5]  19.00-20.00  sec   162 MBytes  1359 Mbits/sec  128343  
[  5]  20.00-21.00  sec   164 MBytes  1372 Mbits/sec  129537  
[  5]  21.00-22.00  sec   163 MBytes  1369 Mbits/sec  129246  
[  5]  22.00-23.00  sec   164 MBytes  1374 Mbits/sec  129706  
[  5]  23.00-24.00  sec   163 MBytes  1370 Mbits/sec  129346  
[  5]  24.00-25.00  sec   161 MBytes  1349 Mbits/sec  127337  
[  5]  25.00-26.00  sec   164 MBytes  1378 Mbits/sec  130067  
[  5]  26.00-27.00  sec   163 MBytes  1366 Mbits/sec  128949  
[  5]  27.00-28.00  sec   158 MBytes  1329 Mbits/sec  125504  
[  5]  28.00-29.00  sec   164 MBytes  1377 Mbits/sec  130007  
[  5]  29.00-30.00  sec   162 MBytes  1357 Mbits/sec  128112  
[  5]  30.00-31.00  sec   162 MBytes  1356 Mbits/sec  128026  
[  5]  31.00-32.00  sec   162 MBytes  1360 Mbits/sec  128432  
[  5]  32.00-33.00  sec   162 MBytes  1355 Mbits/sec  127973  
[  5]  33.00-34.00  sec   162 MBytes  1355 Mbits/sec  127923  
[  5]  34.00-35.00  sec   162 MBytes  1359 Mbits/sec  128284  
[  5]  35.00-36.00  sec   161 MBytes  1351 Mbits/sec  127556  
[  5]  36.00-37.00  sec   162 MBytes  1362 Mbits/sec  128553  
[  5]  37.00-38.00  sec   161 MBytes  1348 Mbits/sec  127233  
[  5]  38.00-39.00  sec   161 MBytes  1350 Mbits/sec  127455  
[  5]  39.00-40.00  sec   163 MBytes  1369 Mbits/sec  129289  
[  5]  40.00-41.00  sec   162 MBytes  1360 Mbits/sec  128438  
[  5]  41.00-42.00  sec   163 MBytes  1369 Mbits/sec  129246  
[  5]  42.00-43.00  sec   164 MBytes  1375 Mbits/sec  129839  
[  5]  43.00-44.00  sec   162 MBytes  1357 Mbits/sec  128114  
[  5]  44.00-45.00  sec   164 MBytes  1372 Mbits/sec  129494  
[  5]  45.00-46.00  sec   161 MBytes  1354 Mbits/sec  127832  
[  5]  46.00-47.00  sec   160 MBytes  1345 Mbits/sec  126995  
[  5]  47.00-48.00  sec   163 MBytes  1366 Mbits/sec  128937  
[  5]  48.00-49.00  sec   163 MBytes  1370 Mbits/sec  129381  
[  5]  49.00-50.00  sec   162 MBytes  1358 Mbits/sec  128207  
[  5]  50.00-51.00  sec   164 MBytes  1379 Mbits/sec  130149  
[  5]  51.00-52.00  sec   162 MBytes  1362 Mbits/sec  128585  
[  5]  52.00-53.00  sec   165 MBytes  1382 Mbits/sec  130479  
[  5]  53.00-54.00  sec   165 MBytes  1383 Mbits/sec  130573  
[  5]  54.00-55.00  sec   162 MBytes  1358 Mbits/sec  128245  
[  5]  55.00-56.00  sec   162 MBytes  1360 Mbits/sec  128405  
[  5]  56.00-57.00  sec   161 MBytes  1352 Mbits/sec  127647  
[  5]  57.00-58.00  sec   163 MBytes  1369 Mbits/sec  129280  
[  5]  58.00-59.00  sec   164 MBytes  1375 Mbits/sec  129800  
[  5]  59.00-60.00  sec   164 MBytes  1375 Mbits/sec  129794  
- - - - - - - - - - - - - - - - - - - - - - - - -
[ ID] Interval           Transfer     Bitrate         Jitter    Lost/Total Datagrams
[  5]   0.00-60.00  sec  9.53 GBytes  1365 Mbits/sec  0.000 ms  0/7729605 (0%)  sender
[  5]   0.00-60.01  sec  9.51 GBytes  1361 Mbits/sec  0.007 ms  18463/7729600 (0.24%)  receiver

iperf Done.
