Connecting to host 10.10.0.2, port 30000
[  5] local 10.44.0.1 port 49602 connected to 10.10.0.2 port 30000
[  7] local 10.44.0.1 port 38219 connected to 10.10.0.2 port 30000
[  9] local 10.44.0.1 port 53025 connected to 10.10.0.2 port 30000
[ 11] local 10.44.0.1 port 49280 connected to 10.10.0.2 port 30000
[ 13] local 10.44.0.1 port 34796 connected to 10.10.0.2 port 30000
[ 15] local 10.44.0.1 port 38125 connected to 10.10.0.2 port 30000
[ 17] local 10.44.0.1 port 55072 connected to 10.10.0.2 port 30000
[ 19] local 10.44.0.1 port 59808 connected to 10.10.0.2 port 30000
[ 21] local 10.44.0.1 port 42692 connected to 10.10.0.2 port 30000
[ 23] local 10.44.0.1 port 44839 connected to 10.10.0.2 port 30000
[ 25] local 10.44.0.1 port 39566 connected to 10.10.0.2 port 30000
[ 27] local 10.44.0.1 port 42702 connected to 10.10.0.2 port 30000
[ 29] local 10.44.0.1 port 41333 connected to 10.10.0.2 port 30000
[ 31] local 10.44.0.1 port 57555 connected to 10.10.0.2 port 30000
[ 33] local 10.44.0.1 port 48295 connected to 10.10.0.2 port 30000
[ 35] local 10.44.0.1 port 43226 connected to 10.10.0.2 port 30000
[ 37] local 10.44.0.1 port 42131 connected to 10.10.0.2 port 30000
[ 39] local 10.44.0.1 port 50810 connected to 10.10.0.2 port 30000
[ 41] local 10.44.0.1 port 41714 connected to 10.10.0.2 port 30000
[ 43] local 10.44.0.1 port 59070 connected to 10.10.0.2 port 30000
[ ID] Interval           Transfer     Bitrate         Total Datagrams
[  5]   0.00-1.00   sec  8.84 MBytes  74.2 Mbits/sec  7001  
[  7]   0.00-1.00   sec  8.84 MBytes  74.2 Mbits/sec  7001  
[  9]   0.00-1.00   sec  8.84 MBytes  74.2 Mbits/sec  7001  
[ 11]   0.00-1.00   sec  8.84 MBytes  74.2 Mbits/sec  7001  
[ 13]   0.00-1.00   sec  8.84 MBytes  74.2 Mbits/sec  7001  
[ 15]   0.00-1.00   sec  8.84 MBytes  74.2 Mbits/sec  7001  
[ 17]   0.00-1.00   sec  8.84 MBytes  74.2 Mbits/sec  7001  
[ 19]   0.00-1.00   sec  8.84 MBytes  74.2 Mbits/sec  7001  
[ 21]   0.00-1.00   sec  8.84 MBytes  74.2 Mbits/sec  7001  
[ 23]   0.00-1.00   sec  8.84 MBytes  74.2 Mbits/sec  7001  
[ 25]   0.00-1.00   sec  8.84 MBytes  74.2 Mbits/sec  7001  
[ 27]   0.00-1.00   sec  8.84 MBytes  74.2 Mbits/sec  7001  
[ 29]   0.00-1.00   sec  8.84 MBytes  74.2 Mbits/sec  7001  
[ 31]   0.00-1.00   sec  8.84 MBytes  74.1 Mbits/sec  7001  
[ 33]   0.00-1.00   sec  8.84 MBytes  74.1 Mbits/sec  7001  
[ 35]   0.00-1.00   sec  8.84 MBytes  74.1 Mbits/sec  7001  
[ 37]   0.00-1.00   sec  8.84 MBytes  74.1 Mbits/sec  7001  
[ 39]   0.00-1.00   sec  8.84 MBytes  74.1 Mbits/sec  7001  
[ 41]   0.00-1.00   sec  8.84 MBytes  74.1 Mbits/sec  7001  
[ 43]   0.00-1.00   sec  8.84 MBytes  74.1 Mbits/sec  7001  
[SUM]   0.00-1.00   sec   177 MBytes  1483 Mbits/sec  140020  
- - - - - - - - - - - - - - - - - - - - - - - - -
[  5]   1.00-2.00   sec  8.98 MBytes  75.4 Mbits/sec  7115  
[  7]   1.00-2.00   sec  8.98 MBytes  75.4 Mbits/sec  7115  
[  9]   1.00-2.00   sec  8.98 MBytes  75.4 Mbits/sec  7115  
[ 11]   1.00-2.00   sec  8.98 MBytes  75.4 Mbits/sec  7115  
[ 13]   1.00-2.00   sec  8.98 MBytes  75.4 Mbits/sec  7115  
[ 15]   1.00-2.00   sec  8.98 MBytes  75.4 Mbits/sec  7115  
[ 17]   1.00-2.00   sec  8.98 MBytes  75.4 Mbits/sec  7115  
[ 19]   1.00-2.00   sec  8.98 MBytes  75.4 Mbits/sec  7115  
[ 21]   1.00-2.00   sec  8.98 MBytes  75.4 Mbits/sec  7115  
[ 23]   1.00-2.00   sec  8.98 MBytes  75.4 Mbits/sec  7115  
[ 25]   1.00-2.00   sec  8.98 MBytes  75.4 Mbits/sec  7115  
[ 27]   1.00-2.00   sec  8.98 MBytes  75.4 Mbits/sec  7115  
[ 29]   1.00-2.00   sec  8.98 MBytes  75.4 Mbits/sec  7115  
[ 31]   1.00-2.00   sec  8.98 MBytes  75.4 Mbits/sec  7115  
[ 33]   1.00-2.00   sec  8.98 MBytes  75.4 Mbits/sec  7115  
[ 35]   1.00-2.00   sec  8.98 MBytes  75.4 Mbits/sec  7115  
[ 37]   1.00-2.00   sec  8.98 MBytes  75.4 Mbits/sec  7115  
[ 39]   1.00-2.00   sec  8.98 MBytes  75.4 Mbits/sec  7115  
[ 41]   1.00-2.00   sec  8.98 MBytes  75.4 Mbits/sec  7115  
[ 43]   1.00-2.00   sec  8.98 MBytes  75.4 Mbits/sec  7115  
[SUM]   1.00-2.00   sec   180 MBytes  1507 Mbits/sec  142300  
- - - - - - - - - - - - - - - - - - - - - - - - -
[  5]   2.00-3.00   sec  9.09 MBytes  76.2 Mbits/sec  7196  
[  7]   2.00-3.00   sec  9.09 MBytes  76.2 Mbits/sec  7196  
[  9]   2.00-3.00   sec  9.09 MBytes  76.2 Mbits/sec  7196  
[ 11]   2.00-3.00   sec  9.09 MBytes  76.2 Mbits/sec  7196  
[ 13]   2.00-3.00   sec  9.09 MBytes  76.2 Mbits/sec  7196  
[ 15]   2.00-3.00   sec  9.09 MBytes  76.2 Mbits/sec  7196  
[ 17]   2.00-3.00   sec  9.09 MBytes  76.2 Mbits/sec  7196  
[ 19]   2.00-3.00   sec  9.09 MBytes  76.2 Mbits/sec  7196  
[ 21]   2.00-3.00   sec  9.09 MBytes  76.2 Mbits/sec  7196  
[ 23]   2.00-3.00   sec  9.09 MBytes  76.2 Mbits/sec  7196  
[ 25]   2.00-3.00   sec  9.09 MBytes  76.2 Mbits/sec  7196  
[ 27]   2.00-3.00   sec  9.09 MBytes  76.2 Mbits/sec  7196  
[ 29]   2.00-3.00   sec  9.09 MBytes  76.2 Mbits/sec  7196  
[ 31]   2.00-3.00   sec  9.09 MBytes  76.2 Mbits/sec  7196  
[ 33]   2.00-3.00   sec  9.09 MBytes  76.2 Mbits/sec  7196  
[ 35]   2.00-3.00   sec  9.09 MBytes  76.2 Mbits/sec  7196  
[ 37]   2.00-3.00   sec  9.09 MBytes  76.2 Mbits/sec  7196  
[ 39]   2.00-3.00   sec  9.09 MBytes  76.2 Mbits/sec  7196  
[ 41]   2.00-3.00   sec  9.09 MBytes  76.2 Mbits/sec  7196  
[ 43]   2.00-3.00   sec  9.09 MBytes  76.2 Mbits/sec  7196  
[SUM]   2.00-3.00   sec   182 MBytes  1524 Mbits/sec  143920  
- - - - - - - - - - - - - - - - - - - - - - - - -
[  5]   3.00-4.00   sec  8.67 MBytes  72.7 Mbits/sec  6863  
[  7]   3.00-4.00   sec  8.67 MBytes  72.7 Mbits/sec  6863  
[  9]   3.00-4.00   sec  8.67 MBytes  72.7 Mbits/sec  6863  
[ 11]   3.00-4.00   sec  8.67 MBytes  72.7 Mbits/sec  6863  
[ 13]   3.00-4.00   sec  8.67 MBytes  72.7 Mbits/sec  6863  
[ 15]   3.00-4.00   sec  8.67 MBytes  72.7 Mbits/sec  6863  
[ 17]   3.00-4.00   sec  8.67 MBytes  72.7 Mbits/sec  6863  
[ 19]   3.00-4.00   sec  8.67 MBytes  72.7 Mbits/sec  6863  
[ 21]   3.00-4.00   sec  8.67 MBytes  72.7 Mbits/sec  6863  
[ 23]   3.00-4.00   sec  8.67 MBytes  72.7 Mbits/sec  6863  
[ 25]   3.00-4.00   sec  8.67 MBytes  72.7 Mbits/sec  6863  
[ 27]   3.00-4.00   sec  8.67 MBytes  72.7 Mbits/sec  6863  
[ 29]   3.00-4.00   sec  8.67 MBytes  72.7 Mbits/sec  6863  
[ 31]   3.00-4.00   sec  8.67 MBytes  72.7 Mbits/sec  6863  
[ 33]   3.00-4.00   sec  8.67 MBytes  72.7 Mbits/sec  6863  
[ 35]   3.00-4.00   sec  8.67 MBytes  72.7 Mbits/sec  6863  
[ 37]   3.00-4.00   sec  8.67 MBytes  72.7 Mbits/sec  6863  
[ 39]   3.00-4.00   sec  8.67 MBytes  72.7 Mbits/sec  6863  
[ 41]   3.00-4.00   sec  8.67 MBytes  72.7 Mbits/sec  6863  
[ 43]   3.00-4.00   sec  8.67 MBytes  72.7 Mbits/sec  6863  
[SUM]   3.00-4.00   sec   173 MBytes  1454 Mbits/sec  137260  
- - - - - - - - - - - - - - - - - - - - - - - - -
[  5]   4.00-5.00   sec  8.96 MBytes  75.2 Mbits/sec  7098  
[  7]   4.00-5.00   sec  8.96 MBytes  75.2 Mbits/sec  7098  
[  9]   4.00-5.00   sec  8.96 MBytes  75.2 Mbits/sec  7098  
[ 11]   4.00-5.00   sec  8.96 MBytes  75.2 Mbits/sec  7098  
[ 13]   4.00-5.00   sec  8.96 MBytes  75.2 Mbits/sec  7098  
[ 15]   4.00-5.00   sec  8.96 MBytes  75.2 Mbits/sec  7098  
[ 17]   4.00-5.00   sec  8.96 MBytes  75.2 Mbits/sec  7098  
[ 19]   4.00-5.00   sec  8.96 MBytes  75.2 Mbits/sec  7098  
[ 21]   4.00-5.00   sec  8.96 MBytes  75.2 Mbits/sec  7098  
[ 23]   4.00-5.00   sec  8.96 MBytes  75.2 Mbits/sec  7098  
[ 25]   4.00-5.00   sec  8.96 MBytes  75.2 Mbits/sec  7098  
[ 27]   4.00-5.00   sec  8.96 MBytes  75.2 Mbits/sec  7098  
[ 29]   4.00-5.00   sec  8.96 MBytes  75.2 Mbits/sec  7098  
[ 31]   4.00-5.00   sec  8.96 MBytes  75.2 Mbits/sec  7098  
[ 33]   4.00-5.00   sec  8.96 MBytes  75.2 Mbits/sec  7098  
[ 35]   4.00-5.00   sec  8.96 MBytes  75.2 Mbits/sec  7098  
[ 37]   4.00-5.00   sec  8.96 MBytes  75.2 Mbits/sec  7098  
[ 39]   4.00-5.00   sec  8.96 MBytes  75.2 Mbits/sec  7098  
[ 41]   4.00-5.00   sec  8.96 MBytes  75.2 Mbits/sec  7098  
[ 43]   4.00-5.00   sec  8.96 MBytes  75.2 Mbits/sec  7098  
[SUM]   4.00-5.00   sec   179 MBytes  1504 Mbits/sec  141960  
- - - - - - - - - - - - - - - - - - - - - - - - -
[  5]   5.00-6.00   sec  8.90 MBytes  74.7 Mbits/sec  7051  
[  7]   5.00-6.00   sec  8.90 MBytes  74.7 Mbits/sec  7051  
[  9]   5.00-6.00   sec  8.90 MBytes  74.7 Mbits/sec  7051  
[ 11]   5.00-6.00   sec  8.90 MBytes  74.7 Mbits/sec  7051  
[ 13]   5.00-6.00   sec  8.90 MBytes  74.7 Mbits/sec  7051  
[ 15]   5.00-6.00   sec  8.90 MBytes  74.7 Mbits/sec  7051  
[ 17]   5.00-6.00   sec  8.90 MBytes  74.7 Mbits/sec  7051  
[ 19]   5.00-6.00   sec  8.90 MBytes  74.7 Mbits/sec  7051  
[ 21]   5.00-6.00   sec  8.90 MBytes  74.7 Mbits/sec  7051  
[ 23]   5.00-6.00   sec  8.90 MBytes  74.7 Mbits/sec  7051  
[ 25]   5.00-6.00   sec  8.90 MBytes  74.7 Mbits/sec  7051  
[ 27]   5.00-6.00   sec  8.90 MBytes  74.7 Mbits/sec  7051  
[ 29]   5.00-6.00   sec  8.90 MBytes  74.7 Mbits/sec  7051  
[ 31]   5.00-6.00   sec  8.90 MBytes  74.7 Mbits/sec  7051  
[ 33]   5.00-6.00   sec  8.90 MBytes  74.7 Mbits/sec  7051  
[ 35]   5.00-6.00   sec  8.90 MBytes  74.7 Mbits/sec  7051  
[ 37]   5.00-6.00   sec  8.90 MBytes  74.7 Mbits/sec  7051  
[ 39]   5.00-6.00   sec  8.90 MBytes  74.7 Mbits/sec  7051  
[ 41]   5.00-6.00   sec  8.90 MBytes  74.7 Mbits/sec  7051  
[ 43]   5.00-6.00   sec  8.90 MBytes  74.7 Mbits/sec  7051  
[SUM]   5.00-6.00   sec   178 MBytes  1494 Mbits/sec  141020  
- - - - - - - - - - - - - - - - - - - - - - - - -
[  5]   6.00-7.00   sec  8.96 MBytes  75.2 Mbits/sec  7097  
[  7]   6.00-7.00   sec  8.96 MBytes  75.2 Mbits/sec  7097  
[  9]   6.00-7.00   sec  8.96 MBytes  75.2 Mbits/sec  7097  
[ 11]   6.00-7.00   sec  8.96 MBytes  75.2 Mbits/sec  7097  
[ 13]   6.00-7.00   sec  8.96 MBytes  75.2 Mbits/sec  7097  
[ 15]   6.00-7.00   sec  8.96 MBytes  75.2 Mbits/sec  7097  
[ 17]   6.00-7.00   sec  8.96 MBytes  75.2 Mbits/sec  7097  
[ 19]   6.00-7.00   sec  8.96 MBytes  75.2 Mbits/sec  7097  
[ 21]   6.00-7.00   sec  8.96 MBytes  75.2 Mbits/sec  7097  
[ 23]   6.00-7.00   sec  8.96 MBytes  75.2 Mbits/sec  7097  
[ 25]   6.00-7.00   sec  8.96 MBytes  75.2 Mbits/sec  7097  
[ 27]   6.00-7.00   sec  8.96 MBytes  75.2 Mbits/sec  7097  
[ 29]   6.00-7.00   sec  8.96 MBytes  75.2 Mbits/sec  7097  
[ 31]   6.00-7.00   sec  8.96 MBytes  75.2 Mbits/sec  7097  
[ 33]   6.00-7.00   sec  8.96 MBytes  75.2 Mbits/sec  7097  
[ 35]   6.00-7.00   sec  8.96 MBytes  75.2 Mbits/sec  7097  
[ 37]   6.00-7.00   sec  8.96 MBytes  75.2 Mbits/sec  7097  
[ 39]   6.00-7.00   sec  8.96 MBytes  75.2 Mbits/sec  7097  
[ 41]   6.00-7.00   sec  8.96 MBytes  75.2 Mbits/sec  7097  
[ 43]   6.00-7.00   sec  8.96 MBytes  75.2 Mbits/sec  7097  
[SUM]   6.00-7.00   sec   179 MBytes  1503 Mbits/sec  141940  
- - - - - - - - - - - - - - - - - - - - - - - - -
[  5]   7.00-8.00   sec  8.94 MBytes  75.0 Mbits/sec  7077  
[  7]   7.00-8.00   sec  8.94 MBytes  75.0 Mbits/sec  7077  
[  9]   7.00-8.00   sec  8.94 MBytes  75.0 Mbits/sec  7077  
[ 11]   7.00-8.00   sec  8.94 MBytes  75.0 Mbits/sec  7077  
[ 13]   7.00-8.00   sec  8.94 MBytes  75.0 Mbits/sec  7077  
[ 15]   7.00-8.00   sec  8.94 MBytes  75.0 Mbits/sec  7077  
[ 17]   7.00-8.00   sec  8.94 MBytes  75.0 Mbits/sec  7077  
[ 19]   7.00-8.00   sec  8.94 MBytes  75.0 Mbits/sec  7077  
[ 21]   7.00-8.00   sec  8.94 MBytes  75.0 Mbits/sec  7077  
[ 23]   7.00-8.00   sec  8.94 MBytes  75.0 Mbits/sec  7077  
[ 25]   7.00-8.00   sec  8.94 MBytes  75.0 Mbits/sec  7077  
[ 27]   7.00-8.00   sec  8.94 MBytes  75.0 Mbits/sec  7077  
[ 29]   7.00-8.00   sec  8.94 MBytes  75.0 Mbits/sec  7077  
[ 31]   7.00-8.00   sec  8.94 MBytes  75.0 Mbits/sec  7077  
[ 33]   7.00-8.00   sec  8.94 MBytes  75.0 Mbits/sec  7077  
[ 35]   7.00-8.00   sec  8.94 MBytes  75.0 Mbits/sec  7077  
[ 37]   7.00-8.00   sec  8.94 MBytes  75.0 Mbits/sec  7077  
[ 39]   7.00-8.00   sec  8.94 MBytes  75.0 Mbits/sec  7077  
[ 41]   7.00-8.00   sec  8.94 MBytes  75.0 Mbits/sec  7077  
[ 43]   7.00-8.00   sec  8.94 MBytes  75.0 Mbits/sec  7077  
[SUM]   7.00-8.00   sec   179 MBytes  1499 Mbits/sec  141540  
- - - - - - - - - - - - - - - - - - - - - - - - -
[  5]   8.00-9.00   sec  9.13 MBytes  76.5 Mbits/sec  7227  
[  7]   8.00-9.00   sec  9.13 MBytes  76.5 Mbits/sec  7227  
[  9]   8.00-9.00   sec  9.13 MBytes  76.5 Mbits/sec  7227  
[ 11]   8.00-9.00   sec  9.13 MBytes  76.5 Mbits/sec  7227  
[ 13]   8.00-9.00   sec  9.13 MBytes  76.5 Mbits/sec  7227  
[ 15]   8.00-9.00   sec  9.13 MBytes  76.5 Mbits/sec  7227  
[ 17]   8.00-9.00   sec  9.13 MBytes  76.5 Mbits/sec  7227  
[ 19]   8.00-9.00   sec  9.13 MBytes  76.5 Mbits/sec  7227  
[ 21]   8.00-9.00   sec  9.13 MBytes  76.5 Mbits/sec  7227  
[ 23]   8.00-9.00   sec  9.13 MBytes  76.5 Mbits/sec  7227  
[ 25]   8.00-9.00   sec  9.13 MBytes  76.5 Mbits/sec  7227  
[ 27]   8.00-9.00   sec  9.13 MBytes  76.5 Mbits/sec  7227  
[ 29]   8.00-9.00   sec  9.13 MBytes  76.5 Mbits/sec  7227  
[ 31]   8.00-9.00   sec  9.13 MBytes  76.5 Mbits/sec  7227  
[ 33]   8.00-9.00   sec  9.13 MBytes  76.5 Mbits/sec  7227  
[ 35]   8.00-9.00   sec  9.13 MBytes  76.5 Mbits/sec  7227  
[ 37]   8.00-9.00   sec  9.13 MBytes  76.5 Mbits/sec  7227  
[ 39]   8.00-9.00   sec  9.13 MBytes  76.5 Mbits/sec  7227  
[ 41]   8.00-9.00   sec  9.13 MBytes  76.5 Mbits/sec  7227  
[ 43]   8.00-9.00   sec  9.13 MBytes  76.5 Mbits/sec  7227  
[SUM]   8.00-9.00   sec   183 MBytes  1531 Mbits/sec  144540  
- - - - - - - - - - - - - - - - - - - - - - - - -
[  5]   9.00-10.00  sec  9.05 MBytes  75.9 Mbits/sec  7168  
[  7]   9.00-10.00  sec  9.05 MBytes  75.9 Mbits/sec  7168  
[  9]   9.00-10.00  sec  9.05 MBytes  75.9 Mbits/sec  7168  
[ 11]   9.00-10.00  sec  9.05 MBytes  75.9 Mbits/sec  7168  
[ 13]   9.00-10.00  sec  9.05 MBytes  75.9 Mbits/sec  7168  
[ 15]   9.00-10.00  sec  9.05 MBytes  75.9 Mbits/sec  7168  
[ 17]   9.00-10.00  sec  9.05 MBytes  75.9 Mbits/sec  7168  
[ 19]   9.00-10.00  sec  9.05 MBytes  75.9 Mbits/sec  7168  
[ 21]   9.00-10.00  sec  9.05 MBytes  75.9 Mbits/sec  7168  
[ 23]   9.00-10.00  sec  9.05 MBytes  75.9 Mbits/sec  7168  
[ 25]   9.00-10.00  sec  9.05 MBytes  75.9 Mbits/sec  7168  
[ 27]   9.00-10.00  sec  9.05 MBytes  75.9 Mbits/sec  7168  
[ 29]   9.00-10.00  sec  9.05 MBytes  75.9 Mbits/sec  7168  
[ 31]   9.00-10.00  sec  9.05 MBytes  75.9 Mbits/sec  7168  
[ 33]   9.00-10.00  sec  9.05 MBytes  75.9 Mbits/sec  7168  
[ 35]   9.00-10.00  sec  9.05 MBytes  75.9 Mbits/sec  7168  
[ 37]   9.00-10.00  sec  9.05 MBytes  75.9 Mbits/sec  7168  
[ 39]   9.00-10.00  sec  9.05 MBytes  75.9 Mbits/sec  7168  
[ 41]   9.00-10.00  sec  9.05 MBytes  75.9 Mbits/sec  7168  
[ 43]   9.00-10.00  sec  9.05 MBytes  75.9 Mbits/sec  7168  
[SUM]   9.00-10.00  sec   181 MBytes  1519 Mbits/sec  143360  
- - - - - - - - - - - - - - - - - - - - - - - - -
[  5]  10.00-11.00  sec  8.97 MBytes  75.3 Mbits/sec  7105  
[  7]  10.00-11.00  sec  8.97 MBytes  75.3 Mbits/sec  7105  
[  9]  10.00-11.00  sec  8.97 MBytes  75.3 Mbits/sec  7105  
[ 11]  10.00-11.00  sec  8.97 MBytes  75.3 Mbits/sec  7105  
[ 13]  10.00-11.00  sec  8.97 MBytes  75.3 Mbits/sec  7105  
[ 15]  10.00-11.00  sec  8.97 MBytes  75.3 Mbits/sec  7105  
[ 17]  10.00-11.00  sec  8.97 MBytes  75.3 Mbits/sec  7105  
[ 19]  10.00-11.00  sec  8.97 MBytes  75.3 Mbits/sec  7105  
[ 21]  10.00-11.00  sec  8.97 MBytes  75.3 Mbits/sec  7105  
[ 23]  10.00-11.00  sec  8.97 MBytes  75.3 Mbits/sec  7105  
[ 25]  10.00-11.00  sec  8.97 MBytes  75.3 Mbits/sec  7105  
[ 27]  10.00-11.00  sec  8.97 MBytes  75.3 Mbits/sec  7105  
[ 29]  10.00-11.00  sec  8.97 MBytes  75.3 Mbits/sec  7105  
[ 31]  10.00-11.00  sec  8.97 MBytes  75.3 Mbits/sec  7105  
[ 33]  10.00-11.00  sec  8.97 MBytes  75.3 Mbits/sec  7105  
[ 35]  10.00-11.00  sec  8.97 MBytes  75.3 Mbits/sec  7105  
[ 37]  10.00-11.00  sec  8.97 MBytes  75.3 Mbits/sec  7105  
[ 39]  10.00-11.00  sec  8.97 MBytes  75.3 Mbits/sec  7105  
[ 41]  10.00-11.00  sec  8.97 MBytes  75.3 Mbits/sec  7105  
[ 43]  10.00-11.00  sec  8.97 MBytes  75.3 Mbits/sec  7105  
[SUM]  10.00-11.00  sec   179 MBytes  1505 Mbits/sec  142100  
- - - - - - - - - - - - - - - - - - - - - - - - -
[  5]  11.00-12.00  sec  8.90 MBytes  74.7 Mbits/sec  7049  
[  7]  11.00-12.00  sec  8.90 MBytes  74.7 Mbits/sec  7049  
[  9]  11.00-12.00  sec  8.90 MBytes  74.7 Mbits/sec  7049  
[ 11]  11.00-12.00  sec  8.90 MBytes  74.7 Mbits/sec  7049  
[ 13]  11.00-12.00  sec  8.90 MBytes  74.7 Mbits/sec  7049  
[ 15]  11.00-12.00  sec  8.90 MBytes  74.7 Mbits/sec  7049  
[ 17]  11.00-12.00  sec  8.90 MBytes  74.7 Mbits/sec  7049  
[ 19]  11.00-12.00  sec  8.90 MBytes  74.7 Mbits/sec  7049  
[ 21]  11.00-12.00  sec  8.90 MBytes  74.7 Mbits/sec  7049  
[ 23]  11.00-12.00  sec  8.90 MBytes  74.7 Mbits/sec  7049  
[ 25]  11.00-12.00  sec  8.90 MBytes  74.7 Mbits/sec  7049  
[ 27]  11.00-12.00  sec  8.90 MBytes  74.7 Mbits/sec  7049  
[ 29]  11.00-12.00  sec  8.90 MBytes  74.7 Mbits/sec  7049  
[ 31]  11.00-12.00  sec  8.90 MBytes  74.7 Mbits/sec  7049  
[ 33]  11.00-12.00  sec  8.90 MBytes  74.7 Mbits/sec  7049  
[ 35]  11.00-12.00  sec  8.90 MBytes  74.7 Mbits/sec  7049  
[ 37]  11.00-12.00  sec  8.90 MBytes  74.7 Mbits/sec  7049  
[ 39]  11.00-12.00  sec  8.90 MBytes  74.7 Mbits/sec  7049  
[ 41]  11.00-12.00  sec  8.90 MBytes  74.7 Mbits/sec  7049  
[ 43]  11.00-12.00  sec  8.90 MBytes  74.7 Mbits/sec  7049  
[SUM]  11.00-12.00  sec   178 MBytes  1493 Mbits/sec  140980  
- - - - - - - - - - - - - - - - - - - - - - - - -
[  5]  12.00-13.00  sec  9.08 MBytes  76.2 Mbits/sec  7193  
[  7]  12.00-13.00  sec  9.08 MBytes  76.2 Mbits/sec  7193  
[  9]  12.00-13.00  sec  9.08 MBytes  76.2 Mbits/sec  7193  
[ 11]  12.00-13.00  sec  9.08 MBytes  76.2 Mbits/sec  7193  
[ 13]  12.00-13.00  sec  9.08 MBytes  76.2 Mbits/sec  7193  
[ 15]  12.00-13.00  sec  9.08 MBytes  76.2 Mbits/sec  7193  
[ 17]  12.00-13.00  sec  9.08 MBytes  76.2 Mbits/sec  7193  
[ 19]  12.00-13.00  sec  9.08 MBytes  76.2 Mbits/sec  7193  
[ 21]  12.00-13.00  sec  9.08 MBytes  76.2 Mbits/sec  7193  
[ 23]  12.00-13.00  sec  9.08 MBytes  76.2 Mbits/sec  7193  
[ 25]  12.00-13.00  sec  9.08 MBytes  76.2 Mbits/sec  7193  
[ 27]  12.00-13.00  sec  9.08 MBytes  76.2 Mbits/sec  7193  
[ 29]  12.00-13.00  sec  9.08 MBytes  76.2 Mbits/sec  7193  
[ 31]  12.00-13.00  sec  9.08 MBytes  76.2 Mbits/sec  7193  
[ 33]  12.00-13.00  sec  9.08 MBytes  76.2 Mbits/sec  7193  
[ 35]  12.00-13.00  sec  9.08 MBytes  76.2 Mbits/sec  7193  
[ 37]  12.00-13.00  sec  9.08 MBytes  76.2 Mbits/sec  7193  
[ 39]  12.00-13.00  sec  9.08 MBytes  76.2 Mbits/sec  7193  
[ 41]  12.00-13.00  sec  9.08 MBytes  76.2 Mbits/sec  7193  
[ 43]  12.00-13.00  sec  9.08 MBytes  76.2 Mbits/sec  7193  
[SUM]  12.00-13.00  sec   182 MBytes  1524 Mbits/sec  143860  
- - - - - - - - - - - - - - - - - - - - - - - - -
[  5]  13.00-14.00  sec  9.03 MBytes  75.7 Mbits/sec  7149  
[  7]  13.00-14.00  sec  9.03 MBytes  75.7 Mbits/sec  7149  
[  9]  13.00-14.00  sec  9.03 MBytes  75.7 Mbits/sec  7149  
[ 11]  13.00-14.00  sec  9.03 MBytes  75.7 Mbits/sec  7149  
[ 13]  13.00-14.00  sec  9.03 MBytes  75.7 Mbits/sec  7149  
[ 15]  13.00-14.00  sec  9.03 MBytes  75.7 Mbits/sec  7149  
[ 17]  13.00-14.00  sec  9.03 MBytes  75.7 Mbits/sec  7149  
[ 19]  13.00-14.00  sec  9.03 MBytes  75.7 Mbits/sec  7149  
[ 21]  13.00-14.00  sec  9.03 MBytes  75.7 Mbits/sec  7149  
[ 23]  13.00-14.00  sec  9.03 MBytes  75.7 Mbits/sec  7149  
[ 25]  13.00-14.00  sec  9.03 MBytes  75.7 Mbits/sec  7149  
[ 27]  13.00-14.00  sec  9.03 MBytes  75.7 Mbits/sec  7149  
[ 29]  13.00-14.00  sec  9.03 MBytes  75.7 Mbits/sec  7149  
[ 31]  13.00-14.00  sec  9.03 MBytes  75.7 Mbits/sec  7149  
[ 33]  13.00-14.00  sec  9.03 MBytes  75.7 Mbits/sec  7149  
[ 35]  13.00-14.00  sec  9.03 MBytes  75.7 Mbits/sec  7149  
[ 37]  13.00-14.00  sec  9.03 MBytes  75.7 Mbits/sec  7149  
[ 39]  13.00-14.00  sec  9.03 MBytes  75.7 Mbits/sec  7149  
[ 41]  13.00-14.00  sec  9.03 MBytes  75.7 Mbits/sec  7149  
[ 43]  13.00-14.00  sec  9.03 MBytes  75.7 Mbits/sec  7149  
[SUM]  13.00-14.00  sec   181 MBytes  1515 Mbits/sec  142980  
- - - - - - - - - - - - - - - - - - - - - - - - -
[  5]  14.00-15.00  sec  9.11 MBytes  76.4 Mbits/sec  7211  
[  7]  14.00-15.00  sec  9.11 MBytes  76.4 Mbits/sec  7211  
[  9]  14.00-15.00  sec  9.11 MBytes  76.4 Mbits/sec  7211  
[ 11]  14.00-15.00  sec  9.11 MBytes  76.4 Mbits/sec  7211  
[ 13]  14.00-15.00  sec  9.11 MBytes  76.4 Mbits/sec  7211  
[ 15]  14.00-15.00  sec  9.11 MBytes  76.4 Mbits/sec  7211  
[ 17]  14.00-15.00  sec  9.11 MBytes  76.4 Mbits/sec  7211  
[ 19]  14.00-15.00  sec  9.11 MBytes  76.4 Mbits/sec  7211  
[ 21]  14.00-15.00  sec  9.11 MBytes  76.4 Mbits/sec  7211  
[ 23]  14.00-15.00  sec  9.11 MBytes  76.4 Mbits/sec  7211  
[ 25]  14.00-15.00  sec  9.11 MBytes  76.4 Mbits/sec  7211  
[ 27]  14.00-15.00  sec  9.11 MBytes  76.4 Mbits/sec  7211  
[ 29]  14.00-15.00  sec  9.11 MBytes  76.4 Mbits/sec  7211  
[ 31]  14.00-15.00  sec  9.11 MBytes  76.4 Mbits/sec  7211  
[ 33]  14.00-15.00  sec  9.11 MBytes  76.4 Mbits/sec  7211  
[ 35]  14.00-15.00  sec  9.11 MBytes  76.4 Mbits/sec  7211  
[ 37]  14.00-15.00  sec  9.11 MBytes  76.4 Mbits/sec  7211  
[ 39]  14.00-15.00  sec  9.11 MBytes  76.4 Mbits/sec  7211  
[ 41]  14.00-15.00  sec  9.11 MBytes  76.4 Mbits/sec  7211  
[ 43]  14.00-15.00  sec  9.11 MBytes  76.4 Mbits/sec  7211  
[SUM]  14.00-15.00  sec   182 MBytes  1528 Mbits/sec  144220  
- - - - - - - - - - - - - - - - - - - - - - - - -
[  5]  15.00-16.00  sec  9.07 MBytes  76.1 Mbits/sec  7185  
[  7]  15.00-16.00  sec  9.07 MBytes  76.1 Mbits/sec  7185  
[  9]  15.00-16.00  sec  9.07 MBytes  76.1 Mbits/sec  7185  
[ 11]  15.00-16.00  sec  9.07 MBytes  76.1 Mbits/sec  7185  
[ 13]  15.00-16.00  sec  9.07 MBytes  76.1 Mbits/sec  7185  
[ 15]  15.00-16.00  sec  9.07 MBytes  76.1 Mbits/sec  7185  
[ 17]  15.00-16.00  sec  9.07 MBytes  76.1 Mbits/sec  7185  
[ 19]  15.00-16.00  sec  9.07 MBytes  76.1 Mbits/sec  7185  
[ 21]  15.00-16.00  sec  9.07 MBytes  76.1 Mbits/sec  7185  
[ 23]  15.00-16.00  sec  9.07 MBytes  76.1 Mbits/sec  7185  
[ 25]  15.00-16.00  sec  9.07 MBytes  76.1 Mbits/sec  7185  
[ 27]  15.00-16.00  sec  9.07 MBytes  76.1 Mbits/sec  7185  
[ 29]  15.00-16.00  sec  9.07 MBytes  76.1 Mbits/sec  7185  
[ 31]  15.00-16.00  sec  9.07 MBytes  76.1 Mbits/sec  7185  
[ 33]  15.00-16.00  sec  9.07 MBytes  76.1 Mbits/sec  7185  
[ 35]  15.00-16.00  sec  9.07 MBytes  76.1 Mbits/sec  7185  
[ 37]  15.00-16.00  sec  9.07 MBytes  76.1 Mbits/sec  7185  
[ 39]  15.00-16.00  sec  9.07 MBytes  76.1 Mbits/sec  7185  
[ 41]  15.00-16.00  sec  9.07 MBytes  76.1 Mbits/sec  7185  
[ 43]  15.00-16.00  sec  9.07 MBytes  76.1 Mbits/sec  7185  
[SUM]  15.00-16.00  sec   181 MBytes  1522 Mbits/sec  143700  
- - - - - - - - - - - - - - - - - - - - - - - - -
[  5]  16.00-17.00  sec  8.86 MBytes  74.3 Mbits/sec  7019  
[  7]  16.00-17.00  sec  8.86 MBytes  74.3 Mbits/sec  7019  
[  9]  16.00-17.00  sec  8.86 MBytes  74.3 Mbits/sec  7019  
[ 11]  16.00-17.00  sec  8.86 MBytes  74.3 Mbits/sec  7019  
[ 13]  16.00-17.00  sec  8.86 MBytes  74.3 Mbits/sec  7019  
[ 15]  16.00-17.00  sec  8.86 MBytes  74.3 Mbits/sec  7019  
[ 17]  16.00-17.00  sec  8.86 MBytes  74.3 Mbits/sec  7019  
[ 19]  16.00-17.00  sec  8.86 MBytes  74.3 Mbits/sec  7019  
[ 21]  16.00-17.00  sec  8.86 MBytes  74.3 Mbits/sec  7019  
[ 23]  16.00-17.00  sec  8.86 MBytes  74.3 Mbits/sec  7019  
[ 25]  16.00-17.00  sec  8.86 MBytes  74.3 Mbits/sec  7019  
[ 27]  16.00-17.00  sec  8.86 MBytes  74.3 Mbits/sec  7019  
[ 29]  16.00-17.00  sec  8.86 MBytes  74.3 Mbits/sec  7019  
[ 31]  16.00-17.00  sec  8.86 MBytes  74.3 Mbits/sec  7019  
[ 33]  16.00-17.00  sec  8.86 MBytes  74.3 Mbits/sec  7019  
[ 35]  16.00-17.00  sec  8.86 MBytes  74.3 Mbits/sec  7019  
[ 37]  16.00-17.00  sec  8.86 MBytes  74.3 Mbits/sec  7019  
[ 39]  16.00-17.00  sec  8.86 MBytes  74.3 Mbits/sec  7019  
[ 41]  16.00-17.00  sec  8.86 MBytes  74.3 Mbits/sec  7019  
[ 43]  16.00-17.00  sec  8.86 MBytes  74.3 Mbits/sec  7019  
[SUM]  16.00-17.00  sec   177 MBytes  1487 Mbits/sec  140380  
- - - - - - - - - - - - - - - - - - - - - - - - -
[  5]  17.00-18.00  sec  8.82 MBytes  74.0 Mbits/sec  6985  
[  7]  17.00-18.00  sec  8.82 MBytes  74.0 Mbits/sec  6985  
[  9]  17.00-18.00  sec  8.82 MBytes  74.0 Mbits/sec  6985  
[ 11]  17.00-18.00  sec  8.82 MBytes  74.0 Mbits/sec  6985  
[ 13]  17.00-18.00  sec  8.82 MBytes  74.0 Mbits/sec  6985  
[ 15]  17.00-18.00  sec  8.82 MBytes  74.0 Mbits/sec  6985  
[ 17]  17.00-18.00  sec  8.82 MBytes  74.0 Mbits/sec  6985  
[ 19]  17.00-18.00  sec  8.82 MBytes  74.0 Mbits/sec  6985  
[ 21]  17.00-18.00  sec  8.82 MBytes  74.0 Mbits/sec  6985  
[ 23]  17.00-18.00  sec  8.82 MBytes  74.0 Mbits/sec  6985  
[ 25]  17.00-18.00  sec  8.82 MBytes  74.0 Mbits/sec  6985  
[ 27]  17.00-18.00  sec  8.82 MBytes  74.0 Mbits/sec  6985  
[ 29]  17.00-18.00  sec  8.82 MBytes  74.0 Mbits/sec  6985  
[ 31]  17.00-18.00  sec  8.82 MBytes  74.0 Mbits/sec  6985  
[ 33]  17.00-18.00  sec  8.82 MBytes  74.0 Mbits/sec  6985  
[ 35]  17.00-18.00  sec  8.82 MBytes  74.0 Mbits/sec  6985  
[ 37]  17.00-18.00  sec  8.82 MBytes  74.0 Mbits/sec  6985  
[ 39]  17.00-18.00  sec  8.82 MBytes  74.0 Mbits/sec  6985  
[ 41]  17.00-18.00  sec  8.82 MBytes  74.0 Mbits/sec  6985  
[ 43]  17.00-18.00  sec  8.82 MBytes  74.0 Mbits/sec  6985  
[SUM]  17.00-18.00  sec   176 MBytes  1480 Mbits/sec  139700  
- - - - - - - - - - - - - - - - - - - - - - - - -
[  5]  18.00-19.00  sec  9.08 MBytes  76.2 Mbits/sec  7194  
[  7]  18.00-19.00  sec  9.08 MBytes  76.2 Mbits/sec  7194  
[  9]  18.00-19.00  sec  9.08 MBytes  76.2 Mbits/sec  7194  
[ 11]  18.00-19.00  sec  9.08 MBytes  76.2 Mbits/sec  7194  
[ 13]  18.00-19.00  sec  9.08 MBytes  76.2 Mbits/sec  7194  
[ 15]  18.00-19.00  sec  9.08 MBytes  76.2 Mbits/sec  7194  
[ 17]  18.00-19.00  sec  9.08 MBytes  76.2 Mbits/sec  7194  
[ 19]  18.00-19.00  sec  9.08 MBytes  76.2 Mbits/sec  7194  
[ 21]  18.00-19.00  sec  9.08 MBytes  76.2 Mbits/sec  7194  
[ 23]  18.00-19.00  sec  9.08 MBytes  76.2 Mbits/sec  7194  
[ 25]  18.00-19.00  sec  9.08 MBytes  76.2 Mbits/sec  7194  
[ 27]  18.00-19.00  sec  9.08 MBytes  76.2 Mbits/sec  7194  
[ 29]  18.00-19.00  sec  9.08 MBytes  76.2 Mbits/sec  7194  
[ 31]  18.00-19.00  sec  9.08 MBytes  76.2 Mbits/sec  7194  
[ 33]  18.00-19.00  sec  9.08 MBytes  76.2 Mbits/sec  7194  
[ 35]  18.00-19.00  sec  9.08 MBytes  76.2 Mbits/sec  7194  
[ 37]  18.00-19.00  sec  9.08 MBytes  76.2 Mbits/sec  7194  
[ 39]  18.00-19.00  sec  9.08 MBytes  76.2 Mbits/sec  7194  
[ 41]  18.00-19.00  sec  9.08 MBytes  76.2 Mbits/sec  7194  
[ 43]  18.00-19.00  sec  9.08 MBytes  76.2 Mbits/sec  7194  
[SUM]  18.00-19.00  sec   182 MBytes  1524 Mbits/sec  143880  
- - - - - - - - - - - - - - - - - - - - - - - - -
[  5]  19.00-20.00  sec  8.98 MBytes  75.3 Mbits/sec  7108  
[  7]  19.00-20.00  sec  8.98 MBytes  75.3 Mbits/sec  7108  
[  9]  19.00-20.00  sec  8.98 MBytes  75.3 Mbits/sec  7108  
[ 11]  19.00-20.00  sec  8.98 MBytes  75.3 Mbits/sec  7108  
[ 13]  19.00-20.00  sec  8.98 MBytes  75.3 Mbits/sec  7108  
[ 15]  19.00-20.00  sec  8.98 MBytes  75.3 Mbits/sec  7108  
[ 17]  19.00-20.00  sec  8.98 MBytes  75.3 Mbits/sec  7108  
[ 19]  19.00-20.00  sec  8.98 MBytes  75.3 Mbits/sec  7108  
[ 21]  19.00-20.00  sec  8.98 MBytes  75.3 Mbits/sec  7108  
[ 23]  19.00-20.00  sec  8.98 MBytes  75.3 Mbits/sec  7108  
[ 25]  19.00-20.00  sec  8.98 MBytes  75.3 Mbits/sec  7108  
[ 27]  19.00-20.00  sec  8.98 MBytes  75.3 Mbits/sec  7108  
[ 29]  19.00-20.00  sec  8.98 MBytes  75.3 Mbits/sec  7108  
[ 31]  19.00-20.00  sec  8.98 MBytes  75.3 Mbits/sec  7108  
[ 33]  19.00-20.00  sec  8.98 MBytes  75.3 Mbits/sec  7108  
[ 35]  19.00-20.00  sec  8.98 MBytes  75.3 Mbits/sec  7108  
[ 37]  19.00-20.00  sec  8.98 MBytes  75.3 Mbits/sec  7108  
[ 39]  19.00-20.00  sec  8.98 MBytes  75.3 Mbits/sec  7108  
[ 41]  19.00-20.00  sec  8.98 MBytes  75.3 Mbits/sec  7108  
[ 43]  19.00-20.00  sec  8.98 MBytes  75.3 Mbits/sec  7108  
[SUM]  19.00-20.00  sec   180 MBytes  1506 Mbits/sec  142160  
- - - - - - - - - - - - - - - - - - - - - - - - -
[  5]  20.00-21.00  sec  9.05 MBytes  75.9 Mbits/sec  7168  
[  7]  20.00-21.00  sec  9.05 MBytes  75.9 Mbits/sec  7168  
[  9]  20.00-21.00  sec  9.05 MBytes  75.9 Mbits/sec  7168  
[ 11]  20.00-21.00  sec  9.05 MBytes  75.9 Mbits/sec  7168  
[ 13]  20.00-21.00  sec  9.05 MBytes  75.9 Mbits/sec  7168  
[ 15]  20.00-21.00  sec  9.05 MBytes  75.9 Mbits/sec  7168  
[ 17]  20.00-21.00  sec  9.05 MBytes  75.9 Mbits/sec  7168  
[ 19]  20.00-21.00  sec  9.05 MBytes  75.9 Mbits/sec  7168  
[ 21]  20.00-21.00  sec  9.05 MBytes  75.9 Mbits/sec  7168  
[ 23]  20.00-21.00  sec  9.05 MBytes  75.9 Mbits/sec  7168  
[ 25]  20.00-21.00  sec  9.05 MBytes  75.9 Mbits/sec  7168  
[ 27]  20.00-21.00  sec  9.05 MBytes  75.9 Mbits/sec  7168  
[ 29]  20.00-21.00  sec  9.05 MBytes  75.9 Mbits/sec  7168  
[ 31]  20.00-21.00  sec  9.05 MBytes  75.9 Mbits/sec  7168  
[ 33]  20.00-21.00  sec  9.05 MBytes  75.9 Mbits/sec  7168  
[ 35]  20.00-21.00  sec  9.05 MBytes  75.9 Mbits/sec  7168  
[ 37]  20.00-21.00  sec  9.05 MBytes  75.9 Mbits/sec  7168  
[ 39]  20.00-21.00  sec  9.05 MBytes  75.9 Mbits/sec  7168  
[ 41]  20.00-21.00  sec  9.05 MBytes  75.9 Mbits/sec  7168  
[ 43]  20.00-21.00  sec  9.05 MBytes  75.9 Mbits/sec  7168  
[SUM]  20.00-21.00  sec   181 MBytes  1518 Mbits/sec  143360  
- - - - - - - - - - - - - - - - - - - - - - - - -
[  5]  21.00-22.00  sec  9.08 MBytes  76.1 Mbits/sec  7189  
[  7]  21.00-22.00  sec  9.08 MBytes  76.1 Mbits/sec  7189  
[  9]  21.00-22.00  sec  9.08 MBytes  76.1 Mbits/sec  7189  
[ 11]  21.00-22.00  sec  9.08 MBytes  76.1 Mbits/sec  7189  
[ 13]  21.00-22.00  sec  9.08 MBytes  76.1 Mbits/sec  7189  
[ 15]  21.00-22.00  sec  9.08 MBytes  76.1 Mbits/sec  7189  
[ 17]  21.00-22.00  sec  9.08 MBytes  76.1 Mbits/sec  7189  
[ 19]  21.00-22.00  sec  9.08 MBytes  76.1 Mbits/sec  7189  
[ 21]  21.00-22.00  sec  9.08 MBytes  76.1 Mbits/sec  7189  
[ 23]  21.00-22.00  sec  9.08 MBytes  76.1 Mbits/sec  7189  
[ 25]  21.00-22.00  sec  9.08 MBytes  76.1 Mbits/sec  7189  
[ 27]  21.00-22.00  sec  9.08 MBytes  76.1 Mbits/sec  7189  
[ 29]  21.00-22.00  sec  9.08 MBytes  76.1 Mbits/sec  7189  
[ 31]  21.00-22.00  sec  9.08 MBytes  76.1 Mbits/sec  7189  
[ 33]  21.00-22.00  sec  9.08 MBytes  76.1 Mbits/sec  7189  
[ 35]  21.00-22.00  sec  9.08 MBytes  76.1 Mbits/sec  7189  
[ 37]  21.00-22.00  sec  9.08 MBytes  76.1 Mbits/sec  7189  
[ 39]  21.00-22.00  sec  9.08 MBytes  76.1 Mbits/sec  7189  
[ 41]  21.00-22.00  sec  9.08 MBytes  76.1 Mbits/sec  7189  
[ 43]  21.00-22.00  sec  9.08 MBytes  76.1 Mbits/sec  7189  
[SUM]  21.00-22.00  sec   182 MBytes  1523 Mbits/sec  143780  
- - - - - - - - - - - - - - - - - - - - - - - - -
[  5]  22.00-23.00  sec  8.96 MBytes  75.2 Mbits/sec  7100  
[  7]  22.00-23.00  sec  8.96 MBytes  75.2 Mbits/sec  7100  
[  9]  22.00-23.00  sec  8.96 MBytes  75.2 Mbits/sec  7100  
[ 11]  22.00-23.00  sec  8.96 MBytes  75.2 Mbits/sec  7100  
[ 13]  22.00-23.00  sec  8.96 MBytes  75.2 Mbits/sec  7100  
[ 15]  22.00-23.00  sec  8.96 MBytes  75.2 Mbits/sec  7100  
[ 17]  22.00-23.00  sec  8.96 MBytes  75.2 Mbits/sec  7100  
[ 19]  22.00-23.00  sec  8.96 MBytes  75.2 Mbits/sec  7100  
[ 21]  22.00-23.00  sec  8.96 MBytes  75.2 Mbits/sec  7100  
[ 23]  22.00-23.00  sec  8.96 MBytes  75.2 Mbits/sec  7100  
[ 25]  22.00-23.00  sec  8.96 MBytes  75.2 Mbits/sec  7100  
[ 27]  22.00-23.00  sec  8.96 MBytes  75.2 Mbits/sec  7100  
[ 29]  22.00-23.00  sec  8.96 MBytes  75.2 Mbits/sec  7100  
[ 31]  22.00-23.00  sec  8.96 MBytes  75.2 Mbits/sec  7100  
[ 33]  22.00-23.00  sec  8.96 MBytes  75.2 Mbits/sec  7100  
[ 35]  22.00-23.00  sec  8.96 MBytes  75.2 Mbits/sec  7100  
[ 37]  22.00-23.00  sec  8.96 MBytes  75.2 Mbits/sec  7100  
[ 39]  22.00-23.00  sec  8.96 MBytes  75.2 Mbits/sec  7100  
[ 41]  22.00-23.00  sec  8.96 MBytes  75.2 Mbits/sec  7100  
[ 43]  22.00-23.00  sec  8.96 MBytes  75.2 Mbits/sec  7100  
[SUM]  22.00-23.00  sec   179 MBytes  1504 Mbits/sec  142000  
- - - - - - - - - - - - - - - - - - - - - - - - -
[  5]  23.00-24.00  sec  8.85 MBytes  74.2 Mbits/sec  7010  
[  7]  23.00-24.00  sec  8.85 MBytes  74.2 Mbits/sec  7010  
[  9]  23.00-24.00  sec  8.85 MBytes  74.2 Mbits/sec  7010  
[ 11]  23.00-24.00  sec  8.85 MBytes  74.2 Mbits/sec  7010  
[ 13]  23.00-24.00  sec  8.85 MBytes  74.2 Mbits/sec  7010  
[ 15]  23.00-24.00  sec  8.85 MBytes  74.2 Mbits/sec  7010  
[ 17]  23.00-24.00  sec  8.85 MBytes  74.2 Mbits/sec  7010  
[ 19]  23.00-24.00  sec  8.85 MBytes  74.2 Mbits/sec  7010  
[ 21]  23.00-24.00  sec  8.85 MBytes  74.2 Mbits/sec  7010  
[ 23]  23.00-24.00  sec  8.85 MBytes  74.2 Mbits/sec  7010  
[ 25]  23.00-24.00  sec  8.85 MBytes  74.2 Mbits/sec  7010  
[ 27]  23.00-24.00  sec  8.85 MBytes  74.2 Mbits/sec  7010  
[ 29]  23.00-24.00  sec  8.85 MBytes  74.2 Mbits/sec  7010  
[ 31]  23.00-24.00  sec  8.85 MBytes  74.2 Mbits/sec  7010  
[ 33]  23.00-24.00  sec  8.85 MBytes  74.2 Mbits/sec  7010  
[ 35]  23.00-24.00  sec  8.85 MBytes  74.2 Mbits/sec  7010  
[ 37]  23.00-24.00  sec  8.85 MBytes  74.2 Mbits/sec  7010  
[ 39]  23.00-24.00  sec  8.85 MBytes  74.2 Mbits/sec  7010  
[ 41]  23.00-24.00  sec  8.85 MBytes  74.2 Mbits/sec  7010  
[ 43]  23.00-24.00  sec  8.85 MBytes  74.2 Mbits/sec  7010  
[SUM]  23.00-24.00  sec   177 MBytes  1485 Mbits/sec  140200  
- - - - - - - - - - - - - - - - - - - - - - - - -
[  5]  24.00-25.00  sec  9.02 MBytes  75.6 Mbits/sec  7141  
[  7]  24.00-25.00  sec  9.02 MBytes  75.6 Mbits/sec  7141  
[  9]  24.00-25.00  sec  9.02 MBytes  75.6 Mbits/sec  7141  
[ 11]  24.00-25.00  sec  9.02 MBytes  75.6 Mbits/sec  7141  
[ 13]  24.00-25.00  sec  9.02 MBytes  75.6 Mbits/sec  7141  
[ 15]  24.00-25.00  sec  9.02 MBytes  75.6 Mbits/sec  7141  
[ 17]  24.00-25.00  sec  9.02 MBytes  75.6 Mbits/sec  7141  
[ 19]  24.00-25.00  sec  9.02 MBytes  75.6 Mbits/sec  7141  
[ 21]  24.00-25.00  sec  9.02 MBytes  75.6 Mbits/sec  7141  
[ 23]  24.00-25.00  sec  9.02 MBytes  75.6 Mbits/sec  7141  
[ 25]  24.00-25.00  sec  9.02 MBytes  75.6 Mbits/sec  7141  
[ 27]  24.00-25.00  sec  9.02 MBytes  75.6 Mbits/sec  7141  
[ 29]  24.00-25.00  sec  9.02 MBytes  75.6 Mbits/sec  7141  
[ 31]  24.00-25.00  sec  9.02 MBytes  75.6 Mbits/sec  7141  
[ 33]  24.00-25.00  sec  9.02 MBytes  75.6 Mbits/sec  7141  
[ 35]  24.00-25.00  sec  9.02 MBytes  75.6 Mbits/sec  7141  
[ 37]  24.00-25.00  sec  9.02 MBytes  75.6 Mbits/sec  7141  
[ 39]  24.00-25.00  sec  9.02 MBytes  75.6 Mbits/sec  7141  
[ 41]  24.00-25.00  sec  9.02 MBytes  75.6 Mbits/sec  7141  
[ 43]  24.00-25.00  sec  9.02 MBytes  75.6 Mbits/sec  7141  
[SUM]  24.00-25.00  sec   180 MBytes  1513 Mbits/sec  142820  
- - - - - - - - - - - - - - - - - - - - - - - - -
[  5]  25.00-26.00  sec  8.81 MBytes  73.9 Mbits/sec  6980  
[  7]  25.00-26.00  sec  8.81 MBytes  73.9 Mbits/sec  6980  
[  9]  25.00-26.00  sec  8.81 MBytes  73.9 Mbits/sec  6980  
[ 11]  25.00-26.00  sec  8.81 MBytes  73.9 Mbits/sec  6980  
[ 13]  25.00-26.00  sec  8.81 MBytes  73.9 Mbits/sec  6980  
[ 15]  25.00-26.00  sec  8.81 MBytes  73.9 Mbits/sec  6980  
[ 17]  25.00-26.00  sec  8.81 MBytes  73.9 Mbits/sec  6980  
[ 19]  25.00-26.00  sec  8.81 MBytes  73.9 Mbits/sec  6980  
[ 21]  25.00-26.00  sec  8.81 MBytes  73.9 Mbits/sec  6980  
[ 23]  25.00-26.00  sec  8.81 MBytes  73.9 Mbits/sec  6980  
[ 25]  25.00-26.00  sec  8.81 MBytes  73.9 Mbits/sec  6980  
[ 27]  25.00-26.00  sec  8.81 MBytes  73.9 Mbits/sec  6980  
[ 29]  25.00-26.00  sec  8.81 MBytes  73.9 Mbits/sec  6980  
[ 31]  25.00-26.00  sec  8.81 MBytes  73.9 Mbits/sec  6980  
[ 33]  25.00-26.00  sec  8.81 MBytes  73.9 Mbits/sec  6980  
[ 35]  25.00-26.00  sec  8.81 MBytes  73.9 Mbits/sec  6980  
[ 37]  25.00-26.00  sec  8.81 MBytes  73.9 Mbits/sec  6980  
[ 39]  25.00-26.00  sec  8.81 MBytes  73.9 Mbits/sec  6980  
[ 41]  25.00-26.00  sec  8.81 MBytes  73.9 Mbits/sec  6980  
[ 43]  25.00-26.00  sec  8.81 MBytes  73.9 Mbits/sec  6980  
[SUM]  25.00-26.00  sec   176 MBytes  1479 Mbits/sec  139600  
- - - - - - - - - - - - - - - - - - - - - - - - -
[  5]  26.00-27.00  sec  8.88 MBytes  74.5 Mbits/sec  7030  
[  7]  26.00-27.00  sec  8.88 MBytes  74.5 Mbits/sec  7030  
[  9]  26.00-27.00  sec  8.88 MBytes  74.5 Mbits/sec  7030  
[ 11]  26.00-27.00  sec  8.88 MBytes  74.5 Mbits/sec  7030  
[ 13]  26.00-27.00  sec  8.88 MBytes  74.5 Mbits/sec  7030  
[ 15]  26.00-27.00  sec  8.88 MBytes  74.5 Mbits/sec  7030  
[ 17]  26.00-27.00  sec  8.88 MBytes  74.5 Mbits/sec  7030  
[ 19]  26.00-27.00  sec  8.88 MBytes  74.5 Mbits/sec  7030  
[ 21]  26.00-27.00  sec  8.88 MBytes  74.5 Mbits/sec  7030  
[ 23]  26.00-27.00  sec  8.88 MBytes  74.5 Mbits/sec  7030  
[ 25]  26.00-27.00  sec  8.88 MBytes  74.5 Mbits/sec  7030  
[ 27]  26.00-27.00  sec  8.88 MBytes  74.5 Mbits/sec  7030  
[ 29]  26.00-27.00  sec  8.88 MBytes  74.5 Mbits/sec  7030  
[ 31]  26.00-27.00  sec  8.88 MBytes  74.5 Mbits/sec  7030  
[ 33]  26.00-27.00  sec  8.88 MBytes  74.5 Mbits/sec  7030  
[ 35]  26.00-27.00  sec  8.88 MBytes  74.5 Mbits/sec  7030  
[ 37]  26.00-27.00  sec  8.88 MBytes  74.5 Mbits/sec  7030  
[ 39]  26.00-27.00  sec  8.88 MBytes  74.5 Mbits/sec  7030  
[ 41]  26.00-27.00  sec  8.88 MBytes  74.5 Mbits/sec  7030  
[ 43]  26.00-27.00  sec  8.88 MBytes  74.5 Mbits/sec  7030  
[SUM]  26.00-27.00  sec   178 MBytes  1489 Mbits/sec  140600  
- - - - - - - - - - - - - - - - - - - - - - - - -
[  5]  27.00-28.00  sec  8.97 MBytes  75.3 Mbits/sec  7106  
[  7]  27.00-28.00  sec  8.97 MBytes  75.3 Mbits/sec  7106  
[  9]  27.00-28.00  sec  8.97 MBytes  75.3 Mbits/sec  7106  
[ 11]  27.00-28.00  sec  8.97 MBytes  75.3 Mbits/sec  7106  
[ 13]  27.00-28.00  sec  8.97 MBytes  75.3 Mbits/sec  7106  
[ 15]  27.00-28.00  sec  8.97 MBytes  75.3 Mbits/sec  7106  
[ 17]  27.00-28.00  sec  8.97 MBytes  75.3 Mbits/sec  7106  
[ 19]  27.00-28.00  sec  8.97 MBytes  75.3 Mbits/sec  7106  
[ 21]  27.00-28.00  sec  8.97 MBytes  75.3 Mbits/sec  7106  
[ 23]  27.00-28.00  sec  8.97 MBytes  75.3 Mbits/sec  7106  
[ 25]  27.00-28.00  sec  8.97 MBytes  75.3 Mbits/sec  7106  
[ 27]  27.00-28.00  sec  8.97 MBytes  75.3 Mbits/sec  7106  
[ 29]  27.00-28.00  sec  8.97 MBytes  75.3 Mbits/sec  7106  
[ 31]  27.00-28.00  sec  8.97 MBytes  75.3 Mbits/sec  7106  
[ 33]  27.00-28.00  sec  8.97 MBytes  75.3 Mbits/sec  7106  
[ 35]  27.00-28.00  sec  8.97 MBytes  75.3 Mbits/sec  7106  
[ 37]  27.00-28.00  sec  8.97 MBytes  75.3 Mbits/sec  7106  
[ 39]  27.00-28.00  sec  8.97 MBytes  75.3 Mbits/sec  7106  
[ 41]  27.00-28.00  sec  8.97 MBytes  75.3 Mbits/sec  7106  
[ 43]  27.00-28.00  sec  8.97 MBytes  75.3 Mbits/sec  7106  
[SUM]  27.00-28.00  sec   179 MBytes  1505 Mbits/sec  142120  
- - - - - - - - - - - - - - - - - - - - - - - - -
[  5]  28.00-29.00  sec  8.91 MBytes  74.8 Mbits/sec  7058  
[  7]  28.00-29.00  sec  8.91 MBytes  74.8 Mbits/sec  7058  
[  9]  28.00-29.00  sec  8.91 MBytes  74.8 Mbits/sec  7058  
[ 11]  28.00-29.00  sec  8.91 MBytes  74.8 Mbits/sec  7058  
[ 13]  28.00-29.00  sec  8.91 MBytes  74.8 Mbits/sec  7058  
[ 15]  28.00-29.00  sec  8.91 MBytes  74.8 Mbits/sec  7058  
[ 17]  28.00-29.00  sec  8.91 MBytes  74.8 Mbits/sec  7058  
[ 19]  28.00-29.00  sec  8.91 MBytes  74.8 Mbits/sec  7058  
[ 21]  28.00-29.00  sec  8.91 MBytes  74.8 Mbits/sec  7058  
[ 23]  28.00-29.00  sec  8.91 MBytes  74.8 Mbits/sec  7058  
[ 25]  28.00-29.00  sec  8.91 MBytes  74.8 Mbits/sec  7058  
[ 27]  28.00-29.00  sec  8.91 MBytes  74.8 Mbits/sec  7058  
[ 29]  28.00-29.00  sec  8.91 MBytes  74.8 Mbits/sec  7058  
[ 31]  28.00-29.00  sec  8.91 MBytes  74.8 Mbits/sec  7058  
[ 33]  28.00-29.00  sec  8.91 MBytes  74.8 Mbits/sec  7058  
[ 35]  28.00-29.00  sec  8.91 MBytes  74.8 Mbits/sec  7058  
[ 37]  28.00-29.00  sec  8.91 MBytes  74.8 Mbits/sec  7058  
[ 39]  28.00-29.00  sec  8.91 MBytes  74.8 Mbits/sec  7058  
[ 41]  28.00-29.00  sec  8.91 MBytes  74.8 Mbits/sec  7058  
[ 43]  28.00-29.00  sec  8.91 MBytes  74.8 Mbits/sec  7058  
[SUM]  28.00-29.00  sec   178 MBytes  1495 Mbits/sec  141160  
- - - - - - - - - - - - - - - - - - - - - - - - -
[  5]  29.00-30.00  sec  8.84 MBytes  74.2 Mbits/sec  7001  
[  7]  29.00-30.00  sec  8.84 MBytes  74.2 Mbits/sec  7001  
[  9]  29.00-30.00  sec  8.84 MBytes  74.2 Mbits/sec  7001  
[ 11]  29.00-30.00  sec  8.84 MBytes  74.2 Mbits/sec  7001  
[ 13]  29.00-30.00  sec  8.84 MBytes  74.2 Mbits/sec  7001  
[ 15]  29.00-30.00  sec  8.84 MBytes  74.2 Mbits/sec  7001  
[ 17]  29.00-30.00  sec  8.84 MBytes  74.2 Mbits/sec  7001  
[ 19]  29.00-30.00  sec  8.84 MBytes  74.2 Mbits/sec  7001  
[ 21]  29.00-30.00  sec  8.84 MBytes  74.2 Mbits/sec  7001  
[ 23]  29.00-30.00  sec  8.84 MBytes  74.2 Mbits/sec  7001  
[ 25]  29.00-30.00  sec  8.84 MBytes  74.2 Mbits/sec  7001  
[ 27]  29.00-30.00  sec  8.84 MBytes  74.2 Mbits/sec  7001  
[ 29]  29.00-30.00  sec  8.84 MBytes  74.2 Mbits/sec  7001  
[ 31]  29.00-30.00  sec  8.84 MBytes  74.2 Mbits/sec  7001  
[ 33]  29.00-30.00  sec  8.84 MBytes  74.2 Mbits/sec  7001  
[ 35]  29.00-30.00  sec  8.84 MBytes  74.2 Mbits/sec  7001  
[ 37]  29.00-30.00  sec  8.84 MBytes  74.2 Mbits/sec  7001  
[ 39]  29.00-30.00  sec  8.84 MBytes  74.2 Mbits/sec  7001  
[ 41]  29.00-30.00  sec  8.84 MBytes  74.2 Mbits/sec  7001  
[ 43]  29.00-30.00  sec  8.84 MBytes  74.2 Mbits/sec  7001  
[SUM]  29.00-30.00  sec   177 MBytes  1483 Mbits/sec  140020  
- - - - - - - - - - - - - - - - - - - - - - - - -
[  5]  30.00-31.00  sec  8.88 MBytes  74.5 Mbits/sec  7030  
[  7]  30.00-31.00  sec  8.88 MBytes  74.5 Mbits/sec  7030  
[  9]  30.00-31.00  sec  8.88 MBytes  74.5 Mbits/sec  7030  
[ 11]  30.00-31.00  sec  8.88 MBytes  74.5 Mbits/sec  7030  
[ 13]  30.00-31.00  sec  8.88 MBytes  74.5 Mbits/sec  7030  
[ 15]  30.00-31.00  sec  8.88 MBytes  74.5 Mbits/sec  7030  
[ 17]  30.00-31.00  sec  8.88 MBytes  74.5 Mbits/sec  7030  
[ 19]  30.00-31.00  sec  8.88 MBytes  74.5 Mbits/sec  7030  
[ 21]  30.00-31.00  sec  8.88 MBytes  74.5 Mbits/sec  7030  
[ 23]  30.00-31.00  sec  8.88 MBytes  74.5 Mbits/sec  7030  
[ 25]  30.00-31.00  sec  8.88 MBytes  74.5 Mbits/sec  7030  
[ 27]  30.00-31.00  sec  8.88 MBytes  74.5 Mbits/sec  7030  
[ 29]  30.00-31.00  sec  8.88 MBytes  74.5 Mbits/sec  7030  
[ 31]  30.00-31.00  sec  8.88 MBytes  74.5 Mbits/sec  7030  
[ 33]  30.00-31.00  sec  8.88 MBytes  74.5 Mbits/sec  7030  
[ 35]  30.00-31.00  sec  8.88 MBytes  74.5 Mbits/sec  7030  
[ 37]  30.00-31.00  sec  8.88 MBytes  74.5 Mbits/sec  7030  
[ 39]  30.00-31.00  sec  8.88 MBytes  74.5 Mbits/sec  7030  
[ 41]  30.00-31.00  sec  8.88 MBytes  74.5 Mbits/sec  7030  
[ 43]  30.00-31.00  sec  8.88 MBytes  74.5 Mbits/sec  7030  
[SUM]  30.00-31.00  sec   178 MBytes  1489 Mbits/sec  140600  
- - - - - - - - - - - - - - - - - - - - - - - - -
[  5]  31.00-32.00  sec  8.84 MBytes  74.2 Mbits/sec  7005  
[  7]  31.00-32.00  sec  8.84 MBytes  74.2 Mbits/sec  7005  
[  9]  31.00-32.00  sec  8.84 MBytes  74.2 Mbits/sec  7005  
[ 11]  31.00-32.00  sec  8.84 MBytes  74.2 Mbits/sec  7005  
[ 13]  31.00-32.00  sec  8.84 MBytes  74.2 Mbits/sec  7005  
[ 15]  31.00-32.00  sec  8.84 MBytes  74.2 Mbits/sec  7005  
[ 17]  31.00-32.00  sec  8.84 MBytes  74.2 Mbits/sec  7005  
[ 19]  31.00-32.00  sec  8.84 MBytes  74.2 Mbits/sec  7005  
[ 21]  31.00-32.00  sec  8.84 MBytes  74.2 Mbits/sec  7005  
[ 23]  31.00-32.00  sec  8.84 MBytes  74.2 Mbits/sec  7005  
[ 25]  31.00-32.00  sec  8.84 MBytes  74.2 Mbits/sec  7005  
[ 27]  31.00-32.00  sec  8.84 MBytes  74.2 Mbits/sec  7005  
[ 29]  31.00-32.00  sec  8.84 MBytes  74.2 Mbits/sec  7005  
[ 31]  31.00-32.00  sec  8.84 MBytes  74.2 Mbits/sec  7005  
[ 33]  31.00-32.00  sec  8.84 MBytes  74.2 Mbits/sec  7005  
[ 35]  31.00-32.00  sec  8.84 MBytes  74.2 Mbits/sec  7005  
[ 37]  31.00-32.00  sec  8.84 MBytes  74.2 Mbits/sec  7005  
[ 39]  31.00-32.00  sec  8.84 MBytes  74.2 Mbits/sec  7005  
[ 41]  31.00-32.00  sec  8.84 MBytes  74.2 Mbits/sec  7005  
[ 43]  31.00-32.00  sec  8.84 MBytes  74.2 Mbits/sec  7005  
[SUM]  31.00-32.00  sec   177 MBytes  1484 Mbits/sec  140100  
- - - - - - - - - - - - - - - - - - - - - - - - -
[  5]  32.00-33.00  sec  9.10 MBytes  76.4 Mbits/sec  7208  
[  7]  32.00-33.00  sec  9.10 MBytes  76.4 Mbits/sec  7208  
[  9]  32.00-33.00  sec  9.10 MBytes  76.4 Mbits/sec  7208  
[ 11]  32.00-33.00  sec  9.10 MBytes  76.4 Mbits/sec  7208  
[ 13]  32.00-33.00  sec  9.10 MBytes  76.4 Mbits/sec  7208  
[ 15]  32.00-33.00  sec  9.10 MBytes  76.3 Mbits/sec  7208  
[ 17]  32.00-33.00  sec  9.10 MBytes  76.3 Mbits/sec  7208  
[ 19]  32.00-33.00  sec  9.10 MBytes  76.3 Mbits/sec  7208  
[ 21]  32.00-33.00  sec  9.10 MBytes  76.4 Mbits/sec  7208  
[ 23]  32.00-33.00  sec  9.10 MBytes  76.4 Mbits/sec  7208  
[ 25]  32.00-33.00  sec  9.10 MBytes  76.4 Mbits/sec  7208  
[ 27]  32.00-33.00  sec  9.10 MBytes  76.4 Mbits/sec  7208  
[ 29]  32.00-33.00  sec  9.10 MBytes  76.4 Mbits/sec  7208  
[ 31]  32.00-33.00  sec  9.10 MBytes  76.4 Mbits/sec  7208  
[ 33]  32.00-33.00  sec  9.10 MBytes  76.4 Mbits/sec  7208  
[ 35]  32.00-33.00  sec  9.10 MBytes  76.4 Mbits/sec  7208  
[ 37]  32.00-33.00  sec  9.10 MBytes  76.4 Mbits/sec  7208  
[ 39]  32.00-33.00  sec  9.10 MBytes  76.4 Mbits/sec  7208  
[ 41]  32.00-33.00  sec  9.10 MBytes  76.4 Mbits/sec  7208  
[ 43]  32.00-33.00  sec  9.10 MBytes  76.4 Mbits/sec  7208  
[SUM]  32.00-33.00  sec   182 MBytes  1527 Mbits/sec  144160  
- - - - - - - - - - - - - - - - - - - - - - - - -
[  5]  33.00-34.00  sec  8.97 MBytes  75.2 Mbits/sec  7103  
[  7]  33.00-34.00  sec  8.97 MBytes  75.2 Mbits/sec  7103  
[  9]  33.00-34.00  sec  8.97 MBytes  75.2 Mbits/sec  7103  
[ 11]  33.00-34.00  sec  8.97 MBytes  75.2 Mbits/sec  7103  
[ 13]  33.00-34.00  sec  8.97 MBytes  75.2 Mbits/sec  7103  
[ 15]  33.00-34.00  sec  8.97 MBytes  75.2 Mbits/sec  7103  
[ 17]  33.00-34.00  sec  8.97 MBytes  75.2 Mbits/sec  7103  
[ 19]  33.00-34.00  sec  8.97 MBytes  75.2 Mbits/sec  7103  
[ 21]  33.00-34.00  sec  8.97 MBytes  75.2 Mbits/sec  7103  
[ 23]  33.00-34.00  sec  8.97 MBytes  75.2 Mbits/sec  7103  
[ 25]  33.00-34.00  sec  8.97 MBytes  75.2 Mbits/sec  7103  
[ 27]  33.00-34.00  sec  8.97 MBytes  75.2 Mbits/sec  7103  
[ 29]  33.00-34.00  sec  8.97 MBytes  75.2 Mbits/sec  7103  
[ 31]  33.00-34.00  sec  8.97 MBytes  75.2 Mbits/sec  7103  
[ 33]  33.00-34.00  sec  8.97 MBytes  75.2 Mbits/sec  7103  
[ 35]  33.00-34.00  sec  8.97 MBytes  75.2 Mbits/sec  7103  
[ 37]  33.00-34.00  sec  8.97 MBytes  75.2 Mbits/sec  7103  
[ 39]  33.00-34.00  sec  8.97 MBytes  75.2 Mbits/sec  7103  
[ 41]  33.00-34.00  sec  8.97 MBytes  75.2 Mbits/sec  7103  
[ 43]  33.00-34.00  sec  8.97 MBytes  75.2 Mbits/sec  7103  
[SUM]  33.00-34.00  sec   179 MBytes  1505 Mbits/sec  142060  
- - - - - - - - - - - - - - - - - - - - - - - - -
[  5]  34.00-35.00  sec  8.90 MBytes  74.7 Mbits/sec  7050  
[  7]  34.00-35.00  sec  8.90 MBytes  74.7 Mbits/sec  7050  
[  9]  34.00-35.00  sec  8.90 MBytes  74.7 Mbits/sec  7050  
[ 11]  34.00-35.00  sec  8.90 MBytes  74.7 Mbits/sec  7050  
[ 13]  34.00-35.00  sec  8.90 MBytes  74.7 Mbits/sec  7050  
[ 15]  34.00-35.00  sec  8.90 MBytes  74.7 Mbits/sec  7050  
[ 17]  34.00-35.00  sec  8.90 MBytes  74.7 Mbits/sec  7050  
[ 19]  34.00-35.00  sec  8.90 MBytes  74.7 Mbits/sec  7050  
[ 21]  34.00-35.00  sec  8.90 MBytes  74.7 Mbits/sec  7050  
[ 23]  34.00-35.00  sec  8.90 MBytes  74.7 Mbits/sec  7050  
[ 25]  34.00-35.00  sec  8.90 MBytes  74.7 Mbits/sec  7050  
[ 27]  34.00-35.00  sec  8.90 MBytes  74.7 Mbits/sec  7050  
[ 29]  34.00-35.00  sec  8.90 MBytes  74.7 Mbits/sec  7050  
[ 31]  34.00-35.00  sec  8.90 MBytes  74.7 Mbits/sec  7050  
[ 33]  34.00-35.00  sec  8.90 MBytes  74.7 Mbits/sec  7050  
[ 35]  34.00-35.00  sec  8.90 MBytes  74.7 Mbits/sec  7050  
[ 37]  34.00-35.00  sec  8.90 MBytes  74.7 Mbits/sec  7050  
[ 39]  34.00-35.00  sec  8.90 MBytes  74.7 Mbits/sec  7050  
[ 41]  34.00-35.00  sec  8.90 MBytes  74.7 Mbits/sec  7050  
[ 43]  34.00-35.00  sec  8.90 MBytes  74.7 Mbits/sec  7050  
[SUM]  34.00-35.00  sec   178 MBytes  1494 Mbits/sec  141000  
- - - - - - - - - - - - - - - - - - - - - - - - -
[  5]  35.00-36.00  sec  8.68 MBytes  72.8 Mbits/sec  6874  
[  7]  35.00-36.00  sec  8.68 MBytes  72.8 Mbits/sec  6874  
[  9]  35.00-36.00  sec  8.68 MBytes  72.8 Mbits/sec  6874  
[ 11]  35.00-36.00  sec  8.68 MBytes  72.8 Mbits/sec  6874  
[ 13]  35.00-36.00  sec  8.68 MBytes  72.8 Mbits/sec  6874  
[ 15]  35.00-36.00  sec  8.68 MBytes  72.8 Mbits/sec  6874  
[ 17]  35.00-36.00  sec  8.68 MBytes  72.8 Mbits/sec  6874  
[ 19]  35.00-36.00  sec  8.68 MBytes  72.8 Mbits/sec  6874  
[ 21]  35.00-36.00  sec  8.68 MBytes  72.8 Mbits/sec  6874  
[ 23]  35.00-36.00  sec  8.68 MBytes  72.8 Mbits/sec  6874  
[ 25]  35.00-36.00  sec  8.68 MBytes  72.8 Mbits/sec  6874  
[ 27]  35.00-36.00  sec  8.68 MBytes  72.8 Mbits/sec  6874  
[ 29]  35.00-36.00  sec  8.68 MBytes  72.8 Mbits/sec  6874  
[ 31]  35.00-36.00  sec  8.68 MBytes  72.8 Mbits/sec  6874  
[ 33]  35.00-36.00  sec  8.68 MBytes  72.8 Mbits/sec  6874  
[ 35]  35.00-36.00  sec  8.68 MBytes  72.8 Mbits/sec  6874  
[ 37]  35.00-36.00  sec  8.68 MBytes  72.8 Mbits/sec  6874  
[ 39]  35.00-36.00  sec  8.68 MBytes  72.8 Mbits/sec  6874  
[ 41]  35.00-36.00  sec  8.68 MBytes  72.8 Mbits/sec  6874  
[ 43]  35.00-36.00  sec  8.68 MBytes  72.8 Mbits/sec  6874  
[SUM]  35.00-36.00  sec   174 MBytes  1456 Mbits/sec  137480  
- - - - - - - - - - - - - - - - - - - - - - - - -
[  5]  36.00-37.00  sec  8.74 MBytes  73.3 Mbits/sec  6923  
[  7]  36.00-37.00  sec  8.74 MBytes  73.3 Mbits/sec  6923  
[  9]  36.00-37.00  sec  8.74 MBytes  73.3 Mbits/sec  6923  
[ 11]  36.00-37.00  sec  8.74 MBytes  73.3 Mbits/sec  6923  
[ 13]  36.00-37.00  sec  8.74 MBytes  73.3 Mbits/sec  6923  
[ 15]  36.00-37.00  sec  8.74 MBytes  73.3 Mbits/sec  6923  
[ 17]  36.00-37.00  sec  8.74 MBytes  73.3 Mbits/sec  6923  
[ 19]  36.00-37.00  sec  8.74 MBytes  73.3 Mbits/sec  6923  
[ 21]  36.00-37.00  sec  8.74 MBytes  73.3 Mbits/sec  6923  
[ 23]  36.00-37.00  sec  8.74 MBytes  73.3 Mbits/sec  6923  
[ 25]  36.00-37.00  sec  8.74 MBytes  73.3 Mbits/sec  6923  
[ 27]  36.00-37.00  sec  8.74 MBytes  73.3 Mbits/sec  6923  
[ 29]  36.00-37.00  sec  8.74 MBytes  73.3 Mbits/sec  6923  
[ 31]  36.00-37.00  sec  8.74 MBytes  73.3 Mbits/sec  6923  
[ 33]  36.00-37.00  sec  8.74 MBytes  73.3 Mbits/sec  6923  
[ 35]  36.00-37.00  sec  8.74 MBytes  73.3 Mbits/sec  6923  
[ 37]  36.00-37.00  sec  8.74 MBytes  73.3 Mbits/sec  6923  
[ 39]  36.00-37.00  sec  8.74 MBytes  73.3 Mbits/sec  6923  
[ 41]  36.00-37.00  sec  8.74 MBytes  73.3 Mbits/sec  6923  
[ 43]  36.00-37.00  sec  8.74 MBytes  73.3 Mbits/sec  6923  
[SUM]  36.00-37.00  sec   175 MBytes  1467 Mbits/sec  138460  
- - - - - - - - - - - - - - - - - - - - - - - - -
[  5]  37.00-38.00  sec  8.87 MBytes  74.4 Mbits/sec  7028  
[  7]  37.00-38.00  sec  8.87 MBytes  74.4 Mbits/sec  7028  
[  9]  37.00-38.00  sec  8.87 MBytes  74.4 Mbits/sec  7028  
[ 11]  37.00-38.00  sec  8.87 MBytes  74.4 Mbits/sec  7028  
[ 13]  37.00-38.00  sec  8.87 MBytes  74.4 Mbits/sec  7028  
[ 15]  37.00-38.00  sec  8.87 MBytes  74.4 Mbits/sec  7028  
[ 17]  37.00-38.00  sec  8.87 MBytes  74.4 Mbits/sec  7028  
[ 19]  37.00-38.00  sec  8.87 MBytes  74.4 Mbits/sec  7028  
[ 21]  37.00-38.00  sec  8.87 MBytes  74.4 Mbits/sec  7028  
[ 23]  37.00-38.00  sec  8.87 MBytes  74.4 Mbits/sec  7028  
[ 25]  37.00-38.00  sec  8.87 MBytes  74.4 Mbits/sec  7028  
[ 27]  37.00-38.00  sec  8.87 MBytes  74.4 Mbits/sec  7028  
[ 29]  37.00-38.00  sec  8.87 MBytes  74.4 Mbits/sec  7028  
[ 31]  37.00-38.00  sec  8.87 MBytes  74.4 Mbits/sec  7028  
[ 33]  37.00-38.00  sec  8.87 MBytes  74.4 Mbits/sec  7028  
[ 35]  37.00-38.00  sec  8.87 MBytes  74.4 Mbits/sec  7028  
[ 37]  37.00-38.00  sec  8.87 MBytes  74.4 Mbits/sec  7028  
[ 39]  37.00-38.00  sec  8.87 MBytes  74.4 Mbits/sec  7028  
[ 41]  37.00-38.00  sec  8.87 MBytes  74.4 Mbits/sec  7028  
[ 43]  37.00-38.00  sec  8.87 MBytes  74.4 Mbits/sec  7028  
[SUM]  37.00-38.00  sec   177 MBytes  1489 Mbits/sec  140560  
- - - - - - - - - - - - - - - - - - - - - - - - -
[  5]  38.00-39.00  sec  9.10 MBytes  76.3 Mbits/sec  7204  
[  7]  38.00-39.00  sec  9.10 MBytes  76.3 Mbits/sec  7204  
[  9]  38.00-39.00  sec  9.10 MBytes  76.3 Mbits/sec  7204  
[ 11]  38.00-39.00  sec  9.10 MBytes  76.3 Mbits/sec  7204  
[ 13]  38.00-39.00  sec  9.10 MBytes  76.3 Mbits/sec  7204  
[ 15]  38.00-39.00  sec  9.10 MBytes  76.3 Mbits/sec  7204  
[ 17]  38.00-39.00  sec  9.10 MBytes  76.3 Mbits/sec  7204  
[ 19]  38.00-39.00  sec  9.10 MBytes  76.3 Mbits/sec  7204  
[ 21]  38.00-39.00  sec  9.10 MBytes  76.3 Mbits/sec  7204  
[ 23]  38.00-39.00  sec  9.10 MBytes  76.3 Mbits/sec  7204  
[ 25]  38.00-39.00  sec  9.10 MBytes  76.3 Mbits/sec  7204  
[ 27]  38.00-39.00  sec  9.10 MBytes  76.3 Mbits/sec  7204  
[ 29]  38.00-39.00  sec  9.10 MBytes  76.3 Mbits/sec  7204  
[ 31]  38.00-39.00  sec  9.10 MBytes  76.3 Mbits/sec  7204  
[ 33]  38.00-39.00  sec  9.10 MBytes  76.3 Mbits/sec  7204  
[ 35]  38.00-39.00  sec  9.10 MBytes  76.3 Mbits/sec  7204  
[ 37]  38.00-39.00  sec  9.10 MBytes  76.3 Mbits/sec  7204  
[ 39]  38.00-39.00  sec  9.10 MBytes  76.3 Mbits/sec  7204  
[ 41]  38.00-39.00  sec  9.10 MBytes  76.3 Mbits/sec  7204  
[ 43]  38.00-39.00  sec  9.10 MBytes  76.3 Mbits/sec  7204  
[SUM]  38.00-39.00  sec   182 MBytes  1526 Mbits/sec  144080  
- - - - - - - - - - - - - - - - - - - - - - - - -
[  5]  39.00-40.00  sec  9.06 MBytes  76.0 Mbits/sec  7175  
[  7]  39.00-40.00  sec  9.06 MBytes  76.0 Mbits/sec  7175  
[  9]  39.00-40.00  sec  9.06 MBytes  76.0 Mbits/sec  7175  
[ 11]  39.00-40.00  sec  9.06 MBytes  76.0 Mbits/sec  7175  
[ 13]  39.00-40.00  sec  9.06 MBytes  76.0 Mbits/sec  7175  
[ 15]  39.00-40.00  sec  9.06 MBytes  76.0 Mbits/sec  7175  
[ 17]  39.00-40.00  sec  9.06 MBytes  76.0 Mbits/sec  7175  
[ 19]  39.00-40.00  sec  9.06 MBytes  76.0 Mbits/sec  7175  
[ 21]  39.00-40.00  sec  9.06 MBytes  76.0 Mbits/sec  7175  
[ 23]  39.00-40.00  sec  9.06 MBytes  76.0 Mbits/sec  7175  
[ 25]  39.00-40.00  sec  9.06 MBytes  76.0 Mbits/sec  7175  
[ 27]  39.00-40.00  sec  9.06 MBytes  76.0 Mbits/sec  7175  
[ 29]  39.00-40.00  sec  9.06 MBytes  76.0 Mbits/sec  7175  
[ 31]  39.00-40.00  sec  9.06 MBytes  76.0 Mbits/sec  7175  
[ 33]  39.00-40.00  sec  9.06 MBytes  76.0 Mbits/sec  7175  
[ 35]  39.00-40.00  sec  9.06 MBytes  76.0 Mbits/sec  7175  
[ 37]  39.00-40.00  sec  9.06 MBytes  76.0 Mbits/sec  7175  
[ 39]  39.00-40.00  sec  9.06 MBytes  76.0 Mbits/sec  7175  
[ 41]  39.00-40.00  sec  9.06 MBytes  76.0 Mbits/sec  7175  
[ 43]  39.00-40.00  sec  9.06 MBytes  76.0 Mbits/sec  7175  
[SUM]  39.00-40.00  sec   181 MBytes  1520 Mbits/sec  143500  
- - - - - - - - - - - - - - - - - - - - - - - - -
[  5]  40.00-41.00  sec  8.68 MBytes  72.8 Mbits/sec  6873  
[  7]  40.00-41.00  sec  8.68 MBytes  72.8 Mbits/sec  6873  
[  9]  40.00-41.00  sec  8.68 MBytes  72.8 Mbits/sec  6873  
[ 11]  40.00-41.00  sec  8.68 MBytes  72.8 Mbits/sec  6873  
[ 13]  40.00-41.00  sec  8.68 MBytes  72.8 Mbits/sec  6873  
[ 15]  40.00-41.00  sec  8.68 MBytes  72.8 Mbits/sec  6873  
[ 17]  40.00-41.00  sec  8.68 MBytes  72.8 Mbits/sec  6873  
[ 19]  40.00-41.00  sec  8.68 MBytes  72.8 Mbits/sec  6873  
[ 21]  40.00-41.00  sec  8.68 MBytes  72.8 Mbits/sec  6873  
[ 23]  40.00-41.00  sec  8.68 MBytes  72.8 Mbits/sec  6873  
[ 25]  40.00-41.00  sec  8.68 MBytes  72.8 Mbits/sec  6873  
[ 27]  40.00-41.00  sec  8.68 MBytes  72.8 Mbits/sec  6873  
[ 29]  40.00-41.00  sec  8.68 MBytes  72.8 Mbits/sec  6873  
[ 31]  40.00-41.00  sec  8.68 MBytes  72.8 Mbits/sec  6873  
[ 33]  40.00-41.00  sec  8.68 MBytes  72.8 Mbits/sec  6873  
[ 35]  40.00-41.00  sec  8.68 MBytes  72.8 Mbits/sec  6873  
[ 37]  40.00-41.00  sec  8.68 MBytes  72.8 Mbits/sec  6873  
[ 39]  40.00-41.00  sec  8.68 MBytes  72.8 Mbits/sec  6873  
[ 41]  40.00-41.00  sec  8.68 MBytes  72.8 Mbits/sec  6873  
[ 43]  40.00-41.00  sec  8.68 MBytes  72.8 Mbits/sec  6873  
[SUM]  40.00-41.00  sec   174 MBytes  1456 Mbits/sec  137460  
- - - - - - - - - - - - - - - - - - - - - - - - -
[  5]  41.00-42.00  sec  8.68 MBytes  72.8 Mbits/sec  6873  
[  7]  41.00-42.00  sec  8.68 MBytes  72.8 Mbits/sec  6873  
[  9]  41.00-42.00  sec  8.68 MBytes  72.8 Mbits/sec  6873  
[ 11]  41.00-42.00  sec  8.68 MBytes  72.8 Mbits/sec  6873  
[ 13]  41.00-42.00  sec  8.68 MBytes  72.8 Mbits/sec  6873  
[ 15]  41.00-42.00  sec  8.68 MBytes  72.8 Mbits/sec  6873  
[ 17]  41.00-42.00  sec  8.68 MBytes  72.8 Mbits/sec  6873  
[ 19]  41.00-42.00  sec  8.68 MBytes  72.8 Mbits/sec  6873  
[ 21]  41.00-42.00  sec  8.68 MBytes  72.8 Mbits/sec  6873  
[ 23]  41.00-42.00  sec  8.68 MBytes  72.8 Mbits/sec  6873  
[ 25]  41.00-42.00  sec  8.68 MBytes  72.8 Mbits/sec  6873  
[ 27]  41.00-42.00  sec  8.68 MBytes  72.8 Mbits/sec  6873  
[ 29]  41.00-42.00  sec  8.68 MBytes  72.8 Mbits/sec  6873  
[ 31]  41.00-42.00  sec  8.68 MBytes  72.8 Mbits/sec  6873  
[ 33]  41.00-42.00  sec  8.68 MBytes  72.8 Mbits/sec  6873  
[ 35]  41.00-42.00  sec  8.68 MBytes  72.8 Mbits/sec  6873  
[ 37]  41.00-42.00  sec  8.68 MBytes  72.8 Mbits/sec  6873  
[ 39]  41.00-42.00  sec  8.68 MBytes  72.8 Mbits/sec  6873  
[ 41]  41.00-42.00  sec  8.68 MBytes  72.8 Mbits/sec  6873  
[ 43]  41.00-42.00  sec  8.68 MBytes  72.8 Mbits/sec  6873  
[SUM]  41.00-42.00  sec   174 MBytes  1456 Mbits/sec  137460  
- - - - - - - - - - - - - - - - - - - - - - - - -
[  5]  42.00-43.00  sec  9.01 MBytes  75.5 Mbits/sec  7133  
[  7]  42.00-43.00  sec  9.01 MBytes  75.5 Mbits/sec  7133  
[  9]  42.00-43.00  sec  9.01 MBytes  75.5 Mbits/sec  7133  
[ 11]  42.00-43.00  sec  9.01 MBytes  75.5 Mbits/sec  7133  
[ 13]  42.00-43.00  sec  9.01 MBytes  75.5 Mbits/sec  7133  
[ 15]  42.00-43.00  sec  9.01 MBytes  75.5 Mbits/sec  7133  
[ 17]  42.00-43.00  sec  9.01 MBytes  75.5 Mbits/sec  7133  
[ 19]  42.00-43.00  sec  9.01 MBytes  75.5 Mbits/sec  7133  
[ 21]  42.00-43.00  sec  9.01 MBytes  75.5 Mbits/sec  7133  
[ 23]  42.00-43.00  sec  9.01 MBytes  75.5 Mbits/sec  7133  
[ 25]  42.00-43.00  sec  9.01 MBytes  75.5 Mbits/sec  7133  
[ 27]  42.00-43.00  sec  9.01 MBytes  75.5 Mbits/sec  7133  
[ 29]  42.00-43.00  sec  9.01 MBytes  75.5 Mbits/sec  7133  
[ 31]  42.00-43.00  sec  9.01 MBytes  75.5 Mbits/sec  7133  
[ 33]  42.00-43.00  sec  9.01 MBytes  75.5 Mbits/sec  7133  
[ 35]  42.00-43.00  sec  9.01 MBytes  75.5 Mbits/sec  7133  
[ 37]  42.00-43.00  sec  9.01 MBytes  75.5 Mbits/sec  7133  
[ 39]  42.00-43.00  sec  9.01 MBytes  75.5 Mbits/sec  7133  
[ 41]  42.00-43.00  sec  9.01 MBytes  75.5 Mbits/sec  7133  
[ 43]  42.00-43.00  sec  9.01 MBytes  75.5 Mbits/sec  7133  
[SUM]  42.00-43.00  sec   180 MBytes  1511 Mbits/sec  142660  
- - - - - - - - - - - - - - - - - - - - - - - - -
[  5]  43.00-44.00  sec  8.93 MBytes  74.9 Mbits/sec  7071  
[  7]  43.00-44.00  sec  8.93 MBytes  74.9 Mbits/sec  7071  
[  9]  43.00-44.00  sec  8.93 MBytes  74.9 Mbits/sec  7071  
[ 11]  43.00-44.00  sec  8.93 MBytes  74.9 Mbits/sec  7071  
[ 13]  43.00-44.00  sec  8.93 MBytes  74.9 Mbits/sec  7071  
[ 15]  43.00-44.00  sec  8.93 MBytes  74.9 Mbits/sec  7071  
[ 17]  43.00-44.00  sec  8.93 MBytes  74.9 Mbits/sec  7071  
[ 19]  43.00-44.00  sec  8.93 MBytes  74.9 Mbits/sec  7071  
[ 21]  43.00-44.00  sec  8.93 MBytes  74.9 Mbits/sec  7071  
[ 23]  43.00-44.00  sec  8.93 MBytes  74.9 Mbits/sec  7071  
[ 25]  43.00-44.00  sec  8.93 MBytes  74.9 Mbits/sec  7071  
[ 27]  43.00-44.00  sec  8.93 MBytes  74.9 Mbits/sec  7071  
[ 29]  43.00-44.00  sec  8.93 MBytes  74.9 Mbits/sec  7071  
[ 31]  43.00-44.00  sec  8.93 MBytes  74.9 Mbits/sec  7071  
[ 33]  43.00-44.00  sec  8.93 MBytes  74.9 Mbits/sec  7071  
[ 35]  43.00-44.00  sec  8.93 MBytes  74.9 Mbits/sec  7071  
[ 37]  43.00-44.00  sec  8.93 MBytes  74.9 Mbits/sec  7071  
[ 39]  43.00-44.00  sec  8.93 MBytes  74.9 Mbits/sec  7071  
[ 41]  43.00-44.00  sec  8.93 MBytes  74.9 Mbits/sec  7071  
[ 43]  43.00-44.00  sec  8.93 MBytes  74.9 Mbits/sec  7071  
[SUM]  43.00-44.00  sec   179 MBytes  1498 Mbits/sec  141420  
- - - - - - - - - - - - - - - - - - - - - - - - -
[  5]  44.00-45.00  sec  9.12 MBytes  76.5 Mbits/sec  7219  
[  7]  44.00-45.00  sec  9.12 MBytes  76.5 Mbits/sec  7219  
[  9]  44.00-45.00  sec  9.12 MBytes  76.5 Mbits/sec  7219  
[ 11]  44.00-45.00  sec  9.12 MBytes  76.5 Mbits/sec  7219  
[ 13]  44.00-45.00  sec  9.12 MBytes  76.5 Mbits/sec  7219  
[ 15]  44.00-45.00  sec  9.12 MBytes  76.5 Mbits/sec  7219  
[ 17]  44.00-45.00  sec  9.12 MBytes  76.5 Mbits/sec  7219  
[ 19]  44.00-45.00  sec  9.12 MBytes  76.5 Mbits/sec  7219  
[ 21]  44.00-45.00  sec  9.12 MBytes  76.5 Mbits/sec  7219  
[ 23]  44.00-45.00  sec  9.12 MBytes  76.5 Mbits/sec  7219  
[ 25]  44.00-45.00  sec  9.12 MBytes  76.5 Mbits/sec  7219  
[ 27]  44.00-45.00  sec  9.12 MBytes  76.5 Mbits/sec  7219  
[ 29]  44.00-45.00  sec  9.12 MBytes  76.5 Mbits/sec  7219  
[ 31]  44.00-45.00  sec  9.12 MBytes  76.5 Mbits/sec  7219  
[ 33]  44.00-45.00  sec  9.12 MBytes  76.5 Mbits/sec  7219  
[ 35]  44.00-45.00  sec  9.12 MBytes  76.5 Mbits/sec  7219  
[ 37]  44.00-45.00  sec  9.12 MBytes  76.5 Mbits/sec  7219  
[ 39]  44.00-45.00  sec  9.12 MBytes  76.5 Mbits/sec  7219  
[ 41]  44.00-45.00  sec  9.12 MBytes  76.5 Mbits/sec  7219  
[ 43]  44.00-45.00  sec  9.12 MBytes  76.5 Mbits/sec  7219  
[SUM]  44.00-45.00  sec   182 MBytes  1529 Mbits/sec  144380  
- - - - - - - - - - - - - - - - - - - - - - - - -
[  5]  45.00-46.00  sec  9.04 MBytes  75.9 Mbits/sec  7163  
[  7]  45.00-46.00  sec  9.04 MBytes  75.9 Mbits/sec  7163  
[  9]  45.00-46.00  sec  9.04 MBytes  75.9 Mbits/sec  7163  
[ 11]  45.00-46.00  sec  9.04 MBytes  75.9 Mbits/sec  7163  
[ 13]  45.00-46.00  sec  9.04 MBytes  75.9 Mbits/sec  7163  
[ 15]  45.00-46.00  sec  9.04 MBytes  75.9 Mbits/sec  7163  
[ 17]  45.00-46.00  sec  9.04 MBytes  75.9 Mbits/sec  7163  
[ 19]  45.00-46.00  sec  9.04 MBytes  75.9 Mbits/sec  7163  
[ 21]  45.00-46.00  sec  9.04 MBytes  75.9 Mbits/sec  7163  
[ 23]  45.00-46.00  sec  9.04 MBytes  75.9 Mbits/sec  7163  
[ 25]  45.00-46.00  sec  9.04 MBytes  75.9 Mbits/sec  7163  
[ 27]  45.00-46.00  sec  9.04 MBytes  75.9 Mbits/sec  7163  
[ 29]  45.00-46.00  sec  9.04 MBytes  75.9 Mbits/sec  7163  
[ 31]  45.00-46.00  sec  9.04 MBytes  75.9 Mbits/sec  7163  
[ 33]  45.00-46.00  sec  9.04 MBytes  75.9 Mbits/sec  7163  
[ 35]  45.00-46.00  sec  9.04 MBytes  75.9 Mbits/sec  7163  
[ 37]  45.00-46.00  sec  9.04 MBytes  75.9 Mbits/sec  7163  
[ 39]  45.00-46.00  sec  9.04 MBytes  75.9 Mbits/sec  7163  
[ 41]  45.00-46.00  sec  9.04 MBytes  75.9 Mbits/sec  7163  
[ 43]  45.00-46.00  sec  9.04 MBytes  75.9 Mbits/sec  7163  
[SUM]  45.00-46.00  sec   181 MBytes  1518 Mbits/sec  143260  
- - - - - - - - - - - - - - - - - - - - - - - - -
[  5]  46.00-47.00  sec  8.86 MBytes  74.3 Mbits/sec  7019  
[  7]  46.00-47.00  sec  8.86 MBytes  74.3 Mbits/sec  7019  
[  9]  46.00-47.00  sec  8.86 MBytes  74.3 Mbits/sec  7019  
[ 11]  46.00-47.00  sec  8.86 MBytes  74.3 Mbits/sec  7019  
[ 13]  46.00-47.00  sec  8.86 MBytes  74.3 Mbits/sec  7019  
[ 15]  46.00-47.00  sec  8.86 MBytes  74.3 Mbits/sec  7019  
[ 17]  46.00-47.00  sec  8.86 MBytes  74.3 Mbits/sec  7019  
[ 19]  46.00-47.00  sec  8.86 MBytes  74.3 Mbits/sec  7019  
[ 21]  46.00-47.00  sec  8.86 MBytes  74.3 Mbits/sec  7019  
[ 23]  46.00-47.00  sec  8.86 MBytes  74.3 Mbits/sec  7019  
[ 25]  46.00-47.00  sec  8.86 MBytes  74.3 Mbits/sec  7019  
[ 27]  46.00-47.00  sec  8.86 MBytes  74.3 Mbits/sec  7019  
[ 29]  46.00-47.00  sec  8.86 MBytes  74.3 Mbits/sec  7019  
[ 31]  46.00-47.00  sec  8.86 MBytes  74.3 Mbits/sec  7019  
[ 33]  46.00-47.00  sec  8.86 MBytes  74.3 Mbits/sec  7019  
[ 35]  46.00-47.00  sec  8.86 MBytes  74.3 Mbits/sec  7019  
[ 37]  46.00-47.00  sec  8.86 MBytes  74.3 Mbits/sec  7019  
[ 39]  46.00-47.00  sec  8.86 MBytes  74.3 Mbits/sec  7019  
[ 41]  46.00-47.00  sec  8.86 MBytes  74.3 Mbits/sec  7019  
[ 43]  46.00-47.00  sec  8.86 MBytes  74.3 Mbits/sec  7019  
[SUM]  46.00-47.00  sec   177 MBytes  1487 Mbits/sec  140380  
- - - - - - - - - - - - - - - - - - - - - - - - -
[  5]  47.00-48.00  sec  8.32 MBytes  69.8 Mbits/sec  6587  
[  7]  47.00-48.00  sec  8.32 MBytes  69.8 Mbits/sec  6587  
[  9]  47.00-48.00  sec  8.32 MBytes  69.8 Mbits/sec  6587  
[ 11]  47.00-48.00  sec  8.32 MBytes  69.8 Mbits/sec  6587  
[ 13]  47.00-48.00  sec  8.32 MBytes  69.8 Mbits/sec  6587  
[ 15]  47.00-48.00  sec  8.32 MBytes  69.8 Mbits/sec  6587  
[ 17]  47.00-48.00  sec  8.32 MBytes  69.8 Mbits/sec  6587  
[ 19]  47.00-48.00  sec  8.32 MBytes  69.8 Mbits/sec  6587  
[ 21]  47.00-48.00  sec  8.32 MBytes  69.8 Mbits/sec  6587  
[ 23]  47.00-48.00  sec  8.32 MBytes  69.8 Mbits/sec  6587  
[ 25]  47.00-48.00  sec  8.32 MBytes  69.8 Mbits/sec  6587  
[ 27]  47.00-48.00  sec  8.32 MBytes  69.8 Mbits/sec  6587  
[ 29]  47.00-48.00  sec  8.32 MBytes  69.8 Mbits/sec  6587  
[ 31]  47.00-48.00  sec  8.32 MBytes  69.8 Mbits/sec  6587  
[ 33]  47.00-48.00  sec  8.32 MBytes  69.8 Mbits/sec  6587  
[ 35]  47.00-48.00  sec  8.32 MBytes  69.8 Mbits/sec  6587  
[ 37]  47.00-48.00  sec  8.32 MBytes  69.8 Mbits/sec  6587  
[ 39]  47.00-48.00  sec  8.32 MBytes  69.8 Mbits/sec  6587  
[ 41]  47.00-48.00  sec  8.32 MBytes  69.8 Mbits/sec  6587  
[ 43]  47.00-48.00  sec  8.32 MBytes  69.8 Mbits/sec  6587  
[SUM]  47.00-48.00  sec   166 MBytes  1395 Mbits/sec  131740  
- - - - - - - - - - - - - - - - - - - - - - - - -
[  5]  48.00-49.00  sec  8.86 MBytes  74.3 Mbits/sec  7014  
[  7]  48.00-49.00  sec  8.86 MBytes  74.3 Mbits/sec  7014  
[  9]  48.00-49.00  sec  8.86 MBytes  74.3 Mbits/sec  7014  
[ 11]  48.00-49.00  sec  8.86 MBytes  74.3 Mbits/sec  7014  
[ 13]  48.00-49.00  sec  8.86 MBytes  74.3 Mbits/sec  7014  
[ 15]  48.00-49.00  sec  8.86 MBytes  74.3 Mbits/sec  7014  
[ 17]  48.00-49.00  sec  8.86 MBytes  74.3 Mbits/sec  7014  
[ 19]  48.00-49.00  sec  8.86 MBytes  74.3 Mbits/sec  7014  
[ 21]  48.00-49.00  sec  8.86 MBytes  74.3 Mbits/sec  7014  
[ 23]  48.00-49.00  sec  8.86 MBytes  74.3 Mbits/sec  7014  
[ 25]  48.00-49.00  sec  8.86 MBytes  74.3 Mbits/sec  7014  
[ 27]  48.00-49.00  sec  8.86 MBytes  74.3 Mbits/sec  7014  
[ 29]  48.00-49.00  sec  8.86 MBytes  74.3 Mbits/sec  7014  
[ 31]  48.00-49.00  sec  8.86 MBytes  74.3 Mbits/sec  7014  
[ 33]  48.00-49.00  sec  8.86 MBytes  74.3 Mbits/sec  7014  
[ 35]  48.00-49.00  sec  8.86 MBytes  74.3 Mbits/sec  7014  
[ 37]  48.00-49.00  sec  8.86 MBytes  74.3 Mbits/sec  7014  
[ 39]  48.00-49.00  sec  8.86 MBytes  74.3 Mbits/sec  7014  
[ 41]  48.00-49.00  sec  8.86 MBytes  74.3 Mbits/sec  7014  
[ 43]  48.00-49.00  sec  8.86 MBytes  74.3 Mbits/sec  7014  
[SUM]  48.00-49.00  sec   177 MBytes  1486 Mbits/sec  140280  
- - - - - - - - - - - - - - - - - - - - - - - - -
[  5]  49.00-50.00  sec  8.36 MBytes  70.1 Mbits/sec  6617  
[  7]  49.00-50.00  sec  8.36 MBytes  70.1 Mbits/sec  6617  
[  9]  49.00-50.00  sec  8.36 MBytes  70.1 Mbits/sec  6617  
[ 11]  49.00-50.00  sec  8.36 MBytes  70.1 Mbits/sec  6617  
[ 13]  49.00-50.00  sec  8.36 MBytes  70.1 Mbits/sec  6617  
[ 15]  49.00-50.00  sec  8.36 MBytes  70.1 Mbits/sec  6617  
[ 17]  49.00-50.00  sec  8.36 MBytes  70.1 Mbits/sec  6617  
[ 19]  49.00-50.00  sec  8.36 MBytes  70.1 Mbits/sec  6617  
[ 21]  49.00-50.00  sec  8.36 MBytes  70.1 Mbits/sec  6617  
[ 23]  49.00-50.00  sec  8.36 MBytes  70.1 Mbits/sec  6617  
[ 25]  49.00-50.00  sec  8.36 MBytes  70.1 Mbits/sec  6617  
[ 27]  49.00-50.00  sec  8.36 MBytes  70.1 Mbits/sec  6617  
[ 29]  49.00-50.00  sec  8.36 MBytes  70.1 Mbits/sec  6617  
[ 31]  49.00-50.00  sec  8.36 MBytes  70.1 Mbits/sec  6617  
[ 33]  49.00-50.00  sec  8.36 MBytes  70.1 Mbits/sec  6617  
[ 35]  49.00-50.00  sec  8.36 MBytes  70.1 Mbits/sec  6617  
[ 37]  49.00-50.00  sec  8.36 MBytes  70.1 Mbits/sec  6617  
[ 39]  49.00-50.00  sec  8.36 MBytes  70.1 Mbits/sec  6617  
[ 41]  49.00-50.00  sec  8.36 MBytes  70.1 Mbits/sec  6617  
[ 43]  49.00-50.00  sec  8.36 MBytes  70.1 Mbits/sec  6617  
[SUM]  49.00-50.00  sec   167 MBytes  1402 Mbits/sec  132340  
- - - - - - - - - - - - - - - - - - - - - - - - -
[  5]  50.00-51.00  sec  9.10 MBytes  76.3 Mbits/sec  7205  
[  7]  50.00-51.00  sec  9.10 MBytes  76.3 Mbits/sec  7205  
[  9]  50.00-51.00  sec  9.10 MBytes  76.3 Mbits/sec  7205  
[ 11]  50.00-51.00  sec  9.10 MBytes  76.3 Mbits/sec  7205  
[ 13]  50.00-51.00  sec  9.10 MBytes  76.3 Mbits/sec  7205  
[ 15]  50.00-51.00  sec  9.10 MBytes  76.3 Mbits/sec  7205  
[ 17]  50.00-51.00  sec  9.10 MBytes  76.3 Mbits/sec  7205  
[ 19]  50.00-51.00  sec  9.10 MBytes  76.3 Mbits/sec  7205  
[ 21]  50.00-51.00  sec  9.10 MBytes  76.3 Mbits/sec  7205  
[ 23]  50.00-51.00  sec  9.10 MBytes  76.3 Mbits/sec  7205  
[ 25]  50.00-51.00  sec  9.10 MBytes  76.3 Mbits/sec  7205  
[ 27]  50.00-51.00  sec  9.10 MBytes  76.3 Mbits/sec  7205  
[ 29]  50.00-51.00  sec  9.10 MBytes  76.3 Mbits/sec  7205  
[ 31]  50.00-51.00  sec  9.10 MBytes  76.3 Mbits/sec  7205  
[ 33]  50.00-51.00  sec  9.10 MBytes  76.3 Mbits/sec  7205  
[ 35]  50.00-51.00  sec  9.10 MBytes  76.3 Mbits/sec  7205  
[ 37]  50.00-51.00  sec  9.10 MBytes  76.3 Mbits/sec  7205  
[ 39]  50.00-51.00  sec  9.10 MBytes  76.3 Mbits/sec  7205  
[ 41]  50.00-51.00  sec  9.10 MBytes  76.3 Mbits/sec  7205  
[ 43]  50.00-51.00  sec  9.10 MBytes  76.3 Mbits/sec  7205  
[SUM]  50.00-51.00  sec   182 MBytes  1526 Mbits/sec  144100  
- - - - - - - - - - - - - - - - - - - - - - - - -
[  5]  51.00-52.00  sec  8.98 MBytes  75.3 Mbits/sec  7112  
[  7]  51.00-52.00  sec  8.98 MBytes  75.3 Mbits/sec  7112  
[  9]  51.00-52.00  sec  8.98 MBytes  75.3 Mbits/sec  7112  
[ 11]  51.00-52.00  sec  8.98 MBytes  75.3 Mbits/sec  7112  
[ 13]  51.00-52.00  sec  8.98 MBytes  75.3 Mbits/sec  7112  
[ 15]  51.00-52.00  sec  8.98 MBytes  75.3 Mbits/sec  7112  
[ 17]  51.00-52.00  sec  8.98 MBytes  75.3 Mbits/sec  7112  
[ 19]  51.00-52.00  sec  8.98 MBytes  75.3 Mbits/sec  7112  
[ 21]  51.00-52.00  sec  8.98 MBytes  75.3 Mbits/sec  7112  
[ 23]  51.00-52.00  sec  8.98 MBytes  75.3 Mbits/sec  7112  
[ 25]  51.00-52.00  sec  8.98 MBytes  75.3 Mbits/sec  7112  
[ 27]  51.00-52.00  sec  8.98 MBytes  75.3 Mbits/sec  7112  
[ 29]  51.00-52.00  sec  8.98 MBytes  75.3 Mbits/sec  7112  
[ 31]  51.00-52.00  sec  8.98 MBytes  75.3 Mbits/sec  7112  
[ 33]  51.00-52.00  sec  8.98 MBytes  75.3 Mbits/sec  7112  
[ 35]  51.00-52.00  sec  8.98 MBytes  75.3 Mbits/sec  7112  
[ 37]  51.00-52.00  sec  8.98 MBytes  75.3 Mbits/sec  7112  
[ 39]  51.00-52.00  sec  8.98 MBytes  75.3 Mbits/sec  7112  
[ 41]  51.00-52.00  sec  8.98 MBytes  75.3 Mbits/sec  7112  
[ 43]  51.00-52.00  sec  8.98 MBytes  75.3 Mbits/sec  7112  
[SUM]  51.00-52.00  sec   180 MBytes  1507 Mbits/sec  142240  
- - - - - - - - - - - - - - - - - - - - - - - - -
[  5]  52.00-53.00  sec  8.96 MBytes  75.2 Mbits/sec  7098  
[  7]  52.00-53.00  sec  8.96 MBytes  75.2 Mbits/sec  7098  
[  9]  52.00-53.00  sec  8.96 MBytes  75.2 Mbits/sec  7098  
[ 11]  52.00-53.00  sec  8.96 MBytes  75.2 Mbits/sec  7098  
[ 13]  52.00-53.00  sec  8.96 MBytes  75.2 Mbits/sec  7098  
[ 15]  52.00-53.00  sec  8.96 MBytes  75.2 Mbits/sec  7098  
[ 17]  52.00-53.00  sec  8.96 MBytes  75.2 Mbits/sec  7098  
[ 19]  52.00-53.00  sec  8.96 MBytes  75.2 Mbits/sec  7098  
[ 21]  52.00-53.00  sec  8.96 MBytes  75.2 Mbits/sec  7098  
[ 23]  52.00-53.00  sec  8.96 MBytes  75.2 Mbits/sec  7098  
[ 25]  52.00-53.00  sec  8.96 MBytes  75.2 Mbits/sec  7098  
[ 27]  52.00-53.00  sec  8.96 MBytes  75.2 Mbits/sec  7098  
[ 29]  52.00-53.00  sec  8.96 MBytes  75.2 Mbits/sec  7098  
[ 31]  52.00-53.00  sec  8.96 MBytes  75.2 Mbits/sec  7098  
[ 33]  52.00-53.00  sec  8.96 MBytes  75.2 Mbits/sec  7098  
[ 35]  52.00-53.00  sec  8.96 MBytes  75.2 Mbits/sec  7098  
[ 37]  52.00-53.00  sec  8.96 MBytes  75.2 Mbits/sec  7098  
[ 39]  52.00-53.00  sec  8.96 MBytes  75.2 Mbits/sec  7098  
[ 41]  52.00-53.00  sec  8.96 MBytes  75.2 Mbits/sec  7098  
[ 43]  52.00-53.00  sec  8.96 MBytes  75.2 Mbits/sec  7098  
[SUM]  52.00-53.00  sec   179 MBytes  1504 Mbits/sec  141960  
- - - - - - - - - - - - - - - - - - - - - - - - -
[  5]  53.00-54.00  sec  8.88 MBytes  74.4 Mbits/sec  7029  
[  7]  53.00-54.00  sec  8.88 MBytes  74.4 Mbits/sec  7029  
[  9]  53.00-54.00  sec  8.88 MBytes  74.4 Mbits/sec  7029  
[ 11]  53.00-54.00  sec  8.88 MBytes  74.4 Mbits/sec  7029  
[ 13]  53.00-54.00  sec  8.88 MBytes  74.4 Mbits/sec  7029  
[ 15]  53.00-54.00  sec  8.88 MBytes  74.4 Mbits/sec  7029  
[ 17]  53.00-54.00  sec  8.88 MBytes  74.4 Mbits/sec  7029  
[ 19]  53.00-54.00  sec  8.88 MBytes  74.4 Mbits/sec  7029  
[ 21]  53.00-54.00  sec  8.88 MBytes  74.4 Mbits/sec  7029  
[ 23]  53.00-54.00  sec  8.88 MBytes  74.4 Mbits/sec  7029  
[ 25]  53.00-54.00  sec  8.88 MBytes  74.4 Mbits/sec  7029  
[ 27]  53.00-54.00  sec  8.88 MBytes  74.4 Mbits/sec  7029  
[ 29]  53.00-54.00  sec  8.88 MBytes  74.4 Mbits/sec  7029  
[ 31]  53.00-54.00  sec  8.88 MBytes  74.4 Mbits/sec  7029  
[ 33]  53.00-54.00  sec  8.88 MBytes  74.4 Mbits/sec  7029  
[ 35]  53.00-54.00  sec  8.88 MBytes  74.4 Mbits/sec  7029  
[ 37]  53.00-54.00  sec  8.88 MBytes  74.4 Mbits/sec  7029  
[ 39]  53.00-54.00  sec  8.88 MBytes  74.4 Mbits/sec  7029  
[ 41]  53.00-54.00  sec  8.88 MBytes  74.4 Mbits/sec  7029  
[ 43]  53.00-54.00  sec  8.88 MBytes  74.4 Mbits/sec  7029  
[SUM]  53.00-54.00  sec   178 MBytes  1489 Mbits/sec  140580  
- - - - - - - - - - - - - - - - - - - - - - - - -
[  5]  54.00-55.00  sec  8.99 MBytes  75.5 Mbits/sec  7123  
[  7]  54.00-55.00  sec  8.99 MBytes  75.5 Mbits/sec  7123  
[  9]  54.00-55.00  sec  8.99 MBytes  75.5 Mbits/sec  7123  
[ 11]  54.00-55.00  sec  8.99 MBytes  75.5 Mbits/sec  7123  
[ 13]  54.00-55.00  sec  8.99 MBytes  75.5 Mbits/sec  7123  
[ 15]  54.00-55.00  sec  8.99 MBytes  75.5 Mbits/sec  7123  
[ 17]  54.00-55.00  sec  8.99 MBytes  75.5 Mbits/sec  7123  
[ 19]  54.00-55.00  sec  8.99 MBytes  75.5 Mbits/sec  7123  
[ 21]  54.00-55.00  sec  8.99 MBytes  75.5 Mbits/sec  7123  
[ 23]  54.00-55.00  sec  8.99 MBytes  75.4 Mbits/sec  7123  
[ 25]  54.00-55.00  sec  8.99 MBytes  75.4 Mbits/sec  7123  
[ 27]  54.00-55.00  sec  8.99 MBytes  75.4 Mbits/sec  7123  
[ 29]  54.00-55.00  sec  8.99 MBytes  75.5 Mbits/sec  7123  
[ 31]  54.00-55.00  sec  8.99 MBytes  75.5 Mbits/sec  7123  
[ 33]  54.00-55.00  sec  8.99 MBytes  75.5 Mbits/sec  7123  
[ 35]  54.00-55.00  sec  8.99 MBytes  75.5 Mbits/sec  7123  
[ 37]  54.00-55.00  sec  8.99 MBytes  75.5 Mbits/sec  7123  
[ 39]  54.00-55.00  sec  8.99 MBytes  75.5 Mbits/sec  7123  
[ 41]  54.00-55.00  sec  8.99 MBytes  75.5 Mbits/sec  7123  
[ 43]  54.00-55.00  sec  8.99 MBytes  75.5 Mbits/sec  7123  
[SUM]  54.00-55.00  sec   180 MBytes  1509 Mbits/sec  142460  
- - - - - - - - - - - - - - - - - - - - - - - - -
[  5]  55.00-56.00  sec  9.06 MBytes  76.0 Mbits/sec  7177  
[  7]  55.00-56.00  sec  9.06 MBytes  76.0 Mbits/sec  7177  
[  9]  55.00-56.00  sec  9.06 MBytes  76.0 Mbits/sec  7177  
[ 11]  55.00-56.00  sec  9.06 MBytes  76.0 Mbits/sec  7177  
[ 13]  55.00-56.00  sec  9.06 MBytes  76.0 Mbits/sec  7177  
[ 15]  55.00-56.00  sec  9.06 MBytes  76.0 Mbits/sec  7177  
[ 17]  55.00-56.00  sec  9.06 MBytes  76.0 Mbits/sec  7177  
[ 19]  55.00-56.00  sec  9.06 MBytes  76.0 Mbits/sec  7177  
[ 21]  55.00-56.00  sec  9.06 MBytes  76.0 Mbits/sec  7177  
[ 23]  55.00-56.00  sec  9.06 MBytes  76.0 Mbits/sec  7177  
[ 25]  55.00-56.00  sec  9.06 MBytes  76.0 Mbits/sec  7177  
[ 27]  55.00-56.00  sec  9.06 MBytes  76.0 Mbits/sec  7177  
[ 29]  55.00-56.00  sec  9.06 MBytes  76.0 Mbits/sec  7177  
[ 31]  55.00-56.00  sec  9.06 MBytes  76.0 Mbits/sec  7177  
[ 33]  55.00-56.00  sec  9.06 MBytes  76.0 Mbits/sec  7177  
[ 35]  55.00-56.00  sec  9.06 MBytes  76.0 Mbits/sec  7177  
[ 37]  55.00-56.00  sec  9.06 MBytes  76.0 Mbits/sec  7177  
[ 39]  55.00-56.00  sec  9.06 MBytes  76.0 Mbits/sec  7177  
[ 41]  55.00-56.00  sec  9.06 MBytes  76.0 Mbits/sec  7177  
[ 43]  55.00-56.00  sec  9.06 MBytes  76.0 Mbits/sec  7177  
[SUM]  55.00-56.00  sec   181 MBytes  1520 Mbits/sec  143540  
- - - - - - - - - - - - - - - - - - - - - - - - -
[  5]  56.00-57.00  sec  8.26 MBytes  69.3 Mbits/sec  6542  
[  7]  56.00-57.00  sec  8.26 MBytes  69.3 Mbits/sec  6542  
[  9]  56.00-57.00  sec  8.26 MBytes  69.3 Mbits/sec  6542  
[ 11]  56.00-57.00  sec  8.26 MBytes  69.3 Mbits/sec  6542  
[ 13]  56.00-57.00  sec  8.26 MBytes  69.3 Mbits/sec  6542  
[ 15]  56.00-57.00  sec  8.26 MBytes  69.3 Mbits/sec  6542  
[ 17]  56.00-57.00  sec  8.26 MBytes  69.3 Mbits/sec  6542  
[ 19]  56.00-57.00  sec  8.26 MBytes  69.3 Mbits/sec  6542  
[ 21]  56.00-57.00  sec  8.26 MBytes  69.3 Mbits/sec  6542  
[ 23]  56.00-57.00  sec  8.26 MBytes  69.3 Mbits/sec  6542  
[ 25]  56.00-57.00  sec  8.26 MBytes  69.3 Mbits/sec  6542  
[ 27]  56.00-57.00  sec  8.26 MBytes  69.3 Mbits/sec  6542  
[ 29]  56.00-57.00  sec  8.26 MBytes  69.3 Mbits/sec  6542  
[ 31]  56.00-57.00  sec  8.26 MBytes  69.3 Mbits/sec  6542  
[ 33]  56.00-57.00  sec  8.26 MBytes  69.3 Mbits/sec  6542  
[ 35]  56.00-57.00  sec  8.26 MBytes  69.3 Mbits/sec  6542  
[ 37]  56.00-57.00  sec  8.26 MBytes  69.3 Mbits/sec  6542  
[ 39]  56.00-57.00  sec  8.26 MBytes  69.3 Mbits/sec  6542  
[ 41]  56.00-57.00  sec  8.26 MBytes  69.3 Mbits/sec  6542  
[ 43]  56.00-57.00  sec  8.26 MBytes  69.3 Mbits/sec  6542  
[SUM]  56.00-57.00  sec   165 MBytes  1386 Mbits/sec  130840  
- - - - - - - - - - - - - - - - - - - - - - - - -
[  5]  57.00-58.00  sec  9.00 MBytes  75.5 Mbits/sec  7131  
[  7]  57.00-58.00  sec  9.00 MBytes  75.5 Mbits/sec  7131  
[  9]  57.00-58.00  sec  9.00 MBytes  75.5 Mbits/sec  7131  
[ 11]  57.00-58.00  sec  9.00 MBytes  75.5 Mbits/sec  7131  
[ 13]  57.00-58.00  sec  9.00 MBytes  75.5 Mbits/sec  7131  
[ 15]  57.00-58.00  sec  9.00 MBytes  75.5 Mbits/sec  7131  
[ 17]  57.00-58.00  sec  9.00 MBytes  75.5 Mbits/sec  7131  
[ 19]  57.00-58.00  sec  9.00 MBytes  75.5 Mbits/sec  7131  
[ 21]  57.00-58.00  sec  9.00 MBytes  75.5 Mbits/sec  7131  
[ 23]  57.00-58.00  sec  9.00 MBytes  75.5 Mbits/sec  7131  
[ 25]  57.00-58.00  sec  9.00 MBytes  75.5 Mbits/sec  7131  
[ 27]  57.00-58.00  sec  9.00 MBytes  75.5 Mbits/sec  7131  
[ 29]  57.00-58.00  sec  9.00 MBytes  75.5 Mbits/sec  7131  
[ 31]  57.00-58.00  sec  9.00 MBytes  75.5 Mbits/sec  7131  
[ 33]  57.00-58.00  sec  9.00 MBytes  75.5 Mbits/sec  7131  
[ 35]  57.00-58.00  sec  9.00 MBytes  75.5 Mbits/sec  7131  
[ 37]  57.00-58.00  sec  9.00 MBytes  75.5 Mbits/sec  7131  
[ 39]  57.00-58.00  sec  9.00 MBytes  75.5 Mbits/sec  7131  
[ 41]  57.00-58.00  sec  9.00 MBytes  75.5 Mbits/sec  7131  
[ 43]  57.00-58.00  sec  9.00 MBytes  75.5 Mbits/sec  7131  
[SUM]  57.00-58.00  sec   180 MBytes  1511 Mbits/sec  142620  
- - - - - - - - - - - - - - - - - - - - - - - - -
[  5]  58.00-59.00  sec  9.12 MBytes  76.5 Mbits/sec  7222  
[  7]  58.00-59.00  sec  9.12 MBytes  76.5 Mbits/sec  7222  
[  9]  58.00-59.00  sec  9.12 MBytes  76.5 Mbits/sec  7222  
[ 11]  58.00-59.00  sec  9.12 MBytes  76.5 Mbits/sec  7222  
[ 13]  58.00-59.00  sec  9.12 MBytes  76.5 Mbits/sec  7222  
[ 15]  58.00-59.00  sec  9.12 MBytes  76.5 Mbits/sec  7222  
[ 17]  58.00-59.00  sec  9.12 MBytes  76.5 Mbits/sec  7222  
[ 19]  58.00-59.00  sec  9.12 MBytes  76.5 Mbits/sec  7222  
[ 21]  58.00-59.00  sec  9.12 MBytes  76.5 Mbits/sec  7222  
[ 23]  58.00-59.00  sec  9.12 MBytes  76.5 Mbits/sec  7222  
[ 25]  58.00-59.00  sec  9.12 MBytes  76.5 Mbits/sec  7222  
[ 27]  58.00-59.00  sec  9.12 MBytes  76.5 Mbits/sec  7222  
[ 29]  58.00-59.00  sec  9.12 MBytes  76.5 Mbits/sec  7222  
[ 31]  58.00-59.00  sec  9.12 MBytes  76.5 Mbits/sec  7222  
[ 33]  58.00-59.00  sec  9.12 MBytes  76.5 Mbits/sec  7222  
[ 35]  58.00-59.00  sec  9.12 MBytes  76.5 Mbits/sec  7222  
[ 37]  58.00-59.00  sec  9.12 MBytes  76.5 Mbits/sec  7222  
[ 39]  58.00-59.00  sec  9.12 MBytes  76.5 Mbits/sec  7222  
[ 41]  58.00-59.00  sec  9.12 MBytes  76.5 Mbits/sec  7222  
[ 43]  58.00-59.00  sec  9.12 MBytes  76.5 Mbits/sec  7222  
[SUM]  58.00-59.00  sec   182 MBytes  1530 Mbits/sec  144440  
- - - - - - - - - - - - - - - - - - - - - - - - -
[  5]  59.00-60.00  sec  8.93 MBytes  74.9 Mbits/sec  7075  
[  7]  59.00-60.00  sec  8.93 MBytes  74.9 Mbits/sec  7075  
[  9]  59.00-60.00  sec  8.93 MBytes  74.9 Mbits/sec  7075  
[ 11]  59.00-60.00  sec  8.93 MBytes  74.9 Mbits/sec  7075  
[ 13]  59.00-60.00  sec  8.93 MBytes  74.9 Mbits/sec  7075  
[ 15]  59.00-60.00  sec  8.93 MBytes  74.9 Mbits/sec  7075  
[ 17]  59.00-60.00  sec  8.93 MBytes  74.9 Mbits/sec  7075  
[ 19]  59.00-60.00  sec  8.93 MBytes  74.9 Mbits/sec  7075  
[ 21]  59.00-60.00  sec  8.93 MBytes  74.9 Mbits/sec  7075  
[ 23]  59.00-60.00  sec  8.93 MBytes  74.9 Mbits/sec  7075  
[ 25]  59.00-60.00  sec  8.93 MBytes  74.9 Mbits/sec  7075  
[ 27]  59.00-60.00  sec  8.93 MBytes  74.9 Mbits/sec  7075  
[ 29]  59.00-60.00  sec  8.93 MBytes  74.9 Mbits/sec  7075  
[ 31]  59.00-60.00  sec  8.93 MBytes  74.9 Mbits/sec  7075  
[ 33]  59.00-60.00  sec  8.93 MBytes  74.9 Mbits/sec  7075  
[ 35]  59.00-60.00  sec  8.93 MBytes  74.9 Mbits/sec  7075  
[ 37]  59.00-60.00  sec  8.93 MBytes  74.9 Mbits/sec  7075  
[ 39]  59.00-60.00  sec  8.93 MBytes  74.9 Mbits/sec  7075  
[ 41]  59.00-60.00  sec  8.93 MBytes  74.9 Mbits/sec  7075  
[ 43]  59.00-60.00  sec  8.93 MBytes  74.9 Mbits/sec  7075  
[SUM]  59.00-60.00  sec   179 MBytes  1499 Mbits/sec  141500  
- - - - - - - - - - - - - - - - - - - - - - - - -
[ ID] Interval           Transfer     Bitrate         Jitter    Lost/Total Datagrams
[  5]   0.00-60.00  sec   535 MBytes  74.8 Mbits/sec  0.000 ms  0/423757 (0%)  sender
[  5]   0.00-60.01  sec   535 MBytes  74.8 Mbits/sec  0.067 ms  222/423757 (0.052%)  receiver
[  7]   0.00-60.00  sec   535 MBytes  74.8 Mbits/sec  0.000 ms  0/423757 (0%)  sender
[  7]   0.00-60.01  sec   535 MBytes  74.8 Mbits/sec  0.059 ms  221/423757 (0.052%)  receiver
[  9]   0.00-60.00  sec   535 MBytes  74.8 Mbits/sec  0.000 ms  0/423757 (0%)  sender
[  9]   0.00-60.01  sec   535 MBytes  74.8 Mbits/sec  0.065 ms  214/423757 (0.051%)  receiver
[ 11]   0.00-60.00  sec   535 MBytes  74.8 Mbits/sec  0.000 ms  0/423757 (0%)  sender
[ 11]   0.00-60.01  sec   535 MBytes  74.7 Mbits/sec  0.064 ms  272/423757 (0.064%)  receiver
[ 13]   0.00-60.00  sec   535 MBytes  74.8 Mbits/sec  0.000 ms  0/423757 (0%)  sender
[ 13]   0.00-60.01  sec   535 MBytes  74.8 Mbits/sec  0.065 ms  220/423757 (0.052%)  receiver
[ 15]   0.00-60.00  sec   535 MBytes  74.8 Mbits/sec  0.000 ms  0/423757 (0%)  sender
[ 15]   0.00-60.01  sec   535 MBytes  74.7 Mbits/sec  0.052 ms  276/423757 (0.065%)  receiver
[ 17]   0.00-60.00  sec   535 MBytes  74.8 Mbits/sec  0.000 ms  0/423757 (0%)  sender
[ 17]   0.00-60.01  sec   535 MBytes  74.7 Mbits/sec  0.057 ms  273/423757 (0.064%)  receiver
[ 19]   0.00-60.00  sec   535 MBytes  74.8 Mbits/sec  0.000 ms  0/423757 (0%)  sender
[ 19]   0.00-60.01  sec   535 MBytes  74.8 Mbits/sec  0.064 ms  226/423757 (0.053%)  receiver
[ 21]   0.00-60.00  sec   535 MBytes  74.8 Mbits/sec  0.000 ms  0/423757 (0%)  sender
[ 21]   0.00-60.01  sec   535 MBytes  74.7 Mbits/sec  0.049 ms  273/423757 (0.064%)  receiver
[ 23]   0.00-60.00  sec   535 MBytes  74.8 Mbits/sec  0.000 ms  0/423757 (0%)  sender
[ 23]   0.00-60.01  sec   535 MBytes  74.7 Mbits/sec  0.062 ms  257/423756 (0.061%)  receiver
[ 25]   0.00-60.00  sec   535 MBytes  74.8 Mbits/sec  0.000 ms  0/423757 (0%)  sender
[ 25]   0.00-60.01  sec   535 MBytes  74.7 Mbits/sec  0.051 ms  279/423757 (0.066%)  receiver
[ 27]   0.00-60.00  sec   535 MBytes  74.8 Mbits/sec  0.000 ms  0/423757 (0%)  sender
[ 27]   0.00-60.01  sec   535 MBytes  74.8 Mbits/sec  0.055 ms  226/423757 (0.053%)  receiver
[ 29]   0.00-60.00  sec   535 MBytes  74.8 Mbits/sec  0.000 ms  0/423757 (0%)  sender
[ 29]   0.00-60.01  sec   535 MBytes  74.8 Mbits/sec  0.070 ms  225/423757 (0.053%)  receiver
[ 31]   0.00-60.00  sec   535 MBytes  74.8 Mbits/sec  0.000 ms  0/423757 (0%)  sender
[ 31]   0.00-60.01  sec   535 MBytes  74.7 Mbits/sec  0.060 ms  274/423757 (0.065%)  receiver
[ 33]   0.00-60.00  sec   535 MBytes  74.8 Mbits/sec  0.000 ms  0/423757 (0%)  sender
[ 33]   0.00-60.01  sec   535 MBytes  74.7 Mbits/sec  0.053 ms  281/423757 (0.066%)  receiver
[ 35]   0.00-60.00  sec   535 MBytes  74.8 Mbits/sec  0.000 ms  0/423757 (0%)  sender
[ 35]   0.00-60.01  sec   535 MBytes  74.8 Mbits/sec  0.074 ms  230/423757 (0.054%)  receiver
[ 37]   0.00-60.00  sec   535 MBytes  74.8 Mbits/sec  0.000 ms  0/423757 (0%)  sender
[ 37]   0.00-60.01  sec   535 MBytes  74.7 Mbits/sec  0.056 ms  281/423757 (0.066%)  receiver
[ 39]   0.00-60.00  sec   535 MBytes  74.8 Mbits/sec  0.000 ms  0/423757 (0%)  sender
[ 39]   0.00-60.01  sec   535 MBytes  74.8 Mbits/sec  0.060 ms  228/423757 (0.054%)  receiver
[ 41]   0.00-60.00  sec   535 MBytes  74.8 Mbits/sec  0.000 ms  0/423757 (0%)  sender
[ 41]   0.00-60.01  sec   535 MBytes  74.7 Mbits/sec  0.062 ms  248/423756 (0.059%)  receiver
[ 43]   0.00-60.00  sec   535 MBytes  74.8 Mbits/sec  0.000 ms  0/423757 (0%)  sender
[ 43]   0.00-60.01  sec   535 MBytes  74.8 Mbits/sec  0.089 ms  232/423757 (0.055%)  receiver
[SUM]   0.00-60.00  sec  10.5 GBytes  1496 Mbits/sec  0.000 ms  0/8475140 (0%)  sender
[SUM]   0.00-60.01  sec  10.4 GBytes  1495 Mbits/sec  0.062 ms  4958/8475138 (0.059%)  receiver

iperf Done.
