Connecting to host 10.10.0.2, port 30000
[  5] local 10.244.167.193 port 60509 connected to 10.10.0.2 port 30000
[  7] local 10.244.167.193 port 55380 connected to 10.10.0.2 port 30000
[  9] local 10.244.167.193 port 46602 connected to 10.10.0.2 port 30000
[ 11] local 10.244.167.193 port 58224 connected to 10.10.0.2 port 30000
[ 13] local 10.244.167.193 port 37988 connected to 10.10.0.2 port 30000
[ 15] local 10.244.167.193 port 42160 connected to 10.10.0.2 port 30000
[ 17] local 10.244.167.193 port 46669 connected to 10.10.0.2 port 30000
[ 19] local 10.244.167.193 port 52128 connected to 10.10.0.2 port 30000
[ 21] local 10.244.167.193 port 54153 connected to 10.10.0.2 port 30000
[ 23] local 10.244.167.193 port 60576 connected to 10.10.0.2 port 30000
[ 25] local 10.244.167.193 port 35434 connected to 10.10.0.2 port 30000
[ 27] local 10.244.167.193 port 56873 connected to 10.10.0.2 port 30000
[ 29] local 10.244.167.193 port 36858 connected to 10.10.0.2 port 30000
[ 31] local 10.244.167.193 port 40507 connected to 10.10.0.2 port 30000
[ 33] local 10.244.167.193 port 46287 connected to 10.10.0.2 port 30000
[ 35] local 10.244.167.193 port 56039 connected to 10.10.0.2 port 30000
[ 37] local 10.244.167.193 port 34306 connected to 10.10.0.2 port 30000
[ 39] local 10.244.167.193 port 58288 connected to 10.10.0.2 port 30000
[ 41] local 10.244.167.193 port 42800 connected to 10.10.0.2 port 30000
[ 43] local 10.244.167.193 port 34246 connected to 10.10.0.2 port 30000
[ ID] Interval           Transfer     Bitrate         Total Datagrams
[  5]   0.00-1.00   sec  8.02 MBytes  67.3 Mbits/sec  5890  
[  7]   0.00-1.00   sec  8.02 MBytes  67.3 Mbits/sec  5890  
[  9]   0.00-1.00   sec  8.02 MBytes  67.3 Mbits/sec  5890  
[ 11]   0.00-1.00   sec  8.02 MBytes  67.3 Mbits/sec  5890  
[ 13]   0.00-1.00   sec  8.02 MBytes  67.3 Mbits/sec  5890  
[ 15]   0.00-1.00   sec  8.02 MBytes  67.3 Mbits/sec  5890  
[ 17]   0.00-1.00   sec  8.02 MBytes  67.3 Mbits/sec  5890  
[ 19]   0.00-1.00   sec  8.02 MBytes  67.3 Mbits/sec  5890  
[ 21]   0.00-1.00   sec  8.02 MBytes  67.3 Mbits/sec  5890  
[ 23]   0.00-1.00   sec  8.02 MBytes  67.3 Mbits/sec  5890  
[ 25]   0.00-1.00   sec  8.02 MBytes  67.3 Mbits/sec  5890  
[ 27]   0.00-1.00   sec  8.02 MBytes  67.3 Mbits/sec  5890  
[ 29]   0.00-1.00   sec  8.02 MBytes  67.3 Mbits/sec  5890  
[ 31]   0.00-1.00   sec  8.02 MBytes  67.3 Mbits/sec  5890  
[ 33]   0.00-1.00   sec  8.02 MBytes  67.3 Mbits/sec  5890  
[ 35]   0.00-1.00   sec  8.02 MBytes  67.3 Mbits/sec  5890  
[ 37]   0.00-1.00   sec  8.02 MBytes  67.3 Mbits/sec  5890  
[ 39]   0.00-1.00   sec  8.02 MBytes  67.3 Mbits/sec  5890  
[ 41]   0.00-1.00   sec  8.02 MBytes  67.3 Mbits/sec  5890  
[ 43]   0.00-1.00   sec  8.02 MBytes  67.3 Mbits/sec  5890  
[SUM]   0.00-1.00   sec   160 MBytes  1346 Mbits/sec  117800  
- - - - - - - - - - - - - - - - - - - - - - - - -
[  5]   1.00-2.00   sec  8.17 MBytes  68.5 Mbits/sec  5996  
[  7]   1.00-2.00   sec  8.17 MBytes  68.5 Mbits/sec  5996  
[  9]   1.00-2.00   sec  8.17 MBytes  68.5 Mbits/sec  5996  
[ 11]   1.00-2.00   sec  8.17 MBytes  68.5 Mbits/sec  5996  
[ 13]   1.00-2.00   sec  8.17 MBytes  68.5 Mbits/sec  5996  
[ 15]   1.00-2.00   sec  8.17 MBytes  68.5 Mbits/sec  5996  
[ 17]   1.00-2.00   sec  8.17 MBytes  68.5 Mbits/sec  5996  
[ 19]   1.00-2.00   sec  8.17 MBytes  68.5 Mbits/sec  5996  
[ 21]   1.00-2.00   sec  8.17 MBytes  68.5 Mbits/sec  5996  
[ 23]   1.00-2.00   sec  8.17 MBytes  68.5 Mbits/sec  5996  
[ 25]   1.00-2.00   sec  8.17 MBytes  68.5 Mbits/sec  5996  
[ 27]   1.00-2.00   sec  8.17 MBytes  68.5 Mbits/sec  5996  
[ 29]   1.00-2.00   sec  8.17 MBytes  68.5 Mbits/sec  5996  
[ 31]   1.00-2.00   sec  8.17 MBytes  68.5 Mbits/sec  5996  
[ 33]   1.00-2.00   sec  8.17 MBytes  68.5 Mbits/sec  5996  
[ 35]   1.00-2.00   sec  8.17 MBytes  68.5 Mbits/sec  5996  
[ 37]   1.00-2.00   sec  8.17 MBytes  68.5 Mbits/sec  5996  
[ 39]   1.00-2.00   sec  8.17 MBytes  68.5 Mbits/sec  5996  
[ 41]   1.00-2.00   sec  8.17 MBytes  68.5 Mbits/sec  5996  
[ 43]   1.00-2.00   sec  8.17 MBytes  68.5 Mbits/sec  5996  
[SUM]   1.00-2.00   sec   163 MBytes  1370 Mbits/sec  119920  
- - - - - - - - - - - - - - - - - - - - - - - - -
[  5]   2.00-3.00   sec  7.83 MBytes  65.7 Mbits/sec  5753  
[  7]   2.00-3.00   sec  7.83 MBytes  65.7 Mbits/sec  5753  
[  9]   2.00-3.00   sec  7.83 MBytes  65.7 Mbits/sec  5753  
[ 11]   2.00-3.00   sec  7.83 MBytes  65.7 Mbits/sec  5753  
[ 13]   2.00-3.00   sec  7.83 MBytes  65.7 Mbits/sec  5753  
[ 15]   2.00-3.00   sec  7.83 MBytes  65.7 Mbits/sec  5753  
[ 17]   2.00-3.00   sec  7.83 MBytes  65.7 Mbits/sec  5753  
[ 19]   2.00-3.00   sec  7.83 MBytes  65.7 Mbits/sec  5753  
[ 21]   2.00-3.00   sec  7.83 MBytes  65.7 Mbits/sec  5753  
[ 23]   2.00-3.00   sec  7.83 MBytes  65.7 Mbits/sec  5753  
[ 25]   2.00-3.00   sec  7.83 MBytes  65.7 Mbits/sec  5753  
[ 27]   2.00-3.00   sec  7.83 MBytes  65.7 Mbits/sec  5753  
[ 29]   2.00-3.00   sec  7.83 MBytes  65.7 Mbits/sec  5753  
[ 31]   2.00-3.00   sec  7.83 MBytes  65.7 Mbits/sec  5753  
[ 33]   2.00-3.00   sec  7.83 MBytes  65.7 Mbits/sec  5753  
[ 35]   2.00-3.00   sec  7.83 MBytes  65.7 Mbits/sec  5753  
[ 37]   2.00-3.00   sec  7.83 MBytes  65.7 Mbits/sec  5753  
[ 39]   2.00-3.00   sec  7.83 MBytes  65.7 Mbits/sec  5753  
[ 41]   2.00-3.00   sec  7.83 MBytes  65.7 Mbits/sec  5753  
[ 43]   2.00-3.00   sec  7.83 MBytes  65.7 Mbits/sec  5753  
[SUM]   2.00-3.00   sec   157 MBytes  1315 Mbits/sec  115060  
- - - - - - - - - - - - - - - - - - - - - - - - -
[  5]   3.00-4.00   sec  8.17 MBytes  68.6 Mbits/sec  6002  
[  7]   3.00-4.00   sec  8.17 MBytes  68.6 Mbits/sec  6002  
[  9]   3.00-4.00   sec  8.17 MBytes  68.6 Mbits/sec  6002  
[ 11]   3.00-4.00   sec  8.17 MBytes  68.6 Mbits/sec  6002  
[ 13]   3.00-4.00   sec  8.17 MBytes  68.6 Mbits/sec  6002  
[ 15]   3.00-4.00   sec  8.17 MBytes  68.6 Mbits/sec  6002  
[ 17]   3.00-4.00   sec  8.17 MBytes  68.6 Mbits/sec  6002  
[ 19]   3.00-4.00   sec  8.17 MBytes  68.6 Mbits/sec  6002  
[ 21]   3.00-4.00   sec  8.17 MBytes  68.6 Mbits/sec  6002  
[ 23]   3.00-4.00   sec  8.17 MBytes  68.6 Mbits/sec  6002  
[ 25]   3.00-4.00   sec  8.17 MBytes  68.6 Mbits/sec  6002  
[ 27]   3.00-4.00   sec  8.17 MBytes  68.6 Mbits/sec  6002  
[ 29]   3.00-4.00   sec  8.17 MBytes  68.6 Mbits/sec  6002  
[ 31]   3.00-4.00   sec  8.17 MBytes  68.6 Mbits/sec  6002  
[ 33]   3.00-4.00   sec  8.17 MBytes  68.6 Mbits/sec  6002  
[ 35]   3.00-4.00   sec  8.17 MBytes  68.6 Mbits/sec  6002  
[ 37]   3.00-4.00   sec  8.17 MBytes  68.6 Mbits/sec  6002  
[ 39]   3.00-4.00   sec  8.17 MBytes  68.6 Mbits/sec  6002  
[ 41]   3.00-4.00   sec  8.17 MBytes  68.6 Mbits/sec  6002  
[ 43]   3.00-4.00   sec  8.17 MBytes  68.6 Mbits/sec  6002  
[SUM]   3.00-4.00   sec   163 MBytes  1371 Mbits/sec  120040  
- - - - - - - - - - - - - - - - - - - - - - - - -
[  5]   4.00-5.00   sec  7.87 MBytes  66.0 Mbits/sec  5776  
[  7]   4.00-5.00   sec  7.87 MBytes  66.0 Mbits/sec  5776  
[  9]   4.00-5.00   sec  7.87 MBytes  66.0 Mbits/sec  5776  
[ 11]   4.00-5.00   sec  7.87 MBytes  66.0 Mbits/sec  5776  
[ 13]   4.00-5.00   sec  7.87 MBytes  66.0 Mbits/sec  5776  
[ 15]   4.00-5.00   sec  7.87 MBytes  66.0 Mbits/sec  5776  
[ 17]   4.00-5.00   sec  7.87 MBytes  66.0 Mbits/sec  5776  
[ 19]   4.00-5.00   sec  7.87 MBytes  66.0 Mbits/sec  5776  
[ 21]   4.00-5.00   sec  7.87 MBytes  66.0 Mbits/sec  5776  
[ 23]   4.00-5.00   sec  7.87 MBytes  66.0 Mbits/sec  5776  
[ 25]   4.00-5.00   sec  7.87 MBytes  66.0 Mbits/sec  5776  
[ 27]   4.00-5.00   sec  7.87 MBytes  66.0 Mbits/sec  5776  
[ 29]   4.00-5.00   sec  7.87 MBytes  66.0 Mbits/sec  5776  
[ 31]   4.00-5.00   sec  7.87 MBytes  66.0 Mbits/sec  5776  
[ 33]   4.00-5.00   sec  7.87 MBytes  66.0 Mbits/sec  5776  
[ 35]   4.00-5.00   sec  7.87 MBytes  66.0 Mbits/sec  5776  
[ 37]   4.00-5.00   sec  7.87 MBytes  66.0 Mbits/sec  5776  
[ 39]   4.00-5.00   sec  7.87 MBytes  66.0 Mbits/sec  5776  
[ 41]   4.00-5.00   sec  7.87 MBytes  66.0 Mbits/sec  5776  
[ 43]   4.00-5.00   sec  7.87 MBytes  66.0 Mbits/sec  5776  
[SUM]   4.00-5.00   sec   157 MBytes  1320 Mbits/sec  115520  
- - - - - - - - - - - - - - - - - - - - - - - - -
[  5]   5.00-6.00   sec  8.13 MBytes  68.2 Mbits/sec  5968  
[  7]   5.00-6.00   sec  8.13 MBytes  68.2 Mbits/sec  5968  
[  9]   5.00-6.00   sec  8.13 MBytes  68.2 Mbits/sec  5968  
[ 11]   5.00-6.00   sec  8.13 MBytes  68.2 Mbits/sec  5968  
[ 13]   5.00-6.00   sec  8.13 MBytes  68.2 Mbits/sec  5968  
[ 15]   5.00-6.00   sec  8.13 MBytes  68.2 Mbits/sec  5968  
[ 17]   5.00-6.00   sec  8.13 MBytes  68.2 Mbits/sec  5968  
[ 19]   5.00-6.00   sec  8.13 MBytes  68.2 Mbits/sec  5968  
[ 21]   5.00-6.00   sec  8.13 MBytes  68.2 Mbits/sec  5968  
[ 23]   5.00-6.00   sec  8.13 MBytes  68.2 Mbits/sec  5968  
[ 25]   5.00-6.00   sec  8.13 MBytes  68.2 Mbits/sec  5968  
[ 27]   5.00-6.00   sec  8.13 MBytes  68.2 Mbits/sec  5968  
[ 29]   5.00-6.00   sec  8.13 MBytes  68.2 Mbits/sec  5968  
[ 31]   5.00-6.00   sec  8.13 MBytes  68.2 Mbits/sec  5968  
[ 33]   5.00-6.00   sec  8.13 MBytes  68.2 Mbits/sec  5968  
[ 35]   5.00-6.00   sec  8.13 MBytes  68.2 Mbits/sec  5968  
[ 37]   5.00-6.00   sec  8.13 MBytes  68.2 Mbits/sec  5968  
[ 39]   5.00-6.00   sec  8.13 MBytes  68.2 Mbits/sec  5968  
[ 41]   5.00-6.00   sec  8.13 MBytes  68.2 Mbits/sec  5968  
[ 43]   5.00-6.00   sec  8.13 MBytes  68.2 Mbits/sec  5968  
[SUM]   5.00-6.00   sec   163 MBytes  1364 Mbits/sec  119360  
- - - - - - - - - - - - - - - - - - - - - - - - -
[  5]   6.00-7.00   sec  7.99 MBytes  67.1 Mbits/sec  5870  
[  7]   6.00-7.00   sec  7.99 MBytes  67.1 Mbits/sec  5870  
[  9]   6.00-7.00   sec  7.99 MBytes  67.1 Mbits/sec  5870  
[ 11]   6.00-7.00   sec  7.99 MBytes  67.1 Mbits/sec  5870  
[ 13]   6.00-7.00   sec  7.99 MBytes  67.1 Mbits/sec  5870  
[ 15]   6.00-7.00   sec  7.99 MBytes  67.1 Mbits/sec  5870  
[ 17]   6.00-7.00   sec  7.99 MBytes  67.1 Mbits/sec  5870  
[ 19]   6.00-7.00   sec  7.99 MBytes  67.1 Mbits/sec  5870  
[ 21]   6.00-7.00   sec  7.99 MBytes  67.1 Mbits/sec  5870  
[ 23]   6.00-7.00   sec  7.99 MBytes  67.1 Mbits/sec  5870  
[ 25]   6.00-7.00   sec  7.99 MBytes  67.1 Mbits/sec  5870  
[ 27]   6.00-7.00   sec  7.99 MBytes  67.1 Mbits/sec  5870  
[ 29]   6.00-7.00   sec  7.99 MBytes  67.1 Mbits/sec  5870  
[ 31]   6.00-7.00   sec  7.99 MBytes  67.1 Mbits/sec  5870  
[ 33]   6.00-7.00   sec  7.99 MBytes  67.1 Mbits/sec  5870  
[ 35]   6.00-7.00   sec  7.99 MBytes  67.1 Mbits/sec  5870  
[ 37]   6.00-7.00   sec  7.99 MBytes  67.1 Mbits/sec  5870  
[ 39]   6.00-7.00   sec  7.99 MBytes  67.1 Mbits/sec  5870  
[ 41]   6.00-7.00   sec  7.99 MBytes  67.1 Mbits/sec  5870  
[ 43]   6.00-7.00   sec  7.99 MBytes  67.1 Mbits/sec  5870  
[SUM]   6.00-7.00   sec   160 MBytes  1341 Mbits/sec  117400  
- - - - - - - - - - - - - - - - - - - - - - - - -
[  5]   7.00-8.00   sec  7.36 MBytes  61.7 Mbits/sec  5402  
[  7]   7.00-8.00   sec  7.36 MBytes  61.7 Mbits/sec  5402  
[  9]   7.00-8.00   sec  7.36 MBytes  61.7 Mbits/sec  5402  
[ 11]   7.00-8.00   sec  7.36 MBytes  61.7 Mbits/sec  5402  
[ 13]   7.00-8.00   sec  7.36 MBytes  61.7 Mbits/sec  5402  
[ 15]   7.00-8.00   sec  7.36 MBytes  61.7 Mbits/sec  5402  
[ 17]   7.00-8.00   sec  7.36 MBytes  61.7 Mbits/sec  5402  
[ 19]   7.00-8.00   sec  7.36 MBytes  61.7 Mbits/sec  5402  
[ 21]   7.00-8.00   sec  7.36 MBytes  61.7 Mbits/sec  5402  
[ 23]   7.00-8.00   sec  7.36 MBytes  61.7 Mbits/sec  5402  
[ 25]   7.00-8.00   sec  7.36 MBytes  61.7 Mbits/sec  5402  
[ 27]   7.00-8.00   sec  7.36 MBytes  61.7 Mbits/sec  5402  
[ 29]   7.00-8.00   sec  7.36 MBytes  61.7 Mbits/sec  5402  
[ 31]   7.00-8.00   sec  7.36 MBytes  61.7 Mbits/sec  5402  
[ 33]   7.00-8.00   sec  7.36 MBytes  61.7 Mbits/sec  5402  
[ 35]   7.00-8.00   sec  7.36 MBytes  61.7 Mbits/sec  5402  
[ 37]   7.00-8.00   sec  7.36 MBytes  61.7 Mbits/sec  5402  
[ 39]   7.00-8.00   sec  7.36 MBytes  61.7 Mbits/sec  5402  
[ 41]   7.00-8.00   sec  7.36 MBytes  61.7 Mbits/sec  5402  
[ 43]   7.00-8.00   sec  7.36 MBytes  61.7 Mbits/sec  5402  
[SUM]   7.00-8.00   sec   147 MBytes  1234 Mbits/sec  108040  
- - - - - - - - - - - - - - - - - - - - - - - - -
[  5]   8.00-9.00   sec  8.15 MBytes  68.4 Mbits/sec  5988  
[  7]   8.00-9.00   sec  8.15 MBytes  68.4 Mbits/sec  5988  
[  9]   8.00-9.00   sec  8.15 MBytes  68.4 Mbits/sec  5988  
[ 11]   8.00-9.00   sec  8.15 MBytes  68.4 Mbits/sec  5988  
[ 13]   8.00-9.00   sec  8.15 MBytes  68.4 Mbits/sec  5988  
[ 15]   8.00-9.00   sec  8.15 MBytes  68.4 Mbits/sec  5988  
[ 17]   8.00-9.00   sec  8.15 MBytes  68.4 Mbits/sec  5988  
[ 19]   8.00-9.00   sec  8.15 MBytes  68.4 Mbits/sec  5988  
[ 21]   8.00-9.00   sec  8.15 MBytes  68.4 Mbits/sec  5988  
[ 23]   8.00-9.00   sec  8.15 MBytes  68.4 Mbits/sec  5988  
[ 25]   8.00-9.00   sec  8.15 MBytes  68.4 Mbits/sec  5988  
[ 27]   8.00-9.00   sec  8.15 MBytes  68.4 Mbits/sec  5988  
[ 29]   8.00-9.00   sec  8.15 MBytes  68.4 Mbits/sec  5988  
[ 31]   8.00-9.00   sec  8.15 MBytes  68.4 Mbits/sec  5988  
[ 33]   8.00-9.00   sec  8.15 MBytes  68.4 Mbits/sec  5988  
[ 35]   8.00-9.00   sec  8.15 MBytes  68.4 Mbits/sec  5988  
[ 37]   8.00-9.00   sec  8.15 MBytes  68.4 Mbits/sec  5988  
[ 39]   8.00-9.00   sec  8.15 MBytes  68.4 Mbits/sec  5988  
[ 41]   8.00-9.00   sec  8.15 MBytes  68.4 Mbits/sec  5988  
[ 43]   8.00-9.00   sec  8.15 MBytes  68.4 Mbits/sec  5988  
[SUM]   8.00-9.00   sec   163 MBytes  1368 Mbits/sec  119760  
- - - - - - - - - - - - - - - - - - - - - - - - -
[  5]   9.00-10.00  sec  7.28 MBytes  61.0 Mbits/sec  5343  
[  7]   9.00-10.00  sec  7.28 MBytes  61.0 Mbits/sec  5343  
[  9]   9.00-10.00  sec  7.28 MBytes  61.0 Mbits/sec  5343  
[ 11]   9.00-10.00  sec  7.28 MBytes  61.0 Mbits/sec  5343  
[ 13]   9.00-10.00  sec  7.28 MBytes  61.0 Mbits/sec  5343  
[ 15]   9.00-10.00  sec  7.28 MBytes  61.0 Mbits/sec  5343  
[ 17]   9.00-10.00  sec  7.28 MBytes  61.0 Mbits/sec  5343  
[ 19]   9.00-10.00  sec  7.28 MBytes  61.0 Mbits/sec  5343  
[ 21]   9.00-10.00  sec  7.28 MBytes  61.0 Mbits/sec  5343  
[ 23]   9.00-10.00  sec  7.28 MBytes  61.0 Mbits/sec  5343  
[ 25]   9.00-10.00  sec  7.28 MBytes  61.0 Mbits/sec  5343  
[ 27]   9.00-10.00  sec  7.28 MBytes  61.0 Mbits/sec  5343  
[ 29]   9.00-10.00  sec  7.28 MBytes  61.0 Mbits/sec  5343  
[ 31]   9.00-10.00  sec  7.28 MBytes  61.0 Mbits/sec  5343  
[ 33]   9.00-10.00  sec  7.28 MBytes  61.0 Mbits/sec  5343  
[ 35]   9.00-10.00  sec  7.28 MBytes  61.0 Mbits/sec  5343  
[ 37]   9.00-10.00  sec  7.28 MBytes  61.0 Mbits/sec  5343  
[ 39]   9.00-10.00  sec  7.28 MBytes  61.0 Mbits/sec  5343  
[ 41]   9.00-10.00  sec  7.28 MBytes  61.0 Mbits/sec  5343  
[ 43]   9.00-10.00  sec  7.28 MBytes  61.0 Mbits/sec  5343  
[SUM]   9.00-10.00  sec   146 MBytes  1221 Mbits/sec  106860  
- - - - - - - - - - - - - - - - - - - - - - - - -
[  5]  10.00-11.00  sec  8.07 MBytes  67.7 Mbits/sec  5927  
[  7]  10.00-11.00  sec  8.07 MBytes  67.7 Mbits/sec  5927  
[  9]  10.00-11.00  sec  8.07 MBytes  67.7 Mbits/sec  5927  
[ 11]  10.00-11.00  sec  8.07 MBytes  67.7 Mbits/sec  5927  
[ 13]  10.00-11.00  sec  8.07 MBytes  67.7 Mbits/sec  5927  
[ 15]  10.00-11.00  sec  8.07 MBytes  67.7 Mbits/sec  5927  
[ 17]  10.00-11.00  sec  8.07 MBytes  67.7 Mbits/sec  5927  
[ 19]  10.00-11.00  sec  8.07 MBytes  67.7 Mbits/sec  5927  
[ 21]  10.00-11.00  sec  8.07 MBytes  67.7 Mbits/sec  5927  
[ 23]  10.00-11.00  sec  8.07 MBytes  67.7 Mbits/sec  5927  
[ 25]  10.00-11.00  sec  8.07 MBytes  67.7 Mbits/sec  5927  
[ 27]  10.00-11.00  sec  8.07 MBytes  67.7 Mbits/sec  5927  
[ 29]  10.00-11.00  sec  8.07 MBytes  67.7 Mbits/sec  5927  
[ 31]  10.00-11.00  sec  8.07 MBytes  67.7 Mbits/sec  5927  
[ 33]  10.00-11.00  sec  8.07 MBytes  67.7 Mbits/sec  5927  
[ 35]  10.00-11.00  sec  8.07 MBytes  67.7 Mbits/sec  5927  
[ 37]  10.00-11.00  sec  8.07 MBytes  67.7 Mbits/sec  5927  
[ 39]  10.00-11.00  sec  8.07 MBytes  67.7 Mbits/sec  5927  
[ 41]  10.00-11.00  sec  8.07 MBytes  67.7 Mbits/sec  5927  
[ 43]  10.00-11.00  sec  8.07 MBytes  67.7 Mbits/sec  5927  
[SUM]  10.00-11.00  sec   161 MBytes  1354 Mbits/sec  118540  
- - - - - - - - - - - - - - - - - - - - - - - - -
[  5]  11.00-12.00  sec  8.23 MBytes  69.0 Mbits/sec  6043  
[  7]  11.00-12.00  sec  8.23 MBytes  69.0 Mbits/sec  6043  
[  9]  11.00-12.00  sec  8.23 MBytes  69.0 Mbits/sec  6043  
[ 11]  11.00-12.00  sec  8.23 MBytes  69.0 Mbits/sec  6043  
[ 13]  11.00-12.00  sec  8.23 MBytes  69.0 Mbits/sec  6043  
[ 15]  11.00-12.00  sec  8.23 MBytes  69.0 Mbits/sec  6043  
[ 17]  11.00-12.00  sec  8.23 MBytes  69.0 Mbits/sec  6043  
[ 19]  11.00-12.00  sec  8.23 MBytes  69.0 Mbits/sec  6043  
[ 21]  11.00-12.00  sec  8.23 MBytes  69.0 Mbits/sec  6043  
[ 23]  11.00-12.00  sec  8.23 MBytes  69.0 Mbits/sec  6043  
[ 25]  11.00-12.00  sec  8.23 MBytes  69.0 Mbits/sec  6043  
[ 27]  11.00-12.00  sec  8.23 MBytes  69.0 Mbits/sec  6043  
[ 29]  11.00-12.00  sec  8.23 MBytes  69.0 Mbits/sec  6043  
[ 31]  11.00-12.00  sec  8.23 MBytes  69.0 Mbits/sec  6043  
[ 33]  11.00-12.00  sec  8.23 MBytes  69.0 Mbits/sec  6043  
[ 35]  11.00-12.00  sec  8.23 MBytes  69.0 Mbits/sec  6043  
[ 37]  11.00-12.00  sec  8.23 MBytes  69.0 Mbits/sec  6043  
[ 39]  11.00-12.00  sec  8.23 MBytes  69.0 Mbits/sec  6043  
[ 41]  11.00-12.00  sec  8.23 MBytes  69.0 Mbits/sec  6043  
[ 43]  11.00-12.00  sec  8.23 MBytes  69.0 Mbits/sec  6043  
[SUM]  11.00-12.00  sec   165 MBytes  1381 Mbits/sec  120860  
- - - - - - - - - - - - - - - - - - - - - - - - -
[  5]  12.00-13.00  sec  8.06 MBytes  67.6 Mbits/sec  5920  
[  7]  12.00-13.00  sec  8.06 MBytes  67.6 Mbits/sec  5920  
[  9]  12.00-13.00  sec  8.06 MBytes  67.6 Mbits/sec  5920  
[ 11]  12.00-13.00  sec  8.06 MBytes  67.6 Mbits/sec  5920  
[ 13]  12.00-13.00  sec  8.06 MBytes  67.6 Mbits/sec  5920  
[ 15]  12.00-13.00  sec  8.06 MBytes  67.6 Mbits/sec  5920  
[ 17]  12.00-13.00  sec  8.06 MBytes  67.6 Mbits/sec  5920  
[ 19]  12.00-13.00  sec  8.06 MBytes  67.6 Mbits/sec  5920  
[ 21]  12.00-13.00  sec  8.06 MBytes  67.6 Mbits/sec  5920  
[ 23]  12.00-13.00  sec  8.06 MBytes  67.6 Mbits/sec  5920  
[ 25]  12.00-13.00  sec  8.06 MBytes  67.6 Mbits/sec  5920  
[ 27]  12.00-13.00  sec  8.06 MBytes  67.6 Mbits/sec  5920  
[ 29]  12.00-13.00  sec  8.06 MBytes  67.6 Mbits/sec  5920  
[ 31]  12.00-13.00  sec  8.06 MBytes  67.6 Mbits/sec  5920  
[ 33]  12.00-13.00  sec  8.06 MBytes  67.6 Mbits/sec  5920  
[ 35]  12.00-13.00  sec  8.06 MBytes  67.6 Mbits/sec  5920  
[ 37]  12.00-13.00  sec  8.06 MBytes  67.6 Mbits/sec  5920  
[ 39]  12.00-13.00  sec  8.06 MBytes  67.6 Mbits/sec  5920  
[ 41]  12.00-13.00  sec  8.06 MBytes  67.6 Mbits/sec  5920  
[ 43]  12.00-13.00  sec  8.06 MBytes  67.6 Mbits/sec  5920  
[SUM]  12.00-13.00  sec   161 MBytes  1353 Mbits/sec  118400  
- - - - - - - - - - - - - - - - - - - - - - - - -
[  5]  13.00-14.00  sec  7.97 MBytes  66.9 Mbits/sec  5854  
[  7]  13.00-14.00  sec  7.97 MBytes  66.9 Mbits/sec  5854  
[  9]  13.00-14.00  sec  7.97 MBytes  66.9 Mbits/sec  5854  
[ 11]  13.00-14.00  sec  7.97 MBytes  66.9 Mbits/sec  5854  
[ 13]  13.00-14.00  sec  7.97 MBytes  66.9 Mbits/sec  5854  
[ 15]  13.00-14.00  sec  7.97 MBytes  66.9 Mbits/sec  5854  
[ 17]  13.00-14.00  sec  7.97 MBytes  66.9 Mbits/sec  5854  
[ 19]  13.00-14.00  sec  7.97 MBytes  66.9 Mbits/sec  5854  
[ 21]  13.00-14.00  sec  7.97 MBytes  66.9 Mbits/sec  5854  
[ 23]  13.00-14.00  sec  7.97 MBytes  66.9 Mbits/sec  5854  
[ 25]  13.00-14.00  sec  7.97 MBytes  66.9 Mbits/sec  5854  
[ 27]  13.00-14.00  sec  7.97 MBytes  66.9 Mbits/sec  5854  
[ 29]  13.00-14.00  sec  7.97 MBytes  66.9 Mbits/sec  5854  
[ 31]  13.00-14.00  sec  7.97 MBytes  66.9 Mbits/sec  5854  
[ 33]  13.00-14.00  sec  7.97 MBytes  66.9 Mbits/sec  5854  
[ 35]  13.00-14.00  sec  7.97 MBytes  66.9 Mbits/sec  5854  
[ 37]  13.00-14.00  sec  7.97 MBytes  66.9 Mbits/sec  5854  
[ 39]  13.00-14.00  sec  7.97 MBytes  66.9 Mbits/sec  5854  
[ 41]  13.00-14.00  sec  7.97 MBytes  66.9 Mbits/sec  5854  
[ 43]  13.00-14.00  sec  7.97 MBytes  66.9 Mbits/sec  5854  
[SUM]  13.00-14.00  sec   159 MBytes  1338 Mbits/sec  117080  
- - - - - - - - - - - - - - - - - - - - - - - - -
[  5]  14.00-15.00  sec  8.13 MBytes  68.2 Mbits/sec  5970  
[  7]  14.00-15.00  sec  8.13 MBytes  68.2 Mbits/sec  5970  
[  9]  14.00-15.00  sec  8.13 MBytes  68.2 Mbits/sec  5970  
[ 11]  14.00-15.00  sec  8.13 MBytes  68.2 Mbits/sec  5970  
[ 13]  14.00-15.00  sec  8.13 MBytes  68.2 Mbits/sec  5970  
[ 15]  14.00-15.00  sec  8.13 MBytes  68.2 Mbits/sec  5970  
[ 17]  14.00-15.00  sec  8.13 MBytes  68.2 Mbits/sec  5970  
[ 19]  14.00-15.00  sec  8.13 MBytes  68.2 Mbits/sec  5970  
[ 21]  14.00-15.00  sec  8.13 MBytes  68.2 Mbits/sec  5970  
[ 23]  14.00-15.00  sec  8.13 MBytes  68.2 Mbits/sec  5970  
[ 25]  14.00-15.00  sec  8.13 MBytes  68.2 Mbits/sec  5970  
[ 27]  14.00-15.00  sec  8.13 MBytes  68.2 Mbits/sec  5970  
[ 29]  14.00-15.00  sec  8.13 MBytes  68.2 Mbits/sec  5970  
[ 31]  14.00-15.00  sec  8.13 MBytes  68.2 Mbits/sec  5970  
[ 33]  14.00-15.00  sec  8.13 MBytes  68.2 Mbits/sec  5970  
[ 35]  14.00-15.00  sec  8.13 MBytes  68.2 Mbits/sec  5970  
[ 37]  14.00-15.00  sec  8.13 MBytes  68.2 Mbits/sec  5970  
[ 39]  14.00-15.00  sec  8.13 MBytes  68.2 Mbits/sec  5970  
[ 41]  14.00-15.00  sec  8.13 MBytes  68.2 Mbits/sec  5970  
[ 43]  14.00-15.00  sec  8.13 MBytes  68.2 Mbits/sec  5970  
[SUM]  14.00-15.00  sec   163 MBytes  1364 Mbits/sec  119400  
- - - - - - - - - - - - - - - - - - - - - - - - -
[  5]  15.00-16.00  sec  8.15 MBytes  68.4 Mbits/sec  5987  
[  7]  15.00-16.00  sec  8.15 MBytes  68.4 Mbits/sec  5987  
[  9]  15.00-16.00  sec  8.15 MBytes  68.4 Mbits/sec  5987  
[ 11]  15.00-16.00  sec  8.15 MBytes  68.4 Mbits/sec  5987  
[ 13]  15.00-16.00  sec  8.15 MBytes  68.4 Mbits/sec  5987  
[ 15]  15.00-16.00  sec  8.15 MBytes  68.4 Mbits/sec  5987  
[ 17]  15.00-16.00  sec  8.15 MBytes  68.4 Mbits/sec  5987  
[ 19]  15.00-16.00  sec  8.15 MBytes  68.4 Mbits/sec  5987  
[ 21]  15.00-16.00  sec  8.15 MBytes  68.4 Mbits/sec  5987  
[ 23]  15.00-16.00  sec  8.15 MBytes  68.4 Mbits/sec  5987  
[ 25]  15.00-16.00  sec  8.15 MBytes  68.4 Mbits/sec  5987  
[ 27]  15.00-16.00  sec  8.15 MBytes  68.4 Mbits/sec  5987  
[ 29]  15.00-16.00  sec  8.15 MBytes  68.4 Mbits/sec  5987  
[ 31]  15.00-16.00  sec  8.15 MBytes  68.4 Mbits/sec  5987  
[ 33]  15.00-16.00  sec  8.15 MBytes  68.4 Mbits/sec  5987  
[ 35]  15.00-16.00  sec  8.15 MBytes  68.4 Mbits/sec  5987  
[ 37]  15.00-16.00  sec  8.15 MBytes  68.4 Mbits/sec  5987  
[ 39]  15.00-16.00  sec  8.15 MBytes  68.4 Mbits/sec  5987  
[ 41]  15.00-16.00  sec  8.15 MBytes  68.4 Mbits/sec  5987  
[ 43]  15.00-16.00  sec  8.15 MBytes  68.4 Mbits/sec  5987  
[SUM]  15.00-16.00  sec   163 MBytes  1368 Mbits/sec  119740  
- - - - - - - - - - - - - - - - - - - - - - - - -
[  5]  16.00-17.00  sec  8.18 MBytes  68.6 Mbits/sec  6004  
[  7]  16.00-17.00  sec  8.18 MBytes  68.6 Mbits/sec  6004  
[  9]  16.00-17.00  sec  8.18 MBytes  68.6 Mbits/sec  6004  
[ 11]  16.00-17.00  sec  8.18 MBytes  68.6 Mbits/sec  6004  
[ 13]  16.00-17.00  sec  8.18 MBytes  68.6 Mbits/sec  6004  
[ 15]  16.00-17.00  sec  8.18 MBytes  68.6 Mbits/sec  6004  
[ 17]  16.00-17.00  sec  8.18 MBytes  68.6 Mbits/sec  6004  
[ 19]  16.00-17.00  sec  8.18 MBytes  68.6 Mbits/sec  6004  
[ 21]  16.00-17.00  sec  8.18 MBytes  68.6 Mbits/sec  6004  
[ 23]  16.00-17.00  sec  8.18 MBytes  68.6 Mbits/sec  6004  
[ 25]  16.00-17.00  sec  8.18 MBytes  68.6 Mbits/sec  6004  
[ 27]  16.00-17.00  sec  8.18 MBytes  68.6 Mbits/sec  6004  
[ 29]  16.00-17.00  sec  8.18 MBytes  68.6 Mbits/sec  6004  
[ 31]  16.00-17.00  sec  8.18 MBytes  68.6 Mbits/sec  6004  
[ 33]  16.00-17.00  sec  8.18 MBytes  68.6 Mbits/sec  6004  
[ 35]  16.00-17.00  sec  8.18 MBytes  68.6 Mbits/sec  6004  
[ 37]  16.00-17.00  sec  8.18 MBytes  68.6 Mbits/sec  6004  
[ 39]  16.00-17.00  sec  8.18 MBytes  68.6 Mbits/sec  6004  
[ 41]  16.00-17.00  sec  8.18 MBytes  68.6 Mbits/sec  6004  
[ 43]  16.00-17.00  sec  8.18 MBytes  68.6 Mbits/sec  6004  
[SUM]  16.00-17.00  sec   164 MBytes  1372 Mbits/sec  120080  
- - - - - - - - - - - - - - - - - - - - - - - - -
[  5]  17.00-18.00  sec  7.58 MBytes  63.6 Mbits/sec  5564  
[  7]  17.00-18.00  sec  7.58 MBytes  63.6 Mbits/sec  5564  
[  9]  17.00-18.00  sec  7.58 MBytes  63.6 Mbits/sec  5564  
[ 11]  17.00-18.00  sec  7.58 MBytes  63.6 Mbits/sec  5564  
[ 13]  17.00-18.00  sec  7.58 MBytes  63.6 Mbits/sec  5564  
[ 15]  17.00-18.00  sec  7.58 MBytes  63.6 Mbits/sec  5564  
[ 17]  17.00-18.00  sec  7.58 MBytes  63.6 Mbits/sec  5564  
[ 19]  17.00-18.00  sec  7.58 MBytes  63.6 Mbits/sec  5564  
[ 21]  17.00-18.00  sec  7.58 MBytes  63.6 Mbits/sec  5564  
[ 23]  17.00-18.00  sec  7.58 MBytes  63.6 Mbits/sec  5564  
[ 25]  17.00-18.00  sec  7.58 MBytes  63.6 Mbits/sec  5564  
[ 27]  17.00-18.00  sec  7.58 MBytes  63.6 Mbits/sec  5564  
[ 29]  17.00-18.00  sec  7.58 MBytes  63.6 Mbits/sec  5564  
[ 31]  17.00-18.00  sec  7.58 MBytes  63.6 Mbits/sec  5564  
[ 33]  17.00-18.00  sec  7.58 MBytes  63.6 Mbits/sec  5564  
[ 35]  17.00-18.00  sec  7.58 MBytes  63.6 Mbits/sec  5564  
[ 37]  17.00-18.00  sec  7.58 MBytes  63.6 Mbits/sec  5564  
[ 39]  17.00-18.00  sec  7.58 MBytes  63.6 Mbits/sec  5564  
[ 41]  17.00-18.00  sec  7.58 MBytes  63.6 Mbits/sec  5564  
[ 43]  17.00-18.00  sec  7.58 MBytes  63.6 Mbits/sec  5564  
[SUM]  17.00-18.00  sec   152 MBytes  1271 Mbits/sec  111280  
- - - - - - - - - - - - - - - - - - - - - - - - -
[  5]  18.00-19.00  sec  8.12 MBytes  68.1 Mbits/sec  5966  
[  7]  18.00-19.00  sec  8.12 MBytes  68.1 Mbits/sec  5966  
[  9]  18.00-19.00  sec  8.12 MBytes  68.1 Mbits/sec  5966  
[ 11]  18.00-19.00  sec  8.12 MBytes  68.1 Mbits/sec  5966  
[ 13]  18.00-19.00  sec  8.12 MBytes  68.1 Mbits/sec  5966  
[ 15]  18.00-19.00  sec  8.12 MBytes  68.1 Mbits/sec  5966  
[ 17]  18.00-19.00  sec  8.12 MBytes  68.1 Mbits/sec  5966  
[ 19]  18.00-19.00  sec  8.12 MBytes  68.1 Mbits/sec  5966  
[ 21]  18.00-19.00  sec  8.12 MBytes  68.1 Mbits/sec  5966  
[ 23]  18.00-19.00  sec  8.12 MBytes  68.1 Mbits/sec  5966  
[ 25]  18.00-19.00  sec  8.12 MBytes  68.1 Mbits/sec  5966  
[ 27]  18.00-19.00  sec  8.12 MBytes  68.1 Mbits/sec  5966  
[ 29]  18.00-19.00  sec  8.12 MBytes  68.1 Mbits/sec  5966  
[ 31]  18.00-19.00  sec  8.12 MBytes  68.1 Mbits/sec  5966  
[ 33]  18.00-19.00  sec  8.12 MBytes  68.1 Mbits/sec  5966  
[ 35]  18.00-19.00  sec  8.12 MBytes  68.1 Mbits/sec  5966  
[ 37]  18.00-19.00  sec  8.12 MBytes  68.1 Mbits/sec  5966  
[ 39]  18.00-19.00  sec  8.12 MBytes  68.1 Mbits/sec  5966  
[ 41]  18.00-19.00  sec  8.12 MBytes  68.1 Mbits/sec  5966  
[ 43]  18.00-19.00  sec  8.12 MBytes  68.1 Mbits/sec  5966  
[SUM]  18.00-19.00  sec   162 MBytes  1363 Mbits/sec  119320  
- - - - - - - - - - - - - - - - - - - - - - - - -
[  5]  19.00-20.00  sec  7.60 MBytes  63.8 Mbits/sec  5582  
[  7]  19.00-20.00  sec  7.60 MBytes  63.8 Mbits/sec  5582  
[  9]  19.00-20.00  sec  7.60 MBytes  63.8 Mbits/sec  5582  
[ 11]  19.00-20.00  sec  7.60 MBytes  63.8 Mbits/sec  5582  
[ 13]  19.00-20.00  sec  7.60 MBytes  63.8 Mbits/sec  5582  
[ 15]  19.00-20.00  sec  7.60 MBytes  63.8 Mbits/sec  5582  
[ 17]  19.00-20.00  sec  7.60 MBytes  63.8 Mbits/sec  5582  
[ 19]  19.00-20.00  sec  7.60 MBytes  63.8 Mbits/sec  5582  
[ 21]  19.00-20.00  sec  7.60 MBytes  63.8 Mbits/sec  5582  
[ 23]  19.00-20.00  sec  7.60 MBytes  63.8 Mbits/sec  5582  
[ 25]  19.00-20.00  sec  7.60 MBytes  63.8 Mbits/sec  5582  
[ 27]  19.00-20.00  sec  7.60 MBytes  63.8 Mbits/sec  5582  
[ 29]  19.00-20.00  sec  7.60 MBytes  63.8 Mbits/sec  5582  
[ 31]  19.00-20.00  sec  7.60 MBytes  63.8 Mbits/sec  5582  
[ 33]  19.00-20.00  sec  7.60 MBytes  63.8 Mbits/sec  5582  
[ 35]  19.00-20.00  sec  7.60 MBytes  63.8 Mbits/sec  5582  
[ 37]  19.00-20.00  sec  7.60 MBytes  63.8 Mbits/sec  5582  
[ 39]  19.00-20.00  sec  7.60 MBytes  63.8 Mbits/sec  5582  
[ 41]  19.00-20.00  sec  7.60 MBytes  63.8 Mbits/sec  5582  
[ 43]  19.00-20.00  sec  7.60 MBytes  63.8 Mbits/sec  5582  
[SUM]  19.00-20.00  sec   152 MBytes  1275 Mbits/sec  111640  
- - - - - - - - - - - - - - - - - - - - - - - - -
[  5]  20.00-21.00  sec  8.08 MBytes  67.8 Mbits/sec  5934  
[  7]  20.00-21.00  sec  8.08 MBytes  67.8 Mbits/sec  5934  
[  9]  20.00-21.00  sec  8.08 MBytes  67.8 Mbits/sec  5934  
[ 11]  20.00-21.00  sec  8.08 MBytes  67.8 Mbits/sec  5934  
[ 13]  20.00-21.00  sec  8.08 MBytes  67.8 Mbits/sec  5934  
[ 15]  20.00-21.00  sec  8.08 MBytes  67.8 Mbits/sec  5934  
[ 17]  20.00-21.00  sec  8.08 MBytes  67.8 Mbits/sec  5934  
[ 19]  20.00-21.00  sec  8.08 MBytes  67.8 Mbits/sec  5934  
[ 21]  20.00-21.00  sec  8.08 MBytes  67.8 Mbits/sec  5934  
[ 23]  20.00-21.00  sec  8.08 MBytes  67.8 Mbits/sec  5934  
[ 25]  20.00-21.00  sec  8.08 MBytes  67.8 Mbits/sec  5934  
[ 27]  20.00-21.00  sec  8.08 MBytes  67.8 Mbits/sec  5934  
[ 29]  20.00-21.00  sec  8.08 MBytes  67.8 Mbits/sec  5934  
[ 31]  20.00-21.00  sec  8.08 MBytes  67.8 Mbits/sec  5934  
[ 33]  20.00-21.00  sec  8.08 MBytes  67.8 Mbits/sec  5934  
[ 35]  20.00-21.00  sec  8.08 MBytes  67.8 Mbits/sec  5934  
[ 37]  20.00-21.00  sec  8.08 MBytes  67.8 Mbits/sec  5934  
[ 39]  20.00-21.00  sec  8.08 MBytes  67.8 Mbits/sec  5934  
[ 41]  20.00-21.00  sec  8.08 MBytes  67.8 Mbits/sec  5934  
[ 43]  20.00-21.00  sec  8.08 MBytes  67.8 Mbits/sec  5934  
[SUM]  20.00-21.00  sec   162 MBytes  1356 Mbits/sec  118680  
- - - - - - - - - - - - - - - - - - - - - - - - -
[  5]  21.00-22.00  sec  7.90 MBytes  66.3 Mbits/sec  5802  
[  7]  21.00-22.00  sec  7.90 MBytes  66.3 Mbits/sec  5802  
[  9]  21.00-22.00  sec  7.90 MBytes  66.3 Mbits/sec  5802  
[ 11]  21.00-22.00  sec  7.90 MBytes  66.3 Mbits/sec  5802  
[ 13]  21.00-22.00  sec  7.90 MBytes  66.3 Mbits/sec  5802  
[ 15]  21.00-22.00  sec  7.90 MBytes  66.3 Mbits/sec  5802  
[ 17]  21.00-22.00  sec  7.90 MBytes  66.3 Mbits/sec  5802  
[ 19]  21.00-22.00  sec  7.90 MBytes  66.3 Mbits/sec  5802  
[ 21]  21.00-22.00  sec  7.90 MBytes  66.3 Mbits/sec  5802  
[ 23]  21.00-22.00  sec  7.90 MBytes  66.3 Mbits/sec  5802  
[ 25]  21.00-22.00  sec  7.90 MBytes  66.3 Mbits/sec  5802  
[ 27]  21.00-22.00  sec  7.90 MBytes  66.3 Mbits/sec  5802  
[ 29]  21.00-22.00  sec  7.90 MBytes  66.3 Mbits/sec  5802  
[ 31]  21.00-22.00  sec  7.90 MBytes  66.3 Mbits/sec  5802  
[ 33]  21.00-22.00  sec  7.90 MBytes  66.3 Mbits/sec  5802  
[ 35]  21.00-22.00  sec  7.90 MBytes  66.3 Mbits/sec  5802  
[ 37]  21.00-22.00  sec  7.90 MBytes  66.3 Mbits/sec  5802  
[ 39]  21.00-22.00  sec  7.90 MBytes  66.3 Mbits/sec  5802  
[ 41]  21.00-22.00  sec  7.90 MBytes  66.3 Mbits/sec  5802  
[ 43]  21.00-22.00  sec  7.90 MBytes  66.3 Mbits/sec  5802  
[SUM]  21.00-22.00  sec   158 MBytes  1326 Mbits/sec  116040  
- - - - - - - - - - - - - - - - - - - - - - - - -
[  5]  22.00-23.00  sec  7.94 MBytes  66.6 Mbits/sec  5828  
[  7]  22.00-23.00  sec  7.94 MBytes  66.6 Mbits/sec  5828  
[  9]  22.00-23.00  sec  7.94 MBytes  66.6 Mbits/sec  5828  
[ 11]  22.00-23.00  sec  7.94 MBytes  66.6 Mbits/sec  5828  
[ 13]  22.00-23.00  sec  7.94 MBytes  66.6 Mbits/sec  5828  
[ 15]  22.00-23.00  sec  7.94 MBytes  66.6 Mbits/sec  5828  
[ 17]  22.00-23.00  sec  7.94 MBytes  66.6 Mbits/sec  5828  
[ 19]  22.00-23.00  sec  7.94 MBytes  66.6 Mbits/sec  5828  
[ 21]  22.00-23.00  sec  7.94 MBytes  66.6 Mbits/sec  5828  
[ 23]  22.00-23.00  sec  7.94 MBytes  66.6 Mbits/sec  5828  
[ 25]  22.00-23.00  sec  7.94 MBytes  66.6 Mbits/sec  5828  
[ 27]  22.00-23.00  sec  7.94 MBytes  66.6 Mbits/sec  5828  
[ 29]  22.00-23.00  sec  7.94 MBytes  66.6 Mbits/sec  5828  
[ 31]  22.00-23.00  sec  7.94 MBytes  66.6 Mbits/sec  5828  
[ 33]  22.00-23.00  sec  7.94 MBytes  66.6 Mbits/sec  5828  
[ 35]  22.00-23.00  sec  7.94 MBytes  66.6 Mbits/sec  5828  
[ 37]  22.00-23.00  sec  7.94 MBytes  66.6 Mbits/sec  5828  
[ 39]  22.00-23.00  sec  7.94 MBytes  66.6 Mbits/sec  5828  
[ 41]  22.00-23.00  sec  7.94 MBytes  66.6 Mbits/sec  5828  
[ 43]  22.00-23.00  sec  7.94 MBytes  66.6 Mbits/sec  5828  
[SUM]  22.00-23.00  sec   159 MBytes  1331 Mbits/sec  116560  
- - - - - - - - - - - - - - - - - - - - - - - - -
[  5]  23.00-24.00  sec  8.12 MBytes  68.2 Mbits/sec  5966  
[  7]  23.00-24.00  sec  8.12 MBytes  68.2 Mbits/sec  5966  
[  9]  23.00-24.00  sec  8.12 MBytes  68.2 Mbits/sec  5966  
[ 11]  23.00-24.00  sec  8.12 MBytes  68.2 Mbits/sec  5966  
[ 13]  23.00-24.00  sec  8.12 MBytes  68.2 Mbits/sec  5966  
[ 15]  23.00-24.00  sec  8.12 MBytes  68.2 Mbits/sec  5966  
[ 17]  23.00-24.00  sec  8.12 MBytes  68.2 Mbits/sec  5966  
[ 19]  23.00-24.00  sec  8.12 MBytes  68.2 Mbits/sec  5966  
[ 21]  23.00-24.00  sec  8.12 MBytes  68.2 Mbits/sec  5966  
[ 23]  23.00-24.00  sec  8.12 MBytes  68.2 Mbits/sec  5966  
[ 25]  23.00-24.00  sec  8.12 MBytes  68.2 Mbits/sec  5966  
[ 27]  23.00-24.00  sec  8.12 MBytes  68.2 Mbits/sec  5966  
[ 29]  23.00-24.00  sec  8.12 MBytes  68.2 Mbits/sec  5966  
[ 31]  23.00-24.00  sec  8.12 MBytes  68.2 Mbits/sec  5966  
[ 33]  23.00-24.00  sec  8.12 MBytes  68.2 Mbits/sec  5966  
[ 35]  23.00-24.00  sec  8.12 MBytes  68.2 Mbits/sec  5966  
[ 37]  23.00-24.00  sec  8.12 MBytes  68.2 Mbits/sec  5966  
[ 39]  23.00-24.00  sec  8.12 MBytes  68.2 Mbits/sec  5966  
[ 41]  23.00-24.00  sec  8.12 MBytes  68.2 Mbits/sec  5966  
[ 43]  23.00-24.00  sec  8.12 MBytes  68.2 Mbits/sec  5966  
[SUM]  23.00-24.00  sec   162 MBytes  1363 Mbits/sec  119320  
- - - - - - - - - - - - - - - - - - - - - - - - -
[  5]  24.00-25.00  sec  8.02 MBytes  67.3 Mbits/sec  5887  
[  7]  24.00-25.00  sec  8.02 MBytes  67.3 Mbits/sec  5887  
[  9]  24.00-25.00  sec  8.02 MBytes  67.3 Mbits/sec  5887  
[ 11]  24.00-25.00  sec  8.02 MBytes  67.3 Mbits/sec  5887  
[ 13]  24.00-25.00  sec  8.02 MBytes  67.3 Mbits/sec  5887  
[ 15]  24.00-25.00  sec  8.02 MBytes  67.3 Mbits/sec  5887  
[ 17]  24.00-25.00  sec  8.02 MBytes  67.3 Mbits/sec  5887  
[ 19]  24.00-25.00  sec  8.02 MBytes  67.3 Mbits/sec  5887  
[ 21]  24.00-25.00  sec  8.02 MBytes  67.3 Mbits/sec  5887  
[ 23]  24.00-25.00  sec  8.02 MBytes  67.3 Mbits/sec  5887  
[ 25]  24.00-25.00  sec  8.02 MBytes  67.3 Mbits/sec  5887  
[ 27]  24.00-25.00  sec  8.02 MBytes  67.3 Mbits/sec  5887  
[ 29]  24.00-25.00  sec  8.02 MBytes  67.3 Mbits/sec  5887  
[ 31]  24.00-25.00  sec  8.02 MBytes  67.3 Mbits/sec  5887  
[ 33]  24.00-25.00  sec  8.02 MBytes  67.3 Mbits/sec  5887  
[ 35]  24.00-25.00  sec  8.02 MBytes  67.3 Mbits/sec  5887  
[ 37]  24.00-25.00  sec  8.02 MBytes  67.3 Mbits/sec  5887  
[ 39]  24.00-25.00  sec  8.02 MBytes  67.3 Mbits/sec  5887  
[ 41]  24.00-25.00  sec  8.02 MBytes  67.3 Mbits/sec  5887  
[ 43]  24.00-25.00  sec  8.02 MBytes  67.3 Mbits/sec  5887  
[SUM]  24.00-25.00  sec   160 MBytes  1345 Mbits/sec  117740  
- - - - - - - - - - - - - - - - - - - - - - - - -
[  5]  25.00-26.00  sec  8.10 MBytes  68.0 Mbits/sec  5950  
[  7]  25.00-26.00  sec  8.10 MBytes  68.0 Mbits/sec  5950  
[  9]  25.00-26.00  sec  8.10 MBytes  68.0 Mbits/sec  5950  
[ 11]  25.00-26.00  sec  8.10 MBytes  68.0 Mbits/sec  5950  
[ 13]  25.00-26.00  sec  8.10 MBytes  68.0 Mbits/sec  5950  
[ 15]  25.00-26.00  sec  8.10 MBytes  68.0 Mbits/sec  5950  
[ 17]  25.00-26.00  sec  8.10 MBytes  68.0 Mbits/sec  5950  
[ 19]  25.00-26.00  sec  8.10 MBytes  68.0 Mbits/sec  5950  
[ 21]  25.00-26.00  sec  8.10 MBytes  68.0 Mbits/sec  5950  
[ 23]  25.00-26.00  sec  8.10 MBytes  68.0 Mbits/sec  5950  
[ 25]  25.00-26.00  sec  8.10 MBytes  68.0 Mbits/sec  5950  
[ 27]  25.00-26.00  sec  8.10 MBytes  68.0 Mbits/sec  5950  
[ 29]  25.00-26.00  sec  8.10 MBytes  68.0 Mbits/sec  5950  
[ 31]  25.00-26.00  sec  8.10 MBytes  68.0 Mbits/sec  5950  
[ 33]  25.00-26.00  sec  8.10 MBytes  68.0 Mbits/sec  5950  
[ 35]  25.00-26.00  sec  8.10 MBytes  68.0 Mbits/sec  5950  
[ 37]  25.00-26.00  sec  8.10 MBytes  68.0 Mbits/sec  5950  
[ 39]  25.00-26.00  sec  8.10 MBytes  68.0 Mbits/sec  5950  
[ 41]  25.00-26.00  sec  8.10 MBytes  68.0 Mbits/sec  5950  
[ 43]  25.00-26.00  sec  8.10 MBytes  68.0 Mbits/sec  5950  
[SUM]  25.00-26.00  sec   162 MBytes  1359 Mbits/sec  119000  
- - - - - - - - - - - - - - - - - - - - - - - - -
[  5]  26.00-27.00  sec  8.14 MBytes  68.3 Mbits/sec  5977  
[  7]  26.00-27.00  sec  8.14 MBytes  68.3 Mbits/sec  5977  
[  9]  26.00-27.00  sec  8.14 MBytes  68.3 Mbits/sec  5977  
[ 11]  26.00-27.00  sec  8.14 MBytes  68.3 Mbits/sec  5977  
[ 13]  26.00-27.00  sec  8.14 MBytes  68.3 Mbits/sec  5977  
[ 15]  26.00-27.00  sec  8.14 MBytes  68.3 Mbits/sec  5977  
[ 17]  26.00-27.00  sec  8.14 MBytes  68.3 Mbits/sec  5977  
[ 19]  26.00-27.00  sec  8.14 MBytes  68.3 Mbits/sec  5977  
[ 21]  26.00-27.00  sec  8.14 MBytes  68.3 Mbits/sec  5977  
[ 23]  26.00-27.00  sec  8.14 MBytes  68.3 Mbits/sec  5977  
[ 25]  26.00-27.00  sec  8.14 MBytes  68.3 Mbits/sec  5977  
[ 27]  26.00-27.00  sec  8.14 MBytes  68.3 Mbits/sec  5977  
[ 29]  26.00-27.00  sec  8.14 MBytes  68.3 Mbits/sec  5977  
[ 31]  26.00-27.00  sec  8.14 MBytes  68.3 Mbits/sec  5977  
[ 33]  26.00-27.00  sec  8.14 MBytes  68.3 Mbits/sec  5977  
[ 35]  26.00-27.00  sec  8.14 MBytes  68.3 Mbits/sec  5977  
[ 37]  26.00-27.00  sec  8.14 MBytes  68.3 Mbits/sec  5977  
[ 39]  26.00-27.00  sec  8.14 MBytes  68.3 Mbits/sec  5977  
[ 41]  26.00-27.00  sec  8.14 MBytes  68.3 Mbits/sec  5977  
[ 43]  26.00-27.00  sec  8.14 MBytes  68.3 Mbits/sec  5977  
[SUM]  26.00-27.00  sec   163 MBytes  1366 Mbits/sec  119540  
- - - - - - - - - - - - - - - - - - - - - - - - -
[  5]  27.00-28.00  sec  7.49 MBytes  62.8 Mbits/sec  5497  
[  7]  27.00-28.00  sec  7.49 MBytes  62.8 Mbits/sec  5497  
[  9]  27.00-28.00  sec  7.49 MBytes  62.8 Mbits/sec  5497  
[ 11]  27.00-28.00  sec  7.49 MBytes  62.8 Mbits/sec  5497  
[ 13]  27.00-28.00  sec  7.49 MBytes  62.8 Mbits/sec  5497  
[ 15]  27.00-28.00  sec  7.49 MBytes  62.8 Mbits/sec  5497  
[ 17]  27.00-28.00  sec  7.49 MBytes  62.8 Mbits/sec  5497  
[ 19]  27.00-28.00  sec  7.49 MBytes  62.8 Mbits/sec  5497  
[ 21]  27.00-28.00  sec  7.49 MBytes  62.8 Mbits/sec  5497  
[ 23]  27.00-28.00  sec  7.49 MBytes  62.8 Mbits/sec  5497  
[ 25]  27.00-28.00  sec  7.49 MBytes  62.8 Mbits/sec  5497  
[ 27]  27.00-28.00  sec  7.49 MBytes  62.8 Mbits/sec  5497  
[ 29]  27.00-28.00  sec  7.49 MBytes  62.8 Mbits/sec  5497  
[ 31]  27.00-28.00  sec  7.49 MBytes  62.8 Mbits/sec  5497  
[ 33]  27.00-28.00  sec  7.49 MBytes  62.8 Mbits/sec  5497  
[ 35]  27.00-28.00  sec  7.49 MBytes  62.8 Mbits/sec  5497  
[ 37]  27.00-28.00  sec  7.49 MBytes  62.8 Mbits/sec  5497  
[ 39]  27.00-28.00  sec  7.49 MBytes  62.8 Mbits/sec  5497  
[ 41]  27.00-28.00  sec  7.49 MBytes  62.8 Mbits/sec  5497  
[ 43]  27.00-28.00  sec  7.49 MBytes  62.8 Mbits/sec  5497  
[SUM]  27.00-28.00  sec   150 MBytes  1256 Mbits/sec  109940  
- - - - - - - - - - - - - - - - - - - - - - - - -
[  5]  28.00-29.00  sec  8.06 MBytes  67.7 Mbits/sec  5922  
[  7]  28.00-29.00  sec  8.06 MBytes  67.7 Mbits/sec  5922  
[  9]  28.00-29.00  sec  8.06 MBytes  67.7 Mbits/sec  5922  
[ 11]  28.00-29.00  sec  8.06 MBytes  67.7 Mbits/sec  5922  
[ 13]  28.00-29.00  sec  8.06 MBytes  67.7 Mbits/sec  5922  
[ 15]  28.00-29.00  sec  8.06 MBytes  67.7 Mbits/sec  5922  
[ 17]  28.00-29.00  sec  8.06 MBytes  67.7 Mbits/sec  5922  
[ 19]  28.00-29.00  sec  8.06 MBytes  67.7 Mbits/sec  5922  
[ 21]  28.00-29.00  sec  8.06 MBytes  67.7 Mbits/sec  5922  
[ 23]  28.00-29.00  sec  8.06 MBytes  67.7 Mbits/sec  5922  
[ 25]  28.00-29.00  sec  8.06 MBytes  67.7 Mbits/sec  5922  
[ 27]  28.00-29.00  sec  8.06 MBytes  67.7 Mbits/sec  5922  
[ 29]  28.00-29.00  sec  8.06 MBytes  67.7 Mbits/sec  5922  
[ 31]  28.00-29.00  sec  8.06 MBytes  67.7 Mbits/sec  5922  
[ 33]  28.00-29.00  sec  8.06 MBytes  67.7 Mbits/sec  5922  
[ 35]  28.00-29.00  sec  8.06 MBytes  67.7 Mbits/sec  5922  
[ 37]  28.00-29.00  sec  8.06 MBytes  67.7 Mbits/sec  5922  
[ 39]  28.00-29.00  sec  8.06 MBytes  67.7 Mbits/sec  5922  
[ 41]  28.00-29.00  sec  8.06 MBytes  67.7 Mbits/sec  5922  
[ 43]  28.00-29.00  sec  8.06 MBytes  67.7 Mbits/sec  5922  
[SUM]  28.00-29.00  sec   161 MBytes  1353 Mbits/sec  118440  
- - - - - - - - - - - - - - - - - - - - - - - - -
[  5]  29.00-30.00  sec  7.68 MBytes  64.4 Mbits/sec  5639  
[  7]  29.00-30.00  sec  7.68 MBytes  64.4 Mbits/sec  5639  
[  9]  29.00-30.00  sec  7.68 MBytes  64.4 Mbits/sec  5639  
[ 11]  29.00-30.00  sec  7.68 MBytes  64.4 Mbits/sec  5639  
[ 13]  29.00-30.00  sec  7.68 MBytes  64.4 Mbits/sec  5639  
[ 15]  29.00-30.00  sec  7.68 MBytes  64.4 Mbits/sec  5639  
[ 17]  29.00-30.00  sec  7.68 MBytes  64.4 Mbits/sec  5639  
[ 19]  29.00-30.00  sec  7.68 MBytes  64.4 Mbits/sec  5639  
[ 21]  29.00-30.00  sec  7.68 MBytes  64.4 Mbits/sec  5639  
[ 23]  29.00-30.00  sec  7.68 MBytes  64.4 Mbits/sec  5639  
[ 25]  29.00-30.00  sec  7.68 MBytes  64.4 Mbits/sec  5639  
[ 27]  29.00-30.00  sec  7.68 MBytes  64.4 Mbits/sec  5639  
[ 29]  29.00-30.00  sec  7.68 MBytes  64.4 Mbits/sec  5639  
[ 31]  29.00-30.00  sec  7.68 MBytes  64.4 Mbits/sec  5639  
[ 33]  29.00-30.00  sec  7.68 MBytes  64.4 Mbits/sec  5639  
[ 35]  29.00-30.00  sec  7.68 MBytes  64.4 Mbits/sec  5639  
[ 37]  29.00-30.00  sec  7.68 MBytes  64.4 Mbits/sec  5639  
[ 39]  29.00-30.00  sec  7.68 MBytes  64.4 Mbits/sec  5639  
[ 41]  29.00-30.00  sec  7.68 MBytes  64.4 Mbits/sec  5639  
[ 43]  29.00-30.00  sec  7.68 MBytes  64.4 Mbits/sec  5639  
[SUM]  29.00-30.00  sec   154 MBytes  1288 Mbits/sec  112780  
- - - - - - - - - - - - - - - - - - - - - - - - -
[  5]  30.00-31.00  sec  8.13 MBytes  68.2 Mbits/sec  5971  
[  7]  30.00-31.00  sec  8.13 MBytes  68.2 Mbits/sec  5971  
[  9]  30.00-31.00  sec  8.13 MBytes  68.2 Mbits/sec  5971  
[ 11]  30.00-31.00  sec  8.13 MBytes  68.2 Mbits/sec  5971  
[ 13]  30.00-31.00  sec  8.13 MBytes  68.2 Mbits/sec  5971  
[ 15]  30.00-31.00  sec  8.13 MBytes  68.2 Mbits/sec  5971  
[ 17]  30.00-31.00  sec  8.13 MBytes  68.2 Mbits/sec  5971  
[ 19]  30.00-31.00  sec  8.13 MBytes  68.2 Mbits/sec  5971  
[ 21]  30.00-31.00  sec  8.13 MBytes  68.2 Mbits/sec  5971  
[ 23]  30.00-31.00  sec  8.13 MBytes  68.2 Mbits/sec  5971  
[ 25]  30.00-31.00  sec  8.13 MBytes  68.2 Mbits/sec  5971  
[ 27]  30.00-31.00  sec  8.13 MBytes  68.2 Mbits/sec  5971  
[ 29]  30.00-31.00  sec  8.13 MBytes  68.2 Mbits/sec  5971  
[ 31]  30.00-31.00  sec  8.13 MBytes  68.2 Mbits/sec  5971  
[ 33]  30.00-31.00  sec  8.13 MBytes  68.2 Mbits/sec  5971  
[ 35]  30.00-31.00  sec  8.13 MBytes  68.2 Mbits/sec  5971  
[ 37]  30.00-31.00  sec  8.13 MBytes  68.2 Mbits/sec  5971  
[ 39]  30.00-31.00  sec  8.13 MBytes  68.2 Mbits/sec  5971  
[ 41]  30.00-31.00  sec  8.13 MBytes  68.2 Mbits/sec  5971  
[ 43]  30.00-31.00  sec  8.13 MBytes  68.2 Mbits/sec  5971  
[SUM]  30.00-31.00  sec   163 MBytes  1364 Mbits/sec  119420  
- - - - - - - - - - - - - - - - - - - - - - - - -
[  5]  31.00-32.00  sec  8.16 MBytes  68.5 Mbits/sec  5995  
[  7]  31.00-32.00  sec  8.16 MBytes  68.5 Mbits/sec  5995  
[  9]  31.00-32.00  sec  8.16 MBytes  68.5 Mbits/sec  5995  
[ 11]  31.00-32.00  sec  8.16 MBytes  68.5 Mbits/sec  5995  
[ 13]  31.00-32.00  sec  8.16 MBytes  68.5 Mbits/sec  5995  
[ 15]  31.00-32.00  sec  8.16 MBytes  68.5 Mbits/sec  5995  
[ 17]  31.00-32.00  sec  8.16 MBytes  68.5 Mbits/sec  5995  
[ 19]  31.00-32.00  sec  8.16 MBytes  68.5 Mbits/sec  5995  
[ 21]  31.00-32.00  sec  8.16 MBytes  68.5 Mbits/sec  5995  
[ 23]  31.00-32.00  sec  8.16 MBytes  68.5 Mbits/sec  5995  
[ 25]  31.00-32.00  sec  8.16 MBytes  68.5 Mbits/sec  5995  
[ 27]  31.00-32.00  sec  8.16 MBytes  68.5 Mbits/sec  5995  
[ 29]  31.00-32.00  sec  8.16 MBytes  68.5 Mbits/sec  5995  
[ 31]  31.00-32.00  sec  8.16 MBytes  68.5 Mbits/sec  5995  
[ 33]  31.00-32.00  sec  8.16 MBytes  68.5 Mbits/sec  5995  
[ 35]  31.00-32.00  sec  8.16 MBytes  68.5 Mbits/sec  5995  
[ 37]  31.00-32.00  sec  8.16 MBytes  68.5 Mbits/sec  5995  
[ 39]  31.00-32.00  sec  8.16 MBytes  68.5 Mbits/sec  5995  
[ 41]  31.00-32.00  sec  8.16 MBytes  68.5 Mbits/sec  5995  
[ 43]  31.00-32.00  sec  8.16 MBytes  68.5 Mbits/sec  5995  
[SUM]  31.00-32.00  sec   163 MBytes  1370 Mbits/sec  119900  
- - - - - - - - - - - - - - - - - - - - - - - - -
[  5]  32.00-33.00  sec  7.96 MBytes  66.8 Mbits/sec  5847  
[  7]  32.00-33.00  sec  7.96 MBytes  66.8 Mbits/sec  5847  
[  9]  32.00-33.00  sec  7.96 MBytes  66.8 Mbits/sec  5847  
[ 11]  32.00-33.00  sec  7.96 MBytes  66.8 Mbits/sec  5847  
[ 13]  32.00-33.00  sec  7.96 MBytes  66.8 Mbits/sec  5847  
[ 15]  32.00-33.00  sec  7.96 MBytes  66.8 Mbits/sec  5847  
[ 17]  32.00-33.00  sec  7.96 MBytes  66.8 Mbits/sec  5847  
[ 19]  32.00-33.00  sec  7.96 MBytes  66.8 Mbits/sec  5847  
[ 21]  32.00-33.00  sec  7.96 MBytes  66.8 Mbits/sec  5847  
[ 23]  32.00-33.00  sec  7.96 MBytes  66.8 Mbits/sec  5847  
[ 25]  32.00-33.00  sec  7.96 MBytes  66.8 Mbits/sec  5847  
[ 27]  32.00-33.00  sec  7.96 MBytes  66.8 Mbits/sec  5847  
[ 29]  32.00-33.00  sec  7.96 MBytes  66.8 Mbits/sec  5847  
[ 31]  32.00-33.00  sec  7.96 MBytes  66.8 Mbits/sec  5847  
[ 33]  32.00-33.00  sec  7.96 MBytes  66.8 Mbits/sec  5847  
[ 35]  32.00-33.00  sec  7.96 MBytes  66.8 Mbits/sec  5847  
[ 37]  32.00-33.00  sec  7.96 MBytes  66.8 Mbits/sec  5847  
[ 39]  32.00-33.00  sec  7.96 MBytes  66.8 Mbits/sec  5847  
[ 41]  32.00-33.00  sec  7.96 MBytes  66.8 Mbits/sec  5847  
[ 43]  32.00-33.00  sec  7.96 MBytes  66.8 Mbits/sec  5847  
[SUM]  32.00-33.00  sec   159 MBytes  1336 Mbits/sec  116940  
- - - - - - - - - - - - - - - - - - - - - - - - -
[  5]  33.00-34.00  sec  8.19 MBytes  68.7 Mbits/sec  6012  
[  7]  33.00-34.00  sec  8.19 MBytes  68.7 Mbits/sec  6012  
[  9]  33.00-34.00  sec  8.19 MBytes  68.7 Mbits/sec  6012  
[ 11]  33.00-34.00  sec  8.19 MBytes  68.7 Mbits/sec  6012  
[ 13]  33.00-34.00  sec  8.19 MBytes  68.7 Mbits/sec  6012  
[ 15]  33.00-34.00  sec  8.19 MBytes  68.7 Mbits/sec  6012  
[ 17]  33.00-34.00  sec  8.19 MBytes  68.7 Mbits/sec  6012  
[ 19]  33.00-34.00  sec  8.19 MBytes  68.7 Mbits/sec  6012  
[ 21]  33.00-34.00  sec  8.19 MBytes  68.7 Mbits/sec  6012  
[ 23]  33.00-34.00  sec  8.19 MBytes  68.7 Mbits/sec  6012  
[ 25]  33.00-34.00  sec  8.19 MBytes  68.7 Mbits/sec  6012  
[ 27]  33.00-34.00  sec  8.19 MBytes  68.7 Mbits/sec  6012  
[ 29]  33.00-34.00  sec  8.19 MBytes  68.7 Mbits/sec  6012  
[ 31]  33.00-34.00  sec  8.19 MBytes  68.7 Mbits/sec  6012  
[ 33]  33.00-34.00  sec  8.19 MBytes  68.7 Mbits/sec  6012  
[ 35]  33.00-34.00  sec  8.19 MBytes  68.7 Mbits/sec  6012  
[ 37]  33.00-34.00  sec  8.19 MBytes  68.7 Mbits/sec  6012  
[ 39]  33.00-34.00  sec  8.19 MBytes  68.7 Mbits/sec  6012  
[ 41]  33.00-34.00  sec  8.19 MBytes  68.7 Mbits/sec  6012  
[ 43]  33.00-34.00  sec  8.19 MBytes  68.7 Mbits/sec  6012  
[SUM]  33.00-34.00  sec   164 MBytes  1374 Mbits/sec  120240  
- - - - - - - - - - - - - - - - - - - - - - - - -
[  5]  34.00-35.00  sec  8.12 MBytes  68.1 Mbits/sec  5960  
[  7]  34.00-35.00  sec  8.12 MBytes  68.1 Mbits/sec  5960  
[  9]  34.00-35.00  sec  8.12 MBytes  68.1 Mbits/sec  5960  
[ 11]  34.00-35.00  sec  8.12 MBytes  68.1 Mbits/sec  5960  
[ 13]  34.00-35.00  sec  8.12 MBytes  68.1 Mbits/sec  5960  
[ 15]  34.00-35.00  sec  8.12 MBytes  68.1 Mbits/sec  5960  
[ 17]  34.00-35.00  sec  8.12 MBytes  68.1 Mbits/sec  5960  
[ 19]  34.00-35.00  sec  8.12 MBytes  68.1 Mbits/sec  5960  
[ 21]  34.00-35.00  sec  8.12 MBytes  68.1 Mbits/sec  5960  
[ 23]  34.00-35.00  sec  8.12 MBytes  68.1 Mbits/sec  5960  
[ 25]  34.00-35.00  sec  8.12 MBytes  68.1 Mbits/sec  5960  
[ 27]  34.00-35.00  sec  8.12 MBytes  68.1 Mbits/sec  5960  
[ 29]  34.00-35.00  sec  8.12 MBytes  68.1 Mbits/sec  5960  
[ 31]  34.00-35.00  sec  8.12 MBytes  68.1 Mbits/sec  5960  
[ 33]  34.00-35.00  sec  8.12 MBytes  68.1 Mbits/sec  5960  
[ 35]  34.00-35.00  sec  8.12 MBytes  68.1 Mbits/sec  5960  
[ 37]  34.00-35.00  sec  8.12 MBytes  68.1 Mbits/sec  5960  
[ 39]  34.00-35.00  sec  8.12 MBytes  68.1 Mbits/sec  5960  
[ 41]  34.00-35.00  sec  8.12 MBytes  68.1 Mbits/sec  5960  
[ 43]  34.00-35.00  sec  8.12 MBytes  68.1 Mbits/sec  5960  
[SUM]  34.00-35.00  sec   162 MBytes  1362 Mbits/sec  119200  
- - - - - - - - - - - - - - - - - - - - - - - - -
[  5]  35.00-36.00  sec  8.14 MBytes  68.3 Mbits/sec  5977  
[  7]  35.00-36.00  sec  8.14 MBytes  68.3 Mbits/sec  5977  
[  9]  35.00-36.00  sec  8.14 MBytes  68.3 Mbits/sec  5977  
[ 11]  35.00-36.00  sec  8.14 MBytes  68.3 Mbits/sec  5977  
[ 13]  35.00-36.00  sec  8.14 MBytes  68.3 Mbits/sec  5977  
[ 15]  35.00-36.00  sec  8.14 MBytes  68.3 Mbits/sec  5977  
[ 17]  35.00-36.00  sec  8.14 MBytes  68.3 Mbits/sec  5977  
[ 19]  35.00-36.00  sec  8.14 MBytes  68.3 Mbits/sec  5977  
[ 21]  35.00-36.00  sec  8.14 MBytes  68.3 Mbits/sec  5977  
[ 23]  35.00-36.00  sec  8.14 MBytes  68.3 Mbits/sec  5977  
[ 25]  35.00-36.00  sec  8.14 MBytes  68.3 Mbits/sec  5977  
[ 27]  35.00-36.00  sec  8.14 MBytes  68.3 Mbits/sec  5977  
[ 29]  35.00-36.00  sec  8.14 MBytes  68.3 Mbits/sec  5977  
[ 31]  35.00-36.00  sec  8.14 MBytes  68.3 Mbits/sec  5977  
[ 33]  35.00-36.00  sec  8.14 MBytes  68.3 Mbits/sec  5977  
[ 35]  35.00-36.00  sec  8.14 MBytes  68.3 Mbits/sec  5977  
[ 37]  35.00-36.00  sec  8.14 MBytes  68.3 Mbits/sec  5977  
[ 39]  35.00-36.00  sec  8.14 MBytes  68.3 Mbits/sec  5977  
[ 41]  35.00-36.00  sec  8.14 MBytes  68.3 Mbits/sec  5977  
[ 43]  35.00-36.00  sec  8.14 MBytes  68.3 Mbits/sec  5977  
[SUM]  35.00-36.00  sec   163 MBytes  1366 Mbits/sec  119540  
- - - - - - - - - - - - - - - - - - - - - - - - -
[  5]  36.00-37.00  sec  7.98 MBytes  66.9 Mbits/sec  5860  
[  7]  36.00-37.00  sec  7.98 MBytes  66.9 Mbits/sec  5860  
[  9]  36.00-37.00  sec  7.98 MBytes  66.9 Mbits/sec  5860  
[ 11]  36.00-37.00  sec  7.98 MBytes  66.9 Mbits/sec  5860  
[ 13]  36.00-37.00  sec  7.98 MBytes  66.9 Mbits/sec  5860  
[ 15]  36.00-37.00  sec  7.98 MBytes  66.9 Mbits/sec  5860  
[ 17]  36.00-37.00  sec  7.98 MBytes  66.9 Mbits/sec  5860  
[ 19]  36.00-37.00  sec  7.98 MBytes  66.9 Mbits/sec  5860  
[ 21]  36.00-37.00  sec  7.98 MBytes  66.9 Mbits/sec  5860  
[ 23]  36.00-37.00  sec  7.98 MBytes  66.9 Mbits/sec  5860  
[ 25]  36.00-37.00  sec  7.98 MBytes  66.9 Mbits/sec  5860  
[ 27]  36.00-37.00  sec  7.98 MBytes  66.9 Mbits/sec  5860  
[ 29]  36.00-37.00  sec  7.98 MBytes  66.9 Mbits/sec  5860  
[ 31]  36.00-37.00  sec  7.98 MBytes  66.9 Mbits/sec  5860  
[ 33]  36.00-37.00  sec  7.98 MBytes  66.9 Mbits/sec  5860  
[ 35]  36.00-37.00  sec  7.98 MBytes  66.9 Mbits/sec  5860  
[ 37]  36.00-37.00  sec  7.98 MBytes  66.9 Mbits/sec  5860  
[ 39]  36.00-37.00  sec  7.98 MBytes  66.9 Mbits/sec  5860  
[ 41]  36.00-37.00  sec  7.98 MBytes  66.9 Mbits/sec  5860  
[ 43]  36.00-37.00  sec  7.98 MBytes  66.9 Mbits/sec  5860  
[SUM]  36.00-37.00  sec   160 MBytes  1339 Mbits/sec  117200  
- - - - - - - - - - - - - - - - - - - - - - - - -
[  5]  37.00-38.00  sec  7.52 MBytes  63.1 Mbits/sec  5520  
[  7]  37.00-38.00  sec  7.52 MBytes  63.1 Mbits/sec  5520  
[  9]  37.00-38.00  sec  7.52 MBytes  63.1 Mbits/sec  5520  
[ 11]  37.00-38.00  sec  7.52 MBytes  63.1 Mbits/sec  5519  
[ 13]  37.00-38.00  sec  7.51 MBytes  63.0 Mbits/sec  5518  
[ 15]  37.00-38.00  sec  7.51 MBytes  63.0 Mbits/sec  5518  
[ 17]  37.00-38.00  sec  7.51 MBytes  63.0 Mbits/sec  5517  
[ 19]  37.00-38.00  sec  7.51 MBytes  63.0 Mbits/sec  5517  
[ 21]  37.00-38.00  sec  7.51 MBytes  63.0 Mbits/sec  5517  
[ 23]  37.00-38.00  sec  7.51 MBytes  63.0 Mbits/sec  5517  
[ 25]  37.00-38.00  sec  7.51 MBytes  63.0 Mbits/sec  5517  
[ 27]  37.00-38.00  sec  7.51 MBytes  63.0 Mbits/sec  5517  
[ 29]  37.00-38.00  sec  7.51 MBytes  63.0 Mbits/sec  5517  
[ 31]  37.00-38.00  sec  7.51 MBytes  63.0 Mbits/sec  5517  
[ 33]  37.00-38.00  sec  7.51 MBytes  63.0 Mbits/sec  5517  
[ 35]  37.00-38.00  sec  7.51 MBytes  63.0 Mbits/sec  5517  
[ 37]  37.00-38.00  sec  7.51 MBytes  63.0 Mbits/sec  5517  
[ 39]  37.00-38.00  sec  7.51 MBytes  63.0 Mbits/sec  5517  
[ 41]  37.00-38.00  sec  7.51 MBytes  63.0 Mbits/sec  5517  
[ 43]  37.00-38.00  sec  7.51 MBytes  63.0 Mbits/sec  5517  
[SUM]  37.00-38.00  sec   150 MBytes  1261 Mbits/sec  110353  
- - - - - - - - - - - - - - - - - - - - - - - - -
[  5]  38.00-39.00  sec  8.10 MBytes  68.0 Mbits/sec  5951  
[  7]  38.00-39.00  sec  8.10 MBytes  68.0 Mbits/sec  5951  
[  9]  38.00-39.00  sec  8.10 MBytes  68.0 Mbits/sec  5951  
[ 11]  38.00-39.00  sec  8.10 MBytes  68.0 Mbits/sec  5951  
[ 13]  38.00-39.00  sec  8.10 MBytes  68.0 Mbits/sec  5951  
[ 15]  38.00-39.00  sec  8.10 MBytes  68.0 Mbits/sec  5951  
[ 17]  38.00-39.00  sec  8.10 MBytes  68.0 Mbits/sec  5951  
[ 19]  38.00-39.00  sec  8.10 MBytes  68.0 Mbits/sec  5951  
[ 21]  38.00-39.00  sec  8.10 MBytes  68.0 Mbits/sec  5951  
[ 23]  38.00-39.00  sec  8.10 MBytes  68.0 Mbits/sec  5951  
[ 25]  38.00-39.00  sec  8.10 MBytes  68.0 Mbits/sec  5951  
[ 27]  38.00-39.00  sec  8.10 MBytes  68.0 Mbits/sec  5951  
[ 29]  38.00-39.00  sec  8.10 MBytes  68.0 Mbits/sec  5951  
[ 31]  38.00-39.00  sec  8.10 MBytes  68.0 Mbits/sec  5951  
[ 33]  38.00-39.00  sec  8.10 MBytes  68.0 Mbits/sec  5951  
[ 35]  38.00-39.00  sec  8.10 MBytes  68.0 Mbits/sec  5951  
[ 37]  38.00-39.00  sec  8.10 MBytes  68.0 Mbits/sec  5951  
[ 39]  38.00-39.00  sec  8.10 MBytes  68.0 Mbits/sec  5951  
[ 41]  38.00-39.00  sec  8.10 MBytes  68.0 Mbits/sec  5951  
[ 43]  38.00-39.00  sec  8.10 MBytes  68.0 Mbits/sec  5951  
[SUM]  38.00-39.00  sec   162 MBytes  1359 Mbits/sec  119020  
- - - - - - - - - - - - - - - - - - - - - - - - -
[  5]  39.00-40.00  sec  7.62 MBytes  63.9 Mbits/sec  5593  
[  7]  39.00-40.00  sec  7.62 MBytes  63.9 Mbits/sec  5593  
[  9]  39.00-40.00  sec  7.62 MBytes  63.9 Mbits/sec  5593  
[ 11]  39.00-40.00  sec  7.62 MBytes  63.9 Mbits/sec  5593  
[ 13]  39.00-40.00  sec  7.62 MBytes  63.9 Mbits/sec  5592  
[ 15]  39.00-40.00  sec  7.62 MBytes  63.9 Mbits/sec  5592  
[ 17]  39.00-40.00  sec  7.62 MBytes  63.9 Mbits/sec  5592  
[ 19]  39.00-40.00  sec  7.61 MBytes  63.9 Mbits/sec  5591  
[ 21]  39.00-40.00  sec  7.61 MBytes  63.9 Mbits/sec  5591  
[ 23]  39.00-40.00  sec  7.61 MBytes  63.9 Mbits/sec  5590  
[ 25]  39.00-40.00  sec  7.61 MBytes  63.9 Mbits/sec  5590  
[ 27]  39.00-40.00  sec  7.61 MBytes  63.9 Mbits/sec  5590  
[ 29]  39.00-40.00  sec  7.61 MBytes  63.9 Mbits/sec  5589  
[ 31]  39.00-40.00  sec  7.61 MBytes  63.9 Mbits/sec  5589  
[ 33]  39.00-40.00  sec  7.61 MBytes  63.9 Mbits/sec  5589  
[ 35]  39.00-40.00  sec  7.61 MBytes  63.9 Mbits/sec  5589  
[ 37]  39.00-40.00  sec  7.61 MBytes  63.9 Mbits/sec  5589  
[ 39]  39.00-40.00  sec  7.61 MBytes  63.9 Mbits/sec  5589  
[ 41]  39.00-40.00  sec  7.61 MBytes  63.9 Mbits/sec  5589  
[ 43]  39.00-40.00  sec  7.61 MBytes  63.9 Mbits/sec  5589  
[SUM]  39.00-40.00  sec   152 MBytes  1277 Mbits/sec  111812  
- - - - - - - - - - - - - - - - - - - - - - - - -
[  5]  40.00-41.00  sec  8.15 MBytes  68.4 Mbits/sec  5983  
[  7]  40.00-41.00  sec  8.15 MBytes  68.4 Mbits/sec  5983  
[  9]  40.00-41.00  sec  8.15 MBytes  68.4 Mbits/sec  5983  
[ 11]  40.00-41.00  sec  8.15 MBytes  68.4 Mbits/sec  5983  
[ 13]  40.00-41.00  sec  8.15 MBytes  68.4 Mbits/sec  5983  
[ 15]  40.00-41.00  sec  8.15 MBytes  68.4 Mbits/sec  5983  
[ 17]  40.00-41.00  sec  8.15 MBytes  68.4 Mbits/sec  5983  
[ 19]  40.00-41.00  sec  8.15 MBytes  68.4 Mbits/sec  5983  
[ 21]  40.00-41.00  sec  8.15 MBytes  68.4 Mbits/sec  5983  
[ 23]  40.00-41.00  sec  8.15 MBytes  68.4 Mbits/sec  5983  
[ 25]  40.00-41.00  sec  8.15 MBytes  68.4 Mbits/sec  5983  
[ 27]  40.00-41.00  sec  8.15 MBytes  68.4 Mbits/sec  5983  
[ 29]  40.00-41.00  sec  8.15 MBytes  68.4 Mbits/sec  5983  
[ 31]  40.00-41.00  sec  8.15 MBytes  68.4 Mbits/sec  5983  
[ 33]  40.00-41.00  sec  8.15 MBytes  68.4 Mbits/sec  5983  
[ 35]  40.00-41.00  sec  8.15 MBytes  68.4 Mbits/sec  5983  
[ 37]  40.00-41.00  sec  8.15 MBytes  68.4 Mbits/sec  5983  
[ 39]  40.00-41.00  sec  8.15 MBytes  68.4 Mbits/sec  5983  
[ 41]  40.00-41.00  sec  8.15 MBytes  68.4 Mbits/sec  5983  
[ 43]  40.00-41.00  sec  8.15 MBytes  68.4 Mbits/sec  5983  
[SUM]  40.00-41.00  sec   163 MBytes  1367 Mbits/sec  119660  
- - - - - - - - - - - - - - - - - - - - - - - - -
[  5]  41.00-42.00  sec  8.19 MBytes  68.7 Mbits/sec  6013  
[  7]  41.00-42.00  sec  8.19 MBytes  68.7 Mbits/sec  6013  
[  9]  41.00-42.00  sec  8.19 MBytes  68.7 Mbits/sec  6013  
[ 11]  41.00-42.00  sec  8.19 MBytes  68.7 Mbits/sec  6013  
[ 13]  41.00-42.00  sec  8.19 MBytes  68.7 Mbits/sec  6013  
[ 15]  41.00-42.00  sec  8.19 MBytes  68.7 Mbits/sec  6013  
[ 17]  41.00-42.00  sec  8.19 MBytes  68.7 Mbits/sec  6013  
[ 19]  41.00-42.00  sec  8.19 MBytes  68.7 Mbits/sec  6013  
[ 21]  41.00-42.00  sec  8.19 MBytes  68.7 Mbits/sec  6013  
[ 23]  41.00-42.00  sec  8.19 MBytes  68.7 Mbits/sec  6013  
[ 25]  41.00-42.00  sec  8.19 MBytes  68.7 Mbits/sec  6013  
[ 27]  41.00-42.00  sec  8.19 MBytes  68.7 Mbits/sec  6013  
[ 29]  41.00-42.00  sec  8.19 MBytes  68.7 Mbits/sec  6013  
[ 31]  41.00-42.00  sec  8.19 MBytes  68.7 Mbits/sec  6013  
[ 33]  41.00-42.00  sec  8.19 MBytes  68.7 Mbits/sec  6013  
[ 35]  41.00-42.00  sec  8.19 MBytes  68.7 Mbits/sec  6013  
[ 37]  41.00-42.00  sec  8.19 MBytes  68.7 Mbits/sec  6013  
[ 39]  41.00-42.00  sec  8.19 MBytes  68.7 Mbits/sec  6013  
[ 41]  41.00-42.00  sec  8.19 MBytes  68.7 Mbits/sec  6013  
[ 43]  41.00-42.00  sec  8.19 MBytes  68.7 Mbits/sec  6013  
[SUM]  41.00-42.00  sec   164 MBytes  1374 Mbits/sec  120260  
- - - - - - - - - - - - - - - - - - - - - - - - -
[  5]  42.00-43.00  sec  7.94 MBytes  66.6 Mbits/sec  5833  
[  7]  42.00-43.00  sec  7.94 MBytes  66.6 Mbits/sec  5833  
[  9]  42.00-43.00  sec  7.94 MBytes  66.6 Mbits/sec  5833  
[ 11]  42.00-43.00  sec  7.94 MBytes  66.6 Mbits/sec  5833  
[ 13]  42.00-43.00  sec  7.94 MBytes  66.6 Mbits/sec  5833  
[ 15]  42.00-43.00  sec  7.94 MBytes  66.6 Mbits/sec  5833  
[ 17]  42.00-43.00  sec  7.94 MBytes  66.6 Mbits/sec  5833  
[ 19]  42.00-43.00  sec  7.94 MBytes  66.6 Mbits/sec  5833  
[ 21]  42.00-43.00  sec  7.94 MBytes  66.6 Mbits/sec  5833  
[ 23]  42.00-43.00  sec  7.94 MBytes  66.6 Mbits/sec  5833  
[ 25]  42.00-43.00  sec  7.94 MBytes  66.6 Mbits/sec  5833  
[ 27]  42.00-43.00  sec  7.94 MBytes  66.6 Mbits/sec  5833  
[ 29]  42.00-43.00  sec  7.94 MBytes  66.6 Mbits/sec  5833  
[ 31]  42.00-43.00  sec  7.94 MBytes  66.6 Mbits/sec  5833  
[ 33]  42.00-43.00  sec  7.94 MBytes  66.6 Mbits/sec  5833  
[ 35]  42.00-43.00  sec  7.94 MBytes  66.6 Mbits/sec  5833  
[ 37]  42.00-43.00  sec  7.94 MBytes  66.6 Mbits/sec  5833  
[ 39]  42.00-43.00  sec  7.94 MBytes  66.6 Mbits/sec  5833  
[ 41]  42.00-43.00  sec  7.94 MBytes  66.6 Mbits/sec  5833  
[ 43]  42.00-43.00  sec  7.94 MBytes  66.6 Mbits/sec  5833  
[SUM]  42.00-43.00  sec   159 MBytes  1333 Mbits/sec  116660  
- - - - - - - - - - - - - - - - - - - - - - - - -
[  5]  43.00-44.00  sec  8.22 MBytes  69.0 Mbits/sec  6036  
[  7]  43.00-44.00  sec  8.22 MBytes  69.0 Mbits/sec  6036  
[  9]  43.00-44.00  sec  8.22 MBytes  69.0 Mbits/sec  6036  
[ 11]  43.00-44.00  sec  8.22 MBytes  69.0 Mbits/sec  6036  
[ 13]  43.00-44.00  sec  8.22 MBytes  69.0 Mbits/sec  6036  
[ 15]  43.00-44.00  sec  8.22 MBytes  69.0 Mbits/sec  6036  
[ 17]  43.00-44.00  sec  8.22 MBytes  69.0 Mbits/sec  6036  
[ 19]  43.00-44.00  sec  8.22 MBytes  69.0 Mbits/sec  6036  
[ 21]  43.00-44.00  sec  8.22 MBytes  69.0 Mbits/sec  6036  
[ 23]  43.00-44.00  sec  8.22 MBytes  69.0 Mbits/sec  6036  
[ 25]  43.00-44.00  sec  8.22 MBytes  69.0 Mbits/sec  6036  
[ 27]  43.00-44.00  sec  8.22 MBytes  69.0 Mbits/sec  6036  
[ 29]  43.00-44.00  sec  8.22 MBytes  69.0 Mbits/sec  6036  
[ 31]  43.00-44.00  sec  8.22 MBytes  69.0 Mbits/sec  6036  
[ 33]  43.00-44.00  sec  8.22 MBytes  69.0 Mbits/sec  6036  
[ 35]  43.00-44.00  sec  8.22 MBytes  69.0 Mbits/sec  6036  
[ 37]  43.00-44.00  sec  8.22 MBytes  69.0 Mbits/sec  6036  
[ 39]  43.00-44.00  sec  8.22 MBytes  69.0 Mbits/sec  6036  
[ 41]  43.00-44.00  sec  8.22 MBytes  69.0 Mbits/sec  6036  
[ 43]  43.00-44.00  sec  8.22 MBytes  69.0 Mbits/sec  6036  
[SUM]  43.00-44.00  sec   164 MBytes  1379 Mbits/sec  120720  
- - - - - - - - - - - - - - - - - - - - - - - - -
[  5]  44.00-45.00  sec  7.57 MBytes  63.5 Mbits/sec  5557  
[  7]  44.00-45.00  sec  7.57 MBytes  63.5 Mbits/sec  5557  
[  9]  44.00-45.00  sec  7.57 MBytes  63.5 Mbits/sec  5557  
[ 11]  44.00-45.00  sec  7.57 MBytes  63.5 Mbits/sec  5557  
[ 13]  44.00-45.00  sec  7.57 MBytes  63.5 Mbits/sec  5557  
[ 15]  44.00-45.00  sec  7.57 MBytes  63.5 Mbits/sec  5557  
[ 17]  44.00-45.00  sec  7.57 MBytes  63.5 Mbits/sec  5557  
[ 19]  44.00-45.00  sec  7.57 MBytes  63.5 Mbits/sec  5557  
[ 21]  44.00-45.00  sec  7.57 MBytes  63.5 Mbits/sec  5557  
[ 23]  44.00-45.00  sec  7.57 MBytes  63.5 Mbits/sec  5557  
[ 25]  44.00-45.00  sec  7.57 MBytes  63.5 Mbits/sec  5557  
[ 27]  44.00-45.00  sec  7.57 MBytes  63.5 Mbits/sec  5557  
[ 29]  44.00-45.00  sec  7.57 MBytes  63.5 Mbits/sec  5557  
[ 31]  44.00-45.00  sec  7.57 MBytes  63.5 Mbits/sec  5557  
[ 33]  44.00-45.00  sec  7.57 MBytes  63.5 Mbits/sec  5557  
[ 35]  44.00-45.00  sec  7.57 MBytes  63.5 Mbits/sec  5557  
[ 37]  44.00-45.00  sec  7.57 MBytes  63.5 Mbits/sec  5557  
[ 39]  44.00-45.00  sec  7.57 MBytes  63.5 Mbits/sec  5557  
[ 41]  44.00-45.00  sec  7.57 MBytes  63.5 Mbits/sec  5557  
[ 43]  44.00-45.00  sec  7.57 MBytes  63.5 Mbits/sec  5557  
[SUM]  44.00-45.00  sec   151 MBytes  1270 Mbits/sec  111140  
- - - - - - - - - - - - - - - - - - - - - - - - -
[  5]  45.00-46.00  sec  8.11 MBytes  68.0 Mbits/sec  5952  
[  7]  45.00-46.00  sec  8.11 MBytes  68.0 Mbits/sec  5952  
[  9]  45.00-46.00  sec  8.11 MBytes  68.0 Mbits/sec  5952  
[ 11]  45.00-46.00  sec  8.11 MBytes  68.0 Mbits/sec  5952  
[ 13]  45.00-46.00  sec  8.11 MBytes  68.0 Mbits/sec  5952  
[ 15]  45.00-46.00  sec  8.11 MBytes  68.0 Mbits/sec  5952  
[ 17]  45.00-46.00  sec  8.11 MBytes  68.0 Mbits/sec  5952  
[ 19]  45.00-46.00  sec  8.11 MBytes  68.0 Mbits/sec  5952  
[ 21]  45.00-46.00  sec  8.11 MBytes  68.0 Mbits/sec  5952  
[ 23]  45.00-46.00  sec  8.11 MBytes  68.0 Mbits/sec  5952  
[ 25]  45.00-46.00  sec  8.11 MBytes  68.0 Mbits/sec  5952  
[ 27]  45.00-46.00  sec  8.11 MBytes  68.0 Mbits/sec  5952  
[ 29]  45.00-46.00  sec  8.11 MBytes  68.0 Mbits/sec  5952  
[ 31]  45.00-46.00  sec  8.11 MBytes  68.0 Mbits/sec  5952  
[ 33]  45.00-46.00  sec  8.11 MBytes  68.0 Mbits/sec  5952  
[ 35]  45.00-46.00  sec  8.11 MBytes  68.0 Mbits/sec  5952  
[ 37]  45.00-46.00  sec  8.11 MBytes  68.0 Mbits/sec  5952  
[ 39]  45.00-46.00  sec  8.11 MBytes  68.0 Mbits/sec  5952  
[ 41]  45.00-46.00  sec  8.11 MBytes  68.0 Mbits/sec  5952  
[ 43]  45.00-46.00  sec  8.11 MBytes  68.0 Mbits/sec  5952  
[SUM]  45.00-46.00  sec   162 MBytes  1360 Mbits/sec  119040  
- - - - - - - - - - - - - - - - - - - - - - - - -
[  5]  46.00-47.00  sec  8.00 MBytes  67.1 Mbits/sec  5874  
[  7]  46.00-47.00  sec  8.00 MBytes  67.1 Mbits/sec  5874  
[  9]  46.00-47.00  sec  8.00 MBytes  67.1 Mbits/sec  5874  
[ 11]  46.00-47.00  sec  8.00 MBytes  67.1 Mbits/sec  5874  
[ 13]  46.00-47.00  sec  8.00 MBytes  67.1 Mbits/sec  5874  
[ 15]  46.00-47.00  sec  8.00 MBytes  67.1 Mbits/sec  5874  
[ 17]  46.00-47.00  sec  8.00 MBytes  67.1 Mbits/sec  5874  
[ 19]  46.00-47.00  sec  8.00 MBytes  67.1 Mbits/sec  5874  
[ 21]  46.00-47.00  sec  8.00 MBytes  67.1 Mbits/sec  5874  
[ 23]  46.00-47.00  sec  8.00 MBytes  67.1 Mbits/sec  5874  
[ 25]  46.00-47.00  sec  8.00 MBytes  67.1 Mbits/sec  5874  
[ 27]  46.00-47.00  sec  8.00 MBytes  67.1 Mbits/sec  5874  
[ 29]  46.00-47.00  sec  8.00 MBytes  67.1 Mbits/sec  5874  
[ 31]  46.00-47.00  sec  8.00 MBytes  67.1 Mbits/sec  5874  
[ 33]  46.00-47.00  sec  8.00 MBytes  67.1 Mbits/sec  5874  
[ 35]  46.00-47.00  sec  8.00 MBytes  67.1 Mbits/sec  5874  
[ 37]  46.00-47.00  sec  8.00 MBytes  67.1 Mbits/sec  5874  
[ 39]  46.00-47.00  sec  8.00 MBytes  67.1 Mbits/sec  5874  
[ 41]  46.00-47.00  sec  8.00 MBytes  67.1 Mbits/sec  5874  
[ 43]  46.00-47.00  sec  8.00 MBytes  67.1 Mbits/sec  5874  
[SUM]  46.00-47.00  sec   160 MBytes  1342 Mbits/sec  117480  
- - - - - - - - - - - - - - - - - - - - - - - - -
[  5]  47.00-48.00  sec  7.39 MBytes  62.0 Mbits/sec  5425  
[  7]  47.00-48.00  sec  7.39 MBytes  62.0 Mbits/sec  5425  
[  9]  47.00-48.00  sec  7.39 MBytes  62.0 Mbits/sec  5425  
[ 11]  47.00-48.00  sec  7.39 MBytes  62.0 Mbits/sec  5425  
[ 13]  47.00-48.00  sec  7.39 MBytes  62.0 Mbits/sec  5425  
[ 15]  47.00-48.00  sec  7.39 MBytes  62.0 Mbits/sec  5425  
[ 17]  47.00-48.00  sec  7.39 MBytes  62.0 Mbits/sec  5425  
[ 19]  47.00-48.00  sec  7.39 MBytes  62.0 Mbits/sec  5425  
[ 21]  47.00-48.00  sec  7.39 MBytes  62.0 Mbits/sec  5425  
[ 23]  47.00-48.00  sec  7.39 MBytes  62.0 Mbits/sec  5425  
[ 25]  47.00-48.00  sec  7.39 MBytes  62.0 Mbits/sec  5425  
[ 27]  47.00-48.00  sec  7.39 MBytes  62.0 Mbits/sec  5425  
[ 29]  47.00-48.00  sec  7.39 MBytes  62.0 Mbits/sec  5425  
[ 31]  47.00-48.00  sec  7.39 MBytes  62.0 Mbits/sec  5425  
[ 33]  47.00-48.00  sec  7.39 MBytes  62.0 Mbits/sec  5425  
[ 35]  47.00-48.00  sec  7.39 MBytes  62.0 Mbits/sec  5425  
[ 37]  47.00-48.00  sec  7.39 MBytes  62.0 Mbits/sec  5425  
[ 39]  47.00-48.00  sec  7.39 MBytes  62.0 Mbits/sec  5425  
[ 41]  47.00-48.00  sec  7.39 MBytes  62.0 Mbits/sec  5425  
[ 43]  47.00-48.00  sec  7.39 MBytes  62.0 Mbits/sec  5425  
[SUM]  47.00-48.00  sec   148 MBytes  1239 Mbits/sec  108500  
- - - - - - - - - - - - - - - - - - - - - - - - -
[  5]  48.00-49.00  sec  8.16 MBytes  68.4 Mbits/sec  5990  
[  7]  48.00-49.00  sec  8.16 MBytes  68.4 Mbits/sec  5990  
[  9]  48.00-49.00  sec  8.16 MBytes  68.4 Mbits/sec  5990  
[ 11]  48.00-49.00  sec  8.16 MBytes  68.4 Mbits/sec  5990  
[ 13]  48.00-49.00  sec  8.16 MBytes  68.4 Mbits/sec  5990  
[ 15]  48.00-49.00  sec  8.16 MBytes  68.4 Mbits/sec  5990  
[ 17]  48.00-49.00  sec  8.16 MBytes  68.4 Mbits/sec  5990  
[ 19]  48.00-49.00  sec  8.16 MBytes  68.4 Mbits/sec  5990  
[ 21]  48.00-49.00  sec  8.16 MBytes  68.4 Mbits/sec  5990  
[ 23]  48.00-49.00  sec  8.16 MBytes  68.4 Mbits/sec  5990  
[ 25]  48.00-49.00  sec  8.16 MBytes  68.4 Mbits/sec  5990  
[ 27]  48.00-49.00  sec  8.16 MBytes  68.4 Mbits/sec  5990  
[ 29]  48.00-49.00  sec  8.16 MBytes  68.4 Mbits/sec  5990  
[ 31]  48.00-49.00  sec  8.16 MBytes  68.4 Mbits/sec  5990  
[ 33]  48.00-49.00  sec  8.16 MBytes  68.4 Mbits/sec  5990  
[ 35]  48.00-49.00  sec  8.16 MBytes  68.4 Mbits/sec  5990  
[ 37]  48.00-49.00  sec  8.16 MBytes  68.4 Mbits/sec  5990  
[ 39]  48.00-49.00  sec  8.16 MBytes  68.4 Mbits/sec  5990  
[ 41]  48.00-49.00  sec  8.16 MBytes  68.4 Mbits/sec  5990  
[ 43]  48.00-49.00  sec  8.16 MBytes  68.4 Mbits/sec  5990  
[SUM]  48.00-49.00  sec   163 MBytes  1369 Mbits/sec  119800  
- - - - - - - - - - - - - - - - - - - - - - - - -
[  5]  49.00-50.00  sec  7.61 MBytes  63.8 Mbits/sec  5585  
[  7]  49.00-50.00  sec  7.61 MBytes  63.8 Mbits/sec  5585  
[  9]  49.00-50.00  sec  7.61 MBytes  63.8 Mbits/sec  5585  
[ 11]  49.00-50.00  sec  7.61 MBytes  63.8 Mbits/sec  5585  
[ 13]  49.00-50.00  sec  7.61 MBytes  63.8 Mbits/sec  5585  
[ 15]  49.00-50.00  sec  7.61 MBytes  63.8 Mbits/sec  5585  
[ 17]  49.00-50.00  sec  7.61 MBytes  63.8 Mbits/sec  5585  
[ 19]  49.00-50.00  sec  7.61 MBytes  63.8 Mbits/sec  5585  
[ 21]  49.00-50.00  sec  7.61 MBytes  63.8 Mbits/sec  5585  
[ 23]  49.00-50.00  sec  7.61 MBytes  63.8 Mbits/sec  5585  
[ 25]  49.00-50.00  sec  7.61 MBytes  63.8 Mbits/sec  5585  
[ 27]  49.00-50.00  sec  7.61 MBytes  63.8 Mbits/sec  5585  
[ 29]  49.00-50.00  sec  7.61 MBytes  63.8 Mbits/sec  5585  
[ 31]  49.00-50.00  sec  7.61 MBytes  63.8 Mbits/sec  5585  
[ 33]  49.00-50.00  sec  7.61 MBytes  63.8 Mbits/sec  5585  
[ 35]  49.00-50.00  sec  7.61 MBytes  63.8 Mbits/sec  5585  
[ 37]  49.00-50.00  sec  7.61 MBytes  63.8 Mbits/sec  5585  
[ 39]  49.00-50.00  sec  7.61 MBytes  63.8 Mbits/sec  5585  
[ 41]  49.00-50.00  sec  7.61 MBytes  63.8 Mbits/sec  5585  
[ 43]  49.00-50.00  sec  7.61 MBytes  63.8 Mbits/sec  5585  
[SUM]  49.00-50.00  sec   152 MBytes  1276 Mbits/sec  111700  
- - - - - - - - - - - - - - - - - - - - - - - - -
[  5]  50.00-51.00  sec  8.05 MBytes  67.5 Mbits/sec  5912  
[  7]  50.00-51.00  sec  8.05 MBytes  67.5 Mbits/sec  5912  
[  9]  50.00-51.00  sec  8.05 MBytes  67.5 Mbits/sec  5912  
[ 11]  50.00-51.00  sec  8.05 MBytes  67.5 Mbits/sec  5912  
[ 13]  50.00-51.00  sec  8.05 MBytes  67.5 Mbits/sec  5912  
[ 15]  50.00-51.00  sec  8.05 MBytes  67.5 Mbits/sec  5912  
[ 17]  50.00-51.00  sec  8.05 MBytes  67.5 Mbits/sec  5912  
[ 19]  50.00-51.00  sec  8.05 MBytes  67.5 Mbits/sec  5912  
[ 21]  50.00-51.00  sec  8.05 MBytes  67.5 Mbits/sec  5912  
[ 23]  50.00-51.00  sec  8.05 MBytes  67.5 Mbits/sec  5912  
[ 25]  50.00-51.00  sec  8.05 MBytes  67.5 Mbits/sec  5912  
[ 27]  50.00-51.00  sec  8.05 MBytes  67.5 Mbits/sec  5912  
[ 29]  50.00-51.00  sec  8.05 MBytes  67.5 Mbits/sec  5912  
[ 31]  50.00-51.00  sec  8.05 MBytes  67.5 Mbits/sec  5912  
[ 33]  50.00-51.00  sec  8.05 MBytes  67.5 Mbits/sec  5912  
[ 35]  50.00-51.00  sec  8.05 MBytes  67.5 Mbits/sec  5912  
[ 37]  50.00-51.00  sec  8.05 MBytes  67.5 Mbits/sec  5912  
[ 39]  50.00-51.00  sec  8.05 MBytes  67.5 Mbits/sec  5912  
[ 41]  50.00-51.00  sec  8.05 MBytes  67.5 Mbits/sec  5912  
[ 43]  50.00-51.00  sec  8.05 MBytes  67.5 Mbits/sec  5912  
[SUM]  50.00-51.00  sec   161 MBytes  1351 Mbits/sec  118240  
- - - - - - - - - - - - - - - - - - - - - - - - -
[  5]  51.00-52.00  sec  8.12 MBytes  68.1 Mbits/sec  5963  
[  7]  51.00-52.00  sec  8.12 MBytes  68.1 Mbits/sec  5963  
[  9]  51.00-52.00  sec  8.12 MBytes  68.1 Mbits/sec  5963  
[ 11]  51.00-52.00  sec  8.12 MBytes  68.1 Mbits/sec  5963  
[ 13]  51.00-52.00  sec  8.12 MBytes  68.1 Mbits/sec  5963  
[ 15]  51.00-52.00  sec  8.12 MBytes  68.1 Mbits/sec  5963  
[ 17]  51.00-52.00  sec  8.12 MBytes  68.1 Mbits/sec  5963  
[ 19]  51.00-52.00  sec  8.12 MBytes  68.1 Mbits/sec  5963  
[ 21]  51.00-52.00  sec  8.12 MBytes  68.1 Mbits/sec  5963  
[ 23]  51.00-52.00  sec  8.12 MBytes  68.1 Mbits/sec  5963  
[ 25]  51.00-52.00  sec  8.12 MBytes  68.1 Mbits/sec  5963  
[ 27]  51.00-52.00  sec  8.12 MBytes  68.1 Mbits/sec  5963  
[ 29]  51.00-52.00  sec  8.12 MBytes  68.1 Mbits/sec  5963  
[ 31]  51.00-52.00  sec  8.12 MBytes  68.1 Mbits/sec  5963  
[ 33]  51.00-52.00  sec  8.12 MBytes  68.1 Mbits/sec  5963  
[ 35]  51.00-52.00  sec  8.12 MBytes  68.1 Mbits/sec  5963  
[ 37]  51.00-52.00  sec  8.12 MBytes  68.1 Mbits/sec  5963  
[ 39]  51.00-52.00  sec  8.12 MBytes  68.1 Mbits/sec  5963  
[ 41]  51.00-52.00  sec  8.12 MBytes  68.1 Mbits/sec  5963  
[ 43]  51.00-52.00  sec  8.12 MBytes  68.1 Mbits/sec  5963  
[SUM]  51.00-52.00  sec   162 MBytes  1362 Mbits/sec  119260  
- - - - - - - - - - - - - - - - - - - - - - - - -
[  5]  52.00-53.00  sec  7.90 MBytes  66.3 Mbits/sec  5804  
[  7]  52.00-53.00  sec  7.90 MBytes  66.3 Mbits/sec  5804  
[  9]  52.00-53.00  sec  7.90 MBytes  66.3 Mbits/sec  5804  
[ 11]  52.00-53.00  sec  7.90 MBytes  66.3 Mbits/sec  5804  
[ 13]  52.00-53.00  sec  7.90 MBytes  66.3 Mbits/sec  5804  
[ 15]  52.00-53.00  sec  7.90 MBytes  66.3 Mbits/sec  5804  
[ 17]  52.00-53.00  sec  7.90 MBytes  66.3 Mbits/sec  5804  
[ 19]  52.00-53.00  sec  7.90 MBytes  66.3 Mbits/sec  5804  
[ 21]  52.00-53.00  sec  7.90 MBytes  66.3 Mbits/sec  5804  
[ 23]  52.00-53.00  sec  7.90 MBytes  66.3 Mbits/sec  5804  
[ 25]  52.00-53.00  sec  7.90 MBytes  66.3 Mbits/sec  5804  
[ 27]  52.00-53.00  sec  7.90 MBytes  66.3 Mbits/sec  5804  
[ 29]  52.00-53.00  sec  7.90 MBytes  66.3 Mbits/sec  5804  
[ 31]  52.00-53.00  sec  7.90 MBytes  66.3 Mbits/sec  5804  
[ 33]  52.00-53.00  sec  7.90 MBytes  66.3 Mbits/sec  5804  
[ 35]  52.00-53.00  sec  7.90 MBytes  66.3 Mbits/sec  5804  
[ 37]  52.00-53.00  sec  7.90 MBytes  66.3 Mbits/sec  5804  
[ 39]  52.00-53.00  sec  7.90 MBytes  66.3 Mbits/sec  5804  
[ 41]  52.00-53.00  sec  7.90 MBytes  66.3 Mbits/sec  5804  
[ 43]  52.00-53.00  sec  7.90 MBytes  66.3 Mbits/sec  5804  
[SUM]  52.00-53.00  sec   158 MBytes  1326 Mbits/sec  116080  
- - - - - - - - - - - - - - - - - - - - - - - - -
[  5]  53.00-54.00  sec  8.11 MBytes  68.0 Mbits/sec  5957  
[  7]  53.00-54.00  sec  8.11 MBytes  68.0 Mbits/sec  5957  
[  9]  53.00-54.00  sec  8.11 MBytes  68.0 Mbits/sec  5957  
[ 11]  53.00-54.00  sec  8.11 MBytes  68.0 Mbits/sec  5957  
[ 13]  53.00-54.00  sec  8.11 MBytes  68.0 Mbits/sec  5957  
[ 15]  53.00-54.00  sec  8.11 MBytes  68.0 Mbits/sec  5957  
[ 17]  53.00-54.00  sec  8.11 MBytes  68.0 Mbits/sec  5957  
[ 19]  53.00-54.00  sec  8.11 MBytes  68.0 Mbits/sec  5957  
[ 21]  53.00-54.00  sec  8.11 MBytes  68.0 Mbits/sec  5957  
[ 23]  53.00-54.00  sec  8.11 MBytes  68.0 Mbits/sec  5957  
[ 25]  53.00-54.00  sec  8.11 MBytes  68.0 Mbits/sec  5957  
[ 27]  53.00-54.00  sec  8.11 MBytes  68.0 Mbits/sec  5957  
[ 29]  53.00-54.00  sec  8.11 MBytes  68.0 Mbits/sec  5957  
[ 31]  53.00-54.00  sec  8.11 MBytes  68.0 Mbits/sec  5957  
[ 33]  53.00-54.00  sec  8.11 MBytes  68.0 Mbits/sec  5957  
[ 35]  53.00-54.00  sec  8.11 MBytes  68.0 Mbits/sec  5957  
[ 37]  53.00-54.00  sec  8.11 MBytes  68.0 Mbits/sec  5957  
[ 39]  53.00-54.00  sec  8.11 MBytes  68.0 Mbits/sec  5957  
[ 41]  53.00-54.00  sec  8.11 MBytes  68.0 Mbits/sec  5957  
[ 43]  53.00-54.00  sec  8.11 MBytes  68.0 Mbits/sec  5957  
[SUM]  53.00-54.00  sec   162 MBytes  1361 Mbits/sec  119140  
- - - - - - - - - - - - - - - - - - - - - - - - -
[  5]  54.00-55.00  sec  8.05 MBytes  67.5 Mbits/sec  5912  
[  7]  54.00-55.00  sec  8.05 MBytes  67.5 Mbits/sec  5912  
[  9]  54.00-55.00  sec  8.05 MBytes  67.5 Mbits/sec  5912  
[ 11]  54.00-55.00  sec  8.05 MBytes  67.5 Mbits/sec  5912  
[ 13]  54.00-55.00  sec  8.05 MBytes  67.5 Mbits/sec  5912  
[ 15]  54.00-55.00  sec  8.05 MBytes  67.5 Mbits/sec  5912  
[ 17]  54.00-55.00  sec  8.05 MBytes  67.5 Mbits/sec  5912  
[ 19]  54.00-55.00  sec  8.05 MBytes  67.5 Mbits/sec  5912  
[ 21]  54.00-55.00  sec  8.05 MBytes  67.5 Mbits/sec  5912  
[ 23]  54.00-55.00  sec  8.05 MBytes  67.5 Mbits/sec  5912  
[ 25]  54.00-55.00  sec  8.05 MBytes  67.5 Mbits/sec  5912  
[ 27]  54.00-55.00  sec  8.05 MBytes  67.5 Mbits/sec  5912  
[ 29]  54.00-55.00  sec  8.05 MBytes  67.5 Mbits/sec  5912  
[ 31]  54.00-55.00  sec  8.05 MBytes  67.5 Mbits/sec  5912  
[ 33]  54.00-55.00  sec  8.05 MBytes  67.5 Mbits/sec  5912  
[ 35]  54.00-55.00  sec  8.05 MBytes  67.5 Mbits/sec  5912  
[ 37]  54.00-55.00  sec  8.05 MBytes  67.5 Mbits/sec  5912  
[ 39]  54.00-55.00  sec  8.05 MBytes  67.5 Mbits/sec  5912  
[ 41]  54.00-55.00  sec  8.05 MBytes  67.5 Mbits/sec  5912  
[ 43]  54.00-55.00  sec  8.05 MBytes  67.5 Mbits/sec  5912  
[SUM]  54.00-55.00  sec   161 MBytes  1351 Mbits/sec  118240  
- - - - - - - - - - - - - - - - - - - - - - - - -
[  5]  55.00-56.00  sec  8.12 MBytes  68.1 Mbits/sec  5960  
[  7]  55.00-56.00  sec  8.12 MBytes  68.1 Mbits/sec  5960  
[  9]  55.00-56.00  sec  8.12 MBytes  68.1 Mbits/sec  5960  
[ 11]  55.00-56.00  sec  8.12 MBytes  68.1 Mbits/sec  5960  
[ 13]  55.00-56.00  sec  8.12 MBytes  68.1 Mbits/sec  5960  
[ 15]  55.00-56.00  sec  8.12 MBytes  68.1 Mbits/sec  5960  
[ 17]  55.00-56.00  sec  8.12 MBytes  68.1 Mbits/sec  5960  
[ 19]  55.00-56.00  sec  8.12 MBytes  68.1 Mbits/sec  5960  
[ 21]  55.00-56.00  sec  8.12 MBytes  68.1 Mbits/sec  5960  
[ 23]  55.00-56.00  sec  8.12 MBytes  68.1 Mbits/sec  5960  
[ 25]  55.00-56.00  sec  8.12 MBytes  68.1 Mbits/sec  5960  
[ 27]  55.00-56.00  sec  8.12 MBytes  68.1 Mbits/sec  5960  
[ 29]  55.00-56.00  sec  8.12 MBytes  68.1 Mbits/sec  5960  
[ 31]  55.00-56.00  sec  8.12 MBytes  68.1 Mbits/sec  5960  
[ 33]  55.00-56.00  sec  8.12 MBytes  68.1 Mbits/sec  5960  
[ 35]  55.00-56.00  sec  8.12 MBytes  68.1 Mbits/sec  5960  
[ 37]  55.00-56.00  sec  8.12 MBytes  68.1 Mbits/sec  5960  
[ 39]  55.00-56.00  sec  8.12 MBytes  68.1 Mbits/sec  5960  
[ 41]  55.00-56.00  sec  8.12 MBytes  68.1 Mbits/sec  5960  
[ 43]  55.00-56.00  sec  8.12 MBytes  68.1 Mbits/sec  5960  
[SUM]  55.00-56.00  sec   162 MBytes  1362 Mbits/sec  119200  
- - - - - - - - - - - - - - - - - - - - - - - - -
[  5]  56.00-57.00  sec  8.13 MBytes  68.2 Mbits/sec  5971  
[  7]  56.00-57.00  sec  8.13 MBytes  68.2 Mbits/sec  5971  
[  9]  56.00-57.00  sec  8.13 MBytes  68.2 Mbits/sec  5971  
[ 11]  56.00-57.00  sec  8.13 MBytes  68.2 Mbits/sec  5971  
[ 13]  56.00-57.00  sec  8.13 MBytes  68.2 Mbits/sec  5971  
[ 15]  56.00-57.00  sec  8.13 MBytes  68.2 Mbits/sec  5971  
[ 17]  56.00-57.00  sec  8.13 MBytes  68.2 Mbits/sec  5971  
[ 19]  56.00-57.00  sec  8.13 MBytes  68.2 Mbits/sec  5971  
[ 21]  56.00-57.00  sec  8.13 MBytes  68.2 Mbits/sec  5971  
[ 23]  56.00-57.00  sec  8.13 MBytes  68.2 Mbits/sec  5971  
[ 25]  56.00-57.00  sec  8.13 MBytes  68.2 Mbits/sec  5971  
[ 27]  56.00-57.00  sec  8.13 MBytes  68.2 Mbits/sec  5971  
[ 29]  56.00-57.00  sec  8.13 MBytes  68.2 Mbits/sec  5971  
[ 31]  56.00-57.00  sec  8.13 MBytes  68.2 Mbits/sec  5971  
[ 33]  56.00-57.00  sec  8.13 MBytes  68.2 Mbits/sec  5971  
[ 35]  56.00-57.00  sec  8.13 MBytes  68.2 Mbits/sec  5971  
[ 37]  56.00-57.00  sec  8.13 MBytes  68.2 Mbits/sec  5971  
[ 39]  56.00-57.00  sec  8.13 MBytes  68.2 Mbits/sec  5971  
[ 41]  56.00-57.00  sec  8.13 MBytes  68.2 Mbits/sec  5971  
[ 43]  56.00-57.00  sec  8.13 MBytes  68.2 Mbits/sec  5971  
[SUM]  56.00-57.00  sec   163 MBytes  1364 Mbits/sec  119420  
- - - - - - - - - - - - - - - - - - - - - - - - -
[  5]  57.00-58.00  sec  7.33 MBytes  61.5 Mbits/sec  5380  
[  7]  57.00-58.00  sec  7.33 MBytes  61.5 Mbits/sec  5380  
[  9]  57.00-58.00  sec  7.33 MBytes  61.5 Mbits/sec  5380  
[ 11]  57.00-58.00  sec  7.33 MBytes  61.5 Mbits/sec  5380  
[ 13]  57.00-58.00  sec  7.33 MBytes  61.5 Mbits/sec  5380  
[ 15]  57.00-58.00  sec  7.33 MBytes  61.5 Mbits/sec  5380  
[ 17]  57.00-58.00  sec  7.33 MBytes  61.5 Mbits/sec  5380  
[ 19]  57.00-58.00  sec  7.33 MBytes  61.5 Mbits/sec  5380  
[ 21]  57.00-58.00  sec  7.33 MBytes  61.5 Mbits/sec  5380  
[ 23]  57.00-58.00  sec  7.33 MBytes  61.5 Mbits/sec  5380  
[ 25]  57.00-58.00  sec  7.33 MBytes  61.5 Mbits/sec  5380  
[ 27]  57.00-58.00  sec  7.33 MBytes  61.5 Mbits/sec  5380  
[ 29]  57.00-58.00  sec  7.33 MBytes  61.5 Mbits/sec  5380  
[ 31]  57.00-58.00  sec  7.33 MBytes  61.5 Mbits/sec  5380  
[ 33]  57.00-58.00  sec  7.33 MBytes  61.5 Mbits/sec  5380  
[ 35]  57.00-58.00  sec  7.33 MBytes  61.5 Mbits/sec  5380  
[ 37]  57.00-58.00  sec  7.33 MBytes  61.5 Mbits/sec  5380  
[ 39]  57.00-58.00  sec  7.33 MBytes  61.5 Mbits/sec  5380  
[ 41]  57.00-58.00  sec  7.33 MBytes  61.5 Mbits/sec  5380  
[ 43]  57.00-58.00  sec  7.33 MBytes  61.5 Mbits/sec  5380  
[SUM]  57.00-58.00  sec   147 MBytes  1229 Mbits/sec  107600  
- - - - - - - - - - - - - - - - - - - - - - - - -
[  5]  58.00-59.00  sec  8.17 MBytes  68.5 Mbits/sec  5999  
[  7]  58.00-59.00  sec  8.17 MBytes  68.5 Mbits/sec  5999  
[  9]  58.00-59.00  sec  8.17 MBytes  68.5 Mbits/sec  5999  
[ 11]  58.00-59.00  sec  8.17 MBytes  68.5 Mbits/sec  5999  
[ 13]  58.00-59.00  sec  8.17 MBytes  68.5 Mbits/sec  5999  
[ 15]  58.00-59.00  sec  8.17 MBytes  68.5 Mbits/sec  5999  
[ 17]  58.00-59.00  sec  8.17 MBytes  68.5 Mbits/sec  5999  
[ 19]  58.00-59.00  sec  8.17 MBytes  68.5 Mbits/sec  5999  
[ 21]  58.00-59.00  sec  8.17 MBytes  68.5 Mbits/sec  5999  
[ 23]  58.00-59.00  sec  8.17 MBytes  68.5 Mbits/sec  5999  
[ 25]  58.00-59.00  sec  8.17 MBytes  68.5 Mbits/sec  5999  
[ 27]  58.00-59.00  sec  8.17 MBytes  68.5 Mbits/sec  5999  
[ 29]  58.00-59.00  sec  8.17 MBytes  68.5 Mbits/sec  5999  
[ 31]  58.00-59.00  sec  8.17 MBytes  68.5 Mbits/sec  5999  
[ 33]  58.00-59.00  sec  8.17 MBytes  68.5 Mbits/sec  5999  
[ 35]  58.00-59.00  sec  8.17 MBytes  68.5 Mbits/sec  5999  
[ 37]  58.00-59.00  sec  8.17 MBytes  68.5 Mbits/sec  5999  
[ 39]  58.00-59.00  sec  8.17 MBytes  68.5 Mbits/sec  5999  
[ 41]  58.00-59.00  sec  8.17 MBytes  68.5 Mbits/sec  5999  
[ 43]  58.00-59.00  sec  8.17 MBytes  68.5 Mbits/sec  5999  
[SUM]  58.00-59.00  sec   163 MBytes  1371 Mbits/sec  119980  
- - - - - - - - - - - - - - - - - - - - - - - - -
[  5]  59.00-60.00  sec  7.61 MBytes  63.8 Mbits/sec  5587  
[  7]  59.00-60.00  sec  7.61 MBytes  63.8 Mbits/sec  5587  
[  9]  59.00-60.00  sec  7.61 MBytes  63.8 Mbits/sec  5587  
[ 11]  59.00-60.00  sec  7.61 MBytes  63.8 Mbits/sec  5587  
[ 13]  59.00-60.00  sec  7.61 MBytes  63.8 Mbits/sec  5587  
[ 15]  59.00-60.00  sec  7.61 MBytes  63.8 Mbits/sec  5587  
[ 17]  59.00-60.00  sec  7.61 MBytes  63.8 Mbits/sec  5587  
[ 19]  59.00-60.00  sec  7.61 MBytes  63.8 Mbits/sec  5587  
[ 21]  59.00-60.00  sec  7.61 MBytes  63.8 Mbits/sec  5587  
[ 23]  59.00-60.00  sec  7.61 MBytes  63.8 Mbits/sec  5587  
[ 25]  59.00-60.00  sec  7.61 MBytes  63.8 Mbits/sec  5587  
[ 27]  59.00-60.00  sec  7.61 MBytes  63.8 Mbits/sec  5587  
[ 29]  59.00-60.00  sec  7.61 MBytes  63.8 Mbits/sec  5587  
[ 31]  59.00-60.00  sec  7.61 MBytes  63.8 Mbits/sec  5587  
[ 33]  59.00-60.00  sec  7.61 MBytes  63.8 Mbits/sec  5587  
[ 35]  59.00-60.00  sec  7.61 MBytes  63.8 Mbits/sec  5587  
[ 37]  59.00-60.00  sec  7.61 MBytes  63.8 Mbits/sec  5587  
[ 39]  59.00-60.00  sec  7.61 MBytes  63.8 Mbits/sec  5587  
[ 41]  59.00-60.00  sec  7.61 MBytes  63.8 Mbits/sec  5587  
[ 43]  59.00-60.00  sec  7.61 MBytes  63.8 Mbits/sec  5587  
[SUM]  59.00-60.00  sec   152 MBytes  1277 Mbits/sec  111740  
- - - - - - - - - - - - - - - - - - - - - - - - -
[ ID] Interval           Transfer     Bitrate         Jitter    Lost/Total Datagrams
[  5]   0.00-60.00  sec   477 MBytes  66.8 Mbits/sec  0.000 ms  0/350586 (0%)  sender
[  5]   0.00-60.01  sec   475 MBytes  66.4 Mbits/sec  0.091 ms  1878/350586 (0.54%)  receiver
[  7]   0.00-60.00  sec   477 MBytes  66.8 Mbits/sec  0.000 ms  0/350586 (0%)  sender
[  7]   0.00-60.01  sec   475 MBytes  66.4 Mbits/sec  0.089 ms  1853/350586 (0.53%)  receiver
[  9]   0.00-60.00  sec   477 MBytes  66.8 Mbits/sec  0.000 ms  0/350586 (0%)  sender
[  9]   0.00-60.01  sec   475 MBytes  66.4 Mbits/sec  0.075 ms  1872/350586 (0.53%)  receiver
[ 11]   0.00-60.00  sec   477 MBytes  66.8 Mbits/sec  0.000 ms  0/350585 (0%)  sender
[ 11]   0.00-60.01  sec   475 MBytes  66.4 Mbits/sec  0.069 ms  1888/350585 (0.54%)  receiver
[ 13]   0.00-60.00  sec   477 MBytes  66.8 Mbits/sec  0.000 ms  0/350583 (0%)  sender
[ 13]   0.00-60.01  sec   475 MBytes  66.4 Mbits/sec  0.060 ms  1849/350583 (0.53%)  receiver
[ 15]   0.00-60.00  sec   477 MBytes  66.8 Mbits/sec  0.000 ms  0/350583 (0%)  sender
[ 15]   0.00-60.01  sec   475 MBytes  66.4 Mbits/sec  0.075 ms  1885/350583 (0.54%)  receiver
[ 17]   0.00-60.00  sec   477 MBytes  66.8 Mbits/sec  0.000 ms  0/350582 (0%)  sender
[ 17]   0.00-60.01  sec   475 MBytes  66.4 Mbits/sec  0.064 ms  1885/350582 (0.54%)  receiver
[ 19]   0.00-60.00  sec   477 MBytes  66.8 Mbits/sec  0.000 ms  0/350581 (0%)  sender
[ 19]   0.00-60.01  sec   475 MBytes  66.4 Mbits/sec  0.072 ms  1845/350581 (0.53%)  receiver
[ 21]   0.00-60.00  sec   477 MBytes  66.8 Mbits/sec  0.000 ms  0/350581 (0%)  sender
[ 21]   0.00-60.01  sec   475 MBytes  66.4 Mbits/sec  0.076 ms  1849/350581 (0.53%)  receiver
[ 23]   0.00-60.00  sec   477 MBytes  66.8 Mbits/sec  0.000 ms  0/350580 (0%)  sender
[ 23]   0.00-60.01  sec   475 MBytes  66.4 Mbits/sec  0.075 ms  1854/350580 (0.53%)  receiver
[ 25]   0.00-60.00  sec   477 MBytes  66.8 Mbits/sec  0.000 ms  0/350580 (0%)  sender
[ 25]   0.00-60.01  sec   475 MBytes  66.4 Mbits/sec  0.074 ms  1867/350580 (0.53%)  receiver
[ 27]   0.00-60.00  sec   477 MBytes  66.8 Mbits/sec  0.000 ms  0/350580 (0%)  sender
[ 27]   0.00-60.01  sec   475 MBytes  66.4 Mbits/sec  0.072 ms  1885/350580 (0.54%)  receiver
[ 29]   0.00-60.00  sec   477 MBytes  66.8 Mbits/sec  0.000 ms  0/350579 (0%)  sender
[ 29]   0.00-60.01  sec   475 MBytes  66.4 Mbits/sec  0.083 ms  1843/350579 (0.53%)  receiver
[ 31]   0.00-60.00  sec   477 MBytes  66.8 Mbits/sec  0.000 ms  0/350579 (0%)  sender
[ 31]   0.00-60.01  sec   475 MBytes  66.4 Mbits/sec  0.082 ms  1894/350579 (0.54%)  receiver
[ 33]   0.00-60.00  sec   477 MBytes  66.8 Mbits/sec  0.000 ms  0/350579 (0%)  sender
[ 33]   0.00-60.01  sec   475 MBytes  66.4 Mbits/sec  0.056 ms  1875/350579 (0.53%)  receiver
[ 35]   0.00-60.00  sec   477 MBytes  66.8 Mbits/sec  0.000 ms  0/350579 (0%)  sender
[ 35]   0.00-60.01  sec   475 MBytes  66.4 Mbits/sec  0.073 ms  1867/350579 (0.53%)  receiver
[ 37]   0.00-60.00  sec   477 MBytes  66.8 Mbits/sec  0.000 ms  0/350579 (0%)  sender
[ 37]   0.00-60.01  sec   475 MBytes  66.4 Mbits/sec  0.071 ms  1847/350579 (0.53%)  receiver
[ 39]   0.00-60.00  sec   477 MBytes  66.8 Mbits/sec  0.000 ms  0/350579 (0%)  sender
[ 39]   0.00-60.01  sec   475 MBytes  66.4 Mbits/sec  0.070 ms  1879/350579 (0.54%)  receiver
[ 41]   0.00-60.00  sec   477 MBytes  66.8 Mbits/sec  0.000 ms  0/350579 (0%)  sender
[ 41]   0.00-60.01  sec   475 MBytes  66.4 Mbits/sec  0.068 ms  1877/350579 (0.54%)  receiver
[ 43]   0.00-60.00  sec   477 MBytes  66.8 Mbits/sec  0.000 ms  0/350579 (0%)  sender
[ 43]   0.00-60.01  sec   475 MBytes  66.4 Mbits/sec  0.066 ms  1881/350579 (0.54%)  receiver
[SUM]   0.00-60.00  sec  9.32 GBytes  1335 Mbits/sec  0.000 ms  0/7011625 (0%)  sender
[SUM]   0.00-60.01  sec  9.28 GBytes  1328 Mbits/sec  0.073 ms  37373/7011625 (0.53%)  receiver

iperf Done.
