Connecting to host 10.10.0.2, port 30000
[  5] local 10.244.167.193 port 49995 connected to 10.10.0.2 port 30000
[ ID] Interval           Transfer     Bitrate         Total Datagrams
[  5]   0.00-1.00   sec   139 MBytes  1169 Mbits/sec  104542  
[  5]   1.00-2.00   sec   143 MBytes  1197 Mbits/sec  107020  
[  5]   2.00-3.00   sec   153 MBytes  1281 Mbits/sec  114571  
[  5]   3.00-4.00   sec   154 MBytes  1290 Mbits/sec  115373  
[  5]   4.00-5.00   sec   152 MBytes  1271 Mbits/sec  113642  
[  5]   5.00-6.00   sec   154 MBytes  1291 Mbits/sec  115440  
[  5]   6.00-7.00   sec   153 MBytes  1283 Mbits/sec  114723  
[  5]   7.00-8.00   sec   155 MBytes  1297 Mbits/sec  115945  
[  5]   8.00-9.00   sec   154 MBytes  1290 Mbits/sec  115324  
[  5]   9.00-10.00  sec   150 MBytes  1256 Mbits/sec  112309  
[  5]  10.00-11.00  sec   142 MBytes  1189 Mbits/sec  106285  
[  5]  11.00-12.00  sec   144 MBytes  1209 Mbits/sec  108082  
[  5]  12.00-13.00  sec   152 MBytes  1273 Mbits/sec  113858  
[  5]  13.00-14.00  sec   155 MBytes  1297 Mbits/sec  115936  
[  5]  14.00-15.00  sec   152 MBytes  1277 Mbits/sec  114207  
[  5]  15.00-16.00  sec   153 MBytes  1287 Mbits/sec  115113  
[  5]  16.00-17.00  sec   151 MBytes  1266 Mbits/sec  113232  
[  5]  17.00-18.00  sec   154 MBytes  1291 Mbits/sec  115471  
[  5]  18.00-19.00  sec   154 MBytes  1289 Mbits/sec  115238  
[  5]  19.00-20.00  sec   152 MBytes  1273 Mbits/sec  113854  
[  5]  20.00-21.00  sec   141 MBytes  1179 Mbits/sec  105404  
[  5]  21.00-22.00  sec   135 MBytes  1132 Mbits/sec  101208  
[  5]  22.00-23.00  sec   154 MBytes  1295 Mbits/sec  115831  
[  5]  23.00-24.00  sec   138 MBytes  1159 Mbits/sec  103588  
[  5]  24.00-25.00  sec   153 MBytes  1280 Mbits/sec  114437  
[  5]  25.00-26.00  sec   151 MBytes  1268 Mbits/sec  113343  
[  5]  26.00-27.00  sec   153 MBytes  1280 Mbits/sec  114481  
[  5]  27.00-28.00  sec   151 MBytes  1263 Mbits/sec  112973  
[  5]  28.00-29.00  sec   154 MBytes  1290 Mbits/sec  115329  
[  5]  29.00-30.00  sec   150 MBytes  1260 Mbits/sec  112641  
[  5]  30.00-31.00  sec   141 MBytes  1182 Mbits/sec  105711  
[  5]  31.00-32.00  sec   143 MBytes  1197 Mbits/sec  107036  
[  5]  32.00-33.00  sec   151 MBytes  1265 Mbits/sec  113095  
[  5]  33.00-34.00  sec   153 MBytes  1287 Mbits/sec  115093  
[  5]  34.00-35.00  sec   154 MBytes  1292 Mbits/sec  115529  
[  5]  35.00-36.00  sec   153 MBytes  1285 Mbits/sec  114888  
[  5]  36.00-37.00  sec   155 MBytes  1298 Mbits/sec  116111  
[  5]  37.00-38.00  sec   154 MBytes  1292 Mbits/sec  115492  
[  5]  38.00-39.00  sec   153 MBytes  1280 Mbits/sec  114463  
[  5]  39.00-40.00  sec   151 MBytes  1269 Mbits/sec  113496  
[  5]  40.00-41.00  sec   142 MBytes  1194 Mbits/sec  106757  
[  5]  41.00-42.00  sec   144 MBytes  1207 Mbits/sec  107905  
[  5]  42.00-43.00  sec   143 MBytes  1202 Mbits/sec  107435  
[  5]  43.00-44.00  sec   155 MBytes  1297 Mbits/sec  116003  
[  5]  44.00-45.00  sec   155 MBytes  1299 Mbits/sec  116144  
[  5]  45.00-46.00  sec   154 MBytes  1290 Mbits/sec  115328  
[  5]  46.00-47.00  sec   153 MBytes  1285 Mbits/sec  114893  
[  5]  47.00-48.00  sec   155 MBytes  1304 Mbits/sec  116630  
[  5]  48.00-49.00  sec   154 MBytes  1296 Mbits/sec  115877  
[  5]  49.00-50.00  sec   152 MBytes  1277 Mbits/sec  114219  
[  5]  50.00-51.00  sec   141 MBytes  1185 Mbits/sec  105937  
[  5]  51.00-52.00  sec   146 MBytes  1221 Mbits/sec  109160  
[  5]  52.00-53.00  sec   154 MBytes  1289 Mbits/sec  115284  
[  5]  53.00-54.00  sec   152 MBytes  1272 Mbits/sec  113693  
[  5]  54.00-55.00  sec   152 MBytes  1273 Mbits/sec  113815  
[  5]  55.00-56.00  sec   150 MBytes  1260 Mbits/sec  112634  
[  5]  56.00-57.00  sec   150 MBytes  1255 Mbits/sec  112223  
[  5]  57.00-58.00  sec   152 MBytes  1272 Mbits/sec  113779  
[  5]  58.00-59.00  sec   153 MBytes  1284 Mbits/sec  114821  
[  5]  59.00-60.00  sec   152 MBytes  1277 Mbits/sec  114215  
- - - - - - - - - - - - - - - - - - - - - - - - -
[ ID] Interval           Transfer     Bitrate         Jitter    Lost/Total Datagrams
[  5]   0.00-60.00  sec  8.80 GBytes  1260 Mbits/sec  0.000 ms  0/6757066 (0%)  sender
[  5]   0.00-60.01  sec  8.44 GBytes  1208 Mbits/sec  0.009 ms  275922/6757066 (4.1%)  receiver

iperf Done.
