Connecting to host 10.10.0.6, port 30000
[  5] local 10.244.73.1 port 49026 connected to 10.10.0.6 port 30000
[  7] local 10.244.73.1 port 41437 connected to 10.10.0.6 port 30000
[  9] local 10.244.73.1 port 43482 connected to 10.10.0.6 port 30000
[ 11] local 10.244.73.1 port 39790 connected to 10.10.0.6 port 30000
[ 13] local 10.244.73.1 port 35703 connected to 10.10.0.6 port 30000
[ 15] local 10.244.73.1 port 34609 connected to 10.10.0.6 port 30000
[ 17] local 10.244.73.1 port 59762 connected to 10.10.0.6 port 30000
[ 19] local 10.244.73.1 port 42475 connected to 10.10.0.6 port 30000
[ 21] local 10.244.73.1 port 58618 connected to 10.10.0.6 port 30000
[ 23] local 10.244.73.1 port 46021 connected to 10.10.0.6 port 30000
[ 25] local 10.244.73.1 port 55062 connected to 10.10.0.6 port 30000
[ 27] local 10.244.73.1 port 54617 connected to 10.10.0.6 port 30000
[ 29] local 10.244.73.1 port 43078 connected to 10.10.0.6 port 30000
[ 31] local 10.244.73.1 port 33431 connected to 10.10.0.6 port 30000
[ 33] local 10.244.73.1 port 32863 connected to 10.10.0.6 port 30000
[ 35] local 10.244.73.1 port 46060 connected to 10.10.0.6 port 30000
[ 37] local 10.244.73.1 port 49399 connected to 10.10.0.6 port 30000
[ 39] local 10.244.73.1 port 46199 connected to 10.10.0.6 port 30000
[ 41] local 10.244.73.1 port 46388 connected to 10.10.0.6 port 30000
[ 43] local 10.244.73.1 port 58148 connected to 10.10.0.6 port 30000
[ ID] Interval           Transfer     Bitrate         Total Datagrams
[  5]   0.00-1.00   sec  12.2 MBytes   102 Mbits/sec  8931  
[  7]   0.00-1.00   sec  12.2 MBytes   102 Mbits/sec  8922  
[  9]   0.00-1.00   sec  12.1 MBytes   102 Mbits/sec  8917  
[ 11]   0.00-1.00   sec  12.1 MBytes   102 Mbits/sec  8904  
[ 13]   0.00-1.00   sec  12.1 MBytes   102 Mbits/sec  8899  
[ 15]   0.00-1.00   sec  12.1 MBytes   102 Mbits/sec  8899  
[ 17]   0.00-1.00   sec  12.1 MBytes   102 Mbits/sec  8891  
[ 19]   0.00-1.00   sec  12.1 MBytes   102 Mbits/sec  8888  
[ 21]   0.00-1.00   sec  12.1 MBytes   101 Mbits/sec  8876  
[ 23]   0.00-1.00   sec  12.1 MBytes   101 Mbits/sec  8880  
[ 25]   0.00-1.00   sec  12.1 MBytes   101 Mbits/sec  8879  
[ 27]   0.00-1.00   sec  12.1 MBytes   101 Mbits/sec  8873  
[ 29]   0.00-1.00   sec  12.1 MBytes   101 Mbits/sec  8873  
[ 31]   0.00-1.00   sec  12.1 MBytes   101 Mbits/sec  8859  
[ 33]   0.00-1.00   sec  12.1 MBytes   101 Mbits/sec  8850  
[ 35]   0.00-1.00   sec  12.0 MBytes   101 Mbits/sec  8845  
[ 37]   0.00-1.00   sec  12.0 MBytes   101 Mbits/sec  8843  
[ 39]   0.00-1.00   sec  12.0 MBytes   101 Mbits/sec  8839  
[ 41]   0.00-1.00   sec  12.0 MBytes   101 Mbits/sec  8838  
[ 43]   0.00-1.00   sec  12.0 MBytes   101 Mbits/sec  8837  
[SUM]   0.00-1.00   sec   242 MBytes  2028 Mbits/sec  177543  
- - - - - - - - - - - - - - - - - - - - - - - - -
[  5]   1.00-2.00   sec  7.19 MBytes  60.3 Mbits/sec  5279  
[  7]   1.00-2.00   sec  7.19 MBytes  60.3 Mbits/sec  5279  
[  9]   1.00-2.00   sec  7.19 MBytes  60.3 Mbits/sec  5279  
[ 11]   1.00-2.00   sec  7.19 MBytes  60.3 Mbits/sec  5279  
[ 13]   1.00-2.00   sec  7.19 MBytes  60.3 Mbits/sec  5279  
[ 15]   1.00-2.00   sec  7.19 MBytes  60.3 Mbits/sec  5279  
[ 17]   1.00-2.00   sec  7.19 MBytes  60.3 Mbits/sec  5279  
[ 19]   1.00-2.00   sec  7.19 MBytes  60.3 Mbits/sec  5279  
[ 21]   1.00-2.00   sec  7.19 MBytes  60.3 Mbits/sec  5279  
[ 23]   1.00-2.00   sec  7.19 MBytes  60.3 Mbits/sec  5279  
[ 25]   1.00-2.00   sec  7.19 MBytes  60.3 Mbits/sec  5279  
[ 27]   1.00-2.00   sec  7.19 MBytes  60.3 Mbits/sec  5279  
[ 29]   1.00-2.00   sec  7.19 MBytes  60.3 Mbits/sec  5279  
[ 31]   1.00-2.00   sec  7.19 MBytes  60.3 Mbits/sec  5279  
[ 33]   1.00-2.00   sec  7.19 MBytes  60.3 Mbits/sec  5279  
[ 35]   1.00-2.00   sec  7.19 MBytes  60.3 Mbits/sec  5279  
[ 37]   1.00-2.00   sec  7.19 MBytes  60.3 Mbits/sec  5279  
[ 39]   1.00-2.00   sec  7.19 MBytes  60.3 Mbits/sec  5279  
[ 41]   1.00-2.00   sec  7.19 MBytes  60.3 Mbits/sec  5279  
[ 43]   1.00-2.00   sec  7.19 MBytes  60.3 Mbits/sec  5279  
[SUM]   1.00-2.00   sec   144 MBytes  1206 Mbits/sec  105580  
- - - - - - - - - - - - - - - - - - - - - - - - -
[  5]   2.00-3.00   sec  6.64 MBytes  55.7 Mbits/sec  4878  
[  7]   2.00-3.00   sec  6.64 MBytes  55.7 Mbits/sec  4878  
[  9]   2.00-3.00   sec  6.64 MBytes  55.7 Mbits/sec  4878  
[ 11]   2.00-3.00   sec  6.64 MBytes  55.7 Mbits/sec  4878  
[ 13]   2.00-3.00   sec  6.64 MBytes  55.7 Mbits/sec  4878  
[ 15]   2.00-3.00   sec  6.64 MBytes  55.7 Mbits/sec  4878  
[ 17]   2.00-3.00   sec  6.64 MBytes  55.7 Mbits/sec  4878  
[ 19]   2.00-3.00   sec  6.64 MBytes  55.7 Mbits/sec  4878  
[ 21]   2.00-3.00   sec  6.64 MBytes  55.7 Mbits/sec  4878  
[ 23]   2.00-3.00   sec  6.64 MBytes  55.7 Mbits/sec  4878  
[ 25]   2.00-3.00   sec  6.64 MBytes  55.7 Mbits/sec  4878  
[ 27]   2.00-3.00   sec  6.64 MBytes  55.7 Mbits/sec  4878  
[ 29]   2.00-3.00   sec  6.64 MBytes  55.7 Mbits/sec  4878  
[ 31]   2.00-3.00   sec  6.64 MBytes  55.7 Mbits/sec  4878  
[ 33]   2.00-3.00   sec  6.64 MBytes  55.7 Mbits/sec  4878  
[ 35]   2.00-3.00   sec  6.64 MBytes  55.7 Mbits/sec  4878  
[ 37]   2.00-3.00   sec  6.64 MBytes  55.7 Mbits/sec  4878  
[ 39]   2.00-3.00   sec  6.64 MBytes  55.7 Mbits/sec  4878  
[ 41]   2.00-3.00   sec  6.64 MBytes  55.7 Mbits/sec  4878  
[ 43]   2.00-3.00   sec  6.64 MBytes  55.7 Mbits/sec  4878  
[SUM]   2.00-3.00   sec   133 MBytes  1115 Mbits/sec  97560  
- - - - - - - - - - - - - - - - - - - - - - - - -
[  5]   3.00-4.00   sec  7.26 MBytes  60.9 Mbits/sec  5330  
[  7]   3.00-4.00   sec  7.26 MBytes  60.9 Mbits/sec  5330  
[  9]   3.00-4.00   sec  7.26 MBytes  60.9 Mbits/sec  5330  
[ 11]   3.00-4.00   sec  7.26 MBytes  60.9 Mbits/sec  5330  
[ 13]   3.00-4.00   sec  7.26 MBytes  60.9 Mbits/sec  5330  
[ 15]   3.00-4.00   sec  7.26 MBytes  60.9 Mbits/sec  5330  
[ 17]   3.00-4.00   sec  7.26 MBytes  60.9 Mbits/sec  5330  
[ 19]   3.00-4.00   sec  7.26 MBytes  60.9 Mbits/sec  5330  
[ 21]   3.00-4.00   sec  7.26 MBytes  60.9 Mbits/sec  5330  
[ 23]   3.00-4.00   sec  7.26 MBytes  60.9 Mbits/sec  5330  
[ 25]   3.00-4.00   sec  7.26 MBytes  60.9 Mbits/sec  5330  
[ 27]   3.00-4.00   sec  7.26 MBytes  60.9 Mbits/sec  5330  
[ 29]   3.00-4.00   sec  7.26 MBytes  60.9 Mbits/sec  5330  
[ 31]   3.00-4.00   sec  7.26 MBytes  60.9 Mbits/sec  5330  
[ 33]   3.00-4.00   sec  7.26 MBytes  60.9 Mbits/sec  5330  
[ 35]   3.00-4.00   sec  7.26 MBytes  60.9 Mbits/sec  5330  
[ 37]   3.00-4.00   sec  7.26 MBytes  60.9 Mbits/sec  5330  
[ 39]   3.00-4.00   sec  7.26 MBytes  60.9 Mbits/sec  5330  
[ 41]   3.00-4.00   sec  7.26 MBytes  60.9 Mbits/sec  5330  
[ 43]   3.00-4.00   sec  7.26 MBytes  60.9 Mbits/sec  5330  
[SUM]   3.00-4.00   sec   145 MBytes  1218 Mbits/sec  106600  
- - - - - - - - - - - - - - - - - - - - - - - - -
[  5]   4.00-5.00   sec  7.02 MBytes  58.9 Mbits/sec  5152  
[  7]   4.00-5.00   sec  7.02 MBytes  58.9 Mbits/sec  5152  
[  9]   4.00-5.00   sec  7.02 MBytes  58.9 Mbits/sec  5152  
[ 11]   4.00-5.00   sec  7.02 MBytes  58.9 Mbits/sec  5152  
[ 13]   4.00-5.00   sec  7.02 MBytes  58.9 Mbits/sec  5152  
[ 15]   4.00-5.00   sec  7.02 MBytes  58.9 Mbits/sec  5152  
[ 17]   4.00-5.00   sec  7.02 MBytes  58.9 Mbits/sec  5152  
[ 19]   4.00-5.00   sec  7.02 MBytes  58.9 Mbits/sec  5152  
[ 21]   4.00-5.00   sec  7.02 MBytes  58.9 Mbits/sec  5152  
[ 23]   4.00-5.00   sec  7.02 MBytes  58.9 Mbits/sec  5152  
[ 25]   4.00-5.00   sec  7.02 MBytes  58.9 Mbits/sec  5152  
[ 27]   4.00-5.00   sec  7.02 MBytes  58.9 Mbits/sec  5152  
[ 29]   4.00-5.00   sec  7.02 MBytes  58.9 Mbits/sec  5152  
[ 31]   4.00-5.00   sec  7.02 MBytes  58.9 Mbits/sec  5152  
[ 33]   4.00-5.00   sec  7.02 MBytes  58.9 Mbits/sec  5152  
[ 35]   4.00-5.00   sec  7.02 MBytes  58.9 Mbits/sec  5152  
[ 37]   4.00-5.00   sec  7.02 MBytes  58.9 Mbits/sec  5152  
[ 39]   4.00-5.00   sec  7.02 MBytes  58.9 Mbits/sec  5152  
[ 41]   4.00-5.00   sec  7.02 MBytes  58.9 Mbits/sec  5152  
[ 43]   4.00-5.00   sec  7.02 MBytes  58.9 Mbits/sec  5152  
[SUM]   4.00-5.00   sec   140 MBytes  1177 Mbits/sec  103040  
- - - - - - - - - - - - - - - - - - - - - - - - -
[  5]   5.00-6.00   sec  7.43 MBytes  62.3 Mbits/sec  5454  
[  7]   5.00-6.00   sec  7.43 MBytes  62.3 Mbits/sec  5454  
[  9]   5.00-6.00   sec  7.43 MBytes  62.3 Mbits/sec  5454  
[ 11]   5.00-6.00   sec  7.43 MBytes  62.3 Mbits/sec  5454  
[ 13]   5.00-6.00   sec  7.43 MBytes  62.3 Mbits/sec  5454  
[ 15]   5.00-6.00   sec  7.43 MBytes  62.3 Mbits/sec  5454  
[ 17]   5.00-6.00   sec  7.43 MBytes  62.3 Mbits/sec  5454  
[ 19]   5.00-6.00   sec  7.43 MBytes  62.3 Mbits/sec  5454  
[ 21]   5.00-6.00   sec  7.43 MBytes  62.3 Mbits/sec  5454  
[ 23]   5.00-6.00   sec  7.43 MBytes  62.3 Mbits/sec  5454  
[ 25]   5.00-6.00   sec  7.43 MBytes  62.3 Mbits/sec  5454  
[ 27]   5.00-6.00   sec  7.43 MBytes  62.3 Mbits/sec  5454  
[ 29]   5.00-6.00   sec  7.43 MBytes  62.3 Mbits/sec  5454  
[ 31]   5.00-6.00   sec  7.43 MBytes  62.3 Mbits/sec  5454  
[ 33]   5.00-6.00   sec  7.43 MBytes  62.3 Mbits/sec  5454  
[ 35]   5.00-6.00   sec  7.43 MBytes  62.3 Mbits/sec  5454  
[ 37]   5.00-6.00   sec  7.43 MBytes  62.3 Mbits/sec  5454  
[ 39]   5.00-6.00   sec  7.43 MBytes  62.3 Mbits/sec  5454  
[ 41]   5.00-6.00   sec  7.43 MBytes  62.3 Mbits/sec  5454  
[ 43]   5.00-6.00   sec  7.43 MBytes  62.3 Mbits/sec  5454  
[SUM]   5.00-6.00   sec   149 MBytes  1246 Mbits/sec  109080  
- - - - - - - - - - - - - - - - - - - - - - - - -
[  5]   6.00-7.00   sec  7.45 MBytes  62.5 Mbits/sec  5467  
[  7]   6.00-7.00   sec  7.45 MBytes  62.5 Mbits/sec  5467  
[  9]   6.00-7.00   sec  7.45 MBytes  62.5 Mbits/sec  5467  
[ 11]   6.00-7.00   sec  7.45 MBytes  62.5 Mbits/sec  5467  
[ 13]   6.00-7.00   sec  7.45 MBytes  62.5 Mbits/sec  5467  
[ 15]   6.00-7.00   sec  7.45 MBytes  62.5 Mbits/sec  5467  
[ 17]   6.00-7.00   sec  7.45 MBytes  62.5 Mbits/sec  5467  
[ 19]   6.00-7.00   sec  7.45 MBytes  62.5 Mbits/sec  5467  
[ 21]   6.00-7.00   sec  7.45 MBytes  62.5 Mbits/sec  5467  
[ 23]   6.00-7.00   sec  7.45 MBytes  62.5 Mbits/sec  5467  
[ 25]   6.00-7.00   sec  7.45 MBytes  62.5 Mbits/sec  5467  
[ 27]   6.00-7.00   sec  7.45 MBytes  62.5 Mbits/sec  5467  
[ 29]   6.00-7.00   sec  7.45 MBytes  62.5 Mbits/sec  5467  
[ 31]   6.00-7.00   sec  7.45 MBytes  62.5 Mbits/sec  5467  
[ 33]   6.00-7.00   sec  7.45 MBytes  62.5 Mbits/sec  5467  
[ 35]   6.00-7.00   sec  7.45 MBytes  62.5 Mbits/sec  5467  
[ 37]   6.00-7.00   sec  7.45 MBytes  62.5 Mbits/sec  5467  
[ 39]   6.00-7.00   sec  7.45 MBytes  62.5 Mbits/sec  5467  
[ 41]   6.00-7.00   sec  7.45 MBytes  62.5 Mbits/sec  5467  
[ 43]   6.00-7.00   sec  7.45 MBytes  62.5 Mbits/sec  5467  
[SUM]   6.00-7.00   sec   149 MBytes  1249 Mbits/sec  109340  
- - - - - - - - - - - - - - - - - - - - - - - - -
[  5]   7.00-8.00   sec  7.07 MBytes  59.3 Mbits/sec  5195  
[  7]   7.00-8.00   sec  7.07 MBytes  59.3 Mbits/sec  5195  
[  9]   7.00-8.00   sec  7.07 MBytes  59.3 Mbits/sec  5195  
[ 11]   7.00-8.00   sec  7.07 MBytes  59.3 Mbits/sec  5195  
[ 13]   7.00-8.00   sec  7.07 MBytes  59.3 Mbits/sec  5195  
[ 15]   7.00-8.00   sec  7.07 MBytes  59.3 Mbits/sec  5195  
[ 17]   7.00-8.00   sec  7.07 MBytes  59.3 Mbits/sec  5195  
[ 19]   7.00-8.00   sec  7.07 MBytes  59.3 Mbits/sec  5195  
[ 21]   7.00-8.00   sec  7.07 MBytes  59.3 Mbits/sec  5195  
[ 23]   7.00-8.00   sec  7.07 MBytes  59.3 Mbits/sec  5195  
[ 25]   7.00-8.00   sec  7.07 MBytes  59.3 Mbits/sec  5195  
[ 27]   7.00-8.00   sec  7.07 MBytes  59.3 Mbits/sec  5195  
[ 29]   7.00-8.00   sec  7.07 MBytes  59.3 Mbits/sec  5195  
[ 31]   7.00-8.00   sec  7.07 MBytes  59.3 Mbits/sec  5195  
[ 33]   7.00-8.00   sec  7.07 MBytes  59.3 Mbits/sec  5195  
[ 35]   7.00-8.00   sec  7.07 MBytes  59.3 Mbits/sec  5195  
[ 37]   7.00-8.00   sec  7.07 MBytes  59.3 Mbits/sec  5195  
[ 39]   7.00-8.00   sec  7.07 MBytes  59.3 Mbits/sec  5195  
[ 41]   7.00-8.00   sec  7.07 MBytes  59.3 Mbits/sec  5195  
[ 43]   7.00-8.00   sec  7.07 MBytes  59.3 Mbits/sec  5195  
[SUM]   7.00-8.00   sec   141 MBytes  1187 Mbits/sec  103900  
- - - - - - - - - - - - - - - - - - - - - - - - -
[  5]   8.00-9.00   sec  7.06 MBytes  59.2 Mbits/sec  5182  
[  7]   8.00-9.00   sec  7.06 MBytes  59.2 Mbits/sec  5182  
[  9]   8.00-9.00   sec  7.06 MBytes  59.2 Mbits/sec  5182  
[ 11]   8.00-9.00   sec  7.06 MBytes  59.2 Mbits/sec  5182  
[ 13]   8.00-9.00   sec  7.06 MBytes  59.2 Mbits/sec  5182  
[ 15]   8.00-9.00   sec  7.06 MBytes  59.2 Mbits/sec  5182  
[ 17]   8.00-9.00   sec  7.06 MBytes  59.2 Mbits/sec  5182  
[ 19]   8.00-9.00   sec  7.06 MBytes  59.2 Mbits/sec  5182  
[ 21]   8.00-9.00   sec  7.06 MBytes  59.2 Mbits/sec  5182  
[ 23]   8.00-9.00   sec  7.06 MBytes  59.2 Mbits/sec  5182  
[ 25]   8.00-9.00   sec  7.06 MBytes  59.2 Mbits/sec  5182  
[ 27]   8.00-9.00   sec  7.06 MBytes  59.2 Mbits/sec  5182  
[ 29]   8.00-9.00   sec  7.06 MBytes  59.2 Mbits/sec  5182  
[ 31]   8.00-9.00   sec  7.06 MBytes  59.2 Mbits/sec  5182  
[ 33]   8.00-9.00   sec  7.06 MBytes  59.2 Mbits/sec  5182  
[ 35]   8.00-9.00   sec  7.06 MBytes  59.2 Mbits/sec  5182  
[ 37]   8.00-9.00   sec  7.06 MBytes  59.2 Mbits/sec  5182  
[ 39]   8.00-9.00   sec  7.06 MBytes  59.2 Mbits/sec  5182  
[ 41]   8.00-9.00   sec  7.06 MBytes  59.2 Mbits/sec  5182  
[ 43]   8.00-9.00   sec  7.06 MBytes  59.2 Mbits/sec  5182  
[SUM]   8.00-9.00   sec   141 MBytes  1184 Mbits/sec  103640  
- - - - - - - - - - - - - - - - - - - - - - - - -
[  5]   9.00-10.00  sec  7.23 MBytes  60.6 Mbits/sec  5306  
[  7]   9.00-10.00  sec  7.23 MBytes  60.6 Mbits/sec  5306  
[  9]   9.00-10.00  sec  7.23 MBytes  60.6 Mbits/sec  5306  
[ 11]   9.00-10.00  sec  7.23 MBytes  60.6 Mbits/sec  5306  
[ 13]   9.00-10.00  sec  7.23 MBytes  60.6 Mbits/sec  5306  
[ 15]   9.00-10.00  sec  7.23 MBytes  60.6 Mbits/sec  5306  
[ 17]   9.00-10.00  sec  7.23 MBytes  60.6 Mbits/sec  5306  
[ 19]   9.00-10.00  sec  7.23 MBytes  60.6 Mbits/sec  5306  
[ 21]   9.00-10.00  sec  7.23 MBytes  60.6 Mbits/sec  5306  
[ 23]   9.00-10.00  sec  7.23 MBytes  60.6 Mbits/sec  5306  
[ 25]   9.00-10.00  sec  7.23 MBytes  60.6 Mbits/sec  5306  
[ 27]   9.00-10.00  sec  7.23 MBytes  60.6 Mbits/sec  5306  
[ 29]   9.00-10.00  sec  7.23 MBytes  60.6 Mbits/sec  5306  
[ 31]   9.00-10.00  sec  7.23 MBytes  60.6 Mbits/sec  5306  
[ 33]   9.00-10.00  sec  7.23 MBytes  60.6 Mbits/sec  5306  
[ 35]   9.00-10.00  sec  7.23 MBytes  60.6 Mbits/sec  5306  
[ 37]   9.00-10.00  sec  7.23 MBytes  60.6 Mbits/sec  5306  
[ 39]   9.00-10.00  sec  7.23 MBytes  60.6 Mbits/sec  5306  
[ 41]   9.00-10.00  sec  7.23 MBytes  60.6 Mbits/sec  5306  
[ 43]   9.00-10.00  sec  7.23 MBytes  60.6 Mbits/sec  5306  
[SUM]   9.00-10.00  sec   145 MBytes  1212 Mbits/sec  106120  
- - - - - - - - - - - - - - - - - - - - - - - - -
[  5]  10.00-11.00  sec  7.35 MBytes  61.7 Mbits/sec  5400  
[  7]  10.00-11.00  sec  7.35 MBytes  61.7 Mbits/sec  5400  
[  9]  10.00-11.00  sec  7.35 MBytes  61.7 Mbits/sec  5400  
[ 11]  10.00-11.00  sec  7.35 MBytes  61.7 Mbits/sec  5400  
[ 13]  10.00-11.00  sec  7.35 MBytes  61.7 Mbits/sec  5400  
[ 15]  10.00-11.00  sec  7.35 MBytes  61.7 Mbits/sec  5400  
[ 17]  10.00-11.00  sec  7.35 MBytes  61.7 Mbits/sec  5400  
[ 19]  10.00-11.00  sec  7.35 MBytes  61.7 Mbits/sec  5400  
[ 21]  10.00-11.00  sec  7.35 MBytes  61.7 Mbits/sec  5400  
[ 23]  10.00-11.00  sec  7.35 MBytes  61.7 Mbits/sec  5400  
[ 25]  10.00-11.00  sec  7.35 MBytes  61.7 Mbits/sec  5400  
[ 27]  10.00-11.00  sec  7.35 MBytes  61.7 Mbits/sec  5400  
[ 29]  10.00-11.00  sec  7.35 MBytes  61.7 Mbits/sec  5400  
[ 31]  10.00-11.00  sec  7.35 MBytes  61.7 Mbits/sec  5400  
[ 33]  10.00-11.00  sec  7.35 MBytes  61.7 Mbits/sec  5400  
[ 35]  10.00-11.00  sec  7.35 MBytes  61.7 Mbits/sec  5400  
[ 37]  10.00-11.00  sec  7.35 MBytes  61.7 Mbits/sec  5400  
[ 39]  10.00-11.00  sec  7.35 MBytes  61.7 Mbits/sec  5400  
[ 41]  10.00-11.00  sec  7.35 MBytes  61.7 Mbits/sec  5400  
[ 43]  10.00-11.00  sec  7.35 MBytes  61.7 Mbits/sec  5400  
[SUM]  10.00-11.00  sec   147 MBytes  1234 Mbits/sec  108000  
- - - - - - - - - - - - - - - - - - - - - - - - -
[  5]  11.00-12.00  sec  7.20 MBytes  60.4 Mbits/sec  5289  
[  7]  11.00-12.00  sec  7.20 MBytes  60.4 Mbits/sec  5289  
[  9]  11.00-12.00  sec  7.20 MBytes  60.4 Mbits/sec  5289  
[ 11]  11.00-12.00  sec  7.20 MBytes  60.4 Mbits/sec  5289  
[ 13]  11.00-12.00  sec  7.20 MBytes  60.4 Mbits/sec  5289  
[ 15]  11.00-12.00  sec  7.20 MBytes  60.4 Mbits/sec  5289  
[ 17]  11.00-12.00  sec  7.20 MBytes  60.4 Mbits/sec  5289  
[ 19]  11.00-12.00  sec  7.20 MBytes  60.4 Mbits/sec  5289  
[ 21]  11.00-12.00  sec  7.20 MBytes  60.4 Mbits/sec  5289  
[ 23]  11.00-12.00  sec  7.20 MBytes  60.4 Mbits/sec  5289  
[ 25]  11.00-12.00  sec  7.20 MBytes  60.4 Mbits/sec  5289  
[ 27]  11.00-12.00  sec  7.20 MBytes  60.4 Mbits/sec  5289  
[ 29]  11.00-12.00  sec  7.20 MBytes  60.4 Mbits/sec  5289  
[ 31]  11.00-12.00  sec  7.20 MBytes  60.4 Mbits/sec  5289  
[ 33]  11.00-12.00  sec  7.20 MBytes  60.4 Mbits/sec  5289  
[ 35]  11.00-12.00  sec  7.20 MBytes  60.4 Mbits/sec  5289  
[ 37]  11.00-12.00  sec  7.20 MBytes  60.4 Mbits/sec  5289  
[ 39]  11.00-12.00  sec  7.20 MBytes  60.4 Mbits/sec  5289  
[ 41]  11.00-12.00  sec  7.20 MBytes  60.4 Mbits/sec  5289  
[ 43]  11.00-12.00  sec  7.20 MBytes  60.4 Mbits/sec  5289  
[SUM]  11.00-12.00  sec   144 MBytes  1209 Mbits/sec  105780  
- - - - - - - - - - - - - - - - - - - - - - - - -
[  5]  12.00-13.00  sec  7.07 MBytes  59.3 Mbits/sec  5192  
[  7]  12.00-13.00  sec  7.07 MBytes  59.3 Mbits/sec  5192  
[  9]  12.00-13.00  sec  7.07 MBytes  59.3 Mbits/sec  5192  
[ 11]  12.00-13.00  sec  7.07 MBytes  59.3 Mbits/sec  5192  
[ 13]  12.00-13.00  sec  7.07 MBytes  59.3 Mbits/sec  5192  
[ 15]  12.00-13.00  sec  7.07 MBytes  59.3 Mbits/sec  5192  
[ 17]  12.00-13.00  sec  7.07 MBytes  59.3 Mbits/sec  5192  
[ 19]  12.00-13.00  sec  7.07 MBytes  59.3 Mbits/sec  5192  
[ 21]  12.00-13.00  sec  7.07 MBytes  59.3 Mbits/sec  5192  
[ 23]  12.00-13.00  sec  7.07 MBytes  59.3 Mbits/sec  5192  
[ 25]  12.00-13.00  sec  7.07 MBytes  59.3 Mbits/sec  5192  
[ 27]  12.00-13.00  sec  7.07 MBytes  59.3 Mbits/sec  5192  
[ 29]  12.00-13.00  sec  7.07 MBytes  59.3 Mbits/sec  5192  
[ 31]  12.00-13.00  sec  7.07 MBytes  59.3 Mbits/sec  5192  
[ 33]  12.00-13.00  sec  7.07 MBytes  59.3 Mbits/sec  5192  
[ 35]  12.00-13.00  sec  7.07 MBytes  59.3 Mbits/sec  5192  
[ 37]  12.00-13.00  sec  7.07 MBytes  59.3 Mbits/sec  5192  
[ 39]  12.00-13.00  sec  7.07 MBytes  59.3 Mbits/sec  5192  
[ 41]  12.00-13.00  sec  7.07 MBytes  59.3 Mbits/sec  5192  
[ 43]  12.00-13.00  sec  7.07 MBytes  59.3 Mbits/sec  5192  
[SUM]  12.00-13.00  sec   141 MBytes  1186 Mbits/sec  103840  
- - - - - - - - - - - - - - - - - - - - - - - - -
[  5]  13.00-14.00  sec  7.01 MBytes  58.8 Mbits/sec  5144  
[  7]  13.00-14.00  sec  7.01 MBytes  58.8 Mbits/sec  5144  
[  9]  13.00-14.00  sec  7.01 MBytes  58.8 Mbits/sec  5144  
[ 11]  13.00-14.00  sec  7.01 MBytes  58.8 Mbits/sec  5144  
[ 13]  13.00-14.00  sec  7.01 MBytes  58.8 Mbits/sec  5144  
[ 15]  13.00-14.00  sec  7.01 MBytes  58.8 Mbits/sec  5144  
[ 17]  13.00-14.00  sec  7.01 MBytes  58.8 Mbits/sec  5144  
[ 19]  13.00-14.00  sec  7.01 MBytes  58.8 Mbits/sec  5144  
[ 21]  13.00-14.00  sec  7.01 MBytes  58.8 Mbits/sec  5144  
[ 23]  13.00-14.00  sec  7.01 MBytes  58.8 Mbits/sec  5144  
[ 25]  13.00-14.00  sec  7.01 MBytes  58.8 Mbits/sec  5144  
[ 27]  13.00-14.00  sec  7.01 MBytes  58.8 Mbits/sec  5144  
[ 29]  13.00-14.00  sec  7.01 MBytes  58.8 Mbits/sec  5144  
[ 31]  13.00-14.00  sec  7.01 MBytes  58.8 Mbits/sec  5144  
[ 33]  13.00-14.00  sec  7.01 MBytes  58.8 Mbits/sec  5144  
[ 35]  13.00-14.00  sec  7.01 MBytes  58.8 Mbits/sec  5144  
[ 37]  13.00-14.00  sec  7.01 MBytes  58.8 Mbits/sec  5144  
[ 39]  13.00-14.00  sec  7.01 MBytes  58.8 Mbits/sec  5144  
[ 41]  13.00-14.00  sec  7.01 MBytes  58.8 Mbits/sec  5144  
[ 43]  13.00-14.00  sec  7.01 MBytes  58.8 Mbits/sec  5144  
[SUM]  13.00-14.00  sec   140 MBytes  1175 Mbits/sec  102880  
- - - - - - - - - - - - - - - - - - - - - - - - -
[  5]  14.00-15.00  sec  7.33 MBytes  61.5 Mbits/sec  5385  
[  7]  14.00-15.00  sec  7.33 MBytes  61.5 Mbits/sec  5385  
[  9]  14.00-15.00  sec  7.33 MBytes  61.5 Mbits/sec  5385  
[ 11]  14.00-15.00  sec  7.33 MBytes  61.5 Mbits/sec  5385  
[ 13]  14.00-15.00  sec  7.33 MBytes  61.5 Mbits/sec  5385  
[ 15]  14.00-15.00  sec  7.33 MBytes  61.5 Mbits/sec  5385  
[ 17]  14.00-15.00  sec  7.33 MBytes  61.5 Mbits/sec  5385  
[ 19]  14.00-15.00  sec  7.33 MBytes  61.5 Mbits/sec  5385  
[ 21]  14.00-15.00  sec  7.33 MBytes  61.5 Mbits/sec  5385  
[ 23]  14.00-15.00  sec  7.33 MBytes  61.5 Mbits/sec  5385  
[ 25]  14.00-15.00  sec  7.33 MBytes  61.5 Mbits/sec  5385  
[ 27]  14.00-15.00  sec  7.33 MBytes  61.5 Mbits/sec  5385  
[ 29]  14.00-15.00  sec  7.33 MBytes  61.5 Mbits/sec  5385  
[ 31]  14.00-15.00  sec  7.33 MBytes  61.5 Mbits/sec  5385  
[ 33]  14.00-15.00  sec  7.33 MBytes  61.5 Mbits/sec  5385  
[ 35]  14.00-15.00  sec  7.33 MBytes  61.5 Mbits/sec  5385  
[ 37]  14.00-15.00  sec  7.33 MBytes  61.5 Mbits/sec  5385  
[ 39]  14.00-15.00  sec  7.33 MBytes  61.5 Mbits/sec  5385  
[ 41]  14.00-15.00  sec  7.33 MBytes  61.5 Mbits/sec  5385  
[ 43]  14.00-15.00  sec  7.33 MBytes  61.5 Mbits/sec  5385  
[SUM]  14.00-15.00  sec   147 MBytes  1230 Mbits/sec  107700  
- - - - - - - - - - - - - - - - - - - - - - - - -
[  5]  15.00-16.00  sec  7.49 MBytes  62.8 Mbits/sec  5499  
[  7]  15.00-16.00  sec  7.49 MBytes  62.8 Mbits/sec  5499  
[  9]  15.00-16.00  sec  7.49 MBytes  62.8 Mbits/sec  5499  
[ 11]  15.00-16.00  sec  7.49 MBytes  62.8 Mbits/sec  5499  
[ 13]  15.00-16.00  sec  7.49 MBytes  62.8 Mbits/sec  5499  
[ 15]  15.00-16.00  sec  7.49 MBytes  62.8 Mbits/sec  5499  
[ 17]  15.00-16.00  sec  7.49 MBytes  62.8 Mbits/sec  5498  
[ 19]  15.00-16.00  sec  7.49 MBytes  62.8 Mbits/sec  5498  
[ 21]  15.00-16.00  sec  7.49 MBytes  62.8 Mbits/sec  5498  
[ 23]  15.00-16.00  sec  7.49 MBytes  62.8 Mbits/sec  5498  
[ 25]  15.00-16.00  sec  7.49 MBytes  62.8 Mbits/sec  5499  
[ 27]  15.00-16.00  sec  7.49 MBytes  62.8 Mbits/sec  5499  
[ 29]  15.00-16.00  sec  7.49 MBytes  62.8 Mbits/sec  5499  
[ 31]  15.00-16.00  sec  7.49 MBytes  62.8 Mbits/sec  5499  
[ 33]  15.00-16.00  sec  7.49 MBytes  62.8 Mbits/sec  5498  
[ 35]  15.00-16.00  sec  7.49 MBytes  62.8 Mbits/sec  5498  
[ 37]  15.00-16.00  sec  7.49 MBytes  62.8 Mbits/sec  5498  
[ 39]  15.00-16.00  sec  7.49 MBytes  62.8 Mbits/sec  5498  
[ 41]  15.00-16.00  sec  7.49 MBytes  62.8 Mbits/sec  5498  
[ 43]  15.00-16.00  sec  7.49 MBytes  62.8 Mbits/sec  5498  
[SUM]  15.00-16.00  sec   150 MBytes  1256 Mbits/sec  109970  
- - - - - - - - - - - - - - - - - - - - - - - - -
[  5]  16.00-17.00  sec  6.77 MBytes  56.8 Mbits/sec  4968  
[  7]  16.00-17.00  sec  6.77 MBytes  56.8 Mbits/sec  4968  
[  9]  16.00-17.00  sec  6.77 MBytes  56.8 Mbits/sec  4968  
[ 11]  16.00-17.00  sec  6.77 MBytes  56.8 Mbits/sec  4968  
[ 13]  16.00-17.00  sec  6.77 MBytes  56.8 Mbits/sec  4968  
[ 15]  16.00-17.00  sec  6.77 MBytes  56.8 Mbits/sec  4968  
[ 17]  16.00-17.00  sec  6.77 MBytes  56.8 Mbits/sec  4968  
[ 19]  16.00-17.00  sec  6.77 MBytes  56.8 Mbits/sec  4968  
[ 21]  16.00-17.00  sec  6.77 MBytes  56.8 Mbits/sec  4968  
[ 23]  16.00-17.00  sec  6.77 MBytes  56.8 Mbits/sec  4968  
[ 25]  16.00-17.00  sec  6.77 MBytes  56.8 Mbits/sec  4968  
[ 27]  16.00-17.00  sec  6.77 MBytes  56.8 Mbits/sec  4968  
[ 29]  16.00-17.00  sec  6.77 MBytes  56.8 Mbits/sec  4968  
[ 31]  16.00-17.00  sec  6.77 MBytes  56.8 Mbits/sec  4968  
[ 33]  16.00-17.00  sec  6.77 MBytes  56.8 Mbits/sec  4968  
[ 35]  16.00-17.00  sec  6.77 MBytes  56.8 Mbits/sec  4968  
[ 37]  16.00-17.00  sec  6.77 MBytes  56.8 Mbits/sec  4968  
[ 39]  16.00-17.00  sec  6.77 MBytes  56.8 Mbits/sec  4968  
[ 41]  16.00-17.00  sec  6.77 MBytes  56.8 Mbits/sec  4968  
[ 43]  16.00-17.00  sec  6.77 MBytes  56.8 Mbits/sec  4968  
[SUM]  16.00-17.00  sec   135 MBytes  1135 Mbits/sec  99360  
- - - - - - - - - - - - - - - - - - - - - - - - -
[  5]  17.00-18.00  sec  6.87 MBytes  57.7 Mbits/sec  5048  
[  7]  17.00-18.00  sec  6.87 MBytes  57.7 Mbits/sec  5048  
[  9]  17.00-18.00  sec  6.87 MBytes  57.7 Mbits/sec  5048  
[ 11]  17.00-18.00  sec  6.87 MBytes  57.7 Mbits/sec  5048  
[ 13]  17.00-18.00  sec  6.87 MBytes  57.7 Mbits/sec  5048  
[ 15]  17.00-18.00  sec  6.87 MBytes  57.7 Mbits/sec  5048  
[ 17]  17.00-18.00  sec  6.87 MBytes  57.7 Mbits/sec  5048  
[ 19]  17.00-18.00  sec  6.87 MBytes  57.7 Mbits/sec  5048  
[ 21]  17.00-18.00  sec  6.87 MBytes  57.7 Mbits/sec  5048  
[ 23]  17.00-18.00  sec  6.87 MBytes  57.7 Mbits/sec  5048  
[ 25]  17.00-18.00  sec  6.87 MBytes  57.7 Mbits/sec  5048  
[ 27]  17.00-18.00  sec  6.87 MBytes  57.7 Mbits/sec  5048  
[ 29]  17.00-18.00  sec  6.87 MBytes  57.7 Mbits/sec  5048  
[ 31]  17.00-18.00  sec  6.87 MBytes  57.7 Mbits/sec  5048  
[ 33]  17.00-18.00  sec  6.87 MBytes  57.7 Mbits/sec  5048  
[ 35]  17.00-18.00  sec  6.87 MBytes  57.7 Mbits/sec  5048  
[ 37]  17.00-18.00  sec  6.87 MBytes  57.7 Mbits/sec  5048  
[ 39]  17.00-18.00  sec  6.87 MBytes  57.7 Mbits/sec  5048  
[ 41]  17.00-18.00  sec  6.87 MBytes  57.7 Mbits/sec  5048  
[ 43]  17.00-18.00  sec  6.87 MBytes  57.7 Mbits/sec  5048  
[SUM]  17.00-18.00  sec   137 MBytes  1153 Mbits/sec  100960  
- - - - - - - - - - - - - - - - - - - - - - - - -
[  5]  18.00-19.00  sec  6.37 MBytes  53.4 Mbits/sec  4677  
[  7]  18.00-19.00  sec  6.37 MBytes  53.4 Mbits/sec  4677  
[  9]  18.00-19.00  sec  6.37 MBytes  53.4 Mbits/sec  4677  
[ 11]  18.00-19.00  sec  6.37 MBytes  53.4 Mbits/sec  4677  
[ 13]  18.00-19.00  sec  6.37 MBytes  53.4 Mbits/sec  4677  
[ 15]  18.00-19.00  sec  6.37 MBytes  53.4 Mbits/sec  4677  
[ 17]  18.00-19.00  sec  6.37 MBytes  53.4 Mbits/sec  4677  
[ 19]  18.00-19.00  sec  6.37 MBytes  53.4 Mbits/sec  4677  
[ 21]  18.00-19.00  sec  6.37 MBytes  53.4 Mbits/sec  4677  
[ 23]  18.00-19.00  sec  6.37 MBytes  53.4 Mbits/sec  4677  
[ 25]  18.00-19.00  sec  6.37 MBytes  53.4 Mbits/sec  4677  
[ 27]  18.00-19.00  sec  6.37 MBytes  53.4 Mbits/sec  4677  
[ 29]  18.00-19.00  sec  6.37 MBytes  53.4 Mbits/sec  4677  
[ 31]  18.00-19.00  sec  6.37 MBytes  53.4 Mbits/sec  4677  
[ 33]  18.00-19.00  sec  6.37 MBytes  53.4 Mbits/sec  4677  
[ 35]  18.00-19.00  sec  6.37 MBytes  53.4 Mbits/sec  4677  
[ 37]  18.00-19.00  sec  6.37 MBytes  53.4 Mbits/sec  4677  
[ 39]  18.00-19.00  sec  6.37 MBytes  53.4 Mbits/sec  4677  
[ 41]  18.00-19.00  sec  6.37 MBytes  53.4 Mbits/sec  4677  
[ 43]  18.00-19.00  sec  6.37 MBytes  53.4 Mbits/sec  4677  
[SUM]  18.00-19.00  sec   127 MBytes  1069 Mbits/sec  93540  
- - - - - - - - - - - - - - - - - - - - - - - - -
[  5]  19.00-20.00  sec  6.36 MBytes  53.3 Mbits/sec  4670  
[  7]  19.00-20.00  sec  6.36 MBytes  53.3 Mbits/sec  4670  
[  9]  19.00-20.00  sec  6.36 MBytes  53.3 Mbits/sec  4670  
[ 11]  19.00-20.00  sec  6.36 MBytes  53.3 Mbits/sec  4670  
[ 13]  19.00-20.00  sec  6.36 MBytes  53.3 Mbits/sec  4670  
[ 15]  19.00-20.00  sec  6.36 MBytes  53.3 Mbits/sec  4670  
[ 17]  19.00-20.00  sec  6.36 MBytes  53.3 Mbits/sec  4670  
[ 19]  19.00-20.00  sec  6.36 MBytes  53.3 Mbits/sec  4670  
[ 21]  19.00-20.00  sec  6.36 MBytes  53.3 Mbits/sec  4670  
[ 23]  19.00-20.00  sec  6.36 MBytes  53.3 Mbits/sec  4670  
[ 25]  19.00-20.00  sec  6.36 MBytes  53.3 Mbits/sec  4670  
[ 27]  19.00-20.00  sec  6.36 MBytes  53.3 Mbits/sec  4670  
[ 29]  19.00-20.00  sec  6.36 MBytes  53.3 Mbits/sec  4670  
[ 31]  19.00-20.00  sec  6.36 MBytes  53.3 Mbits/sec  4670  
[ 33]  19.00-20.00  sec  6.36 MBytes  53.3 Mbits/sec  4670  
[ 35]  19.00-20.00  sec  6.36 MBytes  53.3 Mbits/sec  4670  
[ 37]  19.00-20.00  sec  6.36 MBytes  53.3 Mbits/sec  4670  
[ 39]  19.00-20.00  sec  6.36 MBytes  53.3 Mbits/sec  4670  
[ 41]  19.00-20.00  sec  6.36 MBytes  53.3 Mbits/sec  4670  
[ 43]  19.00-20.00  sec  6.36 MBytes  53.3 Mbits/sec  4670  
[SUM]  19.00-20.00  sec   127 MBytes  1067 Mbits/sec  93400  
- - - - - - - - - - - - - - - - - - - - - - - - -
[  5]  20.00-21.00  sec  7.14 MBytes  59.9 Mbits/sec  5241  
[  7]  20.00-21.00  sec  7.14 MBytes  59.9 Mbits/sec  5241  
[  9]  20.00-21.00  sec  7.14 MBytes  59.9 Mbits/sec  5241  
[ 11]  20.00-21.00  sec  7.14 MBytes  59.9 Mbits/sec  5241  
[ 13]  20.00-21.00  sec  7.14 MBytes  59.9 Mbits/sec  5241  
[ 15]  20.00-21.00  sec  7.14 MBytes  59.9 Mbits/sec  5241  
[ 17]  20.00-21.00  sec  7.14 MBytes  59.9 Mbits/sec  5241  
[ 19]  20.00-21.00  sec  7.14 MBytes  59.9 Mbits/sec  5241  
[ 21]  20.00-21.00  sec  7.14 MBytes  59.9 Mbits/sec  5241  
[ 23]  20.00-21.00  sec  7.14 MBytes  59.9 Mbits/sec  5241  
[ 25]  20.00-21.00  sec  7.14 MBytes  59.9 Mbits/sec  5241  
[ 27]  20.00-21.00  sec  7.14 MBytes  59.9 Mbits/sec  5241  
[ 29]  20.00-21.00  sec  7.14 MBytes  59.9 Mbits/sec  5241  
[ 31]  20.00-21.00  sec  7.14 MBytes  59.9 Mbits/sec  5241  
[ 33]  20.00-21.00  sec  7.14 MBytes  59.9 Mbits/sec  5241  
[ 35]  20.00-21.00  sec  7.14 MBytes  59.9 Mbits/sec  5241  
[ 37]  20.00-21.00  sec  7.14 MBytes  59.9 Mbits/sec  5241  
[ 39]  20.00-21.00  sec  7.14 MBytes  59.9 Mbits/sec  5241  
[ 41]  20.00-21.00  sec  7.14 MBytes  59.9 Mbits/sec  5241  
[ 43]  20.00-21.00  sec  7.14 MBytes  59.9 Mbits/sec  5241  
[SUM]  20.00-21.00  sec   143 MBytes  1197 Mbits/sec  104820  
- - - - - - - - - - - - - - - - - - - - - - - - -
[  5]  21.00-22.00  sec  7.38 MBytes  61.9 Mbits/sec  5422  
[  7]  21.00-22.00  sec  7.38 MBytes  61.9 Mbits/sec  5422  
[  9]  21.00-22.00  sec  7.38 MBytes  61.9 Mbits/sec  5422  
[ 11]  21.00-22.00  sec  7.38 MBytes  61.9 Mbits/sec  5422  
[ 13]  21.00-22.00  sec  7.38 MBytes  61.9 Mbits/sec  5422  
[ 15]  21.00-22.00  sec  7.38 MBytes  61.9 Mbits/sec  5422  
[ 17]  21.00-22.00  sec  7.38 MBytes  61.9 Mbits/sec  5422  
[ 19]  21.00-22.00  sec  7.38 MBytes  61.9 Mbits/sec  5422  
[ 21]  21.00-22.00  sec  7.38 MBytes  61.9 Mbits/sec  5422  
[ 23]  21.00-22.00  sec  7.38 MBytes  61.9 Mbits/sec  5422  
[ 25]  21.00-22.00  sec  7.38 MBytes  61.9 Mbits/sec  5422  
[ 27]  21.00-22.00  sec  7.38 MBytes  61.9 Mbits/sec  5422  
[ 29]  21.00-22.00  sec  7.38 MBytes  61.9 Mbits/sec  5422  
[ 31]  21.00-22.00  sec  7.38 MBytes  61.9 Mbits/sec  5422  
[ 33]  21.00-22.00  sec  7.38 MBytes  61.9 Mbits/sec  5422  
[ 35]  21.00-22.00  sec  7.38 MBytes  61.9 Mbits/sec  5422  
[ 37]  21.00-22.00  sec  7.38 MBytes  61.9 Mbits/sec  5422  
[ 39]  21.00-22.00  sec  7.38 MBytes  61.9 Mbits/sec  5422  
[ 41]  21.00-22.00  sec  7.38 MBytes  61.9 Mbits/sec  5422  
[ 43]  21.00-22.00  sec  7.38 MBytes  61.9 Mbits/sec  5422  
[SUM]  21.00-22.00  sec   148 MBytes  1239 Mbits/sec  108440  
- - - - - - - - - - - - - - - - - - - - - - - - -
[  5]  22.00-23.00  sec  6.68 MBytes  56.0 Mbits/sec  4902  
[  7]  22.00-23.00  sec  6.68 MBytes  56.0 Mbits/sec  4902  
[  9]  22.00-23.00  sec  6.68 MBytes  56.0 Mbits/sec  4902  
[ 11]  22.00-23.00  sec  6.68 MBytes  56.0 Mbits/sec  4902  
[ 13]  22.00-23.00  sec  6.68 MBytes  56.0 Mbits/sec  4902  
[ 15]  22.00-23.00  sec  6.68 MBytes  56.0 Mbits/sec  4902  
[ 17]  22.00-23.00  sec  6.68 MBytes  56.0 Mbits/sec  4902  
[ 19]  22.00-23.00  sec  6.68 MBytes  56.0 Mbits/sec  4902  
[ 21]  22.00-23.00  sec  6.68 MBytes  56.0 Mbits/sec  4902  
[ 23]  22.00-23.00  sec  6.68 MBytes  56.0 Mbits/sec  4902  
[ 25]  22.00-23.00  sec  6.68 MBytes  56.0 Mbits/sec  4902  
[ 27]  22.00-23.00  sec  6.68 MBytes  56.0 Mbits/sec  4902  
[ 29]  22.00-23.00  sec  6.68 MBytes  56.0 Mbits/sec  4902  
[ 31]  22.00-23.00  sec  6.68 MBytes  56.0 Mbits/sec  4902  
[ 33]  22.00-23.00  sec  6.68 MBytes  56.0 Mbits/sec  4902  
[ 35]  22.00-23.00  sec  6.68 MBytes  56.0 Mbits/sec  4902  
[ 37]  22.00-23.00  sec  6.68 MBytes  56.0 Mbits/sec  4902  
[ 39]  22.00-23.00  sec  6.68 MBytes  56.0 Mbits/sec  4902  
[ 41]  22.00-23.00  sec  6.68 MBytes  56.0 Mbits/sec  4902  
[ 43]  22.00-23.00  sec  6.68 MBytes  56.0 Mbits/sec  4902  
[SUM]  22.00-23.00  sec   134 MBytes  1120 Mbits/sec  98040  
- - - - - - - - - - - - - - - - - - - - - - - - -
[  5]  23.00-24.00  sec  7.54 MBytes  63.2 Mbits/sec  5536  
[  7]  23.00-24.00  sec  7.54 MBytes  63.2 Mbits/sec  5536  
[  9]  23.00-24.00  sec  7.54 MBytes  63.2 Mbits/sec  5536  
[ 11]  23.00-24.00  sec  7.54 MBytes  63.2 Mbits/sec  5536  
[ 13]  23.00-24.00  sec  7.54 MBytes  63.2 Mbits/sec  5536  
[ 15]  23.00-24.00  sec  7.54 MBytes  63.2 Mbits/sec  5536  
[ 17]  23.00-24.00  sec  7.54 MBytes  63.2 Mbits/sec  5536  
[ 19]  23.00-24.00  sec  7.54 MBytes  63.2 Mbits/sec  5536  
[ 21]  23.00-24.00  sec  7.54 MBytes  63.2 Mbits/sec  5536  
[ 23]  23.00-24.00  sec  7.54 MBytes  63.2 Mbits/sec  5536  
[ 25]  23.00-24.00  sec  7.54 MBytes  63.2 Mbits/sec  5536  
[ 27]  23.00-24.00  sec  7.54 MBytes  63.2 Mbits/sec  5536  
[ 29]  23.00-24.00  sec  7.54 MBytes  63.2 Mbits/sec  5536  
[ 31]  23.00-24.00  sec  7.54 MBytes  63.2 Mbits/sec  5536  
[ 33]  23.00-24.00  sec  7.54 MBytes  63.2 Mbits/sec  5536  
[ 35]  23.00-24.00  sec  7.54 MBytes  63.2 Mbits/sec  5536  
[ 37]  23.00-24.00  sec  7.54 MBytes  63.2 Mbits/sec  5536  
[ 39]  23.00-24.00  sec  7.54 MBytes  63.2 Mbits/sec  5536  
[ 41]  23.00-24.00  sec  7.54 MBytes  63.2 Mbits/sec  5536  
[ 43]  23.00-24.00  sec  7.54 MBytes  63.2 Mbits/sec  5536  
[SUM]  23.00-24.00  sec   151 MBytes  1265 Mbits/sec  110720  
- - - - - - - - - - - - - - - - - - - - - - - - -
[  5]  24.00-25.00  sec  6.72 MBytes  56.4 Mbits/sec  4937  
[  7]  24.00-25.00  sec  6.72 MBytes  56.4 Mbits/sec  4937  
[  9]  24.00-25.00  sec  6.72 MBytes  56.4 Mbits/sec  4937  
[ 11]  24.00-25.00  sec  6.72 MBytes  56.4 Mbits/sec  4937  
[ 13]  24.00-25.00  sec  6.72 MBytes  56.4 Mbits/sec  4937  
[ 15]  24.00-25.00  sec  6.72 MBytes  56.4 Mbits/sec  4937  
[ 17]  24.00-25.00  sec  6.72 MBytes  56.4 Mbits/sec  4937  
[ 19]  24.00-25.00  sec  6.72 MBytes  56.4 Mbits/sec  4937  
[ 21]  24.00-25.00  sec  6.72 MBytes  56.4 Mbits/sec  4937  
[ 23]  24.00-25.00  sec  6.72 MBytes  56.4 Mbits/sec  4937  
[ 25]  24.00-25.00  sec  6.72 MBytes  56.4 Mbits/sec  4937  
[ 27]  24.00-25.00  sec  6.72 MBytes  56.4 Mbits/sec  4937  
[ 29]  24.00-25.00  sec  6.72 MBytes  56.4 Mbits/sec  4937  
[ 31]  24.00-25.00  sec  6.72 MBytes  56.4 Mbits/sec  4937  
[ 33]  24.00-25.00  sec  6.72 MBytes  56.4 Mbits/sec  4937  
[ 35]  24.00-25.00  sec  6.72 MBytes  56.4 Mbits/sec  4937  
[ 37]  24.00-25.00  sec  6.72 MBytes  56.4 Mbits/sec  4937  
[ 39]  24.00-25.00  sec  6.72 MBytes  56.4 Mbits/sec  4937  
[ 41]  24.00-25.00  sec  6.72 MBytes  56.4 Mbits/sec  4937  
[ 43]  24.00-25.00  sec  6.72 MBytes  56.4 Mbits/sec  4937  
[SUM]  24.00-25.00  sec   134 MBytes  1128 Mbits/sec  98740  
- - - - - - - - - - - - - - - - - - - - - - - - -
[  5]  25.00-26.00  sec  7.49 MBytes  62.8 Mbits/sec  5501  
[  7]  25.00-26.00  sec  7.49 MBytes  62.8 Mbits/sec  5501  
[  9]  25.00-26.00  sec  7.49 MBytes  62.8 Mbits/sec  5501  
[ 11]  25.00-26.00  sec  7.49 MBytes  62.8 Mbits/sec  5501  
[ 13]  25.00-26.00  sec  7.49 MBytes  62.8 Mbits/sec  5501  
[ 15]  25.00-26.00  sec  7.49 MBytes  62.8 Mbits/sec  5501  
[ 17]  25.00-26.00  sec  7.49 MBytes  62.8 Mbits/sec  5501  
[ 19]  25.00-26.00  sec  7.49 MBytes  62.8 Mbits/sec  5501  
[ 21]  25.00-26.00  sec  7.49 MBytes  62.8 Mbits/sec  5501  
[ 23]  25.00-26.00  sec  7.49 MBytes  62.8 Mbits/sec  5501  
[ 25]  25.00-26.00  sec  7.49 MBytes  62.8 Mbits/sec  5501  
[ 27]  25.00-26.00  sec  7.49 MBytes  62.8 Mbits/sec  5501  
[ 29]  25.00-26.00  sec  7.49 MBytes  62.8 Mbits/sec  5501  
[ 31]  25.00-26.00  sec  7.49 MBytes  62.8 Mbits/sec  5501  
[ 33]  25.00-26.00  sec  7.49 MBytes  62.8 Mbits/sec  5501  
[ 35]  25.00-26.00  sec  7.49 MBytes  62.8 Mbits/sec  5501  
[ 37]  25.00-26.00  sec  7.49 MBytes  62.8 Mbits/sec  5501  
[ 39]  25.00-26.00  sec  7.49 MBytes  62.8 Mbits/sec  5501  
[ 41]  25.00-26.00  sec  7.49 MBytes  62.8 Mbits/sec  5501  
[ 43]  25.00-26.00  sec  7.49 MBytes  62.8 Mbits/sec  5501  
[SUM]  25.00-26.00  sec   150 MBytes  1257 Mbits/sec  110020  
- - - - - - - - - - - - - - - - - - - - - - - - -
[  5]  26.00-27.00  sec  7.44 MBytes  62.4 Mbits/sec  5461  
[  7]  26.00-27.00  sec  7.44 MBytes  62.4 Mbits/sec  5461  
[  9]  26.00-27.00  sec  7.44 MBytes  62.4 Mbits/sec  5461  
[ 11]  26.00-27.00  sec  7.44 MBytes  62.4 Mbits/sec  5461  
[ 13]  26.00-27.00  sec  7.44 MBytes  62.4 Mbits/sec  5461  
[ 15]  26.00-27.00  sec  7.44 MBytes  62.4 Mbits/sec  5461  
[ 17]  26.00-27.00  sec  7.44 MBytes  62.4 Mbits/sec  5461  
[ 19]  26.00-27.00  sec  7.44 MBytes  62.4 Mbits/sec  5461  
[ 21]  26.00-27.00  sec  7.44 MBytes  62.4 Mbits/sec  5461  
[ 23]  26.00-27.00  sec  7.44 MBytes  62.4 Mbits/sec  5461  
[ 25]  26.00-27.00  sec  7.44 MBytes  62.4 Mbits/sec  5461  
[ 27]  26.00-27.00  sec  7.44 MBytes  62.4 Mbits/sec  5461  
[ 29]  26.00-27.00  sec  7.44 MBytes  62.4 Mbits/sec  5461  
[ 31]  26.00-27.00  sec  7.44 MBytes  62.4 Mbits/sec  5461  
[ 33]  26.00-27.00  sec  7.44 MBytes  62.4 Mbits/sec  5461  
[ 35]  26.00-27.00  sec  7.44 MBytes  62.4 Mbits/sec  5461  
[ 37]  26.00-27.00  sec  7.44 MBytes  62.4 Mbits/sec  5461  
[ 39]  26.00-27.00  sec  7.44 MBytes  62.4 Mbits/sec  5461  
[ 41]  26.00-27.00  sec  7.44 MBytes  62.4 Mbits/sec  5461  
[ 43]  26.00-27.00  sec  7.44 MBytes  62.4 Mbits/sec  5461  
[SUM]  26.00-27.00  sec   149 MBytes  1248 Mbits/sec  109220  
- - - - - - - - - - - - - - - - - - - - - - - - -
[  5]  27.00-28.00  sec  6.69 MBytes  56.1 Mbits/sec  4909  
[  7]  27.00-28.00  sec  6.69 MBytes  56.1 Mbits/sec  4909  
[  9]  27.00-28.00  sec  6.69 MBytes  56.1 Mbits/sec  4909  
[ 11]  27.00-28.00  sec  6.69 MBytes  56.1 Mbits/sec  4909  
[ 13]  27.00-28.00  sec  6.69 MBytes  56.1 Mbits/sec  4909  
[ 15]  27.00-28.00  sec  6.69 MBytes  56.1 Mbits/sec  4909  
[ 17]  27.00-28.00  sec  6.69 MBytes  56.1 Mbits/sec  4909  
[ 19]  27.00-28.00  sec  6.69 MBytes  56.1 Mbits/sec  4909  
[ 21]  27.00-28.00  sec  6.69 MBytes  56.1 Mbits/sec  4909  
[ 23]  27.00-28.00  sec  6.69 MBytes  56.1 Mbits/sec  4909  
[ 25]  27.00-28.00  sec  6.69 MBytes  56.1 Mbits/sec  4909  
[ 27]  27.00-28.00  sec  6.69 MBytes  56.1 Mbits/sec  4909  
[ 29]  27.00-28.00  sec  6.69 MBytes  56.1 Mbits/sec  4909  
[ 31]  27.00-28.00  sec  6.69 MBytes  56.1 Mbits/sec  4909  
[ 33]  27.00-28.00  sec  6.69 MBytes  56.1 Mbits/sec  4909  
[ 35]  27.00-28.00  sec  6.69 MBytes  56.1 Mbits/sec  4909  
[ 37]  27.00-28.00  sec  6.69 MBytes  56.1 Mbits/sec  4909  
[ 39]  27.00-28.00  sec  6.69 MBytes  56.1 Mbits/sec  4909  
[ 41]  27.00-28.00  sec  6.69 MBytes  56.1 Mbits/sec  4909  
[ 43]  27.00-28.00  sec  6.69 MBytes  56.1 Mbits/sec  4909  
[SUM]  27.00-28.00  sec   134 MBytes  1122 Mbits/sec  98180  
- - - - - - - - - - - - - - - - - - - - - - - - -
[  5]  28.00-29.00  sec  6.81 MBytes  57.1 Mbits/sec  5002  
[  7]  28.00-29.00  sec  6.81 MBytes  57.1 Mbits/sec  5002  
[  9]  28.00-29.00  sec  6.81 MBytes  57.1 Mbits/sec  5002  
[ 11]  28.00-29.00  sec  6.81 MBytes  57.1 Mbits/sec  5002  
[ 13]  28.00-29.00  sec  6.81 MBytes  57.1 Mbits/sec  5002  
[ 15]  28.00-29.00  sec  6.81 MBytes  57.1 Mbits/sec  5002  
[ 17]  28.00-29.00  sec  6.81 MBytes  57.1 Mbits/sec  5002  
[ 19]  28.00-29.00  sec  6.81 MBytes  57.1 Mbits/sec  5002  
[ 21]  28.00-29.00  sec  6.81 MBytes  57.1 Mbits/sec  5002  
[ 23]  28.00-29.00  sec  6.81 MBytes  57.1 Mbits/sec  5002  
[ 25]  28.00-29.00  sec  6.81 MBytes  57.1 Mbits/sec  5002  
[ 27]  28.00-29.00  sec  6.81 MBytes  57.1 Mbits/sec  5002  
[ 29]  28.00-29.00  sec  6.81 MBytes  57.1 Mbits/sec  5002  
[ 31]  28.00-29.00  sec  6.81 MBytes  57.1 Mbits/sec  5002  
[ 33]  28.00-29.00  sec  6.81 MBytes  57.1 Mbits/sec  5002  
[ 35]  28.00-29.00  sec  6.81 MBytes  57.1 Mbits/sec  5002  
[ 37]  28.00-29.00  sec  6.81 MBytes  57.1 Mbits/sec  5002  
[ 39]  28.00-29.00  sec  6.81 MBytes  57.1 Mbits/sec  5002  
[ 41]  28.00-29.00  sec  6.81 MBytes  57.1 Mbits/sec  5002  
[ 43]  28.00-29.00  sec  6.81 MBytes  57.1 Mbits/sec  5002  
[SUM]  28.00-29.00  sec   136 MBytes  1143 Mbits/sec  100040  
- - - - - - - - - - - - - - - - - - - - - - - - -
[  5]  29.00-30.00  sec  6.37 MBytes  53.5 Mbits/sec  4679  
[  7]  29.00-30.00  sec  6.37 MBytes  53.5 Mbits/sec  4679  
[  9]  29.00-30.00  sec  6.37 MBytes  53.5 Mbits/sec  4679  
[ 11]  29.00-30.00  sec  6.37 MBytes  53.5 Mbits/sec  4679  
[ 13]  29.00-30.00  sec  6.37 MBytes  53.5 Mbits/sec  4679  
[ 15]  29.00-30.00  sec  6.37 MBytes  53.5 Mbits/sec  4679  
[ 17]  29.00-30.00  sec  6.37 MBytes  53.5 Mbits/sec  4679  
[ 19]  29.00-30.00  sec  6.37 MBytes  53.5 Mbits/sec  4679  
[ 21]  29.00-30.00  sec  6.37 MBytes  53.5 Mbits/sec  4679  
[ 23]  29.00-30.00  sec  6.37 MBytes  53.5 Mbits/sec  4679  
[ 25]  29.00-30.00  sec  6.37 MBytes  53.5 Mbits/sec  4679  
[ 27]  29.00-30.00  sec  6.37 MBytes  53.5 Mbits/sec  4679  
[ 29]  29.00-30.00  sec  6.37 MBytes  53.5 Mbits/sec  4679  
[ 31]  29.00-30.00  sec  6.37 MBytes  53.5 Mbits/sec  4679  
[ 33]  29.00-30.00  sec  6.37 MBytes  53.4 Mbits/sec  4679  
[ 35]  29.00-30.00  sec  6.37 MBytes  53.4 Mbits/sec  4679  
[ 37]  29.00-30.00  sec  6.37 MBytes  53.4 Mbits/sec  4679  
[ 39]  29.00-30.00  sec  6.37 MBytes  53.5 Mbits/sec  4679  
[ 41]  29.00-30.00  sec  6.37 MBytes  53.5 Mbits/sec  4679  
[ 43]  29.00-30.00  sec  6.37 MBytes  53.5 Mbits/sec  4679  
[SUM]  29.00-30.00  sec   127 MBytes  1069 Mbits/sec  93580  
- - - - - - - - - - - - - - - - - - - - - - - - -
[  5]  30.00-31.00  sec  7.32 MBytes  61.4 Mbits/sec  5373  
[  7]  30.00-31.00  sec  7.32 MBytes  61.4 Mbits/sec  5373  
[  9]  30.00-31.00  sec  7.32 MBytes  61.4 Mbits/sec  5373  
[ 11]  30.00-31.00  sec  7.32 MBytes  61.4 Mbits/sec  5373  
[ 13]  30.00-31.00  sec  7.32 MBytes  61.4 Mbits/sec  5373  
[ 15]  30.00-31.00  sec  7.32 MBytes  61.4 Mbits/sec  5373  
[ 17]  30.00-31.00  sec  7.32 MBytes  61.4 Mbits/sec  5373  
[ 19]  30.00-31.00  sec  7.32 MBytes  61.4 Mbits/sec  5373  
[ 21]  30.00-31.00  sec  7.32 MBytes  61.4 Mbits/sec  5373  
[ 23]  30.00-31.00  sec  7.32 MBytes  61.4 Mbits/sec  5373  
[ 25]  30.00-31.00  sec  7.32 MBytes  61.4 Mbits/sec  5373  
[ 27]  30.00-31.00  sec  7.32 MBytes  61.4 Mbits/sec  5373  
[ 29]  30.00-31.00  sec  7.32 MBytes  61.4 Mbits/sec  5373  
[ 31]  30.00-31.00  sec  7.32 MBytes  61.4 Mbits/sec  5373  
[ 33]  30.00-31.00  sec  7.32 MBytes  61.4 Mbits/sec  5373  
[ 35]  30.00-31.00  sec  7.32 MBytes  61.4 Mbits/sec  5373  
[ 37]  30.00-31.00  sec  7.32 MBytes  61.4 Mbits/sec  5373  
[ 39]  30.00-31.00  sec  7.32 MBytes  61.4 Mbits/sec  5373  
[ 41]  30.00-31.00  sec  7.32 MBytes  61.4 Mbits/sec  5373  
[ 43]  30.00-31.00  sec  7.32 MBytes  61.4 Mbits/sec  5373  
[SUM]  30.00-31.00  sec   146 MBytes  1228 Mbits/sec  107460  
- - - - - - - - - - - - - - - - - - - - - - - - -
[  5]  31.00-32.00  sec  7.43 MBytes  62.3 Mbits/sec  5453  
[  7]  31.00-32.00  sec  7.43 MBytes  62.3 Mbits/sec  5453  
[  9]  31.00-32.00  sec  7.43 MBytes  62.3 Mbits/sec  5453  
[ 11]  31.00-32.00  sec  7.43 MBytes  62.3 Mbits/sec  5453  
[ 13]  31.00-32.00  sec  7.43 MBytes  62.3 Mbits/sec  5453  
[ 15]  31.00-32.00  sec  7.43 MBytes  62.3 Mbits/sec  5453  
[ 17]  31.00-32.00  sec  7.43 MBytes  62.3 Mbits/sec  5453  
[ 19]  31.00-32.00  sec  7.43 MBytes  62.3 Mbits/sec  5453  
[ 21]  31.00-32.00  sec  7.43 MBytes  62.3 Mbits/sec  5453  
[ 23]  31.00-32.00  sec  7.43 MBytes  62.3 Mbits/sec  5453  
[ 25]  31.00-32.00  sec  7.43 MBytes  62.3 Mbits/sec  5453  
[ 27]  31.00-32.00  sec  7.43 MBytes  62.3 Mbits/sec  5453  
[ 29]  31.00-32.00  sec  7.43 MBytes  62.3 Mbits/sec  5453  
[ 31]  31.00-32.00  sec  7.43 MBytes  62.3 Mbits/sec  5453  
[ 33]  31.00-32.00  sec  7.43 MBytes  62.3 Mbits/sec  5453  
[ 35]  31.00-32.00  sec  7.43 MBytes  62.3 Mbits/sec  5453  
[ 37]  31.00-32.00  sec  7.43 MBytes  62.3 Mbits/sec  5453  
[ 39]  31.00-32.00  sec  7.43 MBytes  62.3 Mbits/sec  5453  
[ 41]  31.00-32.00  sec  7.43 MBytes  62.3 Mbits/sec  5453  
[ 43]  31.00-32.00  sec  7.43 MBytes  62.3 Mbits/sec  5453  
[SUM]  31.00-32.00  sec   149 MBytes  1246 Mbits/sec  109060  
- - - - - - - - - - - - - - - - - - - - - - - - -
[  5]  32.00-33.00  sec  6.83 MBytes  57.3 Mbits/sec  5015  
[  7]  32.00-33.00  sec  6.83 MBytes  57.3 Mbits/sec  5015  
[  9]  32.00-33.00  sec  6.83 MBytes  57.3 Mbits/sec  5015  
[ 11]  32.00-33.00  sec  6.83 MBytes  57.3 Mbits/sec  5015  
[ 13]  32.00-33.00  sec  6.83 MBytes  57.3 Mbits/sec  5015  
[ 15]  32.00-33.00  sec  6.83 MBytes  57.3 Mbits/sec  5015  
[ 17]  32.00-33.00  sec  6.83 MBytes  57.3 Mbits/sec  5015  
[ 19]  32.00-33.00  sec  6.83 MBytes  57.3 Mbits/sec  5015  
[ 21]  32.00-33.00  sec  6.83 MBytes  57.3 Mbits/sec  5015  
[ 23]  32.00-33.00  sec  6.83 MBytes  57.3 Mbits/sec  5015  
[ 25]  32.00-33.00  sec  6.83 MBytes  57.3 Mbits/sec  5015  
[ 27]  32.00-33.00  sec  6.83 MBytes  57.3 Mbits/sec  5015  
[ 29]  32.00-33.00  sec  6.83 MBytes  57.3 Mbits/sec  5015  
[ 31]  32.00-33.00  sec  6.83 MBytes  57.3 Mbits/sec  5015  
[ 33]  32.00-33.00  sec  6.83 MBytes  57.3 Mbits/sec  5015  
[ 35]  32.00-33.00  sec  6.83 MBytes  57.3 Mbits/sec  5015  
[ 37]  32.00-33.00  sec  6.83 MBytes  57.3 Mbits/sec  5015  
[ 39]  32.00-33.00  sec  6.83 MBytes  57.3 Mbits/sec  5015  
[ 41]  32.00-33.00  sec  6.83 MBytes  57.3 Mbits/sec  5015  
[ 43]  32.00-33.00  sec  6.83 MBytes  57.3 Mbits/sec  5015  
[SUM]  32.00-33.00  sec   137 MBytes  1146 Mbits/sec  100300  
- - - - - - - - - - - - - - - - - - - - - - - - -
[  5]  33.00-34.00  sec  7.42 MBytes  62.3 Mbits/sec  5451  
[  7]  33.00-34.00  sec  7.42 MBytes  62.3 Mbits/sec  5451  
[  9]  33.00-34.00  sec  7.42 MBytes  62.3 Mbits/sec  5451  
[ 11]  33.00-34.00  sec  7.42 MBytes  62.3 Mbits/sec  5451  
[ 13]  33.00-34.00  sec  7.42 MBytes  62.3 Mbits/sec  5451  
[ 15]  33.00-34.00  sec  7.42 MBytes  62.3 Mbits/sec  5451  
[ 17]  33.00-34.00  sec  7.42 MBytes  62.3 Mbits/sec  5451  
[ 19]  33.00-34.00  sec  7.42 MBytes  62.3 Mbits/sec  5451  
[ 21]  33.00-34.00  sec  7.42 MBytes  62.3 Mbits/sec  5451  
[ 23]  33.00-34.00  sec  7.42 MBytes  62.3 Mbits/sec  5451  
[ 25]  33.00-34.00  sec  7.42 MBytes  62.3 Mbits/sec  5451  
[ 27]  33.00-34.00  sec  7.42 MBytes  62.3 Mbits/sec  5451  
[ 29]  33.00-34.00  sec  7.42 MBytes  62.3 Mbits/sec  5451  
[ 31]  33.00-34.00  sec  7.42 MBytes  62.3 Mbits/sec  5451  
[ 33]  33.00-34.00  sec  7.42 MBytes  62.3 Mbits/sec  5451  
[ 35]  33.00-34.00  sec  7.42 MBytes  62.3 Mbits/sec  5451  
[ 37]  33.00-34.00  sec  7.42 MBytes  62.3 Mbits/sec  5451  
[ 39]  33.00-34.00  sec  7.42 MBytes  62.3 Mbits/sec  5451  
[ 41]  33.00-34.00  sec  7.42 MBytes  62.3 Mbits/sec  5451  
[ 43]  33.00-34.00  sec  7.42 MBytes  62.3 Mbits/sec  5451  
[SUM]  33.00-34.00  sec   148 MBytes  1245 Mbits/sec  109020  
- - - - - - - - - - - - - - - - - - - - - - - - -
[  5]  34.00-35.00  sec  7.50 MBytes  62.9 Mbits/sec  5509  
[  7]  34.00-35.00  sec  7.50 MBytes  62.9 Mbits/sec  5509  
[  9]  34.00-35.00  sec  7.50 MBytes  62.9 Mbits/sec  5509  
[ 11]  34.00-35.00  sec  7.50 MBytes  62.9 Mbits/sec  5509  
[ 13]  34.00-35.00  sec  7.50 MBytes  62.9 Mbits/sec  5509  
[ 15]  34.00-35.00  sec  7.50 MBytes  62.9 Mbits/sec  5509  
[ 17]  34.00-35.00  sec  7.50 MBytes  62.9 Mbits/sec  5509  
[ 19]  34.00-35.00  sec  7.50 MBytes  62.9 Mbits/sec  5509  
[ 21]  34.00-35.00  sec  7.50 MBytes  62.9 Mbits/sec  5509  
[ 23]  34.00-35.00  sec  7.50 MBytes  62.9 Mbits/sec  5509  
[ 25]  34.00-35.00  sec  7.50 MBytes  62.9 Mbits/sec  5509  
[ 27]  34.00-35.00  sec  7.50 MBytes  62.9 Mbits/sec  5509  
[ 29]  34.00-35.00  sec  7.50 MBytes  62.9 Mbits/sec  5509  
[ 31]  34.00-35.00  sec  7.50 MBytes  62.9 Mbits/sec  5509  
[ 33]  34.00-35.00  sec  7.50 MBytes  62.9 Mbits/sec  5509  
[ 35]  34.00-35.00  sec  7.50 MBytes  62.9 Mbits/sec  5509  
[ 37]  34.00-35.00  sec  7.50 MBytes  62.9 Mbits/sec  5509  
[ 39]  34.00-35.00  sec  7.50 MBytes  62.9 Mbits/sec  5509  
[ 41]  34.00-35.00  sec  7.50 MBytes  62.9 Mbits/sec  5509  
[ 43]  34.00-35.00  sec  7.50 MBytes  62.9 Mbits/sec  5509  
[SUM]  34.00-35.00  sec   150 MBytes  1259 Mbits/sec  110180  
- - - - - - - - - - - - - - - - - - - - - - - - -
[  5]  35.00-36.00  sec  7.53 MBytes  63.2 Mbits/sec  5528  
[  7]  35.00-36.00  sec  7.53 MBytes  63.2 Mbits/sec  5528  
[  9]  35.00-36.00  sec  7.53 MBytes  63.2 Mbits/sec  5528  
[ 11]  35.00-36.00  sec  7.53 MBytes  63.2 Mbits/sec  5528  
[ 13]  35.00-36.00  sec  7.53 MBytes  63.2 Mbits/sec  5528  
[ 15]  35.00-36.00  sec  7.53 MBytes  63.2 Mbits/sec  5528  
[ 17]  35.00-36.00  sec  7.53 MBytes  63.2 Mbits/sec  5528  
[ 19]  35.00-36.00  sec  7.53 MBytes  63.2 Mbits/sec  5528  
[ 21]  35.00-36.00  sec  7.53 MBytes  63.2 Mbits/sec  5528  
[ 23]  35.00-36.00  sec  7.53 MBytes  63.2 Mbits/sec  5528  
[ 25]  35.00-36.00  sec  7.53 MBytes  63.2 Mbits/sec  5528  
[ 27]  35.00-36.00  sec  7.53 MBytes  63.2 Mbits/sec  5528  
[ 29]  35.00-36.00  sec  7.53 MBytes  63.2 Mbits/sec  5528  
[ 31]  35.00-36.00  sec  7.53 MBytes  63.2 Mbits/sec  5528  
[ 33]  35.00-36.00  sec  7.53 MBytes  63.2 Mbits/sec  5528  
[ 35]  35.00-36.00  sec  7.53 MBytes  63.2 Mbits/sec  5528  
[ 37]  35.00-36.00  sec  7.53 MBytes  63.2 Mbits/sec  5528  
[ 39]  35.00-36.00  sec  7.53 MBytes  63.2 Mbits/sec  5528  
[ 41]  35.00-36.00  sec  7.53 MBytes  63.2 Mbits/sec  5528  
[ 43]  35.00-36.00  sec  7.53 MBytes  63.2 Mbits/sec  5528  
[SUM]  35.00-36.00  sec   151 MBytes  1263 Mbits/sec  110560  
- - - - - - - - - - - - - - - - - - - - - - - - -
[  5]  36.00-37.00  sec  7.32 MBytes  61.4 Mbits/sec  5376  
[  7]  36.00-37.00  sec  7.32 MBytes  61.4 Mbits/sec  5376  
[  9]  36.00-37.00  sec  7.32 MBytes  61.4 Mbits/sec  5376  
[ 11]  36.00-37.00  sec  7.32 MBytes  61.4 Mbits/sec  5376  
[ 13]  36.00-37.00  sec  7.32 MBytes  61.4 Mbits/sec  5376  
[ 15]  36.00-37.00  sec  7.32 MBytes  61.4 Mbits/sec  5376  
[ 17]  36.00-37.00  sec  7.32 MBytes  61.4 Mbits/sec  5376  
[ 19]  36.00-37.00  sec  7.32 MBytes  61.4 Mbits/sec  5376  
[ 21]  36.00-37.00  sec  7.32 MBytes  61.4 Mbits/sec  5376  
[ 23]  36.00-37.00  sec  7.32 MBytes  61.4 Mbits/sec  5376  
[ 25]  36.00-37.00  sec  7.32 MBytes  61.4 Mbits/sec  5376  
[ 27]  36.00-37.00  sec  7.32 MBytes  61.4 Mbits/sec  5376  
[ 29]  36.00-37.00  sec  7.32 MBytes  61.4 Mbits/sec  5376  
[ 31]  36.00-37.00  sec  7.32 MBytes  61.4 Mbits/sec  5376  
[ 33]  36.00-37.00  sec  7.32 MBytes  61.4 Mbits/sec  5376  
[ 35]  36.00-37.00  sec  7.32 MBytes  61.4 Mbits/sec  5376  
[ 37]  36.00-37.00  sec  7.32 MBytes  61.4 Mbits/sec  5376  
[ 39]  36.00-37.00  sec  7.32 MBytes  61.4 Mbits/sec  5376  
[ 41]  36.00-37.00  sec  7.32 MBytes  61.4 Mbits/sec  5376  
[ 43]  36.00-37.00  sec  7.32 MBytes  61.4 Mbits/sec  5376  
[SUM]  36.00-37.00  sec   146 MBytes  1228 Mbits/sec  107520  
- - - - - - - - - - - - - - - - - - - - - - - - -
[  5]  37.00-38.00  sec  7.52 MBytes  63.1 Mbits/sec  5521  
[  7]  37.00-38.00  sec  7.52 MBytes  63.1 Mbits/sec  5521  
[  9]  37.00-38.00  sec  7.52 MBytes  63.1 Mbits/sec  5521  
[ 11]  37.00-38.00  sec  7.52 MBytes  63.1 Mbits/sec  5521  
[ 13]  37.00-38.00  sec  7.52 MBytes  63.1 Mbits/sec  5521  
[ 15]  37.00-38.00  sec  7.52 MBytes  63.1 Mbits/sec  5521  
[ 17]  37.00-38.00  sec  7.52 MBytes  63.1 Mbits/sec  5521  
[ 19]  37.00-38.00  sec  7.52 MBytes  63.1 Mbits/sec  5521  
[ 21]  37.00-38.00  sec  7.52 MBytes  63.1 Mbits/sec  5521  
[ 23]  37.00-38.00  sec  7.52 MBytes  63.1 Mbits/sec  5521  
[ 25]  37.00-38.00  sec  7.52 MBytes  63.1 Mbits/sec  5521  
[ 27]  37.00-38.00  sec  7.52 MBytes  63.1 Mbits/sec  5521  
[ 29]  37.00-38.00  sec  7.52 MBytes  63.1 Mbits/sec  5521  
[ 31]  37.00-38.00  sec  7.52 MBytes  63.1 Mbits/sec  5521  
[ 33]  37.00-38.00  sec  7.52 MBytes  63.1 Mbits/sec  5521  
[ 35]  37.00-38.00  sec  7.52 MBytes  63.1 Mbits/sec  5521  
[ 37]  37.00-38.00  sec  7.52 MBytes  63.1 Mbits/sec  5521  
[ 39]  37.00-38.00  sec  7.52 MBytes  63.1 Mbits/sec  5521  
[ 41]  37.00-38.00  sec  7.52 MBytes  63.1 Mbits/sec  5521  
[ 43]  37.00-38.00  sec  7.52 MBytes  63.1 Mbits/sec  5521  
[SUM]  37.00-38.00  sec   150 MBytes  1261 Mbits/sec  110420  
- - - - - - - - - - - - - - - - - - - - - - - - -
[  5]  38.00-39.00  sec  7.48 MBytes  62.7 Mbits/sec  5493  
[  7]  38.00-39.00  sec  7.48 MBytes  62.7 Mbits/sec  5493  
[  9]  38.00-39.00  sec  7.48 MBytes  62.7 Mbits/sec  5493  
[ 11]  38.00-39.00  sec  7.48 MBytes  62.7 Mbits/sec  5493  
[ 13]  38.00-39.00  sec  7.48 MBytes  62.7 Mbits/sec  5493  
[ 15]  38.00-39.00  sec  7.48 MBytes  62.7 Mbits/sec  5493  
[ 17]  38.00-39.00  sec  7.48 MBytes  62.7 Mbits/sec  5493  
[ 19]  38.00-39.00  sec  7.48 MBytes  62.7 Mbits/sec  5493  
[ 21]  38.00-39.00  sec  7.48 MBytes  62.7 Mbits/sec  5493  
[ 23]  38.00-39.00  sec  7.48 MBytes  62.7 Mbits/sec  5493  
[ 25]  38.00-39.00  sec  7.48 MBytes  62.7 Mbits/sec  5493  
[ 27]  38.00-39.00  sec  7.48 MBytes  62.7 Mbits/sec  5493  
[ 29]  38.00-39.00  sec  7.48 MBytes  62.7 Mbits/sec  5493  
[ 31]  38.00-39.00  sec  7.48 MBytes  62.7 Mbits/sec  5493  
[ 33]  38.00-39.00  sec  7.48 MBytes  62.7 Mbits/sec  5493  
[ 35]  38.00-39.00  sec  7.48 MBytes  62.7 Mbits/sec  5493  
[ 37]  38.00-39.00  sec  7.48 MBytes  62.7 Mbits/sec  5493  
[ 39]  38.00-39.00  sec  7.48 MBytes  62.7 Mbits/sec  5493  
[ 41]  38.00-39.00  sec  7.48 MBytes  62.7 Mbits/sec  5493  
[ 43]  38.00-39.00  sec  7.48 MBytes  62.7 Mbits/sec  5493  
[SUM]  38.00-39.00  sec   150 MBytes  1255 Mbits/sec  109860  
- - - - - - - - - - - - - - - - - - - - - - - - -
[  5]  39.00-40.00  sec  7.06 MBytes  59.2 Mbits/sec  5185  
[  7]  39.00-40.00  sec  7.06 MBytes  59.2 Mbits/sec  5185  
[  9]  39.00-40.00  sec  7.06 MBytes  59.2 Mbits/sec  5185  
[ 11]  39.00-40.00  sec  7.06 MBytes  59.2 Mbits/sec  5185  
[ 13]  39.00-40.00  sec  7.06 MBytes  59.2 Mbits/sec  5185  
[ 15]  39.00-40.00  sec  7.06 MBytes  59.2 Mbits/sec  5185  
[ 17]  39.00-40.00  sec  7.06 MBytes  59.2 Mbits/sec  5185  
[ 19]  39.00-40.00  sec  7.06 MBytes  59.2 Mbits/sec  5185  
[ 21]  39.00-40.00  sec  7.06 MBytes  59.2 Mbits/sec  5185  
[ 23]  39.00-40.00  sec  7.06 MBytes  59.2 Mbits/sec  5185  
[ 25]  39.00-40.00  sec  7.06 MBytes  59.2 Mbits/sec  5185  
[ 27]  39.00-40.00  sec  7.06 MBytes  59.2 Mbits/sec  5185  
[ 29]  39.00-40.00  sec  7.06 MBytes  59.2 Mbits/sec  5185  
[ 31]  39.00-40.00  sec  7.06 MBytes  59.2 Mbits/sec  5185  
[ 33]  39.00-40.00  sec  7.06 MBytes  59.2 Mbits/sec  5185  
[ 35]  39.00-40.00  sec  7.06 MBytes  59.2 Mbits/sec  5185  
[ 37]  39.00-40.00  sec  7.06 MBytes  59.2 Mbits/sec  5185  
[ 39]  39.00-40.00  sec  7.06 MBytes  59.2 Mbits/sec  5185  
[ 41]  39.00-40.00  sec  7.06 MBytes  59.2 Mbits/sec  5185  
[ 43]  39.00-40.00  sec  7.06 MBytes  59.2 Mbits/sec  5185  
[SUM]  39.00-40.00  sec   141 MBytes  1185 Mbits/sec  103700  
- - - - - - - - - - - - - - - - - - - - - - - - -
[  5]  40.00-41.00  sec  7.51 MBytes  63.0 Mbits/sec  5511  
[  7]  40.00-41.00  sec  7.51 MBytes  63.0 Mbits/sec  5511  
[  9]  40.00-41.00  sec  7.51 MBytes  63.0 Mbits/sec  5511  
[ 11]  40.00-41.00  sec  7.51 MBytes  63.0 Mbits/sec  5511  
[ 13]  40.00-41.00  sec  7.51 MBytes  63.0 Mbits/sec  5511  
[ 15]  40.00-41.00  sec  7.51 MBytes  63.0 Mbits/sec  5511  
[ 17]  40.00-41.00  sec  7.51 MBytes  63.0 Mbits/sec  5511  
[ 19]  40.00-41.00  sec  7.51 MBytes  63.0 Mbits/sec  5511  
[ 21]  40.00-41.00  sec  7.51 MBytes  63.0 Mbits/sec  5511  
[ 23]  40.00-41.00  sec  7.51 MBytes  63.0 Mbits/sec  5511  
[ 25]  40.00-41.00  sec  7.51 MBytes  63.0 Mbits/sec  5511  
[ 27]  40.00-41.00  sec  7.51 MBytes  63.0 Mbits/sec  5511  
[ 29]  40.00-41.00  sec  7.51 MBytes  63.0 Mbits/sec  5511  
[ 31]  40.00-41.00  sec  7.51 MBytes  63.0 Mbits/sec  5511  
[ 33]  40.00-41.00  sec  7.51 MBytes  63.0 Mbits/sec  5511  
[ 35]  40.00-41.00  sec  7.51 MBytes  63.0 Mbits/sec  5511  
[ 37]  40.00-41.00  sec  7.50 MBytes  63.0 Mbits/sec  5510  
[ 39]  40.00-41.00  sec  7.50 MBytes  63.0 Mbits/sec  5510  
[ 41]  40.00-41.00  sec  7.50 MBytes  63.0 Mbits/sec  5510  
[ 43]  40.00-41.00  sec  7.50 MBytes  63.0 Mbits/sec  5510  
[SUM]  40.00-41.00  sec   150 MBytes  1259 Mbits/sec  110216  
- - - - - - - - - - - - - - - - - - - - - - - - -
[  5]  41.00-42.00  sec  7.19 MBytes  60.3 Mbits/sec  5278  
[  7]  41.00-42.00  sec  7.19 MBytes  60.3 Mbits/sec  5278  
[  9]  41.00-42.00  sec  7.19 MBytes  60.3 Mbits/sec  5278  
[ 11]  41.00-42.00  sec  7.19 MBytes  60.3 Mbits/sec  5278  
[ 13]  41.00-42.00  sec  7.19 MBytes  60.3 Mbits/sec  5278  
[ 15]  41.00-42.00  sec  7.19 MBytes  60.3 Mbits/sec  5278  
[ 17]  41.00-42.00  sec  7.19 MBytes  60.3 Mbits/sec  5278  
[ 19]  41.00-42.00  sec  7.19 MBytes  60.3 Mbits/sec  5278  
[ 21]  41.00-42.00  sec  7.19 MBytes  60.3 Mbits/sec  5278  
[ 23]  41.00-42.00  sec  7.19 MBytes  60.3 Mbits/sec  5278  
[ 25]  41.00-42.00  sec  7.19 MBytes  60.3 Mbits/sec  5278  
[ 27]  41.00-42.00  sec  7.19 MBytes  60.3 Mbits/sec  5278  
[ 29]  41.00-42.00  sec  7.19 MBytes  60.3 Mbits/sec  5278  
[ 31]  41.00-42.00  sec  7.19 MBytes  60.3 Mbits/sec  5278  
[ 33]  41.00-42.00  sec  7.19 MBytes  60.3 Mbits/sec  5278  
[ 35]  41.00-42.00  sec  7.19 MBytes  60.3 Mbits/sec  5278  
[ 37]  41.00-42.00  sec  7.19 MBytes  60.3 Mbits/sec  5278  
[ 39]  41.00-42.00  sec  7.19 MBytes  60.3 Mbits/sec  5278  
[ 41]  41.00-42.00  sec  7.19 MBytes  60.3 Mbits/sec  5278  
[ 43]  41.00-42.00  sec  7.19 MBytes  60.3 Mbits/sec  5278  
[SUM]  41.00-42.00  sec   144 MBytes  1206 Mbits/sec  105560  
- - - - - - - - - - - - - - - - - - - - - - - - -
[  5]  42.00-43.00  sec  6.15 MBytes  51.6 Mbits/sec  4514  
[  7]  42.00-43.00  sec  6.15 MBytes  51.6 Mbits/sec  4514  
[  9]  42.00-43.00  sec  6.15 MBytes  51.6 Mbits/sec  4514  
[ 11]  42.00-43.00  sec  6.15 MBytes  51.6 Mbits/sec  4514  
[ 13]  42.00-43.00  sec  6.15 MBytes  51.6 Mbits/sec  4514  
[ 15]  42.00-43.00  sec  6.15 MBytes  51.6 Mbits/sec  4514  
[ 17]  42.00-43.00  sec  6.15 MBytes  51.6 Mbits/sec  4514  
[ 19]  42.00-43.00  sec  6.15 MBytes  51.6 Mbits/sec  4514  
[ 21]  42.00-43.00  sec  6.15 MBytes  51.6 Mbits/sec  4514  
[ 23]  42.00-43.00  sec  6.15 MBytes  51.6 Mbits/sec  4514  
[ 25]  42.00-43.00  sec  6.15 MBytes  51.6 Mbits/sec  4514  
[ 27]  42.00-43.00  sec  6.15 MBytes  51.6 Mbits/sec  4514  
[ 29]  42.00-43.00  sec  6.15 MBytes  51.6 Mbits/sec  4514  
[ 31]  42.00-43.00  sec  6.15 MBytes  51.6 Mbits/sec  4514  
[ 33]  42.00-43.00  sec  6.15 MBytes  51.6 Mbits/sec  4514  
[ 35]  42.00-43.00  sec  6.15 MBytes  51.6 Mbits/sec  4514  
[ 37]  42.00-43.00  sec  6.15 MBytes  51.6 Mbits/sec  4514  
[ 39]  42.00-43.00  sec  6.15 MBytes  51.6 Mbits/sec  4514  
[ 41]  42.00-43.00  sec  6.15 MBytes  51.6 Mbits/sec  4514  
[ 43]  42.00-43.00  sec  6.15 MBytes  51.6 Mbits/sec  4514  
[SUM]  42.00-43.00  sec   123 MBytes  1031 Mbits/sec  90280  
- - - - - - - - - - - - - - - - - - - - - - - - -
[  5]  43.00-44.00  sec  7.51 MBytes  63.0 Mbits/sec  5514  
[  7]  43.00-44.00  sec  7.51 MBytes  63.0 Mbits/sec  5514  
[  9]  43.00-44.00  sec  7.51 MBytes  63.0 Mbits/sec  5514  
[ 11]  43.00-44.00  sec  7.51 MBytes  63.0 Mbits/sec  5514  
[ 13]  43.00-44.00  sec  7.51 MBytes  63.0 Mbits/sec  5514  
[ 15]  43.00-44.00  sec  7.51 MBytes  63.0 Mbits/sec  5514  
[ 17]  43.00-44.00  sec  7.51 MBytes  63.0 Mbits/sec  5514  
[ 19]  43.00-44.00  sec  7.51 MBytes  63.0 Mbits/sec  5514  
[ 21]  43.00-44.00  sec  7.51 MBytes  63.0 Mbits/sec  5513  
[ 23]  43.00-44.00  sec  7.51 MBytes  63.0 Mbits/sec  5513  
[ 25]  43.00-44.00  sec  7.51 MBytes  63.0 Mbits/sec  5513  
[ 27]  43.00-44.00  sec  7.51 MBytes  63.0 Mbits/sec  5513  
[ 29]  43.00-44.00  sec  7.51 MBytes  63.0 Mbits/sec  5513  
[ 31]  43.00-44.00  sec  7.51 MBytes  63.0 Mbits/sec  5513  
[ 33]  43.00-44.00  sec  7.51 MBytes  63.0 Mbits/sec  5513  
[ 35]  43.00-44.00  sec  7.51 MBytes  63.0 Mbits/sec  5513  
[ 37]  43.00-44.00  sec  7.51 MBytes  63.0 Mbits/sec  5513  
[ 39]  43.00-44.00  sec  7.51 MBytes  63.0 Mbits/sec  5513  
[ 41]  43.00-44.00  sec  7.51 MBytes  63.0 Mbits/sec  5513  
[ 43]  43.00-44.00  sec  7.51 MBytes  63.0 Mbits/sec  5513  
[SUM]  43.00-44.00  sec   150 MBytes  1260 Mbits/sec  110268  
- - - - - - - - - - - - - - - - - - - - - - - - -
[  5]  44.00-45.00  sec  6.76 MBytes  56.7 Mbits/sec  4966  
[  7]  44.00-45.00  sec  6.76 MBytes  56.7 Mbits/sec  4966  
[  9]  44.00-45.00  sec  6.76 MBytes  56.7 Mbits/sec  4966  
[ 11]  44.00-45.00  sec  6.76 MBytes  56.7 Mbits/sec  4966  
[ 13]  44.00-45.00  sec  6.76 MBytes  56.7 Mbits/sec  4966  
[ 15]  44.00-45.00  sec  6.76 MBytes  56.7 Mbits/sec  4966  
[ 17]  44.00-45.00  sec  6.76 MBytes  56.7 Mbits/sec  4966  
[ 19]  44.00-45.00  sec  6.76 MBytes  56.7 Mbits/sec  4966  
[ 21]  44.00-45.00  sec  6.76 MBytes  56.7 Mbits/sec  4966  
[ 23]  44.00-45.00  sec  6.76 MBytes  56.7 Mbits/sec  4966  
[ 25]  44.00-45.00  sec  6.76 MBytes  56.7 Mbits/sec  4966  
[ 27]  44.00-45.00  sec  6.76 MBytes  56.7 Mbits/sec  4966  
[ 29]  44.00-45.00  sec  6.76 MBytes  56.7 Mbits/sec  4966  
[ 31]  44.00-45.00  sec  6.76 MBytes  56.7 Mbits/sec  4966  
[ 33]  44.00-45.00  sec  6.76 MBytes  56.7 Mbits/sec  4966  
[ 35]  44.00-45.00  sec  6.76 MBytes  56.7 Mbits/sec  4966  
[ 37]  44.00-45.00  sec  6.76 MBytes  56.7 Mbits/sec  4966  
[ 39]  44.00-45.00  sec  6.76 MBytes  56.7 Mbits/sec  4966  
[ 41]  44.00-45.00  sec  6.76 MBytes  56.7 Mbits/sec  4966  
[ 43]  44.00-45.00  sec  6.76 MBytes  56.7 Mbits/sec  4966  
[SUM]  44.00-45.00  sec   135 MBytes  1135 Mbits/sec  99320  
- - - - - - - - - - - - - - - - - - - - - - - - -
[  5]  45.00-46.00  sec  7.19 MBytes  60.4 Mbits/sec  5283  
[  7]  45.00-46.00  sec  7.19 MBytes  60.3 Mbits/sec  5283  
[  9]  45.00-46.00  sec  7.19 MBytes  60.3 Mbits/sec  5283  
[ 11]  45.00-46.00  sec  7.19 MBytes  60.3 Mbits/sec  5283  
[ 13]  45.00-46.00  sec  7.19 MBytes  60.4 Mbits/sec  5283  
[ 15]  45.00-46.00  sec  7.19 MBytes  60.4 Mbits/sec  5283  
[ 17]  45.00-46.00  sec  7.19 MBytes  60.4 Mbits/sec  5283  
[ 19]  45.00-46.00  sec  7.19 MBytes  60.4 Mbits/sec  5283  
[ 21]  45.00-46.00  sec  7.19 MBytes  60.4 Mbits/sec  5283  
[ 23]  45.00-46.00  sec  7.19 MBytes  60.4 Mbits/sec  5283  
[ 25]  45.00-46.00  sec  7.19 MBytes  60.4 Mbits/sec  5283  
[ 27]  45.00-46.00  sec  7.19 MBytes  60.4 Mbits/sec  5283  
[ 29]  45.00-46.00  sec  7.19 MBytes  60.4 Mbits/sec  5283  
[ 31]  45.00-46.00  sec  7.19 MBytes  60.4 Mbits/sec  5283  
[ 33]  45.00-46.00  sec  7.19 MBytes  60.4 Mbits/sec  5283  
[ 35]  45.00-46.00  sec  7.19 MBytes  60.4 Mbits/sec  5283  
[ 37]  45.00-46.00  sec  7.19 MBytes  60.4 Mbits/sec  5283  
[ 39]  45.00-46.00  sec  7.19 MBytes  60.4 Mbits/sec  5283  
[ 41]  45.00-46.00  sec  7.19 MBytes  60.4 Mbits/sec  5283  
[ 43]  45.00-46.00  sec  7.19 MBytes  60.4 Mbits/sec  5283  
[SUM]  45.00-46.00  sec   144 MBytes  1207 Mbits/sec  105660  
- - - - - - - - - - - - - - - - - - - - - - - - -
[  5]  46.00-47.00  sec  7.59 MBytes  63.7 Mbits/sec  5573  
[  7]  46.00-47.00  sec  7.59 MBytes  63.7 Mbits/sec  5573  
[  9]  46.00-47.00  sec  7.59 MBytes  63.7 Mbits/sec  5573  
[ 11]  46.00-47.00  sec  7.59 MBytes  63.7 Mbits/sec  5573  
[ 13]  46.00-47.00  sec  7.59 MBytes  63.7 Mbits/sec  5573  
[ 15]  46.00-47.00  sec  7.59 MBytes  63.7 Mbits/sec  5573  
[ 17]  46.00-47.00  sec  7.59 MBytes  63.7 Mbits/sec  5573  
[ 19]  46.00-47.00  sec  7.59 MBytes  63.7 Mbits/sec  5573  
[ 21]  46.00-47.00  sec  7.59 MBytes  63.7 Mbits/sec  5573  
[ 23]  46.00-47.00  sec  7.59 MBytes  63.7 Mbits/sec  5573  
[ 25]  46.00-47.00  sec  7.59 MBytes  63.7 Mbits/sec  5573  
[ 27]  46.00-47.00  sec  7.59 MBytes  63.7 Mbits/sec  5573  
[ 29]  46.00-47.00  sec  7.59 MBytes  63.7 Mbits/sec  5573  
[ 31]  46.00-47.00  sec  7.59 MBytes  63.7 Mbits/sec  5573  
[ 33]  46.00-47.00  sec  7.59 MBytes  63.7 Mbits/sec  5573  
[ 35]  46.00-47.00  sec  7.59 MBytes  63.7 Mbits/sec  5573  
[ 37]  46.00-47.00  sec  7.59 MBytes  63.7 Mbits/sec  5573  
[ 39]  46.00-47.00  sec  7.59 MBytes  63.7 Mbits/sec  5573  
[ 41]  46.00-47.00  sec  7.59 MBytes  63.7 Mbits/sec  5573  
[ 43]  46.00-47.00  sec  7.59 MBytes  63.7 Mbits/sec  5573  
[SUM]  46.00-47.00  sec   152 MBytes  1273 Mbits/sec  111460  
- - - - - - - - - - - - - - - - - - - - - - - - -
[  5]  47.00-48.00  sec  6.62 MBytes  55.5 Mbits/sec  4858  
[  7]  47.00-48.00  sec  6.62 MBytes  55.5 Mbits/sec  4858  
[  9]  47.00-48.00  sec  6.62 MBytes  55.5 Mbits/sec  4858  
[ 11]  47.00-48.00  sec  6.62 MBytes  55.5 Mbits/sec  4858  
[ 13]  47.00-48.00  sec  6.62 MBytes  55.5 Mbits/sec  4858  
[ 15]  47.00-48.00  sec  6.62 MBytes  55.5 Mbits/sec  4858  
[ 17]  47.00-48.00  sec  6.62 MBytes  55.5 Mbits/sec  4858  
[ 19]  47.00-48.00  sec  6.62 MBytes  55.5 Mbits/sec  4858  
[ 21]  47.00-48.00  sec  6.62 MBytes  55.5 Mbits/sec  4858  
[ 23]  47.00-48.00  sec  6.62 MBytes  55.5 Mbits/sec  4858  
[ 25]  47.00-48.00  sec  6.62 MBytes  55.5 Mbits/sec  4858  
[ 27]  47.00-48.00  sec  6.62 MBytes  55.5 Mbits/sec  4858  
[ 29]  47.00-48.00  sec  6.62 MBytes  55.5 Mbits/sec  4858  
[ 31]  47.00-48.00  sec  6.62 MBytes  55.5 Mbits/sec  4858  
[ 33]  47.00-48.00  sec  6.62 MBytes  55.5 Mbits/sec  4858  
[ 35]  47.00-48.00  sec  6.62 MBytes  55.5 Mbits/sec  4858  
[ 37]  47.00-48.00  sec  6.62 MBytes  55.5 Mbits/sec  4858  
[ 39]  47.00-48.00  sec  6.62 MBytes  55.5 Mbits/sec  4858  
[ 41]  47.00-48.00  sec  6.62 MBytes  55.5 Mbits/sec  4858  
[ 43]  47.00-48.00  sec  6.62 MBytes  55.5 Mbits/sec  4858  
[SUM]  47.00-48.00  sec   132 MBytes  1110 Mbits/sec  97160  
- - - - - - - - - - - - - - - - - - - - - - - - -
[  5]  48.00-49.00  sec  6.85 MBytes  57.5 Mbits/sec  5033  
[  7]  48.00-49.00  sec  6.85 MBytes  57.5 Mbits/sec  5033  
[  9]  48.00-49.00  sec  6.85 MBytes  57.5 Mbits/sec  5033  
[ 11]  48.00-49.00  sec  6.85 MBytes  57.5 Mbits/sec  5033  
[ 13]  48.00-49.00  sec  6.85 MBytes  57.5 Mbits/sec  5033  
[ 15]  48.00-49.00  sec  6.85 MBytes  57.5 Mbits/sec  5033  
[ 17]  48.00-49.00  sec  6.85 MBytes  57.5 Mbits/sec  5033  
[ 19]  48.00-49.00  sec  6.85 MBytes  57.5 Mbits/sec  5033  
[ 21]  48.00-49.00  sec  6.85 MBytes  57.5 Mbits/sec  5033  
[ 23]  48.00-49.00  sec  6.85 MBytes  57.5 Mbits/sec  5033  
[ 25]  48.00-49.00  sec  6.85 MBytes  57.5 Mbits/sec  5033  
[ 27]  48.00-49.00  sec  6.85 MBytes  57.5 Mbits/sec  5033  
[ 29]  48.00-49.00  sec  6.85 MBytes  57.5 Mbits/sec  5033  
[ 31]  48.00-49.00  sec  6.85 MBytes  57.5 Mbits/sec  5033  
[ 33]  48.00-49.00  sec  6.85 MBytes  57.5 Mbits/sec  5033  
[ 35]  48.00-49.00  sec  6.85 MBytes  57.5 Mbits/sec  5033  
[ 37]  48.00-49.00  sec  6.85 MBytes  57.5 Mbits/sec  5033  
[ 39]  48.00-49.00  sec  6.85 MBytes  57.5 Mbits/sec  5033  
[ 41]  48.00-49.00  sec  6.85 MBytes  57.5 Mbits/sec  5033  
[ 43]  48.00-49.00  sec  6.85 MBytes  57.5 Mbits/sec  5033  
[SUM]  48.00-49.00  sec   137 MBytes  1150 Mbits/sec  100660  
- - - - - - - - - - - - - - - - - - - - - - - - -
[  5]  49.00-50.00  sec  7.54 MBytes  63.2 Mbits/sec  5533  
[  7]  49.00-50.00  sec  7.54 MBytes  63.2 Mbits/sec  5533  
[  9]  49.00-50.00  sec  7.54 MBytes  63.2 Mbits/sec  5533  
[ 11]  49.00-50.00  sec  7.54 MBytes  63.2 Mbits/sec  5533  
[ 13]  49.00-50.00  sec  7.54 MBytes  63.2 Mbits/sec  5533  
[ 15]  49.00-50.00  sec  7.54 MBytes  63.2 Mbits/sec  5533  
[ 17]  49.00-50.00  sec  7.54 MBytes  63.2 Mbits/sec  5533  
[ 19]  49.00-50.00  sec  7.54 MBytes  63.2 Mbits/sec  5533  
[ 21]  49.00-50.00  sec  7.54 MBytes  63.2 Mbits/sec  5533  
[ 23]  49.00-50.00  sec  7.54 MBytes  63.2 Mbits/sec  5533  
[ 25]  49.00-50.00  sec  7.54 MBytes  63.2 Mbits/sec  5533  
[ 27]  49.00-50.00  sec  7.54 MBytes  63.2 Mbits/sec  5533  
[ 29]  49.00-50.00  sec  7.54 MBytes  63.2 Mbits/sec  5533  
[ 31]  49.00-50.00  sec  7.54 MBytes  63.2 Mbits/sec  5533  
[ 33]  49.00-50.00  sec  7.54 MBytes  63.2 Mbits/sec  5533  
[ 35]  49.00-50.00  sec  7.54 MBytes  63.2 Mbits/sec  5533  
[ 37]  49.00-50.00  sec  7.54 MBytes  63.2 Mbits/sec  5533  
[ 39]  49.00-50.00  sec  7.54 MBytes  63.2 Mbits/sec  5533  
[ 41]  49.00-50.00  sec  7.54 MBytes  63.2 Mbits/sec  5533  
[ 43]  49.00-50.00  sec  7.54 MBytes  63.2 Mbits/sec  5533  
[SUM]  49.00-50.00  sec   151 MBytes  1264 Mbits/sec  110660  
- - - - - - - - - - - - - - - - - - - - - - - - -
[  5]  50.00-51.00  sec  7.56 MBytes  63.4 Mbits/sec  5548  
[  7]  50.00-51.00  sec  7.56 MBytes  63.4 Mbits/sec  5548  
[  9]  50.00-51.00  sec  7.56 MBytes  63.4 Mbits/sec  5548  
[ 11]  50.00-51.00  sec  7.56 MBytes  63.4 Mbits/sec  5548  
[ 13]  50.00-51.00  sec  7.56 MBytes  63.4 Mbits/sec  5548  
[ 15]  50.00-51.00  sec  7.56 MBytes  63.4 Mbits/sec  5548  
[ 17]  50.00-51.00  sec  7.56 MBytes  63.4 Mbits/sec  5548  
[ 19]  50.00-51.00  sec  7.56 MBytes  63.4 Mbits/sec  5548  
[ 21]  50.00-51.00  sec  7.56 MBytes  63.4 Mbits/sec  5548  
[ 23]  50.00-51.00  sec  7.56 MBytes  63.4 Mbits/sec  5548  
[ 25]  50.00-51.00  sec  7.56 MBytes  63.4 Mbits/sec  5548  
[ 27]  50.00-51.00  sec  7.56 MBytes  63.4 Mbits/sec  5548  
[ 29]  50.00-51.00  sec  7.56 MBytes  63.4 Mbits/sec  5548  
[ 31]  50.00-51.00  sec  7.56 MBytes  63.4 Mbits/sec  5548  
[ 33]  50.00-51.00  sec  7.56 MBytes  63.4 Mbits/sec  5548  
[ 35]  50.00-51.00  sec  7.56 MBytes  63.4 Mbits/sec  5548  
[ 37]  50.00-51.00  sec  7.56 MBytes  63.4 Mbits/sec  5548  
[ 39]  50.00-51.00  sec  7.56 MBytes  63.4 Mbits/sec  5548  
[ 41]  50.00-51.00  sec  7.56 MBytes  63.4 Mbits/sec  5548  
[ 43]  50.00-51.00  sec  7.56 MBytes  63.4 Mbits/sec  5548  
[SUM]  50.00-51.00  sec   151 MBytes  1267 Mbits/sec  110960  
- - - - - - - - - - - - - - - - - - - - - - - - -
[  5]  51.00-52.00  sec  7.57 MBytes  63.5 Mbits/sec  5555  
[  7]  51.00-52.00  sec  7.57 MBytes  63.5 Mbits/sec  5555  
[  9]  51.00-52.00  sec  7.57 MBytes  63.5 Mbits/sec  5555  
[ 11]  51.00-52.00  sec  7.57 MBytes  63.5 Mbits/sec  5555  
[ 13]  51.00-52.00  sec  7.57 MBytes  63.5 Mbits/sec  5555  
[ 15]  51.00-52.00  sec  7.57 MBytes  63.5 Mbits/sec  5555  
[ 17]  51.00-52.00  sec  7.57 MBytes  63.5 Mbits/sec  5555  
[ 19]  51.00-52.00  sec  7.57 MBytes  63.5 Mbits/sec  5555  
[ 21]  51.00-52.00  sec  7.57 MBytes  63.5 Mbits/sec  5555  
[ 23]  51.00-52.00  sec  7.57 MBytes  63.5 Mbits/sec  5555  
[ 25]  51.00-52.00  sec  7.57 MBytes  63.5 Mbits/sec  5555  
[ 27]  51.00-52.00  sec  7.57 MBytes  63.5 Mbits/sec  5555  
[ 29]  51.00-52.00  sec  7.57 MBytes  63.5 Mbits/sec  5555  
[ 31]  51.00-52.00  sec  7.57 MBytes  63.5 Mbits/sec  5555  
[ 33]  51.00-52.00  sec  7.57 MBytes  63.5 Mbits/sec  5555  
[ 35]  51.00-52.00  sec  7.57 MBytes  63.5 Mbits/sec  5555  
[ 37]  51.00-52.00  sec  7.57 MBytes  63.5 Mbits/sec  5555  
[ 39]  51.00-52.00  sec  7.57 MBytes  63.5 Mbits/sec  5555  
[ 41]  51.00-52.00  sec  7.57 MBytes  63.5 Mbits/sec  5555  
[ 43]  51.00-52.00  sec  7.57 MBytes  63.5 Mbits/sec  5555  
[SUM]  51.00-52.00  sec   151 MBytes  1269 Mbits/sec  111100  
- - - - - - - - - - - - - - - - - - - - - - - - -
[  5]  52.00-53.00  sec  7.58 MBytes  63.6 Mbits/sec  5568  
[  7]  52.00-53.00  sec  7.58 MBytes  63.6 Mbits/sec  5568  
[  9]  52.00-53.00  sec  7.58 MBytes  63.6 Mbits/sec  5568  
[ 11]  52.00-53.00  sec  7.58 MBytes  63.6 Mbits/sec  5568  
[ 13]  52.00-53.00  sec  7.58 MBytes  63.6 Mbits/sec  5568  
[ 15]  52.00-53.00  sec  7.58 MBytes  63.6 Mbits/sec  5568  
[ 17]  52.00-53.00  sec  7.58 MBytes  63.6 Mbits/sec  5568  
[ 19]  52.00-53.00  sec  7.58 MBytes  63.6 Mbits/sec  5568  
[ 21]  52.00-53.00  sec  7.58 MBytes  63.6 Mbits/sec  5568  
[ 23]  52.00-53.00  sec  7.58 MBytes  63.6 Mbits/sec  5568  
[ 25]  52.00-53.00  sec  7.58 MBytes  63.6 Mbits/sec  5568  
[ 27]  52.00-53.00  sec  7.58 MBytes  63.6 Mbits/sec  5568  
[ 29]  52.00-53.00  sec  7.58 MBytes  63.6 Mbits/sec  5568  
[ 31]  52.00-53.00  sec  7.58 MBytes  63.6 Mbits/sec  5568  
[ 33]  52.00-53.00  sec  7.58 MBytes  63.6 Mbits/sec  5568  
[ 35]  52.00-53.00  sec  7.58 MBytes  63.6 Mbits/sec  5568  
[ 37]  52.00-53.00  sec  7.58 MBytes  63.6 Mbits/sec  5568  
[ 39]  52.00-53.00  sec  7.58 MBytes  63.6 Mbits/sec  5568  
[ 41]  52.00-53.00  sec  7.58 MBytes  63.6 Mbits/sec  5568  
[ 43]  52.00-53.00  sec  7.58 MBytes  63.6 Mbits/sec  5568  
[SUM]  52.00-53.00  sec   152 MBytes  1272 Mbits/sec  111360  
- - - - - - - - - - - - - - - - - - - - - - - - -
[  5]  53.00-54.00  sec  7.03 MBytes  59.0 Mbits/sec  5164  
[  7]  53.00-54.00  sec  7.03 MBytes  59.0 Mbits/sec  5164  
[  9]  53.00-54.00  sec  7.03 MBytes  59.0 Mbits/sec  5164  
[ 11]  53.00-54.00  sec  7.03 MBytes  59.0 Mbits/sec  5164  
[ 13]  53.00-54.00  sec  7.03 MBytes  59.0 Mbits/sec  5164  
[ 15]  53.00-54.00  sec  7.03 MBytes  59.0 Mbits/sec  5164  
[ 17]  53.00-54.00  sec  7.03 MBytes  59.0 Mbits/sec  5164  
[ 19]  53.00-54.00  sec  7.03 MBytes  59.0 Mbits/sec  5164  
[ 21]  53.00-54.00  sec  7.03 MBytes  59.0 Mbits/sec  5164  
[ 23]  53.00-54.00  sec  7.03 MBytes  59.0 Mbits/sec  5164  
[ 25]  53.00-54.00  sec  7.03 MBytes  59.0 Mbits/sec  5164  
[ 27]  53.00-54.00  sec  7.03 MBytes  59.0 Mbits/sec  5164  
[ 29]  53.00-54.00  sec  7.03 MBytes  59.0 Mbits/sec  5164  
[ 31]  53.00-54.00  sec  7.03 MBytes  59.0 Mbits/sec  5164  
[ 33]  53.00-54.00  sec  7.03 MBytes  59.0 Mbits/sec  5164  
[ 35]  53.00-54.00  sec  7.03 MBytes  59.0 Mbits/sec  5164  
[ 37]  53.00-54.00  sec  7.03 MBytes  59.0 Mbits/sec  5164  
[ 39]  53.00-54.00  sec  7.03 MBytes  59.0 Mbits/sec  5164  
[ 41]  53.00-54.00  sec  7.03 MBytes  59.0 Mbits/sec  5164  
[ 43]  53.00-54.00  sec  7.03 MBytes  59.0 Mbits/sec  5164  
[SUM]  53.00-54.00  sec   141 MBytes  1180 Mbits/sec  103280  
- - - - - - - - - - - - - - - - - - - - - - - - -
[  5]  54.00-55.00  sec  7.57 MBytes  63.5 Mbits/sec  5555  
[  7]  54.00-55.00  sec  7.57 MBytes  63.5 Mbits/sec  5555  
[  9]  54.00-55.00  sec  7.57 MBytes  63.5 Mbits/sec  5555  
[ 11]  54.00-55.00  sec  7.57 MBytes  63.5 Mbits/sec  5555  
[ 13]  54.00-55.00  sec  7.57 MBytes  63.5 Mbits/sec  5555  
[ 15]  54.00-55.00  sec  7.57 MBytes  63.5 Mbits/sec  5555  
[ 17]  54.00-55.00  sec  7.57 MBytes  63.5 Mbits/sec  5555  
[ 19]  54.00-55.00  sec  7.57 MBytes  63.5 Mbits/sec  5555  
[ 21]  54.00-55.00  sec  7.57 MBytes  63.5 Mbits/sec  5555  
[ 23]  54.00-55.00  sec  7.57 MBytes  63.5 Mbits/sec  5555  
[ 25]  54.00-55.00  sec  7.57 MBytes  63.5 Mbits/sec  5555  
[ 27]  54.00-55.00  sec  7.57 MBytes  63.5 Mbits/sec  5555  
[ 29]  54.00-55.00  sec  7.57 MBytes  63.5 Mbits/sec  5555  
[ 31]  54.00-55.00  sec  7.57 MBytes  63.5 Mbits/sec  5555  
[ 33]  54.00-55.00  sec  7.57 MBytes  63.5 Mbits/sec  5555  
[ 35]  54.00-55.00  sec  7.57 MBytes  63.5 Mbits/sec  5555  
[ 37]  54.00-55.00  sec  7.57 MBytes  63.5 Mbits/sec  5555  
[ 39]  54.00-55.00  sec  7.57 MBytes  63.5 Mbits/sec  5555  
[ 41]  54.00-55.00  sec  7.57 MBytes  63.5 Mbits/sec  5555  
[ 43]  54.00-55.00  sec  7.57 MBytes  63.5 Mbits/sec  5555  
[SUM]  54.00-55.00  sec   151 MBytes  1269 Mbits/sec  111100  
- - - - - - - - - - - - - - - - - - - - - - - - -
[  5]  55.00-56.00  sec  6.75 MBytes  56.6 Mbits/sec  4955  
[  7]  55.00-56.00  sec  6.75 MBytes  56.6 Mbits/sec  4955  
[  9]  55.00-56.00  sec  6.75 MBytes  56.6 Mbits/sec  4955  
[ 11]  55.00-56.00  sec  6.75 MBytes  56.6 Mbits/sec  4955  
[ 13]  55.00-56.00  sec  6.75 MBytes  56.6 Mbits/sec  4955  
[ 15]  55.00-56.00  sec  6.75 MBytes  56.6 Mbits/sec  4955  
[ 17]  55.00-56.00  sec  6.75 MBytes  56.6 Mbits/sec  4955  
[ 19]  55.00-56.00  sec  6.75 MBytes  56.6 Mbits/sec  4955  
[ 21]  55.00-56.00  sec  6.75 MBytes  56.6 Mbits/sec  4955  
[ 23]  55.00-56.00  sec  6.75 MBytes  56.6 Mbits/sec  4955  
[ 25]  55.00-56.00  sec  6.75 MBytes  56.6 Mbits/sec  4955  
[ 27]  55.00-56.00  sec  6.75 MBytes  56.6 Mbits/sec  4955  
[ 29]  55.00-56.00  sec  6.75 MBytes  56.6 Mbits/sec  4955  
[ 31]  55.00-56.00  sec  6.75 MBytes  56.6 Mbits/sec  4955  
[ 33]  55.00-56.00  sec  6.75 MBytes  56.6 Mbits/sec  4955  
[ 35]  55.00-56.00  sec  6.75 MBytes  56.6 Mbits/sec  4955  
[ 37]  55.00-56.00  sec  6.75 MBytes  56.6 Mbits/sec  4955  
[ 39]  55.00-56.00  sec  6.75 MBytes  56.6 Mbits/sec  4955  
[ 41]  55.00-56.00  sec  6.75 MBytes  56.6 Mbits/sec  4955  
[ 43]  55.00-56.00  sec  6.75 MBytes  56.6 Mbits/sec  4955  
[SUM]  55.00-56.00  sec   135 MBytes  1132 Mbits/sec  99100  
- - - - - - - - - - - - - - - - - - - - - - - - -
[  5]  56.00-57.00  sec  7.53 MBytes  63.2 Mbits/sec  5529  
[  7]  56.00-57.00  sec  7.53 MBytes  63.2 Mbits/sec  5529  
[  9]  56.00-57.00  sec  7.53 MBytes  63.2 Mbits/sec  5529  
[ 11]  56.00-57.00  sec  7.53 MBytes  63.2 Mbits/sec  5529  
[ 13]  56.00-57.00  sec  7.53 MBytes  63.2 Mbits/sec  5529  
[ 15]  56.00-57.00  sec  7.53 MBytes  63.2 Mbits/sec  5529  
[ 17]  56.00-57.00  sec  7.53 MBytes  63.2 Mbits/sec  5529  
[ 19]  56.00-57.00  sec  7.53 MBytes  63.2 Mbits/sec  5529  
[ 21]  56.00-57.00  sec  7.53 MBytes  63.2 Mbits/sec  5529  
[ 23]  56.00-57.00  sec  7.53 MBytes  63.2 Mbits/sec  5529  
[ 25]  56.00-57.00  sec  7.53 MBytes  63.2 Mbits/sec  5529  
[ 27]  56.00-57.00  sec  7.53 MBytes  63.2 Mbits/sec  5529  
[ 29]  56.00-57.00  sec  7.53 MBytes  63.2 Mbits/sec  5529  
[ 31]  56.00-57.00  sec  7.53 MBytes  63.2 Mbits/sec  5529  
[ 33]  56.00-57.00  sec  7.53 MBytes  63.2 Mbits/sec  5529  
[ 35]  56.00-57.00  sec  7.53 MBytes  63.2 Mbits/sec  5529  
[ 37]  56.00-57.00  sec  7.53 MBytes  63.2 Mbits/sec  5529  
[ 39]  56.00-57.00  sec  7.53 MBytes  63.2 Mbits/sec  5529  
[ 41]  56.00-57.00  sec  7.53 MBytes  63.2 Mbits/sec  5529  
[ 43]  56.00-57.00  sec  7.53 MBytes  63.2 Mbits/sec  5529  
[SUM]  56.00-57.00  sec   151 MBytes  1263 Mbits/sec  110580  
- - - - - - - - - - - - - - - - - - - - - - - - -
[  5]  57.00-58.00  sec  7.59 MBytes  63.7 Mbits/sec  5574  
[  7]  57.00-58.00  sec  7.59 MBytes  63.7 Mbits/sec  5574  
[  9]  57.00-58.00  sec  7.59 MBytes  63.7 Mbits/sec  5574  
[ 11]  57.00-58.00  sec  7.59 MBytes  63.7 Mbits/sec  5574  
[ 13]  57.00-58.00  sec  7.59 MBytes  63.7 Mbits/sec  5574  
[ 15]  57.00-58.00  sec  7.59 MBytes  63.7 Mbits/sec  5574  
[ 17]  57.00-58.00  sec  7.59 MBytes  63.7 Mbits/sec  5574  
[ 19]  57.00-58.00  sec  7.59 MBytes  63.7 Mbits/sec  5574  
[ 21]  57.00-58.00  sec  7.59 MBytes  63.7 Mbits/sec  5574  
[ 23]  57.00-58.00  sec  7.59 MBytes  63.7 Mbits/sec  5574  
[ 25]  57.00-58.00  sec  7.59 MBytes  63.7 Mbits/sec  5574  
[ 27]  57.00-58.00  sec  7.59 MBytes  63.7 Mbits/sec  5574  
[ 29]  57.00-58.00  sec  7.59 MBytes  63.7 Mbits/sec  5574  
[ 31]  57.00-58.00  sec  7.59 MBytes  63.7 Mbits/sec  5574  
[ 33]  57.00-58.00  sec  7.59 MBytes  63.7 Mbits/sec  5574  
[ 35]  57.00-58.00  sec  7.59 MBytes  63.7 Mbits/sec  5574  
[ 37]  57.00-58.00  sec  7.59 MBytes  63.7 Mbits/sec  5574  
[ 39]  57.00-58.00  sec  7.59 MBytes  63.7 Mbits/sec  5574  
[ 41]  57.00-58.00  sec  7.59 MBytes  63.7 Mbits/sec  5574  
[ 43]  57.00-58.00  sec  7.59 MBytes  63.7 Mbits/sec  5574  
[SUM]  57.00-58.00  sec   152 MBytes  1274 Mbits/sec  111480  
- - - - - - - - - - - - - - - - - - - - - - - - -
[  5]  58.00-59.00  sec  7.59 MBytes  63.7 Mbits/sec  5574  
[  7]  58.00-59.00  sec  7.59 MBytes  63.7 Mbits/sec  5574  
[  9]  58.00-59.00  sec  7.59 MBytes  63.7 Mbits/sec  5574  
[ 11]  58.00-59.00  sec  7.59 MBytes  63.7 Mbits/sec  5574  
[ 13]  58.00-59.00  sec  7.59 MBytes  63.7 Mbits/sec  5574  
[ 15]  58.00-59.00  sec  7.59 MBytes  63.7 Mbits/sec  5574  
[ 17]  58.00-59.00  sec  7.59 MBytes  63.7 Mbits/sec  5574  
[ 19]  58.00-59.00  sec  7.59 MBytes  63.7 Mbits/sec  5574  
[ 21]  58.00-59.00  sec  7.59 MBytes  63.7 Mbits/sec  5574  
[ 23]  58.00-59.00  sec  7.59 MBytes  63.7 Mbits/sec  5574  
[ 25]  58.00-59.00  sec  7.59 MBytes  63.7 Mbits/sec  5574  
[ 27]  58.00-59.00  sec  7.59 MBytes  63.7 Mbits/sec  5574  
[ 29]  58.00-59.00  sec  7.59 MBytes  63.7 Mbits/sec  5574  
[ 31]  58.00-59.00  sec  7.59 MBytes  63.7 Mbits/sec  5574  
[ 33]  58.00-59.00  sec  7.59 MBytes  63.7 Mbits/sec  5574  
[ 35]  58.00-59.00  sec  7.59 MBytes  63.7 Mbits/sec  5574  
[ 37]  58.00-59.00  sec  7.59 MBytes  63.7 Mbits/sec  5574  
[ 39]  58.00-59.00  sec  7.59 MBytes  63.7 Mbits/sec  5574  
[ 41]  58.00-59.00  sec  7.59 MBytes  63.7 Mbits/sec  5574  
[ 43]  58.00-59.00  sec  7.59 MBytes  63.7 Mbits/sec  5574  
[SUM]  58.00-59.00  sec   152 MBytes  1274 Mbits/sec  111480  
- - - - - - - - - - - - - - - - - - - - - - - - -
[  5]  59.00-60.00  sec  7.61 MBytes  63.8 Mbits/sec  5589  
[  7]  59.00-60.00  sec  7.61 MBytes  63.8 Mbits/sec  5589  
[  9]  59.00-60.00  sec  7.61 MBytes  63.8 Mbits/sec  5589  
[ 11]  59.00-60.00  sec  7.61 MBytes  63.8 Mbits/sec  5589  
[ 13]  59.00-60.00  sec  7.61 MBytes  63.8 Mbits/sec  5589  
[ 15]  59.00-60.00  sec  7.61 MBytes  63.8 Mbits/sec  5589  
[ 17]  59.00-60.00  sec  7.61 MBytes  63.8 Mbits/sec  5589  
[ 19]  59.00-60.00  sec  7.61 MBytes  63.8 Mbits/sec  5589  
[ 21]  59.00-60.00  sec  7.61 MBytes  63.8 Mbits/sec  5589  
[ 23]  59.00-60.00  sec  7.61 MBytes  63.8 Mbits/sec  5589  
[ 25]  59.00-60.00  sec  7.61 MBytes  63.8 Mbits/sec  5589  
[ 27]  59.00-60.00  sec  7.61 MBytes  63.8 Mbits/sec  5589  
[ 29]  59.00-60.00  sec  7.61 MBytes  63.8 Mbits/sec  5588  
[ 31]  59.00-60.00  sec  7.61 MBytes  63.8 Mbits/sec  5588  
[ 33]  59.00-60.00  sec  7.61 MBytes  63.8 Mbits/sec  5588  
[ 35]  59.00-60.00  sec  7.61 MBytes  63.8 Mbits/sec  5588  
[ 37]  59.00-60.00  sec  7.61 MBytes  63.8 Mbits/sec  5588  
[ 39]  59.00-60.00  sec  7.61 MBytes  63.8 Mbits/sec  5588  
[ 41]  59.00-60.00  sec  7.61 MBytes  63.8 Mbits/sec  5588  
[ 43]  59.00-60.00  sec  7.61 MBytes  63.8 Mbits/sec  5588  
[SUM]  59.00-60.00  sec   152 MBytes  1277 Mbits/sec  111772  
- - - - - - - - - - - - - - - - - - - - - - - - -
[ ID] Interval           Transfer     Bitrate         Jitter    Lost/Total Datagrams
[  5]   0.00-60.00  sec   435 MBytes  60.9 Mbits/sec  0.000 ms  0/319614 (0%)  sender
[  5]   0.00-60.01  sec   435 MBytes  60.8 Mbits/sec  0.099 ms  0/319614 (0%)  receiver
[  7]   0.00-60.00  sec   435 MBytes  60.9 Mbits/sec  0.000 ms  0/319605 (0%)  sender
[  7]   0.00-60.01  sec   435 MBytes  60.8 Mbits/sec  0.107 ms  0/319605 (0%)  receiver
[  9]   0.00-60.00  sec   435 MBytes  60.9 Mbits/sec  0.000 ms  0/319600 (0%)  sender
[  9]   0.00-60.01  sec   435 MBytes  60.8 Mbits/sec  0.128 ms  0/319600 (0%)  receiver
[ 11]   0.00-60.00  sec   435 MBytes  60.8 Mbits/sec  0.000 ms  0/319587 (0%)  sender
[ 11]   0.00-60.01  sec   435 MBytes  60.8 Mbits/sec  0.071 ms  0/319587 (0%)  receiver
[ 13]   0.00-60.00  sec   435 MBytes  60.8 Mbits/sec  0.000 ms  0/319582 (0%)  sender
[ 13]   0.00-60.01  sec   435 MBytes  60.8 Mbits/sec  0.129 ms  0/319582 (0%)  receiver
[ 15]   0.00-60.00  sec   435 MBytes  60.8 Mbits/sec  0.000 ms  0/319582 (0%)  sender
[ 15]   0.00-60.01  sec   435 MBytes  60.8 Mbits/sec  0.060 ms  0/319582 (0%)  receiver
[ 17]   0.00-60.00  sec   435 MBytes  60.8 Mbits/sec  0.000 ms  0/319573 (0%)  sender
[ 17]   0.00-60.01  sec   435 MBytes  60.8 Mbits/sec  0.082 ms  1/319573 (0.00031%)  receiver
[ 19]   0.00-60.00  sec   435 MBytes  60.8 Mbits/sec  0.000 ms  0/319570 (0%)  sender
[ 19]   0.00-60.01  sec   435 MBytes  60.8 Mbits/sec  0.128 ms  0/319570 (0%)  receiver
[ 21]   0.00-60.00  sec   435 MBytes  60.8 Mbits/sec  0.000 ms  0/319557 (0%)  sender
[ 21]   0.00-60.01  sec   435 MBytes  60.8 Mbits/sec  0.057 ms  0/319557 (0%)  receiver
[ 23]   0.00-60.00  sec   435 MBytes  60.8 Mbits/sec  0.000 ms  0/319561 (0%)  sender
[ 23]   0.00-60.01  sec   435 MBytes  60.8 Mbits/sec  0.099 ms  0/319561 (0%)  receiver
[ 25]   0.00-60.00  sec   435 MBytes  60.8 Mbits/sec  0.000 ms  0/319561 (0%)  sender
[ 25]   0.00-60.01  sec   435 MBytes  60.8 Mbits/sec  0.127 ms  1/319561 (0.00031%)  receiver
[ 27]   0.00-60.00  sec   435 MBytes  60.8 Mbits/sec  0.000 ms  0/319555 (0%)  sender
[ 27]   0.00-60.01  sec   435 MBytes  60.8 Mbits/sec  0.198 ms  0/319555 (0%)  receiver
[ 29]   0.00-60.00  sec   435 MBytes  60.8 Mbits/sec  0.000 ms  0/319554 (0%)  sender
[ 29]   0.00-60.01  sec   435 MBytes  60.8 Mbits/sec  0.211 ms  0/319554 (0%)  receiver
[ 31]   0.00-60.00  sec   435 MBytes  60.8 Mbits/sec  0.000 ms  0/319540 (0%)  sender
[ 31]   0.00-60.01  sec   435 MBytes  60.8 Mbits/sec  0.088 ms  0/319540 (0%)  receiver
[ 33]   0.00-60.00  sec   435 MBytes  60.8 Mbits/sec  0.000 ms  0/319530 (0%)  sender
[ 33]   0.00-60.01  sec   435 MBytes  60.8 Mbits/sec  0.161 ms  0/319530 (0%)  receiver
[ 35]   0.00-60.00  sec   435 MBytes  60.8 Mbits/sec  0.000 ms  0/319525 (0%)  sender
[ 35]   0.00-60.01  sec   435 MBytes  60.8 Mbits/sec  0.097 ms  0/319525 (0%)  receiver
[ 37]   0.00-60.00  sec   435 MBytes  60.8 Mbits/sec  0.000 ms  0/319522 (0%)  sender
[ 37]   0.00-60.01  sec   435 MBytes  60.8 Mbits/sec  0.116 ms  0/319522 (0%)  receiver
[ 39]   0.00-60.00  sec   435 MBytes  60.8 Mbits/sec  0.000 ms  0/319518 (0%)  sender
[ 39]   0.00-60.01  sec   435 MBytes  60.8 Mbits/sec  0.114 ms  0/319518 (0%)  receiver
[ 41]   0.00-60.00  sec   435 MBytes  60.8 Mbits/sec  0.000 ms  0/319517 (0%)  sender
[ 41]   0.00-60.01  sec   435 MBytes  60.8 Mbits/sec  0.076 ms  0/319517 (0%)  receiver
[ 43]   0.00-60.00  sec   435 MBytes  60.8 Mbits/sec  0.000 ms  0/319516 (0%)  sender
[ 43]   0.00-60.01  sec   435 MBytes  60.8 Mbits/sec  0.116 ms  0/319516 (0%)  receiver
[SUM]   0.00-60.00  sec  8.50 GBytes  1217 Mbits/sec  0.000 ms  0/6391169 (0%)  sender
[SUM]   0.00-60.01  sec  8.50 GBytes  1217 Mbits/sec  0.113 ms  2/6391169 (3.1e-05%)  receiver

iperf Done.
