Connecting to host 10.10.0.6, port 30000
[  5] local 10.244.73.1 port 55767 connected to 10.10.0.6 port 30000
[ ID] Interval           Transfer     Bitrate         Total Datagrams
[  5]   0.00-1.00   sec   125 MBytes  1051 Mbits/sec  91994  
[  5]   1.00-2.00   sec   118 MBytes   991 Mbits/sec  86707  
[  5]   2.00-3.00   sec   113 MBytes   950 Mbits/sec  83127  
[  5]   3.00-4.00   sec   127 MBytes  1069 Mbits/sec  93589  
[  5]   4.00-5.00   sec   118 MBytes   992 Mbits/sec  86870  
[  5]   5.00-6.00   sec   125 MBytes  1049 Mbits/sec  91860  
[  5]   6.00-7.00   sec   125 MBytes  1047 Mbits/sec  91641  
[  5]   7.00-8.00   sec   129 MBytes  1083 Mbits/sec  94788  
[  5]   8.00-9.00   sec   122 MBytes  1026 Mbits/sec  89852  
[  5]   9.00-10.00  sec   120 MBytes  1003 Mbits/sec  87780  
[  5]  10.00-11.00  sec   121 MBytes  1019 Mbits/sec  89158  
[  5]  11.00-12.00  sec   120 MBytes  1008 Mbits/sec  88242  
[  5]  12.00-13.00  sec   121 MBytes  1014 Mbits/sec  88749  
[  5]  13.00-14.00  sec   123 MBytes  1030 Mbits/sec  90118  
[  5]  14.00-15.00  sec   127 MBytes  1067 Mbits/sec  93404  
[  5]  15.00-16.00  sec   110 MBytes   923 Mbits/sec  80778  
[  5]  16.00-17.00  sec   117 MBytes   985 Mbits/sec  86203  
[  5]  17.00-18.00  sec   114 MBytes   960 Mbits/sec  83990  
[  5]  18.00-19.00  sec   113 MBytes   948 Mbits/sec  83021  
[  5]  19.00-20.00  sec   123 MBytes  1028 Mbits/sec  89977  
[  5]  20.00-21.00  sec   120 MBytes  1009 Mbits/sec  88283  
[  5]  21.00-22.00  sec   114 MBytes   958 Mbits/sec  83867  
[  5]  22.00-23.00  sec   119 MBytes   995 Mbits/sec  87075  
[  5]  23.00-24.00  sec   123 MBytes  1032 Mbits/sec  90336  
[  5]  24.00-25.00  sec   123 MBytes  1035 Mbits/sec  90581  
[  5]  25.00-26.00  sec   123 MBytes  1029 Mbits/sec  90051  
[  5]  26.00-27.00  sec   115 MBytes   965 Mbits/sec  84464  
[  5]  27.00-28.00  sec   118 MBytes   990 Mbits/sec  86693  
[  5]  28.00-29.00  sec   122 MBytes  1021 Mbits/sec  89390  
[  5]  29.00-30.00  sec   123 MBytes  1029 Mbits/sec  90076  
[  5]  30.00-31.00  sec   121 MBytes  1015 Mbits/sec  88819  
[  5]  31.00-32.00  sec   123 MBytes  1030 Mbits/sec  90180  
[  5]  32.00-33.00  sec   122 MBytes  1021 Mbits/sec  89352  
[  5]  33.00-34.00  sec   122 MBytes  1026 Mbits/sec  89796  
[  5]  34.00-35.00  sec   121 MBytes  1017 Mbits/sec  89024  
[  5]  35.00-36.00  sec   122 MBytes  1023 Mbits/sec  89547  
[  5]  36.00-37.00  sec   119 MBytes   997 Mbits/sec  87242  
[  5]  37.00-38.00  sec   122 MBytes  1020 Mbits/sec  89276  
[  5]  38.00-39.00  sec   116 MBytes   976 Mbits/sec  85432  
[  5]  39.00-40.00  sec   118 MBytes   987 Mbits/sec  86423  
[  5]  40.00-41.00  sec   121 MBytes  1017 Mbits/sec  89042  
[  5]  41.00-42.00  sec   109 MBytes   914 Mbits/sec  80019  
[  5]  42.00-43.00  sec   104 MBytes   873 Mbits/sec  76456  
[  5]  43.00-44.00  sec   119 MBytes   997 Mbits/sec  87234  
[  5]  44.00-45.00  sec   119 MBytes  1000 Mbits/sec  87498  
[  5]  45.00-46.00  sec   116 MBytes   975 Mbits/sec  85343  
[  5]  46.00-47.00  sec   115 MBytes   962 Mbits/sec  84226  
[  5]  47.00-48.00  sec   106 MBytes   893 Mbits/sec  78151  
[  5]  48.00-49.00  sec   116 MBytes   977 Mbits/sec  85538  
[  5]  49.00-50.00  sec   123 MBytes  1029 Mbits/sec  90114  
[  5]  50.00-51.00  sec   123 MBytes  1031 Mbits/sec  90284  
[  5]  51.00-52.00  sec   123 MBytes  1028 Mbits/sec  89981  
[  5]  52.00-53.00  sec   122 MBytes  1023 Mbits/sec  89514  
[  5]  53.00-54.00  sec   122 MBytes  1026 Mbits/sec  89819  
[  5]  54.00-55.00  sec   123 MBytes  1030 Mbits/sec  90143  
[  5]  55.00-56.00  sec   122 MBytes  1020 Mbits/sec  89300  
[  5]  56.00-57.00  sec   117 MBytes   983 Mbits/sec  86066  
[  5]  57.00-58.00  sec   121 MBytes  1012 Mbits/sec  88591  
[  5]  58.00-59.00  sec   121 MBytes  1016 Mbits/sec  88959  
[  5]  59.00-60.00  sec   111 MBytes   931 Mbits/sec  81457  
- - - - - - - - - - - - - - - - - - - - - - - - -
[ ID] Interval           Transfer     Bitrate         Jitter    Lost/Total Datagrams
[  5]   0.00-60.00  sec  7.00 GBytes  1003 Mbits/sec  0.000 ms  0/5265490 (0%)  sender
[  5]   0.00-60.01  sec  7.00 GBytes  1002 Mbits/sec  0.015 ms  2290/5265490 (0.043%)  receiver

iperf Done.
