Connecting to host 10.10.0.4, port 30000
[  5] local 10.244.1.2 port 34412 connected to 10.10.0.4 port 30000
[ ID] Interval           Transfer     Bitrate         Retr  Cwnd
[  5]   0.00-1.00   sec   347 MBytes  2911 Mbits/sec  191   6.16 MBytes       
[  5]   1.00-2.00   sec   382 MBytes  3208 Mbits/sec    0   6.16 MBytes       
[  5]   2.00-3.00   sec   379 MBytes  3177 Mbits/sec    0   6.16 MBytes       
[  5]   3.00-4.00   sec   382 MBytes  3209 Mbits/sec    0   6.16 MBytes       
[  5]   4.00-5.00   sec   382 MBytes  3209 Mbits/sec    0   6.16 MBytes       
[  5]   5.00-6.00   sec   384 MBytes  3219 Mbits/sec    0   6.16 MBytes       
[  5]   6.00-7.00   sec   382 MBytes  3209 Mbits/sec    0   6.16 MBytes       
[  5]   7.00-8.00   sec   382 MBytes  3209 Mbits/sec    0   6.16 MBytes       
[  5]   8.00-9.00   sec   384 MBytes  3219 Mbits/sec    0   6.16 MBytes       
[  5]   9.00-10.00  sec   381 MBytes  3198 Mbits/sec    0   6.16 MBytes       
[  5]  10.00-11.00  sec   384 MBytes  3219 Mbits/sec    0   6.16 MBytes       
[  5]  11.00-12.00  sec   382 MBytes  3209 Mbits/sec    0   6.16 MBytes       
[  5]  12.00-13.00  sec   384 MBytes  3219 Mbits/sec    0   6.16 MBytes       
[  5]  13.00-14.00  sec   372 MBytes  3125 Mbits/sec   44   4.31 MBytes       
[  5]  14.00-15.00  sec   381 MBytes  3198 Mbits/sec    0   4.31 MBytes       
[  5]  15.00-16.00  sec   378 MBytes  3167 Mbits/sec    0   4.31 MBytes       
[  5]  16.00-17.00  sec   380 MBytes  3187 Mbits/sec    0   4.31 MBytes       
[  5]  17.00-18.00  sec   382 MBytes  3209 Mbits/sec    0   4.31 MBytes       
[  5]  18.00-19.00  sec   381 MBytes  3198 Mbits/sec    0   4.31 MBytes       
[  5]  19.00-20.00  sec   381 MBytes  3198 Mbits/sec    0   4.31 MBytes       
[  5]  20.00-21.00  sec   384 MBytes  3219 Mbits/sec    0   4.31 MBytes       
[  5]  21.00-22.00  sec   380 MBytes  3188 Mbits/sec    0   4.31 MBytes       
[  5]  22.00-23.00  sec   379 MBytes  3177 Mbits/sec    0   4.31 MBytes       
[  5]  23.00-24.00  sec   380 MBytes  3188 Mbits/sec    0   4.31 MBytes       
[  5]  24.00-25.00  sec   379 MBytes  3177 Mbits/sec    0   4.31 MBytes       
[  5]  25.00-26.00  sec   379 MBytes  3177 Mbits/sec    0   4.31 MBytes       
[  5]  26.00-27.00  sec   381 MBytes  3198 Mbits/sec    0   4.31 MBytes       
[  5]  27.00-28.00  sec   384 MBytes  3219 Mbits/sec    0   4.31 MBytes       
[  5]  28.00-29.00  sec   382 MBytes  3209 Mbits/sec    0   4.31 MBytes       
[  5]  29.00-30.00  sec   382 MBytes  3209 Mbits/sec    0   4.31 MBytes       
[  5]  30.00-31.00  sec   381 MBytes  3198 Mbits/sec    0   4.31 MBytes       
[  5]  31.00-32.00  sec   380 MBytes  3188 Mbits/sec    0   4.31 MBytes       
[  5]  32.00-33.00  sec   381 MBytes  3198 Mbits/sec    0   4.31 MBytes       
[  5]  33.00-34.00  sec   382 MBytes  3209 Mbits/sec    0   4.31 MBytes       
[  5]  34.00-35.00  sec   382 MBytes  3209 Mbits/sec    0   4.31 MBytes       
[  5]  35.00-36.00  sec   370 MBytes  3104 Mbits/sec   21   3.03 MBytes       
[  5]  36.00-37.00  sec   298 MBytes  2496 Mbits/sec    0   3.19 MBytes       
[  5]  37.00-38.00  sec   311 MBytes  2611 Mbits/sec    0   3.33 MBytes       
[  5]  38.00-39.00  sec   322 MBytes  2705 Mbits/sec    0   3.43 MBytes       
[  5]  39.00-40.00  sec   334 MBytes  2800 Mbits/sec    0   3.51 MBytes       
[  5]  40.00-41.00  sec   340 MBytes  2852 Mbits/sec    0   3.57 MBytes       
[  5]  41.00-42.00  sec   342 MBytes  2873 Mbits/sec    0   3.62 MBytes       
[  5]  42.00-43.00  sec   348 MBytes  2915 Mbits/sec    0   3.64 MBytes       
[  5]  43.00-44.00  sec   289 MBytes  2422 Mbits/sec  141   2.64 MBytes       
[  5]  44.00-45.00  sec   236 MBytes  1982 Mbits/sec  174   1.95 MBytes       
[  5]  45.00-46.00  sec   189 MBytes  1583 Mbits/sec    0   2.07 MBytes       
[  5]  46.00-47.00  sec   202 MBytes  1699 Mbits/sec    0   2.15 MBytes       
[  5]  47.00-48.00  sec   209 MBytes  1751 Mbits/sec    0   2.22 MBytes       
[  5]  48.00-49.00  sec   215 MBytes  1804 Mbits/sec    0   2.27 MBytes       
[  5]  49.00-50.00  sec   216 MBytes  1814 Mbits/sec    0   2.30 MBytes       
[  5]  50.00-51.00  sec   221 MBytes  1856 Mbits/sec    0   2.35 MBytes       
[  5]  51.00-52.00  sec   228 MBytes  1908 Mbits/sec    0   2.42 MBytes       
[  5]  52.00-53.00  sec   234 MBytes  1961 Mbits/sec    0   2.49 MBytes       
[  5]  53.00-54.00  sec   241 MBytes  2024 Mbits/sec    0   2.56 MBytes       
[  5]  54.00-55.00  sec   248 MBytes  2076 Mbits/sec    0   2.63 MBytes       
[  5]  55.00-56.00  sec   254 MBytes  2129 Mbits/sec    0   2.70 MBytes       
[  5]  56.00-57.00  sec   262 MBytes  2202 Mbits/sec    0   2.77 MBytes       
[  5]  57.00-58.00  sec   269 MBytes  2254 Mbits/sec    0   2.84 MBytes       
[  5]  58.00-59.00  sec   275 MBytes  2307 Mbits/sec    0   2.92 MBytes       
[  5]  59.00-60.00  sec   282 MBytes  2370 Mbits/sec    0   2.99 MBytes       
- - - - - - - - - - - - - - - - - - - - - - - - -
[ ID] Interval           Transfer     Bitrate         Retr
[  5]   0.00-60.00  sec  19.6 GBytes  2803 Mbits/sec  571             sender
[  5]   0.00-60.01  sec  19.6 GBytes  2802 Mbits/sec                  receiver

iperf Done.
