Connecting to host 10.10.0.2, port 30000
[  5] local 10.244.1.2 port 37398 connected to 10.10.0.2 port 30000
[ ID] Interval           Transfer     Bitrate         Retr  Cwnd
[  5]   0.00-1.00   sec   368 MBytes  3086 Mbits/sec   41   8.09 MBytes       
[  5]   1.00-2.00   sec   402 MBytes  3376 Mbits/sec    0   8.09 MBytes       
[  5]   2.00-3.00   sec   400 MBytes  3355 Mbits/sec    0   8.09 MBytes       
[  5]   3.00-4.00   sec   399 MBytes  3345 Mbits/sec    0   8.09 MBytes       
[  5]   4.00-5.00   sec   401 MBytes  3366 Mbits/sec   92   8.09 MBytes       
[  5]   5.00-6.00   sec   396 MBytes  3324 Mbits/sec   92   8.09 MBytes       
[  5]   6.00-7.00   sec   404 MBytes  3387 Mbits/sec    0   8.09 MBytes       
[  5]   7.00-8.00   sec   402 MBytes  3376 Mbits/sec    0   8.09 MBytes       
[  5]   8.00-9.00   sec   404 MBytes  3387 Mbits/sec    0   8.09 MBytes       
[  5]   9.00-10.00  sec   399 MBytes  3345 Mbits/sec    0   8.09 MBytes       
[  5]  10.00-11.00  sec   392 MBytes  3292 Mbits/sec  138   5.66 MBytes       
[  5]  11.00-12.00  sec   402 MBytes  3376 Mbits/sec    0   5.66 MBytes       
[  5]  12.00-13.00  sec   402 MBytes  3376 Mbits/sec    0   5.66 MBytes       
[  5]  13.00-14.00  sec   399 MBytes  3345 Mbits/sec    0   5.66 MBytes       
[  5]  14.00-15.00  sec   392 MBytes  3292 Mbits/sec   11   5.66 MBytes       
[  5]  15.00-16.00  sec   401 MBytes  3366 Mbits/sec    0   5.66 MBytes       
[  5]  16.00-17.00  sec   399 MBytes  3345 Mbits/sec    0   5.66 MBytes       
[  5]  17.00-18.00  sec   404 MBytes  3387 Mbits/sec    0   5.66 MBytes       
[  5]  18.00-19.00  sec   395 MBytes  3313 Mbits/sec   46   5.66 MBytes       
[  5]  19.00-20.00  sec   404 MBytes  3387 Mbits/sec    0   5.66 MBytes       
[  5]  20.00-21.00  sec   400 MBytes  3354 Mbits/sec    0   5.66 MBytes       
[  5]  21.00-22.00  sec   400 MBytes  3357 Mbits/sec    0   5.66 MBytes       
[  5]  22.00-23.00  sec   399 MBytes  3345 Mbits/sec    0   5.66 MBytes       
[  5]  23.00-24.00  sec   398 MBytes  3334 Mbits/sec    0   5.66 MBytes       
[  5]  24.00-25.00  sec   400 MBytes  3356 Mbits/sec    0   5.66 MBytes       
[  5]  25.00-26.00  sec   386 MBytes  3240 Mbits/sec  344   4.01 MBytes       
[  5]  26.00-27.00  sec   389 MBytes  3261 Mbits/sec   16   4.01 MBytes       
[  5]  27.00-28.00  sec   390 MBytes  3271 Mbits/sec    0   4.01 MBytes       
[  5]  28.00-29.00  sec   390 MBytes  3272 Mbits/sec    0   4.01 MBytes       
[  5]  29.00-30.00  sec   390 MBytes  3272 Mbits/sec    0   4.01 MBytes       
[  5]  30.00-31.00  sec   389 MBytes  3261 Mbits/sec    0   4.01 MBytes       
[  5]  31.00-32.00  sec   396 MBytes  3324 Mbits/sec    0   4.01 MBytes       
[  5]  32.00-33.00  sec   396 MBytes  3323 Mbits/sec    0   4.01 MBytes       
[  5]  33.00-34.00  sec   401 MBytes  3367 Mbits/sec    0   4.01 MBytes       
[  5]  34.00-35.00  sec   404 MBytes  3387 Mbits/sec    0   4.01 MBytes       
[  5]  35.00-36.00  sec   396 MBytes  3325 Mbits/sec    0   4.01 MBytes       
[  5]  36.00-37.00  sec   402 MBytes  3376 Mbits/sec    0   4.01 MBytes       
[  5]  37.00-38.00  sec   399 MBytes  3345 Mbits/sec    0   4.01 MBytes       
[  5]  38.00-39.00  sec   395 MBytes  3314 Mbits/sec    0   4.01 MBytes       
[  5]  39.00-40.00  sec   404 MBytes  3386 Mbits/sec    0   4.01 MBytes       
[  5]  40.00-41.00  sec   401 MBytes  3366 Mbits/sec    0   4.01 MBytes       
[  5]  41.00-42.00  sec   402 MBytes  3378 Mbits/sec    0   4.01 MBytes       
[  5]  42.00-43.00  sec   399 MBytes  3345 Mbits/sec    0   4.01 MBytes       
[  5]  43.00-44.00  sec   404 MBytes  3387 Mbits/sec    0   4.01 MBytes       
[  5]  44.00-45.00  sec   371 MBytes  3114 Mbits/sec  417   2.84 MBytes       
[  5]  45.00-46.00  sec   299 MBytes  2506 Mbits/sec    0   3.09 MBytes       
[  5]  46.00-47.00  sec   325 MBytes  2726 Mbits/sec    0   3.30 MBytes       
[  5]  47.00-48.00  sec   344 MBytes  2883 Mbits/sec    0   3.48 MBytes       
[  5]  48.00-49.00  sec   361 MBytes  3031 Mbits/sec    0   3.62 MBytes       
[  5]  49.00-50.00  sec   376 MBytes  3156 Mbits/sec    0   3.74 MBytes       
[  5]  50.00-51.00  sec   382 MBytes  3209 Mbits/sec    0   3.83 MBytes       
[  5]  51.00-52.00  sec   394 MBytes  3302 Mbits/sec    0   3.89 MBytes       
[  5]  52.00-53.00  sec   398 MBytes  3336 Mbits/sec    0   3.94 MBytes       
[  5]  53.00-54.00  sec   392 MBytes  3292 Mbits/sec    0   3.97 MBytes       
[  5]  54.00-55.00  sec   400 MBytes  3355 Mbits/sec    0   3.99 MBytes       
[  5]  55.00-56.00  sec   404 MBytes  3387 Mbits/sec    0   4.00 MBytes       
[  5]  56.00-57.00  sec   400 MBytes  3355 Mbits/sec    0   4.00 MBytes       
[  5]  57.00-58.00  sec   398 MBytes  3334 Mbits/sec    0   4.00 MBytes       
[  5]  58.00-59.00  sec   399 MBytes  3345 Mbits/sec    0   4.00 MBytes       
[  5]  59.00-60.00  sec   332 MBytes  2789 Mbits/sec  390   2.89 MBytes       
- - - - - - - - - - - - - - - - - - - - - - - - -
[ ID] Interval           Transfer     Bitrate         Retr
[  5]   0.00-60.00  sec  22.9 GBytes  3282 Mbits/sec  1587             sender
[  5]   0.00-60.01  sec  22.9 GBytes  3281 Mbits/sec                  receiver

iperf Done.
