Connecting to host 10.10.0.6, port 30000
[  5] local 10.244.1.2 port 60798 connected to 10.10.0.6 port 30000
[ ID] Interval           Transfer     Bitrate         Retr  Cwnd
[  5]   0.00-1.00   sec   340 MBytes  2853 Mbits/sec    8   8.02 MBytes       
[  5]   1.00-2.00   sec   378 MBytes  3167 Mbits/sec    0   8.02 MBytes       
[  5]   2.00-3.00   sec   378 MBytes  3167 Mbits/sec    0   8.02 MBytes       
[  5]   3.00-4.00   sec   376 MBytes  3156 Mbits/sec    0   8.02 MBytes       
[  5]   4.00-5.00   sec   368 MBytes  3083 Mbits/sec  386   5.61 MBytes       
[  5]   5.00-6.00   sec   380 MBytes  3188 Mbits/sec    0   5.61 MBytes       
[  5]   6.00-7.00   sec   381 MBytes  3198 Mbits/sec    0   5.61 MBytes       
[  5]   7.00-8.00   sec   378 MBytes  3167 Mbits/sec    0   5.61 MBytes       
[  5]   8.00-9.00   sec   381 MBytes  3198 Mbits/sec    0   5.61 MBytes       
[  5]   9.00-10.00  sec   380 MBytes  3188 Mbits/sec    0   5.61 MBytes       
[  5]  10.00-11.00  sec   379 MBytes  3177 Mbits/sec    0   5.61 MBytes       
[  5]  11.00-12.00  sec   379 MBytes  3177 Mbits/sec    0   5.61 MBytes       
[  5]  12.00-13.00  sec   381 MBytes  3198 Mbits/sec    0   5.61 MBytes       
[  5]  13.00-14.00  sec   378 MBytes  3167 Mbits/sec    0   5.61 MBytes       
[  5]  14.00-15.00  sec   381 MBytes  3198 Mbits/sec    0   5.61 MBytes       
[  5]  15.00-16.00  sec   381 MBytes  3198 Mbits/sec    0   5.61 MBytes       
[  5]  16.00-17.00  sec   381 MBytes  3198 Mbits/sec    0   5.61 MBytes       
[  5]  17.00-18.00  sec   381 MBytes  3198 Mbits/sec    0   5.61 MBytes       
[  5]  18.00-19.00  sec   370 MBytes  3104 Mbits/sec   19   4.01 MBytes       
[  5]  19.00-20.00  sec   355 MBytes  2978 Mbits/sec  135   2.83 MBytes       
[  5]  20.00-21.00  sec   278 MBytes  2328 Mbits/sec    0   2.98 MBytes       
[  5]  21.00-22.00  sec   291 MBytes  2443 Mbits/sec    0   3.11 MBytes       
[  5]  22.00-23.00  sec   301 MBytes  2527 Mbits/sec    0   3.20 MBytes       
[  5]  23.00-24.00  sec   309 MBytes  2590 Mbits/sec    0   3.28 MBytes       
[  5]  24.00-25.00  sec   315 MBytes  2642 Mbits/sec    0   3.33 MBytes       
[  5]  25.00-26.00  sec   319 MBytes  2674 Mbits/sec    0   3.37 MBytes       
[  5]  26.00-27.00  sec   324 MBytes  2716 Mbits/sec    0   3.39 MBytes       
[  5]  27.00-28.00  sec   325 MBytes  2726 Mbits/sec    0   3.40 MBytes       
[  5]  28.00-29.00  sec   325 MBytes  2727 Mbits/sec    0   3.44 MBytes       
[  5]  29.00-30.00  sec   331 MBytes  2779 Mbits/sec    0   3.50 MBytes       
[  5]  30.00-31.00  sec   339 MBytes  2842 Mbits/sec    0   3.57 MBytes       
[  5]  31.00-32.00  sec   344 MBytes  2884 Mbits/sec    0   3.64 MBytes       
[  5]  32.00-33.00  sec   350 MBytes  2936 Mbits/sec    0   3.71 MBytes       
[  5]  33.00-34.00  sec   358 MBytes  2999 Mbits/sec    0   3.78 MBytes       
[  5]  34.00-35.00  sec   364 MBytes  3051 Mbits/sec    0   3.85 MBytes       
[  5]  35.00-36.00  sec   368 MBytes  3083 Mbits/sec    0   3.91 MBytes       
[  5]  36.00-37.00  sec   374 MBytes  3135 Mbits/sec    0   3.98 MBytes       
[  5]  37.00-38.00  sec   379 MBytes  3177 Mbits/sec    0   4.00 MBytes       
[  5]  38.00-39.00  sec   380 MBytes  3188 Mbits/sec    0   4.00 MBytes       
[  5]  39.00-40.00  sec   378 MBytes  3167 Mbits/sec    0   4.00 MBytes       
[  5]  40.00-41.00  sec   304 MBytes  2548 Mbits/sec    6   2.98 MBytes       
[  5]  41.00-42.00  sec   292 MBytes  2454 Mbits/sec    0   3.20 MBytes       
[  5]  42.00-43.00  sec   314 MBytes  2632 Mbits/sec    0   3.40 MBytes       
[  5]  43.00-44.00  sec   331 MBytes  2779 Mbits/sec    0   3.56 MBytes       
[  5]  44.00-45.00  sec   344 MBytes  2884 Mbits/sec    0   3.69 MBytes       
[  5]  45.00-46.00  sec   359 MBytes  3009 Mbits/sec    0   3.79 MBytes       
[  5]  46.00-47.00  sec   331 MBytes  2779 Mbits/sec   31   2.73 MBytes       
[  5]  47.00-48.00  sec   269 MBytes  2254 Mbits/sec    0   2.88 MBytes       
[  5]  48.00-49.00  sec   279 MBytes  2338 Mbits/sec    0   2.99 MBytes       
[  5]  49.00-50.00  sec   290 MBytes  2432 Mbits/sec    0   3.09 MBytes       
[  5]  50.00-51.00  sec   298 MBytes  2496 Mbits/sec    0   3.15 MBytes       
[  5]  51.00-52.00  sec   301 MBytes  2527 Mbits/sec    0   3.20 MBytes       
[  5]  52.00-53.00  sec   308 MBytes  2580 Mbits/sec    0   3.23 MBytes       
[  5]  53.00-54.00  sec   309 MBytes  2590 Mbits/sec    0   3.25 MBytes       
[  5]  54.00-55.00  sec   312 MBytes  2621 Mbits/sec    0   3.26 MBytes       
[  5]  55.00-56.00  sec   314 MBytes  2632 Mbits/sec    0   3.33 MBytes       
[  5]  56.00-57.00  sec   320 MBytes  2684 Mbits/sec    0   3.40 MBytes       
[  5]  57.00-58.00  sec   329 MBytes  2758 Mbits/sec    0   3.47 MBytes       
[  5]  58.00-59.00  sec   335 MBytes  2810 Mbits/sec    0   3.54 MBytes       
[  5]  59.00-60.00  sec   341 MBytes  2863 Mbits/sec    0   3.61 MBytes       
- - - - - - - - - - - - - - - - - - - - - - - - -
[ ID] Interval           Transfer     Bitrate         Retr
[  5]   0.00-60.00  sec  20.1 GBytes  2871 Mbits/sec  585             sender
[  5]   0.00-60.01  sec  20.0 GBytes  2870 Mbits/sec                  receiver

iperf Done.
