Connecting to host 10.10.0.2, port 30000
[  5] local 10.244.1.2 port 52968 connected to 10.10.0.2 port 30000
[ ID] Interval           Transfer     Bitrate         Total Datagrams
[  5]   0.00-1.00   sec   155 MBytes  1298 Mbits/sec  113645  
[  5]   1.00-2.00   sec   155 MBytes  1300 Mbits/sec  113810  
[  5]   2.00-3.00   sec   156 MBytes  1309 Mbits/sec  114564  
[  5]   3.00-4.00   sec   155 MBytes  1301 Mbits/sec  113839  
[  5]   4.00-5.00   sec   156 MBytes  1313 Mbits/sec  114911  
[  5]   5.00-6.00   sec   155 MBytes  1299 Mbits/sec  113735  
[  5]   6.00-7.00   sec   156 MBytes  1310 Mbits/sec  114690  
[  5]   7.00-8.00   sec   155 MBytes  1303 Mbits/sec  114066  
[  5]   8.00-9.00   sec   151 MBytes  1265 Mbits/sec  110696  
[  5]   9.00-10.00  sec   155 MBytes  1304 Mbits/sec  114129  
[  5]  10.00-11.00  sec   156 MBytes  1310 Mbits/sec  114671  
[  5]  11.00-12.00  sec   156 MBytes  1309 Mbits/sec  114603  
[  5]  12.00-13.00  sec   156 MBytes  1304 Mbits/sec  114185  
[  5]  13.00-14.00  sec   153 MBytes  1286 Mbits/sec  112536  
[  5]  14.00-15.00  sec   156 MBytes  1307 Mbits/sec  114448  
[  5]  15.00-16.00  sec   155 MBytes  1299 Mbits/sec  113742  
[  5]  16.00-17.00  sec   156 MBytes  1309 Mbits/sec  114623  
[  5]  17.00-18.00  sec   156 MBytes  1307 Mbits/sec  114436  
[  5]  18.00-19.00  sec   156 MBytes  1311 Mbits/sec  114743  
[  5]  19.00-20.00  sec   154 MBytes  1290 Mbits/sec  112897  
[  5]  20.00-21.00  sec   156 MBytes  1308 Mbits/sec  114520  
[  5]  21.00-22.00  sec   155 MBytes  1301 Mbits/sec  113849  
[  5]  22.00-23.00  sec   155 MBytes  1303 Mbits/sec  114019  
[  5]  23.00-24.00  sec   154 MBytes  1289 Mbits/sec  112795  
[  5]  24.00-25.00  sec   154 MBytes  1288 Mbits/sec  112747  
[  5]  25.00-26.00  sec   154 MBytes  1289 Mbits/sec  112806  
[  5]  26.00-27.00  sec   156 MBytes  1305 Mbits/sec  114254  
[  5]  27.00-28.00  sec   155 MBytes  1303 Mbits/sec  114094  
[  5]  28.00-29.00  sec   155 MBytes  1300 Mbits/sec  113757  
[  5]  29.00-30.00  sec   156 MBytes  1306 Mbits/sec  114359  
[  5]  30.00-31.00  sec   156 MBytes  1313 Mbits/sec  114906  
[  5]  31.00-32.00  sec   148 MBytes  1239 Mbits/sec  108448  
[  5]  32.00-33.00  sec   144 MBytes  1210 Mbits/sec  105931  
[  5]  33.00-34.00  sec   154 MBytes  1289 Mbits/sec  112801  
[  5]  34.00-35.00  sec   156 MBytes  1308 Mbits/sec  114472  
[  5]  35.00-36.00  sec   154 MBytes  1291 Mbits/sec  113026  
[  5]  36.00-37.00  sec   154 MBytes  1288 Mbits/sec  112716  
[  5]  37.00-38.00  sec   154 MBytes  1289 Mbits/sec  112792  
[  5]  38.00-39.00  sec   155 MBytes  1299 Mbits/sec  113677  
[  5]  39.00-40.00  sec   154 MBytes  1295 Mbits/sec  113386  
[  5]  40.00-41.00  sec   156 MBytes  1311 Mbits/sec  114800  
[  5]  41.00-42.00  sec   154 MBytes  1296 Mbits/sec  113445  
[  5]  42.00-43.00  sec   152 MBytes  1277 Mbits/sec  111770  
[  5]  43.00-44.00  sec   153 MBytes  1280 Mbits/sec  112044  
[  5]  44.00-45.00  sec   154 MBytes  1293 Mbits/sec  113224  
[  5]  45.00-46.00  sec   155 MBytes  1299 Mbits/sec  113741  
[  5]  46.00-47.00  sec   157 MBytes  1316 Mbits/sec  115224  
[  5]  47.00-48.00  sec   156 MBytes  1308 Mbits/sec  114505  
[  5]  48.00-49.00  sec   156 MBytes  1312 Mbits/sec  114869  
[  5]  49.00-50.00  sec   150 MBytes  1260 Mbits/sec  110304  
[  5]  50.00-51.00  sec   157 MBytes  1314 Mbits/sec  115036  
[  5]  51.00-52.00  sec   154 MBytes  1293 Mbits/sec  113154  
[  5]  52.00-53.00  sec   158 MBytes  1322 Mbits/sec  115751  
[  5]  53.00-54.00  sec   155 MBytes  1297 Mbits/sec  113530  
[  5]  54.00-55.00  sec   152 MBytes  1274 Mbits/sec  111532  
[  5]  55.00-56.00  sec   155 MBytes  1299 Mbits/sec  113664  
[  5]  56.00-57.00  sec   157 MBytes  1317 Mbits/sec  115319  
[  5]  57.00-58.00  sec   156 MBytes  1310 Mbits/sec  114632  
[  5]  58.00-59.00  sec   157 MBytes  1313 Mbits/sec  114968  
[  5]  59.00-60.00  sec   156 MBytes  1305 Mbits/sec  114225  
- - - - - - - - - - - - - - - - - - - - - - - - -
[ ID] Interval           Transfer     Bitrate         Jitter    Lost/Total Datagrams
[  5]   0.00-60.00  sec  9.06 GBytes  1297 Mbits/sec  0.000 ms  0/6814061 (0%)  sender
[  5]   0.00-60.01  sec  8.86 GBytes  1268 Mbits/sec  0.007 ms  153721/6814061 (2.3%)  receiver

iperf Done.
