Connecting to host 10.10.0.4, port 30000
[  5] local 10.44.0.1 port 48837 connected to 10.10.0.4 port 30000
[  7] local 10.44.0.1 port 47269 connected to 10.10.0.4 port 30000
[  9] local 10.44.0.1 port 51392 connected to 10.10.0.4 port 30000
[ 11] local 10.44.0.1 port 41941 connected to 10.10.0.4 port 30000
[ 13] local 10.44.0.1 port 44105 connected to 10.10.0.4 port 30000
[ 15] local 10.44.0.1 port 34711 connected to 10.10.0.4 port 30000
[ 17] local 10.44.0.1 port 60561 connected to 10.10.0.4 port 30000
[ 19] local 10.44.0.1 port 57901 connected to 10.10.0.4 port 30000
[ 21] local 10.44.0.1 port 60943 connected to 10.10.0.4 port 30000
[ 23] local 10.44.0.1 port 36176 connected to 10.10.0.4 port 30000
[ 25] local 10.44.0.1 port 51769 connected to 10.10.0.4 port 30000
[ 27] local 10.44.0.1 port 36825 connected to 10.10.0.4 port 30000
[ 29] local 10.44.0.1 port 33220 connected to 10.10.0.4 port 30000
[ 31] local 10.44.0.1 port 34251 connected to 10.10.0.4 port 30000
[ 33] local 10.44.0.1 port 49822 connected to 10.10.0.4 port 30000
[ 35] local 10.44.0.1 port 42709 connected to 10.10.0.4 port 30000
[ 37] local 10.44.0.1 port 49412 connected to 10.10.0.4 port 30000
[ 39] local 10.44.0.1 port 48281 connected to 10.10.0.4 port 30000
[ 41] local 10.44.0.1 port 43887 connected to 10.10.0.4 port 30000
[ 43] local 10.44.0.1 port 41485 connected to 10.10.0.4 port 30000
[ ID] Interval           Transfer     Bitrate         Total Datagrams
[  5]   0.00-1.00   sec  8.43 MBytes  70.7 Mbits/sec  6678  
[  7]   0.00-1.00   sec  8.43 MBytes  70.7 Mbits/sec  6675  
[  9]   0.00-1.00   sec  8.43 MBytes  70.7 Mbits/sec  6674  
[ 11]   0.00-1.00   sec  8.43 MBytes  70.7 Mbits/sec  6673  
[ 13]   0.00-1.00   sec  8.42 MBytes  70.6 Mbits/sec  6671  
[ 15]   0.00-1.00   sec  8.42 MBytes  70.6 Mbits/sec  6670  
[ 17]   0.00-1.00   sec  8.42 MBytes  70.6 Mbits/sec  6669  
[ 19]   0.00-1.00   sec  8.42 MBytes  70.6 Mbits/sec  6668  
[ 21]   0.00-1.00   sec  8.42 MBytes  70.6 Mbits/sec  6666  
[ 23]   0.00-1.00   sec  8.42 MBytes  70.6 Mbits/sec  6666  
[ 25]   0.00-1.00   sec  8.42 MBytes  70.6 Mbits/sec  6665  
[ 27]   0.00-1.00   sec  8.41 MBytes  70.6 Mbits/sec  6663  
[ 29]   0.00-1.00   sec  8.41 MBytes  70.6 Mbits/sec  6663  
[ 31]   0.00-1.00   sec  8.41 MBytes  70.5 Mbits/sec  6661  
[ 33]   0.00-1.00   sec  8.41 MBytes  70.5 Mbits/sec  6658  
[ 35]   0.00-1.00   sec  8.41 MBytes  70.5 Mbits/sec  6658  
[ 37]   0.00-1.00   sec  8.40 MBytes  70.5 Mbits/sec  6656  
[ 39]   0.00-1.00   sec  8.40 MBytes  70.5 Mbits/sec  6655  
[ 41]   0.00-1.00   sec  8.40 MBytes  70.5 Mbits/sec  6653  
[ 43]   0.00-1.00   sec  8.40 MBytes  70.4 Mbits/sec  6651  
[SUM]   0.00-1.00   sec   168 MBytes  1412 Mbits/sec  133293  
- - - - - - - - - - - - - - - - - - - - - - - - -
[  5]   1.00-2.00   sec  7.43 MBytes  62.3 Mbits/sec  5881  
[  7]   1.00-2.00   sec  7.43 MBytes  62.3 Mbits/sec  5881  
[  9]   1.00-2.00   sec  7.43 MBytes  62.3 Mbits/sec  5881  
[ 11]   1.00-2.00   sec  7.43 MBytes  62.3 Mbits/sec  5881  
[ 13]   1.00-2.00   sec  7.43 MBytes  62.3 Mbits/sec  5881  
[ 15]   1.00-2.00   sec  7.43 MBytes  62.3 Mbits/sec  5881  
[ 17]   1.00-2.00   sec  7.43 MBytes  62.3 Mbits/sec  5881  
[ 19]   1.00-2.00   sec  7.43 MBytes  62.3 Mbits/sec  5881  
[ 21]   1.00-2.00   sec  7.43 MBytes  62.3 Mbits/sec  5881  
[ 23]   1.00-2.00   sec  7.43 MBytes  62.3 Mbits/sec  5881  
[ 25]   1.00-2.00   sec  7.43 MBytes  62.3 Mbits/sec  5881  
[ 27]   1.00-2.00   sec  7.43 MBytes  62.3 Mbits/sec  5881  
[ 29]   1.00-2.00   sec  7.43 MBytes  62.3 Mbits/sec  5881  
[ 31]   1.00-2.00   sec  7.43 MBytes  62.3 Mbits/sec  5881  
[ 33]   1.00-2.00   sec  7.43 MBytes  62.3 Mbits/sec  5881  
[ 35]   1.00-2.00   sec  7.43 MBytes  62.3 Mbits/sec  5881  
[ 37]   1.00-2.00   sec  7.43 MBytes  62.3 Mbits/sec  5881  
[ 39]   1.00-2.00   sec  7.43 MBytes  62.3 Mbits/sec  5881  
[ 41]   1.00-2.00   sec  7.43 MBytes  62.3 Mbits/sec  5881  
[ 43]   1.00-2.00   sec  7.43 MBytes  62.3 Mbits/sec  5881  
[SUM]   1.00-2.00   sec   149 MBytes  1246 Mbits/sec  117620  
- - - - - - - - - - - - - - - - - - - - - - - - -
[  5]   2.00-3.00   sec  6.99 MBytes  58.7 Mbits/sec  5539  
[  7]   2.00-3.00   sec  6.99 MBytes  58.7 Mbits/sec  5539  
[  9]   2.00-3.00   sec  6.99 MBytes  58.7 Mbits/sec  5539  
[ 11]   2.00-3.00   sec  6.99 MBytes  58.7 Mbits/sec  5539  
[ 13]   2.00-3.00   sec  6.99 MBytes  58.7 Mbits/sec  5539  
[ 15]   2.00-3.00   sec  6.99 MBytes  58.7 Mbits/sec  5539  
[ 17]   2.00-3.00   sec  6.99 MBytes  58.7 Mbits/sec  5539  
[ 19]   2.00-3.00   sec  6.99 MBytes  58.7 Mbits/sec  5539  
[ 21]   2.00-3.00   sec  6.99 MBytes  58.7 Mbits/sec  5539  
[ 23]   2.00-3.00   sec  6.99 MBytes  58.7 Mbits/sec  5539  
[ 25]   2.00-3.00   sec  6.99 MBytes  58.7 Mbits/sec  5539  
[ 27]   2.00-3.00   sec  6.99 MBytes  58.7 Mbits/sec  5539  
[ 29]   2.00-3.00   sec  6.99 MBytes  58.7 Mbits/sec  5539  
[ 31]   2.00-3.00   sec  6.99 MBytes  58.7 Mbits/sec  5539  
[ 33]   2.00-3.00   sec  6.99 MBytes  58.7 Mbits/sec  5539  
[ 35]   2.00-3.00   sec  6.99 MBytes  58.7 Mbits/sec  5539  
[ 37]   2.00-3.00   sec  6.99 MBytes  58.7 Mbits/sec  5539  
[ 39]   2.00-3.00   sec  6.99 MBytes  58.7 Mbits/sec  5539  
[ 41]   2.00-3.00   sec  6.99 MBytes  58.7 Mbits/sec  5539  
[ 43]   2.00-3.00   sec  6.99 MBytes  58.7 Mbits/sec  5539  
[SUM]   2.00-3.00   sec   140 MBytes  1173 Mbits/sec  110780  
- - - - - - - - - - - - - - - - - - - - - - - - -
[  5]   3.00-4.00   sec  7.22 MBytes  60.6 Mbits/sec  5720  
[  7]   3.00-4.00   sec  7.22 MBytes  60.6 Mbits/sec  5720  
[  9]   3.00-4.00   sec  7.22 MBytes  60.6 Mbits/sec  5720  
[ 11]   3.00-4.00   sec  7.22 MBytes  60.6 Mbits/sec  5720  
[ 13]   3.00-4.00   sec  7.22 MBytes  60.6 Mbits/sec  5720  
[ 15]   3.00-4.00   sec  7.22 MBytes  60.6 Mbits/sec  5720  
[ 17]   3.00-4.00   sec  7.22 MBytes  60.6 Mbits/sec  5720  
[ 19]   3.00-4.00   sec  7.22 MBytes  60.6 Mbits/sec  5720  
[ 21]   3.00-4.00   sec  7.22 MBytes  60.6 Mbits/sec  5720  
[ 23]   3.00-4.00   sec  7.22 MBytes  60.6 Mbits/sec  5720  
[ 25]   3.00-4.00   sec  7.22 MBytes  60.6 Mbits/sec  5720  
[ 27]   3.00-4.00   sec  7.22 MBytes  60.6 Mbits/sec  5720  
[ 29]   3.00-4.00   sec  7.22 MBytes  60.6 Mbits/sec  5720  
[ 31]   3.00-4.00   sec  7.22 MBytes  60.6 Mbits/sec  5720  
[ 33]   3.00-4.00   sec  7.22 MBytes  60.6 Mbits/sec  5720  
[ 35]   3.00-4.00   sec  7.22 MBytes  60.6 Mbits/sec  5720  
[ 37]   3.00-4.00   sec  7.22 MBytes  60.6 Mbits/sec  5720  
[ 39]   3.00-4.00   sec  7.22 MBytes  60.6 Mbits/sec  5720  
[ 41]   3.00-4.00   sec  7.22 MBytes  60.6 Mbits/sec  5720  
[ 43]   3.00-4.00   sec  7.22 MBytes  60.6 Mbits/sec  5720  
[SUM]   3.00-4.00   sec   144 MBytes  1212 Mbits/sec  114400  
- - - - - - - - - - - - - - - - - - - - - - - - -
[  5]   4.00-5.00   sec  6.37 MBytes  53.4 Mbits/sec  5045  
[  7]   4.00-5.00   sec  6.37 MBytes  53.4 Mbits/sec  5045  
[  9]   4.00-5.00   sec  6.37 MBytes  53.4 Mbits/sec  5045  
[ 11]   4.00-5.00   sec  6.37 MBytes  53.4 Mbits/sec  5045  
[ 13]   4.00-5.00   sec  6.37 MBytes  53.4 Mbits/sec  5045  
[ 15]   4.00-5.00   sec  6.37 MBytes  53.4 Mbits/sec  5045  
[ 17]   4.00-5.00   sec  6.37 MBytes  53.4 Mbits/sec  5045  
[ 19]   4.00-5.00   sec  6.37 MBytes  53.4 Mbits/sec  5045  
[ 21]   4.00-5.00   sec  6.37 MBytes  53.4 Mbits/sec  5045  
[ 23]   4.00-5.00   sec  6.37 MBytes  53.4 Mbits/sec  5045  
[ 25]   4.00-5.00   sec  6.37 MBytes  53.4 Mbits/sec  5045  
[ 27]   4.00-5.00   sec  6.37 MBytes  53.4 Mbits/sec  5045  
[ 29]   4.00-5.00   sec  6.37 MBytes  53.4 Mbits/sec  5045  
[ 31]   4.00-5.00   sec  6.37 MBytes  53.4 Mbits/sec  5045  
[ 33]   4.00-5.00   sec  6.37 MBytes  53.4 Mbits/sec  5045  
[ 35]   4.00-5.00   sec  6.37 MBytes  53.4 Mbits/sec  5045  
[ 37]   4.00-5.00   sec  6.37 MBytes  53.4 Mbits/sec  5045  
[ 39]   4.00-5.00   sec  6.37 MBytes  53.4 Mbits/sec  5045  
[ 41]   4.00-5.00   sec  6.37 MBytes  53.4 Mbits/sec  5045  
[ 43]   4.00-5.00   sec  6.37 MBytes  53.4 Mbits/sec  5045  
[SUM]   4.00-5.00   sec   127 MBytes  1069 Mbits/sec  100900  
- - - - - - - - - - - - - - - - - - - - - - - - -
[  5]   5.00-6.00   sec  6.07 MBytes  50.9 Mbits/sec  4808  
[  7]   5.00-6.00   sec  6.07 MBytes  50.9 Mbits/sec  4808  
[  9]   5.00-6.00   sec  6.07 MBytes  50.9 Mbits/sec  4808  
[ 11]   5.00-6.00   sec  6.07 MBytes  50.9 Mbits/sec  4808  
[ 13]   5.00-6.00   sec  6.07 MBytes  50.9 Mbits/sec  4808  
[ 15]   5.00-6.00   sec  6.07 MBytes  50.9 Mbits/sec  4808  
[ 17]   5.00-6.00   sec  6.07 MBytes  50.9 Mbits/sec  4808  
[ 19]   5.00-6.00   sec  6.07 MBytes  50.9 Mbits/sec  4808  
[ 21]   5.00-6.00   sec  6.07 MBytes  50.9 Mbits/sec  4808  
[ 23]   5.00-6.00   sec  6.07 MBytes  50.9 Mbits/sec  4808  
[ 25]   5.00-6.00   sec  6.07 MBytes  50.9 Mbits/sec  4808  
[ 27]   5.00-6.00   sec  6.07 MBytes  50.9 Mbits/sec  4808  
[ 29]   5.00-6.00   sec  6.07 MBytes  50.9 Mbits/sec  4808  
[ 31]   5.00-6.00   sec  6.07 MBytes  50.9 Mbits/sec  4808  
[ 33]   5.00-6.00   sec  6.07 MBytes  50.9 Mbits/sec  4808  
[ 35]   5.00-6.00   sec  6.07 MBytes  50.9 Mbits/sec  4808  
[ 37]   5.00-6.00   sec  6.07 MBytes  50.9 Mbits/sec  4808  
[ 39]   5.00-6.00   sec  6.07 MBytes  50.9 Mbits/sec  4808  
[ 41]   5.00-6.00   sec  6.07 MBytes  50.9 Mbits/sec  4808  
[ 43]   5.00-6.00   sec  6.07 MBytes  50.9 Mbits/sec  4808  
[SUM]   5.00-6.00   sec   121 MBytes  1019 Mbits/sec  96160  
- - - - - - - - - - - - - - - - - - - - - - - - -
[  5]   6.00-7.00   sec  7.07 MBytes  59.3 Mbits/sec  5598  
[  7]   6.00-7.00   sec  7.07 MBytes  59.3 Mbits/sec  5598  
[  9]   6.00-7.00   sec  7.07 MBytes  59.3 Mbits/sec  5598  
[ 11]   6.00-7.00   sec  7.07 MBytes  59.3 Mbits/sec  5598  
[ 13]   6.00-7.00   sec  7.07 MBytes  59.3 Mbits/sec  5598  
[ 15]   6.00-7.00   sec  7.07 MBytes  59.3 Mbits/sec  5598  
[ 17]   6.00-7.00   sec  7.07 MBytes  59.3 Mbits/sec  5598  
[ 19]   6.00-7.00   sec  7.07 MBytes  59.3 Mbits/sec  5598  
[ 21]   6.00-7.00   sec  7.07 MBytes  59.3 Mbits/sec  5598  
[ 23]   6.00-7.00   sec  7.07 MBytes  59.3 Mbits/sec  5598  
[ 25]   6.00-7.00   sec  7.07 MBytes  59.3 Mbits/sec  5598  
[ 27]   6.00-7.00   sec  7.07 MBytes  59.3 Mbits/sec  5598  
[ 29]   6.00-7.00   sec  7.07 MBytes  59.3 Mbits/sec  5598  
[ 31]   6.00-7.00   sec  7.07 MBytes  59.3 Mbits/sec  5598  
[ 33]   6.00-7.00   sec  7.07 MBytes  59.3 Mbits/sec  5598  
[ 35]   6.00-7.00   sec  7.07 MBytes  59.3 Mbits/sec  5598  
[ 37]   6.00-7.00   sec  7.07 MBytes  59.3 Mbits/sec  5598  
[ 39]   6.00-7.00   sec  7.07 MBytes  59.3 Mbits/sec  5598  
[ 41]   6.00-7.00   sec  7.07 MBytes  59.3 Mbits/sec  5598  
[ 43]   6.00-7.00   sec  7.07 MBytes  59.3 Mbits/sec  5598  
[SUM]   6.00-7.00   sec   141 MBytes  1186 Mbits/sec  111960  
- - - - - - - - - - - - - - - - - - - - - - - - -
[  5]   7.00-8.00   sec  7.39 MBytes  62.0 Mbits/sec  5853  
[  7]   7.00-8.00   sec  7.39 MBytes  62.0 Mbits/sec  5853  
[  9]   7.00-8.00   sec  7.39 MBytes  62.0 Mbits/sec  5853  
[ 11]   7.00-8.00   sec  7.39 MBytes  62.0 Mbits/sec  5853  
[ 13]   7.00-8.00   sec  7.39 MBytes  62.0 Mbits/sec  5853  
[ 15]   7.00-8.00   sec  7.39 MBytes  62.0 Mbits/sec  5853  
[ 17]   7.00-8.00   sec  7.39 MBytes  62.0 Mbits/sec  5853  
[ 19]   7.00-8.00   sec  7.39 MBytes  62.0 Mbits/sec  5853  
[ 21]   7.00-8.00   sec  7.39 MBytes  62.0 Mbits/sec  5853  
[ 23]   7.00-8.00   sec  7.39 MBytes  62.0 Mbits/sec  5853  
[ 25]   7.00-8.00   sec  7.39 MBytes  62.0 Mbits/sec  5853  
[ 27]   7.00-8.00   sec  7.39 MBytes  62.0 Mbits/sec  5853  
[ 29]   7.00-8.00   sec  7.39 MBytes  62.0 Mbits/sec  5853  
[ 31]   7.00-8.00   sec  7.39 MBytes  62.0 Mbits/sec  5853  
[ 33]   7.00-8.00   sec  7.39 MBytes  62.0 Mbits/sec  5853  
[ 35]   7.00-8.00   sec  7.39 MBytes  62.0 Mbits/sec  5853  
[ 37]   7.00-8.00   sec  7.39 MBytes  62.0 Mbits/sec  5853  
[ 39]   7.00-8.00   sec  7.39 MBytes  62.0 Mbits/sec  5853  
[ 41]   7.00-8.00   sec  7.39 MBytes  62.0 Mbits/sec  5853  
[ 43]   7.00-8.00   sec  7.39 MBytes  62.0 Mbits/sec  5853  
[SUM]   7.00-8.00   sec   148 MBytes  1240 Mbits/sec  117060  
- - - - - - - - - - - - - - - - - - - - - - - - -
[  5]   8.00-9.00   sec  7.44 MBytes  62.4 Mbits/sec  5894  
[  7]   8.00-9.00   sec  7.44 MBytes  62.4 Mbits/sec  5894  
[  9]   8.00-9.00   sec  7.44 MBytes  62.4 Mbits/sec  5894  
[ 11]   8.00-9.00   sec  7.44 MBytes  62.4 Mbits/sec  5894  
[ 13]   8.00-9.00   sec  7.44 MBytes  62.4 Mbits/sec  5894  
[ 15]   8.00-9.00   sec  7.44 MBytes  62.4 Mbits/sec  5894  
[ 17]   8.00-9.00   sec  7.44 MBytes  62.4 Mbits/sec  5894  
[ 19]   8.00-9.00   sec  7.44 MBytes  62.4 Mbits/sec  5894  
[ 21]   8.00-9.00   sec  7.44 MBytes  62.4 Mbits/sec  5894  
[ 23]   8.00-9.00   sec  7.44 MBytes  62.4 Mbits/sec  5894  
[ 25]   8.00-9.00   sec  7.44 MBytes  62.4 Mbits/sec  5894  
[ 27]   8.00-9.00   sec  7.44 MBytes  62.4 Mbits/sec  5894  
[ 29]   8.00-9.00   sec  7.44 MBytes  62.4 Mbits/sec  5894  
[ 31]   8.00-9.00   sec  7.44 MBytes  62.4 Mbits/sec  5894  
[ 33]   8.00-9.00   sec  7.44 MBytes  62.4 Mbits/sec  5894  
[ 35]   8.00-9.00   sec  7.44 MBytes  62.4 Mbits/sec  5894  
[ 37]   8.00-9.00   sec  7.44 MBytes  62.4 Mbits/sec  5894  
[ 39]   8.00-9.00   sec  7.44 MBytes  62.4 Mbits/sec  5894  
[ 41]   8.00-9.00   sec  7.44 MBytes  62.4 Mbits/sec  5894  
[ 43]   8.00-9.00   sec  7.44 MBytes  62.4 Mbits/sec  5894  
[SUM]   8.00-9.00   sec   149 MBytes  1249 Mbits/sec  117880  
- - - - - - - - - - - - - - - - - - - - - - - - -
[  5]   9.00-10.00  sec  7.27 MBytes  61.0 Mbits/sec  5760  
[  7]   9.00-10.00  sec  7.27 MBytes  61.0 Mbits/sec  5760  
[  9]   9.00-10.00  sec  7.27 MBytes  61.0 Mbits/sec  5760  
[ 11]   9.00-10.00  sec  7.27 MBytes  61.0 Mbits/sec  5760  
[ 13]   9.00-10.00  sec  7.27 MBytes  61.0 Mbits/sec  5760  
[ 15]   9.00-10.00  sec  7.27 MBytes  61.0 Mbits/sec  5760  
[ 17]   9.00-10.00  sec  7.27 MBytes  61.0 Mbits/sec  5760  
[ 19]   9.00-10.00  sec  7.27 MBytes  61.0 Mbits/sec  5760  
[ 21]   9.00-10.00  sec  7.27 MBytes  61.0 Mbits/sec  5760  
[ 23]   9.00-10.00  sec  7.27 MBytes  61.0 Mbits/sec  5760  
[ 25]   9.00-10.00  sec  7.27 MBytes  61.0 Mbits/sec  5760  
[ 27]   9.00-10.00  sec  7.27 MBytes  61.0 Mbits/sec  5760  
[ 29]   9.00-10.00  sec  7.27 MBytes  61.0 Mbits/sec  5760  
[ 31]   9.00-10.00  sec  7.27 MBytes  61.0 Mbits/sec  5760  
[ 33]   9.00-10.00  sec  7.27 MBytes  61.0 Mbits/sec  5760  
[ 35]   9.00-10.00  sec  7.27 MBytes  61.0 Mbits/sec  5760  
[ 37]   9.00-10.00  sec  7.27 MBytes  61.0 Mbits/sec  5760  
[ 39]   9.00-10.00  sec  7.27 MBytes  61.0 Mbits/sec  5760  
[ 41]   9.00-10.00  sec  7.27 MBytes  61.0 Mbits/sec  5760  
[ 43]   9.00-10.00  sec  7.27 MBytes  61.0 Mbits/sec  5760  
[SUM]   9.00-10.00  sec   145 MBytes  1220 Mbits/sec  115200  
- - - - - - - - - - - - - - - - - - - - - - - - -
[  5]  10.00-11.00  sec  7.35 MBytes  61.7 Mbits/sec  5823  
[  7]  10.00-11.00  sec  7.35 MBytes  61.7 Mbits/sec  5823  
[  9]  10.00-11.00  sec  7.35 MBytes  61.7 Mbits/sec  5823  
[ 11]  10.00-11.00  sec  7.35 MBytes  61.7 Mbits/sec  5823  
[ 13]  10.00-11.00  sec  7.35 MBytes  61.7 Mbits/sec  5823  
[ 15]  10.00-11.00  sec  7.35 MBytes  61.7 Mbits/sec  5823  
[ 17]  10.00-11.00  sec  7.35 MBytes  61.7 Mbits/sec  5823  
[ 19]  10.00-11.00  sec  7.35 MBytes  61.7 Mbits/sec  5823  
[ 21]  10.00-11.00  sec  7.35 MBytes  61.7 Mbits/sec  5823  
[ 23]  10.00-11.00  sec  7.35 MBytes  61.7 Mbits/sec  5823  
[ 25]  10.00-11.00  sec  7.35 MBytes  61.7 Mbits/sec  5823  
[ 27]  10.00-11.00  sec  7.35 MBytes  61.7 Mbits/sec  5823  
[ 29]  10.00-11.00  sec  7.35 MBytes  61.7 Mbits/sec  5823  
[ 31]  10.00-11.00  sec  7.35 MBytes  61.7 Mbits/sec  5823  
[ 33]  10.00-11.00  sec  7.35 MBytes  61.7 Mbits/sec  5823  
[ 35]  10.00-11.00  sec  7.35 MBytes  61.7 Mbits/sec  5823  
[ 37]  10.00-11.00  sec  7.35 MBytes  61.7 Mbits/sec  5823  
[ 39]  10.00-11.00  sec  7.35 MBytes  61.7 Mbits/sec  5823  
[ 41]  10.00-11.00  sec  7.35 MBytes  61.7 Mbits/sec  5823  
[ 43]  10.00-11.00  sec  7.35 MBytes  61.7 Mbits/sec  5823  
[SUM]  10.00-11.00  sec   147 MBytes  1234 Mbits/sec  116460  
- - - - - - - - - - - - - - - - - - - - - - - - -
[  5]  11.00-12.00  sec  7.35 MBytes  61.7 Mbits/sec  5822  
[  7]  11.00-12.00  sec  7.35 MBytes  61.7 Mbits/sec  5822  
[  9]  11.00-12.00  sec  7.35 MBytes  61.7 Mbits/sec  5822  
[ 11]  11.00-12.00  sec  7.35 MBytes  61.7 Mbits/sec  5822  
[ 13]  11.00-12.00  sec  7.35 MBytes  61.7 Mbits/sec  5822  
[ 15]  11.00-12.00  sec  7.35 MBytes  61.7 Mbits/sec  5822  
[ 17]  11.00-12.00  sec  7.35 MBytes  61.7 Mbits/sec  5822  
[ 19]  11.00-12.00  sec  7.35 MBytes  61.7 Mbits/sec  5822  
[ 21]  11.00-12.00  sec  7.35 MBytes  61.7 Mbits/sec  5822  
[ 23]  11.00-12.00  sec  7.35 MBytes  61.7 Mbits/sec  5822  
[ 25]  11.00-12.00  sec  7.35 MBytes  61.7 Mbits/sec  5822  
[ 27]  11.00-12.00  sec  7.35 MBytes  61.7 Mbits/sec  5822  
[ 29]  11.00-12.00  sec  7.35 MBytes  61.7 Mbits/sec  5822  
[ 31]  11.00-12.00  sec  7.35 MBytes  61.7 Mbits/sec  5822  
[ 33]  11.00-12.00  sec  7.35 MBytes  61.7 Mbits/sec  5822  
[ 35]  11.00-12.00  sec  7.35 MBytes  61.7 Mbits/sec  5822  
[ 37]  11.00-12.00  sec  7.35 MBytes  61.7 Mbits/sec  5822  
[ 39]  11.00-12.00  sec  7.35 MBytes  61.7 Mbits/sec  5822  
[ 41]  11.00-12.00  sec  7.35 MBytes  61.7 Mbits/sec  5822  
[ 43]  11.00-12.00  sec  7.35 MBytes  61.7 Mbits/sec  5822  
[SUM]  11.00-12.00  sec   147 MBytes  1233 Mbits/sec  116440  
- - - - - - - - - - - - - - - - - - - - - - - - -
[  5]  12.00-13.00  sec  7.39 MBytes  62.0 Mbits/sec  5855  
[  7]  12.00-13.00  sec  7.39 MBytes  62.0 Mbits/sec  5855  
[  9]  12.00-13.00  sec  7.39 MBytes  62.0 Mbits/sec  5855  
[ 11]  12.00-13.00  sec  7.39 MBytes  62.0 Mbits/sec  5855  
[ 13]  12.00-13.00  sec  7.39 MBytes  62.0 Mbits/sec  5855  
[ 15]  12.00-13.00  sec  7.39 MBytes  62.0 Mbits/sec  5855  
[ 17]  12.00-13.00  sec  7.39 MBytes  62.0 Mbits/sec  5855  
[ 19]  12.00-13.00  sec  7.39 MBytes  62.0 Mbits/sec  5855  
[ 21]  12.00-13.00  sec  7.39 MBytes  62.0 Mbits/sec  5855  
[ 23]  12.00-13.00  sec  7.39 MBytes  62.0 Mbits/sec  5855  
[ 25]  12.00-13.00  sec  7.39 MBytes  62.0 Mbits/sec  5855  
[ 27]  12.00-13.00  sec  7.39 MBytes  62.0 Mbits/sec  5855  
[ 29]  12.00-13.00  sec  7.39 MBytes  62.0 Mbits/sec  5855  
[ 31]  12.00-13.00  sec  7.39 MBytes  62.0 Mbits/sec  5855  
[ 33]  12.00-13.00  sec  7.39 MBytes  62.0 Mbits/sec  5855  
[ 35]  12.00-13.00  sec  7.39 MBytes  62.0 Mbits/sec  5855  
[ 37]  12.00-13.00  sec  7.39 MBytes  62.0 Mbits/sec  5855  
[ 39]  12.00-13.00  sec  7.39 MBytes  62.0 Mbits/sec  5855  
[ 41]  12.00-13.00  sec  7.39 MBytes  62.0 Mbits/sec  5855  
[ 43]  12.00-13.00  sec  7.39 MBytes  62.0 Mbits/sec  5855  
[SUM]  12.00-13.00  sec   148 MBytes  1240 Mbits/sec  117100  
- - - - - - - - - - - - - - - - - - - - - - - - -
[  5]  13.00-14.00  sec  7.31 MBytes  61.4 Mbits/sec  5793  
[  7]  13.00-14.00  sec  7.31 MBytes  61.4 Mbits/sec  5793  
[  9]  13.00-14.00  sec  7.31 MBytes  61.4 Mbits/sec  5793  
[ 11]  13.00-14.00  sec  7.31 MBytes  61.4 Mbits/sec  5793  
[ 13]  13.00-14.00  sec  7.31 MBytes  61.4 Mbits/sec  5793  
[ 15]  13.00-14.00  sec  7.31 MBytes  61.4 Mbits/sec  5793  
[ 17]  13.00-14.00  sec  7.31 MBytes  61.4 Mbits/sec  5793  
[ 19]  13.00-14.00  sec  7.31 MBytes  61.4 Mbits/sec  5793  
[ 21]  13.00-14.00  sec  7.31 MBytes  61.4 Mbits/sec  5793  
[ 23]  13.00-14.00  sec  7.31 MBytes  61.4 Mbits/sec  5793  
[ 25]  13.00-14.00  sec  7.31 MBytes  61.4 Mbits/sec  5793  
[ 27]  13.00-14.00  sec  7.31 MBytes  61.4 Mbits/sec  5793  
[ 29]  13.00-14.00  sec  7.31 MBytes  61.4 Mbits/sec  5793  
[ 31]  13.00-14.00  sec  7.31 MBytes  61.4 Mbits/sec  5793  
[ 33]  13.00-14.00  sec  7.31 MBytes  61.4 Mbits/sec  5793  
[ 35]  13.00-14.00  sec  7.31 MBytes  61.4 Mbits/sec  5793  
[ 37]  13.00-14.00  sec  7.31 MBytes  61.4 Mbits/sec  5793  
[ 39]  13.00-14.00  sec  7.31 MBytes  61.4 Mbits/sec  5793  
[ 41]  13.00-14.00  sec  7.31 MBytes  61.4 Mbits/sec  5793  
[ 43]  13.00-14.00  sec  7.31 MBytes  61.4 Mbits/sec  5793  
[SUM]  13.00-14.00  sec   146 MBytes  1227 Mbits/sec  115860  
- - - - - - - - - - - - - - - - - - - - - - - - -
[  5]  14.00-15.00  sec  6.38 MBytes  53.5 Mbits/sec  5050  
[  7]  14.00-15.00  sec  6.38 MBytes  53.5 Mbits/sec  5050  
[  9]  14.00-15.00  sec  6.38 MBytes  53.5 Mbits/sec  5050  
[ 11]  14.00-15.00  sec  6.38 MBytes  53.5 Mbits/sec  5050  
[ 13]  14.00-15.00  sec  6.38 MBytes  53.5 Mbits/sec  5050  
[ 15]  14.00-15.00  sec  6.38 MBytes  53.5 Mbits/sec  5050  
[ 17]  14.00-15.00  sec  6.38 MBytes  53.5 Mbits/sec  5050  
[ 19]  14.00-15.00  sec  6.38 MBytes  53.5 Mbits/sec  5050  
[ 21]  14.00-15.00  sec  6.38 MBytes  53.5 Mbits/sec  5050  
[ 23]  14.00-15.00  sec  6.38 MBytes  53.5 Mbits/sec  5050  
[ 25]  14.00-15.00  sec  6.38 MBytes  53.5 Mbits/sec  5050  
[ 27]  14.00-15.00  sec  6.38 MBytes  53.5 Mbits/sec  5050  
[ 29]  14.00-15.00  sec  6.38 MBytes  53.5 Mbits/sec  5050  
[ 31]  14.00-15.00  sec  6.38 MBytes  53.5 Mbits/sec  5050  
[ 33]  14.00-15.00  sec  6.38 MBytes  53.5 Mbits/sec  5050  
[ 35]  14.00-15.00  sec  6.38 MBytes  53.5 Mbits/sec  5050  
[ 37]  14.00-15.00  sec  6.38 MBytes  53.5 Mbits/sec  5050  
[ 39]  14.00-15.00  sec  6.38 MBytes  53.5 Mbits/sec  5050  
[ 41]  14.00-15.00  sec  6.38 MBytes  53.5 Mbits/sec  5050  
[ 43]  14.00-15.00  sec  6.38 MBytes  53.5 Mbits/sec  5050  
[SUM]  14.00-15.00  sec   128 MBytes  1070 Mbits/sec  101000  
- - - - - - - - - - - - - - - - - - - - - - - - -
[  5]  15.00-16.00  sec  7.32 MBytes  61.4 Mbits/sec  5794  
[  7]  15.00-16.00  sec  7.32 MBytes  61.4 Mbits/sec  5794  
[  9]  15.00-16.00  sec  7.32 MBytes  61.4 Mbits/sec  5794  
[ 11]  15.00-16.00  sec  7.32 MBytes  61.4 Mbits/sec  5794  
[ 13]  15.00-16.00  sec  7.32 MBytes  61.4 Mbits/sec  5794  
[ 15]  15.00-16.00  sec  7.32 MBytes  61.4 Mbits/sec  5794  
[ 17]  15.00-16.00  sec  7.32 MBytes  61.4 Mbits/sec  5794  
[ 19]  15.00-16.00  sec  7.32 MBytes  61.4 Mbits/sec  5794  
[ 21]  15.00-16.00  sec  7.32 MBytes  61.4 Mbits/sec  5794  
[ 23]  15.00-16.00  sec  7.32 MBytes  61.4 Mbits/sec  5794  
[ 25]  15.00-16.00  sec  7.32 MBytes  61.4 Mbits/sec  5794  
[ 27]  15.00-16.00  sec  7.32 MBytes  61.4 Mbits/sec  5794  
[ 29]  15.00-16.00  sec  7.32 MBytes  61.4 Mbits/sec  5794  
[ 31]  15.00-16.00  sec  7.32 MBytes  61.4 Mbits/sec  5794  
[ 33]  15.00-16.00  sec  7.32 MBytes  61.4 Mbits/sec  5794  
[ 35]  15.00-16.00  sec  7.32 MBytes  61.4 Mbits/sec  5794  
[ 37]  15.00-16.00  sec  7.32 MBytes  61.4 Mbits/sec  5794  
[ 39]  15.00-16.00  sec  7.32 MBytes  61.4 Mbits/sec  5794  
[ 41]  15.00-16.00  sec  7.32 MBytes  61.4 Mbits/sec  5794  
[ 43]  15.00-16.00  sec  7.32 MBytes  61.4 Mbits/sec  5794  
[SUM]  15.00-16.00  sec   146 MBytes  1227 Mbits/sec  115880  
- - - - - - - - - - - - - - - - - - - - - - - - -
[  5]  16.00-17.00  sec  7.42 MBytes  62.3 Mbits/sec  5877  
[  7]  16.00-17.00  sec  7.42 MBytes  62.3 Mbits/sec  5877  
[  9]  16.00-17.00  sec  7.42 MBytes  62.3 Mbits/sec  5877  
[ 11]  16.00-17.00  sec  7.42 MBytes  62.3 Mbits/sec  5877  
[ 13]  16.00-17.00  sec  7.42 MBytes  62.3 Mbits/sec  5877  
[ 15]  16.00-17.00  sec  7.42 MBytes  62.3 Mbits/sec  5877  
[ 17]  16.00-17.00  sec  7.42 MBytes  62.3 Mbits/sec  5877  
[ 19]  16.00-17.00  sec  7.42 MBytes  62.3 Mbits/sec  5877  
[ 21]  16.00-17.00  sec  7.42 MBytes  62.3 Mbits/sec  5877  
[ 23]  16.00-17.00  sec  7.42 MBytes  62.3 Mbits/sec  5877  
[ 25]  16.00-17.00  sec  7.42 MBytes  62.3 Mbits/sec  5877  
[ 27]  16.00-17.00  sec  7.42 MBytes  62.3 Mbits/sec  5877  
[ 29]  16.00-17.00  sec  7.42 MBytes  62.3 Mbits/sec  5877  
[ 31]  16.00-17.00  sec  7.42 MBytes  62.3 Mbits/sec  5877  
[ 33]  16.00-17.00  sec  7.42 MBytes  62.3 Mbits/sec  5877  
[ 35]  16.00-17.00  sec  7.42 MBytes  62.3 Mbits/sec  5877  
[ 37]  16.00-17.00  sec  7.42 MBytes  62.3 Mbits/sec  5877  
[ 39]  16.00-17.00  sec  7.42 MBytes  62.3 Mbits/sec  5877  
[ 41]  16.00-17.00  sec  7.42 MBytes  62.3 Mbits/sec  5877  
[ 43]  16.00-17.00  sec  7.42 MBytes  62.3 Mbits/sec  5877  
[SUM]  16.00-17.00  sec   148 MBytes  1245 Mbits/sec  117540  
- - - - - - - - - - - - - - - - - - - - - - - - -
[  5]  17.00-18.00  sec  6.48 MBytes  54.3 Mbits/sec  5130  
[  7]  17.00-18.00  sec  6.48 MBytes  54.3 Mbits/sec  5130  
[  9]  17.00-18.00  sec  6.48 MBytes  54.3 Mbits/sec  5130  
[ 11]  17.00-18.00  sec  6.48 MBytes  54.3 Mbits/sec  5130  
[ 13]  17.00-18.00  sec  6.48 MBytes  54.3 Mbits/sec  5130  
[ 15]  17.00-18.00  sec  6.48 MBytes  54.3 Mbits/sec  5130  
[ 17]  17.00-18.00  sec  6.48 MBytes  54.3 Mbits/sec  5130  
[ 19]  17.00-18.00  sec  6.48 MBytes  54.3 Mbits/sec  5130  
[ 21]  17.00-18.00  sec  6.48 MBytes  54.3 Mbits/sec  5130  
[ 23]  17.00-18.00  sec  6.48 MBytes  54.3 Mbits/sec  5130  
[ 25]  17.00-18.00  sec  6.48 MBytes  54.3 Mbits/sec  5130  
[ 27]  17.00-18.00  sec  6.48 MBytes  54.3 Mbits/sec  5130  
[ 29]  17.00-18.00  sec  6.48 MBytes  54.3 Mbits/sec  5130  
[ 31]  17.00-18.00  sec  6.48 MBytes  54.3 Mbits/sec  5130  
[ 33]  17.00-18.00  sec  6.48 MBytes  54.3 Mbits/sec  5130  
[ 35]  17.00-18.00  sec  6.48 MBytes  54.3 Mbits/sec  5130  
[ 37]  17.00-18.00  sec  6.48 MBytes  54.3 Mbits/sec  5130  
[ 39]  17.00-18.00  sec  6.48 MBytes  54.3 Mbits/sec  5130  
[ 41]  17.00-18.00  sec  6.48 MBytes  54.3 Mbits/sec  5130  
[ 43]  17.00-18.00  sec  6.48 MBytes  54.3 Mbits/sec  5130  
[SUM]  17.00-18.00  sec   130 MBytes  1087 Mbits/sec  102600  
- - - - - - - - - - - - - - - - - - - - - - - - -
[  5]  18.00-19.00  sec  7.22 MBytes  60.6 Mbits/sec  5722  
[  7]  18.00-19.00  sec  7.22 MBytes  60.6 Mbits/sec  5722  
[  9]  18.00-19.00  sec  7.22 MBytes  60.6 Mbits/sec  5722  
[ 11]  18.00-19.00  sec  7.22 MBytes  60.6 Mbits/sec  5722  
[ 13]  18.00-19.00  sec  7.22 MBytes  60.6 Mbits/sec  5722  
[ 15]  18.00-19.00  sec  7.22 MBytes  60.6 Mbits/sec  5722  
[ 17]  18.00-19.00  sec  7.22 MBytes  60.6 Mbits/sec  5722  
[ 19]  18.00-19.00  sec  7.22 MBytes  60.6 Mbits/sec  5722  
[ 21]  18.00-19.00  sec  7.22 MBytes  60.6 Mbits/sec  5722  
[ 23]  18.00-19.00  sec  7.22 MBytes  60.6 Mbits/sec  5722  
[ 25]  18.00-19.00  sec  7.22 MBytes  60.6 Mbits/sec  5722  
[ 27]  18.00-19.00  sec  7.22 MBytes  60.6 Mbits/sec  5722  
[ 29]  18.00-19.00  sec  7.22 MBytes  60.6 Mbits/sec  5722  
[ 31]  18.00-19.00  sec  7.22 MBytes  60.6 Mbits/sec  5722  
[ 33]  18.00-19.00  sec  7.22 MBytes  60.6 Mbits/sec  5722  
[ 35]  18.00-19.00  sec  7.22 MBytes  60.6 Mbits/sec  5722  
[ 37]  18.00-19.00  sec  7.22 MBytes  60.6 Mbits/sec  5722  
[ 39]  18.00-19.00  sec  7.22 MBytes  60.6 Mbits/sec  5722  
[ 41]  18.00-19.00  sec  7.22 MBytes  60.6 Mbits/sec  5722  
[ 43]  18.00-19.00  sec  7.22 MBytes  60.6 Mbits/sec  5722  
[SUM]  18.00-19.00  sec   144 MBytes  1212 Mbits/sec  114440  
- - - - - - - - - - - - - - - - - - - - - - - - -
[  5]  19.00-20.00  sec  6.80 MBytes  57.0 Mbits/sec  5384  
[  7]  19.00-20.00  sec  6.80 MBytes  57.0 Mbits/sec  5384  
[  9]  19.00-20.00  sec  6.80 MBytes  57.0 Mbits/sec  5384  
[ 11]  19.00-20.00  sec  6.80 MBytes  57.0 Mbits/sec  5384  
[ 13]  19.00-20.00  sec  6.80 MBytes  57.0 Mbits/sec  5384  
[ 15]  19.00-20.00  sec  6.80 MBytes  57.0 Mbits/sec  5384  
[ 17]  19.00-20.00  sec  6.80 MBytes  57.0 Mbits/sec  5384  
[ 19]  19.00-20.00  sec  6.80 MBytes  57.0 Mbits/sec  5384  
[ 21]  19.00-20.00  sec  6.80 MBytes  57.0 Mbits/sec  5384  
[ 23]  19.00-20.00  sec  6.80 MBytes  57.0 Mbits/sec  5384  
[ 25]  19.00-20.00  sec  6.80 MBytes  57.0 Mbits/sec  5384  
[ 27]  19.00-20.00  sec  6.80 MBytes  57.0 Mbits/sec  5384  
[ 29]  19.00-20.00  sec  6.80 MBytes  57.0 Mbits/sec  5384  
[ 31]  19.00-20.00  sec  6.80 MBytes  57.0 Mbits/sec  5384  
[ 33]  19.00-20.00  sec  6.80 MBytes  57.0 Mbits/sec  5384  
[ 35]  19.00-20.00  sec  6.80 MBytes  57.0 Mbits/sec  5384  
[ 37]  19.00-20.00  sec  6.80 MBytes  57.0 Mbits/sec  5384  
[ 39]  19.00-20.00  sec  6.80 MBytes  57.0 Mbits/sec  5384  
[ 41]  19.00-20.00  sec  6.80 MBytes  57.0 Mbits/sec  5384  
[ 43]  19.00-20.00  sec  6.80 MBytes  57.0 Mbits/sec  5384  
[SUM]  19.00-20.00  sec   136 MBytes  1141 Mbits/sec  107680  
- - - - - - - - - - - - - - - - - - - - - - - - -
[  5]  20.00-21.00  sec  7.16 MBytes  60.0 Mbits/sec  5668  
[  7]  20.00-21.00  sec  7.16 MBytes  60.0 Mbits/sec  5668  
[  9]  20.00-21.00  sec  7.16 MBytes  60.0 Mbits/sec  5668  
[ 11]  20.00-21.00  sec  7.16 MBytes  60.0 Mbits/sec  5668  
[ 13]  20.00-21.00  sec  7.16 MBytes  60.0 Mbits/sec  5668  
[ 15]  20.00-21.00  sec  7.16 MBytes  60.0 Mbits/sec  5668  
[ 17]  20.00-21.00  sec  7.16 MBytes  60.0 Mbits/sec  5668  
[ 19]  20.00-21.00  sec  7.16 MBytes  60.0 Mbits/sec  5668  
[ 21]  20.00-21.00  sec  7.16 MBytes  60.0 Mbits/sec  5668  
[ 23]  20.00-21.00  sec  7.16 MBytes  60.0 Mbits/sec  5668  
[ 25]  20.00-21.00  sec  7.16 MBytes  60.0 Mbits/sec  5668  
[ 27]  20.00-21.00  sec  7.16 MBytes  60.0 Mbits/sec  5668  
[ 29]  20.00-21.00  sec  7.16 MBytes  60.0 Mbits/sec  5668  
[ 31]  20.00-21.00  sec  7.16 MBytes  60.0 Mbits/sec  5668  
[ 33]  20.00-21.00  sec  7.16 MBytes  60.0 Mbits/sec  5668  
[ 35]  20.00-21.00  sec  7.16 MBytes  60.0 Mbits/sec  5668  
[ 37]  20.00-21.00  sec  7.16 MBytes  60.0 Mbits/sec  5668  
[ 39]  20.00-21.00  sec  7.16 MBytes  60.0 Mbits/sec  5668  
[ 41]  20.00-21.00  sec  7.16 MBytes  60.0 Mbits/sec  5668  
[ 43]  20.00-21.00  sec  7.16 MBytes  60.0 Mbits/sec  5668  
[SUM]  20.00-21.00  sec   143 MBytes  1201 Mbits/sec  113360  
- - - - - - - - - - - - - - - - - - - - - - - - -
[  5]  21.00-22.00  sec  6.76 MBytes  56.7 Mbits/sec  5350  
[  7]  21.00-22.00  sec  6.76 MBytes  56.7 Mbits/sec  5350  
[  9]  21.00-22.00  sec  6.76 MBytes  56.7 Mbits/sec  5350  
[ 11]  21.00-22.00  sec  6.76 MBytes  56.7 Mbits/sec  5350  
[ 13]  21.00-22.00  sec  6.76 MBytes  56.7 Mbits/sec  5350  
[ 15]  21.00-22.00  sec  6.76 MBytes  56.7 Mbits/sec  5350  
[ 17]  21.00-22.00  sec  6.76 MBytes  56.7 Mbits/sec  5350  
[ 19]  21.00-22.00  sec  6.76 MBytes  56.7 Mbits/sec  5350  
[ 21]  21.00-22.00  sec  6.76 MBytes  56.7 Mbits/sec  5350  
[ 23]  21.00-22.00  sec  6.76 MBytes  56.7 Mbits/sec  5350  
[ 25]  21.00-22.00  sec  6.76 MBytes  56.7 Mbits/sec  5350  
[ 27]  21.00-22.00  sec  6.76 MBytes  56.7 Mbits/sec  5350  
[ 29]  21.00-22.00  sec  6.76 MBytes  56.7 Mbits/sec  5350  
[ 31]  21.00-22.00  sec  6.76 MBytes  56.7 Mbits/sec  5350  
[ 33]  21.00-22.00  sec  6.76 MBytes  56.7 Mbits/sec  5350  
[ 35]  21.00-22.00  sec  6.76 MBytes  56.7 Mbits/sec  5350  
[ 37]  21.00-22.00  sec  6.76 MBytes  56.7 Mbits/sec  5350  
[ 39]  21.00-22.00  sec  6.76 MBytes  56.7 Mbits/sec  5350  
[ 41]  21.00-22.00  sec  6.76 MBytes  56.7 Mbits/sec  5350  
[ 43]  21.00-22.00  sec  6.76 MBytes  56.7 Mbits/sec  5350  
[SUM]  21.00-22.00  sec   135 MBytes  1133 Mbits/sec  107000  
- - - - - - - - - - - - - - - - - - - - - - - - -
[  5]  22.00-23.00  sec  7.40 MBytes  62.1 Mbits/sec  5864  
[  7]  22.00-23.00  sec  7.40 MBytes  62.1 Mbits/sec  5864  
[  9]  22.00-23.00  sec  7.40 MBytes  62.1 Mbits/sec  5864  
[ 11]  22.00-23.00  sec  7.40 MBytes  62.1 Mbits/sec  5864  
[ 13]  22.00-23.00  sec  7.40 MBytes  62.1 Mbits/sec  5864  
[ 15]  22.00-23.00  sec  7.40 MBytes  62.1 Mbits/sec  5864  
[ 17]  22.00-23.00  sec  7.40 MBytes  62.1 Mbits/sec  5864  
[ 19]  22.00-23.00  sec  7.40 MBytes  62.1 Mbits/sec  5864  
[ 21]  22.00-23.00  sec  7.40 MBytes  62.1 Mbits/sec  5864  
[ 23]  22.00-23.00  sec  7.40 MBytes  62.1 Mbits/sec  5864  
[ 25]  22.00-23.00  sec  7.40 MBytes  62.1 Mbits/sec  5864  
[ 27]  22.00-23.00  sec  7.40 MBytes  62.1 Mbits/sec  5864  
[ 29]  22.00-23.00  sec  7.40 MBytes  62.1 Mbits/sec  5864  
[ 31]  22.00-23.00  sec  7.40 MBytes  62.1 Mbits/sec  5864  
[ 33]  22.00-23.00  sec  7.40 MBytes  62.1 Mbits/sec  5864  
[ 35]  22.00-23.00  sec  7.40 MBytes  62.1 Mbits/sec  5864  
[ 37]  22.00-23.00  sec  7.40 MBytes  62.1 Mbits/sec  5864  
[ 39]  22.00-23.00  sec  7.40 MBytes  62.1 Mbits/sec  5864  
[ 41]  22.00-23.00  sec  7.40 MBytes  62.1 Mbits/sec  5864  
[ 43]  22.00-23.00  sec  7.40 MBytes  62.1 Mbits/sec  5864  
[SUM]  22.00-23.00  sec   148 MBytes  1242 Mbits/sec  117280  
- - - - - - - - - - - - - - - - - - - - - - - - -
[  5]  23.00-24.00  sec  7.26 MBytes  60.9 Mbits/sec  5746  
[  7]  23.00-24.00  sec  7.26 MBytes  60.9 Mbits/sec  5746  
[  9]  23.00-24.00  sec  7.26 MBytes  60.9 Mbits/sec  5746  
[ 11]  23.00-24.00  sec  7.26 MBytes  60.9 Mbits/sec  5746  
[ 13]  23.00-24.00  sec  7.26 MBytes  60.9 Mbits/sec  5746  
[ 15]  23.00-24.00  sec  7.26 MBytes  60.9 Mbits/sec  5746  
[ 17]  23.00-24.00  sec  7.26 MBytes  60.9 Mbits/sec  5746  
[ 19]  23.00-24.00  sec  7.26 MBytes  60.9 Mbits/sec  5746  
[ 21]  23.00-24.00  sec  7.26 MBytes  60.9 Mbits/sec  5746  
[ 23]  23.00-24.00  sec  7.26 MBytes  60.9 Mbits/sec  5746  
[ 25]  23.00-24.00  sec  7.26 MBytes  60.9 Mbits/sec  5746  
[ 27]  23.00-24.00  sec  7.26 MBytes  60.9 Mbits/sec  5746  
[ 29]  23.00-24.00  sec  7.26 MBytes  60.9 Mbits/sec  5746  
[ 31]  23.00-24.00  sec  7.26 MBytes  60.9 Mbits/sec  5746  
[ 33]  23.00-24.00  sec  7.26 MBytes  60.9 Mbits/sec  5746  
[ 35]  23.00-24.00  sec  7.26 MBytes  60.9 Mbits/sec  5746  
[ 37]  23.00-24.00  sec  7.26 MBytes  60.9 Mbits/sec  5746  
[ 39]  23.00-24.00  sec  7.26 MBytes  60.9 Mbits/sec  5746  
[ 41]  23.00-24.00  sec  7.26 MBytes  60.9 Mbits/sec  5746  
[ 43]  23.00-24.00  sec  7.26 MBytes  60.9 Mbits/sec  5746  
[SUM]  23.00-24.00  sec   145 MBytes  1217 Mbits/sec  114920  
- - - - - - - - - - - - - - - - - - - - - - - - -
[  5]  24.00-25.00  sec  7.41 MBytes  62.2 Mbits/sec  5871  
[  7]  24.00-25.00  sec  7.41 MBytes  62.2 Mbits/sec  5871  
[  9]  24.00-25.00  sec  7.41 MBytes  62.2 Mbits/sec  5871  
[ 11]  24.00-25.00  sec  7.41 MBytes  62.2 Mbits/sec  5871  
[ 13]  24.00-25.00  sec  7.41 MBytes  62.2 Mbits/sec  5871  
[ 15]  24.00-25.00  sec  7.41 MBytes  62.2 Mbits/sec  5871  
[ 17]  24.00-25.00  sec  7.41 MBytes  62.2 Mbits/sec  5871  
[ 19]  24.00-25.00  sec  7.41 MBytes  62.2 Mbits/sec  5871  
[ 21]  24.00-25.00  sec  7.41 MBytes  62.2 Mbits/sec  5871  
[ 23]  24.00-25.00  sec  7.41 MBytes  62.2 Mbits/sec  5871  
[ 25]  24.00-25.00  sec  7.41 MBytes  62.2 Mbits/sec  5871  
[ 27]  24.00-25.00  sec  7.41 MBytes  62.2 Mbits/sec  5871  
[ 29]  24.00-25.00  sec  7.41 MBytes  62.2 Mbits/sec  5871  
[ 31]  24.00-25.00  sec  7.41 MBytes  62.2 Mbits/sec  5871  
[ 33]  24.00-25.00  sec  7.41 MBytes  62.2 Mbits/sec  5871  
[ 35]  24.00-25.00  sec  7.41 MBytes  62.2 Mbits/sec  5871  
[ 37]  24.00-25.00  sec  7.41 MBytes  62.2 Mbits/sec  5871  
[ 39]  24.00-25.00  sec  7.41 MBytes  62.2 Mbits/sec  5871  
[ 41]  24.00-25.00  sec  7.41 MBytes  62.2 Mbits/sec  5871  
[ 43]  24.00-25.00  sec  7.41 MBytes  62.2 Mbits/sec  5871  
[SUM]  24.00-25.00  sec   148 MBytes  1244 Mbits/sec  117420  
- - - - - - - - - - - - - - - - - - - - - - - - -
[  5]  25.00-26.00  sec  6.36 MBytes  53.3 Mbits/sec  5037  
[  7]  25.00-26.00  sec  6.36 MBytes  53.3 Mbits/sec  5037  
[  9]  25.00-26.00  sec  6.36 MBytes  53.3 Mbits/sec  5037  
[ 11]  25.00-26.00  sec  6.36 MBytes  53.3 Mbits/sec  5037  
[ 13]  25.00-26.00  sec  6.36 MBytes  53.3 Mbits/sec  5037  
[ 15]  25.00-26.00  sec  6.36 MBytes  53.3 Mbits/sec  5037  
[ 17]  25.00-26.00  sec  6.36 MBytes  53.3 Mbits/sec  5037  
[ 19]  25.00-26.00  sec  6.36 MBytes  53.3 Mbits/sec  5037  
[ 21]  25.00-26.00  sec  6.36 MBytes  53.3 Mbits/sec  5037  
[ 23]  25.00-26.00  sec  6.36 MBytes  53.3 Mbits/sec  5037  
[ 25]  25.00-26.00  sec  6.36 MBytes  53.3 Mbits/sec  5037  
[ 27]  25.00-26.00  sec  6.36 MBytes  53.3 Mbits/sec  5037  
[ 29]  25.00-26.00  sec  6.36 MBytes  53.3 Mbits/sec  5037  
[ 31]  25.00-26.00  sec  6.36 MBytes  53.3 Mbits/sec  5037  
[ 33]  25.00-26.00  sec  6.36 MBytes  53.3 Mbits/sec  5037  
[ 35]  25.00-26.00  sec  6.36 MBytes  53.3 Mbits/sec  5037  
[ 37]  25.00-26.00  sec  6.36 MBytes  53.3 Mbits/sec  5037  
[ 39]  25.00-26.00  sec  6.36 MBytes  53.3 Mbits/sec  5037  
[ 41]  25.00-26.00  sec  6.36 MBytes  53.3 Mbits/sec  5037  
[ 43]  25.00-26.00  sec  6.36 MBytes  53.3 Mbits/sec  5037  
[SUM]  25.00-26.00  sec   127 MBytes  1067 Mbits/sec  100740  
- - - - - - - - - - - - - - - - - - - - - - - - -
[  5]  26.00-27.00  sec  7.25 MBytes  60.8 Mbits/sec  5739  
[  7]  26.00-27.00  sec  7.25 MBytes  60.8 Mbits/sec  5739  
[  9]  26.00-27.00  sec  7.25 MBytes  60.8 Mbits/sec  5739  
[ 11]  26.00-27.00  sec  7.25 MBytes  60.8 Mbits/sec  5739  
[ 13]  26.00-27.00  sec  7.25 MBytes  60.8 Mbits/sec  5739  
[ 15]  26.00-27.00  sec  7.25 MBytes  60.8 Mbits/sec  5739  
[ 17]  26.00-27.00  sec  7.25 MBytes  60.8 Mbits/sec  5739  
[ 19]  26.00-27.00  sec  7.25 MBytes  60.8 Mbits/sec  5739  
[ 21]  26.00-27.00  sec  7.25 MBytes  60.8 Mbits/sec  5739  
[ 23]  26.00-27.00  sec  7.25 MBytes  60.8 Mbits/sec  5739  
[ 25]  26.00-27.00  sec  7.25 MBytes  60.8 Mbits/sec  5739  
[ 27]  26.00-27.00  sec  7.25 MBytes  60.8 Mbits/sec  5739  
[ 29]  26.00-27.00  sec  7.25 MBytes  60.8 Mbits/sec  5739  
[ 31]  26.00-27.00  sec  7.25 MBytes  60.8 Mbits/sec  5739  
[ 33]  26.00-27.00  sec  7.25 MBytes  60.8 Mbits/sec  5739  
[ 35]  26.00-27.00  sec  7.25 MBytes  60.8 Mbits/sec  5739  
[ 37]  26.00-27.00  sec  7.25 MBytes  60.8 Mbits/sec  5739  
[ 39]  26.00-27.00  sec  7.25 MBytes  60.8 Mbits/sec  5739  
[ 41]  26.00-27.00  sec  7.25 MBytes  60.8 Mbits/sec  5739  
[ 43]  26.00-27.00  sec  7.25 MBytes  60.8 Mbits/sec  5739  
[SUM]  26.00-27.00  sec   145 MBytes  1216 Mbits/sec  114780  
- - - - - - - - - - - - - - - - - - - - - - - - -
[  5]  27.00-28.00  sec  7.10 MBytes  59.5 Mbits/sec  5621  
[  7]  27.00-28.00  sec  7.10 MBytes  59.5 Mbits/sec  5621  
[  9]  27.00-28.00  sec  7.10 MBytes  59.5 Mbits/sec  5621  
[ 11]  27.00-28.00  sec  7.10 MBytes  59.5 Mbits/sec  5621  
[ 13]  27.00-28.00  sec  7.10 MBytes  59.5 Mbits/sec  5621  
[ 15]  27.00-28.00  sec  7.10 MBytes  59.5 Mbits/sec  5621  
[ 17]  27.00-28.00  sec  7.10 MBytes  59.5 Mbits/sec  5621  
[ 19]  27.00-28.00  sec  7.10 MBytes  59.5 Mbits/sec  5621  
[ 21]  27.00-28.00  sec  7.10 MBytes  59.5 Mbits/sec  5621  
[ 23]  27.00-28.00  sec  7.10 MBytes  59.5 Mbits/sec  5621  
[ 25]  27.00-28.00  sec  7.10 MBytes  59.5 Mbits/sec  5621  
[ 27]  27.00-28.00  sec  7.10 MBytes  59.5 Mbits/sec  5621  
[ 29]  27.00-28.00  sec  7.10 MBytes  59.5 Mbits/sec  5621  
[ 31]  27.00-28.00  sec  7.10 MBytes  59.5 Mbits/sec  5621  
[ 33]  27.00-28.00  sec  7.10 MBytes  59.5 Mbits/sec  5621  
[ 35]  27.00-28.00  sec  7.10 MBytes  59.5 Mbits/sec  5621  
[ 37]  27.00-28.00  sec  7.10 MBytes  59.5 Mbits/sec  5621  
[ 39]  27.00-28.00  sec  7.10 MBytes  59.5 Mbits/sec  5621  
[ 41]  27.00-28.00  sec  7.10 MBytes  59.5 Mbits/sec  5621  
[ 43]  27.00-28.00  sec  7.10 MBytes  59.5 Mbits/sec  5621  
[SUM]  27.00-28.00  sec   142 MBytes  1191 Mbits/sec  112420  
- - - - - - - - - - - - - - - - - - - - - - - - -
[  5]  28.00-29.00  sec  7.10 MBytes  59.5 Mbits/sec  5622  
[  7]  28.00-29.00  sec  7.10 MBytes  59.5 Mbits/sec  5622  
[  9]  28.00-29.00  sec  7.10 MBytes  59.5 Mbits/sec  5622  
[ 11]  28.00-29.00  sec  7.10 MBytes  59.5 Mbits/sec  5622  
[ 13]  28.00-29.00  sec  7.10 MBytes  59.5 Mbits/sec  5622  
[ 15]  28.00-29.00  sec  7.10 MBytes  59.5 Mbits/sec  5622  
[ 17]  28.00-29.00  sec  7.10 MBytes  59.5 Mbits/sec  5622  
[ 19]  28.00-29.00  sec  7.10 MBytes  59.5 Mbits/sec  5622  
[ 21]  28.00-29.00  sec  7.10 MBytes  59.5 Mbits/sec  5622  
[ 23]  28.00-29.00  sec  7.10 MBytes  59.5 Mbits/sec  5622  
[ 25]  28.00-29.00  sec  7.10 MBytes  59.5 Mbits/sec  5622  
[ 27]  28.00-29.00  sec  7.10 MBytes  59.5 Mbits/sec  5622  
[ 29]  28.00-29.00  sec  7.10 MBytes  59.5 Mbits/sec  5622  
[ 31]  28.00-29.00  sec  7.10 MBytes  59.5 Mbits/sec  5622  
[ 33]  28.00-29.00  sec  7.10 MBytes  59.5 Mbits/sec  5622  
[ 35]  28.00-29.00  sec  7.10 MBytes  59.5 Mbits/sec  5622  
[ 37]  28.00-29.00  sec  7.10 MBytes  59.5 Mbits/sec  5622  
[ 39]  28.00-29.00  sec  7.10 MBytes  59.5 Mbits/sec  5622  
[ 41]  28.00-29.00  sec  7.10 MBytes  59.5 Mbits/sec  5622  
[ 43]  28.00-29.00  sec  7.10 MBytes  59.5 Mbits/sec  5622  
[SUM]  28.00-29.00  sec   142 MBytes  1191 Mbits/sec  112440  
- - - - - - - - - - - - - - - - - - - - - - - - -
[  5]  29.00-30.00  sec  7.31 MBytes  61.3 Mbits/sec  5789  
[  7]  29.00-30.00  sec  7.31 MBytes  61.3 Mbits/sec  5789  
[  9]  29.00-30.00  sec  7.31 MBytes  61.3 Mbits/sec  5789  
[ 11]  29.00-30.00  sec  7.31 MBytes  61.3 Mbits/sec  5789  
[ 13]  29.00-30.00  sec  7.31 MBytes  61.3 Mbits/sec  5789  
[ 15]  29.00-30.00  sec  7.31 MBytes  61.3 Mbits/sec  5789  
[ 17]  29.00-30.00  sec  7.31 MBytes  61.3 Mbits/sec  5789  
[ 19]  29.00-30.00  sec  7.31 MBytes  61.3 Mbits/sec  5789  
[ 21]  29.00-30.00  sec  7.31 MBytes  61.3 Mbits/sec  5789  
[ 23]  29.00-30.00  sec  7.31 MBytes  61.3 Mbits/sec  5789  
[ 25]  29.00-30.00  sec  7.31 MBytes  61.3 Mbits/sec  5789  
[ 27]  29.00-30.00  sec  7.31 MBytes  61.3 Mbits/sec  5789  
[ 29]  29.00-30.00  sec  7.31 MBytes  61.3 Mbits/sec  5789  
[ 31]  29.00-30.00  sec  7.31 MBytes  61.3 Mbits/sec  5789  
[ 33]  29.00-30.00  sec  7.31 MBytes  61.3 Mbits/sec  5789  
[ 35]  29.00-30.00  sec  7.31 MBytes  61.3 Mbits/sec  5789  
[ 37]  29.00-30.00  sec  7.31 MBytes  61.3 Mbits/sec  5789  
[ 39]  29.00-30.00  sec  7.31 MBytes  61.3 Mbits/sec  5789  
[ 41]  29.00-30.00  sec  7.31 MBytes  61.3 Mbits/sec  5789  
[ 43]  29.00-30.00  sec  7.31 MBytes  61.3 Mbits/sec  5789  
[SUM]  29.00-30.00  sec   146 MBytes  1226 Mbits/sec  115780  
- - - - - - - - - - - - - - - - - - - - - - - - -
[  5]  30.00-31.00  sec  7.42 MBytes  62.2 Mbits/sec  5873  
[  7]  30.00-31.00  sec  7.42 MBytes  62.2 Mbits/sec  5873  
[  9]  30.00-31.00  sec  7.42 MBytes  62.2 Mbits/sec  5873  
[ 11]  30.00-31.00  sec  7.42 MBytes  62.2 Mbits/sec  5873  
[ 13]  30.00-31.00  sec  7.42 MBytes  62.2 Mbits/sec  5873  
[ 15]  30.00-31.00  sec  7.42 MBytes  62.2 Mbits/sec  5873  
[ 17]  30.00-31.00  sec  7.42 MBytes  62.2 Mbits/sec  5873  
[ 19]  30.00-31.00  sec  7.42 MBytes  62.2 Mbits/sec  5873  
[ 21]  30.00-31.00  sec  7.42 MBytes  62.2 Mbits/sec  5873  
[ 23]  30.00-31.00  sec  7.42 MBytes  62.2 Mbits/sec  5873  
[ 25]  30.00-31.00  sec  7.42 MBytes  62.2 Mbits/sec  5873  
[ 27]  30.00-31.00  sec  7.42 MBytes  62.2 Mbits/sec  5873  
[ 29]  30.00-31.00  sec  7.42 MBytes  62.2 Mbits/sec  5873  
[ 31]  30.00-31.00  sec  7.42 MBytes  62.2 Mbits/sec  5873  
[ 33]  30.00-31.00  sec  7.42 MBytes  62.2 Mbits/sec  5873  
[ 35]  30.00-31.00  sec  7.42 MBytes  62.2 Mbits/sec  5873  
[ 37]  30.00-31.00  sec  7.42 MBytes  62.2 Mbits/sec  5873  
[ 39]  30.00-31.00  sec  7.42 MBytes  62.2 Mbits/sec  5873  
[ 41]  30.00-31.00  sec  7.42 MBytes  62.2 Mbits/sec  5873  
[ 43]  30.00-31.00  sec  7.42 MBytes  62.2 Mbits/sec  5873  
[SUM]  30.00-31.00  sec   148 MBytes  1244 Mbits/sec  117460  
- - - - - - - - - - - - - - - - - - - - - - - - -
[  5]  31.00-32.00  sec  7.30 MBytes  61.2 Mbits/sec  5782  
[  7]  31.00-32.00  sec  7.30 MBytes  61.2 Mbits/sec  5782  
[  9]  31.00-32.00  sec  7.30 MBytes  61.2 Mbits/sec  5782  
[ 11]  31.00-32.00  sec  7.30 MBytes  61.2 Mbits/sec  5782  
[ 13]  31.00-32.00  sec  7.30 MBytes  61.2 Mbits/sec  5782  
[ 15]  31.00-32.00  sec  7.30 MBytes  61.2 Mbits/sec  5782  
[ 17]  31.00-32.00  sec  7.30 MBytes  61.2 Mbits/sec  5782  
[ 19]  31.00-32.00  sec  7.30 MBytes  61.2 Mbits/sec  5782  
[ 21]  31.00-32.00  sec  7.30 MBytes  61.2 Mbits/sec  5782  
[ 23]  31.00-32.00  sec  7.30 MBytes  61.2 Mbits/sec  5782  
[ 25]  31.00-32.00  sec  7.30 MBytes  61.2 Mbits/sec  5782  
[ 27]  31.00-32.00  sec  7.30 MBytes  61.2 Mbits/sec  5782  
[ 29]  31.00-32.00  sec  7.30 MBytes  61.2 Mbits/sec  5782  
[ 31]  31.00-32.00  sec  7.30 MBytes  61.2 Mbits/sec  5782  
[ 33]  31.00-32.00  sec  7.30 MBytes  61.2 Mbits/sec  5782  
[ 35]  31.00-32.00  sec  7.30 MBytes  61.2 Mbits/sec  5782  
[ 37]  31.00-32.00  sec  7.30 MBytes  61.2 Mbits/sec  5782  
[ 39]  31.00-32.00  sec  7.30 MBytes  61.2 Mbits/sec  5782  
[ 41]  31.00-32.00  sec  7.30 MBytes  61.2 Mbits/sec  5782  
[ 43]  31.00-32.00  sec  7.30 MBytes  61.2 Mbits/sec  5782  
[SUM]  31.00-32.00  sec   146 MBytes  1225 Mbits/sec  115640  
- - - - - - - - - - - - - - - - - - - - - - - - -
[  5]  32.00-33.00  sec  6.48 MBytes  54.4 Mbits/sec  5133  
[  7]  32.00-33.00  sec  6.48 MBytes  54.4 Mbits/sec  5133  
[  9]  32.00-33.00  sec  6.48 MBytes  54.4 Mbits/sec  5133  
[ 11]  32.00-33.00  sec  6.48 MBytes  54.4 Mbits/sec  5133  
[ 13]  32.00-33.00  sec  6.48 MBytes  54.4 Mbits/sec  5133  
[ 15]  32.00-33.00  sec  6.48 MBytes  54.4 Mbits/sec  5133  
[ 17]  32.00-33.00  sec  6.48 MBytes  54.4 Mbits/sec  5133  
[ 19]  32.00-33.00  sec  6.48 MBytes  54.4 Mbits/sec  5133  
[ 21]  32.00-33.00  sec  6.48 MBytes  54.4 Mbits/sec  5133  
[ 23]  32.00-33.00  sec  6.48 MBytes  54.4 Mbits/sec  5133  
[ 25]  32.00-33.00  sec  6.48 MBytes  54.4 Mbits/sec  5133  
[ 27]  32.00-33.00  sec  6.48 MBytes  54.4 Mbits/sec  5133  
[ 29]  32.00-33.00  sec  6.48 MBytes  54.4 Mbits/sec  5133  
[ 31]  32.00-33.00  sec  6.48 MBytes  54.4 Mbits/sec  5133  
[ 33]  32.00-33.00  sec  6.48 MBytes  54.4 Mbits/sec  5133  
[ 35]  32.00-33.00  sec  6.48 MBytes  54.4 Mbits/sec  5133  
[ 37]  32.00-33.00  sec  6.48 MBytes  54.4 Mbits/sec  5133  
[ 39]  32.00-33.00  sec  6.48 MBytes  54.4 Mbits/sec  5133  
[ 41]  32.00-33.00  sec  6.48 MBytes  54.4 Mbits/sec  5133  
[ 43]  32.00-33.00  sec  6.48 MBytes  54.4 Mbits/sec  5133  
[SUM]  32.00-33.00  sec   130 MBytes  1087 Mbits/sec  102660  
- - - - - - - - - - - - - - - - - - - - - - - - -
[  5]  33.00-34.00  sec  6.66 MBytes  55.9 Mbits/sec  5276  
[  7]  33.00-34.00  sec  6.66 MBytes  55.9 Mbits/sec  5276  
[  9]  33.00-34.00  sec  6.66 MBytes  55.9 Mbits/sec  5276  
[ 11]  33.00-34.00  sec  6.66 MBytes  55.9 Mbits/sec  5276  
[ 13]  33.00-34.00  sec  6.66 MBytes  55.9 Mbits/sec  5276  
[ 15]  33.00-34.00  sec  6.66 MBytes  55.9 Mbits/sec  5276  
[ 17]  33.00-34.00  sec  6.66 MBytes  55.9 Mbits/sec  5276  
[ 19]  33.00-34.00  sec  6.66 MBytes  55.9 Mbits/sec  5276  
[ 21]  33.00-34.00  sec  6.66 MBytes  55.9 Mbits/sec  5276  
[ 23]  33.00-34.00  sec  6.66 MBytes  55.9 Mbits/sec  5276  
[ 25]  33.00-34.00  sec  6.66 MBytes  55.9 Mbits/sec  5276  
[ 27]  33.00-34.00  sec  6.66 MBytes  55.9 Mbits/sec  5276  
[ 29]  33.00-34.00  sec  6.66 MBytes  55.9 Mbits/sec  5276  
[ 31]  33.00-34.00  sec  6.66 MBytes  55.9 Mbits/sec  5276  
[ 33]  33.00-34.00  sec  6.66 MBytes  55.9 Mbits/sec  5276  
[ 35]  33.00-34.00  sec  6.66 MBytes  55.9 Mbits/sec  5276  
[ 37]  33.00-34.00  sec  6.66 MBytes  55.9 Mbits/sec  5276  
[ 39]  33.00-34.00  sec  6.66 MBytes  55.9 Mbits/sec  5276  
[ 41]  33.00-34.00  sec  6.66 MBytes  55.9 Mbits/sec  5276  
[ 43]  33.00-34.00  sec  6.66 MBytes  55.9 Mbits/sec  5276  
[SUM]  33.00-34.00  sec   133 MBytes  1118 Mbits/sec  105520  
- - - - - - - - - - - - - - - - - - - - - - - - -
[  5]  34.00-35.00  sec  7.28 MBytes  61.0 Mbits/sec  5764  
[  7]  34.00-35.00  sec  7.28 MBytes  61.0 Mbits/sec  5764  
[  9]  34.00-35.00  sec  7.28 MBytes  61.0 Mbits/sec  5764  
[ 11]  34.00-35.00  sec  7.28 MBytes  61.0 Mbits/sec  5764  
[ 13]  34.00-35.00  sec  7.28 MBytes  61.0 Mbits/sec  5764  
[ 15]  34.00-35.00  sec  7.28 MBytes  61.0 Mbits/sec  5764  
[ 17]  34.00-35.00  sec  7.28 MBytes  61.0 Mbits/sec  5764  
[ 19]  34.00-35.00  sec  7.28 MBytes  61.0 Mbits/sec  5764  
[ 21]  34.00-35.00  sec  7.28 MBytes  61.0 Mbits/sec  5764  
[ 23]  34.00-35.00  sec  7.28 MBytes  61.0 Mbits/sec  5764  
[ 25]  34.00-35.00  sec  7.28 MBytes  61.0 Mbits/sec  5764  
[ 27]  34.00-35.00  sec  7.28 MBytes  61.0 Mbits/sec  5764  
[ 29]  34.00-35.00  sec  7.28 MBytes  61.0 Mbits/sec  5764  
[ 31]  34.00-35.00  sec  7.28 MBytes  61.0 Mbits/sec  5764  
[ 33]  34.00-35.00  sec  7.28 MBytes  61.0 Mbits/sec  5764  
[ 35]  34.00-35.00  sec  7.28 MBytes  61.0 Mbits/sec  5764  
[ 37]  34.00-35.00  sec  7.28 MBytes  61.0 Mbits/sec  5764  
[ 39]  34.00-35.00  sec  7.28 MBytes  61.0 Mbits/sec  5764  
[ 41]  34.00-35.00  sec  7.28 MBytes  61.0 Mbits/sec  5764  
[ 43]  34.00-35.00  sec  7.28 MBytes  61.0 Mbits/sec  5764  
[SUM]  34.00-35.00  sec   146 MBytes  1221 Mbits/sec  115280  
- - - - - - - - - - - - - - - - - - - - - - - - -
[  5]  35.00-36.00  sec  6.47 MBytes  54.3 Mbits/sec  5122  
[  7]  35.00-36.00  sec  6.47 MBytes  54.3 Mbits/sec  5122  
[  9]  35.00-36.00  sec  6.47 MBytes  54.3 Mbits/sec  5122  
[ 11]  35.00-36.00  sec  6.47 MBytes  54.3 Mbits/sec  5122  
[ 13]  35.00-36.00  sec  6.47 MBytes  54.3 Mbits/sec  5122  
[ 15]  35.00-36.00  sec  6.47 MBytes  54.3 Mbits/sec  5122  
[ 17]  35.00-36.00  sec  6.47 MBytes  54.3 Mbits/sec  5122  
[ 19]  35.00-36.00  sec  6.47 MBytes  54.3 Mbits/sec  5122  
[ 21]  35.00-36.00  sec  6.47 MBytes  54.3 Mbits/sec  5122  
[ 23]  35.00-36.00  sec  6.47 MBytes  54.3 Mbits/sec  5122  
[ 25]  35.00-36.00  sec  6.47 MBytes  54.3 Mbits/sec  5122  
[ 27]  35.00-36.00  sec  6.47 MBytes  54.3 Mbits/sec  5122  
[ 29]  35.00-36.00  sec  6.47 MBytes  54.3 Mbits/sec  5122  
[ 31]  35.00-36.00  sec  6.47 MBytes  54.2 Mbits/sec  5122  
[ 33]  35.00-36.00  sec  6.47 MBytes  54.2 Mbits/sec  5122  
[ 35]  35.00-36.00  sec  6.47 MBytes  54.2 Mbits/sec  5122  
[ 37]  35.00-36.00  sec  6.47 MBytes  54.3 Mbits/sec  5122  
[ 39]  35.00-36.00  sec  6.47 MBytes  54.3 Mbits/sec  5122  
[ 41]  35.00-36.00  sec  6.47 MBytes  54.3 Mbits/sec  5122  
[ 43]  35.00-36.00  sec  6.47 MBytes  54.3 Mbits/sec  5122  
[SUM]  35.00-36.00  sec   129 MBytes  1085 Mbits/sec  102440  
- - - - - - - - - - - - - - - - - - - - - - - - -
[  5]  36.00-37.00  sec  7.12 MBytes  59.7 Mbits/sec  5635  
[  7]  36.00-37.00  sec  7.12 MBytes  59.7 Mbits/sec  5635  
[  9]  36.00-37.00  sec  7.12 MBytes  59.7 Mbits/sec  5635  
[ 11]  36.00-37.00  sec  7.12 MBytes  59.7 Mbits/sec  5635  
[ 13]  36.00-37.00  sec  7.12 MBytes  59.7 Mbits/sec  5635  
[ 15]  36.00-37.00  sec  7.12 MBytes  59.7 Mbits/sec  5635  
[ 17]  36.00-37.00  sec  7.12 MBytes  59.7 Mbits/sec  5635  
[ 19]  36.00-37.00  sec  7.12 MBytes  59.7 Mbits/sec  5635  
[ 21]  36.00-37.00  sec  7.12 MBytes  59.7 Mbits/sec  5635  
[ 23]  36.00-37.00  sec  7.12 MBytes  59.7 Mbits/sec  5635  
[ 25]  36.00-37.00  sec  7.12 MBytes  59.7 Mbits/sec  5635  
[ 27]  36.00-37.00  sec  7.12 MBytes  59.7 Mbits/sec  5635  
[ 29]  36.00-37.00  sec  7.12 MBytes  59.7 Mbits/sec  5635  
[ 31]  36.00-37.00  sec  7.12 MBytes  59.7 Mbits/sec  5635  
[ 33]  36.00-37.00  sec  7.12 MBytes  59.7 Mbits/sec  5635  
[ 35]  36.00-37.00  sec  7.12 MBytes  59.7 Mbits/sec  5635  
[ 37]  36.00-37.00  sec  7.12 MBytes  59.7 Mbits/sec  5635  
[ 39]  36.00-37.00  sec  7.12 MBytes  59.7 Mbits/sec  5635  
[ 41]  36.00-37.00  sec  7.12 MBytes  59.7 Mbits/sec  5635  
[ 43]  36.00-37.00  sec  7.12 MBytes  59.7 Mbits/sec  5635  
[SUM]  36.00-37.00  sec   142 MBytes  1194 Mbits/sec  112700  
- - - - - - - - - - - - - - - - - - - - - - - - -
[  5]  37.00-38.00  sec  7.42 MBytes  62.3 Mbits/sec  5878  
[  7]  37.00-38.00  sec  7.42 MBytes  62.3 Mbits/sec  5878  
[  9]  37.00-38.00  sec  7.42 MBytes  62.3 Mbits/sec  5878  
[ 11]  37.00-38.00  sec  7.42 MBytes  62.3 Mbits/sec  5878  
[ 13]  37.00-38.00  sec  7.42 MBytes  62.3 Mbits/sec  5878  
[ 15]  37.00-38.00  sec  7.42 MBytes  62.3 Mbits/sec  5878  
[ 17]  37.00-38.00  sec  7.42 MBytes  62.3 Mbits/sec  5878  
[ 19]  37.00-38.00  sec  7.42 MBytes  62.3 Mbits/sec  5878  
[ 21]  37.00-38.00  sec  7.42 MBytes  62.3 Mbits/sec  5878  
[ 23]  37.00-38.00  sec  7.42 MBytes  62.3 Mbits/sec  5878  
[ 25]  37.00-38.00  sec  7.42 MBytes  62.3 Mbits/sec  5878  
[ 27]  37.00-38.00  sec  7.42 MBytes  62.3 Mbits/sec  5878  
[ 29]  37.00-38.00  sec  7.42 MBytes  62.3 Mbits/sec  5878  
[ 31]  37.00-38.00  sec  7.42 MBytes  62.3 Mbits/sec  5878  
[ 33]  37.00-38.00  sec  7.42 MBytes  62.3 Mbits/sec  5878  
[ 35]  37.00-38.00  sec  7.42 MBytes  62.3 Mbits/sec  5878  
[ 37]  37.00-38.00  sec  7.42 MBytes  62.3 Mbits/sec  5878  
[ 39]  37.00-38.00  sec  7.42 MBytes  62.3 Mbits/sec  5878  
[ 41]  37.00-38.00  sec  7.42 MBytes  62.3 Mbits/sec  5878  
[ 43]  37.00-38.00  sec  7.42 MBytes  62.3 Mbits/sec  5878  
[SUM]  37.00-38.00  sec   148 MBytes  1245 Mbits/sec  117560  
- - - - - - - - - - - - - - - - - - - - - - - - -
[  5]  38.00-39.00  sec  7.33 MBytes  61.5 Mbits/sec  5809  
[  7]  38.00-39.00  sec  7.33 MBytes  61.5 Mbits/sec  5809  
[  9]  38.00-39.00  sec  7.33 MBytes  61.5 Mbits/sec  5809  
[ 11]  38.00-39.00  sec  7.33 MBytes  61.5 Mbits/sec  5809  
[ 13]  38.00-39.00  sec  7.33 MBytes  61.5 Mbits/sec  5809  
[ 15]  38.00-39.00  sec  7.33 MBytes  61.5 Mbits/sec  5809  
[ 17]  38.00-39.00  sec  7.33 MBytes  61.5 Mbits/sec  5809  
[ 19]  38.00-39.00  sec  7.33 MBytes  61.5 Mbits/sec  5809  
[ 21]  38.00-39.00  sec  7.33 MBytes  61.5 Mbits/sec  5809  
[ 23]  38.00-39.00  sec  7.33 MBytes  61.5 Mbits/sec  5809  
[ 25]  38.00-39.00  sec  7.33 MBytes  61.5 Mbits/sec  5809  
[ 27]  38.00-39.00  sec  7.33 MBytes  61.5 Mbits/sec  5809  
[ 29]  38.00-39.00  sec  7.33 MBytes  61.5 Mbits/sec  5809  
[ 31]  38.00-39.00  sec  7.33 MBytes  61.5 Mbits/sec  5809  
[ 33]  38.00-39.00  sec  7.33 MBytes  61.5 Mbits/sec  5809  
[ 35]  38.00-39.00  sec  7.33 MBytes  61.5 Mbits/sec  5809  
[ 37]  38.00-39.00  sec  7.33 MBytes  61.5 Mbits/sec  5809  
[ 39]  38.00-39.00  sec  7.33 MBytes  61.5 Mbits/sec  5809  
[ 41]  38.00-39.00  sec  7.33 MBytes  61.5 Mbits/sec  5809  
[ 43]  38.00-39.00  sec  7.33 MBytes  61.5 Mbits/sec  5809  
[SUM]  38.00-39.00  sec   147 MBytes  1231 Mbits/sec  116180  
- - - - - - - - - - - - - - - - - - - - - - - - -
[  5]  39.00-40.00  sec  6.38 MBytes  53.5 Mbits/sec  5055  
[  7]  39.00-40.00  sec  6.38 MBytes  53.5 Mbits/sec  5055  
[  9]  39.00-40.00  sec  6.38 MBytes  53.5 Mbits/sec  5055  
[ 11]  39.00-40.00  sec  6.38 MBytes  53.5 Mbits/sec  5055  
[ 13]  39.00-40.00  sec  6.38 MBytes  53.5 Mbits/sec  5055  
[ 15]  39.00-40.00  sec  6.38 MBytes  53.5 Mbits/sec  5055  
[ 17]  39.00-40.00  sec  6.38 MBytes  53.5 Mbits/sec  5055  
[ 19]  39.00-40.00  sec  6.38 MBytes  53.5 Mbits/sec  5055  
[ 21]  39.00-40.00  sec  6.38 MBytes  53.5 Mbits/sec  5055  
[ 23]  39.00-40.00  sec  6.38 MBytes  53.5 Mbits/sec  5055  
[ 25]  39.00-40.00  sec  6.38 MBytes  53.5 Mbits/sec  5055  
[ 27]  39.00-40.00  sec  6.38 MBytes  53.5 Mbits/sec  5055  
[ 29]  39.00-40.00  sec  6.38 MBytes  53.5 Mbits/sec  5055  
[ 31]  39.00-40.00  sec  6.38 MBytes  53.5 Mbits/sec  5055  
[ 33]  39.00-40.00  sec  6.38 MBytes  53.5 Mbits/sec  5055  
[ 35]  39.00-40.00  sec  6.38 MBytes  53.5 Mbits/sec  5055  
[ 37]  39.00-40.00  sec  6.38 MBytes  53.5 Mbits/sec  5055  
[ 39]  39.00-40.00  sec  6.38 MBytes  53.5 Mbits/sec  5055  
[ 41]  39.00-40.00  sec  6.38 MBytes  53.5 Mbits/sec  5055  
[ 43]  39.00-40.00  sec  6.38 MBytes  53.5 Mbits/sec  5055  
[SUM]  39.00-40.00  sec   128 MBytes  1071 Mbits/sec  101100  
- - - - - - - - - - - - - - - - - - - - - - - - -
[  5]  40.00-41.00  sec  7.29 MBytes  61.2 Mbits/sec  5775  
[  7]  40.00-41.00  sec  7.29 MBytes  61.2 Mbits/sec  5775  
[  9]  40.00-41.00  sec  7.29 MBytes  61.2 Mbits/sec  5775  
[ 11]  40.00-41.00  sec  7.29 MBytes  61.2 Mbits/sec  5775  
[ 13]  40.00-41.00  sec  7.29 MBytes  61.2 Mbits/sec  5775  
[ 15]  40.00-41.00  sec  7.29 MBytes  61.2 Mbits/sec  5775  
[ 17]  40.00-41.00  sec  7.29 MBytes  61.2 Mbits/sec  5775  
[ 19]  40.00-41.00  sec  7.29 MBytes  61.2 Mbits/sec  5775  
[ 21]  40.00-41.00  sec  7.29 MBytes  61.2 Mbits/sec  5775  
[ 23]  40.00-41.00  sec  7.29 MBytes  61.2 Mbits/sec  5775  
[ 25]  40.00-41.00  sec  7.29 MBytes  61.2 Mbits/sec  5775  
[ 27]  40.00-41.00  sec  7.29 MBytes  61.2 Mbits/sec  5775  
[ 29]  40.00-41.00  sec  7.29 MBytes  61.2 Mbits/sec  5775  
[ 31]  40.00-41.00  sec  7.29 MBytes  61.2 Mbits/sec  5775  
[ 33]  40.00-41.00  sec  7.29 MBytes  61.2 Mbits/sec  5775  
[ 35]  40.00-41.00  sec  7.29 MBytes  61.2 Mbits/sec  5775  
[ 37]  40.00-41.00  sec  7.29 MBytes  61.2 Mbits/sec  5775  
[ 39]  40.00-41.00  sec  7.29 MBytes  61.2 Mbits/sec  5775  
[ 41]  40.00-41.00  sec  7.29 MBytes  61.2 Mbits/sec  5775  
[ 43]  40.00-41.00  sec  7.29 MBytes  61.2 Mbits/sec  5775  
[SUM]  40.00-41.00  sec   146 MBytes  1223 Mbits/sec  115500  
- - - - - - - - - - - - - - - - - - - - - - - - -
[  5]  41.00-42.00  sec  6.91 MBytes  57.9 Mbits/sec  5470  
[  7]  41.00-42.00  sec  6.91 MBytes  57.9 Mbits/sec  5470  
[  9]  41.00-42.00  sec  6.91 MBytes  57.9 Mbits/sec  5470  
[ 11]  41.00-42.00  sec  6.91 MBytes  57.9 Mbits/sec  5470  
[ 13]  41.00-42.00  sec  6.91 MBytes  57.9 Mbits/sec  5470  
[ 15]  41.00-42.00  sec  6.91 MBytes  57.9 Mbits/sec  5470  
[ 17]  41.00-42.00  sec  6.91 MBytes  57.9 Mbits/sec  5470  
[ 19]  41.00-42.00  sec  6.91 MBytes  57.9 Mbits/sec  5470  
[ 21]  41.00-42.00  sec  6.91 MBytes  57.9 Mbits/sec  5470  
[ 23]  41.00-42.00  sec  6.91 MBytes  57.9 Mbits/sec  5470  
[ 25]  41.00-42.00  sec  6.91 MBytes  57.9 Mbits/sec  5469  
[ 27]  41.00-42.00  sec  6.91 MBytes  57.9 Mbits/sec  5469  
[ 29]  41.00-42.00  sec  6.91 MBytes  57.9 Mbits/sec  5469  
[ 31]  41.00-42.00  sec  6.91 MBytes  57.9 Mbits/sec  5469  
[ 33]  41.00-42.00  sec  6.91 MBytes  57.9 Mbits/sec  5469  
[ 35]  41.00-42.00  sec  6.91 MBytes  57.9 Mbits/sec  5469  
[ 37]  41.00-42.00  sec  6.91 MBytes  57.9 Mbits/sec  5469  
[ 39]  41.00-42.00  sec  6.91 MBytes  57.9 Mbits/sec  5469  
[ 41]  41.00-42.00  sec  6.91 MBytes  57.9 Mbits/sec  5469  
[ 43]  41.00-42.00  sec  6.91 MBytes  57.9 Mbits/sec  5469  
[SUM]  41.00-42.00  sec   138 MBytes  1159 Mbits/sec  109390  
- - - - - - - - - - - - - - - - - - - - - - - - -
[  5]  42.00-43.00  sec  6.48 MBytes  54.3 Mbits/sec  5129  
[  7]  42.00-43.00  sec  6.48 MBytes  54.3 Mbits/sec  5129  
[  9]  42.00-43.00  sec  6.48 MBytes  54.3 Mbits/sec  5129  
[ 11]  42.00-43.00  sec  6.48 MBytes  54.3 Mbits/sec  5129  
[ 13]  42.00-43.00  sec  6.48 MBytes  54.3 Mbits/sec  5129  
[ 15]  42.00-43.00  sec  6.48 MBytes  54.3 Mbits/sec  5129  
[ 17]  42.00-43.00  sec  6.48 MBytes  54.3 Mbits/sec  5129  
[ 19]  42.00-43.00  sec  6.48 MBytes  54.3 Mbits/sec  5129  
[ 21]  42.00-43.00  sec  6.48 MBytes  54.3 Mbits/sec  5129  
[ 23]  42.00-43.00  sec  6.48 MBytes  54.3 Mbits/sec  5129  
[ 25]  42.00-43.00  sec  6.48 MBytes  54.3 Mbits/sec  5129  
[ 27]  42.00-43.00  sec  6.48 MBytes  54.3 Mbits/sec  5129  
[ 29]  42.00-43.00  sec  6.48 MBytes  54.3 Mbits/sec  5129  
[ 31]  42.00-43.00  sec  6.48 MBytes  54.3 Mbits/sec  5129  
[ 33]  42.00-43.00  sec  6.48 MBytes  54.3 Mbits/sec  5129  
[ 35]  42.00-43.00  sec  6.48 MBytes  54.3 Mbits/sec  5129  
[ 37]  42.00-43.00  sec  6.48 MBytes  54.3 Mbits/sec  5129  
[ 39]  42.00-43.00  sec  6.48 MBytes  54.3 Mbits/sec  5129  
[ 41]  42.00-43.00  sec  6.48 MBytes  54.3 Mbits/sec  5129  
[ 43]  42.00-43.00  sec  6.48 MBytes  54.3 Mbits/sec  5129  
[SUM]  42.00-43.00  sec   130 MBytes  1087 Mbits/sec  102580  
- - - - - - - - - - - - - - - - - - - - - - - - -
[  5]  43.00-44.00  sec  6.46 MBytes  54.2 Mbits/sec  5113  
[  7]  43.00-44.00  sec  6.46 MBytes  54.2 Mbits/sec  5113  
[  9]  43.00-44.00  sec  6.46 MBytes  54.2 Mbits/sec  5113  
[ 11]  43.00-44.00  sec  6.46 MBytes  54.2 Mbits/sec  5113  
[ 13]  43.00-44.00  sec  6.46 MBytes  54.2 Mbits/sec  5113  
[ 15]  43.00-44.00  sec  6.46 MBytes  54.2 Mbits/sec  5113  
[ 17]  43.00-44.00  sec  6.46 MBytes  54.2 Mbits/sec  5113  
[ 19]  43.00-44.00  sec  6.46 MBytes  54.1 Mbits/sec  5113  
[ 21]  43.00-44.00  sec  6.46 MBytes  54.1 Mbits/sec  5113  
[ 23]  43.00-44.00  sec  6.46 MBytes  54.1 Mbits/sec  5113  
[ 25]  43.00-44.00  sec  6.46 MBytes  54.2 Mbits/sec  5113  
[ 27]  43.00-44.00  sec  6.46 MBytes  54.2 Mbits/sec  5113  
[ 29]  43.00-44.00  sec  6.46 MBytes  54.2 Mbits/sec  5113  
[ 31]  43.00-44.00  sec  6.46 MBytes  54.2 Mbits/sec  5113  
[ 33]  43.00-44.00  sec  6.46 MBytes  54.2 Mbits/sec  5113  
[ 35]  43.00-44.00  sec  6.46 MBytes  54.2 Mbits/sec  5113  
[ 37]  43.00-44.00  sec  6.46 MBytes  54.2 Mbits/sec  5113  
[ 39]  43.00-44.00  sec  6.46 MBytes  54.2 Mbits/sec  5113  
[ 41]  43.00-44.00  sec  6.46 MBytes  54.2 Mbits/sec  5113  
[ 43]  43.00-44.00  sec  6.46 MBytes  54.2 Mbits/sec  5113  
[SUM]  43.00-44.00  sec   129 MBytes  1083 Mbits/sec  102260  
- - - - - - - - - - - - - - - - - - - - - - - - -
[  5]  44.00-45.00  sec  7.06 MBytes  59.2 Mbits/sec  5592  
[  7]  44.00-45.00  sec  7.06 MBytes  59.2 Mbits/sec  5592  
[  9]  44.00-45.00  sec  7.06 MBytes  59.2 Mbits/sec  5592  
[ 11]  44.00-45.00  sec  7.06 MBytes  59.2 Mbits/sec  5592  
[ 13]  44.00-45.00  sec  7.06 MBytes  59.2 Mbits/sec  5592  
[ 15]  44.00-45.00  sec  7.06 MBytes  59.2 Mbits/sec  5592  
[ 17]  44.00-45.00  sec  7.06 MBytes  59.2 Mbits/sec  5592  
[ 19]  44.00-45.00  sec  7.06 MBytes  59.2 Mbits/sec  5592  
[ 21]  44.00-45.00  sec  7.06 MBytes  59.2 Mbits/sec  5592  
[ 23]  44.00-45.00  sec  7.06 MBytes  59.2 Mbits/sec  5592  
[ 25]  44.00-45.00  sec  7.06 MBytes  59.2 Mbits/sec  5592  
[ 27]  44.00-45.00  sec  7.06 MBytes  59.2 Mbits/sec  5592  
[ 29]  44.00-45.00  sec  7.06 MBytes  59.2 Mbits/sec  5592  
[ 31]  44.00-45.00  sec  7.06 MBytes  59.2 Mbits/sec  5592  
[ 33]  44.00-45.00  sec  7.06 MBytes  59.2 Mbits/sec  5592  
[ 35]  44.00-45.00  sec  7.06 MBytes  59.2 Mbits/sec  5592  
[ 37]  44.00-45.00  sec  7.06 MBytes  59.2 Mbits/sec  5592  
[ 39]  44.00-45.00  sec  7.06 MBytes  59.2 Mbits/sec  5592  
[ 41]  44.00-45.00  sec  7.06 MBytes  59.2 Mbits/sec  5592  
[ 43]  44.00-45.00  sec  7.06 MBytes  59.2 Mbits/sec  5592  
[SUM]  44.00-45.00  sec   141 MBytes  1185 Mbits/sec  111840  
- - - - - - - - - - - - - - - - - - - - - - - - -
[  5]  45.00-46.00  sec  7.42 MBytes  62.3 Mbits/sec  5879  
[  7]  45.00-46.00  sec  7.42 MBytes  62.3 Mbits/sec  5879  
[  9]  45.00-46.00  sec  7.42 MBytes  62.3 Mbits/sec  5879  
[ 11]  45.00-46.00  sec  7.42 MBytes  62.3 Mbits/sec  5879  
[ 13]  45.00-46.00  sec  7.42 MBytes  62.3 Mbits/sec  5879  
[ 15]  45.00-46.00  sec  7.42 MBytes  62.3 Mbits/sec  5879  
[ 17]  45.00-46.00  sec  7.42 MBytes  62.3 Mbits/sec  5879  
[ 19]  45.00-46.00  sec  7.42 MBytes  62.3 Mbits/sec  5879  
[ 21]  45.00-46.00  sec  7.42 MBytes  62.3 Mbits/sec  5879  
[ 23]  45.00-46.00  sec  7.42 MBytes  62.3 Mbits/sec  5879  
[ 25]  45.00-46.00  sec  7.42 MBytes  62.3 Mbits/sec  5879  
[ 27]  45.00-46.00  sec  7.42 MBytes  62.3 Mbits/sec  5879  
[ 29]  45.00-46.00  sec  7.42 MBytes  62.3 Mbits/sec  5879  
[ 31]  45.00-46.00  sec  7.42 MBytes  62.3 Mbits/sec  5879  
[ 33]  45.00-46.00  sec  7.42 MBytes  62.3 Mbits/sec  5879  
[ 35]  45.00-46.00  sec  7.42 MBytes  62.3 Mbits/sec  5879  
[ 37]  45.00-46.00  sec  7.42 MBytes  62.3 Mbits/sec  5879  
[ 39]  45.00-46.00  sec  7.42 MBytes  62.3 Mbits/sec  5879  
[ 41]  45.00-46.00  sec  7.42 MBytes  62.3 Mbits/sec  5879  
[ 43]  45.00-46.00  sec  7.42 MBytes  62.3 Mbits/sec  5879  
[SUM]  45.00-46.00  sec   148 MBytes  1245 Mbits/sec  117580  
- - - - - - - - - - - - - - - - - - - - - - - - -
[  5]  46.00-47.00  sec  7.39 MBytes  62.0 Mbits/sec  5851  
[  7]  46.00-47.00  sec  7.39 MBytes  62.0 Mbits/sec  5851  
[  9]  46.00-47.00  sec  7.39 MBytes  62.0 Mbits/sec  5851  
[ 11]  46.00-47.00  sec  7.39 MBytes  62.0 Mbits/sec  5851  
[ 13]  46.00-47.00  sec  7.39 MBytes  62.0 Mbits/sec  5851  
[ 15]  46.00-47.00  sec  7.39 MBytes  62.0 Mbits/sec  5851  
[ 17]  46.00-47.00  sec  7.39 MBytes  62.0 Mbits/sec  5851  
[ 19]  46.00-47.00  sec  7.39 MBytes  62.0 Mbits/sec  5851  
[ 21]  46.00-47.00  sec  7.39 MBytes  62.0 Mbits/sec  5851  
[ 23]  46.00-47.00  sec  7.39 MBytes  62.0 Mbits/sec  5851  
[ 25]  46.00-47.00  sec  7.39 MBytes  62.0 Mbits/sec  5851  
[ 27]  46.00-47.00  sec  7.39 MBytes  62.0 Mbits/sec  5851  
[ 29]  46.00-47.00  sec  7.39 MBytes  62.0 Mbits/sec  5851  
[ 31]  46.00-47.00  sec  7.39 MBytes  62.0 Mbits/sec  5851  
[ 33]  46.00-47.00  sec  7.39 MBytes  62.0 Mbits/sec  5851  
[ 35]  46.00-47.00  sec  7.39 MBytes  62.0 Mbits/sec  5851  
[ 37]  46.00-47.00  sec  7.39 MBytes  62.0 Mbits/sec  5851  
[ 39]  46.00-47.00  sec  7.39 MBytes  62.0 Mbits/sec  5851  
[ 41]  46.00-47.00  sec  7.39 MBytes  62.0 Mbits/sec  5851  
[ 43]  46.00-47.00  sec  7.39 MBytes  62.0 Mbits/sec  5851  
[SUM]  46.00-47.00  sec   148 MBytes  1239 Mbits/sec  117020  
- - - - - - - - - - - - - - - - - - - - - - - - -
[  5]  47.00-48.00  sec  6.39 MBytes  53.6 Mbits/sec  5060  
[  7]  47.00-48.00  sec  6.39 MBytes  53.6 Mbits/sec  5060  
[  9]  47.00-48.00  sec  6.39 MBytes  53.6 Mbits/sec  5060  
[ 11]  47.00-48.00  sec  6.39 MBytes  53.6 Mbits/sec  5060  
[ 13]  47.00-48.00  sec  6.39 MBytes  53.6 Mbits/sec  5060  
[ 15]  47.00-48.00  sec  6.39 MBytes  53.6 Mbits/sec  5060  
[ 17]  47.00-48.00  sec  6.39 MBytes  53.6 Mbits/sec  5060  
[ 19]  47.00-48.00  sec  6.39 MBytes  53.6 Mbits/sec  5060  
[ 21]  47.00-48.00  sec  6.39 MBytes  53.6 Mbits/sec  5060  
[ 23]  47.00-48.00  sec  6.39 MBytes  53.6 Mbits/sec  5060  
[ 25]  47.00-48.00  sec  6.39 MBytes  53.6 Mbits/sec  5060  
[ 27]  47.00-48.00  sec  6.39 MBytes  53.6 Mbits/sec  5060  
[ 29]  47.00-48.00  sec  6.39 MBytes  53.6 Mbits/sec  5060  
[ 31]  47.00-48.00  sec  6.39 MBytes  53.6 Mbits/sec  5060  
[ 33]  47.00-48.00  sec  6.39 MBytes  53.6 Mbits/sec  5060  
[ 35]  47.00-48.00  sec  6.39 MBytes  53.6 Mbits/sec  5060  
[ 37]  47.00-48.00  sec  6.39 MBytes  53.6 Mbits/sec  5060  
[ 39]  47.00-48.00  sec  6.39 MBytes  53.6 Mbits/sec  5060  
[ 41]  47.00-48.00  sec  6.39 MBytes  53.6 Mbits/sec  5060  
[ 43]  47.00-48.00  sec  6.39 MBytes  53.6 Mbits/sec  5060  
[SUM]  47.00-48.00  sec   128 MBytes  1072 Mbits/sec  101200  
- - - - - - - - - - - - - - - - - - - - - - - - -
[  5]  48.00-49.00  sec  6.29 MBytes  52.8 Mbits/sec  4981  
[  7]  48.00-49.00  sec  6.29 MBytes  52.8 Mbits/sec  4981  
[  9]  48.00-49.00  sec  6.29 MBytes  52.8 Mbits/sec  4981  
[ 11]  48.00-49.00  sec  6.29 MBytes  52.8 Mbits/sec  4981  
[ 13]  48.00-49.00  sec  6.29 MBytes  52.8 Mbits/sec  4981  
[ 15]  48.00-49.00  sec  6.29 MBytes  52.8 Mbits/sec  4981  
[ 17]  48.00-49.00  sec  6.29 MBytes  52.8 Mbits/sec  4981  
[ 19]  48.00-49.00  sec  6.29 MBytes  52.8 Mbits/sec  4981  
[ 21]  48.00-49.00  sec  6.29 MBytes  52.8 Mbits/sec  4981  
[ 23]  48.00-49.00  sec  6.29 MBytes  52.8 Mbits/sec  4981  
[ 25]  48.00-49.00  sec  6.29 MBytes  52.8 Mbits/sec  4981  
[ 27]  48.00-49.00  sec  6.29 MBytes  52.8 Mbits/sec  4981  
[ 29]  48.00-49.00  sec  6.29 MBytes  52.8 Mbits/sec  4981  
[ 31]  48.00-49.00  sec  6.29 MBytes  52.8 Mbits/sec  4981  
[ 33]  48.00-49.00  sec  6.29 MBytes  52.8 Mbits/sec  4981  
[ 35]  48.00-49.00  sec  6.29 MBytes  52.8 Mbits/sec  4981  
[ 37]  48.00-49.00  sec  6.29 MBytes  52.8 Mbits/sec  4981  
[ 39]  48.00-49.00  sec  6.29 MBytes  52.8 Mbits/sec  4981  
[ 41]  48.00-49.00  sec  6.29 MBytes  52.8 Mbits/sec  4981  
[ 43]  48.00-49.00  sec  6.29 MBytes  52.8 Mbits/sec  4981  
[SUM]  48.00-49.00  sec   126 MBytes  1055 Mbits/sec  99620  
- - - - - - - - - - - - - - - - - - - - - - - - -
[  5]  49.00-50.00  sec  6.52 MBytes  54.7 Mbits/sec  5164  
[  7]  49.00-50.00  sec  6.52 MBytes  54.7 Mbits/sec  5164  
[  9]  49.00-50.00  sec  6.52 MBytes  54.7 Mbits/sec  5164  
[ 11]  49.00-50.00  sec  6.52 MBytes  54.7 Mbits/sec  5164  
[ 13]  49.00-50.00  sec  6.52 MBytes  54.7 Mbits/sec  5164  
[ 15]  49.00-50.00  sec  6.52 MBytes  54.7 Mbits/sec  5164  
[ 17]  49.00-50.00  sec  6.52 MBytes  54.7 Mbits/sec  5164  
[ 19]  49.00-50.00  sec  6.52 MBytes  54.7 Mbits/sec  5164  
[ 21]  49.00-50.00  sec  6.52 MBytes  54.7 Mbits/sec  5164  
[ 23]  49.00-50.00  sec  6.52 MBytes  54.7 Mbits/sec  5164  
[ 25]  49.00-50.00  sec  6.52 MBytes  54.7 Mbits/sec  5164  
[ 27]  49.00-50.00  sec  6.52 MBytes  54.7 Mbits/sec  5164  
[ 29]  49.00-50.00  sec  6.52 MBytes  54.7 Mbits/sec  5164  
[ 31]  49.00-50.00  sec  6.52 MBytes  54.7 Mbits/sec  5164  
[ 33]  49.00-50.00  sec  6.52 MBytes  54.7 Mbits/sec  5164  
[ 35]  49.00-50.00  sec  6.52 MBytes  54.7 Mbits/sec  5164  
[ 37]  49.00-50.00  sec  6.52 MBytes  54.7 Mbits/sec  5164  
[ 39]  49.00-50.00  sec  6.52 MBytes  54.7 Mbits/sec  5164  
[ 41]  49.00-50.00  sec  6.52 MBytes  54.7 Mbits/sec  5164  
[ 43]  49.00-50.00  sec  6.52 MBytes  54.7 Mbits/sec  5164  
[SUM]  49.00-50.00  sec   130 MBytes  1094 Mbits/sec  103280  
- - - - - - - - - - - - - - - - - - - - - - - - -
[  5]  50.00-51.00  sec  7.10 MBytes  59.6 Mbits/sec  5623  
[  7]  50.00-51.00  sec  7.10 MBytes  59.6 Mbits/sec  5623  
[  9]  50.00-51.00  sec  7.10 MBytes  59.6 Mbits/sec  5623  
[ 11]  50.00-51.00  sec  7.10 MBytes  59.6 Mbits/sec  5623  
[ 13]  50.00-51.00  sec  7.10 MBytes  59.6 Mbits/sec  5623  
[ 15]  50.00-51.00  sec  7.10 MBytes  59.6 Mbits/sec  5623  
[ 17]  50.00-51.00  sec  7.10 MBytes  59.6 Mbits/sec  5623  
[ 19]  50.00-51.00  sec  7.10 MBytes  59.6 Mbits/sec  5623  
[ 21]  50.00-51.00  sec  7.10 MBytes  59.6 Mbits/sec  5623  
[ 23]  50.00-51.00  sec  7.10 MBytes  59.6 Mbits/sec  5623  
[ 25]  50.00-51.00  sec  7.10 MBytes  59.6 Mbits/sec  5623  
[ 27]  50.00-51.00  sec  7.10 MBytes  59.6 Mbits/sec  5623  
[ 29]  50.00-51.00  sec  7.10 MBytes  59.6 Mbits/sec  5623  
[ 31]  50.00-51.00  sec  7.10 MBytes  59.6 Mbits/sec  5623  
[ 33]  50.00-51.00  sec  7.10 MBytes  59.6 Mbits/sec  5623  
[ 35]  50.00-51.00  sec  7.10 MBytes  59.6 Mbits/sec  5623  
[ 37]  50.00-51.00  sec  7.10 MBytes  59.6 Mbits/sec  5623  
[ 39]  50.00-51.00  sec  7.10 MBytes  59.6 Mbits/sec  5623  
[ 41]  50.00-51.00  sec  7.10 MBytes  59.6 Mbits/sec  5623  
[ 43]  50.00-51.00  sec  7.10 MBytes  59.6 Mbits/sec  5623  
[SUM]  50.00-51.00  sec   142 MBytes  1191 Mbits/sec  112460  
- - - - - - - - - - - - - - - - - - - - - - - - -
[  5]  51.00-52.00  sec  6.34 MBytes  53.2 Mbits/sec  5025  
[  7]  51.00-52.00  sec  6.34 MBytes  53.2 Mbits/sec  5025  
[  9]  51.00-52.00  sec  6.34 MBytes  53.2 Mbits/sec  5025  
[ 11]  51.00-52.00  sec  6.34 MBytes  53.2 Mbits/sec  5025  
[ 13]  51.00-52.00  sec  6.34 MBytes  53.2 Mbits/sec  5025  
[ 15]  51.00-52.00  sec  6.34 MBytes  53.2 Mbits/sec  5025  
[ 17]  51.00-52.00  sec  6.34 MBytes  53.2 Mbits/sec  5025  
[ 19]  51.00-52.00  sec  6.34 MBytes  53.2 Mbits/sec  5025  
[ 21]  51.00-52.00  sec  6.34 MBytes  53.2 Mbits/sec  5025  
[ 23]  51.00-52.00  sec  6.34 MBytes  53.2 Mbits/sec  5025  
[ 25]  51.00-52.00  sec  6.34 MBytes  53.2 Mbits/sec  5025  
[ 27]  51.00-52.00  sec  6.34 MBytes  53.2 Mbits/sec  5025  
[ 29]  51.00-52.00  sec  6.34 MBytes  53.2 Mbits/sec  5025  
[ 31]  51.00-52.00  sec  6.34 MBytes  53.2 Mbits/sec  5025  
[ 33]  51.00-52.00  sec  6.34 MBytes  53.2 Mbits/sec  5025  
[ 35]  51.00-52.00  sec  6.34 MBytes  53.2 Mbits/sec  5025  
[ 37]  51.00-52.00  sec  6.34 MBytes  53.2 Mbits/sec  5025  
[ 39]  51.00-52.00  sec  6.34 MBytes  53.2 Mbits/sec  5025  
[ 41]  51.00-52.00  sec  6.34 MBytes  53.2 Mbits/sec  5025  
[ 43]  51.00-52.00  sec  6.34 MBytes  53.2 Mbits/sec  5025  
[SUM]  51.00-52.00  sec   127 MBytes  1064 Mbits/sec  100500  
- - - - - - - - - - - - - - - - - - - - - - - - -
[  5]  52.00-53.00  sec  6.71 MBytes  56.3 Mbits/sec  5312  
[  7]  52.00-53.00  sec  6.71 MBytes  56.3 Mbits/sec  5312  
[  9]  52.00-53.00  sec  6.71 MBytes  56.3 Mbits/sec  5312  
[ 11]  52.00-53.00  sec  6.71 MBytes  56.3 Mbits/sec  5312  
[ 13]  52.00-53.00  sec  6.71 MBytes  56.3 Mbits/sec  5312  
[ 15]  52.00-53.00  sec  6.71 MBytes  56.3 Mbits/sec  5312  
[ 17]  52.00-53.00  sec  6.71 MBytes  56.3 Mbits/sec  5312  
[ 19]  52.00-53.00  sec  6.71 MBytes  56.3 Mbits/sec  5312  
[ 21]  52.00-53.00  sec  6.71 MBytes  56.3 Mbits/sec  5312  
[ 23]  52.00-53.00  sec  6.71 MBytes  56.3 Mbits/sec  5312  
[ 25]  52.00-53.00  sec  6.71 MBytes  56.3 Mbits/sec  5312  
[ 27]  52.00-53.00  sec  6.71 MBytes  56.3 Mbits/sec  5312  
[ 29]  52.00-53.00  sec  6.71 MBytes  56.3 Mbits/sec  5312  
[ 31]  52.00-53.00  sec  6.71 MBytes  56.3 Mbits/sec  5312  
[ 33]  52.00-53.00  sec  6.71 MBytes  56.3 Mbits/sec  5312  
[ 35]  52.00-53.00  sec  6.71 MBytes  56.3 Mbits/sec  5312  
[ 37]  52.00-53.00  sec  6.71 MBytes  56.3 Mbits/sec  5312  
[ 39]  52.00-53.00  sec  6.71 MBytes  56.3 Mbits/sec  5312  
[ 41]  52.00-53.00  sec  6.71 MBytes  56.3 Mbits/sec  5312  
[ 43]  52.00-53.00  sec  6.71 MBytes  56.3 Mbits/sec  5312  
[SUM]  52.00-53.00  sec   134 MBytes  1125 Mbits/sec  106240  
- - - - - - - - - - - - - - - - - - - - - - - - -
[  5]  53.00-54.00  sec  7.30 MBytes  61.2 Mbits/sec  5779  
[  7]  53.00-54.00  sec  7.30 MBytes  61.2 Mbits/sec  5779  
[  9]  53.00-54.00  sec  7.30 MBytes  61.2 Mbits/sec  5779  
[ 11]  53.00-54.00  sec  7.30 MBytes  61.2 Mbits/sec  5779  
[ 13]  53.00-54.00  sec  7.30 MBytes  61.2 Mbits/sec  5779  
[ 15]  53.00-54.00  sec  7.30 MBytes  61.2 Mbits/sec  5779  
[ 17]  53.00-54.00  sec  7.30 MBytes  61.2 Mbits/sec  5779  
[ 19]  53.00-54.00  sec  7.30 MBytes  61.2 Mbits/sec  5779  
[ 21]  53.00-54.00  sec  7.30 MBytes  61.2 Mbits/sec  5779  
[ 23]  53.00-54.00  sec  7.30 MBytes  61.2 Mbits/sec  5779  
[ 25]  53.00-54.00  sec  7.30 MBytes  61.2 Mbits/sec  5779  
[ 27]  53.00-54.00  sec  7.30 MBytes  61.2 Mbits/sec  5779  
[ 29]  53.00-54.00  sec  7.30 MBytes  61.2 Mbits/sec  5779  
[ 31]  53.00-54.00  sec  7.30 MBytes  61.2 Mbits/sec  5779  
[ 33]  53.00-54.00  sec  7.30 MBytes  61.2 Mbits/sec  5779  
[ 35]  53.00-54.00  sec  7.30 MBytes  61.2 Mbits/sec  5779  
[ 37]  53.00-54.00  sec  7.30 MBytes  61.2 Mbits/sec  5779  
[ 39]  53.00-54.00  sec  7.30 MBytes  61.2 Mbits/sec  5779  
[ 41]  53.00-54.00  sec  7.30 MBytes  61.2 Mbits/sec  5779  
[ 43]  53.00-54.00  sec  7.30 MBytes  61.2 Mbits/sec  5779  
[SUM]  53.00-54.00  sec   146 MBytes  1224 Mbits/sec  115580  
- - - - - - - - - - - - - - - - - - - - - - - - -
[  5]  54.00-55.00  sec  6.51 MBytes  54.6 Mbits/sec  5156  
[  7]  54.00-55.00  sec  6.51 MBytes  54.6 Mbits/sec  5156  
[  9]  54.00-55.00  sec  6.51 MBytes  54.6 Mbits/sec  5156  
[ 11]  54.00-55.00  sec  6.51 MBytes  54.6 Mbits/sec  5156  
[ 13]  54.00-55.00  sec  6.51 MBytes  54.6 Mbits/sec  5156  
[ 15]  54.00-55.00  sec  6.51 MBytes  54.6 Mbits/sec  5156  
[ 17]  54.00-55.00  sec  6.51 MBytes  54.6 Mbits/sec  5156  
[ 19]  54.00-55.00  sec  6.51 MBytes  54.6 Mbits/sec  5156  
[ 21]  54.00-55.00  sec  6.51 MBytes  54.6 Mbits/sec  5156  
[ 23]  54.00-55.00  sec  6.51 MBytes  54.6 Mbits/sec  5156  
[ 25]  54.00-55.00  sec  6.51 MBytes  54.6 Mbits/sec  5156  
[ 27]  54.00-55.00  sec  6.51 MBytes  54.6 Mbits/sec  5156  
[ 29]  54.00-55.00  sec  6.51 MBytes  54.6 Mbits/sec  5156  
[ 31]  54.00-55.00  sec  6.51 MBytes  54.6 Mbits/sec  5156  
[ 33]  54.00-55.00  sec  6.51 MBytes  54.6 Mbits/sec  5156  
[ 35]  54.00-55.00  sec  6.51 MBytes  54.6 Mbits/sec  5156  
[ 37]  54.00-55.00  sec  6.51 MBytes  54.6 Mbits/sec  5156  
[ 39]  54.00-55.00  sec  6.51 MBytes  54.6 Mbits/sec  5156  
[ 41]  54.00-55.00  sec  6.51 MBytes  54.6 Mbits/sec  5156  
[ 43]  54.00-55.00  sec  6.51 MBytes  54.6 Mbits/sec  5156  
[SUM]  54.00-55.00  sec   130 MBytes  1092 Mbits/sec  103120  
- - - - - - - - - - - - - - - - - - - - - - - - -
[  5]  55.00-56.00  sec  6.63 MBytes  55.6 Mbits/sec  5253  
[  7]  55.00-56.00  sec  6.63 MBytes  55.6 Mbits/sec  5253  
[  9]  55.00-56.00  sec  6.63 MBytes  55.6 Mbits/sec  5253  
[ 11]  55.00-56.00  sec  6.63 MBytes  55.6 Mbits/sec  5253  
[ 13]  55.00-56.00  sec  6.63 MBytes  55.6 Mbits/sec  5253  
[ 15]  55.00-56.00  sec  6.63 MBytes  55.6 Mbits/sec  5253  
[ 17]  55.00-56.00  sec  6.63 MBytes  55.6 Mbits/sec  5253  
[ 19]  55.00-56.00  sec  6.63 MBytes  55.6 Mbits/sec  5253  
[ 21]  55.00-56.00  sec  6.63 MBytes  55.6 Mbits/sec  5253  
[ 23]  55.00-56.00  sec  6.63 MBytes  55.6 Mbits/sec  5253  
[ 25]  55.00-56.00  sec  6.63 MBytes  55.6 Mbits/sec  5253  
[ 27]  55.00-56.00  sec  6.63 MBytes  55.6 Mbits/sec  5253  
[ 29]  55.00-56.00  sec  6.63 MBytes  55.6 Mbits/sec  5253  
[ 31]  55.00-56.00  sec  6.63 MBytes  55.6 Mbits/sec  5253  
[ 33]  55.00-56.00  sec  6.63 MBytes  55.6 Mbits/sec  5253  
[ 35]  55.00-56.00  sec  6.63 MBytes  55.6 Mbits/sec  5253  
[ 37]  55.00-56.00  sec  6.63 MBytes  55.6 Mbits/sec  5253  
[ 39]  55.00-56.00  sec  6.63 MBytes  55.6 Mbits/sec  5253  
[ 41]  55.00-56.00  sec  6.63 MBytes  55.6 Mbits/sec  5253  
[ 43]  55.00-56.00  sec  6.63 MBytes  55.6 Mbits/sec  5253  
[SUM]  55.00-56.00  sec   133 MBytes  1113 Mbits/sec  105060  
- - - - - - - - - - - - - - - - - - - - - - - - -
[  5]  56.00-57.00  sec  7.43 MBytes  62.4 Mbits/sec  5888  
[  7]  56.00-57.00  sec  7.43 MBytes  62.4 Mbits/sec  5888  
[  9]  56.00-57.00  sec  7.43 MBytes  62.4 Mbits/sec  5888  
[ 11]  56.00-57.00  sec  7.43 MBytes  62.4 Mbits/sec  5888  
[ 13]  56.00-57.00  sec  7.43 MBytes  62.4 Mbits/sec  5888  
[ 15]  56.00-57.00  sec  7.43 MBytes  62.4 Mbits/sec  5888  
[ 17]  56.00-57.00  sec  7.43 MBytes  62.4 Mbits/sec  5888  
[ 19]  56.00-57.00  sec  7.43 MBytes  62.4 Mbits/sec  5888  
[ 21]  56.00-57.00  sec  7.43 MBytes  62.4 Mbits/sec  5888  
[ 23]  56.00-57.00  sec  7.43 MBytes  62.4 Mbits/sec  5888  
[ 25]  56.00-57.00  sec  7.43 MBytes  62.4 Mbits/sec  5888  
[ 27]  56.00-57.00  sec  7.43 MBytes  62.4 Mbits/sec  5888  
[ 29]  56.00-57.00  sec  7.43 MBytes  62.4 Mbits/sec  5888  
[ 31]  56.00-57.00  sec  7.43 MBytes  62.4 Mbits/sec  5888  
[ 33]  56.00-57.00  sec  7.43 MBytes  62.4 Mbits/sec  5888  
[ 35]  56.00-57.00  sec  7.43 MBytes  62.4 Mbits/sec  5888  
[ 37]  56.00-57.00  sec  7.43 MBytes  62.4 Mbits/sec  5888  
[ 39]  56.00-57.00  sec  7.43 MBytes  62.4 Mbits/sec  5888  
[ 41]  56.00-57.00  sec  7.43 MBytes  62.4 Mbits/sec  5888  
[ 43]  56.00-57.00  sec  7.43 MBytes  62.4 Mbits/sec  5888  
[SUM]  56.00-57.00  sec   149 MBytes  1247 Mbits/sec  117760  
- - - - - - - - - - - - - - - - - - - - - - - - -
[  5]  57.00-58.00  sec  6.69 MBytes  56.1 Mbits/sec  5295  
[  7]  57.00-58.00  sec  6.69 MBytes  56.1 Mbits/sec  5295  
[  9]  57.00-58.00  sec  6.69 MBytes  56.1 Mbits/sec  5295  
[ 11]  57.00-58.00  sec  6.69 MBytes  56.1 Mbits/sec  5295  
[ 13]  57.00-58.00  sec  6.69 MBytes  56.1 Mbits/sec  5295  
[ 15]  57.00-58.00  sec  6.69 MBytes  56.1 Mbits/sec  5295  
[ 17]  57.00-58.00  sec  6.69 MBytes  56.1 Mbits/sec  5295  
[ 19]  57.00-58.00  sec  6.69 MBytes  56.1 Mbits/sec  5295  
[ 21]  57.00-58.00  sec  6.69 MBytes  56.1 Mbits/sec  5295  
[ 23]  57.00-58.00  sec  6.69 MBytes  56.1 Mbits/sec  5295  
[ 25]  57.00-58.00  sec  6.69 MBytes  56.1 Mbits/sec  5295  
[ 27]  57.00-58.00  sec  6.69 MBytes  56.1 Mbits/sec  5295  
[ 29]  57.00-58.00  sec  6.69 MBytes  56.1 Mbits/sec  5295  
[ 31]  57.00-58.00  sec  6.69 MBytes  56.1 Mbits/sec  5295  
[ 33]  57.00-58.00  sec  6.69 MBytes  56.1 Mbits/sec  5295  
[ 35]  57.00-58.00  sec  6.69 MBytes  56.1 Mbits/sec  5295  
[ 37]  57.00-58.00  sec  6.69 MBytes  56.1 Mbits/sec  5295  
[ 39]  57.00-58.00  sec  6.69 MBytes  56.1 Mbits/sec  5295  
[ 41]  57.00-58.00  sec  6.69 MBytes  56.1 Mbits/sec  5295  
[ 43]  57.00-58.00  sec  6.69 MBytes  56.1 Mbits/sec  5295  
[SUM]  57.00-58.00  sec   134 MBytes  1122 Mbits/sec  105900  
- - - - - - - - - - - - - - - - - - - - - - - - -
[  5]  58.00-59.00  sec  7.23 MBytes  60.6 Mbits/sec  5726  
[  7]  58.00-59.00  sec  7.23 MBytes  60.6 Mbits/sec  5726  
[  9]  58.00-59.00  sec  7.23 MBytes  60.6 Mbits/sec  5726  
[ 11]  58.00-59.00  sec  7.23 MBytes  60.6 Mbits/sec  5726  
[ 13]  58.00-59.00  sec  7.23 MBytes  60.6 Mbits/sec  5726  
[ 15]  58.00-59.00  sec  7.23 MBytes  60.6 Mbits/sec  5726  
[ 17]  58.00-59.00  sec  7.23 MBytes  60.6 Mbits/sec  5726  
[ 19]  58.00-59.00  sec  7.23 MBytes  60.6 Mbits/sec  5726  
[ 21]  58.00-59.00  sec  7.23 MBytes  60.6 Mbits/sec  5726  
[ 23]  58.00-59.00  sec  7.23 MBytes  60.6 Mbits/sec  5726  
[ 25]  58.00-59.00  sec  7.23 MBytes  60.6 Mbits/sec  5726  
[ 27]  58.00-59.00  sec  7.23 MBytes  60.6 Mbits/sec  5726  
[ 29]  58.00-59.00  sec  7.23 MBytes  60.6 Mbits/sec  5726  
[ 31]  58.00-59.00  sec  7.23 MBytes  60.6 Mbits/sec  5725  
[ 33]  58.00-59.00  sec  7.23 MBytes  60.6 Mbits/sec  5725  
[ 35]  58.00-59.00  sec  7.23 MBytes  60.6 Mbits/sec  5725  
[ 37]  58.00-59.00  sec  7.23 MBytes  60.6 Mbits/sec  5725  
[ 39]  58.00-59.00  sec  7.23 MBytes  60.6 Mbits/sec  5725  
[ 41]  58.00-59.00  sec  7.23 MBytes  60.6 Mbits/sec  5725  
[ 43]  58.00-59.00  sec  7.23 MBytes  60.6 Mbits/sec  5725  
[SUM]  58.00-59.00  sec   145 MBytes  1213 Mbits/sec  114513  
- - - - - - - - - - - - - - - - - - - - - - - - -
[  5]  59.00-60.00  sec  7.40 MBytes  62.1 Mbits/sec  5863  
[  7]  59.00-60.00  sec  7.40 MBytes  62.1 Mbits/sec  5863  
[  9]  59.00-60.00  sec  7.40 MBytes  62.1 Mbits/sec  5863  
[ 11]  59.00-60.00  sec  7.40 MBytes  62.1 Mbits/sec  5863  
[ 13]  59.00-60.00  sec  7.40 MBytes  62.1 Mbits/sec  5863  
[ 15]  59.00-60.00  sec  7.40 MBytes  62.1 Mbits/sec  5863  
[ 17]  59.00-60.00  sec  7.40 MBytes  62.1 Mbits/sec  5863  
[ 19]  59.00-60.00  sec  7.40 MBytes  62.1 Mbits/sec  5863  
[ 21]  59.00-60.00  sec  7.40 MBytes  62.1 Mbits/sec  5863  
[ 23]  59.00-60.00  sec  7.40 MBytes  62.1 Mbits/sec  5863  
[ 25]  59.00-60.00  sec  7.40 MBytes  62.1 Mbits/sec  5863  
[ 27]  59.00-60.00  sec  7.40 MBytes  62.1 Mbits/sec  5863  
[ 29]  59.00-60.00  sec  7.40 MBytes  62.1 Mbits/sec  5863  
[ 31]  59.00-60.00  sec  7.40 MBytes  62.1 Mbits/sec  5863  
[ 33]  59.00-60.00  sec  7.40 MBytes  62.1 Mbits/sec  5863  
[ 35]  59.00-60.00  sec  7.40 MBytes  62.1 Mbits/sec  5863  
[ 37]  59.00-60.00  sec  7.40 MBytes  62.1 Mbits/sec  5863  
[ 39]  59.00-60.00  sec  7.40 MBytes  62.1 Mbits/sec  5863  
[ 41]  59.00-60.00  sec  7.40 MBytes  62.1 Mbits/sec  5863  
[ 43]  59.00-60.00  sec  7.40 MBytes  62.1 Mbits/sec  5863  
[SUM]  59.00-60.00  sec   148 MBytes  1242 Mbits/sec  117260  
- - - - - - - - - - - - - - - - - - - - - - - - -
[ ID] Interval           Transfer     Bitrate         Jitter    Lost/Total Datagrams
[  5]   0.00-60.00  sec   421 MBytes  58.9 Mbits/sec  0.000 ms  0/333594 (0%)  sender
[  5]   0.00-60.01  sec   421 MBytes  58.9 Mbits/sec  0.065 ms  0/333594 (0%)  receiver
[  7]   0.00-60.00  sec   421 MBytes  58.9 Mbits/sec  0.000 ms  0/333591 (0%)  sender
[  7]   0.00-60.01  sec   421 MBytes  58.9 Mbits/sec  0.077 ms  0/333591 (0%)  receiver
[  9]   0.00-60.00  sec   421 MBytes  58.9 Mbits/sec  0.000 ms  0/333590 (0%)  sender
[  9]   0.00-60.01  sec   421 MBytes  58.9 Mbits/sec  0.095 ms  0/333590 (0%)  receiver
[ 11]   0.00-60.00  sec   421 MBytes  58.9 Mbits/sec  0.000 ms  0/333589 (0%)  sender
[ 11]   0.00-60.01  sec   421 MBytes  58.9 Mbits/sec  0.143 ms  0/333589 (0%)  receiver
[ 13]   0.00-60.00  sec   421 MBytes  58.9 Mbits/sec  0.000 ms  0/333587 (0%)  sender
[ 13]   0.00-60.01  sec   421 MBytes  58.9 Mbits/sec  0.127 ms  0/333587 (0%)  receiver
[ 15]   0.00-60.00  sec   421 MBytes  58.9 Mbits/sec  0.000 ms  0/333586 (0%)  sender
[ 15]   0.00-60.01  sec   421 MBytes  58.9 Mbits/sec  0.081 ms  0/333586 (0%)  receiver
[ 17]   0.00-60.00  sec   421 MBytes  58.9 Mbits/sec  0.000 ms  0/333585 (0%)  sender
[ 17]   0.00-60.01  sec   421 MBytes  58.9 Mbits/sec  0.161 ms  0/333585 (0%)  receiver
[ 19]   0.00-60.00  sec   421 MBytes  58.9 Mbits/sec  0.000 ms  0/333584 (0%)  sender
[ 19]   0.00-60.01  sec   421 MBytes  58.9 Mbits/sec  0.098 ms  0/333584 (0%)  receiver
[ 21]   0.00-60.00  sec   421 MBytes  58.9 Mbits/sec  0.000 ms  0/333582 (0%)  sender
[ 21]   0.00-60.01  sec   421 MBytes  58.9 Mbits/sec  0.093 ms  0/333582 (0%)  receiver
[ 23]   0.00-60.00  sec   421 MBytes  58.9 Mbits/sec  0.000 ms  0/333582 (0%)  sender
[ 23]   0.00-60.01  sec   421 MBytes  58.9 Mbits/sec  0.090 ms  0/333582 (0%)  receiver
[ 25]   0.00-60.00  sec   421 MBytes  58.9 Mbits/sec  0.000 ms  0/333580 (0%)  sender
[ 25]   0.00-60.01  sec   421 MBytes  58.9 Mbits/sec  0.079 ms  0/333580 (0%)  receiver
[ 27]   0.00-60.00  sec   421 MBytes  58.9 Mbits/sec  0.000 ms  0/333578 (0%)  sender
[ 27]   0.00-60.01  sec   421 MBytes  58.9 Mbits/sec  0.097 ms  0/333578 (0%)  receiver
[ 29]   0.00-60.00  sec   421 MBytes  58.9 Mbits/sec  0.000 ms  0/333578 (0%)  sender
[ 29]   0.00-60.01  sec   421 MBytes  58.9 Mbits/sec  0.083 ms  0/333578 (0%)  receiver
[ 31]   0.00-60.00  sec   421 MBytes  58.9 Mbits/sec  0.000 ms  0/333575 (0%)  sender
[ 31]   0.00-60.01  sec   421 MBytes  58.9 Mbits/sec  0.082 ms  0/333575 (0%)  receiver
[ 33]   0.00-60.00  sec   421 MBytes  58.9 Mbits/sec  0.000 ms  0/333572 (0%)  sender
[ 33]   0.00-60.01  sec   421 MBytes  58.9 Mbits/sec  0.117 ms  0/333572 (0%)  receiver
[ 35]   0.00-60.00  sec   421 MBytes  58.9 Mbits/sec  0.000 ms  0/333572 (0%)  sender
[ 35]   0.00-60.01  sec   421 MBytes  58.9 Mbits/sec  0.115 ms  0/333572 (0%)  receiver
[ 37]   0.00-60.00  sec   421 MBytes  58.9 Mbits/sec  0.000 ms  0/333570 (0%)  sender
[ 37]   0.00-60.01  sec   421 MBytes  58.9 Mbits/sec  0.122 ms  0/333570 (0%)  receiver
[ 39]   0.00-60.00  sec   421 MBytes  58.9 Mbits/sec  0.000 ms  0/333569 (0%)  sender
[ 39]   0.00-60.01  sec   421 MBytes  58.9 Mbits/sec  0.091 ms  0/333569 (0%)  receiver
[ 41]   0.00-60.00  sec   421 MBytes  58.9 Mbits/sec  0.000 ms  0/333567 (0%)  sender
[ 41]   0.00-60.01  sec   421 MBytes  58.9 Mbits/sec  0.113 ms  0/333567 (0%)  receiver
[ 43]   0.00-60.00  sec   421 MBytes  58.9 Mbits/sec  0.000 ms  0/333565 (0%)  sender
[ 43]   0.00-60.01  sec   421 MBytes  58.9 Mbits/sec  0.102 ms  0/333565 (0%)  receiver
[SUM]   0.00-60.00  sec  8.23 GBytes  1178 Mbits/sec  0.000 ms  0/6671596 (0%)  sender
[SUM]   0.00-60.01  sec  8.23 GBytes  1178 Mbits/sec  0.102 ms  0/6671596 (0%)  receiver

iperf Done.
