Connecting to host 10.10.0.2, port 30000
[  5] local 10.244.229.65 port 55186 connected to 10.10.0.2 port 30000
[ ID] Interval           Transfer     Bitrate         Retr  Cwnd
[  5]   0.00-1.00   sec   493 MBytes  4131 Mbits/sec  1937   1.09 MBytes       
[  5]   1.00-2.00   sec   476 MBytes  3991 Mbits/sec  487   1.04 MBytes       
[  5]   2.00-3.00   sec   476 MBytes  3999 Mbits/sec  242   1.27 MBytes       
[  5]   3.00-4.00   sec   475 MBytes  3985 Mbits/sec  1380   1.38 MBytes       
[  5]   4.00-5.00   sec   474 MBytes  3974 Mbits/sec  1452   1.46 MBytes       
[  5]   5.00-6.00   sec   475 MBytes  3985 Mbits/sec  1324   1.55 MBytes       
[  5]   6.00-7.00   sec   472 MBytes  3964 Mbits/sec  2263   1.56 MBytes       
[  5]   7.00-8.00   sec   472 MBytes  3964 Mbits/sec  2805   1.58 MBytes       
[  5]   8.00-9.00   sec   474 MBytes  3974 Mbits/sec  2097   1.65 MBytes       
[  5]   9.00-10.00  sec   472 MBytes  3964 Mbits/sec  2738   1.65 MBytes       
[  5]  10.00-11.00  sec   472 MBytes  3964 Mbits/sec  3061   1.68 MBytes       
[  5]  11.00-12.00  sec   474 MBytes  3973 Mbits/sec  2473   1.75 MBytes       
[  5]  12.00-13.00  sec   470 MBytes  3944 Mbits/sec  4466   1.77 MBytes       
[  5]  13.00-14.00  sec   471 MBytes  3954 Mbits/sec  3339   1.79 MBytes       
[  5]  14.00-15.00  sec   472 MBytes  3964 Mbits/sec  3061   1.86 MBytes       
[  5]  15.00-16.00  sec   471 MBytes  3953 Mbits/sec  3359   1.92 MBytes       
[  5]  16.00-17.00  sec   471 MBytes  3953 Mbits/sec  4116   1.94 MBytes       
[  5]  17.00-18.00  sec   471 MBytes  3953 Mbits/sec  3864   1.42 MBytes       
[  5]  18.00-19.00  sec   475 MBytes  3985 Mbits/sec  670   1.55 MBytes       
[  5]  19.00-20.00  sec   474 MBytes  3974 Mbits/sec  1912   1.59 MBytes       
[  5]  20.00-21.00  sec   472 MBytes  3964 Mbits/sec  2922   1.67 MBytes       
[  5]  21.00-22.00  sec   474 MBytes  3973 Mbits/sec  2222   1.75 MBytes       
[  5]  22.00-23.00  sec   471 MBytes  3954 Mbits/sec  3192   1.76 MBytes       
[  5]  23.00-24.00  sec   472 MBytes  3964 Mbits/sec  3155   1.78 MBytes       
[  5]  24.00-25.00  sec   470 MBytes  3941 Mbits/sec  4742   1.84 MBytes       
[  5]  25.00-26.00  sec   471 MBytes  3955 Mbits/sec  3710   1.88 MBytes       
[  5]  26.00-27.00  sec   470 MBytes  3942 Mbits/sec  4314   1.89 MBytes       
[  5]  27.00-28.00  sec   470 MBytes  3943 Mbits/sec  4426   1.92 MBytes       
[  5]  28.00-29.00  sec   474 MBytes  3974 Mbits/sec  1873   2.01 MBytes       
[  5]  29.00-30.00  sec   469 MBytes  3932 Mbits/sec  5882   2.05 MBytes       
[  5]  30.00-31.00  sec   469 MBytes  3932 Mbits/sec  5849   2.05 MBytes       
[  5]  31.00-32.00  sec   465 MBytes  3901 Mbits/sec  7995   2.08 MBytes       
[  5]  32.00-33.00  sec   468 MBytes  3922 Mbits/sec  6574   2.09 MBytes       
[  5]  33.00-34.00  sec   474 MBytes  3974 Mbits/sec  1977   2.22 MBytes       
[  5]  34.00-35.00  sec   460 MBytes  3858 Mbits/sec  9788   2.22 MBytes       
[  5]  35.00-36.00  sec   466 MBytes  3911 Mbits/sec  9127   2.23 MBytes       
[  5]  36.00-37.00  sec   469 MBytes  3932 Mbits/sec  5459   1.89 MBytes       
[  5]  37.00-38.00  sec   469 MBytes  3932 Mbits/sec  5576   2.34 MBytes       
[  5]  38.00-39.00  sec   471 MBytes  3952 Mbits/sec  4492   1.70 MBytes       
[  5]  39.00-40.00  sec   471 MBytes  3955 Mbits/sec  3468   1.71 MBytes       
[  5]  40.00-41.00  sec   474 MBytes  3974 Mbits/sec  1925   1.78 MBytes       
[  5]  41.00-42.00  sec   471 MBytes  3952 Mbits/sec  3879   1.84 MBytes       
[  5]  42.00-43.00  sec   469 MBytes  3933 Mbits/sec  4750   1.84 MBytes       
[  5]  43.00-44.00  sec   469 MBytes  3932 Mbits/sec  5812   1.84 MBytes       
[  5]  44.00-45.00  sec   471 MBytes  3953 Mbits/sec  4232   1.88 MBytes       
[  5]  45.00-46.00  sec   470 MBytes  3942 Mbits/sec  4200   1.91 MBytes       
[  5]  46.00-47.00  sec   471 MBytes  3953 Mbits/sec  3504   1.95 MBytes       
[  5]  47.00-48.00  sec   471 MBytes  3953 Mbits/sec  3895   1.39 MBytes       
[  5]  48.00-49.00  sec   471 MBytes  3953 Mbits/sec  3568   2.03 MBytes       
[  5]  49.00-50.00  sec   471 MBytes  3954 Mbits/sec  4116   2.07 MBytes       
[  5]  50.00-51.00  sec   470 MBytes  3942 Mbits/sec  5069   2.10 MBytes       
[  5]  51.00-52.00  sec   460 MBytes  3860 Mbits/sec  6883   2.13 MBytes       
[  5]  52.00-53.00  sec   475 MBytes  3984 Mbits/sec  5842   2.17 MBytes       
[  5]  53.00-54.00  sec   464 MBytes  3890 Mbits/sec  9020   2.19 MBytes       
[  5]  54.00-55.00  sec   466 MBytes  3911 Mbits/sec  7400   2.24 MBytes       
[  5]  55.00-56.00  sec   466 MBytes  3911 Mbits/sec  7220   2.29 MBytes       
[  5]  56.00-57.00  sec   464 MBytes  3890 Mbits/sec  6403   2.32 MBytes       
[  5]  57.00-58.00  sec   468 MBytes  3922 Mbits/sec  8990   2.34 MBytes       
[  5]  58.00-59.00  sec   466 MBytes  3911 Mbits/sec  7643   1.68 MBytes       
[  5]  59.00-60.00  sec   462 MBytes  3880 Mbits/sec  10039   1.74 MBytes       
- - - - - - - - - - - - - - - - - - - - - - - - -
[ ID] Interval           Transfer     Bitrate         Retr
[  5]   0.00-60.00  sec  27.6 GBytes  3949 Mbits/sec  258179             sender
[  5]   0.00-60.00  sec  27.6 GBytes  3948 Mbits/sec                  receiver

iperf Done.
