Connecting to host 10.10.0.4, port 30000
[  5] local 10.244.229.65 port 47252 connected to 10.244.110.193 port 5201
[ ID] Interval           Transfer     Bitrate         Retr  Cwnd
[  5]   0.00-1.00   sec  1.16 GBytes  9946 Mbits/sec   69    920 KBytes       
[  5]   1.00-2.00   sec  1.15 GBytes  9909 Mbits/sec   46    926 KBytes       
[  5]   2.00-3.00   sec  1.18 GBytes  10174 Mbits/sec    8    930 KBytes       
[  5]   3.00-4.00   sec  1.13 GBytes  9675 Mbits/sec  1187    647 KBytes       
[  5]   4.00-5.00   sec  1.15 GBytes  9874 Mbits/sec    0    704 KBytes       
[  5]   5.00-6.00   sec  1.19 GBytes  10223 Mbits/sec   12    773 KBytes       
[  5]   6.00-7.00   sec  1.18 GBytes  10092 Mbits/sec   15    792 KBytes       
[  5]   7.00-8.00   sec  1.18 GBytes  10125 Mbits/sec   59    822 KBytes       
[  5]   8.00-9.00   sec  1.19 GBytes  10257 Mbits/sec    7    840 KBytes       
[  5]   9.00-10.00  sec  1.21 GBytes  10382 Mbits/sec    0    853 KBytes       
[  5]  10.00-11.00  sec  1.19 GBytes  10207 Mbits/sec   44    870 KBytes       
[  5]  11.00-12.00  sec  1.18 GBytes  10112 Mbits/sec  212    887 KBytes       
[  5]  12.00-13.00  sec  1.18 GBytes  10118 Mbits/sec    0    902 KBytes       
[  5]  13.00-14.00  sec  1.12 GBytes  9649 Mbits/sec  1318   1.02 MBytes       
[  5]  14.00-15.00  sec  1.01 GBytes  8714 Mbits/sec    0   1.59 MBytes       
[  5]  15.00-16.00  sec  1.01 GBytes  8712 Mbits/sec    0   1.99 MBytes       
[  5]  16.00-17.00  sec  1015 MBytes  8516 Mbits/sec    0   2.33 MBytes       
[  5]  17.00-18.00  sec  1.08 GBytes  9239 Mbits/sec  1608   1.22 MBytes       
[  5]  18.00-19.00  sec  1.15 GBytes  9829 Mbits/sec  208    882 KBytes       
[  5]  19.00-20.00  sec  1.01 GBytes  8683 Mbits/sec  2934    646 KBytes       
[  5]  20.00-21.00  sec  1.06 GBytes  9076 Mbits/sec  1089    702 KBytes       
[  5]  21.00-22.00  sec  1.15 GBytes  9840 Mbits/sec    1    780 KBytes       
[  5]  22.00-23.00  sec  1.19 GBytes  10221 Mbits/sec    0    801 KBytes       
[  5]  23.00-24.00  sec  1.13 GBytes  9703 Mbits/sec  213    620 KBytes       
[  5]  24.00-25.00  sec  1.18 GBytes  10115 Mbits/sec    0    689 KBytes       
[  5]  25.00-26.00  sec  1.19 GBytes  10262 Mbits/sec   86    788 KBytes       
[  5]  26.00-27.00  sec  1.15 GBytes  9909 Mbits/sec  515    867 KBytes       
[  5]  27.00-28.00  sec  1.13 GBytes  9671 Mbits/sec  966    956 KBytes       
[  5]  28.00-29.00  sec  1.13 GBytes  9726 Mbits/sec  620    954 KBytes       
[  5]  29.00-30.00  sec  1.08 GBytes  9239 Mbits/sec  3636   1.06 MBytes       
[  5]  30.00-31.00  sec  1.13 GBytes  9721 Mbits/sec  415   1.01 MBytes       
[  5]  31.00-32.00  sec  1.09 GBytes  9317 Mbits/sec  1640    845 KBytes       
[  5]  32.00-33.00  sec  1.21 GBytes  10432 Mbits/sec    0    860 KBytes       
[  5]  33.00-34.00  sec  1.17 GBytes  10020 Mbits/sec  181    939 KBytes       
[  5]  34.00-35.00  sec  1.19 GBytes  10217 Mbits/sec  220    980 KBytes       
[  5]  35.00-36.00  sec  1.23 GBytes  10531 Mbits/sec    0    998 KBytes       
[  5]  36.00-37.00  sec  1.22 GBytes  10485 Mbits/sec    4   1009 KBytes       
[  5]  37.00-38.00  sec  1.19 GBytes  10191 Mbits/sec    0   1.01 MBytes       
[  5]  38.00-39.00  sec  1.16 GBytes  9974 Mbits/sec    0   1.02 MBytes       
[  5]  39.00-40.00  sec  1.04 GBytes  8959 Mbits/sec  219   1.46 MBytes       
[  5]  40.00-41.00  sec  1.07 GBytes  9163 Mbits/sec  7281   1.11 MBytes       
[  5]  41.00-42.00  sec  1.01 GBytes  8647 Mbits/sec  2994    377 KBytes       
[  5]  42.00-43.00  sec  1.18 GBytes  10115 Mbits/sec    0   1.07 MBytes       
[  5]  43.00-44.00  sec  1.13 GBytes  9711 Mbits/sec  2169   1.07 MBytes       
[  5]  44.00-45.00  sec  1.21 GBytes  10418 Mbits/sec    0   1.07 MBytes       
[  5]  45.00-46.00  sec  1.21 GBytes  10421 Mbits/sec    0   1.15 MBytes       
[  5]  46.00-47.00  sec  1.17 GBytes  10087 Mbits/sec  163   1.15 MBytes       
[  5]  47.00-48.00  sec  1.13 GBytes  9741 Mbits/sec  1561    793 KBytes       
[  5]  48.00-49.00  sec  1.14 GBytes  9801 Mbits/sec  533    821 KBytes       
[  5]  49.00-50.00  sec  1.18 GBytes  10097 Mbits/sec    0    857 KBytes       
[  5]  50.00-51.00  sec  1.19 GBytes  10261 Mbits/sec    0    917 KBytes       
[  5]  51.00-52.00  sec  1.19 GBytes  10217 Mbits/sec    5    980 KBytes       
[  5]  52.00-53.00  sec  1.18 GBytes  10131 Mbits/sec    0    999 KBytes       
[  5]  53.00-54.00  sec  1.21 GBytes  10359 Mbits/sec    0   1002 KBytes       
[  5]  54.00-55.00  sec  1.20 GBytes  10335 Mbits/sec  732    711 KBytes       
[  5]  55.00-56.00  sec  1.21 GBytes  10406 Mbits/sec    0    807 KBytes       
[  5]  56.00-57.00  sec  1.18 GBytes  10177 Mbits/sec   28    842 KBytes       
[  5]  57.00-58.00  sec  1.18 GBytes  10127 Mbits/sec   24    868 KBytes       
[  5]  58.00-59.00  sec  1.18 GBytes  10141 Mbits/sec   33    960 KBytes       
[  5]  59.00-60.00  sec  1.05 GBytes  9028 Mbits/sec  2037    676 KBytes       
- - - - - - - - - - - - - - - - - - - - - - - - -
[ ID] Interval           Transfer     Bitrate         Retr
[  5]   0.00-60.00  sec  68.9 GBytes  9857 Mbits/sec  35092             sender
[  5]   0.00-60.00  sec  68.9 GBytes  9857 Mbits/sec                  receiver

iperf Done.
