Connecting to host 10.10.0.2, port 30000
[  5] local 10.244.229.65 port 57063 connected to 10.10.0.2 port 30000
[ ID] Interval           Transfer     Bitrate         Total Datagrams
[  5]   0.00-1.00   sec   152 MBytes  1275 Mbits/sec  114041  
[  5]   1.00-2.00   sec   151 MBytes  1266 Mbits/sec  113173  
[  5]   2.00-3.00   sec   137 MBytes  1153 Mbits/sec  103055  
[  5]   3.00-4.00   sec   138 MBytes  1159 Mbits/sec  103628  
[  5]   4.00-5.00   sec   150 MBytes  1262 Mbits/sec  112842  
[  5]   5.00-6.00   sec   148 MBytes  1244 Mbits/sec  111224  
[  5]   6.00-7.00   sec   137 MBytes  1151 Mbits/sec  102925  
[  5]   7.00-8.00   sec   148 MBytes  1240 Mbits/sec  110898  
[  5]   8.00-9.00   sec   146 MBytes  1225 Mbits/sec  109553  
[  5]   9.00-10.00  sec   152 MBytes  1273 Mbits/sec  113809  
[  5]  10.00-11.00  sec   152 MBytes  1277 Mbits/sec  114225  
[  5]  11.00-12.00  sec   149 MBytes  1250 Mbits/sec  111728  
[  5]  12.00-13.00  sec   138 MBytes  1161 Mbits/sec  103811  
[  5]  13.00-14.00  sec   147 MBytes  1234 Mbits/sec  110372  
[  5]  14.00-15.00  sec   149 MBytes  1246 Mbits/sec  111393  
[  5]  15.00-16.00  sec   147 MBytes  1236 Mbits/sec  110538  
[  5]  16.00-17.00  sec   135 MBytes  1129 Mbits/sec  100906  
[  5]  17.00-18.00  sec   150 MBytes  1257 Mbits/sec  112388  
[  5]  18.00-19.00  sec   145 MBytes  1213 Mbits/sec  108448  
[  5]  19.00-20.00  sec   152 MBytes  1272 Mbits/sec  113760  
[  5]  20.00-21.00  sec   152 MBytes  1278 Mbits/sec  114244  
[  5]  21.00-22.00  sec   148 MBytes  1237 Mbits/sec  110637  
[  5]  22.00-23.00  sec   139 MBytes  1165 Mbits/sec  104192  
[  5]  23.00-24.00  sec   147 MBytes  1236 Mbits/sec  110477  
[  5]  24.00-25.00  sec   147 MBytes  1235 Mbits/sec  110450  
[  5]  25.00-26.00  sec   146 MBytes  1223 Mbits/sec  109338  
[  5]  26.00-27.00  sec   132 MBytes  1109 Mbits/sec  99133  
[  5]  27.00-28.00  sec   141 MBytes  1184 Mbits/sec  105907  
[  5]  28.00-29.00  sec   147 MBytes  1237 Mbits/sec  110604  
[  5]  29.00-30.00  sec   146 MBytes  1222 Mbits/sec  109220  
[  5]  30.00-31.00  sec   146 MBytes  1226 Mbits/sec  109638  
[  5]  31.00-32.00  sec   138 MBytes  1159 Mbits/sec  103615  
[  5]  32.00-33.00  sec   134 MBytes  1128 Mbits/sec  100820  
[  5]  33.00-34.00  sec   143 MBytes  1202 Mbits/sec  107508  
[  5]  34.00-35.00  sec   147 MBytes  1231 Mbits/sec  110080  
[  5]  35.00-36.00  sec   145 MBytes  1216 Mbits/sec  108730  
[  5]  36.00-37.00  sec   138 MBytes  1155 Mbits/sec  103235  
[  5]  37.00-38.00  sec   146 MBytes  1223 Mbits/sec  109385  
[  5]  38.00-39.00  sec   144 MBytes  1210 Mbits/sec  108180  
[  5]  39.00-40.00  sec   144 MBytes  1209 Mbits/sec  108138  
[  5]  40.00-41.00  sec   147 MBytes  1232 Mbits/sec  110166  
[  5]  41.00-42.00  sec   148 MBytes  1240 Mbits/sec  110852  
[  5]  42.00-43.00  sec   131 MBytes  1103 Mbits/sec  98620  
[  5]  43.00-44.00  sec   144 MBytes  1207 Mbits/sec  107893  
[  5]  44.00-45.00  sec   145 MBytes  1216 Mbits/sec  108764  
[  5]  45.00-46.00  sec   148 MBytes  1241 Mbits/sec  110946  
[  5]  46.00-47.00  sec   133 MBytes  1118 Mbits/sec  99989  
[  5]  47.00-48.00  sec   146 MBytes  1222 Mbits/sec  109222  
[  5]  48.00-49.00  sec   147 MBytes  1233 Mbits/sec  110210  
[  5]  49.00-50.00  sec   148 MBytes  1243 Mbits/sec  111127  
[  5]  50.00-51.00  sec   145 MBytes  1216 Mbits/sec  108726  
[  5]  51.00-52.00  sec   144 MBytes  1205 Mbits/sec  107774  
[  5]  52.00-53.00  sec   136 MBytes  1140 Mbits/sec  101957  
[  5]  53.00-54.00  sec   149 MBytes  1250 Mbits/sec  111733  
[  5]  54.00-55.00  sec   149 MBytes  1252 Mbits/sec  111979  
[  5]  55.00-56.00  sec   149 MBytes  1246 Mbits/sec  111422  
[  5]  56.00-57.00  sec   137 MBytes  1148 Mbits/sec  102620  
[  5]  57.00-58.00  sec   146 MBytes  1227 Mbits/sec  109706  
[  5]  58.00-59.00  sec   144 MBytes  1209 Mbits/sec  108087  
[  5]  59.00-60.00  sec   150 MBytes  1261 Mbits/sec  112766  
- - - - - - - - - - - - - - - - - - - - - - - - -
[ ID] Interval           Transfer     Bitrate         Jitter    Lost/Total Datagrams
[  5]   0.00-60.00  sec  8.48 GBytes  1214 Mbits/sec  0.000 ms  0/6510807 (0%)  sender
[  5]   0.00-60.01  sec  7.98 GBytes  1142 Mbits/sec  0.158 ms  380629/6509432 (5.8%)  receiver

iperf Done.
