Connecting to host 10.10.0.3, port 30000
[  5] local 10.0.2.233 port 43514 connected to 10.0.1.203 port 5201
[  7] local 10.0.2.233 port 42245 connected to 10.0.1.203 port 5201
[  9] local 10.0.2.233 port 54586 connected to 10.0.1.203 port 5201
[ 11] local 10.0.2.233 port 33749 connected to 10.0.1.203 port 5201
[ 13] local 10.0.2.233 port 46903 connected to 10.0.1.203 port 5201
[ 15] local 10.0.2.233 port 33485 connected to 10.0.1.203 port 5201
[ 17] local 10.0.2.233 port 53033 connected to 10.0.1.203 port 5201
[ 19] local 10.0.2.233 port 43192 connected to 10.0.1.203 port 5201
[ 21] local 10.0.2.233 port 36908 connected to 10.0.1.203 port 5201
[ 23] local 10.0.2.233 port 46705 connected to 10.0.1.203 port 5201
[ 25] local 10.0.2.233 port 45983 connected to 10.0.1.203 port 5201
[ 27] local 10.0.2.233 port 44547 connected to 10.0.1.203 port 5201
[ 29] local 10.0.2.233 port 49221 connected to 10.0.1.203 port 5201
[ 31] local 10.0.2.233 port 57507 connected to 10.0.1.203 port 5201
[ 33] local 10.0.2.233 port 52595 connected to 10.0.1.203 port 5201
[ 35] local 10.0.2.233 port 37489 connected to 10.0.1.203 port 5201
[ 37] local 10.0.2.233 port 45592 connected to 10.0.1.203 port 5201
[ 39] local 10.0.2.233 port 48126 connected to 10.0.1.203 port 5201
[ 41] local 10.0.2.233 port 46462 connected to 10.0.1.203 port 5201
[ 43] local 10.0.2.233 port 33185 connected to 10.0.1.203 port 5201
[ ID] Interval           Transfer     Bitrate         Total Datagrams
[  5]   0.00-1.00   sec  12.3 MBytes   103 Mbits/sec  9241  
[  7]   0.00-1.00   sec  12.3 MBytes   103 Mbits/sec  9238  
[  9]   0.00-1.00   sec  12.3 MBytes   103 Mbits/sec  9238  
[ 11]   0.00-1.00   sec  12.3 MBytes   103 Mbits/sec  9232  
[ 13]   0.00-1.00   sec  12.3 MBytes   103 Mbits/sec  9231  
[ 15]   0.00-1.00   sec  12.3 MBytes   103 Mbits/sec  9226  
[ 17]   0.00-1.00   sec  12.3 MBytes   103 Mbits/sec  9220  
[ 19]   0.00-1.00   sec  12.3 MBytes   103 Mbits/sec  9216  
[ 21]   0.00-1.00   sec  12.3 MBytes   103 Mbits/sec  9212  
[ 23]   0.00-1.00   sec  12.3 MBytes   103 Mbits/sec  9210  
[ 25]   0.00-1.00   sec  12.3 MBytes   103 Mbits/sec  9203  
[ 27]   0.00-1.00   sec  12.3 MBytes   103 Mbits/sec  9198  
[ 29]   0.00-1.00   sec  12.3 MBytes   103 Mbits/sec  9201  
[ 31]   0.00-1.00   sec  12.3 MBytes   103 Mbits/sec  9197  
[ 33]   0.00-1.00   sec  12.3 MBytes   103 Mbits/sec  9196  
[ 35]   0.00-1.00   sec  12.3 MBytes   103 Mbits/sec  9190  
[ 37]   0.00-1.00   sec  12.2 MBytes   103 Mbits/sec  9185  
[ 39]   0.00-1.00   sec  12.2 MBytes   103 Mbits/sec  9181  
[ 41]   0.00-1.00   sec  12.2 MBytes   103 Mbits/sec  9175  
[ 43]   0.00-1.00   sec  12.2 MBytes   102 Mbits/sec  9165  
[SUM]   0.00-1.00   sec   246 MBytes  2060 Mbits/sec  184155  
- - - - - - - - - - - - - - - - - - - - - - - - -
[  5]   1.00-2.00   sec  10.6 MBytes  88.6 Mbits/sec  7923  
[  7]   1.00-2.00   sec  10.6 MBytes  88.6 Mbits/sec  7923  
[  9]   1.00-2.00   sec  10.6 MBytes  88.6 Mbits/sec  7924  
[ 11]   1.00-2.00   sec  10.6 MBytes  88.6 Mbits/sec  7925  
[ 13]   1.00-2.00   sec  10.6 MBytes  88.6 Mbits/sec  7923  
[ 15]   1.00-2.00   sec  10.6 MBytes  88.6 Mbits/sec  7923  
[ 17]   1.00-2.00   sec  10.6 MBytes  88.6 Mbits/sec  7923  
[ 19]   1.00-2.00   sec  10.6 MBytes  88.6 Mbits/sec  7922  
[ 21]   1.00-2.00   sec  10.6 MBytes  88.6 Mbits/sec  7921  
[ 23]   1.00-2.00   sec  10.6 MBytes  88.6 Mbits/sec  7920  
[ 25]   1.00-2.00   sec  10.6 MBytes  88.5 Mbits/sec  7917  
[ 27]   1.00-2.00   sec  10.6 MBytes  88.5 Mbits/sec  7915  
[ 29]   1.00-2.00   sec  10.6 MBytes  88.5 Mbits/sec  7914  
[ 31]   1.00-2.00   sec  10.6 MBytes  88.5 Mbits/sec  7914  
[ 33]   1.00-2.00   sec  10.6 MBytes  88.5 Mbits/sec  7914  
[ 35]   1.00-2.00   sec  10.5 MBytes  88.5 Mbits/sec  7912  
[ 37]   1.00-2.00   sec  10.5 MBytes  88.5 Mbits/sec  7911  
[ 39]   1.00-2.00   sec  10.5 MBytes  88.5 Mbits/sec  7911  
[ 41]   1.00-2.00   sec  10.5 MBytes  88.5 Mbits/sec  7911  
[ 43]   1.00-2.00   sec  10.5 MBytes  88.5 Mbits/sec  7911  
[SUM]   1.00-2.00   sec   211 MBytes  1771 Mbits/sec  158357  
- - - - - - - - - - - - - - - - - - - - - - - - -
[  5]   2.00-3.00   sec  10.0 MBytes  84.3 Mbits/sec  7538  
[  7]   2.00-3.00   sec  10.0 MBytes  84.3 Mbits/sec  7538  
[  9]   2.00-3.00   sec  10.0 MBytes  84.3 Mbits/sec  7538  
[ 11]   2.00-3.00   sec  10.0 MBytes  84.3 Mbits/sec  7538  
[ 13]   2.00-3.00   sec  10.0 MBytes  84.3 Mbits/sec  7538  
[ 15]   2.00-3.00   sec  10.0 MBytes  84.3 Mbits/sec  7538  
[ 17]   2.00-3.00   sec  10.0 MBytes  84.3 Mbits/sec  7538  
[ 19]   2.00-3.00   sec  10.0 MBytes  84.3 Mbits/sec  7538  
[ 21]   2.00-3.00   sec  10.0 MBytes  84.3 Mbits/sec  7538  
[ 23]   2.00-3.00   sec  10.0 MBytes  84.3 Mbits/sec  7538  
[ 25]   2.00-3.00   sec  10.0 MBytes  84.3 Mbits/sec  7538  
[ 27]   2.00-3.00   sec  10.0 MBytes  84.3 Mbits/sec  7538  
[ 29]   2.00-3.00   sec  10.0 MBytes  84.3 Mbits/sec  7538  
[ 31]   2.00-3.00   sec  10.0 MBytes  84.3 Mbits/sec  7538  
[ 33]   2.00-3.00   sec  10.0 MBytes  84.3 Mbits/sec  7538  
[ 35]   2.00-3.00   sec  10.0 MBytes  84.3 Mbits/sec  7538  
[ 37]   2.00-3.00   sec  10.0 MBytes  84.3 Mbits/sec  7538  
[ 39]   2.00-3.00   sec  10.0 MBytes  84.3 Mbits/sec  7538  
[ 41]   2.00-3.00   sec  10.0 MBytes  84.3 Mbits/sec  7538  
[ 43]   2.00-3.00   sec  10.0 MBytes  84.3 Mbits/sec  7538  
[SUM]   2.00-3.00   sec   201 MBytes  1686 Mbits/sec  150760  
- - - - - - - - - - - - - - - - - - - - - - - - -
[  5]   3.00-4.00   sec  9.88 MBytes  82.9 Mbits/sec  7414  
[  7]   3.00-4.00   sec  9.88 MBytes  82.9 Mbits/sec  7414  
[  9]   3.00-4.00   sec  9.88 MBytes  82.9 Mbits/sec  7414  
[ 11]   3.00-4.00   sec  9.88 MBytes  82.9 Mbits/sec  7414  
[ 13]   3.00-4.00   sec  9.88 MBytes  82.9 Mbits/sec  7414  
[ 15]   3.00-4.00   sec  9.88 MBytes  82.9 Mbits/sec  7413  
[ 17]   3.00-4.00   sec  9.88 MBytes  82.9 Mbits/sec  7413  
[ 19]   3.00-4.00   sec  9.88 MBytes  82.9 Mbits/sec  7413  
[ 21]   3.00-4.00   sec  9.88 MBytes  82.9 Mbits/sec  7413  
[ 23]   3.00-4.00   sec  9.88 MBytes  82.9 Mbits/sec  7413  
[ 25]   3.00-4.00   sec  9.88 MBytes  82.9 Mbits/sec  7413  
[ 27]   3.00-4.00   sec  9.88 MBytes  82.9 Mbits/sec  7413  
[ 29]   3.00-4.00   sec  9.88 MBytes  82.9 Mbits/sec  7413  
[ 31]   3.00-4.00   sec  9.88 MBytes  82.9 Mbits/sec  7413  
[ 33]   3.00-4.00   sec  9.88 MBytes  82.9 Mbits/sec  7413  
[ 35]   3.00-4.00   sec  9.88 MBytes  82.9 Mbits/sec  7413  
[ 37]   3.00-4.00   sec  9.88 MBytes  82.9 Mbits/sec  7413  
[ 39]   3.00-4.00   sec  9.88 MBytes  82.9 Mbits/sec  7413  
[ 41]   3.00-4.00   sec  9.88 MBytes  82.9 Mbits/sec  7413  
[ 43]   3.00-4.00   sec  9.88 MBytes  82.9 Mbits/sec  7413  
[SUM]   3.00-4.00   sec   198 MBytes  1658 Mbits/sec  148265  
- - - - - - - - - - - - - - - - - - - - - - - - -
[  5]   4.00-5.00   sec  9.62 MBytes  80.7 Mbits/sec  7212  
[  7]   4.00-5.00   sec  9.62 MBytes  80.7 Mbits/sec  7212  
[  9]   4.00-5.00   sec  9.62 MBytes  80.7 Mbits/sec  7212  
[ 11]   4.00-5.00   sec  9.62 MBytes  80.7 Mbits/sec  7212  
[ 13]   4.00-5.00   sec  9.62 MBytes  80.7 Mbits/sec  7212  
[ 15]   4.00-5.00   sec  9.62 MBytes  80.7 Mbits/sec  7212  
[ 17]   4.00-5.00   sec  9.62 MBytes  80.7 Mbits/sec  7212  
[ 19]   4.00-5.00   sec  9.62 MBytes  80.7 Mbits/sec  7212  
[ 21]   4.00-5.00   sec  9.62 MBytes  80.7 Mbits/sec  7212  
[ 23]   4.00-5.00   sec  9.62 MBytes  80.7 Mbits/sec  7212  
[ 25]   4.00-5.00   sec  9.62 MBytes  80.7 Mbits/sec  7212  
[ 27]   4.00-5.00   sec  9.62 MBytes  80.7 Mbits/sec  7212  
[ 29]   4.00-5.00   sec  9.62 MBytes  80.7 Mbits/sec  7212  
[ 31]   4.00-5.00   sec  9.62 MBytes  80.7 Mbits/sec  7212  
[ 33]   4.00-5.00   sec  9.62 MBytes  80.7 Mbits/sec  7212  
[ 35]   4.00-5.00   sec  9.62 MBytes  80.7 Mbits/sec  7212  
[ 37]   4.00-5.00   sec  9.62 MBytes  80.7 Mbits/sec  7212  
[ 39]   4.00-5.00   sec  9.62 MBytes  80.7 Mbits/sec  7212  
[ 41]   4.00-5.00   sec  9.62 MBytes  80.7 Mbits/sec  7212  
[ 43]   4.00-5.00   sec  9.62 MBytes  80.7 Mbits/sec  7212  
[SUM]   4.00-5.00   sec   192 MBytes  1613 Mbits/sec  144240  
- - - - - - - - - - - - - - - - - - - - - - - - -
[  5]   5.00-6.00   sec  10.0 MBytes  84.1 Mbits/sec  7516  
[  7]   5.00-6.00   sec  10.0 MBytes  84.1 Mbits/sec  7516  
[  9]   5.00-6.00   sec  10.0 MBytes  84.1 Mbits/sec  7516  
[ 11]   5.00-6.00   sec  10.0 MBytes  84.1 Mbits/sec  7516  
[ 13]   5.00-6.00   sec  10.0 MBytes  84.1 Mbits/sec  7516  
[ 15]   5.00-6.00   sec  10.0 MBytes  84.1 Mbits/sec  7516  
[ 17]   5.00-6.00   sec  10.0 MBytes  84.1 Mbits/sec  7516  
[ 19]   5.00-6.00   sec  10.0 MBytes  84.1 Mbits/sec  7516  
[ 21]   5.00-6.00   sec  10.0 MBytes  84.1 Mbits/sec  7516  
[ 23]   5.00-6.00   sec  10.0 MBytes  84.1 Mbits/sec  7516  
[ 25]   5.00-6.00   sec  10.0 MBytes  84.1 Mbits/sec  7516  
[ 27]   5.00-6.00   sec  10.0 MBytes  84.1 Mbits/sec  7516  
[ 29]   5.00-6.00   sec  10.0 MBytes  84.1 Mbits/sec  7516  
[ 31]   5.00-6.00   sec  10.0 MBytes  84.1 Mbits/sec  7516  
[ 33]   5.00-6.00   sec  10.0 MBytes  84.1 Mbits/sec  7516  
[ 35]   5.00-6.00   sec  10.0 MBytes  84.1 Mbits/sec  7516  
[ 37]   5.00-6.00   sec  10.0 MBytes  84.1 Mbits/sec  7516  
[ 39]   5.00-6.00   sec  10.0 MBytes  84.1 Mbits/sec  7516  
[ 41]   5.00-6.00   sec  10.0 MBytes  84.1 Mbits/sec  7516  
[ 43]   5.00-6.00   sec  10.0 MBytes  84.1 Mbits/sec  7516  
[SUM]   5.00-6.00   sec   200 MBytes  1681 Mbits/sec  150320  
- - - - - - - - - - - - - - - - - - - - - - - - -
[  5]   6.00-7.00   sec  9.96 MBytes  83.6 Mbits/sec  7472  
[  7]   6.00-7.00   sec  9.96 MBytes  83.6 Mbits/sec  7472  
[  9]   6.00-7.00   sec  9.96 MBytes  83.6 Mbits/sec  7472  
[ 11]   6.00-7.00   sec  9.96 MBytes  83.6 Mbits/sec  7472  
[ 13]   6.00-7.00   sec  9.96 MBytes  83.6 Mbits/sec  7472  
[ 15]   6.00-7.00   sec  9.96 MBytes  83.6 Mbits/sec  7472  
[ 17]   6.00-7.00   sec  9.96 MBytes  83.6 Mbits/sec  7472  
[ 19]   6.00-7.00   sec  9.96 MBytes  83.6 Mbits/sec  7472  
[ 21]   6.00-7.00   sec  9.96 MBytes  83.6 Mbits/sec  7472  
[ 23]   6.00-7.00   sec  9.96 MBytes  83.6 Mbits/sec  7472  
[ 25]   6.00-7.00   sec  9.96 MBytes  83.6 Mbits/sec  7472  
[ 27]   6.00-7.00   sec  9.96 MBytes  83.6 Mbits/sec  7472  
[ 29]   6.00-7.00   sec  9.96 MBytes  83.6 Mbits/sec  7472  
[ 31]   6.00-7.00   sec  9.96 MBytes  83.6 Mbits/sec  7472  
[ 33]   6.00-7.00   sec  9.96 MBytes  83.6 Mbits/sec  7472  
[ 35]   6.00-7.00   sec  9.96 MBytes  83.6 Mbits/sec  7472  
[ 37]   6.00-7.00   sec  9.96 MBytes  83.6 Mbits/sec  7472  
[ 39]   6.00-7.00   sec  9.96 MBytes  83.6 Mbits/sec  7472  
[ 41]   6.00-7.00   sec  9.96 MBytes  83.6 Mbits/sec  7472  
[ 43]   6.00-7.00   sec  9.96 MBytes  83.6 Mbits/sec  7472  
[SUM]   6.00-7.00   sec   199 MBytes  1671 Mbits/sec  149440  
- - - - - - - - - - - - - - - - - - - - - - - - -
[  5]   7.00-8.00   sec  10.1 MBytes  84.9 Mbits/sec  7592  
[  7]   7.00-8.00   sec  10.1 MBytes  84.9 Mbits/sec  7592  
[  9]   7.00-8.00   sec  10.1 MBytes  84.9 Mbits/sec  7592  
[ 11]   7.00-8.00   sec  10.1 MBytes  84.9 Mbits/sec  7592  
[ 13]   7.00-8.00   sec  10.1 MBytes  84.9 Mbits/sec  7592  
[ 15]   7.00-8.00   sec  10.1 MBytes  84.9 Mbits/sec  7592  
[ 17]   7.00-8.00   sec  10.1 MBytes  84.9 Mbits/sec  7592  
[ 19]   7.00-8.00   sec  10.1 MBytes  84.9 Mbits/sec  7592  
[ 21]   7.00-8.00   sec  10.1 MBytes  84.9 Mbits/sec  7592  
[ 23]   7.00-8.00   sec  10.1 MBytes  84.9 Mbits/sec  7592  
[ 25]   7.00-8.00   sec  10.1 MBytes  84.9 Mbits/sec  7592  
[ 27]   7.00-8.00   sec  10.1 MBytes  84.9 Mbits/sec  7592  
[ 29]   7.00-8.00   sec  10.1 MBytes  84.9 Mbits/sec  7592  
[ 31]   7.00-8.00   sec  10.1 MBytes  84.9 Mbits/sec  7592  
[ 33]   7.00-8.00   sec  10.1 MBytes  84.9 Mbits/sec  7592  
[ 35]   7.00-8.00   sec  10.1 MBytes  84.9 Mbits/sec  7592  
[ 37]   7.00-8.00   sec  10.1 MBytes  84.9 Mbits/sec  7592  
[ 39]   7.00-8.00   sec  10.1 MBytes  84.9 Mbits/sec  7592  
[ 41]   7.00-8.00   sec  10.1 MBytes  84.9 Mbits/sec  7592  
[ 43]   7.00-8.00   sec  10.1 MBytes  84.9 Mbits/sec  7592  
[SUM]   7.00-8.00   sec   202 MBytes  1698 Mbits/sec  151840  
- - - - - - - - - - - - - - - - - - - - - - - - -
[  5]   8.00-9.00   sec  10.0 MBytes  84.2 Mbits/sec  7530  
[  7]   8.00-9.00   sec  10.0 MBytes  84.2 Mbits/sec  7530  
[  9]   8.00-9.00   sec  10.0 MBytes  84.2 Mbits/sec  7530  
[ 11]   8.00-9.00   sec  10.0 MBytes  84.2 Mbits/sec  7530  
[ 13]   8.00-9.00   sec  10.0 MBytes  84.2 Mbits/sec  7530  
[ 15]   8.00-9.00   sec  10.0 MBytes  84.2 Mbits/sec  7530  
[ 17]   8.00-9.00   sec  10.0 MBytes  84.2 Mbits/sec  7530  
[ 19]   8.00-9.00   sec  10.0 MBytes  84.2 Mbits/sec  7530  
[ 21]   8.00-9.00   sec  10.0 MBytes  84.2 Mbits/sec  7530  
[ 23]   8.00-9.00   sec  10.0 MBytes  84.2 Mbits/sec  7530  
[ 25]   8.00-9.00   sec  10.0 MBytes  84.2 Mbits/sec  7530  
[ 27]   8.00-9.00   sec  10.0 MBytes  84.2 Mbits/sec  7530  
[ 29]   8.00-9.00   sec  10.0 MBytes  84.2 Mbits/sec  7530  
[ 31]   8.00-9.00   sec  10.0 MBytes  84.2 Mbits/sec  7530  
[ 33]   8.00-9.00   sec  10.0 MBytes  84.2 Mbits/sec  7530  
[ 35]   8.00-9.00   sec  10.0 MBytes  84.2 Mbits/sec  7530  
[ 37]   8.00-9.00   sec  10.0 MBytes  84.2 Mbits/sec  7530  
[ 39]   8.00-9.00   sec  10.0 MBytes  84.2 Mbits/sec  7530  
[ 41]   8.00-9.00   sec  10.0 MBytes  84.2 Mbits/sec  7530  
[ 43]   8.00-9.00   sec  10.0 MBytes  84.2 Mbits/sec  7530  
[SUM]   8.00-9.00   sec   201 MBytes  1684 Mbits/sec  150600  
- - - - - - - - - - - - - - - - - - - - - - - - -
[  5]   9.00-10.00  sec  10.1 MBytes  84.9 Mbits/sec  7587  
[  7]   9.00-10.00  sec  10.1 MBytes  84.9 Mbits/sec  7587  
[  9]   9.00-10.00  sec  10.1 MBytes  84.9 Mbits/sec  7587  
[ 11]   9.00-10.00  sec  10.1 MBytes  84.9 Mbits/sec  7587  
[ 13]   9.00-10.00  sec  10.1 MBytes  84.9 Mbits/sec  7587  
[ 15]   9.00-10.00  sec  10.1 MBytes  84.9 Mbits/sec  7587  
[ 17]   9.00-10.00  sec  10.1 MBytes  84.9 Mbits/sec  7587  
[ 19]   9.00-10.00  sec  10.1 MBytes  84.9 Mbits/sec  7587  
[ 21]   9.00-10.00  sec  10.1 MBytes  84.9 Mbits/sec  7587  
[ 23]   9.00-10.00  sec  10.1 MBytes  84.9 Mbits/sec  7587  
[ 25]   9.00-10.00  sec  10.1 MBytes  84.9 Mbits/sec  7587  
[ 27]   9.00-10.00  sec  10.1 MBytes  84.9 Mbits/sec  7587  
[ 29]   9.00-10.00  sec  10.1 MBytes  84.9 Mbits/sec  7587  
[ 31]   9.00-10.00  sec  10.1 MBytes  84.9 Mbits/sec  7587  
[ 33]   9.00-10.00  sec  10.1 MBytes  84.9 Mbits/sec  7587  
[ 35]   9.00-10.00  sec  10.1 MBytes  84.9 Mbits/sec  7587  
[ 37]   9.00-10.00  sec  10.1 MBytes  84.9 Mbits/sec  7587  
[ 39]   9.00-10.00  sec  10.1 MBytes  84.9 Mbits/sec  7587  
[ 41]   9.00-10.00  sec  10.1 MBytes  84.9 Mbits/sec  7587  
[ 43]   9.00-10.00  sec  10.1 MBytes  84.9 Mbits/sec  7587  
[SUM]   9.00-10.00  sec   202 MBytes  1697 Mbits/sec  151740  
- - - - - - - - - - - - - - - - - - - - - - - - -
[  5]  10.00-11.00  sec  10.1 MBytes  84.4 Mbits/sec  7546  
[  7]  10.00-11.00  sec  10.1 MBytes  84.4 Mbits/sec  7546  
[  9]  10.00-11.00  sec  10.1 MBytes  84.4 Mbits/sec  7546  
[ 11]  10.00-11.00  sec  10.1 MBytes  84.4 Mbits/sec  7546  
[ 13]  10.00-11.00  sec  10.1 MBytes  84.4 Mbits/sec  7546  
[ 15]  10.00-11.00  sec  10.1 MBytes  84.4 Mbits/sec  7546  
[ 17]  10.00-11.00  sec  10.1 MBytes  84.4 Mbits/sec  7546  
[ 19]  10.00-11.00  sec  10.1 MBytes  84.4 Mbits/sec  7546  
[ 21]  10.00-11.00  sec  10.1 MBytes  84.4 Mbits/sec  7546  
[ 23]  10.00-11.00  sec  10.1 MBytes  84.4 Mbits/sec  7546  
[ 25]  10.00-11.00  sec  10.1 MBytes  84.4 Mbits/sec  7546  
[ 27]  10.00-11.00  sec  10.1 MBytes  84.4 Mbits/sec  7546  
[ 29]  10.00-11.00  sec  10.1 MBytes  84.4 Mbits/sec  7546  
[ 31]  10.00-11.00  sec  10.1 MBytes  84.4 Mbits/sec  7546  
[ 33]  10.00-11.00  sec  10.1 MBytes  84.4 Mbits/sec  7546  
[ 35]  10.00-11.00  sec  10.1 MBytes  84.4 Mbits/sec  7546  
[ 37]  10.00-11.00  sec  10.1 MBytes  84.4 Mbits/sec  7546  
[ 39]  10.00-11.00  sec  10.1 MBytes  84.4 Mbits/sec  7546  
[ 41]  10.00-11.00  sec  10.1 MBytes  84.4 Mbits/sec  7546  
[ 43]  10.00-11.00  sec  10.1 MBytes  84.4 Mbits/sec  7546  
[SUM]  10.00-11.00  sec   201 MBytes  1688 Mbits/sec  150920  
- - - - - - - - - - - - - - - - - - - - - - - - -
[  5]  11.00-12.00  sec  10.1 MBytes  84.8 Mbits/sec  7579  
[  7]  11.00-12.00  sec  10.1 MBytes  84.8 Mbits/sec  7579  
[  9]  11.00-12.00  sec  10.1 MBytes  84.8 Mbits/sec  7579  
[ 11]  11.00-12.00  sec  10.1 MBytes  84.8 Mbits/sec  7579  
[ 13]  11.00-12.00  sec  10.1 MBytes  84.8 Mbits/sec  7579  
[ 15]  11.00-12.00  sec  10.1 MBytes  84.8 Mbits/sec  7579  
[ 17]  11.00-12.00  sec  10.1 MBytes  84.8 Mbits/sec  7579  
[ 19]  11.00-12.00  sec  10.1 MBytes  84.8 Mbits/sec  7579  
[ 21]  11.00-12.00  sec  10.1 MBytes  84.8 Mbits/sec  7579  
[ 23]  11.00-12.00  sec  10.1 MBytes  84.8 Mbits/sec  7579  
[ 25]  11.00-12.00  sec  10.1 MBytes  84.8 Mbits/sec  7579  
[ 27]  11.00-12.00  sec  10.1 MBytes  84.8 Mbits/sec  7579  
[ 29]  11.00-12.00  sec  10.1 MBytes  84.8 Mbits/sec  7579  
[ 31]  11.00-12.00  sec  10.1 MBytes  84.8 Mbits/sec  7579  
[ 33]  11.00-12.00  sec  10.1 MBytes  84.8 Mbits/sec  7579  
[ 35]  11.00-12.00  sec  10.1 MBytes  84.8 Mbits/sec  7579  
[ 37]  11.00-12.00  sec  10.1 MBytes  84.8 Mbits/sec  7579  
[ 39]  11.00-12.00  sec  10.1 MBytes  84.8 Mbits/sec  7579  
[ 41]  11.00-12.00  sec  10.1 MBytes  84.8 Mbits/sec  7579  
[ 43]  11.00-12.00  sec  10.1 MBytes  84.8 Mbits/sec  7579  
[SUM]  11.00-12.00  sec   202 MBytes  1695 Mbits/sec  151580  
- - - - - - - - - - - - - - - - - - - - - - - - -
[  5]  12.00-13.00  sec  10.1 MBytes  85.0 Mbits/sec  7604  
[  7]  12.00-13.00  sec  10.1 MBytes  85.0 Mbits/sec  7604  
[  9]  12.00-13.00  sec  10.1 MBytes  85.0 Mbits/sec  7604  
[ 11]  12.00-13.00  sec  10.1 MBytes  85.0 Mbits/sec  7604  
[ 13]  12.00-13.00  sec  10.1 MBytes  85.0 Mbits/sec  7604  
[ 15]  12.00-13.00  sec  10.1 MBytes  85.0 Mbits/sec  7604  
[ 17]  12.00-13.00  sec  10.1 MBytes  85.0 Mbits/sec  7604  
[ 19]  12.00-13.00  sec  10.1 MBytes  85.0 Mbits/sec  7604  
[ 21]  12.00-13.00  sec  10.1 MBytes  85.0 Mbits/sec  7604  
[ 23]  12.00-13.00  sec  10.1 MBytes  85.0 Mbits/sec  7604  
[ 25]  12.00-13.00  sec  10.1 MBytes  85.0 Mbits/sec  7604  
[ 27]  12.00-13.00  sec  10.1 MBytes  85.0 Mbits/sec  7604  
[ 29]  12.00-13.00  sec  10.1 MBytes  85.0 Mbits/sec  7604  
[ 31]  12.00-13.00  sec  10.1 MBytes  85.0 Mbits/sec  7604  
[ 33]  12.00-13.00  sec  10.1 MBytes  85.0 Mbits/sec  7604  
[ 35]  12.00-13.00  sec  10.1 MBytes  85.0 Mbits/sec  7604  
[ 37]  12.00-13.00  sec  10.1 MBytes  85.0 Mbits/sec  7604  
[ 39]  12.00-13.00  sec  10.1 MBytes  85.0 Mbits/sec  7604  
[ 41]  12.00-13.00  sec  10.1 MBytes  85.0 Mbits/sec  7604  
[ 43]  12.00-13.00  sec  10.1 MBytes  85.0 Mbits/sec  7604  
[SUM]  12.00-13.00  sec   203 MBytes  1701 Mbits/sec  152080  
- - - - - - - - - - - - - - - - - - - - - - - - -
[  5]  13.00-14.00  sec  10.1 MBytes  84.9 Mbits/sec  7588  
[  7]  13.00-14.00  sec  10.1 MBytes  84.9 Mbits/sec  7588  
[  9]  13.00-14.00  sec  10.1 MBytes  84.9 Mbits/sec  7588  
[ 11]  13.00-14.00  sec  10.1 MBytes  84.9 Mbits/sec  7588  
[ 13]  13.00-14.00  sec  10.1 MBytes  84.9 Mbits/sec  7588  
[ 15]  13.00-14.00  sec  10.1 MBytes  84.9 Mbits/sec  7588  
[ 17]  13.00-14.00  sec  10.1 MBytes  84.9 Mbits/sec  7588  
[ 19]  13.00-14.00  sec  10.1 MBytes  84.9 Mbits/sec  7588  
[ 21]  13.00-14.00  sec  10.1 MBytes  84.9 Mbits/sec  7588  
[ 23]  13.00-14.00  sec  10.1 MBytes  84.9 Mbits/sec  7588  
[ 25]  13.00-14.00  sec  10.1 MBytes  84.9 Mbits/sec  7588  
[ 27]  13.00-14.00  sec  10.1 MBytes  84.9 Mbits/sec  7588  
[ 29]  13.00-14.00  sec  10.1 MBytes  84.9 Mbits/sec  7588  
[ 31]  13.00-14.00  sec  10.1 MBytes  84.9 Mbits/sec  7588  
[ 33]  13.00-14.00  sec  10.1 MBytes  84.9 Mbits/sec  7588  
[ 35]  13.00-14.00  sec  10.1 MBytes  84.9 Mbits/sec  7588  
[ 37]  13.00-14.00  sec  10.1 MBytes  84.9 Mbits/sec  7588  
[ 39]  13.00-14.00  sec  10.1 MBytes  84.9 Mbits/sec  7588  
[ 41]  13.00-14.00  sec  10.1 MBytes  84.9 Mbits/sec  7588  
[ 43]  13.00-14.00  sec  10.1 MBytes  84.9 Mbits/sec  7588  
[SUM]  13.00-14.00  sec   202 MBytes  1697 Mbits/sec  151760  
- - - - - - - - - - - - - - - - - - - - - - - - -
[  5]  14.00-15.00  sec  10.1 MBytes  84.7 Mbits/sec  7571  
[  7]  14.00-15.00  sec  10.1 MBytes  84.7 Mbits/sec  7571  
[  9]  14.00-15.00  sec  10.1 MBytes  84.7 Mbits/sec  7571  
[ 11]  14.00-15.00  sec  10.1 MBytes  84.7 Mbits/sec  7571  
[ 13]  14.00-15.00  sec  10.1 MBytes  84.7 Mbits/sec  7571  
[ 15]  14.00-15.00  sec  10.1 MBytes  84.7 Mbits/sec  7571  
[ 17]  14.00-15.00  sec  10.1 MBytes  84.7 Mbits/sec  7571  
[ 19]  14.00-15.00  sec  10.1 MBytes  84.7 Mbits/sec  7571  
[ 21]  14.00-15.00  sec  10.1 MBytes  84.7 Mbits/sec  7571  
[ 23]  14.00-15.00  sec  10.1 MBytes  84.7 Mbits/sec  7571  
[ 25]  14.00-15.00  sec  10.1 MBytes  84.7 Mbits/sec  7571  
[ 27]  14.00-15.00  sec  10.1 MBytes  84.7 Mbits/sec  7571  
[ 29]  14.00-15.00  sec  10.1 MBytes  84.7 Mbits/sec  7571  
[ 31]  14.00-15.00  sec  10.1 MBytes  84.7 Mbits/sec  7571  
[ 33]  14.00-15.00  sec  10.1 MBytes  84.7 Mbits/sec  7571  
[ 35]  14.00-15.00  sec  10.1 MBytes  84.7 Mbits/sec  7571  
[ 37]  14.00-15.00  sec  10.1 MBytes  84.7 Mbits/sec  7571  
[ 39]  14.00-15.00  sec  10.1 MBytes  84.7 Mbits/sec  7571  
[ 41]  14.00-15.00  sec  10.1 MBytes  84.7 Mbits/sec  7571  
[ 43]  14.00-15.00  sec  10.1 MBytes  84.7 Mbits/sec  7571  
[SUM]  14.00-15.00  sec   202 MBytes  1694 Mbits/sec  151420  
- - - - - - - - - - - - - - - - - - - - - - - - -
[  5]  15.00-16.00  sec  10.1 MBytes  84.5 Mbits/sec  7553  
[  7]  15.00-16.00  sec  10.1 MBytes  84.5 Mbits/sec  7553  
[  9]  15.00-16.00  sec  10.1 MBytes  84.5 Mbits/sec  7553  
[ 11]  15.00-16.00  sec  10.1 MBytes  84.5 Mbits/sec  7553  
[ 13]  15.00-16.00  sec  10.1 MBytes  84.5 Mbits/sec  7553  
[ 15]  15.00-16.00  sec  10.1 MBytes  84.5 Mbits/sec  7553  
[ 17]  15.00-16.00  sec  10.1 MBytes  84.5 Mbits/sec  7553  
[ 19]  15.00-16.00  sec  10.1 MBytes  84.5 Mbits/sec  7553  
[ 21]  15.00-16.00  sec  10.1 MBytes  84.5 Mbits/sec  7553  
[ 23]  15.00-16.00  sec  10.1 MBytes  84.5 Mbits/sec  7553  
[ 25]  15.00-16.00  sec  10.1 MBytes  84.5 Mbits/sec  7553  
[ 27]  15.00-16.00  sec  10.1 MBytes  84.5 Mbits/sec  7553  
[ 29]  15.00-16.00  sec  10.1 MBytes  84.5 Mbits/sec  7553  
[ 31]  15.00-16.00  sec  10.1 MBytes  84.5 Mbits/sec  7553  
[ 33]  15.00-16.00  sec  10.1 MBytes  84.5 Mbits/sec  7553  
[ 35]  15.00-16.00  sec  10.1 MBytes  84.5 Mbits/sec  7553  
[ 37]  15.00-16.00  sec  10.1 MBytes  84.5 Mbits/sec  7553  
[ 39]  15.00-16.00  sec  10.1 MBytes  84.5 Mbits/sec  7553  
[ 41]  15.00-16.00  sec  10.1 MBytes  84.5 Mbits/sec  7553  
[ 43]  15.00-16.00  sec  10.1 MBytes  84.5 Mbits/sec  7553  
[SUM]  15.00-16.00  sec   201 MBytes  1689 Mbits/sec  151060  
- - - - - - - - - - - - - - - - - - - - - - - - -
[  5]  16.00-17.00  sec  10.1 MBytes  84.6 Mbits/sec  7561  
[  7]  16.00-17.00  sec  10.1 MBytes  84.6 Mbits/sec  7561  
[  9]  16.00-17.00  sec  10.1 MBytes  84.6 Mbits/sec  7561  
[ 11]  16.00-17.00  sec  10.1 MBytes  84.6 Mbits/sec  7561  
[ 13]  16.00-17.00  sec  10.1 MBytes  84.6 Mbits/sec  7561  
[ 15]  16.00-17.00  sec  10.1 MBytes  84.6 Mbits/sec  7561  
[ 17]  16.00-17.00  sec  10.1 MBytes  84.6 Mbits/sec  7561  
[ 19]  16.00-17.00  sec  10.1 MBytes  84.6 Mbits/sec  7561  
[ 21]  16.00-17.00  sec  10.1 MBytes  84.6 Mbits/sec  7561  
[ 23]  16.00-17.00  sec  10.1 MBytes  84.6 Mbits/sec  7561  
[ 25]  16.00-17.00  sec  10.1 MBytes  84.6 Mbits/sec  7561  
[ 27]  16.00-17.00  sec  10.1 MBytes  84.6 Mbits/sec  7561  
[ 29]  16.00-17.00  sec  10.1 MBytes  84.6 Mbits/sec  7561  
[ 31]  16.00-17.00  sec  10.1 MBytes  84.6 Mbits/sec  7561  
[ 33]  16.00-17.00  sec  10.1 MBytes  84.6 Mbits/sec  7561  
[ 35]  16.00-17.00  sec  10.1 MBytes  84.6 Mbits/sec  7561  
[ 37]  16.00-17.00  sec  10.1 MBytes  84.6 Mbits/sec  7561  
[ 39]  16.00-17.00  sec  10.1 MBytes  84.6 Mbits/sec  7561  
[ 41]  16.00-17.00  sec  10.1 MBytes  84.6 Mbits/sec  7561  
[ 43]  16.00-17.00  sec  10.1 MBytes  84.6 Mbits/sec  7561  
[SUM]  16.00-17.00  sec   202 MBytes  1691 Mbits/sec  151220  
- - - - - - - - - - - - - - - - - - - - - - - - -
[  5]  17.00-18.00  sec  9.94 MBytes  83.4 Mbits/sec  7458  
[  7]  17.00-18.00  sec  9.94 MBytes  83.4 Mbits/sec  7458  
[  9]  17.00-18.00  sec  9.94 MBytes  83.4 Mbits/sec  7458  
[ 11]  17.00-18.00  sec  9.94 MBytes  83.4 Mbits/sec  7458  
[ 13]  17.00-18.00  sec  9.94 MBytes  83.4 Mbits/sec  7458  
[ 15]  17.00-18.00  sec  9.94 MBytes  83.4 Mbits/sec  7458  
[ 17]  17.00-18.00  sec  9.94 MBytes  83.4 Mbits/sec  7458  
[ 19]  17.00-18.00  sec  9.94 MBytes  83.4 Mbits/sec  7458  
[ 21]  17.00-18.00  sec  9.94 MBytes  83.4 Mbits/sec  7458  
[ 23]  17.00-18.00  sec  9.94 MBytes  83.4 Mbits/sec  7458  
[ 25]  17.00-18.00  sec  9.94 MBytes  83.4 Mbits/sec  7458  
[ 27]  17.00-18.00  sec  9.94 MBytes  83.4 Mbits/sec  7458  
[ 29]  17.00-18.00  sec  9.94 MBytes  83.4 Mbits/sec  7458  
[ 31]  17.00-18.00  sec  9.94 MBytes  83.4 Mbits/sec  7458  
[ 33]  17.00-18.00  sec  9.94 MBytes  83.4 Mbits/sec  7458  
[ 35]  17.00-18.00  sec  9.94 MBytes  83.4 Mbits/sec  7458  
[ 37]  17.00-18.00  sec  9.94 MBytes  83.4 Mbits/sec  7458  
[ 39]  17.00-18.00  sec  9.94 MBytes  83.4 Mbits/sec  7458  
[ 41]  17.00-18.00  sec  9.94 MBytes  83.4 Mbits/sec  7458  
[ 43]  17.00-18.00  sec  9.94 MBytes  83.4 Mbits/sec  7458  
[SUM]  17.00-18.00  sec   199 MBytes  1668 Mbits/sec  149160  
- - - - - - - - - - - - - - - - - - - - - - - - -
[  5]  18.00-19.00  sec  10.2 MBytes  85.2 Mbits/sec  7616  
[  7]  18.00-19.00  sec  10.2 MBytes  85.2 Mbits/sec  7616  
[  9]  18.00-19.00  sec  10.2 MBytes  85.2 Mbits/sec  7616  
[ 11]  18.00-19.00  sec  10.2 MBytes  85.2 Mbits/sec  7616  
[ 13]  18.00-19.00  sec  10.2 MBytes  85.2 Mbits/sec  7616  
[ 15]  18.00-19.00  sec  10.2 MBytes  85.2 Mbits/sec  7616  
[ 17]  18.00-19.00  sec  10.2 MBytes  85.2 Mbits/sec  7616  
[ 19]  18.00-19.00  sec  10.2 MBytes  85.2 Mbits/sec  7616  
[ 21]  18.00-19.00  sec  10.2 MBytes  85.2 Mbits/sec  7616  
[ 23]  18.00-19.00  sec  10.2 MBytes  85.2 Mbits/sec  7616  
[ 25]  18.00-19.00  sec  10.2 MBytes  85.2 Mbits/sec  7616  
[ 27]  18.00-19.00  sec  10.2 MBytes  85.2 Mbits/sec  7616  
[ 29]  18.00-19.00  sec  10.2 MBytes  85.2 Mbits/sec  7616  
[ 31]  18.00-19.00  sec  10.2 MBytes  85.2 Mbits/sec  7616  
[ 33]  18.00-19.00  sec  10.2 MBytes  85.2 Mbits/sec  7616  
[ 35]  18.00-19.00  sec  10.2 MBytes  85.2 Mbits/sec  7616  
[ 37]  18.00-19.00  sec  10.2 MBytes  85.2 Mbits/sec  7616  
[ 39]  18.00-19.00  sec  10.2 MBytes  85.2 Mbits/sec  7616  
[ 41]  18.00-19.00  sec  10.2 MBytes  85.2 Mbits/sec  7616  
[ 43]  18.00-19.00  sec  10.2 MBytes  85.2 Mbits/sec  7616  
[SUM]  18.00-19.00  sec   203 MBytes  1704 Mbits/sec  152320  
- - - - - - - - - - - - - - - - - - - - - - - - -
[  5]  19.00-20.00  sec  10.1 MBytes  84.8 Mbits/sec  7585  
[  7]  19.00-20.00  sec  10.1 MBytes  84.8 Mbits/sec  7585  
[  9]  19.00-20.00  sec  10.1 MBytes  84.8 Mbits/sec  7585  
[ 11]  19.00-20.00  sec  10.1 MBytes  84.8 Mbits/sec  7585  
[ 13]  19.00-20.00  sec  10.1 MBytes  84.8 Mbits/sec  7585  
[ 15]  19.00-20.00  sec  10.1 MBytes  84.8 Mbits/sec  7585  
[ 17]  19.00-20.00  sec  10.1 MBytes  84.8 Mbits/sec  7585  
[ 19]  19.00-20.00  sec  10.1 MBytes  84.8 Mbits/sec  7585  
[ 21]  19.00-20.00  sec  10.1 MBytes  84.8 Mbits/sec  7585  
[ 23]  19.00-20.00  sec  10.1 MBytes  84.8 Mbits/sec  7585  
[ 25]  19.00-20.00  sec  10.1 MBytes  84.8 Mbits/sec  7585  
[ 27]  19.00-20.00  sec  10.1 MBytes  84.8 Mbits/sec  7585  
[ 29]  19.00-20.00  sec  10.1 MBytes  84.8 Mbits/sec  7585  
[ 31]  19.00-20.00  sec  10.1 MBytes  84.8 Mbits/sec  7585  
[ 33]  19.00-20.00  sec  10.1 MBytes  84.8 Mbits/sec  7585  
[ 35]  19.00-20.00  sec  10.1 MBytes  84.8 Mbits/sec  7585  
[ 37]  19.00-20.00  sec  10.1 MBytes  84.8 Mbits/sec  7585  
[ 39]  19.00-20.00  sec  10.1 MBytes  84.8 Mbits/sec  7585  
[ 41]  19.00-20.00  sec  10.1 MBytes  84.8 Mbits/sec  7585  
[ 43]  19.00-20.00  sec  10.1 MBytes  84.8 Mbits/sec  7585  
[SUM]  19.00-20.00  sec   202 MBytes  1697 Mbits/sec  151700  
- - - - - - - - - - - - - - - - - - - - - - - - -
[  5]  20.00-21.00  sec  10.1 MBytes  84.8 Mbits/sec  7579  
[  7]  20.00-21.00  sec  10.1 MBytes  84.8 Mbits/sec  7579  
[  9]  20.00-21.00  sec  10.1 MBytes  84.8 Mbits/sec  7579  
[ 11]  20.00-21.00  sec  10.1 MBytes  84.8 Mbits/sec  7579  
[ 13]  20.00-21.00  sec  10.1 MBytes  84.8 Mbits/sec  7579  
[ 15]  20.00-21.00  sec  10.1 MBytes  84.8 Mbits/sec  7579  
[ 17]  20.00-21.00  sec  10.1 MBytes  84.8 Mbits/sec  7579  
[ 19]  20.00-21.00  sec  10.1 MBytes  84.8 Mbits/sec  7579  
[ 21]  20.00-21.00  sec  10.1 MBytes  84.8 Mbits/sec  7579  
[ 23]  20.00-21.00  sec  10.1 MBytes  84.8 Mbits/sec  7579  
[ 25]  20.00-21.00  sec  10.1 MBytes  84.8 Mbits/sec  7579  
[ 27]  20.00-21.00  sec  10.1 MBytes  84.8 Mbits/sec  7579  
[ 29]  20.00-21.00  sec  10.1 MBytes  84.8 Mbits/sec  7579  
[ 31]  20.00-21.00  sec  10.1 MBytes  84.8 Mbits/sec  7579  
[ 33]  20.00-21.00  sec  10.1 MBytes  84.8 Mbits/sec  7579  
[ 35]  20.00-21.00  sec  10.1 MBytes  84.8 Mbits/sec  7579  
[ 37]  20.00-21.00  sec  10.1 MBytes  84.8 Mbits/sec  7579  
[ 39]  20.00-21.00  sec  10.1 MBytes  84.8 Mbits/sec  7579  
[ 41]  20.00-21.00  sec  10.1 MBytes  84.8 Mbits/sec  7579  
[ 43]  20.00-21.00  sec  10.1 MBytes  84.8 Mbits/sec  7579  
[SUM]  20.00-21.00  sec   202 MBytes  1695 Mbits/sec  151580  
- - - - - - - - - - - - - - - - - - - - - - - - -
[  5]  21.00-22.00  sec  10.1 MBytes  84.4 Mbits/sec  7548  
[  7]  21.00-22.00  sec  10.1 MBytes  84.4 Mbits/sec  7548  
[  9]  21.00-22.00  sec  10.1 MBytes  84.4 Mbits/sec  7548  
[ 11]  21.00-22.00  sec  10.1 MBytes  84.4 Mbits/sec  7548  
[ 13]  21.00-22.00  sec  10.1 MBytes  84.4 Mbits/sec  7548  
[ 15]  21.00-22.00  sec  10.1 MBytes  84.4 Mbits/sec  7548  
[ 17]  21.00-22.00  sec  10.1 MBytes  84.4 Mbits/sec  7548  
[ 19]  21.00-22.00  sec  10.1 MBytes  84.4 Mbits/sec  7548  
[ 21]  21.00-22.00  sec  10.1 MBytes  84.4 Mbits/sec  7548  
[ 23]  21.00-22.00  sec  10.1 MBytes  84.4 Mbits/sec  7548  
[ 25]  21.00-22.00  sec  10.1 MBytes  84.4 Mbits/sec  7548  
[ 27]  21.00-22.00  sec  10.1 MBytes  84.4 Mbits/sec  7548  
[ 29]  21.00-22.00  sec  10.1 MBytes  84.4 Mbits/sec  7548  
[ 31]  21.00-22.00  sec  10.1 MBytes  84.4 Mbits/sec  7548  
[ 33]  21.00-22.00  sec  10.1 MBytes  84.4 Mbits/sec  7548  
[ 35]  21.00-22.00  sec  10.1 MBytes  84.4 Mbits/sec  7548  
[ 37]  21.00-22.00  sec  10.1 MBytes  84.4 Mbits/sec  7548  
[ 39]  21.00-22.00  sec  10.1 MBytes  84.4 Mbits/sec  7548  
[ 41]  21.00-22.00  sec  10.1 MBytes  84.4 Mbits/sec  7548  
[ 43]  21.00-22.00  sec  10.1 MBytes  84.4 Mbits/sec  7548  
[SUM]  21.00-22.00  sec   201 MBytes  1688 Mbits/sec  150960  
- - - - - - - - - - - - - - - - - - - - - - - - -
[  5]  22.00-23.00  sec  10.0 MBytes  83.9 Mbits/sec  7499  
[  7]  22.00-23.00  sec  10.0 MBytes  83.9 Mbits/sec  7499  
[  9]  22.00-23.00  sec  10.0 MBytes  83.9 Mbits/sec  7499  
[ 11]  22.00-23.00  sec  10.0 MBytes  83.9 Mbits/sec  7499  
[ 13]  22.00-23.00  sec  10.0 MBytes  83.9 Mbits/sec  7499  
[ 15]  22.00-23.00  sec  10.0 MBytes  83.9 Mbits/sec  7499  
[ 17]  22.00-23.00  sec  10.0 MBytes  83.9 Mbits/sec  7499  
[ 19]  22.00-23.00  sec  10.0 MBytes  83.9 Mbits/sec  7499  
[ 21]  22.00-23.00  sec  10.0 MBytes  83.9 Mbits/sec  7499  
[ 23]  22.00-23.00  sec  10.0 MBytes  83.9 Mbits/sec  7499  
[ 25]  22.00-23.00  sec  10.0 MBytes  83.9 Mbits/sec  7499  
[ 27]  22.00-23.00  sec  10.0 MBytes  83.9 Mbits/sec  7499  
[ 29]  22.00-23.00  sec  10.0 MBytes  83.9 Mbits/sec  7499  
[ 31]  22.00-23.00  sec  10.0 MBytes  83.9 Mbits/sec  7499  
[ 33]  22.00-23.00  sec  10.0 MBytes  83.9 Mbits/sec  7499  
[ 35]  22.00-23.00  sec  10.0 MBytes  83.9 Mbits/sec  7499  
[ 37]  22.00-23.00  sec  10.0 MBytes  83.9 Mbits/sec  7499  
[ 39]  22.00-23.00  sec  10.0 MBytes  83.9 Mbits/sec  7499  
[ 41]  22.00-23.00  sec  10.0 MBytes  83.9 Mbits/sec  7499  
[ 43]  22.00-23.00  sec  10.0 MBytes  83.9 Mbits/sec  7499  
[SUM]  22.00-23.00  sec   200 MBytes  1677 Mbits/sec  149980  
- - - - - - - - - - - - - - - - - - - - - - - - -
[  5]  23.00-24.00  sec  9.89 MBytes  83.0 Mbits/sec  7421  
[  7]  23.00-24.00  sec  9.89 MBytes  83.0 Mbits/sec  7421  
[  9]  23.00-24.00  sec  9.89 MBytes  83.0 Mbits/sec  7421  
[ 11]  23.00-24.00  sec  9.89 MBytes  83.0 Mbits/sec  7421  
[ 13]  23.00-24.00  sec  9.89 MBytes  83.0 Mbits/sec  7421  
[ 15]  23.00-24.00  sec  9.89 MBytes  83.0 Mbits/sec  7421  
[ 17]  23.00-24.00  sec  9.89 MBytes  83.0 Mbits/sec  7421  
[ 19]  23.00-24.00  sec  9.89 MBytes  83.0 Mbits/sec  7421  
[ 21]  23.00-24.00  sec  9.89 MBytes  83.0 Mbits/sec  7421  
[ 23]  23.00-24.00  sec  9.89 MBytes  83.0 Mbits/sec  7421  
[ 25]  23.00-24.00  sec  9.89 MBytes  83.0 Mbits/sec  7421  
[ 27]  23.00-24.00  sec  9.89 MBytes  83.0 Mbits/sec  7421  
[ 29]  23.00-24.00  sec  9.89 MBytes  83.0 Mbits/sec  7421  
[ 31]  23.00-24.00  sec  9.89 MBytes  83.0 Mbits/sec  7421  
[ 33]  23.00-24.00  sec  9.89 MBytes  83.0 Mbits/sec  7421  
[ 35]  23.00-24.00  sec  9.89 MBytes  83.0 Mbits/sec  7421  
[ 37]  23.00-24.00  sec  9.89 MBytes  83.0 Mbits/sec  7421  
[ 39]  23.00-24.00  sec  9.89 MBytes  83.0 Mbits/sec  7421  
[ 41]  23.00-24.00  sec  9.89 MBytes  83.0 Mbits/sec  7421  
[ 43]  23.00-24.00  sec  9.89 MBytes  83.0 Mbits/sec  7421  
[SUM]  23.00-24.00  sec   198 MBytes  1660 Mbits/sec  148420  
- - - - - - - - - - - - - - - - - - - - - - - - -
[  5]  24.00-25.00  sec  9.92 MBytes  83.2 Mbits/sec  7439  
[  7]  24.00-25.00  sec  9.92 MBytes  83.2 Mbits/sec  7439  
[  9]  24.00-25.00  sec  9.92 MBytes  83.2 Mbits/sec  7439  
[ 11]  24.00-25.00  sec  9.92 MBytes  83.2 Mbits/sec  7439  
[ 13]  24.00-25.00  sec  9.92 MBytes  83.2 Mbits/sec  7439  
[ 15]  24.00-25.00  sec  9.92 MBytes  83.2 Mbits/sec  7439  
[ 17]  24.00-25.00  sec  9.92 MBytes  83.2 Mbits/sec  7439  
[ 19]  24.00-25.00  sec  9.92 MBytes  83.2 Mbits/sec  7439  
[ 21]  24.00-25.00  sec  9.92 MBytes  83.2 Mbits/sec  7439  
[ 23]  24.00-25.00  sec  9.92 MBytes  83.2 Mbits/sec  7439  
[ 25]  24.00-25.00  sec  9.92 MBytes  83.2 Mbits/sec  7439  
[ 27]  24.00-25.00  sec  9.92 MBytes  83.2 Mbits/sec  7439  
[ 29]  24.00-25.00  sec  9.92 MBytes  83.2 Mbits/sec  7439  
[ 31]  24.00-25.00  sec  9.92 MBytes  83.2 Mbits/sec  7439  
[ 33]  24.00-25.00  sec  9.92 MBytes  83.2 Mbits/sec  7439  
[ 35]  24.00-25.00  sec  9.92 MBytes  83.2 Mbits/sec  7439  
[ 37]  24.00-25.00  sec  9.92 MBytes  83.2 Mbits/sec  7439  
[ 39]  24.00-25.00  sec  9.92 MBytes  83.2 Mbits/sec  7439  
[ 41]  24.00-25.00  sec  9.92 MBytes  83.2 Mbits/sec  7439  
[ 43]  24.00-25.00  sec  9.92 MBytes  83.2 Mbits/sec  7439  
[SUM]  24.00-25.00  sec   198 MBytes  1664 Mbits/sec  148780  
- - - - - - - - - - - - - - - - - - - - - - - - -
[  5]  25.00-26.00  sec  9.94 MBytes  83.4 Mbits/sec  7458  
[  7]  25.00-26.00  sec  9.94 MBytes  83.4 Mbits/sec  7458  
[  9]  25.00-26.00  sec  9.94 MBytes  83.4 Mbits/sec  7458  
[ 11]  25.00-26.00  sec  9.94 MBytes  83.4 Mbits/sec  7458  
[ 13]  25.00-26.00  sec  9.94 MBytes  83.4 Mbits/sec  7458  
[ 15]  25.00-26.00  sec  9.94 MBytes  83.4 Mbits/sec  7458  
[ 17]  25.00-26.00  sec  9.94 MBytes  83.4 Mbits/sec  7458  
[ 19]  25.00-26.00  sec  9.94 MBytes  83.4 Mbits/sec  7458  
[ 21]  25.00-26.00  sec  9.94 MBytes  83.4 Mbits/sec  7458  
[ 23]  25.00-26.00  sec  9.94 MBytes  83.4 Mbits/sec  7458  
[ 25]  25.00-26.00  sec  9.94 MBytes  83.4 Mbits/sec  7458  
[ 27]  25.00-26.00  sec  9.94 MBytes  83.4 Mbits/sec  7458  
[ 29]  25.00-26.00  sec  9.94 MBytes  83.4 Mbits/sec  7458  
[ 31]  25.00-26.00  sec  9.94 MBytes  83.4 Mbits/sec  7458  
[ 33]  25.00-26.00  sec  9.94 MBytes  83.4 Mbits/sec  7458  
[ 35]  25.00-26.00  sec  9.94 MBytes  83.4 Mbits/sec  7458  
[ 37]  25.00-26.00  sec  9.94 MBytes  83.4 Mbits/sec  7458  
[ 39]  25.00-26.00  sec  9.94 MBytes  83.4 Mbits/sec  7458  
[ 41]  25.00-26.00  sec  9.94 MBytes  83.4 Mbits/sec  7458  
[ 43]  25.00-26.00  sec  9.94 MBytes  83.4 Mbits/sec  7458  
[SUM]  25.00-26.00  sec   199 MBytes  1668 Mbits/sec  149160  
- - - - - - - - - - - - - - - - - - - - - - - - -
[  5]  26.00-27.00  sec  10.0 MBytes  83.9 Mbits/sec  7498  
[  7]  26.00-27.00  sec  10.0 MBytes  83.9 Mbits/sec  7498  
[  9]  26.00-27.00  sec  10.0 MBytes  83.9 Mbits/sec  7498  
[ 11]  26.00-27.00  sec  10.0 MBytes  83.9 Mbits/sec  7498  
[ 13]  26.00-27.00  sec  10.0 MBytes  83.9 Mbits/sec  7498  
[ 15]  26.00-27.00  sec  10.0 MBytes  83.8 Mbits/sec  7498  
[ 17]  26.00-27.00  sec  10.0 MBytes  83.8 Mbits/sec  7498  
[ 19]  26.00-27.00  sec  10.0 MBytes  83.8 Mbits/sec  7498  
[ 21]  26.00-27.00  sec  10.0 MBytes  83.9 Mbits/sec  7498  
[ 23]  26.00-27.00  sec  10.0 MBytes  83.9 Mbits/sec  7498  
[ 25]  26.00-27.00  sec  10.0 MBytes  83.9 Mbits/sec  7498  
[ 27]  26.00-27.00  sec  10.0 MBytes  83.9 Mbits/sec  7498  
[ 29]  26.00-27.00  sec  10.0 MBytes  83.9 Mbits/sec  7498  
[ 31]  26.00-27.00  sec  10.0 MBytes  83.9 Mbits/sec  7498  
[ 33]  26.00-27.00  sec  10.0 MBytes  83.9 Mbits/sec  7498  
[ 35]  26.00-27.00  sec  10.0 MBytes  83.9 Mbits/sec  7498  
[ 37]  26.00-27.00  sec  10.0 MBytes  83.9 Mbits/sec  7498  
[ 39]  26.00-27.00  sec  10.0 MBytes  83.9 Mbits/sec  7498  
[ 41]  26.00-27.00  sec  10.0 MBytes  83.9 Mbits/sec  7498  
[ 43]  26.00-27.00  sec  10.0 MBytes  83.9 Mbits/sec  7498  
[SUM]  26.00-27.00  sec   200 MBytes  1677 Mbits/sec  149960  
- - - - - - - - - - - - - - - - - - - - - - - - -
[  5]  27.00-28.00  sec  10.0 MBytes  83.9 Mbits/sec  7500  
[  7]  27.00-28.00  sec  10.0 MBytes  83.9 Mbits/sec  7500  
[  9]  27.00-28.00  sec  10.0 MBytes  83.9 Mbits/sec  7500  
[ 11]  27.00-28.00  sec  10.0 MBytes  83.9 Mbits/sec  7500  
[ 13]  27.00-28.00  sec  10.0 MBytes  83.9 Mbits/sec  7500  
[ 15]  27.00-28.00  sec  10.0 MBytes  83.9 Mbits/sec  7500  
[ 17]  27.00-28.00  sec  10.0 MBytes  83.9 Mbits/sec  7500  
[ 19]  27.00-28.00  sec  10.0 MBytes  83.9 Mbits/sec  7500  
[ 21]  27.00-28.00  sec  10.0 MBytes  83.9 Mbits/sec  7500  
[ 23]  27.00-28.00  sec  10.0 MBytes  83.9 Mbits/sec  7500  
[ 25]  27.00-28.00  sec  10.0 MBytes  83.9 Mbits/sec  7500  
[ 27]  27.00-28.00  sec  10.0 MBytes  83.9 Mbits/sec  7500  
[ 29]  27.00-28.00  sec  10.0 MBytes  83.9 Mbits/sec  7500  
[ 31]  27.00-28.00  sec  10.0 MBytes  83.9 Mbits/sec  7500  
[ 33]  27.00-28.00  sec  10.0 MBytes  83.9 Mbits/sec  7500  
[ 35]  27.00-28.00  sec  10.0 MBytes  83.9 Mbits/sec  7500  
[ 37]  27.00-28.00  sec  10.0 MBytes  83.9 Mbits/sec  7500  
[ 39]  27.00-28.00  sec  10.0 MBytes  83.9 Mbits/sec  7500  
[ 41]  27.00-28.00  sec  10.0 MBytes  83.9 Mbits/sec  7500  
[ 43]  27.00-28.00  sec  10.0 MBytes  83.9 Mbits/sec  7500  
[SUM]  27.00-28.00  sec   200 MBytes  1678 Mbits/sec  150000  
- - - - - - - - - - - - - - - - - - - - - - - - -
[  5]  28.00-29.00  sec  10.0 MBytes  83.9 Mbits/sec  7501  
[  7]  28.00-29.00  sec  10.0 MBytes  83.9 Mbits/sec  7501  
[  9]  28.00-29.00  sec  10.0 MBytes  83.9 Mbits/sec  7501  
[ 11]  28.00-29.00  sec  10.0 MBytes  83.9 Mbits/sec  7501  
[ 13]  28.00-29.00  sec  10.0 MBytes  83.9 Mbits/sec  7501  
[ 15]  28.00-29.00  sec  10.0 MBytes  83.9 Mbits/sec  7501  
[ 17]  28.00-29.00  sec  10.0 MBytes  83.9 Mbits/sec  7501  
[ 19]  28.00-29.00  sec  10.0 MBytes  83.9 Mbits/sec  7501  
[ 21]  28.00-29.00  sec  10.0 MBytes  83.9 Mbits/sec  7501  
[ 23]  28.00-29.00  sec  10.0 MBytes  83.9 Mbits/sec  7501  
[ 25]  28.00-29.00  sec  10.0 MBytes  83.9 Mbits/sec  7501  
[ 27]  28.00-29.00  sec  10.0 MBytes  83.9 Mbits/sec  7501  
[ 29]  28.00-29.00  sec  10.0 MBytes  83.9 Mbits/sec  7501  
[ 31]  28.00-29.00  sec  10.0 MBytes  83.9 Mbits/sec  7501  
[ 33]  28.00-29.00  sec  10.0 MBytes  83.9 Mbits/sec  7501  
[ 35]  28.00-29.00  sec  10.0 MBytes  83.9 Mbits/sec  7501  
[ 37]  28.00-29.00  sec  10.0 MBytes  83.9 Mbits/sec  7501  
[ 39]  28.00-29.00  sec  10.0 MBytes  83.9 Mbits/sec  7501  
[ 41]  28.00-29.00  sec  10.0 MBytes  83.9 Mbits/sec  7501  
[ 43]  28.00-29.00  sec  10.0 MBytes  83.9 Mbits/sec  7501  
[SUM]  28.00-29.00  sec   200 MBytes  1678 Mbits/sec  150020  
- - - - - - - - - - - - - - - - - - - - - - - - -
[  5]  29.00-30.00  sec  10.2 MBytes  85.2 Mbits/sec  7620  
[  7]  29.00-30.00  sec  10.2 MBytes  85.2 Mbits/sec  7620  
[  9]  29.00-30.00  sec  10.2 MBytes  85.2 Mbits/sec  7620  
[ 11]  29.00-30.00  sec  10.2 MBytes  85.2 Mbits/sec  7620  
[ 13]  29.00-30.00  sec  10.2 MBytes  85.2 Mbits/sec  7620  
[ 15]  29.00-30.00  sec  10.2 MBytes  85.2 Mbits/sec  7620  
[ 17]  29.00-30.00  sec  10.2 MBytes  85.2 Mbits/sec  7620  
[ 19]  29.00-30.00  sec  10.2 MBytes  85.2 Mbits/sec  7620  
[ 21]  29.00-30.00  sec  10.2 MBytes  85.2 Mbits/sec  7620  
[ 23]  29.00-30.00  sec  10.2 MBytes  85.2 Mbits/sec  7620  
[ 25]  29.00-30.00  sec  10.2 MBytes  85.2 Mbits/sec  7620  
[ 27]  29.00-30.00  sec  10.2 MBytes  85.2 Mbits/sec  7620  
[ 29]  29.00-30.00  sec  10.2 MBytes  85.2 Mbits/sec  7620  
[ 31]  29.00-30.00  sec  10.2 MBytes  85.2 Mbits/sec  7620  
[ 33]  29.00-30.00  sec  10.2 MBytes  85.2 Mbits/sec  7620  
[ 35]  29.00-30.00  sec  10.2 MBytes  85.2 Mbits/sec  7620  
[ 37]  29.00-30.00  sec  10.2 MBytes  85.2 Mbits/sec  7620  
[ 39]  29.00-30.00  sec  10.2 MBytes  85.2 Mbits/sec  7620  
[ 41]  29.00-30.00  sec  10.2 MBytes  85.2 Mbits/sec  7620  
[ 43]  29.00-30.00  sec  10.2 MBytes  85.2 Mbits/sec  7620  
[SUM]  29.00-30.00  sec   203 MBytes  1705 Mbits/sec  152400  
- - - - - - - - - - - - - - - - - - - - - - - - -
[  5]  30.00-31.00  sec  10.1 MBytes  84.5 Mbits/sec  7553  
[  7]  30.00-31.00  sec  10.1 MBytes  84.5 Mbits/sec  7553  
[  9]  30.00-31.00  sec  10.1 MBytes  84.5 Mbits/sec  7553  
[ 11]  30.00-31.00  sec  10.1 MBytes  84.5 Mbits/sec  7553  
[ 13]  30.00-31.00  sec  10.1 MBytes  84.5 Mbits/sec  7553  
[ 15]  30.00-31.00  sec  10.1 MBytes  84.5 Mbits/sec  7553  
[ 17]  30.00-31.00  sec  10.1 MBytes  84.5 Mbits/sec  7553  
[ 19]  30.00-31.00  sec  10.1 MBytes  84.5 Mbits/sec  7553  
[ 21]  30.00-31.00  sec  10.1 MBytes  84.5 Mbits/sec  7553  
[ 23]  30.00-31.00  sec  10.1 MBytes  84.5 Mbits/sec  7553  
[ 25]  30.00-31.00  sec  10.1 MBytes  84.5 Mbits/sec  7553  
[ 27]  30.00-31.00  sec  10.1 MBytes  84.5 Mbits/sec  7553  
[ 29]  30.00-31.00  sec  10.1 MBytes  84.5 Mbits/sec  7553  
[ 31]  30.00-31.00  sec  10.1 MBytes  84.5 Mbits/sec  7553  
[ 33]  30.00-31.00  sec  10.1 MBytes  84.5 Mbits/sec  7553  
[ 35]  30.00-31.00  sec  10.1 MBytes  84.5 Mbits/sec  7553  
[ 37]  30.00-31.00  sec  10.1 MBytes  84.5 Mbits/sec  7553  
[ 39]  30.00-31.00  sec  10.1 MBytes  84.5 Mbits/sec  7552  
[ 41]  30.00-31.00  sec  10.1 MBytes  84.5 Mbits/sec  7552  
[ 43]  30.00-31.00  sec  10.1 MBytes  84.5 Mbits/sec  7552  
[SUM]  30.00-31.00  sec   201 MBytes  1689 Mbits/sec  151057  
- - - - - - - - - - - - - - - - - - - - - - - - -
[  5]  31.00-32.00  sec  10.1 MBytes  84.6 Mbits/sec  7562  
[  7]  31.00-32.00  sec  10.1 MBytes  84.6 Mbits/sec  7562  
[  9]  31.00-32.00  sec  10.1 MBytes  84.6 Mbits/sec  7562  
[ 11]  31.00-32.00  sec  10.1 MBytes  84.6 Mbits/sec  7562  
[ 13]  31.00-32.00  sec  10.1 MBytes  84.6 Mbits/sec  7562  
[ 15]  31.00-32.00  sec  10.1 MBytes  84.6 Mbits/sec  7562  
[ 17]  31.00-32.00  sec  10.1 MBytes  84.6 Mbits/sec  7562  
[ 19]  31.00-32.00  sec  10.1 MBytes  84.6 Mbits/sec  7562  
[ 21]  31.00-32.00  sec  10.1 MBytes  84.6 Mbits/sec  7562  
[ 23]  31.00-32.00  sec  10.1 MBytes  84.6 Mbits/sec  7562  
[ 25]  31.00-32.00  sec  10.1 MBytes  84.6 Mbits/sec  7562  
[ 27]  31.00-32.00  sec  10.1 MBytes  84.6 Mbits/sec  7562  
[ 29]  31.00-32.00  sec  10.1 MBytes  84.6 Mbits/sec  7562  
[ 31]  31.00-32.00  sec  10.1 MBytes  84.6 Mbits/sec  7562  
[ 33]  31.00-32.00  sec  10.1 MBytes  84.6 Mbits/sec  7562  
[ 35]  31.00-32.00  sec  10.1 MBytes  84.6 Mbits/sec  7562  
[ 37]  31.00-32.00  sec  10.1 MBytes  84.6 Mbits/sec  7562  
[ 39]  31.00-32.00  sec  10.1 MBytes  84.6 Mbits/sec  7562  
[ 41]  31.00-32.00  sec  10.1 MBytes  84.6 Mbits/sec  7562  
[ 43]  31.00-32.00  sec  10.1 MBytes  84.6 Mbits/sec  7562  
[SUM]  31.00-32.00  sec   202 MBytes  1691 Mbits/sec  151240  
- - - - - - - - - - - - - - - - - - - - - - - - -
[  5]  32.00-33.00  sec  10.1 MBytes  84.8 Mbits/sec  7582  
[  7]  32.00-33.00  sec  10.1 MBytes  84.8 Mbits/sec  7582  
[  9]  32.00-33.00  sec  10.1 MBytes  84.8 Mbits/sec  7582  
[ 11]  32.00-33.00  sec  10.1 MBytes  84.8 Mbits/sec  7582  
[ 13]  32.00-33.00  sec  10.1 MBytes  84.8 Mbits/sec  7582  
[ 15]  32.00-33.00  sec  10.1 MBytes  84.8 Mbits/sec  7582  
[ 17]  32.00-33.00  sec  10.1 MBytes  84.8 Mbits/sec  7582  
[ 19]  32.00-33.00  sec  10.1 MBytes  84.8 Mbits/sec  7582  
[ 21]  32.00-33.00  sec  10.1 MBytes  84.8 Mbits/sec  7582  
[ 23]  32.00-33.00  sec  10.1 MBytes  84.8 Mbits/sec  7582  
[ 25]  32.00-33.00  sec  10.1 MBytes  84.8 Mbits/sec  7582  
[ 27]  32.00-33.00  sec  10.1 MBytes  84.8 Mbits/sec  7582  
[ 29]  32.00-33.00  sec  10.1 MBytes  84.8 Mbits/sec  7582  
[ 31]  32.00-33.00  sec  10.1 MBytes  84.8 Mbits/sec  7582  
[ 33]  32.00-33.00  sec  10.1 MBytes  84.8 Mbits/sec  7582  
[ 35]  32.00-33.00  sec  10.1 MBytes  84.8 Mbits/sec  7582  
[ 37]  32.00-33.00  sec  10.1 MBytes  84.8 Mbits/sec  7582  
[ 39]  32.00-33.00  sec  10.1 MBytes  84.8 Mbits/sec  7582  
[ 41]  32.00-33.00  sec  10.1 MBytes  84.8 Mbits/sec  7582  
[ 43]  32.00-33.00  sec  10.1 MBytes  84.8 Mbits/sec  7582  
[SUM]  32.00-33.00  sec   202 MBytes  1696 Mbits/sec  151640  
- - - - - - - - - - - - - - - - - - - - - - - - -
[  5]  33.00-34.00  sec  10.1 MBytes  84.8 Mbits/sec  7580  
[  7]  33.00-34.00  sec  10.1 MBytes  84.8 Mbits/sec  7580  
[  9]  33.00-34.00  sec  10.1 MBytes  84.8 Mbits/sec  7580  
[ 11]  33.00-34.00  sec  10.1 MBytes  84.8 Mbits/sec  7580  
[ 13]  33.00-34.00  sec  10.1 MBytes  84.8 Mbits/sec  7580  
[ 15]  33.00-34.00  sec  10.1 MBytes  84.8 Mbits/sec  7580  
[ 17]  33.00-34.00  sec  10.1 MBytes  84.8 Mbits/sec  7580  
[ 19]  33.00-34.00  sec  10.1 MBytes  84.8 Mbits/sec  7580  
[ 21]  33.00-34.00  sec  10.1 MBytes  84.8 Mbits/sec  7580  
[ 23]  33.00-34.00  sec  10.1 MBytes  84.8 Mbits/sec  7580  
[ 25]  33.00-34.00  sec  10.1 MBytes  84.8 Mbits/sec  7580  
[ 27]  33.00-34.00  sec  10.1 MBytes  84.8 Mbits/sec  7580  
[ 29]  33.00-34.00  sec  10.1 MBytes  84.8 Mbits/sec  7580  
[ 31]  33.00-34.00  sec  10.1 MBytes  84.8 Mbits/sec  7580  
[ 33]  33.00-34.00  sec  10.1 MBytes  84.8 Mbits/sec  7580  
[ 35]  33.00-34.00  sec  10.1 MBytes  84.8 Mbits/sec  7580  
[ 37]  33.00-34.00  sec  10.1 MBytes  84.8 Mbits/sec  7580  
[ 39]  33.00-34.00  sec  10.1 MBytes  84.8 Mbits/sec  7580  
[ 41]  33.00-34.00  sec  10.1 MBytes  84.8 Mbits/sec  7580  
[ 43]  33.00-34.00  sec  10.1 MBytes  84.8 Mbits/sec  7580  
[SUM]  33.00-34.00  sec   202 MBytes  1695 Mbits/sec  151600  
- - - - - - - - - - - - - - - - - - - - - - - - -
[  5]  34.00-35.00  sec  10.0 MBytes  84.2 Mbits/sec  7527  
[  7]  34.00-35.00  sec  10.0 MBytes  84.2 Mbits/sec  7527  
[  9]  34.00-35.00  sec  10.0 MBytes  84.2 Mbits/sec  7527  
[ 11]  34.00-35.00  sec  10.0 MBytes  84.2 Mbits/sec  7527  
[ 13]  34.00-35.00  sec  10.0 MBytes  84.2 Mbits/sec  7527  
[ 15]  34.00-35.00  sec  10.0 MBytes  84.2 Mbits/sec  7527  
[ 17]  34.00-35.00  sec  10.0 MBytes  84.2 Mbits/sec  7527  
[ 19]  34.00-35.00  sec  10.0 MBytes  84.2 Mbits/sec  7527  
[ 21]  34.00-35.00  sec  10.0 MBytes  84.2 Mbits/sec  7527  
[ 23]  34.00-35.00  sec  10.0 MBytes  84.2 Mbits/sec  7527  
[ 25]  34.00-35.00  sec  10.0 MBytes  84.2 Mbits/sec  7527  
[ 27]  34.00-35.00  sec  10.0 MBytes  84.2 Mbits/sec  7527  
[ 29]  34.00-35.00  sec  10.0 MBytes  84.2 Mbits/sec  7527  
[ 31]  34.00-35.00  sec  10.0 MBytes  84.2 Mbits/sec  7527  
[ 33]  34.00-35.00  sec  10.0 MBytes  84.2 Mbits/sec  7527  
[ 35]  34.00-35.00  sec  10.0 MBytes  84.2 Mbits/sec  7527  
[ 37]  34.00-35.00  sec  10.0 MBytes  84.2 Mbits/sec  7527  
[ 39]  34.00-35.00  sec  10.0 MBytes  84.2 Mbits/sec  7527  
[ 41]  34.00-35.00  sec  10.0 MBytes  84.2 Mbits/sec  7527  
[ 43]  34.00-35.00  sec  10.0 MBytes  84.2 Mbits/sec  7527  
[SUM]  34.00-35.00  sec   201 MBytes  1684 Mbits/sec  150540  
- - - - - - - - - - - - - - - - - - - - - - - - -
[  5]  35.00-36.00  sec  10.0 MBytes  84.3 Mbits/sec  7534  
[  7]  35.00-36.00  sec  10.0 MBytes  84.3 Mbits/sec  7534  
[  9]  35.00-36.00  sec  10.0 MBytes  84.3 Mbits/sec  7534  
[ 11]  35.00-36.00  sec  10.0 MBytes  84.3 Mbits/sec  7534  
[ 13]  35.00-36.00  sec  10.0 MBytes  84.3 Mbits/sec  7534  
[ 15]  35.00-36.00  sec  10.0 MBytes  84.3 Mbits/sec  7534  
[ 17]  35.00-36.00  sec  10.0 MBytes  84.3 Mbits/sec  7534  
[ 19]  35.00-36.00  sec  10.0 MBytes  84.3 Mbits/sec  7534  
[ 21]  35.00-36.00  sec  10.0 MBytes  84.3 Mbits/sec  7534  
[ 23]  35.00-36.00  sec  10.0 MBytes  84.3 Mbits/sec  7534  
[ 25]  35.00-36.00  sec  10.0 MBytes  84.3 Mbits/sec  7534  
[ 27]  35.00-36.00  sec  10.0 MBytes  84.3 Mbits/sec  7534  
[ 29]  35.00-36.00  sec  10.0 MBytes  84.3 Mbits/sec  7534  
[ 31]  35.00-36.00  sec  10.0 MBytes  84.3 Mbits/sec  7534  
[ 33]  35.00-36.00  sec  10.0 MBytes  84.3 Mbits/sec  7534  
[ 35]  35.00-36.00  sec  10.0 MBytes  84.3 Mbits/sec  7534  
[ 37]  35.00-36.00  sec  10.0 MBytes  84.3 Mbits/sec  7534  
[ 39]  35.00-36.00  sec  10.0 MBytes  84.3 Mbits/sec  7534  
[ 41]  35.00-36.00  sec  10.0 MBytes  84.3 Mbits/sec  7534  
[ 43]  35.00-36.00  sec  10.0 MBytes  84.3 Mbits/sec  7534  
[SUM]  35.00-36.00  sec   201 MBytes  1685 Mbits/sec  150680  
- - - - - - - - - - - - - - - - - - - - - - - - -
[  5]  36.00-37.00  sec  9.96 MBytes  83.5 Mbits/sec  7467  
[  7]  36.00-37.00  sec  9.96 MBytes  83.5 Mbits/sec  7467  
[  9]  36.00-37.00  sec  9.96 MBytes  83.5 Mbits/sec  7467  
[ 11]  36.00-37.00  sec  9.96 MBytes  83.5 Mbits/sec  7467  
[ 13]  36.00-37.00  sec  9.96 MBytes  83.5 Mbits/sec  7467  
[ 15]  36.00-37.00  sec  9.96 MBytes  83.5 Mbits/sec  7467  
[ 17]  36.00-37.00  sec  9.96 MBytes  83.5 Mbits/sec  7467  
[ 19]  36.00-37.00  sec  9.96 MBytes  83.5 Mbits/sec  7467  
[ 21]  36.00-37.00  sec  9.96 MBytes  83.5 Mbits/sec  7467  
[ 23]  36.00-37.00  sec  9.96 MBytes  83.5 Mbits/sec  7467  
[ 25]  36.00-37.00  sec  9.96 MBytes  83.5 Mbits/sec  7467  
[ 27]  36.00-37.00  sec  9.96 MBytes  83.5 Mbits/sec  7467  
[ 29]  36.00-37.00  sec  9.96 MBytes  83.5 Mbits/sec  7467  
[ 31]  36.00-37.00  sec  9.96 MBytes  83.5 Mbits/sec  7467  
[ 33]  36.00-37.00  sec  9.96 MBytes  83.5 Mbits/sec  7467  
[ 35]  36.00-37.00  sec  9.96 MBytes  83.5 Mbits/sec  7467  
[ 37]  36.00-37.00  sec  9.96 MBytes  83.5 Mbits/sec  7467  
[ 39]  36.00-37.00  sec  9.96 MBytes  83.5 Mbits/sec  7467  
[ 41]  36.00-37.00  sec  9.96 MBytes  83.5 Mbits/sec  7467  
[ 43]  36.00-37.00  sec  9.96 MBytes  83.5 Mbits/sec  7467  
[SUM]  36.00-37.00  sec   199 MBytes  1670 Mbits/sec  149340  
- - - - - - - - - - - - - - - - - - - - - - - - -
[  5]  37.00-38.00  sec  9.36 MBytes  78.5 Mbits/sec  7024  
[  7]  37.00-38.00  sec  9.36 MBytes  78.5 Mbits/sec  7024  
[  9]  37.00-38.00  sec  9.36 MBytes  78.5 Mbits/sec  7024  
[ 11]  37.00-38.00  sec  9.36 MBytes  78.5 Mbits/sec  7024  
[ 13]  37.00-38.00  sec  9.36 MBytes  78.5 Mbits/sec  7024  
[ 15]  37.00-38.00  sec  9.36 MBytes  78.5 Mbits/sec  7024  
[ 17]  37.00-38.00  sec  9.36 MBytes  78.5 Mbits/sec  7024  
[ 19]  37.00-38.00  sec  9.36 MBytes  78.5 Mbits/sec  7024  
[ 21]  37.00-38.00  sec  9.36 MBytes  78.5 Mbits/sec  7024  
[ 23]  37.00-38.00  sec  9.36 MBytes  78.5 Mbits/sec  7024  
[ 25]  37.00-38.00  sec  9.36 MBytes  78.5 Mbits/sec  7024  
[ 27]  37.00-38.00  sec  9.36 MBytes  78.5 Mbits/sec  7024  
[ 29]  37.00-38.00  sec  9.36 MBytes  78.5 Mbits/sec  7024  
[ 31]  37.00-38.00  sec  9.36 MBytes  78.5 Mbits/sec  7024  
[ 33]  37.00-38.00  sec  9.36 MBytes  78.5 Mbits/sec  7024  
[ 35]  37.00-38.00  sec  9.36 MBytes  78.5 Mbits/sec  7024  
[ 37]  37.00-38.00  sec  9.36 MBytes  78.5 Mbits/sec  7024  
[ 39]  37.00-38.00  sec  9.36 MBytes  78.5 Mbits/sec  7024  
[ 41]  37.00-38.00  sec  9.36 MBytes  78.5 Mbits/sec  7024  
[ 43]  37.00-38.00  sec  9.36 MBytes  78.5 Mbits/sec  7024  
[SUM]  37.00-38.00  sec   187 MBytes  1571 Mbits/sec  140480  
- - - - - - - - - - - - - - - - - - - - - - - - -
[  5]  38.00-39.00  sec  10.1 MBytes  84.3 Mbits/sec  7541  
[  7]  38.00-39.00  sec  10.1 MBytes  84.3 Mbits/sec  7541  
[  9]  38.00-39.00  sec  10.1 MBytes  84.3 Mbits/sec  7541  
[ 11]  38.00-39.00  sec  10.1 MBytes  84.3 Mbits/sec  7541  
[ 13]  38.00-39.00  sec  10.1 MBytes  84.3 Mbits/sec  7541  
[ 15]  38.00-39.00  sec  10.1 MBytes  84.3 Mbits/sec  7541  
[ 17]  38.00-39.00  sec  10.1 MBytes  84.3 Mbits/sec  7541  
[ 19]  38.00-39.00  sec  10.1 MBytes  84.3 Mbits/sec  7541  
[ 21]  38.00-39.00  sec  10.1 MBytes  84.3 Mbits/sec  7541  
[ 23]  38.00-39.00  sec  10.1 MBytes  84.3 Mbits/sec  7541  
[ 25]  38.00-39.00  sec  10.1 MBytes  84.3 Mbits/sec  7541  
[ 27]  38.00-39.00  sec  10.1 MBytes  84.3 Mbits/sec  7541  
[ 29]  38.00-39.00  sec  10.1 MBytes  84.3 Mbits/sec  7541  
[ 31]  38.00-39.00  sec  10.1 MBytes  84.3 Mbits/sec  7541  
[ 33]  38.00-39.00  sec  10.1 MBytes  84.3 Mbits/sec  7541  
[ 35]  38.00-39.00  sec  10.1 MBytes  84.3 Mbits/sec  7541  
[ 37]  38.00-39.00  sec  10.1 MBytes  84.3 Mbits/sec  7541  
[ 39]  38.00-39.00  sec  10.1 MBytes  84.3 Mbits/sec  7541  
[ 41]  38.00-39.00  sec  10.1 MBytes  84.3 Mbits/sec  7541  
[ 43]  38.00-39.00  sec  10.1 MBytes  84.3 Mbits/sec  7541  
[SUM]  38.00-39.00  sec   201 MBytes  1687 Mbits/sec  150820  
- - - - - - - - - - - - - - - - - - - - - - - - -
[  5]  39.00-40.00  sec  10.0 MBytes  84.1 Mbits/sec  7515  
[  7]  39.00-40.00  sec  10.0 MBytes  84.1 Mbits/sec  7515  
[  9]  39.00-40.00  sec  10.0 MBytes  84.1 Mbits/sec  7515  
[ 11]  39.00-40.00  sec  10.0 MBytes  84.1 Mbits/sec  7515  
[ 13]  39.00-40.00  sec  10.0 MBytes  84.1 Mbits/sec  7515  
[ 15]  39.00-40.00  sec  10.0 MBytes  84.1 Mbits/sec  7515  
[ 17]  39.00-40.00  sec  10.0 MBytes  84.1 Mbits/sec  7515  
[ 19]  39.00-40.00  sec  10.0 MBytes  84.1 Mbits/sec  7515  
[ 21]  39.00-40.00  sec  10.0 MBytes  84.1 Mbits/sec  7515  
[ 23]  39.00-40.00  sec  10.0 MBytes  84.1 Mbits/sec  7515  
[ 25]  39.00-40.00  sec  10.0 MBytes  84.1 Mbits/sec  7515  
[ 27]  39.00-40.00  sec  10.0 MBytes  84.1 Mbits/sec  7515  
[ 29]  39.00-40.00  sec  10.0 MBytes  84.1 Mbits/sec  7515  
[ 31]  39.00-40.00  sec  10.0 MBytes  84.1 Mbits/sec  7515  
[ 33]  39.00-40.00  sec  10.0 MBytes  84.1 Mbits/sec  7515  
[ 35]  39.00-40.00  sec  10.0 MBytes  84.1 Mbits/sec  7515  
[ 37]  39.00-40.00  sec  10.0 MBytes  84.1 Mbits/sec  7515  
[ 39]  39.00-40.00  sec  10.0 MBytes  84.1 Mbits/sec  7515  
[ 41]  39.00-40.00  sec  10.0 MBytes  84.1 Mbits/sec  7515  
[ 43]  39.00-40.00  sec  10.0 MBytes  84.1 Mbits/sec  7515  
[SUM]  39.00-40.00  sec   200 MBytes  1681 Mbits/sec  150300  
- - - - - - - - - - - - - - - - - - - - - - - - -
[  5]  40.00-41.00  sec  8.84 MBytes  74.1 Mbits/sec  6627  
[  7]  40.00-41.00  sec  8.84 MBytes  74.1 Mbits/sec  6627  
[  9]  40.00-41.00  sec  8.83 MBytes  74.1 Mbits/sec  6626  
[ 11]  40.00-41.00  sec  8.83 MBytes  74.1 Mbits/sec  6626  
[ 13]  40.00-41.00  sec  8.83 MBytes  74.1 Mbits/sec  6626  
[ 15]  40.00-41.00  sec  8.83 MBytes  74.1 Mbits/sec  6626  
[ 17]  40.00-41.00  sec  8.83 MBytes  74.1 Mbits/sec  6626  
[ 19]  40.00-41.00  sec  8.83 MBytes  74.1 Mbits/sec  6626  
[ 21]  40.00-41.00  sec  8.83 MBytes  74.1 Mbits/sec  6626  
[ 23]  40.00-41.00  sec  8.83 MBytes  74.1 Mbits/sec  6626  
[ 25]  40.00-41.00  sec  8.83 MBytes  74.1 Mbits/sec  6626  
[ 27]  40.00-41.00  sec  8.83 MBytes  74.1 Mbits/sec  6626  
[ 29]  40.00-41.00  sec  8.83 MBytes  74.1 Mbits/sec  6626  
[ 31]  40.00-41.00  sec  8.83 MBytes  74.1 Mbits/sec  6626  
[ 33]  40.00-41.00  sec  8.83 MBytes  74.1 Mbits/sec  6626  
[ 35]  40.00-41.00  sec  8.83 MBytes  74.1 Mbits/sec  6626  
[ 37]  40.00-41.00  sec  8.83 MBytes  74.1 Mbits/sec  6626  
[ 39]  40.00-41.00  sec  8.83 MBytes  74.1 Mbits/sec  6626  
[ 41]  40.00-41.00  sec  8.83 MBytes  74.1 Mbits/sec  6626  
[ 43]  40.00-41.00  sec  8.83 MBytes  74.1 Mbits/sec  6626  
[SUM]  40.00-41.00  sec   177 MBytes  1482 Mbits/sec  132522  
- - - - - - - - - - - - - - - - - - - - - - - - -
[  5]  41.00-42.00  sec  8.82 MBytes  74.0 Mbits/sec  6618  
[  7]  41.00-42.00  sec  8.82 MBytes  74.0 Mbits/sec  6618  
[  9]  41.00-42.00  sec  8.82 MBytes  74.0 Mbits/sec  6618  
[ 11]  41.00-42.00  sec  8.82 MBytes  74.0 Mbits/sec  6618  
[ 13]  41.00-42.00  sec  8.82 MBytes  74.0 Mbits/sec  6618  
[ 15]  41.00-42.00  sec  8.82 MBytes  74.0 Mbits/sec  6618  
[ 17]  41.00-42.00  sec  8.82 MBytes  74.0 Mbits/sec  6618  
[ 19]  41.00-42.00  sec  8.82 MBytes  74.0 Mbits/sec  6618  
[ 21]  41.00-42.00  sec  8.82 MBytes  74.0 Mbits/sec  6618  
[ 23]  41.00-42.00  sec  8.82 MBytes  74.0 Mbits/sec  6618  
[ 25]  41.00-42.00  sec  8.82 MBytes  74.0 Mbits/sec  6618  
[ 27]  41.00-42.00  sec  8.82 MBytes  74.0 Mbits/sec  6618  
[ 29]  41.00-42.00  sec  8.82 MBytes  74.0 Mbits/sec  6618  
[ 31]  41.00-42.00  sec  8.82 MBytes  74.0 Mbits/sec  6618  
[ 33]  41.00-42.00  sec  8.82 MBytes  74.0 Mbits/sec  6618  
[ 35]  41.00-42.00  sec  8.82 MBytes  74.0 Mbits/sec  6618  
[ 37]  41.00-42.00  sec  8.82 MBytes  74.0 Mbits/sec  6618  
[ 39]  41.00-42.00  sec  8.82 MBytes  74.0 Mbits/sec  6618  
[ 41]  41.00-42.00  sec  8.82 MBytes  74.0 Mbits/sec  6618  
[ 43]  41.00-42.00  sec  8.82 MBytes  74.0 Mbits/sec  6618  
[SUM]  41.00-42.00  sec   176 MBytes  1480 Mbits/sec  132360  
- - - - - - - - - - - - - - - - - - - - - - - - -
[  5]  42.00-43.00  sec  8.94 MBytes  75.0 Mbits/sec  6707  
[  7]  42.00-43.00  sec  8.94 MBytes  75.0 Mbits/sec  6707  
[  9]  42.00-43.00  sec  8.94 MBytes  75.0 Mbits/sec  6707  
[ 11]  42.00-43.00  sec  8.94 MBytes  75.0 Mbits/sec  6707  
[ 13]  42.00-43.00  sec  8.94 MBytes  75.0 Mbits/sec  6707  
[ 15]  42.00-43.00  sec  8.94 MBytes  75.0 Mbits/sec  6707  
[ 17]  42.00-43.00  sec  8.94 MBytes  75.0 Mbits/sec  6707  
[ 19]  42.00-43.00  sec  8.94 MBytes  75.0 Mbits/sec  6707  
[ 21]  42.00-43.00  sec  8.94 MBytes  75.0 Mbits/sec  6707  
[ 23]  42.00-43.00  sec  8.94 MBytes  75.0 Mbits/sec  6707  
[ 25]  42.00-43.00  sec  8.94 MBytes  75.0 Mbits/sec  6707  
[ 27]  42.00-43.00  sec  8.94 MBytes  75.0 Mbits/sec  6707  
[ 29]  42.00-43.00  sec  8.94 MBytes  75.0 Mbits/sec  6707  
[ 31]  42.00-43.00  sec  8.94 MBytes  75.0 Mbits/sec  6707  
[ 33]  42.00-43.00  sec  8.94 MBytes  75.0 Mbits/sec  6707  
[ 35]  42.00-43.00  sec  8.94 MBytes  75.0 Mbits/sec  6707  
[ 37]  42.00-43.00  sec  8.94 MBytes  75.0 Mbits/sec  6707  
[ 39]  42.00-43.00  sec  8.94 MBytes  75.0 Mbits/sec  6707  
[ 41]  42.00-43.00  sec  8.94 MBytes  75.0 Mbits/sec  6707  
[ 43]  42.00-43.00  sec  8.94 MBytes  75.0 Mbits/sec  6707  
[SUM]  42.00-43.00  sec   179 MBytes  1500 Mbits/sec  134140  
- - - - - - - - - - - - - - - - - - - - - - - - -
[  5]  43.00-44.00  sec  8.91 MBytes  74.7 Mbits/sec  6683  
[  7]  43.00-44.00  sec  8.91 MBytes  74.7 Mbits/sec  6683  
[  9]  43.00-44.00  sec  8.91 MBytes  74.7 Mbits/sec  6683  
[ 11]  43.00-44.00  sec  8.91 MBytes  74.7 Mbits/sec  6683  
[ 13]  43.00-44.00  sec  8.91 MBytes  74.7 Mbits/sec  6683  
[ 15]  43.00-44.00  sec  8.91 MBytes  74.7 Mbits/sec  6683  
[ 17]  43.00-44.00  sec  8.91 MBytes  74.7 Mbits/sec  6683  
[ 19]  43.00-44.00  sec  8.91 MBytes  74.7 Mbits/sec  6683  
[ 21]  43.00-44.00  sec  8.91 MBytes  74.7 Mbits/sec  6683  
[ 23]  43.00-44.00  sec  8.91 MBytes  74.7 Mbits/sec  6683  
[ 25]  43.00-44.00  sec  8.91 MBytes  74.7 Mbits/sec  6683  
[ 27]  43.00-44.00  sec  8.91 MBytes  74.7 Mbits/sec  6683  
[ 29]  43.00-44.00  sec  8.91 MBytes  74.7 Mbits/sec  6683  
[ 31]  43.00-44.00  sec  8.91 MBytes  74.7 Mbits/sec  6683  
[ 33]  43.00-44.00  sec  8.91 MBytes  74.7 Mbits/sec  6683  
[ 35]  43.00-44.00  sec  8.91 MBytes  74.7 Mbits/sec  6683  
[ 37]  43.00-44.00  sec  8.91 MBytes  74.7 Mbits/sec  6683  
[ 39]  43.00-44.00  sec  8.91 MBytes  74.7 Mbits/sec  6683  
[ 41]  43.00-44.00  sec  8.91 MBytes  74.7 Mbits/sec  6683  
[ 43]  43.00-44.00  sec  8.91 MBytes  74.7 Mbits/sec  6683  
[SUM]  43.00-44.00  sec   178 MBytes  1495 Mbits/sec  133660  
- - - - - - - - - - - - - - - - - - - - - - - - -
[  5]  44.00-45.00  sec  8.88 MBytes  74.5 Mbits/sec  6658  
[  7]  44.00-45.00  sec  8.88 MBytes  74.5 Mbits/sec  6658  
[  9]  44.00-45.00  sec  8.88 MBytes  74.5 Mbits/sec  6658  
[ 11]  44.00-45.00  sec  8.88 MBytes  74.5 Mbits/sec  6658  
[ 13]  44.00-45.00  sec  8.88 MBytes  74.5 Mbits/sec  6658  
[ 15]  44.00-45.00  sec  8.88 MBytes  74.5 Mbits/sec  6658  
[ 17]  44.00-45.00  sec  8.88 MBytes  74.5 Mbits/sec  6658  
[ 19]  44.00-45.00  sec  8.88 MBytes  74.5 Mbits/sec  6658  
[ 21]  44.00-45.00  sec  8.88 MBytes  74.5 Mbits/sec  6658  
[ 23]  44.00-45.00  sec  8.88 MBytes  74.5 Mbits/sec  6658  
[ 25]  44.00-45.00  sec  8.88 MBytes  74.5 Mbits/sec  6658  
[ 27]  44.00-45.00  sec  8.88 MBytes  74.5 Mbits/sec  6658  
[ 29]  44.00-45.00  sec  8.88 MBytes  74.5 Mbits/sec  6658  
[ 31]  44.00-45.00  sec  8.88 MBytes  74.5 Mbits/sec  6658  
[ 33]  44.00-45.00  sec  8.88 MBytes  74.5 Mbits/sec  6658  
[ 35]  44.00-45.00  sec  8.88 MBytes  74.5 Mbits/sec  6658  
[ 37]  44.00-45.00  sec  8.88 MBytes  74.5 Mbits/sec  6658  
[ 39]  44.00-45.00  sec  8.88 MBytes  74.5 Mbits/sec  6658  
[ 41]  44.00-45.00  sec  8.88 MBytes  74.5 Mbits/sec  6658  
[ 43]  44.00-45.00  sec  8.88 MBytes  74.5 Mbits/sec  6658  
[SUM]  44.00-45.00  sec   178 MBytes  1489 Mbits/sec  133160  
- - - - - - - - - - - - - - - - - - - - - - - - -
[  5]  45.00-46.00  sec  8.90 MBytes  74.7 Mbits/sec  6675  
[  7]  45.00-46.00  sec  8.90 MBytes  74.7 Mbits/sec  6675  
[  9]  45.00-46.00  sec  8.90 MBytes  74.7 Mbits/sec  6675  
[ 11]  45.00-46.00  sec  8.90 MBytes  74.7 Mbits/sec  6675  
[ 13]  45.00-46.00  sec  8.90 MBytes  74.7 Mbits/sec  6675  
[ 15]  45.00-46.00  sec  8.90 MBytes  74.7 Mbits/sec  6675  
[ 17]  45.00-46.00  sec  8.90 MBytes  74.7 Mbits/sec  6675  
[ 19]  45.00-46.00  sec  8.90 MBytes  74.7 Mbits/sec  6675  
[ 21]  45.00-46.00  sec  8.90 MBytes  74.7 Mbits/sec  6675  
[ 23]  45.00-46.00  sec  8.90 MBytes  74.7 Mbits/sec  6675  
[ 25]  45.00-46.00  sec  8.90 MBytes  74.7 Mbits/sec  6675  
[ 27]  45.00-46.00  sec  8.90 MBytes  74.7 Mbits/sec  6675  
[ 29]  45.00-46.00  sec  8.90 MBytes  74.7 Mbits/sec  6675  
[ 31]  45.00-46.00  sec  8.90 MBytes  74.7 Mbits/sec  6675  
[ 33]  45.00-46.00  sec  8.90 MBytes  74.7 Mbits/sec  6675  
[ 35]  45.00-46.00  sec  8.90 MBytes  74.7 Mbits/sec  6675  
[ 37]  45.00-46.00  sec  8.90 MBytes  74.7 Mbits/sec  6675  
[ 39]  45.00-46.00  sec  8.90 MBytes  74.6 Mbits/sec  6674  
[ 41]  45.00-46.00  sec  8.90 MBytes  74.6 Mbits/sec  6674  
[ 43]  45.00-46.00  sec  8.90 MBytes  74.6 Mbits/sec  6674  
[SUM]  45.00-46.00  sec   178 MBytes  1493 Mbits/sec  133497  
- - - - - - - - - - - - - - - - - - - - - - - - -
[  5]  46.00-47.00  sec  8.87 MBytes  74.4 Mbits/sec  6652  
[  7]  46.00-47.00  sec  8.87 MBytes  74.4 Mbits/sec  6652  
[  9]  46.00-47.00  sec  8.87 MBytes  74.4 Mbits/sec  6652  
[ 11]  46.00-47.00  sec  8.87 MBytes  74.4 Mbits/sec  6652  
[ 13]  46.00-47.00  sec  8.87 MBytes  74.4 Mbits/sec  6652  
[ 15]  46.00-47.00  sec  8.87 MBytes  74.4 Mbits/sec  6652  
[ 17]  46.00-47.00  sec  8.87 MBytes  74.4 Mbits/sec  6652  
[ 19]  46.00-47.00  sec  8.87 MBytes  74.4 Mbits/sec  6652  
[ 21]  46.00-47.00  sec  8.87 MBytes  74.4 Mbits/sec  6652  
[ 23]  46.00-47.00  sec  8.87 MBytes  74.4 Mbits/sec  6652  
[ 25]  46.00-47.00  sec  8.87 MBytes  74.4 Mbits/sec  6652  
[ 27]  46.00-47.00  sec  8.87 MBytes  74.4 Mbits/sec  6652  
[ 29]  46.00-47.00  sec  8.87 MBytes  74.4 Mbits/sec  6652  
[ 31]  46.00-47.00  sec  8.87 MBytes  74.4 Mbits/sec  6652  
[ 33]  46.00-47.00  sec  8.87 MBytes  74.4 Mbits/sec  6652  
[ 35]  46.00-47.00  sec  8.87 MBytes  74.4 Mbits/sec  6652  
[ 37]  46.00-47.00  sec  8.87 MBytes  74.4 Mbits/sec  6652  
[ 39]  46.00-47.00  sec  8.87 MBytes  74.4 Mbits/sec  6652  
[ 41]  46.00-47.00  sec  8.87 MBytes  74.4 Mbits/sec  6652  
[ 43]  46.00-47.00  sec  8.87 MBytes  74.4 Mbits/sec  6652  
[SUM]  46.00-47.00  sec   177 MBytes  1488 Mbits/sec  133040  
- - - - - - - - - - - - - - - - - - - - - - - - -
[  5]  47.00-48.00  sec  8.92 MBytes  74.8 Mbits/sec  6688  
[  7]  47.00-48.00  sec  8.92 MBytes  74.8 Mbits/sec  6688  
[  9]  47.00-48.00  sec  8.92 MBytes  74.8 Mbits/sec  6688  
[ 11]  47.00-48.00  sec  8.92 MBytes  74.8 Mbits/sec  6688  
[ 13]  47.00-48.00  sec  8.92 MBytes  74.8 Mbits/sec  6688  
[ 15]  47.00-48.00  sec  8.92 MBytes  74.8 Mbits/sec  6688  
[ 17]  47.00-48.00  sec  8.92 MBytes  74.8 Mbits/sec  6688  
[ 19]  47.00-48.00  sec  8.92 MBytes  74.8 Mbits/sec  6688  
[ 21]  47.00-48.00  sec  8.92 MBytes  74.8 Mbits/sec  6688  
[ 23]  47.00-48.00  sec  8.92 MBytes  74.8 Mbits/sec  6688  
[ 25]  47.00-48.00  sec  8.92 MBytes  74.8 Mbits/sec  6688  
[ 27]  47.00-48.00  sec  8.92 MBytes  74.8 Mbits/sec  6688  
[ 29]  47.00-48.00  sec  8.92 MBytes  74.8 Mbits/sec  6688  
[ 31]  47.00-48.00  sec  8.92 MBytes  74.8 Mbits/sec  6688  
[ 33]  47.00-48.00  sec  8.92 MBytes  74.8 Mbits/sec  6688  
[ 35]  47.00-48.00  sec  8.92 MBytes  74.8 Mbits/sec  6688  
[ 37]  47.00-48.00  sec  8.92 MBytes  74.8 Mbits/sec  6688  
[ 39]  47.00-48.00  sec  8.92 MBytes  74.8 Mbits/sec  6688  
[ 41]  47.00-48.00  sec  8.92 MBytes  74.8 Mbits/sec  6688  
[ 43]  47.00-48.00  sec  8.92 MBytes  74.8 Mbits/sec  6688  
[SUM]  47.00-48.00  sec   178 MBytes  1496 Mbits/sec  133760  
- - - - - - - - - - - - - - - - - - - - - - - - -
[  5]  48.00-49.00  sec  8.85 MBytes  74.3 Mbits/sec  6641  
[  7]  48.00-49.00  sec  8.85 MBytes  74.3 Mbits/sec  6641  
[  9]  48.00-49.00  sec  8.85 MBytes  74.3 Mbits/sec  6641  
[ 11]  48.00-49.00  sec  8.85 MBytes  74.3 Mbits/sec  6641  
[ 13]  48.00-49.00  sec  8.85 MBytes  74.3 Mbits/sec  6641  
[ 15]  48.00-49.00  sec  8.85 MBytes  74.3 Mbits/sec  6641  
[ 17]  48.00-49.00  sec  8.85 MBytes  74.3 Mbits/sec  6641  
[ 19]  48.00-49.00  sec  8.85 MBytes  74.3 Mbits/sec  6641  
[ 21]  48.00-49.00  sec  8.85 MBytes  74.3 Mbits/sec  6641  
[ 23]  48.00-49.00  sec  8.85 MBytes  74.3 Mbits/sec  6641  
[ 25]  48.00-49.00  sec  8.85 MBytes  74.3 Mbits/sec  6641  
[ 27]  48.00-49.00  sec  8.85 MBytes  74.3 Mbits/sec  6641  
[ 29]  48.00-49.00  sec  8.85 MBytes  74.3 Mbits/sec  6641  
[ 31]  48.00-49.00  sec  8.85 MBytes  74.3 Mbits/sec  6641  
[ 33]  48.00-49.00  sec  8.85 MBytes  74.3 Mbits/sec  6641  
[ 35]  48.00-49.00  sec  8.85 MBytes  74.3 Mbits/sec  6641  
[ 37]  48.00-49.00  sec  8.85 MBytes  74.3 Mbits/sec  6641  
[ 39]  48.00-49.00  sec  8.85 MBytes  74.3 Mbits/sec  6641  
[ 41]  48.00-49.00  sec  8.85 MBytes  74.3 Mbits/sec  6641  
[ 43]  48.00-49.00  sec  8.85 MBytes  74.3 Mbits/sec  6641  
[SUM]  48.00-49.00  sec   177 MBytes  1486 Mbits/sec  132820  
- - - - - - - - - - - - - - - - - - - - - - - - -
[  5]  49.00-50.00  sec  8.60 MBytes  72.1 Mbits/sec  6451  
[  7]  49.00-50.00  sec  8.60 MBytes  72.1 Mbits/sec  6451  
[  9]  49.00-50.00  sec  8.60 MBytes  72.1 Mbits/sec  6451  
[ 11]  49.00-50.00  sec  8.60 MBytes  72.1 Mbits/sec  6451  
[ 13]  49.00-50.00  sec  8.60 MBytes  72.1 Mbits/sec  6451  
[ 15]  49.00-50.00  sec  8.60 MBytes  72.1 Mbits/sec  6451  
[ 17]  49.00-50.00  sec  8.60 MBytes  72.1 Mbits/sec  6451  
[ 19]  49.00-50.00  sec  8.60 MBytes  72.1 Mbits/sec  6451  
[ 21]  49.00-50.00  sec  8.60 MBytes  72.1 Mbits/sec  6451  
[ 23]  49.00-50.00  sec  8.60 MBytes  72.1 Mbits/sec  6451  
[ 25]  49.00-50.00  sec  8.60 MBytes  72.1 Mbits/sec  6451  
[ 27]  49.00-50.00  sec  8.60 MBytes  72.1 Mbits/sec  6451  
[ 29]  49.00-50.00  sec  8.60 MBytes  72.1 Mbits/sec  6451  
[ 31]  49.00-50.00  sec  8.60 MBytes  72.1 Mbits/sec  6451  
[ 33]  49.00-50.00  sec  8.60 MBytes  72.1 Mbits/sec  6451  
[ 35]  49.00-50.00  sec  8.60 MBytes  72.1 Mbits/sec  6451  
[ 37]  49.00-50.00  sec  8.60 MBytes  72.1 Mbits/sec  6451  
[ 39]  49.00-50.00  sec  8.60 MBytes  72.1 Mbits/sec  6451  
[ 41]  49.00-50.00  sec  8.60 MBytes  72.1 Mbits/sec  6451  
[ 43]  49.00-50.00  sec  8.60 MBytes  72.1 Mbits/sec  6451  
[SUM]  49.00-50.00  sec   172 MBytes  1443 Mbits/sec  129020  
- - - - - - - - - - - - - - - - - - - - - - - - -
[  5]  50.00-51.00  sec  8.70 MBytes  73.0 Mbits/sec  6525  
[  7]  50.00-51.00  sec  8.70 MBytes  73.0 Mbits/sec  6525  
[  9]  50.00-51.00  sec  8.70 MBytes  73.0 Mbits/sec  6525  
[ 11]  50.00-51.00  sec  8.70 MBytes  73.0 Mbits/sec  6525  
[ 13]  50.00-51.00  sec  8.70 MBytes  73.0 Mbits/sec  6525  
[ 15]  50.00-51.00  sec  8.70 MBytes  73.0 Mbits/sec  6525  
[ 17]  50.00-51.00  sec  8.70 MBytes  73.0 Mbits/sec  6525  
[ 19]  50.00-51.00  sec  8.70 MBytes  73.0 Mbits/sec  6525  
[ 21]  50.00-51.00  sec  8.70 MBytes  73.0 Mbits/sec  6525  
[ 23]  50.00-51.00  sec  8.70 MBytes  73.0 Mbits/sec  6525  
[ 25]  50.00-51.00  sec  8.70 MBytes  73.0 Mbits/sec  6525  
[ 27]  50.00-51.00  sec  8.70 MBytes  73.0 Mbits/sec  6525  
[ 29]  50.00-51.00  sec  8.70 MBytes  73.0 Mbits/sec  6525  
[ 31]  50.00-51.00  sec  8.70 MBytes  73.0 Mbits/sec  6525  
[ 33]  50.00-51.00  sec  8.70 MBytes  73.0 Mbits/sec  6525  
[ 35]  50.00-51.00  sec  8.70 MBytes  73.0 Mbits/sec  6525  
[ 37]  50.00-51.00  sec  8.70 MBytes  73.0 Mbits/sec  6525  
[ 39]  50.00-51.00  sec  8.70 MBytes  73.0 Mbits/sec  6525  
[ 41]  50.00-51.00  sec  8.70 MBytes  73.0 Mbits/sec  6525  
[ 43]  50.00-51.00  sec  8.70 MBytes  73.0 Mbits/sec  6525  
[SUM]  50.00-51.00  sec   174 MBytes  1460 Mbits/sec  130500  
- - - - - - - - - - - - - - - - - - - - - - - - -
[  5]  51.00-52.00  sec  8.75 MBytes  73.4 Mbits/sec  6565  
[  7]  51.00-52.00  sec  8.75 MBytes  73.4 Mbits/sec  6565  
[  9]  51.00-52.00  sec  8.75 MBytes  73.4 Mbits/sec  6565  
[ 11]  51.00-52.00  sec  8.75 MBytes  73.4 Mbits/sec  6565  
[ 13]  51.00-52.00  sec  8.75 MBytes  73.4 Mbits/sec  6565  
[ 15]  51.00-52.00  sec  8.75 MBytes  73.4 Mbits/sec  6565  
[ 17]  51.00-52.00  sec  8.75 MBytes  73.4 Mbits/sec  6565  
[ 19]  51.00-52.00  sec  8.75 MBytes  73.4 Mbits/sec  6565  
[ 21]  51.00-52.00  sec  8.75 MBytes  73.4 Mbits/sec  6565  
[ 23]  51.00-52.00  sec  8.75 MBytes  73.4 Mbits/sec  6565  
[ 25]  51.00-52.00  sec  8.75 MBytes  73.4 Mbits/sec  6565  
[ 27]  51.00-52.00  sec  8.75 MBytes  73.4 Mbits/sec  6565  
[ 29]  51.00-52.00  sec  8.75 MBytes  73.4 Mbits/sec  6565  
[ 31]  51.00-52.00  sec  8.75 MBytes  73.4 Mbits/sec  6565  
[ 33]  51.00-52.00  sec  8.75 MBytes  73.4 Mbits/sec  6565  
[ 35]  51.00-52.00  sec  8.75 MBytes  73.4 Mbits/sec  6565  
[ 37]  51.00-52.00  sec  8.75 MBytes  73.4 Mbits/sec  6565  
[ 39]  51.00-52.00  sec  8.75 MBytes  73.4 Mbits/sec  6565  
[ 41]  51.00-52.00  sec  8.75 MBytes  73.4 Mbits/sec  6565  
[ 43]  51.00-52.00  sec  8.75 MBytes  73.4 Mbits/sec  6565  
[SUM]  51.00-52.00  sec   175 MBytes  1469 Mbits/sec  131300  
- - - - - - - - - - - - - - - - - - - - - - - - -
[  5]  52.00-53.00  sec  8.74 MBytes  73.3 Mbits/sec  6556  
[  7]  52.00-53.00  sec  8.74 MBytes  73.3 Mbits/sec  6556  
[  9]  52.00-53.00  sec  8.74 MBytes  73.3 Mbits/sec  6556  
[ 11]  52.00-53.00  sec  8.74 MBytes  73.3 Mbits/sec  6556  
[ 13]  52.00-53.00  sec  8.74 MBytes  73.3 Mbits/sec  6556  
[ 15]  52.00-53.00  sec  8.74 MBytes  73.3 Mbits/sec  6556  
[ 17]  52.00-53.00  sec  8.74 MBytes  73.3 Mbits/sec  6556  
[ 19]  52.00-53.00  sec  8.74 MBytes  73.3 Mbits/sec  6556  
[ 21]  52.00-53.00  sec  8.74 MBytes  73.3 Mbits/sec  6556  
[ 23]  52.00-53.00  sec  8.74 MBytes  73.3 Mbits/sec  6556  
[ 25]  52.00-53.00  sec  8.74 MBytes  73.3 Mbits/sec  6556  
[ 27]  52.00-53.00  sec  8.74 MBytes  73.3 Mbits/sec  6556  
[ 29]  52.00-53.00  sec  8.74 MBytes  73.3 Mbits/sec  6556  
[ 31]  52.00-53.00  sec  8.74 MBytes  73.3 Mbits/sec  6556  
[ 33]  52.00-53.00  sec  8.74 MBytes  73.3 Mbits/sec  6556  
[ 35]  52.00-53.00  sec  8.74 MBytes  73.3 Mbits/sec  6556  
[ 37]  52.00-53.00  sec  8.74 MBytes  73.3 Mbits/sec  6556  
[ 39]  52.00-53.00  sec  8.74 MBytes  73.3 Mbits/sec  6556  
[ 41]  52.00-53.00  sec  8.74 MBytes  73.3 Mbits/sec  6556  
[ 43]  52.00-53.00  sec  8.74 MBytes  73.3 Mbits/sec  6556  
[SUM]  52.00-53.00  sec   175 MBytes  1466 Mbits/sec  131120  
- - - - - - - - - - - - - - - - - - - - - - - - -
[  5]  53.00-54.00  sec  8.76 MBytes  73.5 Mbits/sec  6568  
[  7]  53.00-54.00  sec  8.76 MBytes  73.5 Mbits/sec  6568  
[  9]  53.00-54.00  sec  8.76 MBytes  73.5 Mbits/sec  6568  
[ 11]  53.00-54.00  sec  8.76 MBytes  73.5 Mbits/sec  6568  
[ 13]  53.00-54.00  sec  8.76 MBytes  73.5 Mbits/sec  6568  
[ 15]  53.00-54.00  sec  8.76 MBytes  73.5 Mbits/sec  6568  
[ 17]  53.00-54.00  sec  8.76 MBytes  73.5 Mbits/sec  6568  
[ 19]  53.00-54.00  sec  8.76 MBytes  73.5 Mbits/sec  6568  
[ 21]  53.00-54.00  sec  8.76 MBytes  73.5 Mbits/sec  6568  
[ 23]  53.00-54.00  sec  8.76 MBytes  73.5 Mbits/sec  6568  
[ 25]  53.00-54.00  sec  8.76 MBytes  73.5 Mbits/sec  6568  
[ 27]  53.00-54.00  sec  8.76 MBytes  73.5 Mbits/sec  6568  
[ 29]  53.00-54.00  sec  8.76 MBytes  73.5 Mbits/sec  6568  
[ 31]  53.00-54.00  sec  8.76 MBytes  73.5 Mbits/sec  6568  
[ 33]  53.00-54.00  sec  8.76 MBytes  73.5 Mbits/sec  6568  
[ 35]  53.00-54.00  sec  8.76 MBytes  73.5 Mbits/sec  6568  
[ 37]  53.00-54.00  sec  8.76 MBytes  73.5 Mbits/sec  6568  
[ 39]  53.00-54.00  sec  8.76 MBytes  73.5 Mbits/sec  6568  
[ 41]  53.00-54.00  sec  8.76 MBytes  73.5 Mbits/sec  6568  
[ 43]  53.00-54.00  sec  8.76 MBytes  73.5 Mbits/sec  6568  
[SUM]  53.00-54.00  sec   175 MBytes  1469 Mbits/sec  131360  
- - - - - - - - - - - - - - - - - - - - - - - - -
[  5]  54.00-55.00  sec  8.74 MBytes  73.3 Mbits/sec  6556  
[  7]  54.00-55.00  sec  8.74 MBytes  73.3 Mbits/sec  6556  
[  9]  54.00-55.00  sec  8.74 MBytes  73.3 Mbits/sec  6556  
[ 11]  54.00-55.00  sec  8.74 MBytes  73.3 Mbits/sec  6556  
[ 13]  54.00-55.00  sec  8.74 MBytes  73.3 Mbits/sec  6556  
[ 15]  54.00-55.00  sec  8.74 MBytes  73.3 Mbits/sec  6556  
[ 17]  54.00-55.00  sec  8.74 MBytes  73.3 Mbits/sec  6556  
[ 19]  54.00-55.00  sec  8.74 MBytes  73.3 Mbits/sec  6556  
[ 21]  54.00-55.00  sec  8.74 MBytes  73.3 Mbits/sec  6556  
[ 23]  54.00-55.00  sec  8.74 MBytes  73.3 Mbits/sec  6556  
[ 25]  54.00-55.00  sec  8.74 MBytes  73.3 Mbits/sec  6556  
[ 27]  54.00-55.00  sec  8.74 MBytes  73.3 Mbits/sec  6556  
[ 29]  54.00-55.00  sec  8.74 MBytes  73.3 Mbits/sec  6556  
[ 31]  54.00-55.00  sec  8.74 MBytes  73.3 Mbits/sec  6556  
[ 33]  54.00-55.00  sec  8.74 MBytes  73.3 Mbits/sec  6556  
[ 35]  54.00-55.00  sec  8.74 MBytes  73.3 Mbits/sec  6556  
[ 37]  54.00-55.00  sec  8.74 MBytes  73.3 Mbits/sec  6556  
[ 39]  54.00-55.00  sec  8.74 MBytes  73.3 Mbits/sec  6556  
[ 41]  54.00-55.00  sec  8.74 MBytes  73.3 Mbits/sec  6556  
[ 43]  54.00-55.00  sec  8.74 MBytes  73.3 Mbits/sec  6556  
[SUM]  54.00-55.00  sec   175 MBytes  1466 Mbits/sec  131120  
- - - - - - - - - - - - - - - - - - - - - - - - -
[  5]  55.00-56.00  sec  8.71 MBytes  73.0 Mbits/sec  6530  
[  7]  55.00-56.00  sec  8.71 MBytes  73.0 Mbits/sec  6530  
[  9]  55.00-56.00  sec  8.71 MBytes  73.0 Mbits/sec  6530  
[ 11]  55.00-56.00  sec  8.71 MBytes  73.0 Mbits/sec  6530  
[ 13]  55.00-56.00  sec  8.71 MBytes  73.0 Mbits/sec  6530  
[ 15]  55.00-56.00  sec  8.71 MBytes  73.0 Mbits/sec  6530  
[ 17]  55.00-56.00  sec  8.71 MBytes  73.0 Mbits/sec  6530  
[ 19]  55.00-56.00  sec  8.71 MBytes  73.0 Mbits/sec  6530  
[ 21]  55.00-56.00  sec  8.71 MBytes  73.0 Mbits/sec  6530  
[ 23]  55.00-56.00  sec  8.71 MBytes  73.0 Mbits/sec  6530  
[ 25]  55.00-56.00  sec  8.71 MBytes  73.0 Mbits/sec  6530  
[ 27]  55.00-56.00  sec  8.71 MBytes  73.0 Mbits/sec  6530  
[ 29]  55.00-56.00  sec  8.71 MBytes  73.0 Mbits/sec  6530  
[ 31]  55.00-56.00  sec  8.71 MBytes  73.0 Mbits/sec  6530  
[ 33]  55.00-56.00  sec  8.71 MBytes  73.0 Mbits/sec  6530  
[ 35]  55.00-56.00  sec  8.71 MBytes  73.0 Mbits/sec  6530  
[ 37]  55.00-56.00  sec  8.71 MBytes  73.0 Mbits/sec  6530  
[ 39]  55.00-56.00  sec  8.71 MBytes  73.0 Mbits/sec  6530  
[ 41]  55.00-56.00  sec  8.71 MBytes  73.0 Mbits/sec  6530  
[ 43]  55.00-56.00  sec  8.71 MBytes  73.0 Mbits/sec  6530  
[SUM]  55.00-56.00  sec   174 MBytes  1460 Mbits/sec  130600  
- - - - - - - - - - - - - - - - - - - - - - - - -
[  5]  56.00-57.00  sec  8.17 MBytes  68.5 Mbits/sec  6128  
[  7]  56.00-57.00  sec  8.17 MBytes  68.5 Mbits/sec  6128  
[  9]  56.00-57.00  sec  8.17 MBytes  68.5 Mbits/sec  6128  
[ 11]  56.00-57.00  sec  8.17 MBytes  68.5 Mbits/sec  6128  
[ 13]  56.00-57.00  sec  8.17 MBytes  68.5 Mbits/sec  6128  
[ 15]  56.00-57.00  sec  8.17 MBytes  68.5 Mbits/sec  6128  
[ 17]  56.00-57.00  sec  8.17 MBytes  68.5 Mbits/sec  6128  
[ 19]  56.00-57.00  sec  8.17 MBytes  68.5 Mbits/sec  6128  
[ 21]  56.00-57.00  sec  8.17 MBytes  68.5 Mbits/sec  6128  
[ 23]  56.00-57.00  sec  8.17 MBytes  68.5 Mbits/sec  6128  
[ 25]  56.00-57.00  sec  8.17 MBytes  68.5 Mbits/sec  6128  
[ 27]  56.00-57.00  sec  8.17 MBytes  68.5 Mbits/sec  6128  
[ 29]  56.00-57.00  sec  8.17 MBytes  68.5 Mbits/sec  6128  
[ 31]  56.00-57.00  sec  8.17 MBytes  68.5 Mbits/sec  6128  
[ 33]  56.00-57.00  sec  8.17 MBytes  68.5 Mbits/sec  6128  
[ 35]  56.00-57.00  sec  8.17 MBytes  68.5 Mbits/sec  6128  
[ 37]  56.00-57.00  sec  8.17 MBytes  68.5 Mbits/sec  6128  
[ 39]  56.00-57.00  sec  8.17 MBytes  68.5 Mbits/sec  6128  
[ 41]  56.00-57.00  sec  8.17 MBytes  68.5 Mbits/sec  6128  
[ 43]  56.00-57.00  sec  8.17 MBytes  68.5 Mbits/sec  6128  
[SUM]  56.00-57.00  sec   163 MBytes  1371 Mbits/sec  122560  
- - - - - - - - - - - - - - - - - - - - - - - - -
[  5]  57.00-58.00  sec  8.04 MBytes  67.4 Mbits/sec  6030  
[  7]  57.00-58.00  sec  8.04 MBytes  67.4 Mbits/sec  6030  
[  9]  57.00-58.00  sec  8.04 MBytes  67.4 Mbits/sec  6030  
[ 11]  57.00-58.00  sec  8.04 MBytes  67.4 Mbits/sec  6030  
[ 13]  57.00-58.00  sec  8.04 MBytes  67.4 Mbits/sec  6030  
[ 15]  57.00-58.00  sec  8.04 MBytes  67.4 Mbits/sec  6030  
[ 17]  57.00-58.00  sec  8.04 MBytes  67.4 Mbits/sec  6030  
[ 19]  57.00-58.00  sec  8.04 MBytes  67.4 Mbits/sec  6030  
[ 21]  57.00-58.00  sec  8.04 MBytes  67.4 Mbits/sec  6030  
[ 23]  57.00-58.00  sec  8.04 MBytes  67.4 Mbits/sec  6030  
[ 25]  57.00-58.00  sec  8.04 MBytes  67.4 Mbits/sec  6030  
[ 27]  57.00-58.00  sec  8.04 MBytes  67.4 Mbits/sec  6030  
[ 29]  57.00-58.00  sec  8.04 MBytes  67.4 Mbits/sec  6030  
[ 31]  57.00-58.00  sec  8.04 MBytes  67.4 Mbits/sec  6030  
[ 33]  57.00-58.00  sec  8.04 MBytes  67.4 Mbits/sec  6030  
[ 35]  57.00-58.00  sec  8.04 MBytes  67.4 Mbits/sec  6030  
[ 37]  57.00-58.00  sec  8.04 MBytes  67.4 Mbits/sec  6030  
[ 39]  57.00-58.00  sec  8.04 MBytes  67.4 Mbits/sec  6030  
[ 41]  57.00-58.00  sec  8.04 MBytes  67.4 Mbits/sec  6030  
[ 43]  57.00-58.00  sec  8.04 MBytes  67.4 Mbits/sec  6030  
[SUM]  57.00-58.00  sec   161 MBytes  1349 Mbits/sec  120600  
- - - - - - - - - - - - - - - - - - - - - - - - -
[  5]  58.00-59.00  sec  8.89 MBytes  74.6 Mbits/sec  6669  
[  7]  58.00-59.00  sec  8.89 MBytes  74.6 Mbits/sec  6669  
[  9]  58.00-59.00  sec  8.89 MBytes  74.6 Mbits/sec  6669  
[ 11]  58.00-59.00  sec  8.89 MBytes  74.6 Mbits/sec  6669  
[ 13]  58.00-59.00  sec  8.89 MBytes  74.6 Mbits/sec  6669  
[ 15]  58.00-59.00  sec  8.89 MBytes  74.6 Mbits/sec  6669  
[ 17]  58.00-59.00  sec  8.89 MBytes  74.6 Mbits/sec  6669  
[ 19]  58.00-59.00  sec  8.89 MBytes  74.6 Mbits/sec  6669  
[ 21]  58.00-59.00  sec  8.89 MBytes  74.6 Mbits/sec  6669  
[ 23]  58.00-59.00  sec  8.89 MBytes  74.6 Mbits/sec  6669  
[ 25]  58.00-59.00  sec  8.89 MBytes  74.6 Mbits/sec  6669  
[ 27]  58.00-59.00  sec  8.89 MBytes  74.6 Mbits/sec  6669  
[ 29]  58.00-59.00  sec  8.89 MBytes  74.6 Mbits/sec  6669  
[ 31]  58.00-59.00  sec  8.89 MBytes  74.6 Mbits/sec  6669  
[ 33]  58.00-59.00  sec  8.89 MBytes  74.6 Mbits/sec  6669  
[ 35]  58.00-59.00  sec  8.89 MBytes  74.6 Mbits/sec  6669  
[ 37]  58.00-59.00  sec  8.89 MBytes  74.6 Mbits/sec  6669  
[ 39]  58.00-59.00  sec  8.89 MBytes  74.6 Mbits/sec  6669  
[ 41]  58.00-59.00  sec  8.89 MBytes  74.6 Mbits/sec  6669  
[ 43]  58.00-59.00  sec  8.89 MBytes  74.6 Mbits/sec  6669  
[SUM]  58.00-59.00  sec   178 MBytes  1492 Mbits/sec  133380  
- - - - - - - - - - - - - - - - - - - - - - - - -
[  5]  59.00-60.00  sec  8.64 MBytes  72.4 Mbits/sec  6477  
[  7]  59.00-60.00  sec  8.64 MBytes  72.4 Mbits/sec  6477  
[  9]  59.00-60.00  sec  8.64 MBytes  72.4 Mbits/sec  6477  
[ 11]  59.00-60.00  sec  8.64 MBytes  72.4 Mbits/sec  6477  
[ 13]  59.00-60.00  sec  8.64 MBytes  72.4 Mbits/sec  6477  
[ 15]  59.00-60.00  sec  8.64 MBytes  72.4 Mbits/sec  6477  
[ 17]  59.00-60.00  sec  8.64 MBytes  72.4 Mbits/sec  6477  
[ 19]  59.00-60.00  sec  8.64 MBytes  72.4 Mbits/sec  6477  
[ 21]  59.00-60.00  sec  8.64 MBytes  72.4 Mbits/sec  6477  
[ 23]  59.00-60.00  sec  8.64 MBytes  72.4 Mbits/sec  6477  
[ 25]  59.00-60.00  sec  8.64 MBytes  72.4 Mbits/sec  6477  
[ 27]  59.00-60.00  sec  8.64 MBytes  72.4 Mbits/sec  6477  
[ 29]  59.00-60.00  sec  8.64 MBytes  72.4 Mbits/sec  6477  
[ 31]  59.00-60.00  sec  8.64 MBytes  72.4 Mbits/sec  6477  
[ 33]  59.00-60.00  sec  8.64 MBytes  72.4 Mbits/sec  6477  
[ 35]  59.00-60.00  sec  8.64 MBytes  72.4 Mbits/sec  6477  
[ 37]  59.00-60.00  sec  8.64 MBytes  72.4 Mbits/sec  6477  
[ 39]  59.00-60.00  sec  8.64 MBytes  72.4 Mbits/sec  6477  
[ 41]  59.00-60.00  sec  8.64 MBytes  72.4 Mbits/sec  6477  
[ 43]  59.00-60.00  sec  8.64 MBytes  72.4 Mbits/sec  6477  
[SUM]  59.00-60.00  sec   173 MBytes  1449 Mbits/sec  129540  
- - - - - - - - - - - - - - - - - - - - - - - - -
[ ID] Interval           Transfer     Bitrate         Jitter    Lost/Total Datagrams
[  5]   0.00-60.00  sec   578 MBytes  80.8 Mbits/sec  0.000 ms  0/433638 (0%)  sender
[  5]   0.00-60.00  sec   578 MBytes  80.8 Mbits/sec  0.025 ms  7/433638 (0.0016%)  receiver
[  7]   0.00-60.00  sec   578 MBytes  80.8 Mbits/sec  0.000 ms  0/433635 (0%)  sender
[  7]   0.00-60.00  sec   578 MBytes  80.8 Mbits/sec  0.177 ms  0/433635 (0%)  receiver
[  9]   0.00-60.00  sec   578 MBytes  80.8 Mbits/sec  0.000 ms  0/433635 (0%)  sender
[  9]   0.00-60.00  sec   578 MBytes  80.8 Mbits/sec  0.034 ms  0/433635 (0%)  receiver
[ 11]   0.00-60.00  sec   578 MBytes  80.8 Mbits/sec  0.000 ms  0/433630 (0%)  sender
[ 11]   0.00-60.00  sec   578 MBytes  80.8 Mbits/sec  0.034 ms  7/433630 (0.0016%)  receiver
[ 13]   0.00-60.00  sec   578 MBytes  80.8 Mbits/sec  0.000 ms  0/433627 (0%)  sender
[ 13]   0.00-60.00  sec   578 MBytes  80.8 Mbits/sec  0.092 ms  0/433627 (0%)  receiver
[ 15]   0.00-60.00  sec   578 MBytes  80.8 Mbits/sec  0.000 ms  0/433621 (0%)  sender
[ 15]   0.00-60.00  sec   578 MBytes  80.8 Mbits/sec  0.092 ms  0/433621 (0%)  receiver
[ 17]   0.00-60.00  sec   578 MBytes  80.8 Mbits/sec  0.000 ms  0/433615 (0%)  sender
[ 17]   0.00-60.00  sec   578 MBytes  80.8 Mbits/sec  0.065 ms  7/433615 (0.0016%)  receiver
[ 19]   0.00-60.00  sec   578 MBytes  80.8 Mbits/sec  0.000 ms  0/433610 (0%)  sender
[ 19]   0.00-60.00  sec   578 MBytes  80.8 Mbits/sec  0.052 ms  0/433610 (0%)  receiver
[ 21]   0.00-60.00  sec   578 MBytes  80.8 Mbits/sec  0.000 ms  0/433605 (0%)  sender
[ 21]   0.00-60.00  sec   578 MBytes  80.8 Mbits/sec  0.056 ms  0/433605 (0%)  receiver
[ 23]   0.00-60.00  sec   578 MBytes  80.8 Mbits/sec  0.000 ms  0/433602 (0%)  sender
[ 23]   0.00-60.00  sec   578 MBytes  80.8 Mbits/sec  0.073 ms  0/433602 (0%)  receiver
[ 25]   0.00-60.00  sec   578 MBytes  80.8 Mbits/sec  0.000 ms  0/433592 (0%)  sender
[ 25]   0.00-60.00  sec   578 MBytes  80.8 Mbits/sec  0.062 ms  0/433592 (0%)  receiver
[ 27]   0.00-60.00  sec   578 MBytes  80.8 Mbits/sec  0.000 ms  0/433585 (0%)  sender
[ 27]   0.00-60.00  sec   578 MBytes  80.8 Mbits/sec  0.064 ms  0/433585 (0%)  receiver
[ 29]   0.00-60.00  sec   578 MBytes  80.8 Mbits/sec  0.000 ms  0/433587 (0%)  sender
[ 29]   0.00-60.00  sec   578 MBytes  80.8 Mbits/sec  0.061 ms  0/433587 (0%)  receiver
[ 31]   0.00-60.00  sec   578 MBytes  80.8 Mbits/sec  0.000 ms  0/433583 (0%)  sender
[ 31]   0.00-60.00  sec   578 MBytes  80.8 Mbits/sec  0.061 ms  0/433583 (0%)  receiver
[ 33]   0.00-60.00  sec   578 MBytes  80.8 Mbits/sec  0.000 ms  0/433582 (0%)  sender
[ 33]   0.00-60.00  sec   578 MBytes  80.8 Mbits/sec  0.042 ms  7/433582 (0.0016%)  receiver
[ 35]   0.00-60.00  sec   578 MBytes  80.8 Mbits/sec  0.000 ms  0/433574 (0%)  sender
[ 35]   0.00-60.00  sec   578 MBytes  80.8 Mbits/sec  0.073 ms  0/433574 (0%)  receiver
[ 37]   0.00-60.00  sec   578 MBytes  80.8 Mbits/sec  0.000 ms  0/433568 (0%)  sender
[ 37]   0.00-60.00  sec   578 MBytes  80.8 Mbits/sec  0.073 ms  0/433568 (0%)  receiver
[ 39]   0.00-60.00  sec   578 MBytes  80.8 Mbits/sec  0.000 ms  0/433562 (0%)  sender
[ 39]   0.00-60.00  sec   578 MBytes  80.8 Mbits/sec  0.122 ms  0/433562 (0%)  receiver
[ 41]   0.00-60.00  sec   578 MBytes  80.8 Mbits/sec  0.000 ms  0/433556 (0%)  sender
[ 41]   0.00-60.00  sec   578 MBytes  80.8 Mbits/sec  0.070 ms  0/433556 (0%)  receiver
[ 43]   0.00-60.00  sec   578 MBytes  80.8 Mbits/sec  0.000 ms  0/433546 (0%)  sender
[ 43]   0.00-60.00  sec   578 MBytes  80.8 Mbits/sec  0.038 ms  0/433546 (0%)  receiver
[SUM]   0.00-60.00  sec  11.3 GBytes  1616 Mbits/sec  0.000 ms  0/8671953 (0%)  sender
[SUM]   0.00-60.00  sec  11.3 GBytes  1616 Mbits/sec  0.068 ms  28/8671953 (0.00032%)  receiver

iperf Done.
