Connecting to host 10.10.0.5, port 30000
[  5] local 10.0.1.18 port 43290 connected to 10.0.2.171 port 5201
[ ID] Interval           Transfer     Bitrate         Retr  Cwnd
[  5]   0.00-1.00   sec  1.16 GBytes  9935 Mbits/sec  306   1.52 MBytes       
[  5]   1.00-2.00   sec  1.20 GBytes  10320 Mbits/sec   19   1.45 MBytes       
[  5]   2.00-3.00   sec  1.23 GBytes  10547 Mbits/sec   46   1.63 MBytes       
[  5]   3.00-4.00   sec  1.19 GBytes  10246 Mbits/sec   92   1.70 MBytes       
[  5]   4.00-5.00   sec  1.21 GBytes  10361 Mbits/sec   89   1.74 MBytes       
[  5]   5.00-6.00   sec  1.21 GBytes  10391 Mbits/sec    0   1.76 MBytes       
[  5]   6.00-7.00   sec  1.20 GBytes  10265 Mbits/sec    0   1.78 MBytes       
[  5]   7.00-8.00   sec  1.20 GBytes  10318 Mbits/sec    0   1.80 MBytes       
[  5]   8.00-9.00   sec  1.20 GBytes  10276 Mbits/sec    0   1.81 MBytes       
[  5]   9.00-10.00  sec  1.18 GBytes  10098 Mbits/sec   92   1.45 MBytes       
[  5]  10.00-11.00  sec  1.20 GBytes  10306 Mbits/sec    0   1.60 MBytes       
[  5]  11.00-12.00  sec  1.20 GBytes  10286 Mbits/sec   46   1.68 MBytes       
[  5]  12.00-13.00  sec  1.22 GBytes  10500 Mbits/sec  138   1.72 MBytes       
[  5]  13.00-14.00  sec  1.20 GBytes  10336 Mbits/sec    0   1.74 MBytes       
[  5]  14.00-15.00  sec  1.21 GBytes  10425 Mbits/sec  231   1.31 MBytes       
[  5]  15.00-16.00  sec  1.20 GBytes  10329 Mbits/sec   90   1.57 MBytes       
[  5]  16.00-17.00  sec  1.19 GBytes  10244 Mbits/sec    0   1.67 MBytes       
[  5]  17.00-18.00  sec  1.20 GBytes  10318 Mbits/sec  154   1.37 MBytes       
[  5]  18.00-19.00  sec  1.20 GBytes  10265 Mbits/sec    0   1.56 MBytes       
[  5]  19.00-20.00  sec  1.21 GBytes  10370 Mbits/sec    0   1.66 MBytes       
[  5]  20.00-21.00  sec  1.27 GBytes  10884 Mbits/sec   46   1.73 MBytes       
[  5]  21.00-22.00  sec  1.23 GBytes  10589 Mbits/sec  302   1.50 MBytes       
[  5]  22.00-23.00  sec  1.21 GBytes  10372 Mbits/sec    0   1.65 MBytes       
[  5]  23.00-24.00  sec  1.21 GBytes  10412 Mbits/sec    0   1.71 MBytes       
[  5]  24.00-25.00  sec  1.20 GBytes  10277 Mbits/sec    0   1.74 MBytes       
[  5]  25.00-26.00  sec  1.20 GBytes  10286 Mbits/sec    0   1.77 MBytes       
[  5]  26.00-27.00  sec  1.20 GBytes  10308 Mbits/sec    0   1.79 MBytes       
[  5]  27.00-28.00  sec  1.21 GBytes  10423 Mbits/sec    0   1.81 MBytes       
[  5]  28.00-29.00  sec  1.20 GBytes  10264 Mbits/sec    0   1.83 MBytes       
[  5]  29.00-30.00  sec  1.21 GBytes  10393 Mbits/sec  218   1.43 MBytes       
[  5]  30.00-31.00  sec  1.19 GBytes  10255 Mbits/sec   92   1.63 MBytes       
[  5]  31.00-32.00  sec  1.21 GBytes  10379 Mbits/sec    0   1.69 MBytes       
[  5]  32.00-33.00  sec  1.22 GBytes  10446 Mbits/sec   46   1.73 MBytes       
[  5]  33.00-34.00  sec  1.20 GBytes  10349 Mbits/sec    0   1.76 MBytes       
[  5]  34.00-35.00  sec  1.17 GBytes  10056 Mbits/sec  218   1.42 MBytes       
[  5]  35.00-36.00  sec  1.17 GBytes  10057 Mbits/sec    0   1.57 MBytes       
[  5]  36.00-37.00  sec  1.15 GBytes  9875 Mbits/sec    0   1.65 MBytes       
[  5]  37.00-38.00  sec  1.13 GBytes  9712 Mbits/sec  119   1.29 MBytes       
[  5]  38.00-39.00  sec  1.15 GBytes  9898 Mbits/sec    0   1.54 MBytes       
[  5]  39.00-40.00  sec  1.17 GBytes  10074 Mbits/sec    0   1.64 MBytes       
[  5]  40.00-41.00  sec  1.16 GBytes  9964 Mbits/sec    0   1.68 MBytes       
[  5]  41.00-42.00  sec  1.15 GBytes  9878 Mbits/sec    0   1.72 MBytes       
[  5]  42.00-43.00  sec  1.16 GBytes  9941 Mbits/sec    0   1.75 MBytes       
[  5]  43.00-44.00  sec  1.17 GBytes  10086 Mbits/sec    0   1.78 MBytes       
[  5]  44.00-45.00  sec  1.18 GBytes  10130 Mbits/sec    0   1.80 MBytes       
[  5]  45.00-46.00  sec  1.18 GBytes  10098 Mbits/sec    0   1.82 MBytes       
[  5]  46.00-47.00  sec  1.17 GBytes  10077 Mbits/sec    0   1.83 MBytes       
[  5]  47.00-48.00  sec  1.16 GBytes  9929 Mbits/sec    0   1.84 MBytes       
[  5]  48.00-49.00  sec  1.14 GBytes  9814 Mbits/sec    0   1.85 MBytes       
[  5]  49.00-50.00  sec  1.15 GBytes  9858 Mbits/sec    0   1.86 MBytes       
[  5]  50.00-51.00  sec  1.17 GBytes  10022 Mbits/sec    0   1.87 MBytes       
[  5]  51.00-52.00  sec  1.20 GBytes  10331 Mbits/sec    0   1.87 MBytes       
[  5]  52.00-53.00  sec  1.19 GBytes  10244 Mbits/sec    0   1.88 MBytes       
[  5]  53.00-54.00  sec  1.13 GBytes  9710 Mbits/sec    0   1.89 MBytes       
[  5]  54.00-55.00  sec  1.19 GBytes  10234 Mbits/sec    0   1.90 MBytes       
[  5]  55.00-56.00  sec  1.20 GBytes  10307 Mbits/sec  165   1.52 MBytes       
[  5]  56.00-57.00  sec  1.20 GBytes  10287 Mbits/sec    0   1.66 MBytes       
[  5]  57.00-58.00  sec  1.20 GBytes  10265 Mbits/sec    0   1.72 MBytes       
[  5]  58.00-59.00  sec  1.19 GBytes  10234 Mbits/sec    0   1.78 MBytes       
[  5]  59.00-60.00  sec  1.21 GBytes  10391 Mbits/sec    0   1.85 MBytes       
- - - - - - - - - - - - - - - - - - - - - - - - -
[ ID] Interval           Transfer     Bitrate         Retr
[  5]   0.00-60.00  sec  71.4 GBytes  10221 Mbits/sec  2509             sender
[  5]   0.00-60.00  sec  71.4 GBytes  10220 Mbits/sec                  receiver

iperf Done.
