Connecting to host 10.10.0.3, port 30000
[  5] local 10.0.2.233 port 36118 connected to 10.0.1.203 port 5201
[ ID] Interval           Transfer     Bitrate         Total Datagrams
[  5]   0.00-1.00   sec   116 MBytes   976 Mbits/sec  87244  
[  5]   1.00-2.00   sec   118 MBytes   988 Mbits/sec  88377  
[  5]   2.00-3.00   sec   119 MBytes   995 Mbits/sec  88976  
[  5]   3.00-4.00   sec   120 MBytes  1005 Mbits/sec  89867  
[  5]   4.00-5.00   sec   113 MBytes   952 Mbits/sec  85101  
[  5]   5.00-6.00   sec   117 MBytes   982 Mbits/sec  87791  
[  5]   6.00-7.00   sec   112 MBytes   941 Mbits/sec  84122  
[  5]   7.00-8.00   sec   118 MBytes   987 Mbits/sec  88259  
[  5]   8.00-9.00   sec   119 MBytes  1001 Mbits/sec  89519  
[  5]   9.00-10.00  sec   118 MBytes   986 Mbits/sec  88169  
[  5]  10.00-11.00  sec   111 MBytes   928 Mbits/sec  83009  
[  5]  11.00-12.00  sec   113 MBytes   949 Mbits/sec  84892  
[  5]  12.00-13.00  sec   114 MBytes   958 Mbits/sec  85637  
[  5]  13.00-14.00  sec   101 MBytes   845 Mbits/sec  75580  
[  5]  14.00-15.00  sec   112 MBytes   941 Mbits/sec  84181  
[  5]  15.00-16.00  sec   110 MBytes   922 Mbits/sec  82396  
[  5]  16.00-17.00  sec   116 MBytes   973 Mbits/sec  86994  
[  5]  17.00-18.00  sec   120 MBytes  1007 Mbits/sec  90065  
[  5]  18.00-19.00  sec   113 MBytes   950 Mbits/sec  84964  
[  5]  19.00-20.00  sec   115 MBytes   963 Mbits/sec  86101  
[  5]  20.00-21.00  sec   119 MBytes  1002 Mbits/sec  89555  
[  5]  21.00-22.00  sec   120 MBytes  1007 Mbits/sec  90023  
[  5]  22.00-23.00  sec   117 MBytes   982 Mbits/sec  87846  
[  5]  23.00-24.00  sec   120 MBytes  1008 Mbits/sec  90104  
[  5]  24.00-25.00  sec   113 MBytes   949 Mbits/sec  84830  
[  5]  25.00-26.00  sec   118 MBytes   988 Mbits/sec  88308  
[  5]  26.00-27.00  sec   118 MBytes   992 Mbits/sec  88742  
[  5]  27.00-28.00  sec   118 MBytes   990 Mbits/sec  88549  
[  5]  28.00-29.00  sec   115 MBytes   968 Mbits/sec  86560  
[  5]  29.00-30.00  sec   120 MBytes  1004 Mbits/sec  89777  
[  5]  30.00-31.00  sec   119 MBytes  1000 Mbits/sec  89373  
[  5]  31.00-32.00  sec   108 MBytes   910 Mbits/sec  81333  
[  5]  32.00-33.00  sec   108 MBytes   909 Mbits/sec  81234  
[  5]  33.00-34.00  sec   118 MBytes   987 Mbits/sec  88268  
[  5]  34.00-35.00  sec   117 MBytes   985 Mbits/sec  88078  
[  5]  35.00-36.00  sec   117 MBytes   985 Mbits/sec  88038  
[  5]  36.00-37.00  sec   119 MBytes  1001 Mbits/sec  89474  
[  5]  37.00-38.00  sec   120 MBytes  1003 Mbits/sec  89683  
[  5]  38.00-39.00  sec   118 MBytes   989 Mbits/sec  88421  
[  5]  39.00-40.00  sec   112 MBytes   942 Mbits/sec  84221  
[  5]  40.00-41.00  sec   113 MBytes   950 Mbits/sec  84939  
[  5]  41.00-42.00  sec   118 MBytes   987 Mbits/sec  88258  
[  5]  42.00-43.00  sec   119 MBytes   996 Mbits/sec  89015  
[  5]  43.00-44.00  sec   113 MBytes   947 Mbits/sec  84698  
[  5]  44.00-45.00  sec   120 MBytes  1004 Mbits/sec  89795  
[  5]  45.00-46.00  sec   118 MBytes   989 Mbits/sec  88448  
[  5]  46.00-47.00  sec   115 MBytes   967 Mbits/sec  86463  
[  5]  47.00-48.00  sec   116 MBytes   970 Mbits/sec  86728  
[  5]  48.00-49.00  sec   114 MBytes   955 Mbits/sec  85423  
[  5]  49.00-50.00  sec   120 MBytes  1002 Mbits/sec  89632  
[  5]  50.00-51.00  sec   117 MBytes   983 Mbits/sec  87915  
[  5]  51.00-52.00  sec   117 MBytes   983 Mbits/sec  87907  
[  5]  52.00-53.00  sec   116 MBytes   973 Mbits/sec  87016  
[  5]  53.00-54.00  sec   116 MBytes   975 Mbits/sec  87174  
[  5]  54.00-55.00  sec   106 MBytes   890 Mbits/sec  79573  
[  5]  55.00-56.00  sec   117 MBytes   984 Mbits/sec  88004  
[  5]  56.00-57.00  sec   115 MBytes   966 Mbits/sec  86408  
[  5]  57.00-58.00  sec   109 MBytes   915 Mbits/sec  81825  
[  5]  58.00-59.00  sec   117 MBytes   981 Mbits/sec  87747  
[  5]  59.00-60.00  sec   117 MBytes   978 Mbits/sec  87467  
- - - - - - - - - - - - - - - - - - - - - - - - -
[ ID] Interval           Transfer     Bitrate         Jitter    Lost/Total Datagrams
[  5]   0.00-60.00  sec  6.78 GBytes   971 Mbits/sec  0.000 ms  0/5208096 (0%)  sender
[  5]   0.00-60.00  sec  6.78 GBytes   970 Mbits/sec  0.012 ms  2702/5208096 (0.052%)  receiver

iperf Done.
