Connecting to host 10.10.0.2, port 30000
[  5] local 10.0.1.204 port 53712 connected to 10.10.0.2 port 30000
[ ID] Interval           Transfer     Bitrate         Total Datagrams
[  5]   0.00-1.00   sec   111 MBytes   928 Mbits/sec  82955  
[  5]   1.00-2.00   sec   108 MBytes   903 Mbits/sec  80772  
[  5]   2.00-3.00   sec   110 MBytes   926 Mbits/sec  82829  
[  5]   3.00-4.00   sec   115 MBytes   966 Mbits/sec  86336  
[  5]   4.00-5.00   sec   115 MBytes   963 Mbits/sec  86123  
[  5]   5.00-6.00   sec   111 MBytes   933 Mbits/sec  83439  
[  5]   6.00-7.00   sec   106 MBytes   887 Mbits/sec  79300  
[  5]   7.00-8.00   sec   111 MBytes   927 Mbits/sec  82915  
[  5]   8.00-9.00   sec   109 MBytes   917 Mbits/sec  82008  
[  5]   9.00-10.00  sec   112 MBytes   939 Mbits/sec  83938  
[  5]  10.00-11.00  sec   115 MBytes   967 Mbits/sec  86418  
[  5]  11.00-12.00  sec   112 MBytes   936 Mbits/sec  83722  
[  5]  12.00-13.00  sec   112 MBytes   940 Mbits/sec  84056  
[  5]  13.00-14.00  sec   114 MBytes   953 Mbits/sec  85193  
[  5]  14.00-15.00  sec   107 MBytes   895 Mbits/sec  80065  
[  5]  15.00-16.00  sec   113 MBytes   952 Mbits/sec  85114  
[  5]  16.00-17.00  sec   103 MBytes   861 Mbits/sec  77025  
[  5]  17.00-18.00  sec   112 MBytes   939 Mbits/sec  83972  
[  5]  18.00-19.00  sec   107 MBytes   902 Mbits/sec  80619  
[  5]  19.00-20.00  sec   113 MBytes   944 Mbits/sec  84408  
[  5]  20.00-21.00  sec   115 MBytes   967 Mbits/sec  86472  
[  5]  21.00-22.00  sec   113 MBytes   950 Mbits/sec  84987  
[  5]  22.00-23.00  sec   112 MBytes   942 Mbits/sec  84185  
[  5]  23.00-24.00  sec   103 MBytes   866 Mbits/sec  77411  
[  5]  24.00-25.00  sec   109 MBytes   918 Mbits/sec  82086  
[  5]  25.00-26.00  sec   103 MBytes   867 Mbits/sec  77508  
[  5]  26.00-27.00  sec   106 MBytes   886 Mbits/sec  79256  
[  5]  27.00-28.00  sec   114 MBytes   952 Mbits/sec  85157  
[  5]  28.00-29.00  sec   115 MBytes   963 Mbits/sec  86115  
[  5]  29.00-30.00  sec   111 MBytes   933 Mbits/sec  83426  
[  5]  30.00-31.00  sec   107 MBytes   901 Mbits/sec  80537  
[  5]  31.00-32.00  sec   106 MBytes   893 Mbits/sec  79829  
[  5]  32.00-33.00  sec   113 MBytes   948 Mbits/sec  84750  
[  5]  33.00-34.00  sec   109 MBytes   916 Mbits/sec  81933  
[  5]  34.00-35.00  sec   108 MBytes   909 Mbits/sec  81270  
[  5]  35.00-36.00  sec   108 MBytes   903 Mbits/sec  80784  
[  5]  36.00-37.00  sec   111 MBytes   928 Mbits/sec  82964  
[  5]  37.00-38.00  sec   109 MBytes   915 Mbits/sec  81849  
[  5]  38.00-39.00  sec   114 MBytes   960 Mbits/sec  85867  
[  5]  39.00-40.00  sec   112 MBytes   943 Mbits/sec  84360  
[  5]  40.00-41.00  sec   112 MBytes   941 Mbits/sec  84114  
[  5]  41.00-42.00  sec   111 MBytes   934 Mbits/sec  83472  
[  5]  42.00-43.00  sec   109 MBytes   914 Mbits/sec  81685  
[  5]  43.00-44.00  sec   112 MBytes   940 Mbits/sec  84014  
[  5]  44.00-45.00  sec   111 MBytes   928 Mbits/sec  82968  
[  5]  45.00-46.00  sec   110 MBytes   927 Mbits/sec  82844  
[  5]  46.00-47.00  sec   109 MBytes   917 Mbits/sec  81995  
[  5]  47.00-48.00  sec   109 MBytes   914 Mbits/sec  81697  
[  5]  48.00-49.00  sec   107 MBytes   900 Mbits/sec  80491  
[  5]  49.00-50.00  sec   115 MBytes   963 Mbits/sec  86078  
[  5]  50.00-51.00  sec   115 MBytes   961 Mbits/sec  85968  
[  5]  51.00-52.00  sec   114 MBytes   954 Mbits/sec  85302  
[  5]  52.00-53.00  sec   107 MBytes   901 Mbits/sec  80590  
[  5]  53.00-54.00  sec   112 MBytes   943 Mbits/sec  84342  
[  5]  54.00-55.00  sec   112 MBytes   936 Mbits/sec  83733  
[  5]  55.00-56.00  sec   112 MBytes   941 Mbits/sec  84142  
[  5]  56.00-57.00  sec   114 MBytes   956 Mbits/sec  85491  
[  5]  57.00-58.00  sec   111 MBytes   931 Mbits/sec  83201  
[  5]  58.00-59.00  sec   110 MBytes   923 Mbits/sec  82491  
[  5]  59.00-60.00  sec   107 MBytes   899 Mbits/sec  80368  
- - - - - - - - - - - - - - - - - - - - - - - - -
[ ID] Interval           Transfer     Bitrate         Jitter    Lost/Total Datagrams
[  5]   0.00-60.00  sec  6.48 GBytes   928 Mbits/sec  0.000 ms  0/4976939 (0%)  sender
[  5]   0.00-60.00  sec  6.44 GBytes   922 Mbits/sec  0.010 ms  30451/4976938 (0.61%)  receiver

iperf Done.
