Connecting to host 10.10.0.5, port 30000
[  5] local 10.244.1.2 port 55693 connected to 10.10.0.5 port 30000
[ ID] Interval           Transfer     Bitrate         Total Datagrams
[  5]   0.00-1.00   sec   194 MBytes  1626 Mbits/sec  145407  
[  5]   1.00-2.00   sec   196 MBytes  1643 Mbits/sec  146929  
[  5]   2.00-3.00   sec   196 MBytes  1648 Mbits/sec  147382  
[  5]   3.00-4.00   sec   195 MBytes  1634 Mbits/sec  146136  
[  5]   4.00-5.00   sec   195 MBytes  1639 Mbits/sec  146514  
[  5]   5.00-6.00   sec   196 MBytes  1643 Mbits/sec  146861  
[  5]   6.00-7.00   sec   194 MBytes  1629 Mbits/sec  145691  
[  5]   7.00-8.00   sec   196 MBytes  1641 Mbits/sec  146697  
[  5]   8.00-9.00   sec   196 MBytes  1645 Mbits/sec  147057  
[  5]   9.00-10.00  sec   196 MBytes  1648 Mbits/sec  147318  
[  5]  10.00-11.00  sec   194 MBytes  1630 Mbits/sec  145724  
[  5]  11.00-12.00  sec   156 MBytes  1309 Mbits/sec  117016  
[  5]  12.00-13.00  sec   155 MBytes  1298 Mbits/sec  116052  
[  5]  13.00-14.00  sec   153 MBytes  1286 Mbits/sec  114965  
[  5]  14.00-15.00  sec   153 MBytes  1280 Mbits/sec  114442  
[  5]  15.00-16.00  sec   154 MBytes  1293 Mbits/sec  115601  
[  5]  16.00-17.00  sec   156 MBytes  1305 Mbits/sec  116679  
[  5]  17.00-18.00  sec   153 MBytes  1282 Mbits/sec  114663  
[  5]  18.00-19.00  sec   153 MBytes  1280 Mbits/sec  114459  
[  5]  19.00-20.00  sec   155 MBytes  1299 Mbits/sec  116181  
[  5]  20.00-21.00  sec   154 MBytes  1288 Mbits/sec  115180  
[  5]  21.00-22.00  sec   153 MBytes  1287 Mbits/sec  115111  
[  5]  22.00-23.00  sec   154 MBytes  1295 Mbits/sec  115758  
[  5]  23.00-24.00  sec   155 MBytes  1300 Mbits/sec  116253  
[  5]  24.00-25.00  sec   157 MBytes  1315 Mbits/sec  117535  
[  5]  25.00-26.00  sec   155 MBytes  1302 Mbits/sec  116415  
[  5]  26.00-27.00  sec   155 MBytes  1298 Mbits/sec  116032  
[  5]  27.00-28.00  sec   154 MBytes  1292 Mbits/sec  115498  
[  5]  28.00-29.00  sec   155 MBytes  1303 Mbits/sec  116506  
[  5]  29.00-30.00  sec   156 MBytes  1308 Mbits/sec  116930  
[  5]  30.00-31.00  sec   154 MBytes  1293 Mbits/sec  115651  
[  5]  31.00-32.00  sec   152 MBytes  1278 Mbits/sec  114261  
[  5]  32.00-33.00  sec   151 MBytes  1266 Mbits/sec  113199  
[  5]  33.00-34.00  sec   156 MBytes  1311 Mbits/sec  117260  
[  5]  34.00-35.00  sec   151 MBytes  1267 Mbits/sec  113292  
[  5]  35.00-36.00  sec   154 MBytes  1288 Mbits/sec  115151  
[  5]  36.00-37.00  sec   153 MBytes  1283 Mbits/sec  114755  
[  5]  37.00-38.00  sec   153 MBytes  1281 Mbits/sec  114517  
[  5]  38.00-39.00  sec   153 MBytes  1281 Mbits/sec  114533  
[  5]  39.00-40.00  sec   153 MBytes  1282 Mbits/sec  114668  
[  5]  40.00-41.00  sec   152 MBytes  1278 Mbits/sec  114271  
[  5]  41.00-42.00  sec   153 MBytes  1283 Mbits/sec  114723  
[  5]  42.00-43.00  sec   153 MBytes  1282 Mbits/sec  114622  
[  5]  43.00-44.00  sec   152 MBytes  1277 Mbits/sec  114216  
[  5]  44.00-45.00  sec   152 MBytes  1279 Mbits/sec  114355  
[  5]  45.00-46.00  sec   152 MBytes  1277 Mbits/sec  114138  
[  5]  46.00-47.00  sec   154 MBytes  1294 Mbits/sec  115662  
[  5]  47.00-48.00  sec   151 MBytes  1266 Mbits/sec  113221  
[  5]  48.00-49.00  sec   153 MBytes  1286 Mbits/sec  115013  
[  5]  49.00-50.00  sec   155 MBytes  1297 Mbits/sec  116001  
[  5]  50.00-51.00  sec   152 MBytes  1278 Mbits/sec  114248  
[  5]  51.00-52.00  sec   153 MBytes  1286 Mbits/sec  114959  
[  5]  52.00-53.00  sec   153 MBytes  1282 Mbits/sec  114608  
[  5]  53.00-54.00  sec   153 MBytes  1284 Mbits/sec  114834  
[  5]  54.00-55.00  sec   153 MBytes  1287 Mbits/sec  115062  
[  5]  55.00-56.00  sec   152 MBytes  1278 Mbits/sec  114234  
[  5]  56.00-57.00  sec   154 MBytes  1289 Mbits/sec  115211  
[  5]  57.00-58.00  sec   155 MBytes  1297 Mbits/sec  115961  
[  5]  58.00-59.00  sec   151 MBytes  1264 Mbits/sec  113009  
[  5]  59.00-60.00  sec   150 MBytes  1259 Mbits/sec  112552  
- - - - - - - - - - - - - - - - - - - - - - - - -
[ ID] Interval           Transfer     Bitrate         Jitter    Lost/Total Datagrams
[  5]   0.00-60.00  sec  9.44 GBytes  1352 Mbits/sec  0.000 ms  0/7251179 (0%)  sender
[  5]   0.00-60.00  sec  9.41 GBytes  1347 Mbits/sec  0.008 ms  23904/7251179 (0.33%)  receiver

iperf Done.
