Connecting to host 10.10.0.2, port 30000
[  5] local 10.244.2.2 port 46574 connected to 10.10.0.2 port 30000
[ ID] Interval           Transfer     Bitrate         Retr  Cwnd
[  5]   0.00-1.00   sec   456 MBytes  3820 Mbits/sec  1143   1.06 MBytes       
[  5]   1.00-2.00   sec   449 MBytes  3769 Mbits/sec  122   1.25 MBytes       
[  5]   2.00-3.00   sec   449 MBytes  3764 Mbits/sec   13   1.46 MBytes       
[  5]   3.00-4.00   sec   450 MBytes  3773 Mbits/sec  333   1.58 MBytes       
[  5]   4.00-5.01   sec   448 MBytes  3732 Mbits/sec   84   1.74 MBytes       
[  5]   5.01-6.00   sec   449 MBytes  3787 Mbits/sec  562   1.82 MBytes       
[  5]   6.00-7.00   sec   450 MBytes  3776 Mbits/sec  112   1.93 MBytes       
[  5]   7.00-8.00   sec   449 MBytes  3765 Mbits/sec  1050   2.00 MBytes       
[  5]   8.00-9.00   sec   445 MBytes  3733 Mbits/sec  3520   2.05 MBytes       
[  5]   9.00-10.00  sec   438 MBytes  3670 Mbits/sec  7336   2.07 MBytes       
[  5]  10.00-11.00  sec   444 MBytes  3723 Mbits/sec  5101   2.08 MBytes       
[  5]  11.00-12.00  sec   444 MBytes  3722 Mbits/sec  4517   2.17 MBytes       
[  5]  12.00-13.00  sec   445 MBytes  3733 Mbits/sec  2614   2.23 MBytes       
[  5]  13.00-14.00  sec   438 MBytes  3669 Mbits/sec  9818   1.10 MBytes       
[  5]  14.00-15.00  sec   448 MBytes  3755 Mbits/sec  307   1.26 MBytes       
[  5]  15.00-16.00  sec   449 MBytes  3764 Mbits/sec  606   1.35 MBytes       
[  5]  16.00-17.00  sec   449 MBytes  3761 Mbits/sec  972   1.47 MBytes       
[  5]  17.00-18.00  sec   448 MBytes  3757 Mbits/sec  1588   1.54 MBytes       
[  5]  18.00-19.00  sec   444 MBytes  3723 Mbits/sec  1579   1.60 MBytes       
[  5]  19.00-20.00  sec   451 MBytes  3784 Mbits/sec  1823   1.68 MBytes       
[  5]  20.00-21.00  sec   442 MBytes  3713 Mbits/sec  4529   1.71 MBytes       
[  5]  21.00-22.00  sec   445 MBytes  3732 Mbits/sec  3241   1.77 MBytes       
[  5]  22.00-23.00  sec   445 MBytes  3734 Mbits/sec  3595   1.30 MBytes       
[  5]  23.00-24.00  sec   448 MBytes  3752 Mbits/sec  1108   1.33 MBytes       
[  5]  24.00-25.00  sec   448 MBytes  3754 Mbits/sec  1652   1.44 MBytes       
[  5]  25.00-26.00  sec   439 MBytes  3682 Mbits/sec  1701   1.50 MBytes       
[  5]  26.00-27.00  sec   455 MBytes  3816 Mbits/sec  1145   1.58 MBytes       
[  5]  27.00-28.00  sec   449 MBytes  3765 Mbits/sec  1608   1.67 MBytes       
[  5]  28.00-29.00  sec   446 MBytes  3744 Mbits/sec  1209   1.78 MBytes       
[  5]  29.00-30.00  sec   448 MBytes  3750 Mbits/sec  1968   1.84 MBytes       
[  5]  30.00-31.01  sec   444 MBytes  3703 Mbits/sec  3476   1.89 MBytes       
[  5]  31.01-32.00  sec   446 MBytes  3767 Mbits/sec  2716   1.96 MBytes       
[  5]  32.00-33.00  sec   442 MBytes  3703 Mbits/sec  3735   2.01 MBytes       
[  5]  33.00-34.00  sec   448 MBytes  3763 Mbits/sec  3098   1.49 MBytes       
[  5]  34.00-35.00  sec   449 MBytes  3761 Mbits/sec  622   1.57 MBytes       
[  5]  35.00-36.00  sec   446 MBytes  3747 Mbits/sec  1514   1.62 MBytes       
[  5]  36.00-37.00  sec   448 MBytes  3754 Mbits/sec  1807   1.69 MBytes       
[  5]  37.00-38.00  sec   446 MBytes  3743 Mbits/sec  1549   1.75 MBytes       
[  5]  38.00-39.00  sec   446 MBytes  3743 Mbits/sec  2545   1.78 MBytes       
[  5]  39.00-40.00  sec   446 MBytes  3740 Mbits/sec  3053   1.83 MBytes       
[  5]  40.00-41.00  sec   444 MBytes  3723 Mbits/sec  4029   1.85 MBytes       
[  5]  41.00-42.00  sec   445 MBytes  3735 Mbits/sec  2946   1.59 MBytes       
[  5]  42.00-43.00  sec   442 MBytes  3712 Mbits/sec  5045   1.38 MBytes       
[  5]  43.00-44.00  sec   445 MBytes  3733 Mbits/sec  860   1.49 MBytes       
[  5]  44.00-45.00  sec   451 MBytes  3783 Mbits/sec  1588   1.57 MBytes       
[  5]  45.00-46.00  sec   445 MBytes  3736 Mbits/sec  1859   1.63 MBytes       
[  5]  46.00-47.00  sec   449 MBytes  3762 Mbits/sec  1791   1.72 MBytes       
[  5]  47.00-48.00  sec   445 MBytes  3733 Mbits/sec  3281   1.79 MBytes       
[  5]  48.00-49.00  sec   445 MBytes  3735 Mbits/sec  1913   1.87 MBytes       
[  5]  49.00-50.00  sec   450 MBytes  3775 Mbits/sec  1212   1.96 MBytes       
[  5]  50.00-51.00  sec   445 MBytes  3732 Mbits/sec  3133   1.43 MBytes       
[  5]  51.00-52.00  sec   448 MBytes  3755 Mbits/sec  756   1.40 MBytes       
[  5]  52.00-53.00  sec   448 MBytes  3754 Mbits/sec  1283   1.64 MBytes       
[  5]  53.00-54.00  sec   448 MBytes  3754 Mbits/sec  2198   1.71 MBytes       
[  5]  54.00-55.00  sec   446 MBytes  3742 Mbits/sec  1630   1.78 MBytes       
[  5]  55.00-56.00  sec   446 MBytes  3744 Mbits/sec  1999   1.83 MBytes       
[  5]  56.00-57.00  sec   446 MBytes  3740 Mbits/sec  3399   1.87 MBytes       
[  5]  57.00-58.00  sec   444 MBytes  3726 Mbits/sec  1845   1.95 MBytes       
[  5]  58.00-59.00  sec   449 MBytes  3764 Mbits/sec  2075   2.04 MBytes       
[  5]  59.00-60.00  sec   446 MBytes  3744 Mbits/sec  2632   1.54 MBytes       
- - - - - - - - - - - - - - - - - - - - - - - - -
[ ID] Interval           Transfer     Bitrate         Retr
[  5]   0.00-60.00  sec  26.2 GBytes  3745 Mbits/sec  134545             sender
[  5]   0.00-60.02  sec  26.2 GBytes  3744 Mbits/sec                  receiver

iperf Done.
