Connecting to host 10.10.0.4, port 30000
[  5] local 10.44.0.1 port 56641 connected to 10.10.0.4 port 30000
[ ID] Interval           Transfer     Bitrate         Total Datagrams
[  5]   0.00-1.00   sec   117 MBytes   982 Mbits/sec  92711  
[  5]   1.00-2.00   sec   120 MBytes  1008 Mbits/sec  95122  
[  5]   2.00-3.00   sec   120 MBytes  1008 Mbits/sec  95187  
[  5]   3.00-4.00   sec   118 MBytes   986 Mbits/sec  93118  
[  5]   4.00-5.00   sec   120 MBytes  1004 Mbits/sec  94763  
[  5]   5.00-6.00   sec   119 MBytes  1002 Mbits/sec  94605  
[  5]   6.00-7.00   sec   118 MBytes   993 Mbits/sec  93731  
[  5]   7.00-8.00   sec   118 MBytes   991 Mbits/sec  93578  
[  5]   8.00-9.00   sec   118 MBytes   990 Mbits/sec  93498  
[  5]   9.00-10.00  sec   119 MBytes   996 Mbits/sec  94057  
[  5]  10.00-11.00  sec   119 MBytes   998 Mbits/sec  94198  
[  5]  11.00-12.00  sec   120 MBytes  1003 Mbits/sec  94652  
[  5]  12.00-13.00  sec   119 MBytes  1000 Mbits/sec  94447  
[  5]  13.00-14.00  sec   119 MBytes   995 Mbits/sec  93910  
[  5]  14.00-15.00  sec   119 MBytes   998 Mbits/sec  94212  
[  5]  15.00-16.00  sec   120 MBytes  1003 Mbits/sec  94681  
[  5]  16.00-17.00  sec   120 MBytes  1003 Mbits/sec  94661  
[  5]  17.00-18.00  sec   118 MBytes   994 Mbits/sec  93835  
[  5]  18.00-19.00  sec   120 MBytes  1003 Mbits/sec  94672  
[  5]  19.00-20.00  sec   120 MBytes  1006 Mbits/sec  94987  
[  5]  20.00-21.00  sec   118 MBytes   992 Mbits/sec  93657  
[  5]  21.00-22.00  sec   119 MBytes   998 Mbits/sec  94258  
[  5]  22.00-23.00  sec   117 MBytes   981 Mbits/sec  92592  
[  5]  23.00-24.00  sec   121 MBytes  1015 Mbits/sec  95809  
[  5]  24.00-25.00  sec   120 MBytes  1003 Mbits/sec  94672  
[  5]  25.00-26.00  sec   119 MBytes   995 Mbits/sec  93919  
[  5]  26.00-27.00  sec   118 MBytes   986 Mbits/sec  93102  
[  5]  27.00-28.00  sec   119 MBytes  1002 Mbits/sec  94633  
[  5]  28.00-29.00  sec   120 MBytes  1006 Mbits/sec  95001  
[  5]  29.00-30.00  sec   118 MBytes   990 Mbits/sec  93426  
[  5]  30.00-31.00  sec   117 MBytes   981 Mbits/sec  92615  
[  5]  31.00-32.00  sec   118 MBytes   988 Mbits/sec  93285  
[  5]  32.00-33.00  sec   121 MBytes  1018 Mbits/sec  96142  
[  5]  33.00-34.00  sec   121 MBytes  1015 Mbits/sec  95849  
[  5]  34.00-35.00  sec   118 MBytes   991 Mbits/sec  93572  
[  5]  35.00-36.00  sec   117 MBytes   985 Mbits/sec  93024  
[  5]  36.00-37.00  sec   117 MBytes   984 Mbits/sec  92853  
[  5]  37.00-38.00  sec   120 MBytes  1007 Mbits/sec  95048  
[  5]  38.00-39.00  sec   120 MBytes  1004 Mbits/sec  94745  
[  5]  39.00-40.00  sec   123 MBytes  1029 Mbits/sec  97110  
[  5]  40.00-41.00  sec   121 MBytes  1016 Mbits/sec  95957  
[  5]  41.00-42.00  sec   119 MBytes  1000 Mbits/sec  94398  
[  5]  42.00-43.00  sec   119 MBytes   998 Mbits/sec  94261  
[  5]  43.00-44.00  sec   120 MBytes  1003 Mbits/sec  94660  
[  5]  44.00-45.00  sec   118 MBytes   988 Mbits/sec  93282  
[  5]  45.00-46.00  sec   118 MBytes   988 Mbits/sec  93241  
[  5]  46.00-47.00  sec   119 MBytes   997 Mbits/sec  94138  
[  5]  47.00-48.00  sec   119 MBytes   999 Mbits/sec  94350  
[  5]  48.00-49.00  sec   117 MBytes   982 Mbits/sec  92713  
[  5]  49.00-50.00  sec   117 MBytes   981 Mbits/sec  92585  
[  5]  50.00-51.00  sec   117 MBytes   985 Mbits/sec  93035  
[  5]  51.00-52.00  sec   118 MBytes   993 Mbits/sec  93758  
[  5]  52.00-53.00  sec   118 MBytes   987 Mbits/sec  93183  
[  5]  53.00-54.00  sec   116 MBytes   972 Mbits/sec  91746  
[  5]  54.00-55.00  sec   117 MBytes   981 Mbits/sec  92644  
[  5]  55.00-56.00  sec   117 MBytes   986 Mbits/sec  93048  
[  5]  56.00-57.00  sec   118 MBytes   987 Mbits/sec  93210  
[  5]  57.00-58.00  sec   120 MBytes  1008 Mbits/sec  95129  
[  5]  58.00-59.00  sec   122 MBytes  1025 Mbits/sec  96734  
[  5]  59.00-60.00  sec   121 MBytes  1016 Mbits/sec  95927  
- - - - - - - - - - - - - - - - - - - - - - - - -
[ ID] Interval           Transfer     Bitrate         Jitter    Lost/Total Datagrams
[  5]   0.00-60.00  sec  6.96 GBytes   997 Mbits/sec  0.000 ms  0/5647936 (0%)  sender
[  5]   0.00-60.00  sec  6.96 GBytes   997 Mbits/sec  0.010 ms  1337/5647936 (0.024%)  receiver

iperf Done.
