Connecting to host 10.10.0.5, port 30000
[  5] local 10.36.0.1 port 59031 connected to 10.10.0.5 port 30000
[  7] local 10.36.0.1 port 42523 connected to 10.10.0.5 port 30000
[  9] local 10.36.0.1 port 41783 connected to 10.10.0.5 port 30000
[ 11] local 10.36.0.1 port 55332 connected to 10.10.0.5 port 30000
[ 13] local 10.36.0.1 port 43670 connected to 10.10.0.5 port 30000
[ 15] local 10.36.0.1 port 54014 connected to 10.10.0.5 port 30000
[ 17] local 10.36.0.1 port 41342 connected to 10.10.0.5 port 30000
[ 19] local 10.36.0.1 port 41917 connected to 10.10.0.5 port 30000
[ 21] local 10.36.0.1 port 32977 connected to 10.10.0.5 port 30000
[ 23] local 10.36.0.1 port 42566 connected to 10.10.0.5 port 30000
[ 25] local 10.36.0.1 port 41538 connected to 10.10.0.5 port 30000
[ 27] local 10.36.0.1 port 55795 connected to 10.10.0.5 port 30000
[ 29] local 10.36.0.1 port 50333 connected to 10.10.0.5 port 30000
[ 31] local 10.36.0.1 port 43120 connected to 10.10.0.5 port 30000
[ 33] local 10.36.0.1 port 34464 connected to 10.10.0.5 port 30000
[ 35] local 10.36.0.1 port 46928 connected to 10.10.0.5 port 30000
[ 37] local 10.36.0.1 port 34619 connected to 10.10.0.5 port 30000
[ 39] local 10.36.0.1 port 39284 connected to 10.10.0.5 port 30000
[ 41] local 10.36.0.1 port 39986 connected to 10.10.0.5 port 30000
[ 43] local 10.36.0.1 port 38237 connected to 10.10.0.5 port 30000
[ ID] Interval           Transfer     Bitrate         Total Datagrams
[  5]   0.00-1.00   sec  13.3 MBytes   112 Mbits/sec  10540  
[  7]   0.00-1.00   sec  13.3 MBytes   112 Mbits/sec  10535  
[  9]   0.00-1.00   sec  13.3 MBytes   111 Mbits/sec  10527  
[ 11]   0.00-1.00   sec  13.3 MBytes   111 Mbits/sec  10524  
[ 13]   0.00-1.00   sec  13.3 MBytes   111 Mbits/sec  10520  
[ 15]   0.00-1.00   sec  13.3 MBytes   111 Mbits/sec  10515  
[ 17]   0.00-1.00   sec  13.3 MBytes   111 Mbits/sec  10512  
[ 19]   0.00-1.00   sec  13.3 MBytes   111 Mbits/sec  10507  
[ 21]   0.00-1.00   sec  13.3 MBytes   111 Mbits/sec  10499  
[ 23]   0.00-1.00   sec  13.3 MBytes   111 Mbits/sec  10494  
[ 25]   0.00-1.00   sec  13.2 MBytes   111 Mbits/sec  10488  
[ 27]   0.00-1.00   sec  13.2 MBytes   111 Mbits/sec  10484  
[ 29]   0.00-1.00   sec  13.2 MBytes   111 Mbits/sec  10481  
[ 31]   0.00-1.00   sec  13.2 MBytes   111 Mbits/sec  10478  
[ 33]   0.00-1.00   sec  13.2 MBytes   111 Mbits/sec  10472  
[ 35]   0.00-1.00   sec  13.2 MBytes   111 Mbits/sec  10465  
[ 37]   0.00-1.00   sec  13.2 MBytes   111 Mbits/sec  10457  
[ 39]   0.00-1.00   sec  13.2 MBytes   111 Mbits/sec  10450  
[ 41]   0.00-1.00   sec  13.2 MBytes   111 Mbits/sec  10444  
[ 43]   0.00-1.00   sec  13.2 MBytes   111 Mbits/sec  10443  
[SUM]   0.00-1.00   sec   265 MBytes  2222 Mbits/sec  209835  
- - - - - - - - - - - - - - - - - - - - - - - - -
[  5]   1.00-2.00   sec  13.5 MBytes   113 Mbits/sec  10676  
[  7]   1.00-2.00   sec  13.5 MBytes   113 Mbits/sec  10668  
[  9]   1.00-2.00   sec  13.5 MBytes   113 Mbits/sec  10664  
[ 11]   1.00-2.00   sec  13.5 MBytes   113 Mbits/sec  10657  
[ 13]   1.00-2.00   sec  13.5 MBytes   113 Mbits/sec  10654  
[ 15]   1.00-2.00   sec  13.4 MBytes   113 Mbits/sec  10647  
[ 17]   1.00-2.00   sec  13.4 MBytes   113 Mbits/sec  10642  
[ 19]   1.00-2.00   sec  13.4 MBytes   113 Mbits/sec  10640  
[ 21]   1.00-2.00   sec  13.4 MBytes   113 Mbits/sec  10636  
[ 23]   1.00-2.00   sec  13.4 MBytes   113 Mbits/sec  10633  
[ 25]   1.00-2.00   sec  13.4 MBytes   113 Mbits/sec  10628  
[ 27]   1.00-2.00   sec  13.4 MBytes   113 Mbits/sec  10623  
[ 29]   1.00-2.00   sec  13.4 MBytes   112 Mbits/sec  10617  
[ 31]   1.00-2.00   sec  13.4 MBytes   112 Mbits/sec  10612  
[ 33]   1.00-2.00   sec  13.4 MBytes   112 Mbits/sec  10611  
[ 35]   1.00-2.00   sec  13.4 MBytes   112 Mbits/sec  10607  
[ 37]   1.00-2.00   sec  13.4 MBytes   112 Mbits/sec  10603  
[ 39]   1.00-2.00   sec  13.4 MBytes   112 Mbits/sec  10596  
[ 41]   1.00-2.00   sec  13.4 MBytes   112 Mbits/sec  10590  
[ 43]   1.00-2.00   sec  13.4 MBytes   112 Mbits/sec  10585  
[SUM]   1.00-2.00   sec   268 MBytes  2252 Mbits/sec  212589  
- - - - - - - - - - - - - - - - - - - - - - - - -
[  5]   2.00-3.00   sec  14.6 MBytes   122 Mbits/sec  11533  
[  7]   2.00-3.00   sec  14.6 MBytes   122 Mbits/sec  11526  
[  9]   2.00-3.00   sec  14.5 MBytes   122 Mbits/sec  11520  
[ 11]   2.00-3.00   sec  14.5 MBytes   122 Mbits/sec  11517  
[ 13]   2.00-3.00   sec  14.5 MBytes   122 Mbits/sec  11515  
[ 15]   2.00-3.00   sec  14.5 MBytes   122 Mbits/sec  11509  
[ 17]   2.00-3.00   sec  14.5 MBytes   122 Mbits/sec  11505  
[ 19]   2.00-3.00   sec  14.5 MBytes   122 Mbits/sec  11502  
[ 21]   2.00-3.00   sec  14.5 MBytes   122 Mbits/sec  11497  
[ 23]   2.00-3.00   sec  14.5 MBytes   122 Mbits/sec  11486  
[ 25]   2.00-3.00   sec  14.5 MBytes   122 Mbits/sec  11479  
[ 27]   2.00-3.00   sec  14.5 MBytes   122 Mbits/sec  11473  
[ 29]   2.00-3.00   sec  14.5 MBytes   121 Mbits/sec  11467  
[ 31]   2.00-3.00   sec  14.5 MBytes   121 Mbits/sec  11459  
[ 33]   2.00-3.00   sec  14.5 MBytes   121 Mbits/sec  11451  
[ 35]   2.00-3.00   sec  14.4 MBytes   121 Mbits/sec  11441  
[ 37]   2.00-3.00   sec  14.4 MBytes   121 Mbits/sec  11440  
[ 39]   2.00-3.00   sec  14.4 MBytes   121 Mbits/sec  11434  
[ 41]   2.00-3.00   sec  14.4 MBytes   121 Mbits/sec  11428  
[ 43]   2.00-3.00   sec  14.4 MBytes   121 Mbits/sec  11420  
[SUM]   2.00-3.00   sec   290 MBytes  2432 Mbits/sec  229602  
- - - - - - - - - - - - - - - - - - - - - - - - -
[  5]   3.00-4.00   sec  15.2 MBytes   127 Mbits/sec  12006  
[  7]   3.00-4.00   sec  15.2 MBytes   127 Mbits/sec  12001  
[  9]   3.00-4.00   sec  15.1 MBytes   127 Mbits/sec  11996  
[ 11]   3.00-4.00   sec  15.1 MBytes   127 Mbits/sec  11989  
[ 13]   3.00-4.00   sec  15.1 MBytes   127 Mbits/sec  11982  
[ 15]   3.00-4.00   sec  15.1 MBytes   127 Mbits/sec  11978  
[ 17]   3.00-4.00   sec  15.1 MBytes   127 Mbits/sec  11974  
[ 19]   3.00-4.00   sec  15.1 MBytes   127 Mbits/sec  11966  
[ 21]   3.00-4.00   sec  15.1 MBytes   127 Mbits/sec  11960  
[ 23]   3.00-4.00   sec  15.1 MBytes   127 Mbits/sec  11951  
[ 25]   3.00-4.00   sec  15.1 MBytes   127 Mbits/sec  11947  
[ 27]   3.00-4.00   sec  15.1 MBytes   126 Mbits/sec  11942  
[ 29]   3.00-4.00   sec  15.1 MBytes   126 Mbits/sec  11936  
[ 31]   3.00-4.00   sec  15.1 MBytes   126 Mbits/sec  11929  
[ 33]   3.00-4.00   sec  15.1 MBytes   126 Mbits/sec  11922  
[ 35]   3.00-4.00   sec  15.0 MBytes   126 Mbits/sec  11917  
[ 37]   3.00-4.00   sec  15.0 MBytes   126 Mbits/sec  11913  
[ 39]   3.00-4.00   sec  15.0 MBytes   126 Mbits/sec  11905  
[ 41]   3.00-4.00   sec  15.0 MBytes   126 Mbits/sec  11901  
[ 43]   3.00-4.00   sec  15.0 MBytes   126 Mbits/sec  11885  
[SUM]   3.00-4.00   sec   302 MBytes  2531 Mbits/sec  239000  
- - - - - - - - - - - - - - - - - - - - - - - - -
[  5]   4.00-5.00   sec  11.0 MBytes  92.4 Mbits/sec  8720  
[  7]   4.00-5.00   sec  11.0 MBytes  92.4 Mbits/sec  8719  
[  9]   4.00-5.00   sec  11.0 MBytes  92.3 Mbits/sec  8717  
[ 11]   4.00-5.00   sec  11.0 MBytes  92.3 Mbits/sec  8715  
[ 13]   4.00-5.00   sec  11.0 MBytes  92.3 Mbits/sec  8714  
[ 15]   4.00-5.00   sec  11.0 MBytes  92.3 Mbits/sec  8713  
[ 17]   4.00-5.00   sec  11.0 MBytes  92.3 Mbits/sec  8713  
[ 19]   4.00-5.00   sec  11.0 MBytes  92.3 Mbits/sec  8713  
[ 21]   4.00-5.00   sec  11.0 MBytes  92.3 Mbits/sec  8712  
[ 23]   4.00-5.00   sec  11.0 MBytes  92.3 Mbits/sec  8712  
[ 25]   4.00-5.00   sec  11.0 MBytes  92.3 Mbits/sec  8711  
[ 27]   4.00-5.00   sec  11.0 MBytes  92.3 Mbits/sec  8711  
[ 29]   4.00-5.00   sec  11.0 MBytes  92.3 Mbits/sec  8711  
[ 31]   4.00-5.00   sec  11.0 MBytes  92.2 Mbits/sec  8709  
[ 33]   4.00-5.00   sec  11.0 MBytes  92.2 Mbits/sec  8709  
[ 35]   4.00-5.00   sec  11.0 MBytes  92.2 Mbits/sec  8708  
[ 37]   4.00-5.00   sec  11.0 MBytes  92.2 Mbits/sec  8708  
[ 39]   4.00-5.00   sec  11.0 MBytes  92.2 Mbits/sec  8708  
[ 41]   4.00-5.00   sec  11.0 MBytes  92.2 Mbits/sec  8708  
[ 43]   4.00-5.00   sec  11.0 MBytes  92.2 Mbits/sec  8705  
[SUM]   4.00-5.00   sec   220 MBytes  1846 Mbits/sec  174236  
- - - - - - - - - - - - - - - - - - - - - - - - -
[  5]   5.00-6.00   sec  10.9 MBytes  91.7 Mbits/sec  8660  
[  7]   5.00-6.00   sec  10.9 MBytes  91.7 Mbits/sec  8660  
[  9]   5.00-6.00   sec  10.9 MBytes  91.7 Mbits/sec  8660  
[ 11]   5.00-6.00   sec  10.9 MBytes  91.7 Mbits/sec  8660  
[ 13]   5.00-6.00   sec  10.9 MBytes  91.7 Mbits/sec  8660  
[ 15]   5.00-6.00   sec  10.9 MBytes  91.7 Mbits/sec  8660  
[ 17]   5.00-6.00   sec  10.9 MBytes  91.7 Mbits/sec  8660  
[ 19]   5.00-6.00   sec  10.9 MBytes  91.7 Mbits/sec  8660  
[ 21]   5.00-6.00   sec  10.9 MBytes  91.7 Mbits/sec  8660  
[ 23]   5.00-6.00   sec  10.9 MBytes  91.7 Mbits/sec  8660  
[ 25]   5.00-6.00   sec  10.9 MBytes  91.7 Mbits/sec  8660  
[ 27]   5.00-6.00   sec  10.9 MBytes  91.7 Mbits/sec  8660  
[ 29]   5.00-6.00   sec  10.9 MBytes  91.7 Mbits/sec  8660  
[ 31]   5.00-6.00   sec  10.9 MBytes  91.7 Mbits/sec  8660  
[ 33]   5.00-6.00   sec  10.9 MBytes  91.7 Mbits/sec  8660  
[ 35]   5.00-6.00   sec  10.9 MBytes  91.7 Mbits/sec  8660  
[ 37]   5.00-6.00   sec  10.9 MBytes  91.7 Mbits/sec  8660  
[ 39]   5.00-6.00   sec  10.9 MBytes  91.7 Mbits/sec  8660  
[ 41]   5.00-6.00   sec  10.9 MBytes  91.7 Mbits/sec  8660  
[ 43]   5.00-6.00   sec  10.9 MBytes  91.7 Mbits/sec  8660  
[SUM]   5.00-6.00   sec   219 MBytes  1835 Mbits/sec  173200  
- - - - - - - - - - - - - - - - - - - - - - - - -
[  5]   6.00-7.00   sec  10.7 MBytes  89.7 Mbits/sec  8471  
[  7]   6.00-7.00   sec  10.7 MBytes  89.7 Mbits/sec  8471  
[  9]   6.00-7.00   sec  10.7 MBytes  89.7 Mbits/sec  8471  
[ 11]   6.00-7.00   sec  10.7 MBytes  89.7 Mbits/sec  8471  
[ 13]   6.00-7.00   sec  10.7 MBytes  89.7 Mbits/sec  8471  
[ 15]   6.00-7.00   sec  10.7 MBytes  89.7 Mbits/sec  8471  
[ 17]   6.00-7.00   sec  10.7 MBytes  89.7 Mbits/sec  8471  
[ 19]   6.00-7.00   sec  10.7 MBytes  89.7 Mbits/sec  8471  
[ 21]   6.00-7.00   sec  10.7 MBytes  89.7 Mbits/sec  8471  
[ 23]   6.00-7.00   sec  10.7 MBytes  89.7 Mbits/sec  8471  
[ 25]   6.00-7.00   sec  10.7 MBytes  89.7 Mbits/sec  8471  
[ 27]   6.00-7.00   sec  10.7 MBytes  89.7 Mbits/sec  8471  
[ 29]   6.00-7.00   sec  10.7 MBytes  89.7 Mbits/sec  8471  
[ 31]   6.00-7.00   sec  10.7 MBytes  89.7 Mbits/sec  8471  
[ 33]   6.00-7.00   sec  10.7 MBytes  89.7 Mbits/sec  8471  
[ 35]   6.00-7.00   sec  10.7 MBytes  89.7 Mbits/sec  8471  
[ 37]   6.00-7.00   sec  10.7 MBytes  89.7 Mbits/sec  8471  
[ 39]   6.00-7.00   sec  10.7 MBytes  89.7 Mbits/sec  8471  
[ 41]   6.00-7.00   sec  10.7 MBytes  89.7 Mbits/sec  8471  
[ 43]   6.00-7.00   sec  10.7 MBytes  89.7 Mbits/sec  8471  
[SUM]   6.00-7.00   sec   214 MBytes  1794 Mbits/sec  169420  
- - - - - - - - - - - - - - - - - - - - - - - - -
[  5]   7.00-8.00   sec  10.8 MBytes  90.3 Mbits/sec  8527  
[  7]   7.00-8.00   sec  10.8 MBytes  90.3 Mbits/sec  8527  
[  9]   7.00-8.00   sec  10.8 MBytes  90.3 Mbits/sec  8527  
[ 11]   7.00-8.00   sec  10.8 MBytes  90.3 Mbits/sec  8527  
[ 13]   7.00-8.00   sec  10.8 MBytes  90.3 Mbits/sec  8527  
[ 15]   7.00-8.00   sec  10.8 MBytes  90.3 Mbits/sec  8527  
[ 17]   7.00-8.00   sec  10.8 MBytes  90.3 Mbits/sec  8527  
[ 19]   7.00-8.00   sec  10.8 MBytes  90.3 Mbits/sec  8527  
[ 21]   7.00-8.00   sec  10.8 MBytes  90.3 Mbits/sec  8527  
[ 23]   7.00-8.00   sec  10.8 MBytes  90.3 Mbits/sec  8527  
[ 25]   7.00-8.00   sec  10.8 MBytes  90.3 Mbits/sec  8527  
[ 27]   7.00-8.00   sec  10.8 MBytes  90.3 Mbits/sec  8527  
[ 29]   7.00-8.00   sec  10.8 MBytes  90.3 Mbits/sec  8527  
[ 31]   7.00-8.00   sec  10.8 MBytes  90.3 Mbits/sec  8527  
[ 33]   7.00-8.00   sec  10.8 MBytes  90.3 Mbits/sec  8527  
[ 35]   7.00-8.00   sec  10.8 MBytes  90.3 Mbits/sec  8527  
[ 37]   7.00-8.00   sec  10.8 MBytes  90.3 Mbits/sec  8527  
[ 39]   7.00-8.00   sec  10.8 MBytes  90.3 Mbits/sec  8527  
[ 41]   7.00-8.00   sec  10.8 MBytes  90.3 Mbits/sec  8527  
[ 43]   7.00-8.00   sec  10.8 MBytes  90.3 Mbits/sec  8527  
[SUM]   7.00-8.00   sec   215 MBytes  1806 Mbits/sec  170540  
- - - - - - - - - - - - - - - - - - - - - - - - -
[  5]   8.00-9.00   sec  10.9 MBytes  91.7 Mbits/sec  8655  
[  7]   8.00-9.00   sec  10.9 MBytes  91.7 Mbits/sec  8655  
[  9]   8.00-9.00   sec  10.9 MBytes  91.7 Mbits/sec  8655  
[ 11]   8.00-9.00   sec  10.9 MBytes  91.7 Mbits/sec  8655  
[ 13]   8.00-9.00   sec  10.9 MBytes  91.7 Mbits/sec  8655  
[ 15]   8.00-9.00   sec  10.9 MBytes  91.7 Mbits/sec  8655  
[ 17]   8.00-9.00   sec  10.9 MBytes  91.7 Mbits/sec  8655  
[ 19]   8.00-9.00   sec  10.9 MBytes  91.7 Mbits/sec  8655  
[ 21]   8.00-9.00   sec  10.9 MBytes  91.7 Mbits/sec  8655  
[ 23]   8.00-9.00   sec  10.9 MBytes  91.7 Mbits/sec  8655  
[ 25]   8.00-9.00   sec  10.9 MBytes  91.7 Mbits/sec  8655  
[ 27]   8.00-9.00   sec  10.9 MBytes  91.7 Mbits/sec  8655  
[ 29]   8.00-9.00   sec  10.9 MBytes  91.7 Mbits/sec  8655  
[ 31]   8.00-9.00   sec  10.9 MBytes  91.7 Mbits/sec  8655  
[ 33]   8.00-9.00   sec  10.9 MBytes  91.7 Mbits/sec  8655  
[ 35]   8.00-9.00   sec  10.9 MBytes  91.7 Mbits/sec  8655  
[ 37]   8.00-9.00   sec  10.9 MBytes  91.7 Mbits/sec  8655  
[ 39]   8.00-9.00   sec  10.9 MBytes  91.7 Mbits/sec  8655  
[ 41]   8.00-9.00   sec  10.9 MBytes  91.7 Mbits/sec  8655  
[ 43]   8.00-9.00   sec  10.9 MBytes  91.7 Mbits/sec  8655  
[SUM]   8.00-9.00   sec   219 MBytes  1833 Mbits/sec  173100  
- - - - - - - - - - - - - - - - - - - - - - - - -
[  5]   9.00-10.00  sec  11.0 MBytes  92.2 Mbits/sec  8702  
[  7]   9.00-10.00  sec  11.0 MBytes  92.2 Mbits/sec  8702  
[  9]   9.00-10.00  sec  11.0 MBytes  92.2 Mbits/sec  8702  
[ 11]   9.00-10.00  sec  11.0 MBytes  92.2 Mbits/sec  8702  
[ 13]   9.00-10.00  sec  11.0 MBytes  92.2 Mbits/sec  8702  
[ 15]   9.00-10.00  sec  11.0 MBytes  92.2 Mbits/sec  8702  
[ 17]   9.00-10.00  sec  11.0 MBytes  92.2 Mbits/sec  8702  
[ 19]   9.00-10.00  sec  11.0 MBytes  92.2 Mbits/sec  8702  
[ 21]   9.00-10.00  sec  11.0 MBytes  92.2 Mbits/sec  8702  
[ 23]   9.00-10.00  sec  11.0 MBytes  92.2 Mbits/sec  8702  
[ 25]   9.00-10.00  sec  11.0 MBytes  92.2 Mbits/sec  8702  
[ 27]   9.00-10.00  sec  11.0 MBytes  92.2 Mbits/sec  8702  
[ 29]   9.00-10.00  sec  11.0 MBytes  92.2 Mbits/sec  8702  
[ 31]   9.00-10.00  sec  11.0 MBytes  92.2 Mbits/sec  8702  
[ 33]   9.00-10.00  sec  11.0 MBytes  92.2 Mbits/sec  8702  
[ 35]   9.00-10.00  sec  11.0 MBytes  92.2 Mbits/sec  8702  
[ 37]   9.00-10.00  sec  11.0 MBytes  92.2 Mbits/sec  8702  
[ 39]   9.00-10.00  sec  11.0 MBytes  92.2 Mbits/sec  8702  
[ 41]   9.00-10.00  sec  11.0 MBytes  92.2 Mbits/sec  8702  
[ 43]   9.00-10.00  sec  11.0 MBytes  92.2 Mbits/sec  8702  
[SUM]   9.00-10.00  sec   220 MBytes  1843 Mbits/sec  174040  
- - - - - - - - - - - - - - - - - - - - - - - - -
[  5]  10.00-11.00  sec  10.9 MBytes  91.4 Mbits/sec  8629  
[  7]  10.00-11.00  sec  10.9 MBytes  91.4 Mbits/sec  8629  
[  9]  10.00-11.00  sec  10.9 MBytes  91.4 Mbits/sec  8629  
[ 11]  10.00-11.00  sec  10.9 MBytes  91.4 Mbits/sec  8629  
[ 13]  10.00-11.00  sec  10.9 MBytes  91.4 Mbits/sec  8629  
[ 15]  10.00-11.00  sec  10.9 MBytes  91.4 Mbits/sec  8629  
[ 17]  10.00-11.00  sec  10.9 MBytes  91.4 Mbits/sec  8629  
[ 19]  10.00-11.00  sec  10.9 MBytes  91.4 Mbits/sec  8629  
[ 21]  10.00-11.00  sec  10.9 MBytes  91.4 Mbits/sec  8629  
[ 23]  10.00-11.00  sec  10.9 MBytes  91.4 Mbits/sec  8629  
[ 25]  10.00-11.00  sec  10.9 MBytes  91.4 Mbits/sec  8629  
[ 27]  10.00-11.00  sec  10.9 MBytes  91.4 Mbits/sec  8629  
[ 29]  10.00-11.00  sec  10.9 MBytes  91.4 Mbits/sec  8629  
[ 31]  10.00-11.00  sec  10.9 MBytes  91.4 Mbits/sec  8629  
[ 33]  10.00-11.00  sec  10.9 MBytes  91.4 Mbits/sec  8629  
[ 35]  10.00-11.00  sec  10.9 MBytes  91.4 Mbits/sec  8629  
[ 37]  10.00-11.00  sec  10.9 MBytes  91.4 Mbits/sec  8629  
[ 39]  10.00-11.00  sec  10.9 MBytes  91.4 Mbits/sec  8629  
[ 41]  10.00-11.00  sec  10.9 MBytes  91.4 Mbits/sec  8629  
[ 43]  10.00-11.00  sec  10.9 MBytes  91.4 Mbits/sec  8629  
[SUM]  10.00-11.00  sec   218 MBytes  1828 Mbits/sec  172580  
- - - - - - - - - - - - - - - - - - - - - - - - -
[  5]  11.00-12.00  sec  10.8 MBytes  90.2 Mbits/sec  8520  
[  7]  11.00-12.00  sec  10.8 MBytes  90.2 Mbits/sec  8520  
[  9]  11.00-12.00  sec  10.8 MBytes  90.2 Mbits/sec  8520  
[ 11]  11.00-12.00  sec  10.8 MBytes  90.2 Mbits/sec  8520  
[ 13]  11.00-12.00  sec  10.8 MBytes  90.2 Mbits/sec  8520  
[ 15]  11.00-12.00  sec  10.8 MBytes  90.2 Mbits/sec  8520  
[ 17]  11.00-12.00  sec  10.8 MBytes  90.2 Mbits/sec  8520  
[ 19]  11.00-12.00  sec  10.8 MBytes  90.2 Mbits/sec  8520  
[ 21]  11.00-12.00  sec  10.8 MBytes  90.2 Mbits/sec  8520  
[ 23]  11.00-12.00  sec  10.8 MBytes  90.2 Mbits/sec  8520  
[ 25]  11.00-12.00  sec  10.8 MBytes  90.2 Mbits/sec  8520  
[ 27]  11.00-12.00  sec  10.8 MBytes  90.2 Mbits/sec  8520  
[ 29]  11.00-12.00  sec  10.8 MBytes  90.2 Mbits/sec  8520  
[ 31]  11.00-12.00  sec  10.8 MBytes  90.2 Mbits/sec  8520  
[ 33]  11.00-12.00  sec  10.8 MBytes  90.2 Mbits/sec  8520  
[ 35]  11.00-12.00  sec  10.8 MBytes  90.2 Mbits/sec  8520  
[ 37]  11.00-12.00  sec  10.8 MBytes  90.2 Mbits/sec  8520  
[ 39]  11.00-12.00  sec  10.8 MBytes  90.2 Mbits/sec  8520  
[ 41]  11.00-12.00  sec  10.8 MBytes  90.2 Mbits/sec  8520  
[ 43]  11.00-12.00  sec  10.8 MBytes  90.2 Mbits/sec  8520  
[SUM]  11.00-12.00  sec   215 MBytes  1805 Mbits/sec  170400  
- - - - - - - - - - - - - - - - - - - - - - - - -
[  5]  12.00-13.00  sec  10.7 MBytes  89.9 Mbits/sec  8487  
[  7]  12.00-13.00  sec  10.7 MBytes  89.9 Mbits/sec  8487  
[  9]  12.00-13.00  sec  10.7 MBytes  89.9 Mbits/sec  8487  
[ 11]  12.00-13.00  sec  10.7 MBytes  89.9 Mbits/sec  8487  
[ 13]  12.00-13.00  sec  10.7 MBytes  89.9 Mbits/sec  8487  
[ 15]  12.00-13.00  sec  10.7 MBytes  89.9 Mbits/sec  8487  
[ 17]  12.00-13.00  sec  10.7 MBytes  89.9 Mbits/sec  8487  
[ 19]  12.00-13.00  sec  10.7 MBytes  89.9 Mbits/sec  8487  
[ 21]  12.00-13.00  sec  10.7 MBytes  89.9 Mbits/sec  8487  
[ 23]  12.00-13.00  sec  10.7 MBytes  89.9 Mbits/sec  8487  
[ 25]  12.00-13.00  sec  10.7 MBytes  89.9 Mbits/sec  8487  
[ 27]  12.00-13.00  sec  10.7 MBytes  89.9 Mbits/sec  8487  
[ 29]  12.00-13.00  sec  10.7 MBytes  89.9 Mbits/sec  8487  
[ 31]  12.00-13.00  sec  10.7 MBytes  89.9 Mbits/sec  8487  
[ 33]  12.00-13.00  sec  10.7 MBytes  89.9 Mbits/sec  8487  
[ 35]  12.00-13.00  sec  10.7 MBytes  89.9 Mbits/sec  8487  
[ 37]  12.00-13.00  sec  10.7 MBytes  89.9 Mbits/sec  8487  
[ 39]  12.00-13.00  sec  10.7 MBytes  89.9 Mbits/sec  8487  
[ 41]  12.00-13.00  sec  10.7 MBytes  89.9 Mbits/sec  8487  
[ 43]  12.00-13.00  sec  10.7 MBytes  89.9 Mbits/sec  8487  
[SUM]  12.00-13.00  sec   214 MBytes  1798 Mbits/sec  169740  
- - - - - - - - - - - - - - - - - - - - - - - - -
[  5]  13.00-14.00  sec  10.6 MBytes  89.2 Mbits/sec  8419  
[  7]  13.00-14.00  sec  10.6 MBytes  89.2 Mbits/sec  8419  
[  9]  13.00-14.00  sec  10.6 MBytes  89.2 Mbits/sec  8419  
[ 11]  13.00-14.00  sec  10.6 MBytes  89.2 Mbits/sec  8419  
[ 13]  13.00-14.00  sec  10.6 MBytes  89.2 Mbits/sec  8419  
[ 15]  13.00-14.00  sec  10.6 MBytes  89.2 Mbits/sec  8419  
[ 17]  13.00-14.00  sec  10.6 MBytes  89.2 Mbits/sec  8419  
[ 19]  13.00-14.00  sec  10.6 MBytes  89.2 Mbits/sec  8419  
[ 21]  13.00-14.00  sec  10.6 MBytes  89.2 Mbits/sec  8419  
[ 23]  13.00-14.00  sec  10.6 MBytes  89.2 Mbits/sec  8419  
[ 25]  13.00-14.00  sec  10.6 MBytes  89.2 Mbits/sec  8419  
[ 27]  13.00-14.00  sec  10.6 MBytes  89.2 Mbits/sec  8419  
[ 29]  13.00-14.00  sec  10.6 MBytes  89.2 Mbits/sec  8419  
[ 31]  13.00-14.00  sec  10.6 MBytes  89.2 Mbits/sec  8419  
[ 33]  13.00-14.00  sec  10.6 MBytes  89.2 Mbits/sec  8419  
[ 35]  13.00-14.00  sec  10.6 MBytes  89.2 Mbits/sec  8419  
[ 37]  13.00-14.00  sec  10.6 MBytes  89.2 Mbits/sec  8419  
[ 39]  13.00-14.00  sec  10.6 MBytes  89.2 Mbits/sec  8419  
[ 41]  13.00-14.00  sec  10.6 MBytes  89.2 Mbits/sec  8419  
[ 43]  13.00-14.00  sec  10.6 MBytes  89.2 Mbits/sec  8419  
[SUM]  13.00-14.00  sec   213 MBytes  1784 Mbits/sec  168380  
- - - - - - - - - - - - - - - - - - - - - - - - -
[  5]  14.00-15.00  sec  10.6 MBytes  89.1 Mbits/sec  8411  
[  7]  14.00-15.00  sec  10.6 MBytes  89.1 Mbits/sec  8411  
[  9]  14.00-15.00  sec  10.6 MBytes  89.1 Mbits/sec  8411  
[ 11]  14.00-15.00  sec  10.6 MBytes  89.1 Mbits/sec  8411  
[ 13]  14.00-15.00  sec  10.6 MBytes  89.1 Mbits/sec  8411  
[ 15]  14.00-15.00  sec  10.6 MBytes  89.1 Mbits/sec  8411  
[ 17]  14.00-15.00  sec  10.6 MBytes  89.1 Mbits/sec  8411  
[ 19]  14.00-15.00  sec  10.6 MBytes  89.1 Mbits/sec  8411  
[ 21]  14.00-15.00  sec  10.6 MBytes  89.1 Mbits/sec  8411  
[ 23]  14.00-15.00  sec  10.6 MBytes  89.1 Mbits/sec  8411  
[ 25]  14.00-15.00  sec  10.6 MBytes  89.1 Mbits/sec  8411  
[ 27]  14.00-15.00  sec  10.6 MBytes  89.1 Mbits/sec  8411  
[ 29]  14.00-15.00  sec  10.6 MBytes  89.1 Mbits/sec  8411  
[ 31]  14.00-15.00  sec  10.6 MBytes  89.1 Mbits/sec  8411  
[ 33]  14.00-15.00  sec  10.6 MBytes  89.1 Mbits/sec  8411  
[ 35]  14.00-15.00  sec  10.6 MBytes  89.1 Mbits/sec  8411  
[ 37]  14.00-15.00  sec  10.6 MBytes  89.1 Mbits/sec  8411  
[ 39]  14.00-15.00  sec  10.6 MBytes  89.1 Mbits/sec  8411  
[ 41]  14.00-15.00  sec  10.6 MBytes  89.1 Mbits/sec  8411  
[ 43]  14.00-15.00  sec  10.6 MBytes  89.1 Mbits/sec  8411  
[SUM]  14.00-15.00  sec   212 MBytes  1782 Mbits/sec  168220  
- - - - - - - - - - - - - - - - - - - - - - - - -
[  5]  15.00-16.00  sec  10.7 MBytes  89.7 Mbits/sec  8472  
[  7]  15.00-16.00  sec  10.7 MBytes  89.7 Mbits/sec  8472  
[  9]  15.00-16.00  sec  10.7 MBytes  89.7 Mbits/sec  8472  
[ 11]  15.00-16.00  sec  10.7 MBytes  89.7 Mbits/sec  8472  
[ 13]  15.00-16.00  sec  10.7 MBytes  89.7 Mbits/sec  8472  
[ 15]  15.00-16.00  sec  10.7 MBytes  89.7 Mbits/sec  8472  
[ 17]  15.00-16.00  sec  10.7 MBytes  89.7 Mbits/sec  8472  
[ 19]  15.00-16.00  sec  10.7 MBytes  89.7 Mbits/sec  8472  
[ 21]  15.00-16.00  sec  10.7 MBytes  89.7 Mbits/sec  8472  
[ 23]  15.00-16.00  sec  10.7 MBytes  89.7 Mbits/sec  8472  
[ 25]  15.00-16.00  sec  10.7 MBytes  89.7 Mbits/sec  8472  
[ 27]  15.00-16.00  sec  10.7 MBytes  89.7 Mbits/sec  8472  
[ 29]  15.00-16.00  sec  10.7 MBytes  89.7 Mbits/sec  8472  
[ 31]  15.00-16.00  sec  10.7 MBytes  89.7 Mbits/sec  8472  
[ 33]  15.00-16.00  sec  10.7 MBytes  89.7 Mbits/sec  8472  
[ 35]  15.00-16.00  sec  10.7 MBytes  89.7 Mbits/sec  8472  
[ 37]  15.00-16.00  sec  10.7 MBytes  89.7 Mbits/sec  8472  
[ 39]  15.00-16.00  sec  10.7 MBytes  89.7 Mbits/sec  8472  
[ 41]  15.00-16.00  sec  10.7 MBytes  89.7 Mbits/sec  8472  
[ 43]  15.00-16.00  sec  10.7 MBytes  89.7 Mbits/sec  8472  
[SUM]  15.00-16.00  sec   214 MBytes  1795 Mbits/sec  169440  
- - - - - - - - - - - - - - - - - - - - - - - - -
[  5]  16.00-17.00  sec  10.6 MBytes  88.9 Mbits/sec  8391  
[  7]  16.00-17.00  sec  10.6 MBytes  88.9 Mbits/sec  8391  
[  9]  16.00-17.00  sec  10.6 MBytes  88.9 Mbits/sec  8391  
[ 11]  16.00-17.00  sec  10.6 MBytes  88.9 Mbits/sec  8391  
[ 13]  16.00-17.00  sec  10.6 MBytes  88.9 Mbits/sec  8391  
[ 15]  16.00-17.00  sec  10.6 MBytes  88.9 Mbits/sec  8391  
[ 17]  16.00-17.00  sec  10.6 MBytes  88.9 Mbits/sec  8391  
[ 19]  16.00-17.00  sec  10.6 MBytes  88.9 Mbits/sec  8391  
[ 21]  16.00-17.00  sec  10.6 MBytes  88.9 Mbits/sec  8391  
[ 23]  16.00-17.00  sec  10.6 MBytes  88.9 Mbits/sec  8391  
[ 25]  16.00-17.00  sec  10.6 MBytes  88.9 Mbits/sec  8391  
[ 27]  16.00-17.00  sec  10.6 MBytes  88.9 Mbits/sec  8391  
[ 29]  16.00-17.00  sec  10.6 MBytes  88.9 Mbits/sec  8391  
[ 31]  16.00-17.00  sec  10.6 MBytes  88.9 Mbits/sec  8391  
[ 33]  16.00-17.00  sec  10.6 MBytes  88.9 Mbits/sec  8391  
[ 35]  16.00-17.00  sec  10.6 MBytes  88.9 Mbits/sec  8391  
[ 37]  16.00-17.00  sec  10.6 MBytes  88.9 Mbits/sec  8391  
[ 39]  16.00-17.00  sec  10.6 MBytes  88.9 Mbits/sec  8391  
[ 41]  16.00-17.00  sec  10.6 MBytes  88.9 Mbits/sec  8391  
[ 43]  16.00-17.00  sec  10.6 MBytes  88.9 Mbits/sec  8391  
[SUM]  16.00-17.00  sec   212 MBytes  1778 Mbits/sec  167820  
- - - - - - - - - - - - - - - - - - - - - - - - -
[  5]  17.00-18.00  sec  10.9 MBytes  91.5 Mbits/sec  8638  
[  7]  17.00-18.00  sec  10.9 MBytes  91.5 Mbits/sec  8638  
[  9]  17.00-18.00  sec  10.9 MBytes  91.5 Mbits/sec  8638  
[ 11]  17.00-18.00  sec  10.9 MBytes  91.5 Mbits/sec  8638  
[ 13]  17.00-18.00  sec  10.9 MBytes  91.5 Mbits/sec  8638  
[ 15]  17.00-18.00  sec  10.9 MBytes  91.5 Mbits/sec  8638  
[ 17]  17.00-18.00  sec  10.9 MBytes  91.5 Mbits/sec  8638  
[ 19]  17.00-18.00  sec  10.9 MBytes  91.5 Mbits/sec  8638  
[ 21]  17.00-18.00  sec  10.9 MBytes  91.5 Mbits/sec  8638  
[ 23]  17.00-18.00  sec  10.9 MBytes  91.5 Mbits/sec  8638  
[ 25]  17.00-18.00  sec  10.9 MBytes  91.5 Mbits/sec  8638  
[ 27]  17.00-18.00  sec  10.9 MBytes  91.5 Mbits/sec  8638  
[ 29]  17.00-18.00  sec  10.9 MBytes  91.5 Mbits/sec  8638  
[ 31]  17.00-18.00  sec  10.9 MBytes  91.5 Mbits/sec  8638  
[ 33]  17.00-18.00  sec  10.9 MBytes  91.5 Mbits/sec  8638  
[ 35]  17.00-18.00  sec  10.9 MBytes  91.5 Mbits/sec  8638  
[ 37]  17.00-18.00  sec  10.9 MBytes  91.5 Mbits/sec  8638  
[ 39]  17.00-18.00  sec  10.9 MBytes  91.5 Mbits/sec  8638  
[ 41]  17.00-18.00  sec  10.9 MBytes  91.5 Mbits/sec  8638  
[ 43]  17.00-18.00  sec  10.9 MBytes  91.5 Mbits/sec  8638  
[SUM]  17.00-18.00  sec   218 MBytes  1830 Mbits/sec  172760  
- - - - - - - - - - - - - - - - - - - - - - - - -
[  5]  18.00-19.00  sec  10.9 MBytes  91.1 Mbits/sec  8598  
[  7]  18.00-19.00  sec  10.9 MBytes  91.1 Mbits/sec  8598  
[  9]  18.00-19.00  sec  10.9 MBytes  91.1 Mbits/sec  8598  
[ 11]  18.00-19.00  sec  10.9 MBytes  91.1 Mbits/sec  8598  
[ 13]  18.00-19.00  sec  10.9 MBytes  91.1 Mbits/sec  8598  
[ 15]  18.00-19.00  sec  10.9 MBytes  91.1 Mbits/sec  8598  
[ 17]  18.00-19.00  sec  10.9 MBytes  91.1 Mbits/sec  8598  
[ 19]  18.00-19.00  sec  10.9 MBytes  91.1 Mbits/sec  8598  
[ 21]  18.00-19.00  sec  10.9 MBytes  91.1 Mbits/sec  8598  
[ 23]  18.00-19.00  sec  10.9 MBytes  91.1 Mbits/sec  8598  
[ 25]  18.00-19.00  sec  10.9 MBytes  91.1 Mbits/sec  8598  
[ 27]  18.00-19.00  sec  10.9 MBytes  91.1 Mbits/sec  8598  
[ 29]  18.00-19.00  sec  10.9 MBytes  91.1 Mbits/sec  8598  
[ 31]  18.00-19.00  sec  10.9 MBytes  91.1 Mbits/sec  8598  
[ 33]  18.00-19.00  sec  10.9 MBytes  91.1 Mbits/sec  8598  
[ 35]  18.00-19.00  sec  10.9 MBytes  91.1 Mbits/sec  8598  
[ 37]  18.00-19.00  sec  10.9 MBytes  91.1 Mbits/sec  8598  
[ 39]  18.00-19.00  sec  10.9 MBytes  91.1 Mbits/sec  8598  
[ 41]  18.00-19.00  sec  10.9 MBytes  91.1 Mbits/sec  8598  
[ 43]  18.00-19.00  sec  10.9 MBytes  91.1 Mbits/sec  8598  
[SUM]  18.00-19.00  sec   217 MBytes  1821 Mbits/sec  171960  
- - - - - - - - - - - - - - - - - - - - - - - - -
[  5]  19.00-20.00  sec  10.4 MBytes  87.3 Mbits/sec  8239  
[  7]  19.00-20.00  sec  10.4 MBytes  87.3 Mbits/sec  8239  
[  9]  19.00-20.00  sec  10.4 MBytes  87.3 Mbits/sec  8239  
[ 11]  19.00-20.00  sec  10.4 MBytes  87.3 Mbits/sec  8239  
[ 13]  19.00-20.00  sec  10.4 MBytes  87.3 Mbits/sec  8239  
[ 15]  19.00-20.00  sec  10.4 MBytes  87.3 Mbits/sec  8239  
[ 17]  19.00-20.00  sec  10.4 MBytes  87.3 Mbits/sec  8239  
[ 19]  19.00-20.00  sec  10.4 MBytes  87.3 Mbits/sec  8239  
[ 21]  19.00-20.00  sec  10.4 MBytes  87.3 Mbits/sec  8239  
[ 23]  19.00-20.00  sec  10.4 MBytes  87.3 Mbits/sec  8239  
[ 25]  19.00-20.00  sec  10.4 MBytes  87.3 Mbits/sec  8239  
[ 27]  19.00-20.00  sec  10.4 MBytes  87.3 Mbits/sec  8239  
[ 29]  19.00-20.00  sec  10.4 MBytes  87.3 Mbits/sec  8239  
[ 31]  19.00-20.00  sec  10.4 MBytes  87.3 Mbits/sec  8239  
[ 33]  19.00-20.00  sec  10.4 MBytes  87.3 Mbits/sec  8239  
[ 35]  19.00-20.00  sec  10.4 MBytes  87.3 Mbits/sec  8239  
[ 37]  19.00-20.00  sec  10.4 MBytes  87.3 Mbits/sec  8239  
[ 39]  19.00-20.00  sec  10.4 MBytes  87.3 Mbits/sec  8239  
[ 41]  19.00-20.00  sec  10.4 MBytes  87.3 Mbits/sec  8239  
[ 43]  19.00-20.00  sec  10.4 MBytes  87.3 Mbits/sec  8239  
[SUM]  19.00-20.00  sec   208 MBytes  1746 Mbits/sec  164780  
- - - - - - - - - - - - - - - - - - - - - - - - -
[  5]  20.00-21.00  sec  10.9 MBytes  91.3 Mbits/sec  8619  
[  7]  20.00-21.00  sec  10.9 MBytes  91.3 Mbits/sec  8619  
[  9]  20.00-21.00  sec  10.9 MBytes  91.3 Mbits/sec  8619  
[ 11]  20.00-21.00  sec  10.9 MBytes  91.3 Mbits/sec  8619  
[ 13]  20.00-21.00  sec  10.9 MBytes  91.3 Mbits/sec  8619  
[ 15]  20.00-21.00  sec  10.9 MBytes  91.3 Mbits/sec  8619  
[ 17]  20.00-21.00  sec  10.9 MBytes  91.3 Mbits/sec  8619  
[ 19]  20.00-21.00  sec  10.9 MBytes  91.3 Mbits/sec  8619  
[ 21]  20.00-21.00  sec  10.9 MBytes  91.3 Mbits/sec  8619  
[ 23]  20.00-21.00  sec  10.9 MBytes  91.3 Mbits/sec  8619  
[ 25]  20.00-21.00  sec  10.9 MBytes  91.3 Mbits/sec  8619  
[ 27]  20.00-21.00  sec  10.9 MBytes  91.3 Mbits/sec  8619  
[ 29]  20.00-21.00  sec  10.9 MBytes  91.3 Mbits/sec  8619  
[ 31]  20.00-21.00  sec  10.9 MBytes  91.3 Mbits/sec  8619  
[ 33]  20.00-21.00  sec  10.9 MBytes  91.3 Mbits/sec  8619  
[ 35]  20.00-21.00  sec  10.9 MBytes  91.3 Mbits/sec  8619  
[ 37]  20.00-21.00  sec  10.9 MBytes  91.3 Mbits/sec  8619  
[ 39]  20.00-21.00  sec  10.9 MBytes  91.3 Mbits/sec  8619  
[ 41]  20.00-21.00  sec  10.9 MBytes  91.3 Mbits/sec  8619  
[ 43]  20.00-21.00  sec  10.9 MBytes  91.3 Mbits/sec  8619  
[SUM]  20.00-21.00  sec   218 MBytes  1826 Mbits/sec  172380  
- - - - - - - - - - - - - - - - - - - - - - - - -
[  5]  21.00-22.00  sec  10.9 MBytes  91.2 Mbits/sec  8609  
[  7]  21.00-22.00  sec  10.9 MBytes  91.2 Mbits/sec  8609  
[  9]  21.00-22.00  sec  10.9 MBytes  91.2 Mbits/sec  8609  
[ 11]  21.00-22.00  sec  10.9 MBytes  91.2 Mbits/sec  8609  
[ 13]  21.00-22.00  sec  10.9 MBytes  91.2 Mbits/sec  8609  
[ 15]  21.00-22.00  sec  10.9 MBytes  91.2 Mbits/sec  8609  
[ 17]  21.00-22.00  sec  10.9 MBytes  91.2 Mbits/sec  8609  
[ 19]  21.00-22.00  sec  10.9 MBytes  91.2 Mbits/sec  8609  
[ 21]  21.00-22.00  sec  10.9 MBytes  91.2 Mbits/sec  8609  
[ 23]  21.00-22.00  sec  10.9 MBytes  91.2 Mbits/sec  8609  
[ 25]  21.00-22.00  sec  10.9 MBytes  91.2 Mbits/sec  8609  
[ 27]  21.00-22.00  sec  10.9 MBytes  91.2 Mbits/sec  8609  
[ 29]  21.00-22.00  sec  10.9 MBytes  91.2 Mbits/sec  8609  
[ 31]  21.00-22.00  sec  10.9 MBytes  91.2 Mbits/sec  8609  
[ 33]  21.00-22.00  sec  10.9 MBytes  91.2 Mbits/sec  8609  
[ 35]  21.00-22.00  sec  10.9 MBytes  91.2 Mbits/sec  8609  
[ 37]  21.00-22.00  sec  10.9 MBytes  91.2 Mbits/sec  8609  
[ 39]  21.00-22.00  sec  10.9 MBytes  91.2 Mbits/sec  8609  
[ 41]  21.00-22.00  sec  10.9 MBytes  91.2 Mbits/sec  8609  
[ 43]  21.00-22.00  sec  10.9 MBytes  91.2 Mbits/sec  8609  
[SUM]  21.00-22.00  sec   217 MBytes  1824 Mbits/sec  172180  
- - - - - - - - - - - - - - - - - - - - - - - - -
[  5]  22.00-23.00  sec  10.2 MBytes  85.6 Mbits/sec  8079  
[  7]  22.00-23.00  sec  10.2 MBytes  85.6 Mbits/sec  8079  
[  9]  22.00-23.00  sec  10.2 MBytes  85.6 Mbits/sec  8079  
[ 11]  22.00-23.00  sec  10.2 MBytes  85.6 Mbits/sec  8079  
[ 13]  22.00-23.00  sec  10.2 MBytes  85.6 Mbits/sec  8079  
[ 15]  22.00-23.00  sec  10.2 MBytes  85.6 Mbits/sec  8079  
[ 17]  22.00-23.00  sec  10.2 MBytes  85.6 Mbits/sec  8079  
[ 19]  22.00-23.00  sec  10.2 MBytes  85.6 Mbits/sec  8079  
[ 21]  22.00-23.00  sec  10.2 MBytes  85.6 Mbits/sec  8079  
[ 23]  22.00-23.00  sec  10.2 MBytes  85.6 Mbits/sec  8079  
[ 25]  22.00-23.00  sec  10.2 MBytes  85.6 Mbits/sec  8079  
[ 27]  22.00-23.00  sec  10.2 MBytes  85.6 Mbits/sec  8079  
[ 29]  22.00-23.00  sec  10.2 MBytes  85.6 Mbits/sec  8079  
[ 31]  22.00-23.00  sec  10.2 MBytes  85.6 Mbits/sec  8079  
[ 33]  22.00-23.00  sec  10.2 MBytes  85.6 Mbits/sec  8079  
[ 35]  22.00-23.00  sec  10.2 MBytes  85.6 Mbits/sec  8079  
[ 37]  22.00-23.00  sec  10.2 MBytes  85.6 Mbits/sec  8079  
[ 39]  22.00-23.00  sec  10.2 MBytes  85.6 Mbits/sec  8079  
[ 41]  22.00-23.00  sec  10.2 MBytes  85.6 Mbits/sec  8079  
[ 43]  22.00-23.00  sec  10.2 MBytes  85.6 Mbits/sec  8079  
[SUM]  22.00-23.00  sec   204 MBytes  1711 Mbits/sec  161580  
- - - - - - - - - - - - - - - - - - - - - - - - -
[  5]  23.00-24.00  sec  10.7 MBytes  90.0 Mbits/sec  8493  
[  7]  23.00-24.00  sec  10.7 MBytes  90.0 Mbits/sec  8493  
[  9]  23.00-24.00  sec  10.7 MBytes  90.0 Mbits/sec  8493  
[ 11]  23.00-24.00  sec  10.7 MBytes  90.0 Mbits/sec  8493  
[ 13]  23.00-24.00  sec  10.7 MBytes  90.0 Mbits/sec  8493  
[ 15]  23.00-24.00  sec  10.7 MBytes  90.0 Mbits/sec  8493  
[ 17]  23.00-24.00  sec  10.7 MBytes  90.0 Mbits/sec  8493  
[ 19]  23.00-24.00  sec  10.7 MBytes  90.0 Mbits/sec  8493  
[ 21]  23.00-24.00  sec  10.7 MBytes  90.0 Mbits/sec  8493  
[ 23]  23.00-24.00  sec  10.7 MBytes  90.0 Mbits/sec  8493  
[ 25]  23.00-24.00  sec  10.7 MBytes  90.0 Mbits/sec  8493  
[ 27]  23.00-24.00  sec  10.7 MBytes  90.0 Mbits/sec  8493  
[ 29]  23.00-24.00  sec  10.7 MBytes  90.0 Mbits/sec  8493  
[ 31]  23.00-24.00  sec  10.7 MBytes  90.0 Mbits/sec  8493  
[ 33]  23.00-24.00  sec  10.7 MBytes  89.9 Mbits/sec  8493  
[ 35]  23.00-24.00  sec  10.7 MBytes  89.9 Mbits/sec  8493  
[ 37]  23.00-24.00  sec  10.7 MBytes  89.9 Mbits/sec  8493  
[ 39]  23.00-24.00  sec  10.7 MBytes  89.9 Mbits/sec  8493  
[ 41]  23.00-24.00  sec  10.7 MBytes  89.9 Mbits/sec  8493  
[ 43]  23.00-24.00  sec  10.7 MBytes  89.9 Mbits/sec  8493  
[SUM]  23.00-24.00  sec   214 MBytes  1799 Mbits/sec  169860  
- - - - - - - - - - - - - - - - - - - - - - - - -
[  5]  24.00-25.00  sec  10.9 MBytes  91.4 Mbits/sec  8632  
[  7]  24.00-25.00  sec  10.9 MBytes  91.4 Mbits/sec  8632  
[  9]  24.00-25.00  sec  10.9 MBytes  91.4 Mbits/sec  8632  
[ 11]  24.00-25.00  sec  10.9 MBytes  91.4 Mbits/sec  8632  
[ 13]  24.00-25.00  sec  10.9 MBytes  91.4 Mbits/sec  8632  
[ 15]  24.00-25.00  sec  10.9 MBytes  91.4 Mbits/sec  8632  
[ 17]  24.00-25.00  sec  10.9 MBytes  91.4 Mbits/sec  8632  
[ 19]  24.00-25.00  sec  10.9 MBytes  91.4 Mbits/sec  8632  
[ 21]  24.00-25.00  sec  10.9 MBytes  91.4 Mbits/sec  8632  
[ 23]  24.00-25.00  sec  10.9 MBytes  91.4 Mbits/sec  8632  
[ 25]  24.00-25.00  sec  10.9 MBytes  91.4 Mbits/sec  8632  
[ 27]  24.00-25.00  sec  10.9 MBytes  91.4 Mbits/sec  8632  
[ 29]  24.00-25.00  sec  10.9 MBytes  91.4 Mbits/sec  8632  
[ 31]  24.00-25.00  sec  10.9 MBytes  91.4 Mbits/sec  8632  
[ 33]  24.00-25.00  sec  10.9 MBytes  91.4 Mbits/sec  8632  
[ 35]  24.00-25.00  sec  10.9 MBytes  91.4 Mbits/sec  8632  
[ 37]  24.00-25.00  sec  10.9 MBytes  91.4 Mbits/sec  8632  
[ 39]  24.00-25.00  sec  10.9 MBytes  91.4 Mbits/sec  8632  
[ 41]  24.00-25.00  sec  10.9 MBytes  91.4 Mbits/sec  8632  
[ 43]  24.00-25.00  sec  10.9 MBytes  91.4 Mbits/sec  8632  
[SUM]  24.00-25.00  sec   218 MBytes  1829 Mbits/sec  172640  
- - - - - - - - - - - - - - - - - - - - - - - - -
[  5]  25.00-26.00  sec  10.9 MBytes  91.4 Mbits/sec  8629  
[  7]  25.00-26.00  sec  10.9 MBytes  91.4 Mbits/sec  8629  
[  9]  25.00-26.00  sec  10.9 MBytes  91.4 Mbits/sec  8629  
[ 11]  25.00-26.00  sec  10.9 MBytes  91.4 Mbits/sec  8629  
[ 13]  25.00-26.00  sec  10.9 MBytes  91.4 Mbits/sec  8629  
[ 15]  25.00-26.00  sec  10.9 MBytes  91.4 Mbits/sec  8629  
[ 17]  25.00-26.00  sec  10.9 MBytes  91.4 Mbits/sec  8629  
[ 19]  25.00-26.00  sec  10.9 MBytes  91.4 Mbits/sec  8629  
[ 21]  25.00-26.00  sec  10.9 MBytes  91.4 Mbits/sec  8629  
[ 23]  25.00-26.00  sec  10.9 MBytes  91.4 Mbits/sec  8629  
[ 25]  25.00-26.00  sec  10.9 MBytes  91.4 Mbits/sec  8629  
[ 27]  25.00-26.00  sec  10.9 MBytes  91.4 Mbits/sec  8629  
[ 29]  25.00-26.00  sec  10.9 MBytes  91.4 Mbits/sec  8629  
[ 31]  25.00-26.00  sec  10.9 MBytes  91.4 Mbits/sec  8629  
[ 33]  25.00-26.00  sec  10.9 MBytes  91.4 Mbits/sec  8629  
[ 35]  25.00-26.00  sec  10.9 MBytes  91.4 Mbits/sec  8629  
[ 37]  25.00-26.00  sec  10.9 MBytes  91.4 Mbits/sec  8629  
[ 39]  25.00-26.00  sec  10.9 MBytes  91.4 Mbits/sec  8629  
[ 41]  25.00-26.00  sec  10.9 MBytes  91.4 Mbits/sec  8629  
[ 43]  25.00-26.00  sec  10.9 MBytes  91.4 Mbits/sec  8629  
[SUM]  25.00-26.00  sec   218 MBytes  1828 Mbits/sec  172580  
- - - - - - - - - - - - - - - - - - - - - - - - -
[  5]  26.00-27.00  sec  10.8 MBytes  90.9 Mbits/sec  8585  
[  7]  26.00-27.00  sec  10.8 MBytes  90.9 Mbits/sec  8585  
[  9]  26.00-27.00  sec  10.8 MBytes  90.9 Mbits/sec  8585  
[ 11]  26.00-27.00  sec  10.8 MBytes  90.9 Mbits/sec  8585  
[ 13]  26.00-27.00  sec  10.8 MBytes  90.9 Mbits/sec  8585  
[ 15]  26.00-27.00  sec  10.8 MBytes  90.9 Mbits/sec  8585  
[ 17]  26.00-27.00  sec  10.8 MBytes  90.9 Mbits/sec  8585  
[ 19]  26.00-27.00  sec  10.8 MBytes  90.9 Mbits/sec  8585  
[ 21]  26.00-27.00  sec  10.8 MBytes  90.9 Mbits/sec  8585  
[ 23]  26.00-27.00  sec  10.8 MBytes  90.9 Mbits/sec  8585  
[ 25]  26.00-27.00  sec  10.8 MBytes  90.9 Mbits/sec  8585  
[ 27]  26.00-27.00  sec  10.8 MBytes  90.9 Mbits/sec  8585  
[ 29]  26.00-27.00  sec  10.8 MBytes  90.9 Mbits/sec  8585  
[ 31]  26.00-27.00  sec  10.8 MBytes  90.9 Mbits/sec  8585  
[ 33]  26.00-27.00  sec  10.8 MBytes  90.9 Mbits/sec  8585  
[ 35]  26.00-27.00  sec  10.8 MBytes  90.9 Mbits/sec  8585  
[ 37]  26.00-27.00  sec  10.8 MBytes  90.9 Mbits/sec  8585  
[ 39]  26.00-27.00  sec  10.8 MBytes  90.9 Mbits/sec  8585  
[ 41]  26.00-27.00  sec  10.8 MBytes  90.9 Mbits/sec  8585  
[ 43]  26.00-27.00  sec  10.8 MBytes  90.9 Mbits/sec  8585  
[SUM]  26.00-27.00  sec   217 MBytes  1819 Mbits/sec  171700  
- - - - - - - - - - - - - - - - - - - - - - - - -
[  5]  27.00-28.00  sec  10.8 MBytes  90.9 Mbits/sec  8581  
[  7]  27.00-28.00  sec  10.8 MBytes  90.9 Mbits/sec  8581  
[  9]  27.00-28.00  sec  10.8 MBytes  90.9 Mbits/sec  8581  
[ 11]  27.00-28.00  sec  10.8 MBytes  90.9 Mbits/sec  8581  
[ 13]  27.00-28.00  sec  10.8 MBytes  90.9 Mbits/sec  8581  
[ 15]  27.00-28.00  sec  10.8 MBytes  90.9 Mbits/sec  8581  
[ 17]  27.00-28.00  sec  10.8 MBytes  90.9 Mbits/sec  8581  
[ 19]  27.00-28.00  sec  10.8 MBytes  90.9 Mbits/sec  8581  
[ 21]  27.00-28.00  sec  10.8 MBytes  90.9 Mbits/sec  8581  
[ 23]  27.00-28.00  sec  10.8 MBytes  90.9 Mbits/sec  8581  
[ 25]  27.00-28.00  sec  10.8 MBytes  90.9 Mbits/sec  8581  
[ 27]  27.00-28.00  sec  10.8 MBytes  90.9 Mbits/sec  8581  
[ 29]  27.00-28.00  sec  10.8 MBytes  90.9 Mbits/sec  8581  
[ 31]  27.00-28.00  sec  10.8 MBytes  90.9 Mbits/sec  8581  
[ 33]  27.00-28.00  sec  10.8 MBytes  90.9 Mbits/sec  8581  
[ 35]  27.00-28.00  sec  10.8 MBytes  90.9 Mbits/sec  8581  
[ 37]  27.00-28.00  sec  10.8 MBytes  90.9 Mbits/sec  8581  
[ 39]  27.00-28.00  sec  10.8 MBytes  90.9 Mbits/sec  8581  
[ 41]  27.00-28.00  sec  10.8 MBytes  90.9 Mbits/sec  8581  
[ 43]  27.00-28.00  sec  10.8 MBytes  90.9 Mbits/sec  8581  
[SUM]  27.00-28.00  sec   217 MBytes  1818 Mbits/sec  171620  
- - - - - - - - - - - - - - - - - - - - - - - - -
[  5]  28.00-29.00  sec  10.6 MBytes  88.9 Mbits/sec  8395  
[  7]  28.00-29.00  sec  10.6 MBytes  88.9 Mbits/sec  8395  
[  9]  28.00-29.00  sec  10.6 MBytes  88.9 Mbits/sec  8395  
[ 11]  28.00-29.00  sec  10.6 MBytes  88.9 Mbits/sec  8395  
[ 13]  28.00-29.00  sec  10.6 MBytes  88.9 Mbits/sec  8395  
[ 15]  28.00-29.00  sec  10.6 MBytes  88.9 Mbits/sec  8395  
[ 17]  28.00-29.00  sec  10.6 MBytes  88.9 Mbits/sec  8395  
[ 19]  28.00-29.00  sec  10.6 MBytes  88.9 Mbits/sec  8395  
[ 21]  28.00-29.00  sec  10.6 MBytes  88.9 Mbits/sec  8395  
[ 23]  28.00-29.00  sec  10.6 MBytes  88.9 Mbits/sec  8395  
[ 25]  28.00-29.00  sec  10.6 MBytes  88.9 Mbits/sec  8395  
[ 27]  28.00-29.00  sec  10.6 MBytes  88.9 Mbits/sec  8395  
[ 29]  28.00-29.00  sec  10.6 MBytes  88.9 Mbits/sec  8395  
[ 31]  28.00-29.00  sec  10.6 MBytes  88.9 Mbits/sec  8395  
[ 33]  28.00-29.00  sec  10.6 MBytes  88.9 Mbits/sec  8395  
[ 35]  28.00-29.00  sec  10.6 MBytes  88.9 Mbits/sec  8395  
[ 37]  28.00-29.00  sec  10.6 MBytes  88.9 Mbits/sec  8395  
[ 39]  28.00-29.00  sec  10.6 MBytes  88.9 Mbits/sec  8395  
[ 41]  28.00-29.00  sec  10.6 MBytes  88.9 Mbits/sec  8395  
[ 43]  28.00-29.00  sec  10.6 MBytes  88.9 Mbits/sec  8395  
[SUM]  28.00-29.00  sec   212 MBytes  1778 Mbits/sec  167900  
- - - - - - - - - - - - - - - - - - - - - - - - -
[  5]  29.00-30.00  sec  10.8 MBytes  90.7 Mbits/sec  8566  
[  7]  29.00-30.00  sec  10.8 MBytes  90.7 Mbits/sec  8566  
[  9]  29.00-30.00  sec  10.8 MBytes  90.7 Mbits/sec  8566  
[ 11]  29.00-30.00  sec  10.8 MBytes  90.7 Mbits/sec  8566  
[ 13]  29.00-30.00  sec  10.8 MBytes  90.7 Mbits/sec  8566  
[ 15]  29.00-30.00  sec  10.8 MBytes  90.7 Mbits/sec  8566  
[ 17]  29.00-30.00  sec  10.8 MBytes  90.7 Mbits/sec  8566  
[ 19]  29.00-30.00  sec  10.8 MBytes  90.7 Mbits/sec  8566  
[ 21]  29.00-30.00  sec  10.8 MBytes  90.7 Mbits/sec  8566  
[ 23]  29.00-30.00  sec  10.8 MBytes  90.7 Mbits/sec  8566  
[ 25]  29.00-30.00  sec  10.8 MBytes  90.7 Mbits/sec  8566  
[ 27]  29.00-30.00  sec  10.8 MBytes  90.7 Mbits/sec  8566  
[ 29]  29.00-30.00  sec  10.8 MBytes  90.7 Mbits/sec  8566  
[ 31]  29.00-30.00  sec  10.8 MBytes  90.7 Mbits/sec  8566  
[ 33]  29.00-30.00  sec  10.8 MBytes  90.7 Mbits/sec  8566  
[ 35]  29.00-30.00  sec  10.8 MBytes  90.7 Mbits/sec  8566  
[ 37]  29.00-30.00  sec  10.8 MBytes  90.7 Mbits/sec  8566  
[ 39]  29.00-30.00  sec  10.8 MBytes  90.7 Mbits/sec  8566  
[ 41]  29.00-30.00  sec  10.8 MBytes  90.7 Mbits/sec  8566  
[ 43]  29.00-30.00  sec  10.8 MBytes  90.7 Mbits/sec  8566  
[SUM]  29.00-30.00  sec   216 MBytes  1815 Mbits/sec  171320  
- - - - - - - - - - - - - - - - - - - - - - - - -
[  5]  30.00-31.00  sec  10.5 MBytes  87.8 Mbits/sec  8292  
[  7]  30.00-31.00  sec  10.5 MBytes  87.8 Mbits/sec  8292  
[  9]  30.00-31.00  sec  10.5 MBytes  87.8 Mbits/sec  8292  
[ 11]  30.00-31.00  sec  10.5 MBytes  87.8 Mbits/sec  8292  
[ 13]  30.00-31.00  sec  10.5 MBytes  87.8 Mbits/sec  8292  
[ 15]  30.00-31.00  sec  10.5 MBytes  87.8 Mbits/sec  8292  
[ 17]  30.00-31.00  sec  10.5 MBytes  87.8 Mbits/sec  8292  
[ 19]  30.00-31.00  sec  10.5 MBytes  87.8 Mbits/sec  8292  
[ 21]  30.00-31.00  sec  10.5 MBytes  87.8 Mbits/sec  8292  
[ 23]  30.00-31.00  sec  10.5 MBytes  87.8 Mbits/sec  8292  
[ 25]  30.00-31.00  sec  10.5 MBytes  87.8 Mbits/sec  8292  
[ 27]  30.00-31.00  sec  10.5 MBytes  87.8 Mbits/sec  8292  
[ 29]  30.00-31.00  sec  10.5 MBytes  87.8 Mbits/sec  8292  
[ 31]  30.00-31.00  sec  10.5 MBytes  87.8 Mbits/sec  8292  
[ 33]  30.00-31.00  sec  10.5 MBytes  87.8 Mbits/sec  8292  
[ 35]  30.00-31.00  sec  10.5 MBytes  87.8 Mbits/sec  8292  
[ 37]  30.00-31.00  sec  10.5 MBytes  87.8 Mbits/sec  8292  
[ 39]  30.00-31.00  sec  10.5 MBytes  87.8 Mbits/sec  8292  
[ 41]  30.00-31.00  sec  10.5 MBytes  87.8 Mbits/sec  8292  
[ 43]  30.00-31.00  sec  10.5 MBytes  87.8 Mbits/sec  8292  
[SUM]  30.00-31.00  sec   209 MBytes  1757 Mbits/sec  165840  
- - - - - - - - - - - - - - - - - - - - - - - - -
[  5]  31.00-32.00  sec  10.8 MBytes  90.4 Mbits/sec  8538  
[  7]  31.00-32.00  sec  10.8 MBytes  90.4 Mbits/sec  8538  
[  9]  31.00-32.00  sec  10.8 MBytes  90.4 Mbits/sec  8538  
[ 11]  31.00-32.00  sec  10.8 MBytes  90.4 Mbits/sec  8538  
[ 13]  31.00-32.00  sec  10.8 MBytes  90.4 Mbits/sec  8538  
[ 15]  31.00-32.00  sec  10.8 MBytes  90.4 Mbits/sec  8538  
[ 17]  31.00-32.00  sec  10.8 MBytes  90.4 Mbits/sec  8538  
[ 19]  31.00-32.00  sec  10.8 MBytes  90.4 Mbits/sec  8538  
[ 21]  31.00-32.00  sec  10.8 MBytes  90.4 Mbits/sec  8538  
[ 23]  31.00-32.00  sec  10.8 MBytes  90.4 Mbits/sec  8538  
[ 25]  31.00-32.00  sec  10.8 MBytes  90.4 Mbits/sec  8538  
[ 27]  31.00-32.00  sec  10.8 MBytes  90.4 Mbits/sec  8538  
[ 29]  31.00-32.00  sec  10.8 MBytes  90.4 Mbits/sec  8538  
[ 31]  31.00-32.00  sec  10.8 MBytes  90.4 Mbits/sec  8538  
[ 33]  31.00-32.00  sec  10.8 MBytes  90.4 Mbits/sec  8538  
[ 35]  31.00-32.00  sec  10.8 MBytes  90.4 Mbits/sec  8538  
[ 37]  31.00-32.00  sec  10.8 MBytes  90.4 Mbits/sec  8538  
[ 39]  31.00-32.00  sec  10.8 MBytes  90.4 Mbits/sec  8538  
[ 41]  31.00-32.00  sec  10.8 MBytes  90.4 Mbits/sec  8538  
[ 43]  31.00-32.00  sec  10.8 MBytes  90.4 Mbits/sec  8538  
[SUM]  31.00-32.00  sec   216 MBytes  1809 Mbits/sec  170760  
- - - - - - - - - - - - - - - - - - - - - - - - -
[  5]  32.00-33.00  sec  11.0 MBytes  91.9 Mbits/sec  8676  
[  7]  32.00-33.00  sec  11.0 MBytes  91.9 Mbits/sec  8676  
[  9]  32.00-33.00  sec  11.0 MBytes  91.9 Mbits/sec  8676  
[ 11]  32.00-33.00  sec  11.0 MBytes  91.9 Mbits/sec  8676  
[ 13]  32.00-33.00  sec  11.0 MBytes  91.9 Mbits/sec  8676  
[ 15]  32.00-33.00  sec  11.0 MBytes  91.9 Mbits/sec  8676  
[ 17]  32.00-33.00  sec  11.0 MBytes  91.9 Mbits/sec  8676  
[ 19]  32.00-33.00  sec  11.0 MBytes  91.9 Mbits/sec  8676  
[ 21]  32.00-33.00  sec  11.0 MBytes  91.9 Mbits/sec  8676  
[ 23]  32.00-33.00  sec  11.0 MBytes  91.9 Mbits/sec  8676  
[ 25]  32.00-33.00  sec  11.0 MBytes  91.9 Mbits/sec  8676  
[ 27]  32.00-33.00  sec  11.0 MBytes  91.9 Mbits/sec  8676  
[ 29]  32.00-33.00  sec  11.0 MBytes  91.9 Mbits/sec  8676  
[ 31]  32.00-33.00  sec  11.0 MBytes  91.9 Mbits/sec  8676  
[ 33]  32.00-33.00  sec  11.0 MBytes  91.9 Mbits/sec  8676  
[ 35]  32.00-33.00  sec  11.0 MBytes  91.9 Mbits/sec  8676  
[ 37]  32.00-33.00  sec  11.0 MBytes  91.9 Mbits/sec  8676  
[ 39]  32.00-33.00  sec  11.0 MBytes  91.9 Mbits/sec  8676  
[ 41]  32.00-33.00  sec  11.0 MBytes  91.9 Mbits/sec  8676  
[ 43]  32.00-33.00  sec  11.0 MBytes  91.9 Mbits/sec  8676  
[SUM]  32.00-33.00  sec   219 MBytes  1838 Mbits/sec  173520  
- - - - - - - - - - - - - - - - - - - - - - - - -
[  5]  33.00-34.00  sec  10.7 MBytes  89.8 Mbits/sec  8477  
[  7]  33.00-34.00  sec  10.7 MBytes  89.8 Mbits/sec  8477  
[  9]  33.00-34.00  sec  10.7 MBytes  89.8 Mbits/sec  8477  
[ 11]  33.00-34.00  sec  10.7 MBytes  89.8 Mbits/sec  8477  
[ 13]  33.00-34.00  sec  10.7 MBytes  89.8 Mbits/sec  8477  
[ 15]  33.00-34.00  sec  10.7 MBytes  89.8 Mbits/sec  8477  
[ 17]  33.00-34.00  sec  10.7 MBytes  89.8 Mbits/sec  8477  
[ 19]  33.00-34.00  sec  10.7 MBytes  89.8 Mbits/sec  8477  
[ 21]  33.00-34.00  sec  10.7 MBytes  89.8 Mbits/sec  8477  
[ 23]  33.00-34.00  sec  10.7 MBytes  89.8 Mbits/sec  8477  
[ 25]  33.00-34.00  sec  10.7 MBytes  89.8 Mbits/sec  8477  
[ 27]  33.00-34.00  sec  10.7 MBytes  89.8 Mbits/sec  8477  
[ 29]  33.00-34.00  sec  10.7 MBytes  89.8 Mbits/sec  8477  
[ 31]  33.00-34.00  sec  10.7 MBytes  89.8 Mbits/sec  8477  
[ 33]  33.00-34.00  sec  10.7 MBytes  89.8 Mbits/sec  8477  
[ 35]  33.00-34.00  sec  10.7 MBytes  89.8 Mbits/sec  8477  
[ 37]  33.00-34.00  sec  10.7 MBytes  89.8 Mbits/sec  8477  
[ 39]  33.00-34.00  sec  10.7 MBytes  89.8 Mbits/sec  8477  
[ 41]  33.00-34.00  sec  10.7 MBytes  89.8 Mbits/sec  8477  
[ 43]  33.00-34.00  sec  10.7 MBytes  89.8 Mbits/sec  8477  
[SUM]  33.00-34.00  sec   214 MBytes  1796 Mbits/sec  169540  
- - - - - - - - - - - - - - - - - - - - - - - - -
[  5]  34.00-35.00  sec  10.6 MBytes  89.1 Mbits/sec  8408  
[  7]  34.00-35.00  sec  10.6 MBytes  89.1 Mbits/sec  8408  
[  9]  34.00-35.00  sec  10.6 MBytes  89.1 Mbits/sec  8408  
[ 11]  34.00-35.00  sec  10.6 MBytes  89.1 Mbits/sec  8408  
[ 13]  34.00-35.00  sec  10.6 MBytes  89.1 Mbits/sec  8408  
[ 15]  34.00-35.00  sec  10.6 MBytes  89.1 Mbits/sec  8408  
[ 17]  34.00-35.00  sec  10.6 MBytes  89.1 Mbits/sec  8408  
[ 19]  34.00-35.00  sec  10.6 MBytes  89.1 Mbits/sec  8408  
[ 21]  34.00-35.00  sec  10.6 MBytes  89.1 Mbits/sec  8408  
[ 23]  34.00-35.00  sec  10.6 MBytes  89.1 Mbits/sec  8408  
[ 25]  34.00-35.00  sec  10.6 MBytes  89.1 Mbits/sec  8408  
[ 27]  34.00-35.00  sec  10.6 MBytes  89.1 Mbits/sec  8408  
[ 29]  34.00-35.00  sec  10.6 MBytes  89.1 Mbits/sec  8408  
[ 31]  34.00-35.00  sec  10.6 MBytes  89.1 Mbits/sec  8408  
[ 33]  34.00-35.00  sec  10.6 MBytes  89.1 Mbits/sec  8408  
[ 35]  34.00-35.00  sec  10.6 MBytes  89.1 Mbits/sec  8408  
[ 37]  34.00-35.00  sec  10.6 MBytes  89.1 Mbits/sec  8408  
[ 39]  34.00-35.00  sec  10.6 MBytes  89.1 Mbits/sec  8408  
[ 41]  34.00-35.00  sec  10.6 MBytes  89.1 Mbits/sec  8408  
[ 43]  34.00-35.00  sec  10.6 MBytes  89.1 Mbits/sec  8408  
[SUM]  34.00-35.00  sec   212 MBytes  1781 Mbits/sec  168160  
- - - - - - - - - - - - - - - - - - - - - - - - -
[  5]  35.00-36.00  sec  10.9 MBytes  91.5 Mbits/sec  8636  
[  7]  35.00-36.00  sec  10.9 MBytes  91.5 Mbits/sec  8636  
[  9]  35.00-36.00  sec  10.9 MBytes  91.5 Mbits/sec  8636  
[ 11]  35.00-36.00  sec  10.9 MBytes  91.5 Mbits/sec  8636  
[ 13]  35.00-36.00  sec  10.9 MBytes  91.5 Mbits/sec  8636  
[ 15]  35.00-36.00  sec  10.9 MBytes  91.5 Mbits/sec  8636  
[ 17]  35.00-36.00  sec  10.9 MBytes  91.5 Mbits/sec  8636  
[ 19]  35.00-36.00  sec  10.9 MBytes  91.5 Mbits/sec  8636  
[ 21]  35.00-36.00  sec  10.9 MBytes  91.5 Mbits/sec  8636  
[ 23]  35.00-36.00  sec  10.9 MBytes  91.5 Mbits/sec  8636  
[ 25]  35.00-36.00  sec  10.9 MBytes  91.5 Mbits/sec  8636  
[ 27]  35.00-36.00  sec  10.9 MBytes  91.5 Mbits/sec  8636  
[ 29]  35.00-36.00  sec  10.9 MBytes  91.5 Mbits/sec  8636  
[ 31]  35.00-36.00  sec  10.9 MBytes  91.5 Mbits/sec  8636  
[ 33]  35.00-36.00  sec  10.9 MBytes  91.5 Mbits/sec  8636  
[ 35]  35.00-36.00  sec  10.9 MBytes  91.5 Mbits/sec  8636  
[ 37]  35.00-36.00  sec  10.9 MBytes  91.5 Mbits/sec  8636  
[ 39]  35.00-36.00  sec  10.9 MBytes  91.5 Mbits/sec  8636  
[ 41]  35.00-36.00  sec  10.9 MBytes  91.5 Mbits/sec  8636  
[ 43]  35.00-36.00  sec  10.9 MBytes  91.5 Mbits/sec  8636  
[SUM]  35.00-36.00  sec   218 MBytes  1829 Mbits/sec  172720  
- - - - - - - - - - - - - - - - - - - - - - - - -
[  5]  36.00-37.00  sec  10.9 MBytes  91.6 Mbits/sec  8648  
[  7]  36.00-37.00  sec  10.9 MBytes  91.6 Mbits/sec  8648  
[  9]  36.00-37.00  sec  10.9 MBytes  91.6 Mbits/sec  8648  
[ 11]  36.00-37.00  sec  10.9 MBytes  91.6 Mbits/sec  8648  
[ 13]  36.00-37.00  sec  10.9 MBytes  91.6 Mbits/sec  8648  
[ 15]  36.00-37.00  sec  10.9 MBytes  91.6 Mbits/sec  8648  
[ 17]  36.00-37.00  sec  10.9 MBytes  91.6 Mbits/sec  8648  
[ 19]  36.00-37.00  sec  10.9 MBytes  91.6 Mbits/sec  8648  
[ 21]  36.00-37.00  sec  10.9 MBytes  91.6 Mbits/sec  8648  
[ 23]  36.00-37.00  sec  10.9 MBytes  91.6 Mbits/sec  8648  
[ 25]  36.00-37.00  sec  10.9 MBytes  91.6 Mbits/sec  8648  
[ 27]  36.00-37.00  sec  10.9 MBytes  91.6 Mbits/sec  8648  
[ 29]  36.00-37.00  sec  10.9 MBytes  91.6 Mbits/sec  8648  
[ 31]  36.00-37.00  sec  10.9 MBytes  91.6 Mbits/sec  8648  
[ 33]  36.00-37.00  sec  10.9 MBytes  91.6 Mbits/sec  8648  
[ 35]  36.00-37.00  sec  10.9 MBytes  91.6 Mbits/sec  8648  
[ 37]  36.00-37.00  sec  10.9 MBytes  91.6 Mbits/sec  8648  
[ 39]  36.00-37.00  sec  10.9 MBytes  91.6 Mbits/sec  8648  
[ 41]  36.00-37.00  sec  10.9 MBytes  91.6 Mbits/sec  8648  
[ 43]  36.00-37.00  sec  10.9 MBytes  91.6 Mbits/sec  8648  
[SUM]  36.00-37.00  sec   218 MBytes  1832 Mbits/sec  172960  
- - - - - - - - - - - - - - - - - - - - - - - - -
[  5]  37.00-38.00  sec  10.7 MBytes  89.9 Mbits/sec  8491  
[  7]  37.00-38.00  sec  10.7 MBytes  89.9 Mbits/sec  8491  
[  9]  37.00-38.00  sec  10.7 MBytes  89.9 Mbits/sec  8491  
[ 11]  37.00-38.00  sec  10.7 MBytes  89.9 Mbits/sec  8491  
[ 13]  37.00-38.00  sec  10.7 MBytes  89.9 Mbits/sec  8491  
[ 15]  37.00-38.00  sec  10.7 MBytes  89.9 Mbits/sec  8491  
[ 17]  37.00-38.00  sec  10.7 MBytes  89.9 Mbits/sec  8491  
[ 19]  37.00-38.00  sec  10.7 MBytes  89.9 Mbits/sec  8491  
[ 21]  37.00-38.00  sec  10.7 MBytes  89.9 Mbits/sec  8491  
[ 23]  37.00-38.00  sec  10.7 MBytes  89.9 Mbits/sec  8491  
[ 25]  37.00-38.00  sec  10.7 MBytes  89.9 Mbits/sec  8491  
[ 27]  37.00-38.00  sec  10.7 MBytes  89.9 Mbits/sec  8491  
[ 29]  37.00-38.00  sec  10.7 MBytes  89.9 Mbits/sec  8491  
[ 31]  37.00-38.00  sec  10.7 MBytes  89.9 Mbits/sec  8491  
[ 33]  37.00-38.00  sec  10.7 MBytes  89.9 Mbits/sec  8491  
[ 35]  37.00-38.00  sec  10.7 MBytes  89.9 Mbits/sec  8491  
[ 37]  37.00-38.00  sec  10.7 MBytes  89.9 Mbits/sec  8491  
[ 39]  37.00-38.00  sec  10.7 MBytes  89.9 Mbits/sec  8491  
[ 41]  37.00-38.00  sec  10.7 MBytes  89.9 Mbits/sec  8491  
[ 43]  37.00-38.00  sec  10.7 MBytes  89.9 Mbits/sec  8491  
[SUM]  37.00-38.00  sec   214 MBytes  1799 Mbits/sec  169820  
- - - - - - - - - - - - - - - - - - - - - - - - -
[  5]  38.00-39.00  sec  10.7 MBytes  90.1 Mbits/sec  8511  
[  7]  38.00-39.00  sec  10.7 MBytes  90.1 Mbits/sec  8511  
[  9]  38.00-39.00  sec  10.7 MBytes  90.1 Mbits/sec  8511  
[ 11]  38.00-39.00  sec  10.7 MBytes  90.1 Mbits/sec  8511  
[ 13]  38.00-39.00  sec  10.7 MBytes  90.1 Mbits/sec  8511  
[ 15]  38.00-39.00  sec  10.7 MBytes  90.1 Mbits/sec  8511  
[ 17]  38.00-39.00  sec  10.7 MBytes  90.1 Mbits/sec  8511  
[ 19]  38.00-39.00  sec  10.7 MBytes  90.1 Mbits/sec  8511  
[ 21]  38.00-39.00  sec  10.7 MBytes  90.1 Mbits/sec  8511  
[ 23]  38.00-39.00  sec  10.7 MBytes  90.1 Mbits/sec  8511  
[ 25]  38.00-39.00  sec  10.7 MBytes  90.1 Mbits/sec  8511  
[ 27]  38.00-39.00  sec  10.7 MBytes  90.1 Mbits/sec  8511  
[ 29]  38.00-39.00  sec  10.7 MBytes  90.1 Mbits/sec  8511  
[ 31]  38.00-39.00  sec  10.7 MBytes  90.1 Mbits/sec  8511  
[ 33]  38.00-39.00  sec  10.7 MBytes  90.1 Mbits/sec  8511  
[ 35]  38.00-39.00  sec  10.7 MBytes  90.1 Mbits/sec  8511  
[ 37]  38.00-39.00  sec  10.7 MBytes  90.1 Mbits/sec  8511  
[ 39]  38.00-39.00  sec  10.7 MBytes  90.1 Mbits/sec  8511  
[ 41]  38.00-39.00  sec  10.7 MBytes  90.1 Mbits/sec  8511  
[ 43]  38.00-39.00  sec  10.7 MBytes  90.1 Mbits/sec  8511  
[SUM]  38.00-39.00  sec   215 MBytes  1803 Mbits/sec  170220  
- - - - - - - - - - - - - - - - - - - - - - - - -
[  5]  39.00-40.00  sec  10.8 MBytes  90.4 Mbits/sec  8532  
[  7]  39.00-40.00  sec  10.8 MBytes  90.4 Mbits/sec  8532  
[  9]  39.00-40.00  sec  10.8 MBytes  90.4 Mbits/sec  8532  
[ 11]  39.00-40.00  sec  10.8 MBytes  90.4 Mbits/sec  8532  
[ 13]  39.00-40.00  sec  10.8 MBytes  90.4 Mbits/sec  8532  
[ 15]  39.00-40.00  sec  10.8 MBytes  90.4 Mbits/sec  8532  
[ 17]  39.00-40.00  sec  10.8 MBytes  90.4 Mbits/sec  8532  
[ 19]  39.00-40.00  sec  10.8 MBytes  90.4 Mbits/sec  8532  
[ 21]  39.00-40.00  sec  10.8 MBytes  90.4 Mbits/sec  8532  
[ 23]  39.00-40.00  sec  10.8 MBytes  90.4 Mbits/sec  8532  
[ 25]  39.00-40.00  sec  10.8 MBytes  90.4 Mbits/sec  8532  
[ 27]  39.00-40.00  sec  10.8 MBytes  90.4 Mbits/sec  8532  
[ 29]  39.00-40.00  sec  10.8 MBytes  90.4 Mbits/sec  8532  
[ 31]  39.00-40.00  sec  10.8 MBytes  90.4 Mbits/sec  8532  
[ 33]  39.00-40.00  sec  10.8 MBytes  90.4 Mbits/sec  8532  
[ 35]  39.00-40.00  sec  10.8 MBytes  90.4 Mbits/sec  8532  
[ 37]  39.00-40.00  sec  10.8 MBytes  90.4 Mbits/sec  8532  
[ 39]  39.00-40.00  sec  10.8 MBytes  90.4 Mbits/sec  8532  
[ 41]  39.00-40.00  sec  10.8 MBytes  90.4 Mbits/sec  8532  
[ 43]  39.00-40.00  sec  10.8 MBytes  90.4 Mbits/sec  8532  
[SUM]  39.00-40.00  sec   215 MBytes  1807 Mbits/sec  170640  
- - - - - - - - - - - - - - - - - - - - - - - - -
[  5]  40.00-41.00  sec  10.3 MBytes  86.1 Mbits/sec  8125  
[  7]  40.00-41.00  sec  10.3 MBytes  86.1 Mbits/sec  8125  
[  9]  40.00-41.00  sec  10.3 MBytes  86.1 Mbits/sec  8125  
[ 11]  40.00-41.00  sec  10.3 MBytes  86.1 Mbits/sec  8125  
[ 13]  40.00-41.00  sec  10.3 MBytes  86.1 Mbits/sec  8125  
[ 15]  40.00-41.00  sec  10.3 MBytes  86.1 Mbits/sec  8125  
[ 17]  40.00-41.00  sec  10.3 MBytes  86.1 Mbits/sec  8125  
[ 19]  40.00-41.00  sec  10.3 MBytes  86.1 Mbits/sec  8125  
[ 21]  40.00-41.00  sec  10.3 MBytes  86.1 Mbits/sec  8125  
[ 23]  40.00-41.00  sec  10.3 MBytes  86.1 Mbits/sec  8125  
[ 25]  40.00-41.00  sec  10.3 MBytes  86.1 Mbits/sec  8125  
[ 27]  40.00-41.00  sec  10.3 MBytes  86.1 Mbits/sec  8125  
[ 29]  40.00-41.00  sec  10.3 MBytes  86.1 Mbits/sec  8125  
[ 31]  40.00-41.00  sec  10.3 MBytes  86.1 Mbits/sec  8125  
[ 33]  40.00-41.00  sec  10.3 MBytes  86.1 Mbits/sec  8125  
[ 35]  40.00-41.00  sec  10.3 MBytes  86.1 Mbits/sec  8125  
[ 37]  40.00-41.00  sec  10.3 MBytes  86.1 Mbits/sec  8125  
[ 39]  40.00-41.00  sec  10.3 MBytes  86.1 Mbits/sec  8125  
[ 41]  40.00-41.00  sec  10.3 MBytes  86.1 Mbits/sec  8125  
[ 43]  40.00-41.00  sec  10.3 MBytes  86.1 Mbits/sec  8125  
[SUM]  40.00-41.00  sec   205 MBytes  1721 Mbits/sec  162500  
- - - - - - - - - - - - - - - - - - - - - - - - -
[  5]  41.00-42.00  sec  10.9 MBytes  91.2 Mbits/sec  8606  
[  7]  41.00-42.00  sec  10.9 MBytes  91.2 Mbits/sec  8606  
[  9]  41.00-42.00  sec  10.9 MBytes  91.2 Mbits/sec  8606  
[ 11]  41.00-42.00  sec  10.9 MBytes  91.2 Mbits/sec  8606  
[ 13]  41.00-42.00  sec  10.9 MBytes  91.2 Mbits/sec  8606  
[ 15]  41.00-42.00  sec  10.9 MBytes  91.2 Mbits/sec  8606  
[ 17]  41.00-42.00  sec  10.9 MBytes  91.2 Mbits/sec  8606  
[ 19]  41.00-42.00  sec  10.9 MBytes  91.2 Mbits/sec  8606  
[ 21]  41.00-42.00  sec  10.9 MBytes  91.2 Mbits/sec  8606  
[ 23]  41.00-42.00  sec  10.9 MBytes  91.2 Mbits/sec  8606  
[ 25]  41.00-42.00  sec  10.9 MBytes  91.2 Mbits/sec  8606  
[ 27]  41.00-42.00  sec  10.9 MBytes  91.2 Mbits/sec  8606  
[ 29]  41.00-42.00  sec  10.9 MBytes  91.2 Mbits/sec  8606  
[ 31]  41.00-42.00  sec  10.9 MBytes  91.2 Mbits/sec  8606  
[ 33]  41.00-42.00  sec  10.9 MBytes  91.2 Mbits/sec  8606  
[ 35]  41.00-42.00  sec  10.9 MBytes  91.2 Mbits/sec  8606  
[ 37]  41.00-42.00  sec  10.9 MBytes  91.2 Mbits/sec  8606  
[ 39]  41.00-42.00  sec  10.9 MBytes  91.2 Mbits/sec  8606  
[ 41]  41.00-42.00  sec  10.9 MBytes  91.2 Mbits/sec  8606  
[ 43]  41.00-42.00  sec  10.9 MBytes  91.2 Mbits/sec  8606  
[SUM]  41.00-42.00  sec   217 MBytes  1823 Mbits/sec  172120  
- - - - - - - - - - - - - - - - - - - - - - - - -
[  5]  42.00-43.00  sec  10.8 MBytes  90.3 Mbits/sec  8528  
[  7]  42.00-43.00  sec  10.8 MBytes  90.3 Mbits/sec  8528  
[  9]  42.00-43.00  sec  10.8 MBytes  90.3 Mbits/sec  8528  
[ 11]  42.00-43.00  sec  10.8 MBytes  90.3 Mbits/sec  8528  
[ 13]  42.00-43.00  sec  10.8 MBytes  90.3 Mbits/sec  8528  
[ 15]  42.00-43.00  sec  10.8 MBytes  90.3 Mbits/sec  8528  
[ 17]  42.00-43.00  sec  10.8 MBytes  90.3 Mbits/sec  8528  
[ 19]  42.00-43.00  sec  10.8 MBytes  90.3 Mbits/sec  8528  
[ 21]  42.00-43.00  sec  10.8 MBytes  90.3 Mbits/sec  8528  
[ 23]  42.00-43.00  sec  10.8 MBytes  90.3 Mbits/sec  8528  
[ 25]  42.00-43.00  sec  10.8 MBytes  90.3 Mbits/sec  8528  
[ 27]  42.00-43.00  sec  10.8 MBytes  90.3 Mbits/sec  8528  
[ 29]  42.00-43.00  sec  10.8 MBytes  90.3 Mbits/sec  8528  
[ 31]  42.00-43.00  sec  10.8 MBytes  90.3 Mbits/sec  8528  
[ 33]  42.00-43.00  sec  10.8 MBytes  90.3 Mbits/sec  8528  
[ 35]  42.00-43.00  sec  10.8 MBytes  90.3 Mbits/sec  8528  
[ 37]  42.00-43.00  sec  10.8 MBytes  90.3 Mbits/sec  8528  
[ 39]  42.00-43.00  sec  10.8 MBytes  90.3 Mbits/sec  8528  
[ 41]  42.00-43.00  sec  10.8 MBytes  90.3 Mbits/sec  8528  
[ 43]  42.00-43.00  sec  10.8 MBytes  90.3 Mbits/sec  8528  
[SUM]  42.00-43.00  sec   215 MBytes  1807 Mbits/sec  170560  
- - - - - - - - - - - - - - - - - - - - - - - - -
[  5]  43.00-44.00  sec  10.8 MBytes  91.0 Mbits/sec  8587  
[  7]  43.00-44.00  sec  10.8 MBytes  91.0 Mbits/sec  8587  
[  9]  43.00-44.00  sec  10.8 MBytes  91.0 Mbits/sec  8587  
[ 11]  43.00-44.00  sec  10.8 MBytes  91.0 Mbits/sec  8587  
[ 13]  43.00-44.00  sec  10.8 MBytes  91.0 Mbits/sec  8587  
[ 15]  43.00-44.00  sec  10.8 MBytes  91.0 Mbits/sec  8587  
[ 17]  43.00-44.00  sec  10.8 MBytes  91.0 Mbits/sec  8587  
[ 19]  43.00-44.00  sec  10.8 MBytes  91.0 Mbits/sec  8587  
[ 21]  43.00-44.00  sec  10.8 MBytes  91.0 Mbits/sec  8587  
[ 23]  43.00-44.00  sec  10.8 MBytes  91.0 Mbits/sec  8587  
[ 25]  43.00-44.00  sec  10.8 MBytes  91.0 Mbits/sec  8587  
[ 27]  43.00-44.00  sec  10.8 MBytes  91.0 Mbits/sec  8587  
[ 29]  43.00-44.00  sec  10.8 MBytes  91.0 Mbits/sec  8587  
[ 31]  43.00-44.00  sec  10.8 MBytes  91.0 Mbits/sec  8587  
[ 33]  43.00-44.00  sec  10.8 MBytes  91.0 Mbits/sec  8587  
[ 35]  43.00-44.00  sec  10.8 MBytes  91.0 Mbits/sec  8587  
[ 37]  43.00-44.00  sec  10.8 MBytes  91.0 Mbits/sec  8587  
[ 39]  43.00-44.00  sec  10.8 MBytes  91.0 Mbits/sec  8587  
[ 41]  43.00-44.00  sec  10.8 MBytes  91.0 Mbits/sec  8587  
[ 43]  43.00-44.00  sec  10.8 MBytes  91.0 Mbits/sec  8587  
[SUM]  43.00-44.00  sec   217 MBytes  1819 Mbits/sec  171740  
- - - - - - - - - - - - - - - - - - - - - - - - -
[  5]  44.00-45.00  sec  10.3 MBytes  86.8 Mbits/sec  8196  
[  7]  44.00-45.00  sec  10.3 MBytes  86.8 Mbits/sec  8196  
[  9]  44.00-45.00  sec  10.3 MBytes  86.8 Mbits/sec  8196  
[ 11]  44.00-45.00  sec  10.3 MBytes  86.8 Mbits/sec  8196  
[ 13]  44.00-45.00  sec  10.3 MBytes  86.8 Mbits/sec  8196  
[ 15]  44.00-45.00  sec  10.3 MBytes  86.8 Mbits/sec  8196  
[ 17]  44.00-45.00  sec  10.3 MBytes  86.8 Mbits/sec  8196  
[ 19]  44.00-45.00  sec  10.3 MBytes  86.8 Mbits/sec  8196  
[ 21]  44.00-45.00  sec  10.3 MBytes  86.8 Mbits/sec  8196  
[ 23]  44.00-45.00  sec  10.3 MBytes  86.8 Mbits/sec  8196  
[ 25]  44.00-45.00  sec  10.3 MBytes  86.8 Mbits/sec  8196  
[ 27]  44.00-45.00  sec  10.3 MBytes  86.8 Mbits/sec  8196  
[ 29]  44.00-45.00  sec  10.3 MBytes  86.8 Mbits/sec  8196  
[ 31]  44.00-45.00  sec  10.3 MBytes  86.8 Mbits/sec  8196  
[ 33]  44.00-45.00  sec  10.3 MBytes  86.8 Mbits/sec  8196  
[ 35]  44.00-45.00  sec  10.3 MBytes  86.8 Mbits/sec  8196  
[ 37]  44.00-45.00  sec  10.3 MBytes  86.8 Mbits/sec  8196  
[ 39]  44.00-45.00  sec  10.3 MBytes  86.8 Mbits/sec  8196  
[ 41]  44.00-45.00  sec  10.3 MBytes  86.8 Mbits/sec  8196  
[ 43]  44.00-45.00  sec  10.3 MBytes  86.8 Mbits/sec  8196  
[SUM]  44.00-45.00  sec   207 MBytes  1736 Mbits/sec  163920  
- - - - - - - - - - - - - - - - - - - - - - - - -
[  5]  45.00-46.00  sec  10.8 MBytes  90.7 Mbits/sec  8560  
[  7]  45.00-46.00  sec  10.8 MBytes  90.7 Mbits/sec  8560  
[  9]  45.00-46.00  sec  10.8 MBytes  90.7 Mbits/sec  8560  
[ 11]  45.00-46.00  sec  10.8 MBytes  90.7 Mbits/sec  8560  
[ 13]  45.00-46.00  sec  10.8 MBytes  90.7 Mbits/sec  8560  
[ 15]  45.00-46.00  sec  10.8 MBytes  90.7 Mbits/sec  8560  
[ 17]  45.00-46.00  sec  10.8 MBytes  90.7 Mbits/sec  8560  
[ 19]  45.00-46.00  sec  10.8 MBytes  90.7 Mbits/sec  8560  
[ 21]  45.00-46.00  sec  10.8 MBytes  90.7 Mbits/sec  8560  
[ 23]  45.00-46.00  sec  10.8 MBytes  90.7 Mbits/sec  8560  
[ 25]  45.00-46.00  sec  10.8 MBytes  90.7 Mbits/sec  8560  
[ 27]  45.00-46.00  sec  10.8 MBytes  90.7 Mbits/sec  8560  
[ 29]  45.00-46.00  sec  10.8 MBytes  90.7 Mbits/sec  8560  
[ 31]  45.00-46.00  sec  10.8 MBytes  90.7 Mbits/sec  8560  
[ 33]  45.00-46.00  sec  10.8 MBytes  90.7 Mbits/sec  8560  
[ 35]  45.00-46.00  sec  10.8 MBytes  90.7 Mbits/sec  8560  
[ 37]  45.00-46.00  sec  10.8 MBytes  90.7 Mbits/sec  8560  
[ 39]  45.00-46.00  sec  10.8 MBytes  90.7 Mbits/sec  8560  
[ 41]  45.00-46.00  sec  10.8 MBytes  90.7 Mbits/sec  8560  
[ 43]  45.00-46.00  sec  10.8 MBytes  90.7 Mbits/sec  8560  
[SUM]  45.00-46.00  sec   216 MBytes  1813 Mbits/sec  171200  
- - - - - - - - - - - - - - - - - - - - - - - - -
[  5]  46.00-47.00  sec  10.7 MBytes  89.7 Mbits/sec  8466  
[  7]  46.00-47.00  sec  10.7 MBytes  89.7 Mbits/sec  8466  
[  9]  46.00-47.00  sec  10.7 MBytes  89.7 Mbits/sec  8466  
[ 11]  46.00-47.00  sec  10.7 MBytes  89.7 Mbits/sec  8466  
[ 13]  46.00-47.00  sec  10.7 MBytes  89.7 Mbits/sec  8466  
[ 15]  46.00-47.00  sec  10.7 MBytes  89.7 Mbits/sec  8466  
[ 17]  46.00-47.00  sec  10.7 MBytes  89.7 Mbits/sec  8466  
[ 19]  46.00-47.00  sec  10.7 MBytes  89.7 Mbits/sec  8466  
[ 21]  46.00-47.00  sec  10.7 MBytes  89.7 Mbits/sec  8466  
[ 23]  46.00-47.00  sec  10.7 MBytes  89.7 Mbits/sec  8466  
[ 25]  46.00-47.00  sec  10.7 MBytes  89.7 Mbits/sec  8466  
[ 27]  46.00-47.00  sec  10.7 MBytes  89.7 Mbits/sec  8466  
[ 29]  46.00-47.00  sec  10.7 MBytes  89.7 Mbits/sec  8466  
[ 31]  46.00-47.00  sec  10.7 MBytes  89.7 Mbits/sec  8466  
[ 33]  46.00-47.00  sec  10.7 MBytes  89.7 Mbits/sec  8466  
[ 35]  46.00-47.00  sec  10.7 MBytes  89.7 Mbits/sec  8466  
[ 37]  46.00-47.00  sec  10.7 MBytes  89.7 Mbits/sec  8466  
[ 39]  46.00-47.00  sec  10.7 MBytes  89.7 Mbits/sec  8466  
[ 41]  46.00-47.00  sec  10.7 MBytes  89.7 Mbits/sec  8466  
[ 43]  46.00-47.00  sec  10.7 MBytes  89.7 Mbits/sec  8466  
[SUM]  46.00-47.00  sec   214 MBytes  1793 Mbits/sec  169320  
- - - - - - - - - - - - - - - - - - - - - - - - -
[  5]  47.00-48.00  sec  10.6 MBytes  89.3 Mbits/sec  8432  
[  7]  47.00-48.00  sec  10.6 MBytes  89.3 Mbits/sec  8432  
[  9]  47.00-48.00  sec  10.6 MBytes  89.3 Mbits/sec  8432  
[ 11]  47.00-48.00  sec  10.6 MBytes  89.3 Mbits/sec  8432  
[ 13]  47.00-48.00  sec  10.6 MBytes  89.3 Mbits/sec  8432  
[ 15]  47.00-48.00  sec  10.6 MBytes  89.3 Mbits/sec  8432  
[ 17]  47.00-48.00  sec  10.6 MBytes  89.3 Mbits/sec  8432  
[ 19]  47.00-48.00  sec  10.6 MBytes  89.3 Mbits/sec  8432  
[ 21]  47.00-48.00  sec  10.6 MBytes  89.3 Mbits/sec  8432  
[ 23]  47.00-48.00  sec  10.6 MBytes  89.3 Mbits/sec  8432  
[ 25]  47.00-48.00  sec  10.6 MBytes  89.3 Mbits/sec  8432  
[ 27]  47.00-48.00  sec  10.6 MBytes  89.3 Mbits/sec  8432  
[ 29]  47.00-48.00  sec  10.6 MBytes  89.3 Mbits/sec  8432  
[ 31]  47.00-48.00  sec  10.6 MBytes  89.3 Mbits/sec  8432  
[ 33]  47.00-48.00  sec  10.6 MBytes  89.3 Mbits/sec  8432  
[ 35]  47.00-48.00  sec  10.6 MBytes  89.3 Mbits/sec  8432  
[ 37]  47.00-48.00  sec  10.6 MBytes  89.3 Mbits/sec  8432  
[ 39]  47.00-48.00  sec  10.6 MBytes  89.3 Mbits/sec  8432  
[ 41]  47.00-48.00  sec  10.6 MBytes  89.3 Mbits/sec  8432  
[ 43]  47.00-48.00  sec  10.6 MBytes  89.3 Mbits/sec  8432  
[SUM]  47.00-48.00  sec   213 MBytes  1786 Mbits/sec  168640  
- - - - - - - - - - - - - - - - - - - - - - - - -
[  5]  48.00-49.00  sec  10.5 MBytes  88.4 Mbits/sec  8348  
[  7]  48.00-49.00  sec  10.5 MBytes  88.4 Mbits/sec  8348  
[  9]  48.00-49.00  sec  10.5 MBytes  88.4 Mbits/sec  8348  
[ 11]  48.00-49.00  sec  10.5 MBytes  88.4 Mbits/sec  8348  
[ 13]  48.00-49.00  sec  10.5 MBytes  88.4 Mbits/sec  8348  
[ 15]  48.00-49.00  sec  10.5 MBytes  88.4 Mbits/sec  8348  
[ 17]  48.00-49.00  sec  10.5 MBytes  88.4 Mbits/sec  8348  
[ 19]  48.00-49.00  sec  10.5 MBytes  88.4 Mbits/sec  8348  
[ 21]  48.00-49.00  sec  10.5 MBytes  88.4 Mbits/sec  8348  
[ 23]  48.00-49.00  sec  10.5 MBytes  88.4 Mbits/sec  8348  
[ 25]  48.00-49.00  sec  10.5 MBytes  88.4 Mbits/sec  8348  
[ 27]  48.00-49.00  sec  10.5 MBytes  88.4 Mbits/sec  8348  
[ 29]  48.00-49.00  sec  10.5 MBytes  88.4 Mbits/sec  8348  
[ 31]  48.00-49.00  sec  10.5 MBytes  88.4 Mbits/sec  8348  
[ 33]  48.00-49.00  sec  10.5 MBytes  88.4 Mbits/sec  8348  
[ 35]  48.00-49.00  sec  10.5 MBytes  88.4 Mbits/sec  8348  
[ 37]  48.00-49.00  sec  10.5 MBytes  88.4 Mbits/sec  8348  
[ 39]  48.00-49.00  sec  10.5 MBytes  88.4 Mbits/sec  8348  
[ 41]  48.00-49.00  sec  10.5 MBytes  88.4 Mbits/sec  8348  
[ 43]  48.00-49.00  sec  10.5 MBytes  88.4 Mbits/sec  8348  
[SUM]  48.00-49.00  sec   211 MBytes  1768 Mbits/sec  166960  
- - - - - - - - - - - - - - - - - - - - - - - - -
[  5]  49.00-50.00  sec  9.63 MBytes  80.8 Mbits/sec  7623  
[  7]  49.00-50.00  sec  9.63 MBytes  80.8 Mbits/sec  7623  
[  9]  49.00-50.00  sec  9.63 MBytes  80.8 Mbits/sec  7623  
[ 11]  49.00-50.00  sec  9.63 MBytes  80.8 Mbits/sec  7623  
[ 13]  49.00-50.00  sec  9.63 MBytes  80.8 Mbits/sec  7623  
[ 15]  49.00-50.00  sec  9.63 MBytes  80.8 Mbits/sec  7623  
[ 17]  49.00-50.00  sec  9.63 MBytes  80.7 Mbits/sec  7623  
[ 19]  49.00-50.00  sec  9.63 MBytes  80.7 Mbits/sec  7623  
[ 21]  49.00-50.00  sec  9.63 MBytes  80.7 Mbits/sec  7623  
[ 23]  49.00-50.00  sec  9.63 MBytes  80.7 Mbits/sec  7623  
[ 25]  49.00-50.00  sec  9.63 MBytes  80.7 Mbits/sec  7623  
[ 27]  49.00-50.00  sec  9.63 MBytes  80.7 Mbits/sec  7623  
[ 29]  49.00-50.00  sec  9.63 MBytes  80.7 Mbits/sec  7623  
[ 31]  49.00-50.00  sec  9.63 MBytes  80.7 Mbits/sec  7623  
[ 33]  49.00-50.00  sec  9.63 MBytes  80.7 Mbits/sec  7623  
[ 35]  49.00-50.00  sec  9.63 MBytes  80.7 Mbits/sec  7623  
[ 37]  49.00-50.00  sec  9.62 MBytes  80.7 Mbits/sec  7622  
[ 39]  49.00-50.00  sec  9.62 MBytes  80.7 Mbits/sec  7622  
[ 41]  49.00-50.00  sec  9.62 MBytes  80.7 Mbits/sec  7622  
[ 43]  49.00-50.00  sec  9.62 MBytes  80.7 Mbits/sec  7622  
[SUM]  49.00-50.00  sec   193 MBytes  1615 Mbits/sec  152456  
- - - - - - - - - - - - - - - - - - - - - - - - -
[  5]  50.00-51.00  sec  10.8 MBytes  90.3 Mbits/sec  8529  
[  7]  50.00-51.00  sec  10.8 MBytes  90.3 Mbits/sec  8529  
[  9]  50.00-51.00  sec  10.8 MBytes  90.3 Mbits/sec  8529  
[ 11]  50.00-51.00  sec  10.8 MBytes  90.3 Mbits/sec  8529  
[ 13]  50.00-51.00  sec  10.8 MBytes  90.3 Mbits/sec  8529  
[ 15]  50.00-51.00  sec  10.8 MBytes  90.3 Mbits/sec  8529  
[ 17]  50.00-51.00  sec  10.8 MBytes  90.3 Mbits/sec  8529  
[ 19]  50.00-51.00  sec  10.8 MBytes  90.3 Mbits/sec  8529  
[ 21]  50.00-51.00  sec  10.8 MBytes  90.3 Mbits/sec  8529  
[ 23]  50.00-51.00  sec  10.8 MBytes  90.3 Mbits/sec  8529  
[ 25]  50.00-51.00  sec  10.8 MBytes  90.3 Mbits/sec  8529  
[ 27]  50.00-51.00  sec  10.8 MBytes  90.3 Mbits/sec  8529  
[ 29]  50.00-51.00  sec  10.8 MBytes  90.3 Mbits/sec  8529  
[ 31]  50.00-51.00  sec  10.8 MBytes  90.3 Mbits/sec  8529  
[ 33]  50.00-51.00  sec  10.8 MBytes  90.3 Mbits/sec  8529  
[ 35]  50.00-51.00  sec  10.8 MBytes  90.3 Mbits/sec  8529  
[ 37]  50.00-51.00  sec  10.8 MBytes  90.3 Mbits/sec  8529  
[ 39]  50.00-51.00  sec  10.8 MBytes  90.3 Mbits/sec  8529  
[ 41]  50.00-51.00  sec  10.8 MBytes  90.3 Mbits/sec  8529  
[ 43]  50.00-51.00  sec  10.8 MBytes  90.3 Mbits/sec  8529  
[SUM]  50.00-51.00  sec   215 MBytes  1807 Mbits/sec  170580  
- - - - - - - - - - - - - - - - - - - - - - - - -
[  5]  51.00-52.00  sec  10.8 MBytes  90.6 Mbits/sec  8549  
[  7]  51.00-52.00  sec  10.8 MBytes  90.6 Mbits/sec  8549  
[  9]  51.00-52.00  sec  10.8 MBytes  90.6 Mbits/sec  8549  
[ 11]  51.00-52.00  sec  10.8 MBytes  90.6 Mbits/sec  8549  
[ 13]  51.00-52.00  sec  10.8 MBytes  90.6 Mbits/sec  8549  
[ 15]  51.00-52.00  sec  10.8 MBytes  90.6 Mbits/sec  8549  
[ 17]  51.00-52.00  sec  10.8 MBytes  90.6 Mbits/sec  8549  
[ 19]  51.00-52.00  sec  10.8 MBytes  90.6 Mbits/sec  8549  
[ 21]  51.00-52.00  sec  10.8 MBytes  90.6 Mbits/sec  8549  
[ 23]  51.00-52.00  sec  10.8 MBytes  90.6 Mbits/sec  8549  
[ 25]  51.00-52.00  sec  10.8 MBytes  90.6 Mbits/sec  8549  
[ 27]  51.00-52.00  sec  10.8 MBytes  90.6 Mbits/sec  8549  
[ 29]  51.00-52.00  sec  10.8 MBytes  90.6 Mbits/sec  8549  
[ 31]  51.00-52.00  sec  10.8 MBytes  90.6 Mbits/sec  8549  
[ 33]  51.00-52.00  sec  10.8 MBytes  90.6 Mbits/sec  8549  
[ 35]  51.00-52.00  sec  10.8 MBytes  90.6 Mbits/sec  8549  
[ 37]  51.00-52.00  sec  10.8 MBytes  90.6 Mbits/sec  8549  
[ 39]  51.00-52.00  sec  10.8 MBytes  90.6 Mbits/sec  8549  
[ 41]  51.00-52.00  sec  10.8 MBytes  90.6 Mbits/sec  8549  
[ 43]  51.00-52.00  sec  10.8 MBytes  90.6 Mbits/sec  8549  
[SUM]  51.00-52.00  sec   216 MBytes  1811 Mbits/sec  170980  
- - - - - - - - - - - - - - - - - - - - - - - - -
[  5]  52.00-53.00  sec  10.8 MBytes  90.6 Mbits/sec  8557  
[  7]  52.00-53.00  sec  10.8 MBytes  90.6 Mbits/sec  8557  
[  9]  52.00-53.00  sec  10.8 MBytes  90.6 Mbits/sec  8557  
[ 11]  52.00-53.00  sec  10.8 MBytes  90.6 Mbits/sec  8557  
[ 13]  52.00-53.00  sec  10.8 MBytes  90.6 Mbits/sec  8557  
[ 15]  52.00-53.00  sec  10.8 MBytes  90.6 Mbits/sec  8557  
[ 17]  52.00-53.00  sec  10.8 MBytes  90.6 Mbits/sec  8557  
[ 19]  52.00-53.00  sec  10.8 MBytes  90.6 Mbits/sec  8557  
[ 21]  52.00-53.00  sec  10.8 MBytes  90.6 Mbits/sec  8557  
[ 23]  52.00-53.00  sec  10.8 MBytes  90.6 Mbits/sec  8557  
[ 25]  52.00-53.00  sec  10.8 MBytes  90.6 Mbits/sec  8557  
[ 27]  52.00-53.00  sec  10.8 MBytes  90.6 Mbits/sec  8557  
[ 29]  52.00-53.00  sec  10.8 MBytes  90.6 Mbits/sec  8557  
[ 31]  52.00-53.00  sec  10.8 MBytes  90.6 Mbits/sec  8557  
[ 33]  52.00-53.00  sec  10.8 MBytes  90.6 Mbits/sec  8556  
[ 35]  52.00-53.00  sec  10.8 MBytes  90.6 Mbits/sec  8556  
[ 37]  52.00-53.00  sec  10.8 MBytes  90.6 Mbits/sec  8556  
[ 39]  52.00-53.00  sec  10.8 MBytes  90.6 Mbits/sec  8556  
[ 41]  52.00-53.00  sec  10.8 MBytes  90.6 Mbits/sec  8556  
[ 43]  52.00-53.00  sec  10.8 MBytes  90.6 Mbits/sec  8556  
[SUM]  52.00-53.00  sec   216 MBytes  1813 Mbits/sec  171134  
- - - - - - - - - - - - - - - - - - - - - - - - -
[  5]  53.00-54.00  sec  10.8 MBytes  90.4 Mbits/sec  8535  
[  7]  53.00-54.00  sec  10.8 MBytes  90.4 Mbits/sec  8535  
[  9]  53.00-54.00  sec  10.8 MBytes  90.4 Mbits/sec  8535  
[ 11]  53.00-54.00  sec  10.8 MBytes  90.4 Mbits/sec  8535  
[ 13]  53.00-54.00  sec  10.8 MBytes  90.4 Mbits/sec  8535  
[ 15]  53.00-54.00  sec  10.8 MBytes  90.4 Mbits/sec  8535  
[ 17]  53.00-54.00  sec  10.8 MBytes  90.4 Mbits/sec  8535  
[ 19]  53.00-54.00  sec  10.8 MBytes  90.4 Mbits/sec  8535  
[ 21]  53.00-54.00  sec  10.8 MBytes  90.4 Mbits/sec  8535  
[ 23]  53.00-54.00  sec  10.8 MBytes  90.4 Mbits/sec  8535  
[ 25]  53.00-54.00  sec  10.8 MBytes  90.4 Mbits/sec  8535  
[ 27]  53.00-54.00  sec  10.8 MBytes  90.4 Mbits/sec  8535  
[ 29]  53.00-54.00  sec  10.8 MBytes  90.4 Mbits/sec  8535  
[ 31]  53.00-54.00  sec  10.8 MBytes  90.4 Mbits/sec  8535  
[ 33]  53.00-54.00  sec  10.8 MBytes  90.4 Mbits/sec  8535  
[ 35]  53.00-54.00  sec  10.8 MBytes  90.4 Mbits/sec  8535  
[ 37]  53.00-54.00  sec  10.8 MBytes  90.4 Mbits/sec  8535  
[ 39]  53.00-54.00  sec  10.8 MBytes  90.4 Mbits/sec  8535  
[ 41]  53.00-54.00  sec  10.8 MBytes  90.4 Mbits/sec  8535  
[ 43]  53.00-54.00  sec  10.8 MBytes  90.4 Mbits/sec  8535  
[SUM]  53.00-54.00  sec   216 MBytes  1808 Mbits/sec  170700  
- - - - - - - - - - - - - - - - - - - - - - - - -
[  5]  54.00-55.00  sec  10.6 MBytes  89.0 Mbits/sec  8398  
[  7]  54.00-55.00  sec  10.6 MBytes  89.0 Mbits/sec  8398  
[  9]  54.00-55.00  sec  10.6 MBytes  89.0 Mbits/sec  8398  
[ 11]  54.00-55.00  sec  10.6 MBytes  89.0 Mbits/sec  8398  
[ 13]  54.00-55.00  sec  10.6 MBytes  89.0 Mbits/sec  8398  
[ 15]  54.00-55.00  sec  10.6 MBytes  89.0 Mbits/sec  8398  
[ 17]  54.00-55.00  sec  10.6 MBytes  89.0 Mbits/sec  8398  
[ 19]  54.00-55.00  sec  10.6 MBytes  89.0 Mbits/sec  8398  
[ 21]  54.00-55.00  sec  10.6 MBytes  89.0 Mbits/sec  8398  
[ 23]  54.00-55.00  sec  10.6 MBytes  89.0 Mbits/sec  8398  
[ 25]  54.00-55.00  sec  10.6 MBytes  89.0 Mbits/sec  8398  
[ 27]  54.00-55.00  sec  10.6 MBytes  89.0 Mbits/sec  8398  
[ 29]  54.00-55.00  sec  10.6 MBytes  89.0 Mbits/sec  8398  
[ 31]  54.00-55.00  sec  10.6 MBytes  89.0 Mbits/sec  8398  
[ 33]  54.00-55.00  sec  10.6 MBytes  89.0 Mbits/sec  8398  
[ 35]  54.00-55.00  sec  10.6 MBytes  89.0 Mbits/sec  8398  
[ 37]  54.00-55.00  sec  10.6 MBytes  89.0 Mbits/sec  8398  
[ 39]  54.00-55.00  sec  10.6 MBytes  89.0 Mbits/sec  8398  
[ 41]  54.00-55.00  sec  10.6 MBytes  89.0 Mbits/sec  8398  
[ 43]  54.00-55.00  sec  10.6 MBytes  89.0 Mbits/sec  8398  
[SUM]  54.00-55.00  sec   212 MBytes  1779 Mbits/sec  167960  
- - - - - - - - - - - - - - - - - - - - - - - - -
[  5]  55.00-56.00  sec  10.8 MBytes  90.7 Mbits/sec  8565  
[  7]  55.00-56.00  sec  10.8 MBytes  90.7 Mbits/sec  8565  
[  9]  55.00-56.00  sec  10.8 MBytes  90.7 Mbits/sec  8565  
[ 11]  55.00-56.00  sec  10.8 MBytes  90.7 Mbits/sec  8565  
[ 13]  55.00-56.00  sec  10.8 MBytes  90.7 Mbits/sec  8565  
[ 15]  55.00-56.00  sec  10.8 MBytes  90.7 Mbits/sec  8565  
[ 17]  55.00-56.00  sec  10.8 MBytes  90.7 Mbits/sec  8565  
[ 19]  55.00-56.00  sec  10.8 MBytes  90.7 Mbits/sec  8565  
[ 21]  55.00-56.00  sec  10.8 MBytes  90.7 Mbits/sec  8565  
[ 23]  55.00-56.00  sec  10.8 MBytes  90.7 Mbits/sec  8565  
[ 25]  55.00-56.00  sec  10.8 MBytes  90.7 Mbits/sec  8565  
[ 27]  55.00-56.00  sec  10.8 MBytes  90.7 Mbits/sec  8565  
[ 29]  55.00-56.00  sec  10.8 MBytes  90.7 Mbits/sec  8565  
[ 31]  55.00-56.00  sec  10.8 MBytes  90.7 Mbits/sec  8565  
[ 33]  55.00-56.00  sec  10.8 MBytes  90.7 Mbits/sec  8565  
[ 35]  55.00-56.00  sec  10.8 MBytes  90.7 Mbits/sec  8565  
[ 37]  55.00-56.00  sec  10.8 MBytes  90.7 Mbits/sec  8565  
[ 39]  55.00-56.00  sec  10.8 MBytes  90.7 Mbits/sec  8565  
[ 41]  55.00-56.00  sec  10.8 MBytes  90.7 Mbits/sec  8565  
[ 43]  55.00-56.00  sec  10.8 MBytes  90.7 Mbits/sec  8565  
[SUM]  55.00-56.00  sec   216 MBytes  1814 Mbits/sec  171300  
- - - - - - - - - - - - - - - - - - - - - - - - -
[  5]  56.00-57.00  sec  9.92 MBytes  83.2 Mbits/sec  7858  
[  7]  56.00-57.00  sec  9.92 MBytes  83.2 Mbits/sec  7858  
[  9]  56.00-57.00  sec  9.92 MBytes  83.2 Mbits/sec  7858  
[ 11]  56.00-57.00  sec  9.92 MBytes  83.2 Mbits/sec  7858  
[ 13]  56.00-57.00  sec  9.92 MBytes  83.2 Mbits/sec  7858  
[ 15]  56.00-57.00  sec  9.92 MBytes  83.2 Mbits/sec  7858  
[ 17]  56.00-57.00  sec  9.92 MBytes  83.2 Mbits/sec  7858  
[ 19]  56.00-57.00  sec  9.92 MBytes  83.2 Mbits/sec  7858  
[ 21]  56.00-57.00  sec  9.92 MBytes  83.2 Mbits/sec  7858  
[ 23]  56.00-57.00  sec  9.92 MBytes  83.2 Mbits/sec  7858  
[ 25]  56.00-57.00  sec  9.92 MBytes  83.2 Mbits/sec  7858  
[ 27]  56.00-57.00  sec  9.92 MBytes  83.2 Mbits/sec  7858  
[ 29]  56.00-57.00  sec  9.92 MBytes  83.2 Mbits/sec  7858  
[ 31]  56.00-57.00  sec  9.92 MBytes  83.2 Mbits/sec  7858  
[ 33]  56.00-57.00  sec  9.92 MBytes  83.2 Mbits/sec  7858  
[ 35]  56.00-57.00  sec  9.92 MBytes  83.2 Mbits/sec  7858  
[ 37]  56.00-57.00  sec  9.92 MBytes  83.2 Mbits/sec  7858  
[ 39]  56.00-57.00  sec  9.92 MBytes  83.2 Mbits/sec  7858  
[ 41]  56.00-57.00  sec  9.92 MBytes  83.2 Mbits/sec  7858  
[ 43]  56.00-57.00  sec  9.92 MBytes  83.2 Mbits/sec  7858  
[SUM]  56.00-57.00  sec   198 MBytes  1665 Mbits/sec  157160  
- - - - - - - - - - - - - - - - - - - - - - - - -
[  5]  57.00-58.00  sec  10.8 MBytes  90.4 Mbits/sec  8538  
[  7]  57.00-58.00  sec  10.8 MBytes  90.4 Mbits/sec  8538  
[  9]  57.00-58.00  sec  10.8 MBytes  90.4 Mbits/sec  8538  
[ 11]  57.00-58.00  sec  10.8 MBytes  90.4 Mbits/sec  8538  
[ 13]  57.00-58.00  sec  10.8 MBytes  90.4 Mbits/sec  8538  
[ 15]  57.00-58.00  sec  10.8 MBytes  90.4 Mbits/sec  8538  
[ 17]  57.00-58.00  sec  10.8 MBytes  90.4 Mbits/sec  8538  
[ 19]  57.00-58.00  sec  10.8 MBytes  90.4 Mbits/sec  8538  
[ 21]  57.00-58.00  sec  10.8 MBytes  90.4 Mbits/sec  8538  
[ 23]  57.00-58.00  sec  10.8 MBytes  90.4 Mbits/sec  8538  
[ 25]  57.00-58.00  sec  10.8 MBytes  90.4 Mbits/sec  8538  
[ 27]  57.00-58.00  sec  10.8 MBytes  90.4 Mbits/sec  8538  
[ 29]  57.00-58.00  sec  10.8 MBytes  90.4 Mbits/sec  8538  
[ 31]  57.00-58.00  sec  10.8 MBytes  90.4 Mbits/sec  8538  
[ 33]  57.00-58.00  sec  10.8 MBytes  90.4 Mbits/sec  8538  
[ 35]  57.00-58.00  sec  10.8 MBytes  90.4 Mbits/sec  8538  
[ 37]  57.00-58.00  sec  10.8 MBytes  90.4 Mbits/sec  8538  
[ 39]  57.00-58.00  sec  10.8 MBytes  90.4 Mbits/sec  8538  
[ 41]  57.00-58.00  sec  10.8 MBytes  90.4 Mbits/sec  8538  
[ 43]  57.00-58.00  sec  10.8 MBytes  90.4 Mbits/sec  8538  
[SUM]  57.00-58.00  sec   216 MBytes  1809 Mbits/sec  170760  
- - - - - - - - - - - - - - - - - - - - - - - - -
[  5]  58.00-59.00  sec  9.37 MBytes  78.6 Mbits/sec  7419  
[  7]  58.00-59.00  sec  9.37 MBytes  78.6 Mbits/sec  7419  
[  9]  58.00-59.00  sec  9.37 MBytes  78.6 Mbits/sec  7419  
[ 11]  58.00-59.00  sec  9.37 MBytes  78.6 Mbits/sec  7419  
[ 13]  58.00-59.00  sec  9.37 MBytes  78.6 Mbits/sec  7419  
[ 15]  58.00-59.00  sec  9.37 MBytes  78.6 Mbits/sec  7419  
[ 17]  58.00-59.00  sec  9.37 MBytes  78.6 Mbits/sec  7419  
[ 19]  58.00-59.00  sec  9.37 MBytes  78.6 Mbits/sec  7419  
[ 21]  58.00-59.00  sec  9.37 MBytes  78.6 Mbits/sec  7419  
[ 23]  58.00-59.00  sec  9.37 MBytes  78.6 Mbits/sec  7419  
[ 25]  58.00-59.00  sec  9.37 MBytes  78.6 Mbits/sec  7419  
[ 27]  58.00-59.00  sec  9.37 MBytes  78.6 Mbits/sec  7419  
[ 29]  58.00-59.00  sec  9.37 MBytes  78.6 Mbits/sec  7419  
[ 31]  58.00-59.00  sec  9.37 MBytes  78.6 Mbits/sec  7419  
[ 33]  58.00-59.00  sec  9.37 MBytes  78.6 Mbits/sec  7419  
[ 35]  58.00-59.00  sec  9.37 MBytes  78.6 Mbits/sec  7419  
[ 37]  58.00-59.00  sec  9.37 MBytes  78.6 Mbits/sec  7419  
[ 39]  58.00-59.00  sec  9.37 MBytes  78.6 Mbits/sec  7419  
[ 41]  58.00-59.00  sec  9.37 MBytes  78.6 Mbits/sec  7419  
[ 43]  58.00-59.00  sec  9.37 MBytes  78.6 Mbits/sec  7419  
[SUM]  58.00-59.00  sec   187 MBytes  1572 Mbits/sec  148380  
- - - - - - - - - - - - - - - - - - - - - - - - -
[  5]  59.00-60.00  sec  11.0 MBytes  91.9 Mbits/sec  8679  
[  7]  59.00-60.00  sec  11.0 MBytes  91.9 Mbits/sec  8679  
[  9]  59.00-60.00  sec  11.0 MBytes  91.9 Mbits/sec  8679  
[ 11]  59.00-60.00  sec  11.0 MBytes  91.9 Mbits/sec  8679  
[ 13]  59.00-60.00  sec  11.0 MBytes  91.9 Mbits/sec  8679  
[ 15]  59.00-60.00  sec  11.0 MBytes  91.9 Mbits/sec  8679  
[ 17]  59.00-60.00  sec  11.0 MBytes  91.9 Mbits/sec  8679  
[ 19]  59.00-60.00  sec  11.0 MBytes  91.9 Mbits/sec  8679  
[ 21]  59.00-60.00  sec  11.0 MBytes  91.9 Mbits/sec  8679  
[ 23]  59.00-60.00  sec  11.0 MBytes  91.9 Mbits/sec  8679  
[ 25]  59.00-60.00  sec  11.0 MBytes  91.9 Mbits/sec  8679  
[ 27]  59.00-60.00  sec  11.0 MBytes  91.9 Mbits/sec  8679  
[ 29]  59.00-60.00  sec  11.0 MBytes  91.9 Mbits/sec  8679  
[ 31]  59.00-60.00  sec  11.0 MBytes  91.9 Mbits/sec  8679  
[ 33]  59.00-60.00  sec  11.0 MBytes  91.9 Mbits/sec  8679  
[ 35]  59.00-60.00  sec  11.0 MBytes  91.9 Mbits/sec  8679  
[ 37]  59.00-60.00  sec  11.0 MBytes  91.9 Mbits/sec  8679  
[ 39]  59.00-60.00  sec  11.0 MBytes  91.9 Mbits/sec  8679  
[ 41]  59.00-60.00  sec  11.0 MBytes  91.9 Mbits/sec  8679  
[ 43]  59.00-60.00  sec  11.0 MBytes  91.9 Mbits/sec  8679  
[SUM]  59.00-60.00  sec   219 MBytes  1839 Mbits/sec  173580  
- - - - - - - - - - - - - - - - - - - - - - - - -
[ ID] Interval           Transfer     Bitrate         Jitter    Lost/Total Datagrams
[  5]   0.00-60.00  sec   655 MBytes  91.6 Mbits/sec  0.000 ms  0/518789 (0%)  sender
[  5]   0.00-60.00  sec   655 MBytes  91.6 Mbits/sec  0.044 ms  0/518789 (0%)  receiver
[  7]   0.00-60.00  sec   655 MBytes  91.6 Mbits/sec  0.000 ms  0/518763 (0%)  sender
[  7]   0.00-60.00  sec   655 MBytes  91.6 Mbits/sec  0.049 ms  0/518763 (0%)  receiver
[  9]   0.00-60.00  sec   655 MBytes  91.6 Mbits/sec  0.000 ms  0/518738 (0%)  sender
[  9]   0.00-60.00  sec   655 MBytes  91.6 Mbits/sec  0.046 ms  0/518738 (0%)  receiver
[ 11]   0.00-60.00  sec   655 MBytes  91.6 Mbits/sec  0.000 ms  0/518716 (0%)  sender
[ 11]   0.00-60.00  sec   655 MBytes  91.6 Mbits/sec  0.053 ms  0/518716 (0%)  receiver
[ 13]   0.00-60.00  sec   655 MBytes  91.6 Mbits/sec  0.000 ms  0/518699 (0%)  sender
[ 13]   0.00-60.00  sec   655 MBytes  91.6 Mbits/sec  0.071 ms  0/518699 (0%)  receiver
[ 15]   0.00-60.00  sec   655 MBytes  91.6 Mbits/sec  0.000 ms  0/518676 (0%)  sender
[ 15]   0.00-60.00  sec   655 MBytes  91.6 Mbits/sec  0.077 ms  0/518676 (0%)  receiver
[ 17]   0.00-60.00  sec   655 MBytes  91.6 Mbits/sec  0.000 ms  0/518660 (0%)  sender
[ 17]   0.00-60.00  sec   655 MBytes  91.6 Mbits/sec  0.054 ms  0/518660 (0%)  receiver
[ 19]   0.00-60.00  sec   655 MBytes  91.6 Mbits/sec  0.000 ms  0/518642 (0%)  sender
[ 19]   0.00-60.00  sec   655 MBytes  91.6 Mbits/sec  0.049 ms  0/518642 (0%)  receiver
[ 21]   0.00-60.00  sec   655 MBytes  91.6 Mbits/sec  0.000 ms  0/518618 (0%)  sender
[ 21]   0.00-60.00  sec   655 MBytes  91.6 Mbits/sec  0.065 ms  0/518618 (0%)  receiver
[ 23]   0.00-60.00  sec   655 MBytes  91.5 Mbits/sec  0.000 ms  0/518590 (0%)  sender
[ 23]   0.00-60.00  sec   655 MBytes  91.5 Mbits/sec  0.047 ms  0/518590 (0%)  receiver
[ 25]   0.00-60.00  sec   655 MBytes  91.5 Mbits/sec  0.000 ms  0/518567 (0%)  sender
[ 25]   0.00-60.00  sec   655 MBytes  91.5 Mbits/sec  0.074 ms  0/518567 (0%)  receiver
[ 27]   0.00-60.00  sec   655 MBytes  91.5 Mbits/sec  0.000 ms  0/518547 (0%)  sender
[ 27]   0.00-60.00  sec   655 MBytes  91.5 Mbits/sec  0.113 ms  0/518547 (0%)  receiver
[ 29]   0.00-60.00  sec   655 MBytes  91.5 Mbits/sec  0.000 ms  0/518526 (0%)  sender
[ 29]   0.00-60.00  sec   655 MBytes  91.5 Mbits/sec  0.084 ms  0/518526 (0%)  receiver
[ 31]   0.00-60.00  sec   655 MBytes  91.5 Mbits/sec  0.000 ms  0/518501 (0%)  sender
[ 31]   0.00-60.00  sec   655 MBytes  91.5 Mbits/sec  0.077 ms  0/518501 (0%)  receiver
[ 33]   0.00-60.00  sec   655 MBytes  91.5 Mbits/sec  0.000 ms  0/518478 (0%)  sender
[ 33]   0.00-60.00  sec   655 MBytes  91.5 Mbits/sec  0.076 ms  0/518478 (0%)  receiver
[ 35]   0.00-60.00  sec   655 MBytes  91.5 Mbits/sec  0.000 ms  0/518451 (0%)  sender
[ 35]   0.00-60.00  sec   655 MBytes  91.5 Mbits/sec  0.056 ms  0/518451 (0%)  receiver
[ 37]   0.00-60.00  sec   655 MBytes  91.5 Mbits/sec  0.000 ms  0/518433 (0%)  sender
[ 37]   0.00-60.00  sec   655 MBytes  91.5 Mbits/sec  0.055 ms  0/518433 (0%)  receiver
[ 39]   0.00-60.00  sec   655 MBytes  91.5 Mbits/sec  0.000 ms  0/518405 (0%)  sender
[ 39]   0.00-60.00  sec   655 MBytes  91.5 Mbits/sec  0.050 ms  0/518405 (0%)  receiver
[ 41]   0.00-60.00  sec   655 MBytes  91.5 Mbits/sec  0.000 ms  0/518383 (0%)  sender
[ 41]   0.00-60.00  sec   655 MBytes  91.5 Mbits/sec  0.050 ms  0/518383 (0%)  receiver
[ 43]   0.00-60.00  sec   655 MBytes  91.5 Mbits/sec  0.000 ms  0/518350 (0%)  sender
[ 43]   0.00-60.00  sec   655 MBytes  91.5 Mbits/sec  0.062 ms  0/518350 (0%)  receiver
[SUM]   0.00-60.00  sec  12.8 GBytes  1831 Mbits/sec  0.000 ms  0/10371532 (0%)  sender
[SUM]   0.00-60.00  sec  12.8 GBytes  1831 Mbits/sec  0.063 ms  0/10371532 (0%)  receiver

iperf Done.
