Connecting to host 10.10.0.2, port 30000
[  5] local 10.244.243.1 port 38127 connected to 10.10.0.2 port 30000
[  7] local 10.244.243.1 port 34176 connected to 10.10.0.2 port 30000
[  9] local 10.244.243.1 port 53685 connected to 10.10.0.2 port 30000
[ 11] local 10.244.243.1 port 37365 connected to 10.10.0.2 port 30000
[ 13] local 10.244.243.1 port 39656 connected to 10.10.0.2 port 30000
[ 15] local 10.244.243.1 port 53346 connected to 10.10.0.2 port 30000
[ 17] local 10.244.243.1 port 56375 connected to 10.10.0.2 port 30000
[ 19] local 10.244.243.1 port 42823 connected to 10.10.0.2 port 30000
[ 21] local 10.244.243.1 port 37126 connected to 10.10.0.2 port 30000
[ 23] local 10.244.243.1 port 44497 connected to 10.10.0.2 port 30000
[ 25] local 10.244.243.1 port 55925 connected to 10.10.0.2 port 30000
[ 27] local 10.244.243.1 port 55052 connected to 10.10.0.2 port 30000
[ 29] local 10.244.243.1 port 51612 connected to 10.10.0.2 port 30000
[ 31] local 10.244.243.1 port 55280 connected to 10.10.0.2 port 30000
[ 33] local 10.244.243.1 port 42438 connected to 10.10.0.2 port 30000
[ 35] local 10.244.243.1 port 39145 connected to 10.10.0.2 port 30000
[ 37] local 10.244.243.1 port 56183 connected to 10.10.0.2 port 30000
[ 39] local 10.244.243.1 port 56271 connected to 10.10.0.2 port 30000
[ 41] local 10.244.243.1 port 35123 connected to 10.10.0.2 port 30000
[ 43] local 10.244.243.1 port 52395 connected to 10.10.0.2 port 30000
[ ID] Interval           Transfer     Bitrate         Total Datagrams
[  5]   0.00-1.00   sec  7.54 MBytes  63.2 Mbits/sec  5535  
[  7]   0.00-1.00   sec  7.54 MBytes  63.2 Mbits/sec  5535  
[  9]   0.00-1.00   sec  7.54 MBytes  63.2 Mbits/sec  5535  
[ 11]   0.00-1.00   sec  7.54 MBytes  63.2 Mbits/sec  5535  
[ 13]   0.00-1.00   sec  7.54 MBytes  63.2 Mbits/sec  5535  
[ 15]   0.00-1.00   sec  7.54 MBytes  63.2 Mbits/sec  5535  
[ 17]   0.00-1.00   sec  7.54 MBytes  63.2 Mbits/sec  5535  
[ 19]   0.00-1.00   sec  7.54 MBytes  63.2 Mbits/sec  5535  
[ 21]   0.00-1.00   sec  7.54 MBytes  63.2 Mbits/sec  5535  
[ 23]   0.00-1.00   sec  7.54 MBytes  63.2 Mbits/sec  5535  
[ 25]   0.00-1.00   sec  7.54 MBytes  63.2 Mbits/sec  5535  
[ 27]   0.00-1.00   sec  7.54 MBytes  63.2 Mbits/sec  5535  
[ 29]   0.00-1.00   sec  7.54 MBytes  63.2 Mbits/sec  5535  
[ 31]   0.00-1.00   sec  7.54 MBytes  63.2 Mbits/sec  5535  
[ 33]   0.00-1.00   sec  7.54 MBytes  63.2 Mbits/sec  5535  
[ 35]   0.00-1.00   sec  7.54 MBytes  63.2 Mbits/sec  5535  
[ 37]   0.00-1.00   sec  7.54 MBytes  63.2 Mbits/sec  5535  
[ 39]   0.00-1.00   sec  7.54 MBytes  63.2 Mbits/sec  5535  
[ 41]   0.00-1.00   sec  7.54 MBytes  63.2 Mbits/sec  5535  
[ 43]   0.00-1.00   sec  7.54 MBytes  63.2 Mbits/sec  5535  
[SUM]   0.00-1.00   sec   151 MBytes  1264 Mbits/sec  110700  
- - - - - - - - - - - - - - - - - - - - - - - - -
[  5]   1.00-2.00   sec  7.80 MBytes  65.4 Mbits/sec  5728  
[  7]   1.00-2.00   sec  7.80 MBytes  65.4 Mbits/sec  5728  
[  9]   1.00-2.00   sec  7.80 MBytes  65.4 Mbits/sec  5728  
[ 11]   1.00-2.00   sec  7.80 MBytes  65.4 Mbits/sec  5728  
[ 13]   1.00-2.00   sec  7.80 MBytes  65.4 Mbits/sec  5728  
[ 15]   1.00-2.00   sec  7.80 MBytes  65.4 Mbits/sec  5728  
[ 17]   1.00-2.00   sec  7.80 MBytes  65.4 Mbits/sec  5728  
[ 19]   1.00-2.00   sec  7.80 MBytes  65.4 Mbits/sec  5728  
[ 21]   1.00-2.00   sec  7.80 MBytes  65.4 Mbits/sec  5728  
[ 23]   1.00-2.00   sec  7.80 MBytes  65.4 Mbits/sec  5728  
[ 25]   1.00-2.00   sec  7.80 MBytes  65.4 Mbits/sec  5728  
[ 27]   1.00-2.00   sec  7.80 MBytes  65.4 Mbits/sec  5728  
[ 29]   1.00-2.00   sec  7.80 MBytes  65.4 Mbits/sec  5728  
[ 31]   1.00-2.00   sec  7.80 MBytes  65.4 Mbits/sec  5728  
[ 33]   1.00-2.00   sec  7.80 MBytes  65.4 Mbits/sec  5728  
[ 35]   1.00-2.00   sec  7.80 MBytes  65.4 Mbits/sec  5728  
[ 37]   1.00-2.00   sec  7.80 MBytes  65.4 Mbits/sec  5728  
[ 39]   1.00-2.00   sec  7.80 MBytes  65.4 Mbits/sec  5728  
[ 41]   1.00-2.00   sec  7.80 MBytes  65.4 Mbits/sec  5728  
[ 43]   1.00-2.00   sec  7.80 MBytes  65.4 Mbits/sec  5728  
[SUM]   1.00-2.00   sec   156 MBytes  1309 Mbits/sec  114560  
- - - - - - - - - - - - - - - - - - - - - - - - -
[  5]   2.00-3.00   sec  7.95 MBytes  66.7 Mbits/sec  5840  
[  7]   2.00-3.00   sec  7.95 MBytes  66.7 Mbits/sec  5840  
[  9]   2.00-3.00   sec  7.95 MBytes  66.7 Mbits/sec  5840  
[ 11]   2.00-3.00   sec  7.95 MBytes  66.7 Mbits/sec  5840  
[ 13]   2.00-3.00   sec  7.95 MBytes  66.7 Mbits/sec  5840  
[ 15]   2.00-3.00   sec  7.95 MBytes  66.7 Mbits/sec  5840  
[ 17]   2.00-3.00   sec  7.95 MBytes  66.7 Mbits/sec  5840  
[ 19]   2.00-3.00   sec  7.95 MBytes  66.7 Mbits/sec  5840  
[ 21]   2.00-3.00   sec  7.95 MBytes  66.7 Mbits/sec  5840  
[ 23]   2.00-3.00   sec  7.95 MBytes  66.7 Mbits/sec  5840  
[ 25]   2.00-3.00   sec  7.95 MBytes  66.7 Mbits/sec  5840  
[ 27]   2.00-3.00   sec  7.95 MBytes  66.7 Mbits/sec  5840  
[ 29]   2.00-3.00   sec  7.95 MBytes  66.7 Mbits/sec  5840  
[ 31]   2.00-3.00   sec  7.95 MBytes  66.7 Mbits/sec  5840  
[ 33]   2.00-3.00   sec  7.95 MBytes  66.7 Mbits/sec  5840  
[ 35]   2.00-3.00   sec  7.95 MBytes  66.7 Mbits/sec  5840  
[ 37]   2.00-3.00   sec  7.95 MBytes  66.7 Mbits/sec  5840  
[ 39]   2.00-3.00   sec  7.95 MBytes  66.7 Mbits/sec  5840  
[ 41]   2.00-3.00   sec  7.95 MBytes  66.7 Mbits/sec  5840  
[ 43]   2.00-3.00   sec  7.95 MBytes  66.7 Mbits/sec  5840  
[SUM]   2.00-3.00   sec   159 MBytes  1334 Mbits/sec  116800  
- - - - - - - - - - - - - - - - - - - - - - - - -
[  5]   3.00-4.00   sec  8.12 MBytes  68.1 Mbits/sec  5962  
[  7]   3.00-4.00   sec  8.12 MBytes  68.1 Mbits/sec  5962  
[  9]   3.00-4.00   sec  8.12 MBytes  68.1 Mbits/sec  5962  
[ 11]   3.00-4.00   sec  8.12 MBytes  68.1 Mbits/sec  5962  
[ 13]   3.00-4.00   sec  8.12 MBytes  68.1 Mbits/sec  5962  
[ 15]   3.00-4.00   sec  8.12 MBytes  68.1 Mbits/sec  5962  
[ 17]   3.00-4.00   sec  8.12 MBytes  68.1 Mbits/sec  5962  
[ 19]   3.00-4.00   sec  8.12 MBytes  68.1 Mbits/sec  5962  
[ 21]   3.00-4.00   sec  8.12 MBytes  68.1 Mbits/sec  5962  
[ 23]   3.00-4.00   sec  8.12 MBytes  68.1 Mbits/sec  5962  
[ 25]   3.00-4.00   sec  8.12 MBytes  68.1 Mbits/sec  5962  
[ 27]   3.00-4.00   sec  8.12 MBytes  68.1 Mbits/sec  5962  
[ 29]   3.00-4.00   sec  8.12 MBytes  68.1 Mbits/sec  5962  
[ 31]   3.00-4.00   sec  8.12 MBytes  68.1 Mbits/sec  5962  
[ 33]   3.00-4.00   sec  8.12 MBytes  68.1 Mbits/sec  5962  
[ 35]   3.00-4.00   sec  8.12 MBytes  68.1 Mbits/sec  5962  
[ 37]   3.00-4.00   sec  8.12 MBytes  68.1 Mbits/sec  5962  
[ 39]   3.00-4.00   sec  8.12 MBytes  68.1 Mbits/sec  5962  
[ 41]   3.00-4.00   sec  8.12 MBytes  68.1 Mbits/sec  5962  
[ 43]   3.00-4.00   sec  8.12 MBytes  68.1 Mbits/sec  5962  
[SUM]   3.00-4.00   sec   162 MBytes  1362 Mbits/sec  119240  
- - - - - - - - - - - - - - - - - - - - - - - - -
[  5]   4.00-5.00   sec  8.08 MBytes  67.8 Mbits/sec  5935  
[  7]   4.00-5.00   sec  8.08 MBytes  67.8 Mbits/sec  5935  
[  9]   4.00-5.00   sec  8.08 MBytes  67.8 Mbits/sec  5935  
[ 11]   4.00-5.00   sec  8.08 MBytes  67.8 Mbits/sec  5935  
[ 13]   4.00-5.00   sec  8.08 MBytes  67.8 Mbits/sec  5935  
[ 15]   4.00-5.00   sec  8.08 MBytes  67.8 Mbits/sec  5935  
[ 17]   4.00-5.00   sec  8.08 MBytes  67.8 Mbits/sec  5935  
[ 19]   4.00-5.00   sec  8.08 MBytes  67.8 Mbits/sec  5935  
[ 21]   4.00-5.00   sec  8.08 MBytes  67.8 Mbits/sec  5935  
[ 23]   4.00-5.00   sec  8.08 MBytes  67.8 Mbits/sec  5935  
[ 25]   4.00-5.00   sec  8.08 MBytes  67.8 Mbits/sec  5935  
[ 27]   4.00-5.00   sec  8.08 MBytes  67.8 Mbits/sec  5935  
[ 29]   4.00-5.00   sec  8.08 MBytes  67.8 Mbits/sec  5935  
[ 31]   4.00-5.00   sec  8.08 MBytes  67.8 Mbits/sec  5935  
[ 33]   4.00-5.00   sec  8.08 MBytes  67.8 Mbits/sec  5935  
[ 35]   4.00-5.00   sec  8.08 MBytes  67.8 Mbits/sec  5935  
[ 37]   4.00-5.00   sec  8.08 MBytes  67.8 Mbits/sec  5935  
[ 39]   4.00-5.00   sec  8.08 MBytes  67.8 Mbits/sec  5935  
[ 41]   4.00-5.00   sec  8.08 MBytes  67.8 Mbits/sec  5935  
[ 43]   4.00-5.00   sec  8.08 MBytes  67.8 Mbits/sec  5935  
[SUM]   4.00-5.00   sec   162 MBytes  1356 Mbits/sec  118700  
- - - - - - - - - - - - - - - - - - - - - - - - -
[  5]   5.00-6.00   sec  8.00 MBytes  67.1 Mbits/sec  5872  
[  7]   5.00-6.00   sec  8.00 MBytes  67.1 Mbits/sec  5872  
[  9]   5.00-6.00   sec  8.00 MBytes  67.1 Mbits/sec  5872  
[ 11]   5.00-6.00   sec  8.00 MBytes  67.1 Mbits/sec  5872  
[ 13]   5.00-6.00   sec  8.00 MBytes  67.1 Mbits/sec  5872  
[ 15]   5.00-6.00   sec  8.00 MBytes  67.1 Mbits/sec  5872  
[ 17]   5.00-6.00   sec  8.00 MBytes  67.1 Mbits/sec  5872  
[ 19]   5.00-6.00   sec  8.00 MBytes  67.1 Mbits/sec  5872  
[ 21]   5.00-6.00   sec  8.00 MBytes  67.1 Mbits/sec  5872  
[ 23]   5.00-6.00   sec  8.00 MBytes  67.1 Mbits/sec  5872  
[ 25]   5.00-6.00   sec  8.00 MBytes  67.1 Mbits/sec  5872  
[ 27]   5.00-6.00   sec  8.00 MBytes  67.1 Mbits/sec  5872  
[ 29]   5.00-6.00   sec  8.00 MBytes  67.1 Mbits/sec  5872  
[ 31]   5.00-6.00   sec  8.00 MBytes  67.1 Mbits/sec  5872  
[ 33]   5.00-6.00   sec  8.00 MBytes  67.1 Mbits/sec  5872  
[ 35]   5.00-6.00   sec  8.00 MBytes  67.1 Mbits/sec  5872  
[ 37]   5.00-6.00   sec  8.00 MBytes  67.1 Mbits/sec  5872  
[ 39]   5.00-6.00   sec  8.00 MBytes  67.1 Mbits/sec  5872  
[ 41]   5.00-6.00   sec  8.00 MBytes  67.1 Mbits/sec  5872  
[ 43]   5.00-6.00   sec  8.00 MBytes  67.1 Mbits/sec  5872  
[SUM]   5.00-6.00   sec   160 MBytes  1342 Mbits/sec  117440  
- - - - - - - - - - - - - - - - - - - - - - - - -
[  5]   6.00-7.00   sec  8.05 MBytes  67.5 Mbits/sec  5908  
[  7]   6.00-7.00   sec  8.05 MBytes  67.5 Mbits/sec  5908  
[  9]   6.00-7.00   sec  8.05 MBytes  67.5 Mbits/sec  5908  
[ 11]   6.00-7.00   sec  8.05 MBytes  67.5 Mbits/sec  5908  
[ 13]   6.00-7.00   sec  8.05 MBytes  67.5 Mbits/sec  5908  
[ 15]   6.00-7.00   sec  8.05 MBytes  67.5 Mbits/sec  5908  
[ 17]   6.00-7.00   sec  8.05 MBytes  67.5 Mbits/sec  5908  
[ 19]   6.00-7.00   sec  8.05 MBytes  67.5 Mbits/sec  5908  
[ 21]   6.00-7.00   sec  8.05 MBytes  67.5 Mbits/sec  5908  
[ 23]   6.00-7.00   sec  8.05 MBytes  67.5 Mbits/sec  5908  
[ 25]   6.00-7.00   sec  8.05 MBytes  67.5 Mbits/sec  5908  
[ 27]   6.00-7.00   sec  8.05 MBytes  67.5 Mbits/sec  5908  
[ 29]   6.00-7.00   sec  8.05 MBytes  67.5 Mbits/sec  5908  
[ 31]   6.00-7.00   sec  8.05 MBytes  67.5 Mbits/sec  5908  
[ 33]   6.00-7.00   sec  8.05 MBytes  67.5 Mbits/sec  5908  
[ 35]   6.00-7.00   sec  8.05 MBytes  67.5 Mbits/sec  5908  
[ 37]   6.00-7.00   sec  8.05 MBytes  67.5 Mbits/sec  5908  
[ 39]   6.00-7.00   sec  8.05 MBytes  67.5 Mbits/sec  5908  
[ 41]   6.00-7.00   sec  8.05 MBytes  67.5 Mbits/sec  5908  
[ 43]   6.00-7.00   sec  8.05 MBytes  67.5 Mbits/sec  5908  
[SUM]   6.00-7.00   sec   161 MBytes  1350 Mbits/sec  118160  
- - - - - - - - - - - - - - - - - - - - - - - - -
[  5]   7.00-8.00   sec  7.14 MBytes  59.9 Mbits/sec  5242  
[  7]   7.00-8.00   sec  7.14 MBytes  59.9 Mbits/sec  5242  
[  9]   7.00-8.00   sec  7.14 MBytes  59.9 Mbits/sec  5242  
[ 11]   7.00-8.00   sec  7.14 MBytes  59.9 Mbits/sec  5242  
[ 13]   7.00-8.00   sec  7.14 MBytes  59.9 Mbits/sec  5242  
[ 15]   7.00-8.00   sec  7.14 MBytes  59.9 Mbits/sec  5242  
[ 17]   7.00-8.00   sec  7.14 MBytes  59.9 Mbits/sec  5242  
[ 19]   7.00-8.00   sec  7.14 MBytes  59.9 Mbits/sec  5242  
[ 21]   7.00-8.00   sec  7.14 MBytes  59.9 Mbits/sec  5242  
[ 23]   7.00-8.00   sec  7.14 MBytes  59.9 Mbits/sec  5242  
[ 25]   7.00-8.00   sec  7.14 MBytes  59.9 Mbits/sec  5242  
[ 27]   7.00-8.00   sec  7.14 MBytes  59.9 Mbits/sec  5242  
[ 29]   7.00-8.00   sec  7.14 MBytes  59.9 Mbits/sec  5242  
[ 31]   7.00-8.00   sec  7.14 MBytes  59.9 Mbits/sec  5242  
[ 33]   7.00-8.00   sec  7.14 MBytes  59.9 Mbits/sec  5242  
[ 35]   7.00-8.00   sec  7.14 MBytes  59.9 Mbits/sec  5242  
[ 37]   7.00-8.00   sec  7.14 MBytes  59.9 Mbits/sec  5242  
[ 39]   7.00-8.00   sec  7.14 MBytes  59.9 Mbits/sec  5242  
[ 41]   7.00-8.00   sec  7.14 MBytes  59.9 Mbits/sec  5242  
[ 43]   7.00-8.00   sec  7.14 MBytes  59.9 Mbits/sec  5242  
[SUM]   7.00-8.00   sec   143 MBytes  1198 Mbits/sec  104840  
- - - - - - - - - - - - - - - - - - - - - - - - -
[  5]   8.00-9.00   sec  8.08 MBytes  67.8 Mbits/sec  5933  
[  7]   8.00-9.00   sec  8.08 MBytes  67.8 Mbits/sec  5933  
[  9]   8.00-9.00   sec  8.08 MBytes  67.8 Mbits/sec  5933  
[ 11]   8.00-9.00   sec  8.08 MBytes  67.8 Mbits/sec  5933  
[ 13]   8.00-9.00   sec  8.08 MBytes  67.8 Mbits/sec  5933  
[ 15]   8.00-9.00   sec  8.08 MBytes  67.8 Mbits/sec  5933  
[ 17]   8.00-9.00   sec  8.08 MBytes  67.8 Mbits/sec  5933  
[ 19]   8.00-9.00   sec  8.08 MBytes  67.8 Mbits/sec  5933  
[ 21]   8.00-9.00   sec  8.08 MBytes  67.8 Mbits/sec  5933  
[ 23]   8.00-9.00   sec  8.08 MBytes  67.8 Mbits/sec  5933  
[ 25]   8.00-9.00   sec  8.08 MBytes  67.8 Mbits/sec  5933  
[ 27]   8.00-9.00   sec  8.08 MBytes  67.8 Mbits/sec  5933  
[ 29]   8.00-9.00   sec  8.08 MBytes  67.8 Mbits/sec  5933  
[ 31]   8.00-9.00   sec  8.08 MBytes  67.8 Mbits/sec  5933  
[ 33]   8.00-9.00   sec  8.08 MBytes  67.8 Mbits/sec  5933  
[ 35]   8.00-9.00   sec  8.08 MBytes  67.8 Mbits/sec  5933  
[ 37]   8.00-9.00   sec  8.08 MBytes  67.8 Mbits/sec  5933  
[ 39]   8.00-9.00   sec  8.08 MBytes  67.8 Mbits/sec  5933  
[ 41]   8.00-9.00   sec  8.08 MBytes  67.8 Mbits/sec  5933  
[ 43]   8.00-9.00   sec  8.08 MBytes  67.8 Mbits/sec  5933  
[SUM]   8.00-9.00   sec   162 MBytes  1356 Mbits/sec  118660  
- - - - - - - - - - - - - - - - - - - - - - - - -
[  5]   9.00-10.00  sec  8.06 MBytes  67.6 Mbits/sec  5921  
[  7]   9.00-10.00  sec  8.06 MBytes  67.6 Mbits/sec  5921  
[  9]   9.00-10.00  sec  8.06 MBytes  67.6 Mbits/sec  5921  
[ 11]   9.00-10.00  sec  8.06 MBytes  67.6 Mbits/sec  5921  
[ 13]   9.00-10.00  sec  8.06 MBytes  67.6 Mbits/sec  5921  
[ 15]   9.00-10.00  sec  8.06 MBytes  67.6 Mbits/sec  5921  
[ 17]   9.00-10.00  sec  8.06 MBytes  67.6 Mbits/sec  5921  
[ 19]   9.00-10.00  sec  8.06 MBytes  67.6 Mbits/sec  5921  
[ 21]   9.00-10.00  sec  8.06 MBytes  67.6 Mbits/sec  5921  
[ 23]   9.00-10.00  sec  8.06 MBytes  67.6 Mbits/sec  5921  
[ 25]   9.00-10.00  sec  8.06 MBytes  67.6 Mbits/sec  5921  
[ 27]   9.00-10.00  sec  8.06 MBytes  67.6 Mbits/sec  5921  
[ 29]   9.00-10.00  sec  8.06 MBytes  67.6 Mbits/sec  5921  
[ 31]   9.00-10.00  sec  8.06 MBytes  67.6 Mbits/sec  5921  
[ 33]   9.00-10.00  sec  8.06 MBytes  67.6 Mbits/sec  5921  
[ 35]   9.00-10.00  sec  8.06 MBytes  67.6 Mbits/sec  5921  
[ 37]   9.00-10.00  sec  8.06 MBytes  67.6 Mbits/sec  5921  
[ 39]   9.00-10.00  sec  8.06 MBytes  67.6 Mbits/sec  5921  
[ 41]   9.00-10.00  sec  8.06 MBytes  67.6 Mbits/sec  5921  
[ 43]   9.00-10.00  sec  8.06 MBytes  67.6 Mbits/sec  5921  
[SUM]   9.00-10.00  sec   161 MBytes  1353 Mbits/sec  118420  
- - - - - - - - - - - - - - - - - - - - - - - - -
[  5]  10.00-11.00  sec  7.72 MBytes  64.8 Mbits/sec  5668  
[  7]  10.00-11.00  sec  7.72 MBytes  64.8 Mbits/sec  5668  
[  9]  10.00-11.00  sec  7.72 MBytes  64.8 Mbits/sec  5668  
[ 11]  10.00-11.00  sec  7.72 MBytes  64.8 Mbits/sec  5668  
[ 13]  10.00-11.00  sec  7.72 MBytes  64.8 Mbits/sec  5668  
[ 15]  10.00-11.00  sec  7.72 MBytes  64.8 Mbits/sec  5668  
[ 17]  10.00-11.00  sec  7.72 MBytes  64.8 Mbits/sec  5668  
[ 19]  10.00-11.00  sec  7.72 MBytes  64.8 Mbits/sec  5668  
[ 21]  10.00-11.00  sec  7.72 MBytes  64.8 Mbits/sec  5668  
[ 23]  10.00-11.00  sec  7.72 MBytes  64.8 Mbits/sec  5668  
[ 25]  10.00-11.00  sec  7.72 MBytes  64.8 Mbits/sec  5668  
[ 27]  10.00-11.00  sec  7.72 MBytes  64.8 Mbits/sec  5668  
[ 29]  10.00-11.00  sec  7.72 MBytes  64.8 Mbits/sec  5668  
[ 31]  10.00-11.00  sec  7.72 MBytes  64.8 Mbits/sec  5668  
[ 33]  10.00-11.00  sec  7.72 MBytes  64.8 Mbits/sec  5668  
[ 35]  10.00-11.00  sec  7.72 MBytes  64.8 Mbits/sec  5668  
[ 37]  10.00-11.00  sec  7.72 MBytes  64.8 Mbits/sec  5668  
[ 39]  10.00-11.00  sec  7.72 MBytes  64.8 Mbits/sec  5668  
[ 41]  10.00-11.00  sec  7.72 MBytes  64.8 Mbits/sec  5668  
[ 43]  10.00-11.00  sec  7.72 MBytes  64.8 Mbits/sec  5668  
[SUM]  10.00-11.00  sec   154 MBytes  1295 Mbits/sec  113360  
- - - - - - - - - - - - - - - - - - - - - - - - -
[  5]  11.00-12.00  sec  7.81 MBytes  65.5 Mbits/sec  5738  
[  7]  11.00-12.00  sec  7.81 MBytes  65.6 Mbits/sec  5738  
[  9]  11.00-12.00  sec  7.81 MBytes  65.6 Mbits/sec  5738  
[ 11]  11.00-12.00  sec  7.81 MBytes  65.6 Mbits/sec  5738  
[ 13]  11.00-12.00  sec  7.81 MBytes  65.6 Mbits/sec  5738  
[ 15]  11.00-12.00  sec  7.81 MBytes  65.6 Mbits/sec  5738  
[ 17]  11.00-12.00  sec  7.81 MBytes  65.6 Mbits/sec  5738  
[ 19]  11.00-12.00  sec  7.81 MBytes  65.6 Mbits/sec  5738  
[ 21]  11.00-12.00  sec  7.81 MBytes  65.6 Mbits/sec  5738  
[ 23]  11.00-12.00  sec  7.81 MBytes  65.6 Mbits/sec  5738  
[ 25]  11.00-12.00  sec  7.81 MBytes  65.6 Mbits/sec  5738  
[ 27]  11.00-12.00  sec  7.81 MBytes  65.6 Mbits/sec  5738  
[ 29]  11.00-12.00  sec  7.81 MBytes  65.6 Mbits/sec  5738  
[ 31]  11.00-12.00  sec  7.81 MBytes  65.6 Mbits/sec  5738  
[ 33]  11.00-12.00  sec  7.81 MBytes  65.6 Mbits/sec  5738  
[ 35]  11.00-12.00  sec  7.81 MBytes  65.5 Mbits/sec  5738  
[ 37]  11.00-12.00  sec  7.81 MBytes  65.5 Mbits/sec  5738  
[ 39]  11.00-12.00  sec  7.81 MBytes  65.5 Mbits/sec  5738  
[ 41]  11.00-12.00  sec  7.81 MBytes  65.5 Mbits/sec  5738  
[ 43]  11.00-12.00  sec  7.81 MBytes  65.5 Mbits/sec  5738  
[SUM]  11.00-12.00  sec   156 MBytes  1311 Mbits/sec  114760  
- - - - - - - - - - - - - - - - - - - - - - - - -
[  5]  12.00-13.00  sec  8.07 MBytes  67.7 Mbits/sec  5924  
[  7]  12.00-13.00  sec  8.07 MBytes  67.7 Mbits/sec  5924  
[  9]  12.00-13.00  sec  8.07 MBytes  67.7 Mbits/sec  5924  
[ 11]  12.00-13.00  sec  8.07 MBytes  67.7 Mbits/sec  5924  
[ 13]  12.00-13.00  sec  8.07 MBytes  67.7 Mbits/sec  5924  
[ 15]  12.00-13.00  sec  8.07 MBytes  67.7 Mbits/sec  5924  
[ 17]  12.00-13.00  sec  8.07 MBytes  67.7 Mbits/sec  5924  
[ 19]  12.00-13.00  sec  8.07 MBytes  67.7 Mbits/sec  5924  
[ 21]  12.00-13.00  sec  8.07 MBytes  67.7 Mbits/sec  5924  
[ 23]  12.00-13.00  sec  8.07 MBytes  67.7 Mbits/sec  5924  
[ 25]  12.00-13.00  sec  8.07 MBytes  67.7 Mbits/sec  5924  
[ 27]  12.00-13.00  sec  8.07 MBytes  67.7 Mbits/sec  5924  
[ 29]  12.00-13.00  sec  8.07 MBytes  67.7 Mbits/sec  5924  
[ 31]  12.00-13.00  sec  8.07 MBytes  67.7 Mbits/sec  5924  
[ 33]  12.00-13.00  sec  8.07 MBytes  67.7 Mbits/sec  5924  
[ 35]  12.00-13.00  sec  8.07 MBytes  67.7 Mbits/sec  5924  
[ 37]  12.00-13.00  sec  8.07 MBytes  67.7 Mbits/sec  5924  
[ 39]  12.00-13.00  sec  8.07 MBytes  67.7 Mbits/sec  5924  
[ 41]  12.00-13.00  sec  8.07 MBytes  67.7 Mbits/sec  5924  
[ 43]  12.00-13.00  sec  8.07 MBytes  67.7 Mbits/sec  5924  
[SUM]  12.00-13.00  sec   161 MBytes  1354 Mbits/sec  118480  
- - - - - - - - - - - - - - - - - - - - - - - - -
[  5]  13.00-14.00  sec  7.97 MBytes  66.9 Mbits/sec  5856  
[  7]  13.00-14.00  sec  7.97 MBytes  66.9 Mbits/sec  5856  
[  9]  13.00-14.00  sec  7.97 MBytes  66.9 Mbits/sec  5856  
[ 11]  13.00-14.00  sec  7.97 MBytes  66.9 Mbits/sec  5856  
[ 13]  13.00-14.00  sec  7.97 MBytes  66.9 Mbits/sec  5856  
[ 15]  13.00-14.00  sec  7.97 MBytes  66.9 Mbits/sec  5856  
[ 17]  13.00-14.00  sec  7.97 MBytes  66.9 Mbits/sec  5856  
[ 19]  13.00-14.00  sec  7.97 MBytes  66.9 Mbits/sec  5856  
[ 21]  13.00-14.00  sec  7.97 MBytes  66.9 Mbits/sec  5856  
[ 23]  13.00-14.00  sec  7.97 MBytes  66.9 Mbits/sec  5856  
[ 25]  13.00-14.00  sec  7.97 MBytes  66.9 Mbits/sec  5856  
[ 27]  13.00-14.00  sec  7.97 MBytes  66.9 Mbits/sec  5856  
[ 29]  13.00-14.00  sec  7.97 MBytes  66.9 Mbits/sec  5856  
[ 31]  13.00-14.00  sec  7.97 MBytes  66.9 Mbits/sec  5856  
[ 33]  13.00-14.00  sec  7.97 MBytes  66.9 Mbits/sec  5856  
[ 35]  13.00-14.00  sec  7.97 MBytes  66.9 Mbits/sec  5856  
[ 37]  13.00-14.00  sec  7.97 MBytes  66.9 Mbits/sec  5856  
[ 39]  13.00-14.00  sec  7.97 MBytes  66.9 Mbits/sec  5856  
[ 41]  13.00-14.00  sec  7.97 MBytes  66.9 Mbits/sec  5856  
[ 43]  13.00-14.00  sec  7.97 MBytes  66.9 Mbits/sec  5856  
[SUM]  13.00-14.00  sec   159 MBytes  1338 Mbits/sec  117120  
- - - - - - - - - - - - - - - - - - - - - - - - -
[  5]  14.00-15.00  sec  8.07 MBytes  67.7 Mbits/sec  5924  
[  7]  14.00-15.00  sec  8.07 MBytes  67.7 Mbits/sec  5924  
[  9]  14.00-15.00  sec  8.07 MBytes  67.7 Mbits/sec  5924  
[ 11]  14.00-15.00  sec  8.07 MBytes  67.7 Mbits/sec  5924  
[ 13]  14.00-15.00  sec  8.07 MBytes  67.7 Mbits/sec  5924  
[ 15]  14.00-15.00  sec  8.07 MBytes  67.7 Mbits/sec  5924  
[ 17]  14.00-15.00  sec  8.07 MBytes  67.7 Mbits/sec  5924  
[ 19]  14.00-15.00  sec  8.07 MBytes  67.7 Mbits/sec  5924  
[ 21]  14.00-15.00  sec  8.07 MBytes  67.7 Mbits/sec  5924  
[ 23]  14.00-15.00  sec  8.07 MBytes  67.7 Mbits/sec  5924  
[ 25]  14.00-15.00  sec  8.07 MBytes  67.7 Mbits/sec  5924  
[ 27]  14.00-15.00  sec  8.07 MBytes  67.7 Mbits/sec  5924  
[ 29]  14.00-15.00  sec  8.07 MBytes  67.7 Mbits/sec  5924  
[ 31]  14.00-15.00  sec  8.07 MBytes  67.7 Mbits/sec  5924  
[ 33]  14.00-15.00  sec  8.07 MBytes  67.7 Mbits/sec  5924  
[ 35]  14.00-15.00  sec  8.07 MBytes  67.7 Mbits/sec  5924  
[ 37]  14.00-15.00  sec  8.07 MBytes  67.7 Mbits/sec  5924  
[ 39]  14.00-15.00  sec  8.07 MBytes  67.7 Mbits/sec  5924  
[ 41]  14.00-15.00  sec  8.07 MBytes  67.7 Mbits/sec  5924  
[ 43]  14.00-15.00  sec  8.07 MBytes  67.7 Mbits/sec  5924  
[SUM]  14.00-15.00  sec   161 MBytes  1353 Mbits/sec  118480  
- - - - - - - - - - - - - - - - - - - - - - - - -
[  5]  15.00-16.00  sec  7.94 MBytes  66.6 Mbits/sec  5832  
[  7]  15.00-16.00  sec  7.94 MBytes  66.6 Mbits/sec  5832  
[  9]  15.00-16.00  sec  7.94 MBytes  66.6 Mbits/sec  5832  
[ 11]  15.00-16.00  sec  7.94 MBytes  66.6 Mbits/sec  5832  
[ 13]  15.00-16.00  sec  7.94 MBytes  66.6 Mbits/sec  5832  
[ 15]  15.00-16.00  sec  7.94 MBytes  66.6 Mbits/sec  5832  
[ 17]  15.00-16.00  sec  7.94 MBytes  66.6 Mbits/sec  5832  
[ 19]  15.00-16.00  sec  7.94 MBytes  66.6 Mbits/sec  5832  
[ 21]  15.00-16.00  sec  7.94 MBytes  66.6 Mbits/sec  5832  
[ 23]  15.00-16.00  sec  7.94 MBytes  66.6 Mbits/sec  5832  
[ 25]  15.00-16.00  sec  7.94 MBytes  66.6 Mbits/sec  5832  
[ 27]  15.00-16.00  sec  7.94 MBytes  66.6 Mbits/sec  5832  
[ 29]  15.00-16.00  sec  7.94 MBytes  66.6 Mbits/sec  5832  
[ 31]  15.00-16.00  sec  7.94 MBytes  66.6 Mbits/sec  5832  
[ 33]  15.00-16.00  sec  7.94 MBytes  66.6 Mbits/sec  5832  
[ 35]  15.00-16.00  sec  7.94 MBytes  66.6 Mbits/sec  5832  
[ 37]  15.00-16.00  sec  7.94 MBytes  66.6 Mbits/sec  5832  
[ 39]  15.00-16.00  sec  7.94 MBytes  66.6 Mbits/sec  5832  
[ 41]  15.00-16.00  sec  7.94 MBytes  66.6 Mbits/sec  5832  
[ 43]  15.00-16.00  sec  7.94 MBytes  66.6 Mbits/sec  5832  
[SUM]  15.00-16.00  sec   159 MBytes  1332 Mbits/sec  116640  
- - - - - - - - - - - - - - - - - - - - - - - - -
[  5]  16.00-17.00  sec  8.07 MBytes  67.7 Mbits/sec  5928  
[  7]  16.00-17.00  sec  8.07 MBytes  67.7 Mbits/sec  5928  
[  9]  16.00-17.00  sec  8.07 MBytes  67.7 Mbits/sec  5928  
[ 11]  16.00-17.00  sec  8.07 MBytes  67.7 Mbits/sec  5928  
[ 13]  16.00-17.00  sec  8.07 MBytes  67.7 Mbits/sec  5928  
[ 15]  16.00-17.00  sec  8.07 MBytes  67.7 Mbits/sec  5928  
[ 17]  16.00-17.00  sec  8.07 MBytes  67.7 Mbits/sec  5928  
[ 19]  16.00-17.00  sec  8.07 MBytes  67.7 Mbits/sec  5928  
[ 21]  16.00-17.00  sec  8.07 MBytes  67.7 Mbits/sec  5928  
[ 23]  16.00-17.00  sec  8.07 MBytes  67.7 Mbits/sec  5928  
[ 25]  16.00-17.00  sec  8.07 MBytes  67.7 Mbits/sec  5928  
[ 27]  16.00-17.00  sec  8.07 MBytes  67.7 Mbits/sec  5928  
[ 29]  16.00-17.00  sec  8.07 MBytes  67.7 Mbits/sec  5928  
[ 31]  16.00-17.00  sec  8.07 MBytes  67.7 Mbits/sec  5928  
[ 33]  16.00-17.00  sec  8.07 MBytes  67.7 Mbits/sec  5928  
[ 35]  16.00-17.00  sec  8.07 MBytes  67.7 Mbits/sec  5928  
[ 37]  16.00-17.00  sec  8.07 MBytes  67.7 Mbits/sec  5928  
[ 39]  16.00-17.00  sec  8.07 MBytes  67.7 Mbits/sec  5928  
[ 41]  16.00-17.00  sec  8.07 MBytes  67.7 Mbits/sec  5928  
[ 43]  16.00-17.00  sec  8.07 MBytes  67.7 Mbits/sec  5928  
[SUM]  16.00-17.00  sec   161 MBytes  1355 Mbits/sec  118560  
- - - - - - - - - - - - - - - - - - - - - - - - -
[  5]  17.00-18.00  sec  7.51 MBytes  63.0 Mbits/sec  5514  
[  7]  17.00-18.00  sec  7.51 MBytes  63.0 Mbits/sec  5514  
[  9]  17.00-18.00  sec  7.51 MBytes  63.0 Mbits/sec  5514  
[ 11]  17.00-18.00  sec  7.51 MBytes  63.0 Mbits/sec  5514  
[ 13]  17.00-18.00  sec  7.51 MBytes  63.0 Mbits/sec  5514  
[ 15]  17.00-18.00  sec  7.51 MBytes  63.0 Mbits/sec  5514  
[ 17]  17.00-18.00  sec  7.51 MBytes  63.0 Mbits/sec  5514  
[ 19]  17.00-18.00  sec  7.51 MBytes  63.0 Mbits/sec  5514  
[ 21]  17.00-18.00  sec  7.51 MBytes  63.0 Mbits/sec  5514  
[ 23]  17.00-18.00  sec  7.51 MBytes  63.0 Mbits/sec  5514  
[ 25]  17.00-18.00  sec  7.51 MBytes  63.0 Mbits/sec  5514  
[ 27]  17.00-18.00  sec  7.51 MBytes  63.0 Mbits/sec  5514  
[ 29]  17.00-18.00  sec  7.51 MBytes  63.0 Mbits/sec  5514  
[ 31]  17.00-18.00  sec  7.51 MBytes  63.0 Mbits/sec  5514  
[ 33]  17.00-18.00  sec  7.51 MBytes  63.0 Mbits/sec  5514  
[ 35]  17.00-18.00  sec  7.51 MBytes  63.0 Mbits/sec  5514  
[ 37]  17.00-18.00  sec  7.51 MBytes  63.0 Mbits/sec  5514  
[ 39]  17.00-18.00  sec  7.51 MBytes  63.0 Mbits/sec  5514  
[ 41]  17.00-18.00  sec  7.51 MBytes  63.0 Mbits/sec  5514  
[ 43]  17.00-18.00  sec  7.51 MBytes  63.0 Mbits/sec  5514  
[SUM]  17.00-18.00  sec   150 MBytes  1260 Mbits/sec  110280  
- - - - - - - - - - - - - - - - - - - - - - - - -
[  5]  18.00-19.00  sec  8.11 MBytes  68.1 Mbits/sec  5958  
[  7]  18.00-19.00  sec  8.11 MBytes  68.1 Mbits/sec  5958  
[  9]  18.00-19.00  sec  8.11 MBytes  68.1 Mbits/sec  5958  
[ 11]  18.00-19.00  sec  8.11 MBytes  68.1 Mbits/sec  5958  
[ 13]  18.00-19.00  sec  8.11 MBytes  68.1 Mbits/sec  5958  
[ 15]  18.00-19.00  sec  8.11 MBytes  68.1 Mbits/sec  5958  
[ 17]  18.00-19.00  sec  8.11 MBytes  68.1 Mbits/sec  5958  
[ 19]  18.00-19.00  sec  8.11 MBytes  68.1 Mbits/sec  5958  
[ 21]  18.00-19.00  sec  8.11 MBytes  68.1 Mbits/sec  5958  
[ 23]  18.00-19.00  sec  8.11 MBytes  68.1 Mbits/sec  5958  
[ 25]  18.00-19.00  sec  8.11 MBytes  68.1 Mbits/sec  5958  
[ 27]  18.00-19.00  sec  8.11 MBytes  68.1 Mbits/sec  5958  
[ 29]  18.00-19.00  sec  8.11 MBytes  68.1 Mbits/sec  5958  
[ 31]  18.00-19.00  sec  8.11 MBytes  68.1 Mbits/sec  5958  
[ 33]  18.00-19.00  sec  8.11 MBytes  68.1 Mbits/sec  5958  
[ 35]  18.00-19.00  sec  8.11 MBytes  68.1 Mbits/sec  5958  
[ 37]  18.00-19.00  sec  8.11 MBytes  68.1 Mbits/sec  5958  
[ 39]  18.00-19.00  sec  8.11 MBytes  68.1 Mbits/sec  5958  
[ 41]  18.00-19.00  sec  8.11 MBytes  68.1 Mbits/sec  5958  
[ 43]  18.00-19.00  sec  8.11 MBytes  68.1 Mbits/sec  5958  
[SUM]  18.00-19.00  sec   162 MBytes  1361 Mbits/sec  119160  
- - - - - - - - - - - - - - - - - - - - - - - - -
[  5]  19.00-20.00  sec  7.79 MBytes  65.3 Mbits/sec  5720  
[  7]  19.00-20.00  sec  7.79 MBytes  65.3 Mbits/sec  5720  
[  9]  19.00-20.00  sec  7.79 MBytes  65.3 Mbits/sec  5720  
[ 11]  19.00-20.00  sec  7.79 MBytes  65.3 Mbits/sec  5720  
[ 13]  19.00-20.00  sec  7.79 MBytes  65.3 Mbits/sec  5720  
[ 15]  19.00-20.00  sec  7.79 MBytes  65.3 Mbits/sec  5720  
[ 17]  19.00-20.00  sec  7.79 MBytes  65.3 Mbits/sec  5720  
[ 19]  19.00-20.00  sec  7.79 MBytes  65.3 Mbits/sec  5720  
[ 21]  19.00-20.00  sec  7.79 MBytes  65.3 Mbits/sec  5720  
[ 23]  19.00-20.00  sec  7.79 MBytes  65.3 Mbits/sec  5720  
[ 25]  19.00-20.00  sec  7.79 MBytes  65.3 Mbits/sec  5720  
[ 27]  19.00-20.00  sec  7.79 MBytes  65.3 Mbits/sec  5720  
[ 29]  19.00-20.00  sec  7.79 MBytes  65.3 Mbits/sec  5720  
[ 31]  19.00-20.00  sec  7.79 MBytes  65.3 Mbits/sec  5720  
[ 33]  19.00-20.00  sec  7.79 MBytes  65.3 Mbits/sec  5720  
[ 35]  19.00-20.00  sec  7.79 MBytes  65.3 Mbits/sec  5720  
[ 37]  19.00-20.00  sec  7.79 MBytes  65.3 Mbits/sec  5720  
[ 39]  19.00-20.00  sec  7.79 MBytes  65.3 Mbits/sec  5720  
[ 41]  19.00-20.00  sec  7.79 MBytes  65.3 Mbits/sec  5720  
[ 43]  19.00-20.00  sec  7.79 MBytes  65.3 Mbits/sec  5720  
[SUM]  19.00-20.00  sec   156 MBytes  1307 Mbits/sec  114400  
- - - - - - - - - - - - - - - - - - - - - - - - -
[  5]  20.00-21.00  sec  7.72 MBytes  64.8 Mbits/sec  5672  
[  7]  20.00-21.00  sec  7.72 MBytes  64.8 Mbits/sec  5672  
[  9]  20.00-21.00  sec  7.72 MBytes  64.8 Mbits/sec  5672  
[ 11]  20.00-21.00  sec  7.72 MBytes  64.8 Mbits/sec  5672  
[ 13]  20.00-21.00  sec  7.72 MBytes  64.8 Mbits/sec  5672  
[ 15]  20.00-21.00  sec  7.72 MBytes  64.8 Mbits/sec  5672  
[ 17]  20.00-21.00  sec  7.72 MBytes  64.8 Mbits/sec  5672  
[ 19]  20.00-21.00  sec  7.72 MBytes  64.8 Mbits/sec  5672  
[ 21]  20.00-21.00  sec  7.72 MBytes  64.8 Mbits/sec  5672  
[ 23]  20.00-21.00  sec  7.72 MBytes  64.8 Mbits/sec  5672  
[ 25]  20.00-21.00  sec  7.72 MBytes  64.8 Mbits/sec  5672  
[ 27]  20.00-21.00  sec  7.72 MBytes  64.8 Mbits/sec  5672  
[ 29]  20.00-21.00  sec  7.72 MBytes  64.8 Mbits/sec  5672  
[ 31]  20.00-21.00  sec  7.72 MBytes  64.8 Mbits/sec  5672  
[ 33]  20.00-21.00  sec  7.72 MBytes  64.8 Mbits/sec  5672  
[ 35]  20.00-21.00  sec  7.72 MBytes  64.8 Mbits/sec  5672  
[ 37]  20.00-21.00  sec  7.72 MBytes  64.8 Mbits/sec  5672  
[ 39]  20.00-21.00  sec  7.72 MBytes  64.8 Mbits/sec  5672  
[ 41]  20.00-21.00  sec  7.72 MBytes  64.8 Mbits/sec  5672  
[ 43]  20.00-21.00  sec  7.72 MBytes  64.8 Mbits/sec  5672  
[SUM]  20.00-21.00  sec   154 MBytes  1296 Mbits/sec  113440  
- - - - - - - - - - - - - - - - - - - - - - - - -
[  5]  21.00-22.00  sec  7.47 MBytes  62.7 Mbits/sec  5485  
[  7]  21.00-22.00  sec  7.47 MBytes  62.7 Mbits/sec  5485  
[  9]  21.00-22.00  sec  7.47 MBytes  62.7 Mbits/sec  5485  
[ 11]  21.00-22.00  sec  7.47 MBytes  62.7 Mbits/sec  5485  
[ 13]  21.00-22.00  sec  7.47 MBytes  62.7 Mbits/sec  5485  
[ 15]  21.00-22.00  sec  7.47 MBytes  62.7 Mbits/sec  5485  
[ 17]  21.00-22.00  sec  7.47 MBytes  62.7 Mbits/sec  5485  
[ 19]  21.00-22.00  sec  7.47 MBytes  62.7 Mbits/sec  5485  
[ 21]  21.00-22.00  sec  7.47 MBytes  62.7 Mbits/sec  5485  
[ 23]  21.00-22.00  sec  7.47 MBytes  62.7 Mbits/sec  5485  
[ 25]  21.00-22.00  sec  7.47 MBytes  62.7 Mbits/sec  5485  
[ 27]  21.00-22.00  sec  7.47 MBytes  62.7 Mbits/sec  5485  
[ 29]  21.00-22.00  sec  7.47 MBytes  62.7 Mbits/sec  5485  
[ 31]  21.00-22.00  sec  7.47 MBytes  62.7 Mbits/sec  5485  
[ 33]  21.00-22.00  sec  7.47 MBytes  62.7 Mbits/sec  5485  
[ 35]  21.00-22.00  sec  7.47 MBytes  62.7 Mbits/sec  5485  
[ 37]  21.00-22.00  sec  7.47 MBytes  62.7 Mbits/sec  5485  
[ 39]  21.00-22.00  sec  7.47 MBytes  62.7 Mbits/sec  5485  
[ 41]  21.00-22.00  sec  7.47 MBytes  62.7 Mbits/sec  5485  
[ 43]  21.00-22.00  sec  7.47 MBytes  62.7 Mbits/sec  5485  
[SUM]  21.00-22.00  sec   149 MBytes  1253 Mbits/sec  109700  
- - - - - - - - - - - - - - - - - - - - - - - - -
[  5]  22.00-23.00  sec  8.11 MBytes  68.0 Mbits/sec  5956  
[  7]  22.00-23.00  sec  8.11 MBytes  68.0 Mbits/sec  5956  
[  9]  22.00-23.00  sec  8.11 MBytes  68.0 Mbits/sec  5956  
[ 11]  22.00-23.00  sec  8.11 MBytes  68.0 Mbits/sec  5956  
[ 13]  22.00-23.00  sec  8.11 MBytes  68.0 Mbits/sec  5956  
[ 15]  22.00-23.00  sec  8.11 MBytes  68.0 Mbits/sec  5956  
[ 17]  22.00-23.00  sec  8.11 MBytes  68.0 Mbits/sec  5956  
[ 19]  22.00-23.00  sec  8.11 MBytes  68.0 Mbits/sec  5956  
[ 21]  22.00-23.00  sec  8.11 MBytes  68.0 Mbits/sec  5956  
[ 23]  22.00-23.00  sec  8.11 MBytes  68.0 Mbits/sec  5956  
[ 25]  22.00-23.00  sec  8.11 MBytes  68.0 Mbits/sec  5956  
[ 27]  22.00-23.00  sec  8.11 MBytes  68.0 Mbits/sec  5956  
[ 29]  22.00-23.00  sec  8.11 MBytes  68.0 Mbits/sec  5956  
[ 31]  22.00-23.00  sec  8.11 MBytes  68.0 Mbits/sec  5956  
[ 33]  22.00-23.00  sec  8.11 MBytes  68.0 Mbits/sec  5956  
[ 35]  22.00-23.00  sec  8.11 MBytes  68.0 Mbits/sec  5956  
[ 37]  22.00-23.00  sec  8.11 MBytes  68.0 Mbits/sec  5956  
[ 39]  22.00-23.00  sec  8.11 MBytes  68.0 Mbits/sec  5956  
[ 41]  22.00-23.00  sec  8.11 MBytes  68.0 Mbits/sec  5956  
[ 43]  22.00-23.00  sec  8.11 MBytes  68.0 Mbits/sec  5956  
[SUM]  22.00-23.00  sec   162 MBytes  1361 Mbits/sec  119120  
- - - - - - - - - - - - - - - - - - - - - - - - -
[  5]  23.00-24.00  sec  8.08 MBytes  67.7 Mbits/sec  5930  
[  7]  23.00-24.00  sec  8.08 MBytes  67.7 Mbits/sec  5930  
[  9]  23.00-24.00  sec  8.08 MBytes  67.7 Mbits/sec  5930  
[ 11]  23.00-24.00  sec  8.08 MBytes  67.7 Mbits/sec  5930  
[ 13]  23.00-24.00  sec  8.08 MBytes  67.7 Mbits/sec  5930  
[ 15]  23.00-24.00  sec  8.08 MBytes  67.7 Mbits/sec  5930  
[ 17]  23.00-24.00  sec  8.08 MBytes  67.7 Mbits/sec  5930  
[ 19]  23.00-24.00  sec  8.08 MBytes  67.7 Mbits/sec  5930  
[ 21]  23.00-24.00  sec  8.08 MBytes  67.7 Mbits/sec  5930  
[ 23]  23.00-24.00  sec  8.08 MBytes  67.7 Mbits/sec  5930  
[ 25]  23.00-24.00  sec  8.08 MBytes  67.7 Mbits/sec  5930  
[ 27]  23.00-24.00  sec  8.08 MBytes  67.7 Mbits/sec  5930  
[ 29]  23.00-24.00  sec  8.08 MBytes  67.7 Mbits/sec  5930  
[ 31]  23.00-24.00  sec  8.08 MBytes  67.7 Mbits/sec  5930  
[ 33]  23.00-24.00  sec  8.08 MBytes  67.7 Mbits/sec  5930  
[ 35]  23.00-24.00  sec  8.08 MBytes  67.7 Mbits/sec  5930  
[ 37]  23.00-24.00  sec  8.08 MBytes  67.7 Mbits/sec  5930  
[ 39]  23.00-24.00  sec  8.08 MBytes  67.7 Mbits/sec  5930  
[ 41]  23.00-24.00  sec  8.08 MBytes  67.7 Mbits/sec  5930  
[ 43]  23.00-24.00  sec  8.08 MBytes  67.7 Mbits/sec  5930  
[SUM]  23.00-24.00  sec   162 MBytes  1355 Mbits/sec  118600  
- - - - - - - - - - - - - - - - - - - - - - - - -
[  5]  24.00-25.00  sec  8.09 MBytes  67.9 Mbits/sec  5944  
[  7]  24.00-25.00  sec  8.09 MBytes  67.9 Mbits/sec  5944  
[  9]  24.00-25.00  sec  8.09 MBytes  67.9 Mbits/sec  5944  
[ 11]  24.00-25.00  sec  8.09 MBytes  67.9 Mbits/sec  5944  
[ 13]  24.00-25.00  sec  8.09 MBytes  67.9 Mbits/sec  5944  
[ 15]  24.00-25.00  sec  8.09 MBytes  67.9 Mbits/sec  5944  
[ 17]  24.00-25.00  sec  8.09 MBytes  67.9 Mbits/sec  5944  
[ 19]  24.00-25.00  sec  8.09 MBytes  67.9 Mbits/sec  5944  
[ 21]  24.00-25.00  sec  8.09 MBytes  67.9 Mbits/sec  5944  
[ 23]  24.00-25.00  sec  8.09 MBytes  67.9 Mbits/sec  5944  
[ 25]  24.00-25.00  sec  8.09 MBytes  67.9 Mbits/sec  5944  
[ 27]  24.00-25.00  sec  8.09 MBytes  67.9 Mbits/sec  5944  
[ 29]  24.00-25.00  sec  8.09 MBytes  67.9 Mbits/sec  5944  
[ 31]  24.00-25.00  sec  8.09 MBytes  67.9 Mbits/sec  5944  
[ 33]  24.00-25.00  sec  8.09 MBytes  67.9 Mbits/sec  5944  
[ 35]  24.00-25.00  sec  8.09 MBytes  67.9 Mbits/sec  5944  
[ 37]  24.00-25.00  sec  8.09 MBytes  67.9 Mbits/sec  5944  
[ 39]  24.00-25.00  sec  8.09 MBytes  67.9 Mbits/sec  5944  
[ 41]  24.00-25.00  sec  8.09 MBytes  67.9 Mbits/sec  5944  
[ 43]  24.00-25.00  sec  8.09 MBytes  67.9 Mbits/sec  5944  
[SUM]  24.00-25.00  sec   162 MBytes  1358 Mbits/sec  118880  
- - - - - - - - - - - - - - - - - - - - - - - - -
[  5]  25.00-26.00  sec  7.91 MBytes  66.4 Mbits/sec  5811  
[  7]  25.00-26.00  sec  7.91 MBytes  66.4 Mbits/sec  5811  
[  9]  25.00-26.00  sec  7.91 MBytes  66.4 Mbits/sec  5811  
[ 11]  25.00-26.00  sec  7.91 MBytes  66.4 Mbits/sec  5811  
[ 13]  25.00-26.00  sec  7.91 MBytes  66.4 Mbits/sec  5811  
[ 15]  25.00-26.00  sec  7.91 MBytes  66.4 Mbits/sec  5811  
[ 17]  25.00-26.00  sec  7.91 MBytes  66.4 Mbits/sec  5811  
[ 19]  25.00-26.00  sec  7.91 MBytes  66.4 Mbits/sec  5811  
[ 21]  25.00-26.00  sec  7.91 MBytes  66.4 Mbits/sec  5811  
[ 23]  25.00-26.00  sec  7.91 MBytes  66.4 Mbits/sec  5811  
[ 25]  25.00-26.00  sec  7.91 MBytes  66.4 Mbits/sec  5811  
[ 27]  25.00-26.00  sec  7.91 MBytes  66.4 Mbits/sec  5811  
[ 29]  25.00-26.00  sec  7.91 MBytes  66.4 Mbits/sec  5811  
[ 31]  25.00-26.00  sec  7.91 MBytes  66.4 Mbits/sec  5811  
[ 33]  25.00-26.00  sec  7.91 MBytes  66.4 Mbits/sec  5811  
[ 35]  25.00-26.00  sec  7.91 MBytes  66.4 Mbits/sec  5811  
[ 37]  25.00-26.00  sec  7.91 MBytes  66.4 Mbits/sec  5811  
[ 39]  25.00-26.00  sec  7.91 MBytes  66.4 Mbits/sec  5811  
[ 41]  25.00-26.00  sec  7.91 MBytes  66.4 Mbits/sec  5811  
[ 43]  25.00-26.00  sec  7.91 MBytes  66.4 Mbits/sec  5811  
[SUM]  25.00-26.00  sec   158 MBytes  1328 Mbits/sec  116220  
- - - - - - - - - - - - - - - - - - - - - - - - -
[  5]  26.00-27.00  sec  7.86 MBytes  66.0 Mbits/sec  5774  
[  7]  26.00-27.00  sec  7.86 MBytes  66.0 Mbits/sec  5774  
[  9]  26.00-27.00  sec  7.86 MBytes  66.0 Mbits/sec  5774  
[ 11]  26.00-27.00  sec  7.86 MBytes  66.0 Mbits/sec  5774  
[ 13]  26.00-27.00  sec  7.86 MBytes  66.0 Mbits/sec  5774  
[ 15]  26.00-27.00  sec  7.86 MBytes  66.0 Mbits/sec  5774  
[ 17]  26.00-27.00  sec  7.86 MBytes  66.0 Mbits/sec  5774  
[ 19]  26.00-27.00  sec  7.86 MBytes  66.0 Mbits/sec  5774  
[ 21]  26.00-27.00  sec  7.86 MBytes  66.0 Mbits/sec  5774  
[ 23]  26.00-27.00  sec  7.86 MBytes  66.0 Mbits/sec  5774  
[ 25]  26.00-27.00  sec  7.86 MBytes  66.0 Mbits/sec  5774  
[ 27]  26.00-27.00  sec  7.86 MBytes  66.0 Mbits/sec  5774  
[ 29]  26.00-27.00  sec  7.86 MBytes  66.0 Mbits/sec  5774  
[ 31]  26.00-27.00  sec  7.86 MBytes  66.0 Mbits/sec  5774  
[ 33]  26.00-27.00  sec  7.86 MBytes  66.0 Mbits/sec  5774  
[ 35]  26.00-27.00  sec  7.86 MBytes  66.0 Mbits/sec  5774  
[ 37]  26.00-27.00  sec  7.86 MBytes  66.0 Mbits/sec  5774  
[ 39]  26.00-27.00  sec  7.86 MBytes  66.0 Mbits/sec  5774  
[ 41]  26.00-27.00  sec  7.86 MBytes  66.0 Mbits/sec  5774  
[ 43]  26.00-27.00  sec  7.86 MBytes  66.0 Mbits/sec  5774  
[SUM]  26.00-27.00  sec   157 MBytes  1319 Mbits/sec  115480  
- - - - - - - - - - - - - - - - - - - - - - - - -
[  5]  27.00-28.00  sec  7.46 MBytes  62.6 Mbits/sec  5478  
[  7]  27.00-28.00  sec  7.46 MBytes  62.6 Mbits/sec  5478  
[  9]  27.00-28.00  sec  7.46 MBytes  62.6 Mbits/sec  5478  
[ 11]  27.00-28.00  sec  7.46 MBytes  62.6 Mbits/sec  5478  
[ 13]  27.00-28.00  sec  7.46 MBytes  62.6 Mbits/sec  5478  
[ 15]  27.00-28.00  sec  7.46 MBytes  62.6 Mbits/sec  5478  
[ 17]  27.00-28.00  sec  7.46 MBytes  62.6 Mbits/sec  5478  
[ 19]  27.00-28.00  sec  7.46 MBytes  62.6 Mbits/sec  5478  
[ 21]  27.00-28.00  sec  7.46 MBytes  62.6 Mbits/sec  5478  
[ 23]  27.00-28.00  sec  7.46 MBytes  62.6 Mbits/sec  5478  
[ 25]  27.00-28.00  sec  7.46 MBytes  62.6 Mbits/sec  5478  
[ 27]  27.00-28.00  sec  7.46 MBytes  62.6 Mbits/sec  5478  
[ 29]  27.00-28.00  sec  7.46 MBytes  62.6 Mbits/sec  5478  
[ 31]  27.00-28.00  sec  7.46 MBytes  62.6 Mbits/sec  5478  
[ 33]  27.00-28.00  sec  7.46 MBytes  62.6 Mbits/sec  5478  
[ 35]  27.00-28.00  sec  7.46 MBytes  62.6 Mbits/sec  5478  
[ 37]  27.00-28.00  sec  7.46 MBytes  62.6 Mbits/sec  5478  
[ 39]  27.00-28.00  sec  7.46 MBytes  62.6 Mbits/sec  5478  
[ 41]  27.00-28.00  sec  7.46 MBytes  62.6 Mbits/sec  5478  
[ 43]  27.00-28.00  sec  7.46 MBytes  62.6 Mbits/sec  5478  
[SUM]  27.00-28.00  sec   149 MBytes  1251 Mbits/sec  109560  
- - - - - - - - - - - - - - - - - - - - - - - - -
[  5]  28.00-29.00  sec  8.12 MBytes  68.1 Mbits/sec  5964  
[  7]  28.00-29.00  sec  8.12 MBytes  68.1 Mbits/sec  5964  
[  9]  28.00-29.00  sec  8.12 MBytes  68.1 Mbits/sec  5964  
[ 11]  28.00-29.00  sec  8.12 MBytes  68.1 Mbits/sec  5964  
[ 13]  28.00-29.00  sec  8.12 MBytes  68.1 Mbits/sec  5964  
[ 15]  28.00-29.00  sec  8.12 MBytes  68.1 Mbits/sec  5964  
[ 17]  28.00-29.00  sec  8.12 MBytes  68.1 Mbits/sec  5964  
[ 19]  28.00-29.00  sec  8.12 MBytes  68.1 Mbits/sec  5964  
[ 21]  28.00-29.00  sec  8.12 MBytes  68.1 Mbits/sec  5964  
[ 23]  28.00-29.00  sec  8.12 MBytes  68.1 Mbits/sec  5964  
[ 25]  28.00-29.00  sec  8.12 MBytes  68.1 Mbits/sec  5964  
[ 27]  28.00-29.00  sec  8.12 MBytes  68.1 Mbits/sec  5964  
[ 29]  28.00-29.00  sec  8.12 MBytes  68.1 Mbits/sec  5964  
[ 31]  28.00-29.00  sec  8.12 MBytes  68.1 Mbits/sec  5964  
[ 33]  28.00-29.00  sec  8.12 MBytes  68.1 Mbits/sec  5964  
[ 35]  28.00-29.00  sec  8.12 MBytes  68.1 Mbits/sec  5964  
[ 37]  28.00-29.00  sec  8.12 MBytes  68.1 Mbits/sec  5964  
[ 39]  28.00-29.00  sec  8.12 MBytes  68.1 Mbits/sec  5964  
[ 41]  28.00-29.00  sec  8.12 MBytes  68.1 Mbits/sec  5964  
[ 43]  28.00-29.00  sec  8.12 MBytes  68.1 Mbits/sec  5964  
[SUM]  28.00-29.00  sec   162 MBytes  1363 Mbits/sec  119280  
- - - - - - - - - - - - - - - - - - - - - - - - -
[  5]  29.00-30.00  sec  7.96 MBytes  66.8 Mbits/sec  5844  
[  7]  29.00-30.00  sec  7.96 MBytes  66.8 Mbits/sec  5844  
[  9]  29.00-30.00  sec  7.96 MBytes  66.8 Mbits/sec  5844  
[ 11]  29.00-30.00  sec  7.96 MBytes  66.8 Mbits/sec  5844  
[ 13]  29.00-30.00  sec  7.96 MBytes  66.8 Mbits/sec  5844  
[ 15]  29.00-30.00  sec  7.96 MBytes  66.8 Mbits/sec  5844  
[ 17]  29.00-30.00  sec  7.96 MBytes  66.8 Mbits/sec  5844  
[ 19]  29.00-30.00  sec  7.96 MBytes  66.8 Mbits/sec  5844  
[ 21]  29.00-30.00  sec  7.96 MBytes  66.8 Mbits/sec  5844  
[ 23]  29.00-30.00  sec  7.96 MBytes  66.8 Mbits/sec  5844  
[ 25]  29.00-30.00  sec  7.96 MBytes  66.8 Mbits/sec  5844  
[ 27]  29.00-30.00  sec  7.96 MBytes  66.8 Mbits/sec  5844  
[ 29]  29.00-30.00  sec  7.96 MBytes  66.8 Mbits/sec  5844  
[ 31]  29.00-30.00  sec  7.96 MBytes  66.8 Mbits/sec  5844  
[ 33]  29.00-30.00  sec  7.96 MBytes  66.8 Mbits/sec  5844  
[ 35]  29.00-30.00  sec  7.96 MBytes  66.8 Mbits/sec  5844  
[ 37]  29.00-30.00  sec  7.96 MBytes  66.8 Mbits/sec  5844  
[ 39]  29.00-30.00  sec  7.96 MBytes  66.8 Mbits/sec  5844  
[ 41]  29.00-30.00  sec  7.96 MBytes  66.8 Mbits/sec  5844  
[ 43]  29.00-30.00  sec  7.96 MBytes  66.8 Mbits/sec  5844  
[SUM]  29.00-30.00  sec   159 MBytes  1335 Mbits/sec  116880  
- - - - - - - - - - - - - - - - - - - - - - - - -
[  5]  30.00-31.00  sec  7.75 MBytes  65.0 Mbits/sec  5690  
[  7]  30.00-31.00  sec  7.75 MBytes  65.0 Mbits/sec  5690  
[  9]  30.00-31.00  sec  7.75 MBytes  65.0 Mbits/sec  5690  
[ 11]  30.00-31.00  sec  7.75 MBytes  65.0 Mbits/sec  5690  
[ 13]  30.00-31.00  sec  7.75 MBytes  65.0 Mbits/sec  5690  
[ 15]  30.00-31.00  sec  7.75 MBytes  65.0 Mbits/sec  5690  
[ 17]  30.00-31.00  sec  7.75 MBytes  65.0 Mbits/sec  5690  
[ 19]  30.00-31.00  sec  7.75 MBytes  65.0 Mbits/sec  5690  
[ 21]  30.00-31.00  sec  7.75 MBytes  65.0 Mbits/sec  5690  
[ 23]  30.00-31.00  sec  7.75 MBytes  65.0 Mbits/sec  5690  
[ 25]  30.00-31.00  sec  7.75 MBytes  65.0 Mbits/sec  5690  
[ 27]  30.00-31.00  sec  7.75 MBytes  65.0 Mbits/sec  5690  
[ 29]  30.00-31.00  sec  7.75 MBytes  65.0 Mbits/sec  5690  
[ 31]  30.00-31.00  sec  7.75 MBytes  65.0 Mbits/sec  5690  
[ 33]  30.00-31.00  sec  7.75 MBytes  65.0 Mbits/sec  5690  
[ 35]  30.00-31.00  sec  7.75 MBytes  65.0 Mbits/sec  5690  
[ 37]  30.00-31.00  sec  7.75 MBytes  65.0 Mbits/sec  5690  
[ 39]  30.00-31.00  sec  7.75 MBytes  65.0 Mbits/sec  5690  
[ 41]  30.00-31.00  sec  7.75 MBytes  65.0 Mbits/sec  5690  
[ 43]  30.00-31.00  sec  7.75 MBytes  65.0 Mbits/sec  5690  
[SUM]  30.00-31.00  sec   155 MBytes  1300 Mbits/sec  113800  
- - - - - - - - - - - - - - - - - - - - - - - - -
[  5]  31.00-32.00  sec  7.77 MBytes  65.2 Mbits/sec  5707  
[  7]  31.00-32.00  sec  7.77 MBytes  65.2 Mbits/sec  5707  
[  9]  31.00-32.00  sec  7.77 MBytes  65.2 Mbits/sec  5707  
[ 11]  31.00-32.00  sec  7.77 MBytes  65.2 Mbits/sec  5707  
[ 13]  31.00-32.00  sec  7.77 MBytes  65.2 Mbits/sec  5707  
[ 15]  31.00-32.00  sec  7.77 MBytes  65.2 Mbits/sec  5707  
[ 17]  31.00-32.00  sec  7.77 MBytes  65.2 Mbits/sec  5707  
[ 19]  31.00-32.00  sec  7.77 MBytes  65.2 Mbits/sec  5707  
[ 21]  31.00-32.00  sec  7.77 MBytes  65.2 Mbits/sec  5707  
[ 23]  31.00-32.00  sec  7.77 MBytes  65.2 Mbits/sec  5707  
[ 25]  31.00-32.00  sec  7.77 MBytes  65.2 Mbits/sec  5707  
[ 27]  31.00-32.00  sec  7.77 MBytes  65.2 Mbits/sec  5707  
[ 29]  31.00-32.00  sec  7.77 MBytes  65.2 Mbits/sec  5707  
[ 31]  31.00-32.00  sec  7.77 MBytes  65.2 Mbits/sec  5707  
[ 33]  31.00-32.00  sec  7.77 MBytes  65.2 Mbits/sec  5707  
[ 35]  31.00-32.00  sec  7.77 MBytes  65.2 Mbits/sec  5707  
[ 37]  31.00-32.00  sec  7.77 MBytes  65.2 Mbits/sec  5707  
[ 39]  31.00-32.00  sec  7.77 MBytes  65.2 Mbits/sec  5707  
[ 41]  31.00-32.00  sec  7.77 MBytes  65.2 Mbits/sec  5707  
[ 43]  31.00-32.00  sec  7.77 MBytes  65.2 Mbits/sec  5707  
[SUM]  31.00-32.00  sec   155 MBytes  1304 Mbits/sec  114140  
- - - - - - - - - - - - - - - - - - - - - - - - -
[  5]  32.00-33.00  sec  8.12 MBytes  68.2 Mbits/sec  5966  
[  7]  32.00-33.00  sec  8.12 MBytes  68.2 Mbits/sec  5966  
[  9]  32.00-33.00  sec  8.12 MBytes  68.2 Mbits/sec  5966  
[ 11]  32.00-33.00  sec  8.12 MBytes  68.2 Mbits/sec  5966  
[ 13]  32.00-33.00  sec  8.12 MBytes  68.2 Mbits/sec  5966  
[ 15]  32.00-33.00  sec  8.12 MBytes  68.2 Mbits/sec  5966  
[ 17]  32.00-33.00  sec  8.12 MBytes  68.2 Mbits/sec  5966  
[ 19]  32.00-33.00  sec  8.12 MBytes  68.2 Mbits/sec  5966  
[ 21]  32.00-33.00  sec  8.12 MBytes  68.2 Mbits/sec  5966  
[ 23]  32.00-33.00  sec  8.12 MBytes  68.2 Mbits/sec  5966  
[ 25]  32.00-33.00  sec  8.12 MBytes  68.2 Mbits/sec  5966  
[ 27]  32.00-33.00  sec  8.12 MBytes  68.2 Mbits/sec  5966  
[ 29]  32.00-33.00  sec  8.12 MBytes  68.2 Mbits/sec  5966  
[ 31]  32.00-33.00  sec  8.12 MBytes  68.2 Mbits/sec  5966  
[ 33]  32.00-33.00  sec  8.12 MBytes  68.2 Mbits/sec  5966  
[ 35]  32.00-33.00  sec  8.12 MBytes  68.2 Mbits/sec  5966  
[ 37]  32.00-33.00  sec  8.12 MBytes  68.2 Mbits/sec  5966  
[ 39]  32.00-33.00  sec  8.12 MBytes  68.2 Mbits/sec  5966  
[ 41]  32.00-33.00  sec  8.12 MBytes  68.2 Mbits/sec  5966  
[ 43]  32.00-33.00  sec  8.12 MBytes  68.2 Mbits/sec  5966  
[SUM]  32.00-33.00  sec   162 MBytes  1363 Mbits/sec  119320  
- - - - - - - - - - - - - - - - - - - - - - - - -
[  5]  33.00-34.00  sec  8.11 MBytes  68.0 Mbits/sec  5954  
[  7]  33.00-34.00  sec  8.11 MBytes  68.0 Mbits/sec  5954  
[  9]  33.00-34.00  sec  8.11 MBytes  68.0 Mbits/sec  5954  
[ 11]  33.00-34.00  sec  8.11 MBytes  68.0 Mbits/sec  5954  
[ 13]  33.00-34.00  sec  8.11 MBytes  68.0 Mbits/sec  5954  
[ 15]  33.00-34.00  sec  8.11 MBytes  68.0 Mbits/sec  5954  
[ 17]  33.00-34.00  sec  8.11 MBytes  68.0 Mbits/sec  5954  
[ 19]  33.00-34.00  sec  8.11 MBytes  68.0 Mbits/sec  5954  
[ 21]  33.00-34.00  sec  8.11 MBytes  68.0 Mbits/sec  5954  
[ 23]  33.00-34.00  sec  8.11 MBytes  68.0 Mbits/sec  5954  
[ 25]  33.00-34.00  sec  8.11 MBytes  68.0 Mbits/sec  5954  
[ 27]  33.00-34.00  sec  8.11 MBytes  68.0 Mbits/sec  5954  
[ 29]  33.00-34.00  sec  8.11 MBytes  68.0 Mbits/sec  5954  
[ 31]  33.00-34.00  sec  8.11 MBytes  68.0 Mbits/sec  5954  
[ 33]  33.00-34.00  sec  8.11 MBytes  68.0 Mbits/sec  5954  
[ 35]  33.00-34.00  sec  8.11 MBytes  68.0 Mbits/sec  5954  
[ 37]  33.00-34.00  sec  8.11 MBytes  68.0 Mbits/sec  5954  
[ 39]  33.00-34.00  sec  8.11 MBytes  68.0 Mbits/sec  5954  
[ 41]  33.00-34.00  sec  8.11 MBytes  68.0 Mbits/sec  5954  
[ 43]  33.00-34.00  sec  8.11 MBytes  68.0 Mbits/sec  5954  
[SUM]  33.00-34.00  sec   162 MBytes  1360 Mbits/sec  119080  
- - - - - - - - - - - - - - - - - - - - - - - - -
[  5]  34.00-35.00  sec  8.08 MBytes  67.8 Mbits/sec  5931  
[  7]  34.00-35.00  sec  8.08 MBytes  67.8 Mbits/sec  5931  
[  9]  34.00-35.00  sec  8.08 MBytes  67.8 Mbits/sec  5931  
[ 11]  34.00-35.00  sec  8.08 MBytes  67.8 Mbits/sec  5931  
[ 13]  34.00-35.00  sec  8.08 MBytes  67.8 Mbits/sec  5931  
[ 15]  34.00-35.00  sec  8.08 MBytes  67.8 Mbits/sec  5931  
[ 17]  34.00-35.00  sec  8.08 MBytes  67.8 Mbits/sec  5931  
[ 19]  34.00-35.00  sec  8.08 MBytes  67.8 Mbits/sec  5931  
[ 21]  34.00-35.00  sec  8.08 MBytes  67.8 Mbits/sec  5931  
[ 23]  34.00-35.00  sec  8.08 MBytes  67.8 Mbits/sec  5931  
[ 25]  34.00-35.00  sec  8.08 MBytes  67.8 Mbits/sec  5931  
[ 27]  34.00-35.00  sec  8.08 MBytes  67.8 Mbits/sec  5931  
[ 29]  34.00-35.00  sec  8.08 MBytes  67.8 Mbits/sec  5931  
[ 31]  34.00-35.00  sec  8.08 MBytes  67.8 Mbits/sec  5931  
[ 33]  34.00-35.00  sec  8.08 MBytes  67.8 Mbits/sec  5931  
[ 35]  34.00-35.00  sec  8.08 MBytes  67.8 Mbits/sec  5931  
[ 37]  34.00-35.00  sec  8.08 MBytes  67.8 Mbits/sec  5931  
[ 39]  34.00-35.00  sec  8.08 MBytes  67.8 Mbits/sec  5931  
[ 41]  34.00-35.00  sec  8.08 MBytes  67.8 Mbits/sec  5931  
[ 43]  34.00-35.00  sec  8.08 MBytes  67.8 Mbits/sec  5931  
[SUM]  34.00-35.00  sec   162 MBytes  1355 Mbits/sec  118620  
- - - - - - - - - - - - - - - - - - - - - - - - -
[  5]  35.00-36.00  sec  7.96 MBytes  66.8 Mbits/sec  5846  
[  7]  35.00-36.00  sec  7.96 MBytes  66.8 Mbits/sec  5846  
[  9]  35.00-36.00  sec  7.96 MBytes  66.8 Mbits/sec  5846  
[ 11]  35.00-36.00  sec  7.96 MBytes  66.8 Mbits/sec  5846  
[ 13]  35.00-36.00  sec  7.96 MBytes  66.8 Mbits/sec  5846  
[ 15]  35.00-36.00  sec  7.96 MBytes  66.8 Mbits/sec  5846  
[ 17]  35.00-36.00  sec  7.96 MBytes  66.8 Mbits/sec  5846  
[ 19]  35.00-36.00  sec  7.96 MBytes  66.8 Mbits/sec  5846  
[ 21]  35.00-36.00  sec  7.96 MBytes  66.8 Mbits/sec  5846  
[ 23]  35.00-36.00  sec  7.96 MBytes  66.8 Mbits/sec  5846  
[ 25]  35.00-36.00  sec  7.96 MBytes  66.8 Mbits/sec  5846  
[ 27]  35.00-36.00  sec  7.96 MBytes  66.8 Mbits/sec  5846  
[ 29]  35.00-36.00  sec  7.96 MBytes  66.8 Mbits/sec  5846  
[ 31]  35.00-36.00  sec  7.96 MBytes  66.8 Mbits/sec  5846  
[ 33]  35.00-36.00  sec  7.96 MBytes  66.8 Mbits/sec  5846  
[ 35]  35.00-36.00  sec  7.96 MBytes  66.8 Mbits/sec  5846  
[ 37]  35.00-36.00  sec  7.96 MBytes  66.8 Mbits/sec  5846  
[ 39]  35.00-36.00  sec  7.96 MBytes  66.8 Mbits/sec  5846  
[ 41]  35.00-36.00  sec  7.96 MBytes  66.8 Mbits/sec  5846  
[ 43]  35.00-36.00  sec  7.96 MBytes  66.8 Mbits/sec  5846  
[SUM]  35.00-36.00  sec   159 MBytes  1336 Mbits/sec  116920  
- - - - - - - - - - - - - - - - - - - - - - - - -
[  5]  36.00-37.00  sec  8.17 MBytes  68.5 Mbits/sec  5998  
[  7]  36.00-37.00  sec  8.17 MBytes  68.5 Mbits/sec  5998  
[  9]  36.00-37.00  sec  8.17 MBytes  68.5 Mbits/sec  5998  
[ 11]  36.00-37.00  sec  8.17 MBytes  68.5 Mbits/sec  5998  
[ 13]  36.00-37.00  sec  8.17 MBytes  68.5 Mbits/sec  5998  
[ 15]  36.00-37.00  sec  8.17 MBytes  68.5 Mbits/sec  5998  
[ 17]  36.00-37.00  sec  8.17 MBytes  68.5 Mbits/sec  5998  
[ 19]  36.00-37.00  sec  8.17 MBytes  68.5 Mbits/sec  5998  
[ 21]  36.00-37.00  sec  8.17 MBytes  68.5 Mbits/sec  5998  
[ 23]  36.00-37.00  sec  8.17 MBytes  68.5 Mbits/sec  5998  
[ 25]  36.00-37.00  sec  8.17 MBytes  68.5 Mbits/sec  5998  
[ 27]  36.00-37.00  sec  8.17 MBytes  68.5 Mbits/sec  5998  
[ 29]  36.00-37.00  sec  8.17 MBytes  68.5 Mbits/sec  5998  
[ 31]  36.00-37.00  sec  8.17 MBytes  68.5 Mbits/sec  5998  
[ 33]  36.00-37.00  sec  8.17 MBytes  68.5 Mbits/sec  5998  
[ 35]  36.00-37.00  sec  8.17 MBytes  68.5 Mbits/sec  5998  
[ 37]  36.00-37.00  sec  8.17 MBytes  68.5 Mbits/sec  5998  
[ 39]  36.00-37.00  sec  8.17 MBytes  68.5 Mbits/sec  5998  
[ 41]  36.00-37.00  sec  8.17 MBytes  68.5 Mbits/sec  5998  
[ 43]  36.00-37.00  sec  8.17 MBytes  68.5 Mbits/sec  5998  
[SUM]  36.00-37.00  sec   163 MBytes  1370 Mbits/sec  119960  
- - - - - - - - - - - - - - - - - - - - - - - - -
[  5]  37.00-38.00  sec  7.54 MBytes  63.2 Mbits/sec  5533  
[  7]  37.00-38.00  sec  7.54 MBytes  63.2 Mbits/sec  5533  
[  9]  37.00-38.00  sec  7.54 MBytes  63.2 Mbits/sec  5533  
[ 11]  37.00-38.00  sec  7.54 MBytes  63.2 Mbits/sec  5533  
[ 13]  37.00-38.00  sec  7.54 MBytes  63.2 Mbits/sec  5533  
[ 15]  37.00-38.00  sec  7.54 MBytes  63.2 Mbits/sec  5533  
[ 17]  37.00-38.00  sec  7.54 MBytes  63.2 Mbits/sec  5533  
[ 19]  37.00-38.00  sec  7.54 MBytes  63.2 Mbits/sec  5533  
[ 21]  37.00-38.00  sec  7.54 MBytes  63.2 Mbits/sec  5533  
[ 23]  37.00-38.00  sec  7.54 MBytes  63.2 Mbits/sec  5533  
[ 25]  37.00-38.00  sec  7.54 MBytes  63.2 Mbits/sec  5533  
[ 27]  37.00-38.00  sec  7.54 MBytes  63.2 Mbits/sec  5533  
[ 29]  37.00-38.00  sec  7.54 MBytes  63.2 Mbits/sec  5533  
[ 31]  37.00-38.00  sec  7.54 MBytes  63.2 Mbits/sec  5533  
[ 33]  37.00-38.00  sec  7.54 MBytes  63.2 Mbits/sec  5533  
[ 35]  37.00-38.00  sec  7.54 MBytes  63.2 Mbits/sec  5533  
[ 37]  37.00-38.00  sec  7.54 MBytes  63.2 Mbits/sec  5533  
[ 39]  37.00-38.00  sec  7.54 MBytes  63.2 Mbits/sec  5533  
[ 41]  37.00-38.00  sec  7.54 MBytes  63.2 Mbits/sec  5533  
[ 43]  37.00-38.00  sec  7.54 MBytes  63.2 Mbits/sec  5533  
[SUM]  37.00-38.00  sec   151 MBytes  1264 Mbits/sec  110660  
- - - - - - - - - - - - - - - - - - - - - - - - -
[  5]  38.00-39.00  sec  8.03 MBytes  67.3 Mbits/sec  5894  
[  7]  38.00-39.00  sec  8.03 MBytes  67.3 Mbits/sec  5894  
[  9]  38.00-39.00  sec  8.03 MBytes  67.3 Mbits/sec  5894  
[ 11]  38.00-39.00  sec  8.03 MBytes  67.3 Mbits/sec  5894  
[ 13]  38.00-39.00  sec  8.03 MBytes  67.3 Mbits/sec  5894  
[ 15]  38.00-39.00  sec  8.03 MBytes  67.3 Mbits/sec  5894  
[ 17]  38.00-39.00  sec  8.03 MBytes  67.3 Mbits/sec  5894  
[ 19]  38.00-39.00  sec  8.03 MBytes  67.3 Mbits/sec  5894  
[ 21]  38.00-39.00  sec  8.03 MBytes  67.3 Mbits/sec  5894  
[ 23]  38.00-39.00  sec  8.03 MBytes  67.3 Mbits/sec  5894  
[ 25]  38.00-39.00  sec  8.03 MBytes  67.3 Mbits/sec  5894  
[ 27]  38.00-39.00  sec  8.03 MBytes  67.3 Mbits/sec  5894  
[ 29]  38.00-39.00  sec  8.03 MBytes  67.3 Mbits/sec  5894  
[ 31]  38.00-39.00  sec  8.03 MBytes  67.3 Mbits/sec  5894  
[ 33]  38.00-39.00  sec  8.03 MBytes  67.3 Mbits/sec  5894  
[ 35]  38.00-39.00  sec  8.03 MBytes  67.3 Mbits/sec  5894  
[ 37]  38.00-39.00  sec  8.03 MBytes  67.3 Mbits/sec  5894  
[ 39]  38.00-39.00  sec  8.03 MBytes  67.3 Mbits/sec  5894  
[ 41]  38.00-39.00  sec  8.03 MBytes  67.3 Mbits/sec  5894  
[ 43]  38.00-39.00  sec  8.03 MBytes  67.3 Mbits/sec  5894  
[SUM]  38.00-39.00  sec   161 MBytes  1347 Mbits/sec  117880  
- - - - - - - - - - - - - - - - - - - - - - - - -
[  5]  39.00-40.00  sec  8.09 MBytes  67.8 Mbits/sec  5938  
[  7]  39.00-40.00  sec  8.09 MBytes  67.8 Mbits/sec  5938  
[  9]  39.00-40.00  sec  8.09 MBytes  67.8 Mbits/sec  5938  
[ 11]  39.00-40.00  sec  8.09 MBytes  67.8 Mbits/sec  5938  
[ 13]  39.00-40.00  sec  8.09 MBytes  67.8 Mbits/sec  5938  
[ 15]  39.00-40.00  sec  8.09 MBytes  67.8 Mbits/sec  5938  
[ 17]  39.00-40.00  sec  8.09 MBytes  67.8 Mbits/sec  5938  
[ 19]  39.00-40.00  sec  8.09 MBytes  67.8 Mbits/sec  5938  
[ 21]  39.00-40.00  sec  8.09 MBytes  67.8 Mbits/sec  5938  
[ 23]  39.00-40.00  sec  8.09 MBytes  67.8 Mbits/sec  5938  
[ 25]  39.00-40.00  sec  8.09 MBytes  67.8 Mbits/sec  5938  
[ 27]  39.00-40.00  sec  8.09 MBytes  67.8 Mbits/sec  5938  
[ 29]  39.00-40.00  sec  8.09 MBytes  67.8 Mbits/sec  5938  
[ 31]  39.00-40.00  sec  8.09 MBytes  67.8 Mbits/sec  5938  
[ 33]  39.00-40.00  sec  8.09 MBytes  67.8 Mbits/sec  5938  
[ 35]  39.00-40.00  sec  8.09 MBytes  67.8 Mbits/sec  5938  
[ 37]  39.00-40.00  sec  8.09 MBytes  67.8 Mbits/sec  5938  
[ 39]  39.00-40.00  sec  8.09 MBytes  67.8 Mbits/sec  5938  
[ 41]  39.00-40.00  sec  8.09 MBytes  67.8 Mbits/sec  5938  
[ 43]  39.00-40.00  sec  8.09 MBytes  67.8 Mbits/sec  5938  
[SUM]  39.00-40.00  sec   162 MBytes  1357 Mbits/sec  118760  
- - - - - - - - - - - - - - - - - - - - - - - - -
[  5]  40.00-41.00  sec  7.71 MBytes  64.7 Mbits/sec  5663  
[  7]  40.00-41.00  sec  7.71 MBytes  64.7 Mbits/sec  5663  
[  9]  40.00-41.00  sec  7.71 MBytes  64.7 Mbits/sec  5663  
[ 11]  40.00-41.00  sec  7.71 MBytes  64.7 Mbits/sec  5663  
[ 13]  40.00-41.00  sec  7.71 MBytes  64.7 Mbits/sec  5663  
[ 15]  40.00-41.00  sec  7.71 MBytes  64.7 Mbits/sec  5663  
[ 17]  40.00-41.00  sec  7.71 MBytes  64.7 Mbits/sec  5663  
[ 19]  40.00-41.00  sec  7.71 MBytes  64.7 Mbits/sec  5663  
[ 21]  40.00-41.00  sec  7.71 MBytes  64.7 Mbits/sec  5663  
[ 23]  40.00-41.00  sec  7.71 MBytes  64.7 Mbits/sec  5663  
[ 25]  40.00-41.00  sec  7.71 MBytes  64.7 Mbits/sec  5663  
[ 27]  40.00-41.00  sec  7.71 MBytes  64.7 Mbits/sec  5663  
[ 29]  40.00-41.00  sec  7.71 MBytes  64.7 Mbits/sec  5663  
[ 31]  40.00-41.00  sec  7.71 MBytes  64.7 Mbits/sec  5663  
[ 33]  40.00-41.00  sec  7.71 MBytes  64.7 Mbits/sec  5663  
[ 35]  40.00-41.00  sec  7.71 MBytes  64.7 Mbits/sec  5663  
[ 37]  40.00-41.00  sec  7.71 MBytes  64.7 Mbits/sec  5663  
[ 39]  40.00-41.00  sec  7.71 MBytes  64.7 Mbits/sec  5663  
[ 41]  40.00-41.00  sec  7.71 MBytes  64.7 Mbits/sec  5663  
[ 43]  40.00-41.00  sec  7.71 MBytes  64.7 Mbits/sec  5663  
[SUM]  40.00-41.00  sec   154 MBytes  1294 Mbits/sec  113260  
- - - - - - - - - - - - - - - - - - - - - - - - -
[  5]  41.00-42.00  sec  7.57 MBytes  63.5 Mbits/sec  5562  
[  7]  41.00-42.00  sec  7.57 MBytes  63.5 Mbits/sec  5562  
[  9]  41.00-42.00  sec  7.57 MBytes  63.5 Mbits/sec  5562  
[ 11]  41.00-42.00  sec  7.57 MBytes  63.5 Mbits/sec  5562  
[ 13]  41.00-42.00  sec  7.57 MBytes  63.5 Mbits/sec  5562  
[ 15]  41.00-42.00  sec  7.57 MBytes  63.5 Mbits/sec  5562  
[ 17]  41.00-42.00  sec  7.57 MBytes  63.5 Mbits/sec  5562  
[ 19]  41.00-42.00  sec  7.57 MBytes  63.5 Mbits/sec  5562  
[ 21]  41.00-42.00  sec  7.57 MBytes  63.5 Mbits/sec  5562  
[ 23]  41.00-42.00  sec  7.57 MBytes  63.5 Mbits/sec  5562  
[ 25]  41.00-42.00  sec  7.57 MBytes  63.5 Mbits/sec  5562  
[ 27]  41.00-42.00  sec  7.57 MBytes  63.5 Mbits/sec  5562  
[ 29]  41.00-42.00  sec  7.57 MBytes  63.5 Mbits/sec  5562  
[ 31]  41.00-42.00  sec  7.57 MBytes  63.5 Mbits/sec  5562  
[ 33]  41.00-42.00  sec  7.57 MBytes  63.5 Mbits/sec  5562  
[ 35]  41.00-42.00  sec  7.57 MBytes  63.5 Mbits/sec  5562  
[ 37]  41.00-42.00  sec  7.57 MBytes  63.5 Mbits/sec  5562  
[ 39]  41.00-42.00  sec  7.57 MBytes  63.5 Mbits/sec  5562  
[ 41]  41.00-42.00  sec  7.57 MBytes  63.5 Mbits/sec  5562  
[ 43]  41.00-42.00  sec  7.57 MBytes  63.5 Mbits/sec  5562  
[SUM]  41.00-42.00  sec   151 MBytes  1271 Mbits/sec  111240  
- - - - - - - - - - - - - - - - - - - - - - - - -
[  5]  42.00-43.00  sec  8.04 MBytes  67.4 Mbits/sec  5905  
[  7]  42.00-43.00  sec  8.04 MBytes  67.4 Mbits/sec  5905  
[  9]  42.00-43.00  sec  8.04 MBytes  67.4 Mbits/sec  5905  
[ 11]  42.00-43.00  sec  8.04 MBytes  67.4 Mbits/sec  5905  
[ 13]  42.00-43.00  sec  8.04 MBytes  67.4 Mbits/sec  5905  
[ 15]  42.00-43.00  sec  8.04 MBytes  67.4 Mbits/sec  5905  
[ 17]  42.00-43.00  sec  8.04 MBytes  67.4 Mbits/sec  5905  
[ 19]  42.00-43.00  sec  8.04 MBytes  67.4 Mbits/sec  5905  
[ 21]  42.00-43.00  sec  8.04 MBytes  67.4 Mbits/sec  5905  
[ 23]  42.00-43.00  sec  8.04 MBytes  67.4 Mbits/sec  5905  
[ 25]  42.00-43.00  sec  8.04 MBytes  67.4 Mbits/sec  5905  
[ 27]  42.00-43.00  sec  8.04 MBytes  67.4 Mbits/sec  5905  
[ 29]  42.00-43.00  sec  8.04 MBytes  67.4 Mbits/sec  5905  
[ 31]  42.00-43.00  sec  8.04 MBytes  67.4 Mbits/sec  5905  
[ 33]  42.00-43.00  sec  8.04 MBytes  67.4 Mbits/sec  5905  
[ 35]  42.00-43.00  sec  8.04 MBytes  67.4 Mbits/sec  5905  
[ 37]  42.00-43.00  sec  8.04 MBytes  67.4 Mbits/sec  5905  
[ 39]  42.00-43.00  sec  8.04 MBytes  67.4 Mbits/sec  5905  
[ 41]  42.00-43.00  sec  8.04 MBytes  67.4 Mbits/sec  5905  
[ 43]  42.00-43.00  sec  8.04 MBytes  67.4 Mbits/sec  5905  
[SUM]  42.00-43.00  sec   161 MBytes  1349 Mbits/sec  118100  
- - - - - - - - - - - - - - - - - - - - - - - - -
[  5]  43.00-44.00  sec  7.96 MBytes  66.8 Mbits/sec  5845  
[  7]  43.00-44.00  sec  7.96 MBytes  66.8 Mbits/sec  5845  
[  9]  43.00-44.00  sec  7.96 MBytes  66.8 Mbits/sec  5845  
[ 11]  43.00-44.00  sec  7.96 MBytes  66.8 Mbits/sec  5845  
[ 13]  43.00-44.00  sec  7.96 MBytes  66.8 Mbits/sec  5845  
[ 15]  43.00-44.00  sec  7.96 MBytes  66.8 Mbits/sec  5845  
[ 17]  43.00-44.00  sec  7.96 MBytes  66.8 Mbits/sec  5845  
[ 19]  43.00-44.00  sec  7.96 MBytes  66.8 Mbits/sec  5845  
[ 21]  43.00-44.00  sec  7.96 MBytes  66.8 Mbits/sec  5845  
[ 23]  43.00-44.00  sec  7.96 MBytes  66.8 Mbits/sec  5845  
[ 25]  43.00-44.00  sec  7.96 MBytes  66.8 Mbits/sec  5845  
[ 27]  43.00-44.00  sec  7.96 MBytes  66.8 Mbits/sec  5845  
[ 29]  43.00-44.00  sec  7.96 MBytes  66.8 Mbits/sec  5845  
[ 31]  43.00-44.00  sec  7.96 MBytes  66.8 Mbits/sec  5845  
[ 33]  43.00-44.00  sec  7.96 MBytes  66.8 Mbits/sec  5845  
[ 35]  43.00-44.00  sec  7.96 MBytes  66.8 Mbits/sec  5845  
[ 37]  43.00-44.00  sec  7.96 MBytes  66.8 Mbits/sec  5845  
[ 39]  43.00-44.00  sec  7.96 MBytes  66.8 Mbits/sec  5845  
[ 41]  43.00-44.00  sec  7.96 MBytes  66.8 Mbits/sec  5845  
[ 43]  43.00-44.00  sec  7.96 MBytes  66.8 Mbits/sec  5845  
[SUM]  43.00-44.00  sec   159 MBytes  1336 Mbits/sec  116900  
- - - - - - - - - - - - - - - - - - - - - - - - -
[  5]  44.00-45.00  sec  8.03 MBytes  67.4 Mbits/sec  5898  
[  7]  44.00-45.00  sec  8.03 MBytes  67.4 Mbits/sec  5898  
[  9]  44.00-45.00  sec  8.03 MBytes  67.4 Mbits/sec  5898  
[ 11]  44.00-45.00  sec  8.03 MBytes  67.4 Mbits/sec  5898  
[ 13]  44.00-45.00  sec  8.03 MBytes  67.4 Mbits/sec  5898  
[ 15]  44.00-45.00  sec  8.03 MBytes  67.4 Mbits/sec  5898  
[ 17]  44.00-45.00  sec  8.03 MBytes  67.4 Mbits/sec  5898  
[ 19]  44.00-45.00  sec  8.03 MBytes  67.4 Mbits/sec  5898  
[ 21]  44.00-45.00  sec  8.03 MBytes  67.4 Mbits/sec  5898  
[ 23]  44.00-45.00  sec  8.03 MBytes  67.4 Mbits/sec  5898  
[ 25]  44.00-45.00  sec  8.03 MBytes  67.4 Mbits/sec  5898  
[ 27]  44.00-45.00  sec  8.03 MBytes  67.4 Mbits/sec  5898  
[ 29]  44.00-45.00  sec  8.03 MBytes  67.4 Mbits/sec  5898  
[ 31]  44.00-45.00  sec  8.03 MBytes  67.4 Mbits/sec  5898  
[ 33]  44.00-45.00  sec  8.03 MBytes  67.4 Mbits/sec  5898  
[ 35]  44.00-45.00  sec  8.03 MBytes  67.4 Mbits/sec  5898  
[ 37]  44.00-45.00  sec  8.03 MBytes  67.4 Mbits/sec  5898  
[ 39]  44.00-45.00  sec  8.03 MBytes  67.4 Mbits/sec  5898  
[ 41]  44.00-45.00  sec  8.03 MBytes  67.4 Mbits/sec  5898  
[ 43]  44.00-45.00  sec  8.03 MBytes  67.4 Mbits/sec  5898  
[SUM]  44.00-45.00  sec   161 MBytes  1347 Mbits/sec  117960  
- - - - - - - - - - - - - - - - - - - - - - - - -
[  5]  45.00-46.00  sec  7.80 MBytes  65.4 Mbits/sec  5726  
[  7]  45.00-46.00  sec  7.80 MBytes  65.4 Mbits/sec  5726  
[  9]  45.00-46.00  sec  7.80 MBytes  65.4 Mbits/sec  5726  
[ 11]  45.00-46.00  sec  7.80 MBytes  65.4 Mbits/sec  5726  
[ 13]  45.00-46.00  sec  7.80 MBytes  65.4 Mbits/sec  5726  
[ 15]  45.00-46.00  sec  7.80 MBytes  65.4 Mbits/sec  5726  
[ 17]  45.00-46.00  sec  7.80 MBytes  65.4 Mbits/sec  5726  
[ 19]  45.00-46.00  sec  7.80 MBytes  65.4 Mbits/sec  5726  
[ 21]  45.00-46.00  sec  7.80 MBytes  65.4 Mbits/sec  5726  
[ 23]  45.00-46.00  sec  7.80 MBytes  65.4 Mbits/sec  5726  
[ 25]  45.00-46.00  sec  7.80 MBytes  65.4 Mbits/sec  5726  
[ 27]  45.00-46.00  sec  7.80 MBytes  65.4 Mbits/sec  5726  
[ 29]  45.00-46.00  sec  7.80 MBytes  65.4 Mbits/sec  5726  
[ 31]  45.00-46.00  sec  7.80 MBytes  65.4 Mbits/sec  5726  
[ 33]  45.00-46.00  sec  7.80 MBytes  65.4 Mbits/sec  5726  
[ 35]  45.00-46.00  sec  7.80 MBytes  65.4 Mbits/sec  5726  
[ 37]  45.00-46.00  sec  7.80 MBytes  65.4 Mbits/sec  5726  
[ 39]  45.00-46.00  sec  7.80 MBytes  65.4 Mbits/sec  5726  
[ 41]  45.00-46.00  sec  7.80 MBytes  65.4 Mbits/sec  5726  
[ 43]  45.00-46.00  sec  7.80 MBytes  65.4 Mbits/sec  5726  
[SUM]  45.00-46.00  sec   156 MBytes  1308 Mbits/sec  114520  
- - - - - - - - - - - - - - - - - - - - - - - - -
[  5]  46.00-47.00  sec  8.05 MBytes  67.5 Mbits/sec  5909  
[  7]  46.00-47.00  sec  8.05 MBytes  67.5 Mbits/sec  5909  
[  9]  46.00-47.00  sec  8.05 MBytes  67.5 Mbits/sec  5909  
[ 11]  46.00-47.00  sec  8.05 MBytes  67.5 Mbits/sec  5909  
[ 13]  46.00-47.00  sec  8.05 MBytes  67.5 Mbits/sec  5909  
[ 15]  46.00-47.00  sec  8.05 MBytes  67.5 Mbits/sec  5909  
[ 17]  46.00-47.00  sec  8.05 MBytes  67.5 Mbits/sec  5909  
[ 19]  46.00-47.00  sec  8.05 MBytes  67.5 Mbits/sec  5909  
[ 21]  46.00-47.00  sec  8.05 MBytes  67.5 Mbits/sec  5909  
[ 23]  46.00-47.00  sec  8.05 MBytes  67.5 Mbits/sec  5909  
[ 25]  46.00-47.00  sec  8.05 MBytes  67.5 Mbits/sec  5909  
[ 27]  46.00-47.00  sec  8.05 MBytes  67.5 Mbits/sec  5909  
[ 29]  46.00-47.00  sec  8.05 MBytes  67.5 Mbits/sec  5909  
[ 31]  46.00-47.00  sec  8.05 MBytes  67.5 Mbits/sec  5909  
[ 33]  46.00-47.00  sec  8.05 MBytes  67.5 Mbits/sec  5909  
[ 35]  46.00-47.00  sec  8.05 MBytes  67.5 Mbits/sec  5909  
[ 37]  46.00-47.00  sec  8.05 MBytes  67.5 Mbits/sec  5909  
[ 39]  46.00-47.00  sec  8.05 MBytes  67.5 Mbits/sec  5909  
[ 41]  46.00-47.00  sec  8.05 MBytes  67.5 Mbits/sec  5909  
[ 43]  46.00-47.00  sec  8.05 MBytes  67.5 Mbits/sec  5909  
[SUM]  46.00-47.00  sec   161 MBytes  1350 Mbits/sec  118180  
- - - - - - - - - - - - - - - - - - - - - - - - -
[  5]  47.00-48.00  sec  7.50 MBytes  62.9 Mbits/sec  5507  
[  7]  47.00-48.00  sec  7.50 MBytes  62.9 Mbits/sec  5507  
[  9]  47.00-48.00  sec  7.50 MBytes  62.9 Mbits/sec  5507  
[ 11]  47.00-48.00  sec  7.50 MBytes  62.9 Mbits/sec  5507  
[ 13]  47.00-48.00  sec  7.50 MBytes  62.9 Mbits/sec  5507  
[ 15]  47.00-48.00  sec  7.50 MBytes  62.9 Mbits/sec  5507  
[ 17]  47.00-48.00  sec  7.50 MBytes  62.9 Mbits/sec  5507  
[ 19]  47.00-48.00  sec  7.50 MBytes  62.9 Mbits/sec  5507  
[ 21]  47.00-48.00  sec  7.50 MBytes  62.9 Mbits/sec  5507  
[ 23]  47.00-48.00  sec  7.50 MBytes  62.9 Mbits/sec  5507  
[ 25]  47.00-48.00  sec  7.50 MBytes  62.9 Mbits/sec  5507  
[ 27]  47.00-48.00  sec  7.50 MBytes  62.9 Mbits/sec  5507  
[ 29]  47.00-48.00  sec  7.50 MBytes  62.9 Mbits/sec  5507  
[ 31]  47.00-48.00  sec  7.50 MBytes  62.9 Mbits/sec  5507  
[ 33]  47.00-48.00  sec  7.50 MBytes  62.9 Mbits/sec  5507  
[ 35]  47.00-48.00  sec  7.50 MBytes  62.9 Mbits/sec  5507  
[ 37]  47.00-48.00  sec  7.50 MBytes  62.9 Mbits/sec  5507  
[ 39]  47.00-48.00  sec  7.50 MBytes  62.9 Mbits/sec  5507  
[ 41]  47.00-48.00  sec  7.50 MBytes  62.9 Mbits/sec  5507  
[ 43]  47.00-48.00  sec  7.50 MBytes  62.9 Mbits/sec  5507  
[SUM]  47.00-48.00  sec   150 MBytes  1258 Mbits/sec  110140  
- - - - - - - - - - - - - - - - - - - - - - - - -
[  5]  48.00-49.00  sec  8.08 MBytes  67.8 Mbits/sec  5936  
[  7]  48.00-49.00  sec  8.08 MBytes  67.8 Mbits/sec  5936  
[  9]  48.00-49.00  sec  8.08 MBytes  67.8 Mbits/sec  5936  
[ 11]  48.00-49.00  sec  8.08 MBytes  67.8 Mbits/sec  5936  
[ 13]  48.00-49.00  sec  8.08 MBytes  67.8 Mbits/sec  5936  
[ 15]  48.00-49.00  sec  8.08 MBytes  67.8 Mbits/sec  5936  
[ 17]  48.00-49.00  sec  8.08 MBytes  67.8 Mbits/sec  5936  
[ 19]  48.00-49.00  sec  8.08 MBytes  67.8 Mbits/sec  5936  
[ 21]  48.00-49.00  sec  8.08 MBytes  67.8 Mbits/sec  5936  
[ 23]  48.00-49.00  sec  8.08 MBytes  67.8 Mbits/sec  5936  
[ 25]  48.00-49.00  sec  8.08 MBytes  67.8 Mbits/sec  5936  
[ 27]  48.00-49.00  sec  8.08 MBytes  67.8 Mbits/sec  5936  
[ 29]  48.00-49.00  sec  8.08 MBytes  67.8 Mbits/sec  5936  
[ 31]  48.00-49.00  sec  8.08 MBytes  67.8 Mbits/sec  5936  
[ 33]  48.00-49.00  sec  8.08 MBytes  67.8 Mbits/sec  5936  
[ 35]  48.00-49.00  sec  8.08 MBytes  67.8 Mbits/sec  5936  
[ 37]  48.00-49.00  sec  8.08 MBytes  67.8 Mbits/sec  5936  
[ 39]  48.00-49.00  sec  8.08 MBytes  67.8 Mbits/sec  5936  
[ 41]  48.00-49.00  sec  8.08 MBytes  67.8 Mbits/sec  5936  
[ 43]  48.00-49.00  sec  8.08 MBytes  67.8 Mbits/sec  5936  
[SUM]  48.00-49.00  sec   162 MBytes  1356 Mbits/sec  118720  
- - - - - - - - - - - - - - - - - - - - - - - - -
[  5]  49.00-50.00  sec  8.14 MBytes  68.2 Mbits/sec  5974  
[  7]  49.00-50.00  sec  8.14 MBytes  68.2 Mbits/sec  5974  
[  9]  49.00-50.00  sec  8.14 MBytes  68.2 Mbits/sec  5974  
[ 11]  49.00-50.00  sec  8.14 MBytes  68.2 Mbits/sec  5974  
[ 13]  49.00-50.00  sec  8.14 MBytes  68.2 Mbits/sec  5974  
[ 15]  49.00-50.00  sec  8.14 MBytes  68.2 Mbits/sec  5974  
[ 17]  49.00-50.00  sec  8.14 MBytes  68.2 Mbits/sec  5974  
[ 19]  49.00-50.00  sec  8.14 MBytes  68.2 Mbits/sec  5974  
[ 21]  49.00-50.00  sec  8.14 MBytes  68.2 Mbits/sec  5974  
[ 23]  49.00-50.00  sec  8.14 MBytes  68.2 Mbits/sec  5974  
[ 25]  49.00-50.00  sec  8.14 MBytes  68.2 Mbits/sec  5974  
[ 27]  49.00-50.00  sec  8.14 MBytes  68.2 Mbits/sec  5974  
[ 29]  49.00-50.00  sec  8.14 MBytes  68.2 Mbits/sec  5974  
[ 31]  49.00-50.00  sec  8.14 MBytes  68.2 Mbits/sec  5974  
[ 33]  49.00-50.00  sec  8.14 MBytes  68.2 Mbits/sec  5974  
[ 35]  49.00-50.00  sec  8.14 MBytes  68.2 Mbits/sec  5974  
[ 37]  49.00-50.00  sec  8.14 MBytes  68.2 Mbits/sec  5974  
[ 39]  49.00-50.00  sec  8.14 MBytes  68.2 Mbits/sec  5974  
[ 41]  49.00-50.00  sec  8.14 MBytes  68.2 Mbits/sec  5974  
[ 43]  49.00-50.00  sec  8.14 MBytes  68.2 Mbits/sec  5974  
[SUM]  49.00-50.00  sec   163 MBytes  1365 Mbits/sec  119480  
- - - - - - - - - - - - - - - - - - - - - - - - -
[  5]  50.00-51.00  sec  7.81 MBytes  65.6 Mbits/sec  5738  
[  7]  50.00-51.00  sec  7.81 MBytes  65.6 Mbits/sec  5738  
[  9]  50.00-51.00  sec  7.81 MBytes  65.6 Mbits/sec  5738  
[ 11]  50.00-51.00  sec  7.81 MBytes  65.6 Mbits/sec  5738  
[ 13]  50.00-51.00  sec  7.81 MBytes  65.6 Mbits/sec  5738  
[ 15]  50.00-51.00  sec  7.81 MBytes  65.6 Mbits/sec  5738  
[ 17]  50.00-51.00  sec  7.81 MBytes  65.6 Mbits/sec  5738  
[ 19]  50.00-51.00  sec  7.81 MBytes  65.6 Mbits/sec  5738  
[ 21]  50.00-51.00  sec  7.81 MBytes  65.6 Mbits/sec  5738  
[ 23]  50.00-51.00  sec  7.81 MBytes  65.6 Mbits/sec  5738  
[ 25]  50.00-51.00  sec  7.81 MBytes  65.6 Mbits/sec  5738  
[ 27]  50.00-51.00  sec  7.81 MBytes  65.6 Mbits/sec  5738  
[ 29]  50.00-51.00  sec  7.81 MBytes  65.6 Mbits/sec  5738  
[ 31]  50.00-51.00  sec  7.81 MBytes  65.6 Mbits/sec  5738  
[ 33]  50.00-51.00  sec  7.81 MBytes  65.6 Mbits/sec  5738  
[ 35]  50.00-51.00  sec  7.81 MBytes  65.6 Mbits/sec  5738  
[ 37]  50.00-51.00  sec  7.81 MBytes  65.6 Mbits/sec  5738  
[ 39]  50.00-51.00  sec  7.81 MBytes  65.6 Mbits/sec  5738  
[ 41]  50.00-51.00  sec  7.81 MBytes  65.6 Mbits/sec  5738  
[ 43]  50.00-51.00  sec  7.81 MBytes  65.6 Mbits/sec  5738  
[SUM]  50.00-51.00  sec   156 MBytes  1311 Mbits/sec  114760  
- - - - - - - - - - - - - - - - - - - - - - - - -
[  5]  51.00-52.00  sec  7.80 MBytes  65.5 Mbits/sec  5731  
[  7]  51.00-52.00  sec  7.80 MBytes  65.5 Mbits/sec  5731  
[  9]  51.00-52.00  sec  7.80 MBytes  65.5 Mbits/sec  5731  
[ 11]  51.00-52.00  sec  7.80 MBytes  65.5 Mbits/sec  5731  
[ 13]  51.00-52.00  sec  7.80 MBytes  65.5 Mbits/sec  5731  
[ 15]  51.00-52.00  sec  7.80 MBytes  65.5 Mbits/sec  5731  
[ 17]  51.00-52.00  sec  7.80 MBytes  65.5 Mbits/sec  5731  
[ 19]  51.00-52.00  sec  7.80 MBytes  65.5 Mbits/sec  5731  
[ 21]  51.00-52.00  sec  7.80 MBytes  65.5 Mbits/sec  5731  
[ 23]  51.00-52.00  sec  7.80 MBytes  65.5 Mbits/sec  5731  
[ 25]  51.00-52.00  sec  7.80 MBytes  65.5 Mbits/sec  5731  
[ 27]  51.00-52.00  sec  7.80 MBytes  65.5 Mbits/sec  5731  
[ 29]  51.00-52.00  sec  7.80 MBytes  65.5 Mbits/sec  5731  
[ 31]  51.00-52.00  sec  7.80 MBytes  65.5 Mbits/sec  5731  
[ 33]  51.00-52.00  sec  7.80 MBytes  65.5 Mbits/sec  5731  
[ 35]  51.00-52.00  sec  7.80 MBytes  65.5 Mbits/sec  5731  
[ 37]  51.00-52.00  sec  7.80 MBytes  65.5 Mbits/sec  5731  
[ 39]  51.00-52.00  sec  7.80 MBytes  65.5 Mbits/sec  5731  
[ 41]  51.00-52.00  sec  7.80 MBytes  65.5 Mbits/sec  5731  
[ 43]  51.00-52.00  sec  7.80 MBytes  65.5 Mbits/sec  5731  
[SUM]  51.00-52.00  sec   156 MBytes  1309 Mbits/sec  114620  
- - - - - - - - - - - - - - - - - - - - - - - - -
[  5]  52.00-53.00  sec  8.10 MBytes  67.9 Mbits/sec  5947  
[  7]  52.00-53.00  sec  8.10 MBytes  67.9 Mbits/sec  5947  
[  9]  52.00-53.00  sec  8.10 MBytes  67.9 Mbits/sec  5947  
[ 11]  52.00-53.00  sec  8.10 MBytes  67.9 Mbits/sec  5947  
[ 13]  52.00-53.00  sec  8.10 MBytes  67.9 Mbits/sec  5947  
[ 15]  52.00-53.00  sec  8.10 MBytes  67.9 Mbits/sec  5947  
[ 17]  52.00-53.00  sec  8.10 MBytes  67.9 Mbits/sec  5947  
[ 19]  52.00-53.00  sec  8.10 MBytes  67.9 Mbits/sec  5947  
[ 21]  52.00-53.00  sec  8.10 MBytes  67.9 Mbits/sec  5947  
[ 23]  52.00-53.00  sec  8.10 MBytes  67.9 Mbits/sec  5947  
[ 25]  52.00-53.00  sec  8.10 MBytes  67.9 Mbits/sec  5947  
[ 27]  52.00-53.00  sec  8.10 MBytes  67.9 Mbits/sec  5947  
[ 29]  52.00-53.00  sec  8.10 MBytes  67.9 Mbits/sec  5947  
[ 31]  52.00-53.00  sec  8.10 MBytes  67.9 Mbits/sec  5947  
[ 33]  52.00-53.00  sec  8.10 MBytes  67.9 Mbits/sec  5947  
[ 35]  52.00-53.00  sec  8.10 MBytes  67.9 Mbits/sec  5947  
[ 37]  52.00-53.00  sec  8.10 MBytes  67.9 Mbits/sec  5947  
[ 39]  52.00-53.00  sec  8.10 MBytes  67.9 Mbits/sec  5947  
[ 41]  52.00-53.00  sec  8.10 MBytes  67.9 Mbits/sec  5947  
[ 43]  52.00-53.00  sec  8.10 MBytes  67.9 Mbits/sec  5947  
[SUM]  52.00-53.00  sec   162 MBytes  1359 Mbits/sec  118940  
- - - - - - - - - - - - - - - - - - - - - - - - -
[  5]  53.00-54.00  sec  8.15 MBytes  68.3 Mbits/sec  5981  
[  7]  53.00-54.00  sec  8.15 MBytes  68.3 Mbits/sec  5981  
[  9]  53.00-54.00  sec  8.15 MBytes  68.3 Mbits/sec  5981  
[ 11]  53.00-54.00  sec  8.15 MBytes  68.3 Mbits/sec  5981  
[ 13]  53.00-54.00  sec  8.15 MBytes  68.3 Mbits/sec  5981  
[ 15]  53.00-54.00  sec  8.15 MBytes  68.3 Mbits/sec  5981  
[ 17]  53.00-54.00  sec  8.15 MBytes  68.3 Mbits/sec  5981  
[ 19]  53.00-54.00  sec  8.15 MBytes  68.3 Mbits/sec  5981  
[ 21]  53.00-54.00  sec  8.15 MBytes  68.3 Mbits/sec  5981  
[ 23]  53.00-54.00  sec  8.15 MBytes  68.3 Mbits/sec  5981  
[ 25]  53.00-54.00  sec  8.15 MBytes  68.3 Mbits/sec  5981  
[ 27]  53.00-54.00  sec  8.15 MBytes  68.3 Mbits/sec  5981  
[ 29]  53.00-54.00  sec  8.15 MBytes  68.3 Mbits/sec  5981  
[ 31]  53.00-54.00  sec  8.15 MBytes  68.3 Mbits/sec  5981  
[ 33]  53.00-54.00  sec  8.15 MBytes  68.3 Mbits/sec  5981  
[ 35]  53.00-54.00  sec  8.15 MBytes  68.3 Mbits/sec  5981  
[ 37]  53.00-54.00  sec  8.15 MBytes  68.3 Mbits/sec  5981  
[ 39]  53.00-54.00  sec  8.15 MBytes  68.3 Mbits/sec  5981  
[ 41]  53.00-54.00  sec  8.15 MBytes  68.3 Mbits/sec  5981  
[ 43]  53.00-54.00  sec  8.15 MBytes  68.3 Mbits/sec  5981  
[SUM]  53.00-54.00  sec   163 MBytes  1367 Mbits/sec  119620  
- - - - - - - - - - - - - - - - - - - - - - - - -
[  5]  54.00-55.00  sec  8.15 MBytes  68.4 Mbits/sec  5988  
[  7]  54.00-55.00  sec  8.15 MBytes  68.4 Mbits/sec  5988  
[  9]  54.00-55.00  sec  8.15 MBytes  68.4 Mbits/sec  5988  
[ 11]  54.00-55.00  sec  8.15 MBytes  68.4 Mbits/sec  5988  
[ 13]  54.00-55.00  sec  8.15 MBytes  68.4 Mbits/sec  5988  
[ 15]  54.00-55.00  sec  8.15 MBytes  68.4 Mbits/sec  5988  
[ 17]  54.00-55.00  sec  8.15 MBytes  68.4 Mbits/sec  5988  
[ 19]  54.00-55.00  sec  8.15 MBytes  68.4 Mbits/sec  5988  
[ 21]  54.00-55.00  sec  8.15 MBytes  68.4 Mbits/sec  5988  
[ 23]  54.00-55.00  sec  8.15 MBytes  68.4 Mbits/sec  5988  
[ 25]  54.00-55.00  sec  8.15 MBytes  68.4 Mbits/sec  5988  
[ 27]  54.00-55.00  sec  8.15 MBytes  68.4 Mbits/sec  5988  
[ 29]  54.00-55.00  sec  8.15 MBytes  68.4 Mbits/sec  5988  
[ 31]  54.00-55.00  sec  8.15 MBytes  68.4 Mbits/sec  5988  
[ 33]  54.00-55.00  sec  8.15 MBytes  68.4 Mbits/sec  5988  
[ 35]  54.00-55.00  sec  8.15 MBytes  68.4 Mbits/sec  5988  
[ 37]  54.00-55.00  sec  8.15 MBytes  68.4 Mbits/sec  5988  
[ 39]  54.00-55.00  sec  8.15 MBytes  68.4 Mbits/sec  5988  
[ 41]  54.00-55.00  sec  8.15 MBytes  68.4 Mbits/sec  5988  
[ 43]  54.00-55.00  sec  8.15 MBytes  68.4 Mbits/sec  5988  
[SUM]  54.00-55.00  sec   163 MBytes  1368 Mbits/sec  119760  
- - - - - - - - - - - - - - - - - - - - - - - - -
[  5]  55.00-56.00  sec  7.85 MBytes  65.8 Mbits/sec  5763  
[  7]  55.00-56.00  sec  7.85 MBytes  65.8 Mbits/sec  5763  
[  9]  55.00-56.00  sec  7.85 MBytes  65.8 Mbits/sec  5763  
[ 11]  55.00-56.00  sec  7.85 MBytes  65.8 Mbits/sec  5763  
[ 13]  55.00-56.00  sec  7.85 MBytes  65.8 Mbits/sec  5763  
[ 15]  55.00-56.00  sec  7.85 MBytes  65.8 Mbits/sec  5763  
[ 17]  55.00-56.00  sec  7.85 MBytes  65.8 Mbits/sec  5763  
[ 19]  55.00-56.00  sec  7.85 MBytes  65.8 Mbits/sec  5763  
[ 21]  55.00-56.00  sec  7.85 MBytes  65.8 Mbits/sec  5763  
[ 23]  55.00-56.00  sec  7.85 MBytes  65.8 Mbits/sec  5763  
[ 25]  55.00-56.00  sec  7.85 MBytes  65.8 Mbits/sec  5763  
[ 27]  55.00-56.00  sec  7.85 MBytes  65.8 Mbits/sec  5763  
[ 29]  55.00-56.00  sec  7.85 MBytes  65.8 Mbits/sec  5763  
[ 31]  55.00-56.00  sec  7.85 MBytes  65.8 Mbits/sec  5763  
[ 33]  55.00-56.00  sec  7.85 MBytes  65.8 Mbits/sec  5763  
[ 35]  55.00-56.00  sec  7.85 MBytes  65.8 Mbits/sec  5763  
[ 37]  55.00-56.00  sec  7.85 MBytes  65.8 Mbits/sec  5763  
[ 39]  55.00-56.00  sec  7.85 MBytes  65.8 Mbits/sec  5763  
[ 41]  55.00-56.00  sec  7.85 MBytes  65.8 Mbits/sec  5763  
[ 43]  55.00-56.00  sec  7.85 MBytes  65.8 Mbits/sec  5763  
[SUM]  55.00-56.00  sec   157 MBytes  1317 Mbits/sec  115260  
- - - - - - - - - - - - - - - - - - - - - - - - -
[  5]  56.00-57.00  sec  8.10 MBytes  67.9 Mbits/sec  5946  
[  7]  56.00-57.00  sec  8.10 MBytes  67.9 Mbits/sec  5946  
[  9]  56.00-57.00  sec  8.10 MBytes  67.9 Mbits/sec  5946  
[ 11]  56.00-57.00  sec  8.10 MBytes  67.9 Mbits/sec  5946  
[ 13]  56.00-57.00  sec  8.10 MBytes  67.9 Mbits/sec  5946  
[ 15]  56.00-57.00  sec  8.10 MBytes  67.9 Mbits/sec  5946  
[ 17]  56.00-57.00  sec  8.10 MBytes  67.9 Mbits/sec  5946  
[ 19]  56.00-57.00  sec  8.10 MBytes  67.9 Mbits/sec  5946  
[ 21]  56.00-57.00  sec  8.10 MBytes  67.9 Mbits/sec  5946  
[ 23]  56.00-57.00  sec  8.10 MBytes  67.9 Mbits/sec  5946  
[ 25]  56.00-57.00  sec  8.10 MBytes  67.9 Mbits/sec  5946  
[ 27]  56.00-57.00  sec  8.10 MBytes  67.9 Mbits/sec  5946  
[ 29]  56.00-57.00  sec  8.10 MBytes  67.9 Mbits/sec  5946  
[ 31]  56.00-57.00  sec  8.10 MBytes  67.9 Mbits/sec  5946  
[ 33]  56.00-57.00  sec  8.10 MBytes  67.9 Mbits/sec  5946  
[ 35]  56.00-57.00  sec  8.10 MBytes  67.9 Mbits/sec  5946  
[ 37]  56.00-57.00  sec  8.10 MBytes  67.9 Mbits/sec  5946  
[ 39]  56.00-57.00  sec  8.10 MBytes  67.9 Mbits/sec  5946  
[ 41]  56.00-57.00  sec  8.10 MBytes  67.9 Mbits/sec  5946  
[ 43]  56.00-57.00  sec  8.10 MBytes  67.9 Mbits/sec  5946  
[SUM]  56.00-57.00  sec   162 MBytes  1359 Mbits/sec  118920  
- - - - - - - - - - - - - - - - - - - - - - - - -
[  5]  57.00-58.00  sec  7.45 MBytes  62.5 Mbits/sec  5470  
[  7]  57.00-58.00  sec  7.45 MBytes  62.5 Mbits/sec  5470  
[  9]  57.00-58.00  sec  7.45 MBytes  62.5 Mbits/sec  5470  
[ 11]  57.00-58.00  sec  7.45 MBytes  62.5 Mbits/sec  5470  
[ 13]  57.00-58.00  sec  7.45 MBytes  62.5 Mbits/sec  5470  
[ 15]  57.00-58.00  sec  7.45 MBytes  62.5 Mbits/sec  5470  
[ 17]  57.00-58.00  sec  7.45 MBytes  62.5 Mbits/sec  5470  
[ 19]  57.00-58.00  sec  7.45 MBytes  62.5 Mbits/sec  5470  
[ 21]  57.00-58.00  sec  7.45 MBytes  62.5 Mbits/sec  5470  
[ 23]  57.00-58.00  sec  7.45 MBytes  62.5 Mbits/sec  5470  
[ 25]  57.00-58.00  sec  7.45 MBytes  62.5 Mbits/sec  5470  
[ 27]  57.00-58.00  sec  7.45 MBytes  62.5 Mbits/sec  5470  
[ 29]  57.00-58.00  sec  7.45 MBytes  62.5 Mbits/sec  5470  
[ 31]  57.00-58.00  sec  7.45 MBytes  62.5 Mbits/sec  5470  
[ 33]  57.00-58.00  sec  7.45 MBytes  62.5 Mbits/sec  5470  
[ 35]  57.00-58.00  sec  7.45 MBytes  62.5 Mbits/sec  5470  
[ 37]  57.00-58.00  sec  7.45 MBytes  62.5 Mbits/sec  5470  
[ 39]  57.00-58.00  sec  7.45 MBytes  62.5 Mbits/sec  5470  
[ 41]  57.00-58.00  sec  7.45 MBytes  62.5 Mbits/sec  5470  
[ 43]  57.00-58.00  sec  7.45 MBytes  62.5 Mbits/sec  5470  
[SUM]  57.00-58.00  sec   149 MBytes  1250 Mbits/sec  109400  
- - - - - - - - - - - - - - - - - - - - - - - - -
[  5]  58.00-59.00  sec  8.12 MBytes  68.1 Mbits/sec  5960  
[  7]  58.00-59.00  sec  8.12 MBytes  68.1 Mbits/sec  5960  
[  9]  58.00-59.00  sec  8.12 MBytes  68.1 Mbits/sec  5960  
[ 11]  58.00-59.00  sec  8.12 MBytes  68.1 Mbits/sec  5960  
[ 13]  58.00-59.00  sec  8.12 MBytes  68.1 Mbits/sec  5960  
[ 15]  58.00-59.00  sec  8.12 MBytes  68.1 Mbits/sec  5960  
[ 17]  58.00-59.00  sec  8.12 MBytes  68.1 Mbits/sec  5960  
[ 19]  58.00-59.00  sec  8.12 MBytes  68.1 Mbits/sec  5960  
[ 21]  58.00-59.00  sec  8.12 MBytes  68.1 Mbits/sec  5960  
[ 23]  58.00-59.00  sec  8.12 MBytes  68.1 Mbits/sec  5960  
[ 25]  58.00-59.00  sec  8.12 MBytes  68.1 Mbits/sec  5960  
[ 27]  58.00-59.00  sec  8.12 MBytes  68.1 Mbits/sec  5960  
[ 29]  58.00-59.00  sec  8.12 MBytes  68.1 Mbits/sec  5960  
[ 31]  58.00-59.00  sec  8.12 MBytes  68.1 Mbits/sec  5960  
[ 33]  58.00-59.00  sec  8.12 MBytes  68.1 Mbits/sec  5960  
[ 35]  58.00-59.00  sec  8.12 MBytes  68.1 Mbits/sec  5960  
[ 37]  58.00-59.00  sec  8.12 MBytes  68.1 Mbits/sec  5960  
[ 39]  58.00-59.00  sec  8.12 MBytes  68.1 Mbits/sec  5960  
[ 41]  58.00-59.00  sec  8.12 MBytes  68.1 Mbits/sec  5960  
[ 43]  58.00-59.00  sec  8.12 MBytes  68.1 Mbits/sec  5960  
[SUM]  58.00-59.00  sec   162 MBytes  1362 Mbits/sec  119200  
- - - - - - - - - - - - - - - - - - - - - - - - -
[  5]  59.00-60.00  sec  8.14 MBytes  68.3 Mbits/sec  5978  
[  7]  59.00-60.00  sec  8.14 MBytes  68.3 Mbits/sec  5978  
[  9]  59.00-60.00  sec  8.14 MBytes  68.3 Mbits/sec  5978  
[ 11]  59.00-60.00  sec  8.14 MBytes  68.3 Mbits/sec  5978  
[ 13]  59.00-60.00  sec  8.14 MBytes  68.3 Mbits/sec  5978  
[ 15]  59.00-60.00  sec  8.14 MBytes  68.3 Mbits/sec  5978  
[ 17]  59.00-60.00  sec  8.14 MBytes  68.3 Mbits/sec  5978  
[ 19]  59.00-60.00  sec  8.14 MBytes  68.3 Mbits/sec  5978  
[ 21]  59.00-60.00  sec  8.14 MBytes  68.3 Mbits/sec  5978  
[ 23]  59.00-60.00  sec  8.14 MBytes  68.3 Mbits/sec  5978  
[ 25]  59.00-60.00  sec  8.14 MBytes  68.3 Mbits/sec  5978  
[ 27]  59.00-60.00  sec  8.14 MBytes  68.3 Mbits/sec  5978  
[ 29]  59.00-60.00  sec  8.14 MBytes  68.3 Mbits/sec  5978  
[ 31]  59.00-60.00  sec  8.14 MBytes  68.3 Mbits/sec  5978  
[ 33]  59.00-60.00  sec  8.14 MBytes  68.3 Mbits/sec  5978  
[ 35]  59.00-60.00  sec  8.14 MBytes  68.3 Mbits/sec  5978  
[ 37]  59.00-60.00  sec  8.14 MBytes  68.3 Mbits/sec  5978  
[ 39]  59.00-60.00  sec  8.14 MBytes  68.3 Mbits/sec  5978  
[ 41]  59.00-60.00  sec  8.14 MBytes  68.3 Mbits/sec  5978  
[ 43]  59.00-60.00  sec  8.14 MBytes  68.3 Mbits/sec  5978  
[SUM]  59.00-60.00  sec   163 MBytes  1366 Mbits/sec  119560  
- - - - - - - - - - - - - - - - - - - - - - - - -
[ ID] Interval           Transfer     Bitrate         Jitter    Lost/Total Datagrams
[  5]   0.00-60.00  sec   475 MBytes  66.4 Mbits/sec  0.000 ms  0/348680 (0%)  sender
[  5]   0.00-60.00  sec   472 MBytes  66.0 Mbits/sec  0.153 ms  1755/348571 (0.5%)  receiver
[  7]   0.00-60.00  sec   475 MBytes  66.4 Mbits/sec  0.000 ms  0/348680 (0%)  sender
[  7]   0.00-60.00  sec   472 MBytes  66.0 Mbits/sec  0.153 ms  1740/348571 (0.5%)  receiver
[  9]   0.00-60.00  sec   475 MBytes  66.4 Mbits/sec  0.000 ms  0/348680 (0%)  sender
[  9]   0.00-60.00  sec   472 MBytes  66.0 Mbits/sec  0.153 ms  1726/348571 (0.5%)  receiver
[ 11]   0.00-60.00  sec   475 MBytes  66.4 Mbits/sec  0.000 ms  0/348680 (0%)  sender
[ 11]   0.00-60.00  sec   472 MBytes  66.0 Mbits/sec  0.153 ms  1752/348571 (0.5%)  receiver
[ 13]   0.00-60.00  sec   475 MBytes  66.4 Mbits/sec  0.000 ms  0/348680 (0%)  sender
[ 13]   0.00-60.00  sec   472 MBytes  66.0 Mbits/sec  0.153 ms  1750/348571 (0.5%)  receiver
[ 15]   0.00-60.00  sec   475 MBytes  66.4 Mbits/sec  0.000 ms  0/348680 (0%)  sender
[ 15]   0.00-60.00  sec   472 MBytes  66.0 Mbits/sec  0.152 ms  1732/348570 (0.5%)  receiver
[ 17]   0.00-60.00  sec   475 MBytes  66.4 Mbits/sec  0.000 ms  0/348680 (0%)  sender
[ 17]   0.00-60.00  sec   472 MBytes  66.0 Mbits/sec  0.148 ms  1759/348570 (0.5%)  receiver
[ 19]   0.00-60.00  sec   475 MBytes  66.4 Mbits/sec  0.000 ms  0/348680 (0%)  sender
[ 19]   0.00-60.00  sec   472 MBytes  66.0 Mbits/sec  0.145 ms  1716/348570 (0.49%)  receiver
[ 21]   0.00-60.00  sec   475 MBytes  66.4 Mbits/sec  0.000 ms  0/348680 (0%)  sender
[ 21]   0.00-60.00  sec   472 MBytes  66.0 Mbits/sec  0.146 ms  1750/348570 (0.5%)  receiver
[ 23]   0.00-60.00  sec   475 MBytes  66.4 Mbits/sec  0.000 ms  0/348680 (0%)  sender
[ 23]   0.00-60.00  sec   472 MBytes  66.0 Mbits/sec  0.146 ms  1729/348570 (0.5%)  receiver
[ 25]   0.00-60.00  sec   475 MBytes  66.4 Mbits/sec  0.000 ms  0/348680 (0%)  sender
[ 25]   0.00-60.00  sec   472 MBytes  66.0 Mbits/sec  0.146 ms  1760/348570 (0.5%)  receiver
[ 27]   0.00-60.00  sec   475 MBytes  66.4 Mbits/sec  0.000 ms  0/348680 (0%)  sender
[ 27]   0.00-60.00  sec   472 MBytes  66.0 Mbits/sec  0.145 ms  1718/348570 (0.49%)  receiver
[ 29]   0.00-60.00  sec   475 MBytes  66.4 Mbits/sec  0.000 ms  0/348680 (0%)  sender
[ 29]   0.00-60.00  sec   472 MBytes  66.0 Mbits/sec  0.145 ms  1722/348570 (0.49%)  receiver
[ 31]   0.00-60.00  sec   475 MBytes  66.4 Mbits/sec  0.000 ms  0/348680 (0%)  sender
[ 31]   0.00-60.00  sec   472 MBytes  66.0 Mbits/sec  0.144 ms  1732/348570 (0.5%)  receiver
[ 33]   0.00-60.00  sec   475 MBytes  66.4 Mbits/sec  0.000 ms  0/348680 (0%)  sender
[ 33]   0.00-60.00  sec   472 MBytes  66.0 Mbits/sec  0.147 ms  1730/348570 (0.5%)  receiver
[ 35]   0.00-60.00  sec   475 MBytes  66.4 Mbits/sec  0.000 ms  0/348680 (0%)  sender
[ 35]   0.00-60.00  sec   472 MBytes  66.0 Mbits/sec  0.147 ms  1771/348570 (0.51%)  receiver
[ 37]   0.00-60.00  sec   475 MBytes  66.4 Mbits/sec  0.000 ms  0/348680 (0%)  sender
[ 37]   0.00-60.00  sec   472 MBytes  66.0 Mbits/sec  0.147 ms  1735/348570 (0.5%)  receiver
[ 39]   0.00-60.00  sec   475 MBytes  66.4 Mbits/sec  0.000 ms  0/348680 (0%)  sender
[ 39]   0.00-60.00  sec   472 MBytes  66.0 Mbits/sec  0.147 ms  1731/348570 (0.5%)  receiver
[ 41]   0.00-60.00  sec   475 MBytes  66.4 Mbits/sec  0.000 ms  0/348680 (0%)  sender
[ 41]   0.00-60.00  sec   472 MBytes  66.0 Mbits/sec  0.147 ms  1738/348570 (0.5%)  receiver
[ 43]   0.00-60.00  sec   475 MBytes  66.4 Mbits/sec  0.000 ms  0/348680 (0%)  sender
[ 43]   0.00-60.00  sec   472 MBytes  66.0 Mbits/sec  0.147 ms  1744/348570 (0.5%)  receiver
[SUM]   0.00-60.00  sec  9.27 GBytes  1328 Mbits/sec  0.000 ms  0/6973600 (0%)  sender
[SUM]   0.00-60.00  sec  9.23 GBytes  1321 Mbits/sec  0.148 ms  34790/6971405 (0.5%)  receiver

iperf Done.
