Connecting to host 10.10.0.6, port 30000
[  5] local 10.244.61.1 port 43010 connected to 10.10.0.6 port 30000
[ ID] Interval           Transfer     Bitrate         Retr  Cwnd
[  5]   0.00-1.00   sec  1.40 GBytes  12006 Mbits/sec  416   1.90 MBytes       
[  5]   1.00-2.00   sec  1.60 GBytes  13716 Mbits/sec  351   1.48 MBytes       
[  5]   2.00-3.00   sec  1.26 GBytes  10853 Mbits/sec   18   1.62 MBytes       
[  5]   3.00-4.00   sec  1.24 GBytes  10651 Mbits/sec   19   1.33 MBytes       
[  5]   4.00-5.00   sec  1.22 GBytes  10478 Mbits/sec  101   1.56 MBytes       
[  5]   5.00-6.00   sec  1.31 GBytes  11240 Mbits/sec  110   1.21 MBytes       
[  5]   6.00-7.00   sec  1.16 GBytes  9991 Mbits/sec   11   1.50 MBytes       
[  5]   7.00-8.00   sec  1.45 GBytes  12416 Mbits/sec    8   1.66 MBytes       
[  5]   8.00-9.00   sec  1.15 GBytes  9909 Mbits/sec   46   1.34 MBytes       
[  5]   9.00-10.00  sec  1.31 GBytes  11273 Mbits/sec   49   1.48 MBytes       
[  5]  10.00-11.00  sec  1.34 GBytes  11471 Mbits/sec   96   1.70 MBytes       
[  5]  11.00-12.00  sec  1.76 GBytes  15110 Mbits/sec  193   1.67 MBytes       
[  5]  12.00-13.00  sec  1.69 GBytes  14492 Mbits/sec  574   1.64 MBytes       
[  5]  13.00-14.00  sec  1.33 GBytes  11397 Mbits/sec  228   1.34 MBytes       
[  5]  14.00-15.00  sec  1.51 GBytes  12971 Mbits/sec   45   1.97 MBytes       
[  5]  15.00-16.00  sec  1.96 GBytes  16809 Mbits/sec   53   1.89 MBytes       
[  5]  16.00-17.00  sec  1.89 GBytes  16270 Mbits/sec   94   1.85 MBytes       
[  5]  17.00-18.00  sec  1.49 GBytes  12796 Mbits/sec   46   1.42 MBytes       
[  5]  18.00-19.00  sec  1.30 GBytes  11209 Mbits/sec  137   1.59 MBytes       
[  5]  19.00-20.00  sec  1.77 GBytes  15215 Mbits/sec    0   2.29 MBytes       
[  5]  20.00-21.00  sec  1.98 GBytes  17038 Mbits/sec  148   2.16 MBytes       
[  5]  21.00-22.00  sec  1.58 GBytes  13591 Mbits/sec  1114   1.60 MBytes       
[  5]  22.00-23.00  sec  1.48 GBytes  12751 Mbits/sec  195   1.72 MBytes       
[  5]  23.00-24.00  sec  1.39 GBytes  11902 Mbits/sec  285   1.37 MBytes       
[  5]  24.00-25.00  sec  1.28 GBytes  10968 Mbits/sec    5   1.56 MBytes       
[  5]  25.00-26.00  sec  1.39 GBytes  11953 Mbits/sec  126   1.62 MBytes       
[  5]  26.00-27.00  sec  1.32 GBytes  11314 Mbits/sec  109   1.31 MBytes       
[  5]  27.00-28.00  sec  1.29 GBytes  11042 Mbits/sec   10   1.42 MBytes       
[  5]  28.00-29.00  sec  1.24 GBytes  10674 Mbits/sec   82   1.60 MBytes       
[  5]  29.00-30.00  sec  1.30 GBytes  11126 Mbits/sec   20   1.71 MBytes       
[  5]  30.00-31.00  sec  1.24 GBytes  10674 Mbits/sec   91   1.31 MBytes       
[  5]  31.00-32.00  sec  1.51 GBytes  12951 Mbits/sec    0   1.99 MBytes       
[  5]  32.00-33.00  sec  1.32 GBytes  11353 Mbits/sec  992   1.53 MBytes       
[  5]  33.00-34.00  sec  1.48 GBytes  12680 Mbits/sec  127   1.59 MBytes       
[  5]  34.00-35.00  sec  1.27 GBytes  10885 Mbits/sec   55   1.27 MBytes       
[  5]  35.00-36.00  sec  1.32 GBytes  11303 Mbits/sec   62   1.37 MBytes       
[  5]  36.00-37.00  sec  1.29 GBytes  11104 Mbits/sec   58   1.52 MBytes       
[  5]  37.00-38.00  sec  1.36 GBytes  11660 Mbits/sec  141   1.60 MBytes       
[  5]  38.00-39.00  sec  1.31 GBytes  11220 Mbits/sec   77   1.27 MBytes       
[  5]  39.00-40.00  sec  1.43 GBytes  12310 Mbits/sec    0   1.93 MBytes       
[  5]  40.00-41.00  sec  2.06 GBytes  17651 Mbits/sec    0   2.59 MBytes       
[  5]  41.00-42.00  sec  1.54 GBytes  13219 Mbits/sec  381   1.38 MBytes       
[  5]  42.00-43.00  sec  1.30 GBytes  11188 Mbits/sec   29   1.50 MBytes       
[  5]  43.00-44.00  sec  1.32 GBytes  11367 Mbits/sec   90   1.14 MBytes       
[  5]  44.00-45.00  sec  1.28 GBytes  11010 Mbits/sec   59   1.30 MBytes       
[  5]  45.00-46.00  sec  1.27 GBytes  10905 Mbits/sec    8   1.44 MBytes       
[  5]  46.00-47.00  sec  1.27 GBytes  10895 Mbits/sec   46   1.63 MBytes       
[  5]  47.00-48.00  sec  1.48 GBytes  12709 Mbits/sec   68   1.19 MBytes       
[  5]  48.00-49.00  sec  1.17 GBytes  10056 Mbits/sec    7   1.41 MBytes       
[  5]  49.00-50.00  sec  1.29 GBytes  11115 Mbits/sec    1   1.62 MBytes       
[  5]  50.00-51.00  sec  1.76 GBytes  15120 Mbits/sec  1312    559 KBytes       
[  5]  51.00-52.00  sec  1.35 GBytes  11628 Mbits/sec  283   1.79 MBytes       
[  5]  52.00-53.00  sec  1.63 GBytes  13988 Mbits/sec  288   1.84 MBytes       
[  5]  53.00-54.00  sec  1.61 GBytes  13789 Mbits/sec  190   1.90 MBytes       
[  5]  54.00-55.00  sec  1.70 GBytes  14607 Mbits/sec    1   1.97 MBytes       
[  5]  55.00-56.00  sec  1.58 GBytes  13537 Mbits/sec  238   2.03 MBytes       
[  5]  56.00-57.00  sec  1.76 GBytes  15109 Mbits/sec   13   2.00 MBytes       
[  5]  57.00-58.00  sec  1.51 GBytes  12961 Mbits/sec   88   1.54 MBytes       
[  5]  58.00-59.00  sec  1.32 GBytes  11293 Mbits/sec   46   1.68 MBytes       
[  5]  59.00-60.00  sec  1.28 GBytes  10989 Mbits/sec  405   1.83 MBytes       
- - - - - - - - - - - - - - - - - - - - - - - - -
[ ID] Interval           Transfer     Bitrate         Retr
[  5]   0.00-60.00  sec  86.4 GBytes  12365 Mbits/sec  9845             sender
[  5]   0.00-60.00  sec  86.4 GBytes  12364 Mbits/sec                  receiver

iperf Done.
