Connecting to host 10.10.0.6, port 30000
[  5] local 10.244.61.1 port 53894 connected to 10.10.0.6 port 30000
[ ID] Interval           Transfer     Bitrate         Retr  Cwnd
[  5]   0.00-1.00   sec  1.04 GBytes  8945 Mbits/sec  1654   1.26 MBytes       
[  5]   1.00-2.00   sec  1.15 GBytes  9847 Mbits/sec   14   1.36 MBytes       
[  5]   2.00-3.00   sec  1.17 GBytes  10011 Mbits/sec    8   1.46 MBytes       
[  5]   3.00-4.00   sec  1.13 GBytes  9681 Mbits/sec   72   1.56 MBytes       
[  5]   4.00-5.00   sec  1.14 GBytes  9751 Mbits/sec   18   1.22 MBytes       
[  5]   5.00-6.00   sec  1.16 GBytes  10005 Mbits/sec   18   1.31 MBytes       
[  5]   6.00-7.00   sec  1.14 GBytes  9783 Mbits/sec    1   1.46 MBytes       
[  5]   7.00-8.00   sec  1.12 GBytes  9593 Mbits/sec  423   1.53 MBytes       
[  5]   8.00-9.00   sec  1.10 GBytes  9439 Mbits/sec  210   1.17 MBytes       
[  5]   9.00-10.00  sec  1.10 GBytes  9415 Mbits/sec   15   1.26 MBytes       
[  5]  10.00-11.00  sec  1.13 GBytes  9719 Mbits/sec   36   1.38 MBytes       
[  5]  11.00-12.00  sec  1.14 GBytes  9807 Mbits/sec    5   1.46 MBytes       
[  5]  12.00-13.00  sec  1.20 GBytes  10318 Mbits/sec   36   1.59 MBytes       
[  5]  13.00-14.00  sec  1.18 GBytes  10119 Mbits/sec  123   1.25 MBytes       
[  5]  14.00-15.00  sec  1.21 GBytes  10408 Mbits/sec    2   1.41 MBytes       
[  5]  15.00-16.00  sec  1.17 GBytes  10060 Mbits/sec    5   1.51 MBytes       
[  5]  16.00-17.00  sec  1.20 GBytes  10328 Mbits/sec    2   1.66 MBytes       
[  5]  17.00-18.00  sec  1.09 GBytes  9371 Mbits/sec   75   1.36 MBytes       
[  5]  18.00-19.00  sec  1.46 GBytes  12529 Mbits/sec    0   2.00 MBytes       
[  5]  19.00-20.00  sec  1.76 GBytes  15111 Mbits/sec   27   1.94 MBytes       
[  5]  20.00-21.00  sec  1.73 GBytes  14880 Mbits/sec  165   1.91 MBytes       
[  5]  21.00-22.00  sec  1.73 GBytes  14892 Mbits/sec   52   1.89 MBytes       
[  5]  22.00-23.00  sec  1.65 GBytes  14136 Mbits/sec   26   1.93 MBytes       
[  5]  23.00-24.00  sec  1.64 GBytes  14084 Mbits/sec  124   2.02 MBytes       
[  5]  24.00-25.00  sec  1.77 GBytes  15214 Mbits/sec  518   2.07 MBytes       
[  5]  25.00-26.00  sec  1.68 GBytes  14418 Mbits/sec  451   1.51 MBytes       
[  5]  26.00-27.00  sec  1.63 GBytes  13977 Mbits/sec    0   2.10 MBytes       
[  5]  27.00-28.00  sec  1.43 GBytes  12311 Mbits/sec  772   1.65 MBytes       
[  5]  28.00-29.00  sec  1.48 GBytes  12697 Mbits/sec  292   1.82 MBytes       
[  5]  29.00-30.00  sec  1.82 GBytes  15638 Mbits/sec   13   1.79 MBytes       
[  5]  30.00-31.00  sec  1.75 GBytes  15023 Mbits/sec   46   1.79 MBytes       
[  5]  31.00-32.00  sec  1.74 GBytes  14965 Mbits/sec  110   1.77 MBytes       
[  5]  32.00-33.00  sec  1.77 GBytes  15197 Mbits/sec  152   1.72 MBytes       
[  5]  33.00-34.00  sec  1.43 GBytes  12324 Mbits/sec   77   1.38 MBytes       
[  5]  34.00-35.00  sec  1.17 GBytes  10047 Mbits/sec   26   1.49 MBytes       
[  5]  35.00-36.00  sec  1.16 GBytes  9960 Mbits/sec  125   1.16 MBytes       
[  5]  36.00-37.00  sec  1.14 GBytes  9806 Mbits/sec  148   1.33 MBytes       
[  5]  37.00-38.00  sec  1.17 GBytes  10086 Mbits/sec   12   1.43 MBytes       
[  5]  38.00-39.00  sec  1.15 GBytes  9837 Mbits/sec   61   1.15 MBytes       
[  5]  39.00-40.00  sec  1.15 GBytes  9889 Mbits/sec    1   1.23 MBytes       
[  5]  40.00-41.00  sec  1.17 GBytes  10043 Mbits/sec  281   1.45 MBytes       
[  5]  41.00-42.00  sec  1.16 GBytes  10004 Mbits/sec   59   1.56 MBytes       
[  5]  42.00-43.00  sec  1.14 GBytes  9782 Mbits/sec   68   1.22 MBytes       
[  5]  43.00-44.00  sec  1.15 GBytes  9891 Mbits/sec   17   1.36 MBytes       
[  5]  44.00-45.00  sec  1.47 GBytes  12653 Mbits/sec    0   2.01 MBytes       
[  5]  45.00-46.00  sec  1.75 GBytes  15072 Mbits/sec  330   1.40 MBytes       
[  5]  46.00-47.00  sec  1.36 GBytes  11668 Mbits/sec   62   1.53 MBytes       
[  5]  47.00-48.00  sec  1.16 GBytes  9932 Mbits/sec  103   1.28 MBytes       
[  5]  48.00-49.00  sec  1.50 GBytes  12888 Mbits/sec    0   1.95 MBytes       
[  5]  49.00-50.00  sec  1.66 GBytes  14277 Mbits/sec   32   2.01 MBytes       
[  5]  50.00-51.00  sec  1.44 GBytes  12386 Mbits/sec  1678   1.17 MBytes       
[  5]  51.00-52.00  sec  1.14 GBytes  9772 Mbits/sec   60   1.27 MBytes       
[  5]  52.00-53.00  sec  1.15 GBytes  9908 Mbits/sec   12   1.40 MBytes       
[  5]  53.00-54.00  sec  1.17 GBytes  10088 Mbits/sec   43   1.07 MBytes       
[  5]  54.00-55.00  sec  1.28 GBytes  10958 Mbits/sec    0   1.72 MBytes       
[  5]  55.00-56.00  sec  1.60 GBytes  13734 Mbits/sec  133   1.25 MBytes       
[  5]  56.00-57.00  sec  1.21 GBytes  10384 Mbits/sec   69   1.37 MBytes       
[  5]  57.00-58.00  sec  1.18 GBytes  10106 Mbits/sec   62   1.52 MBytes       
[  5]  58.00-59.00  sec  1.17 GBytes  10077 Mbits/sec   21   1.68 MBytes       
[  5]  59.00-60.00  sec  1.19 GBytes  10185 Mbits/sec   29   1.27 MBytes       
- - - - - - - - - - - - - - - - - - - - - - - - -
[ ID] Interval           Transfer     Bitrate         Retr
[  5]   0.00-60.00  sec  80.0 GBytes  11457 Mbits/sec  8974             sender
[  5]   0.00-60.00  sec  80.0 GBytes  11456 Mbits/sec                  receiver

iperf Done.
