Connecting to host 10.10.0.2, port 30000
[  5] local 10.244.243.1 port 48030 connected to 10.10.0.2 port 30000
[ ID] Interval           Transfer     Bitrate         Total Datagrams
[  5]   0.00-1.00   sec   151 MBytes  1271 Mbits/sec  113608  
[  5]   1.00-2.00   sec   145 MBytes  1216 Mbits/sec  108760  
[  5]   2.00-3.00   sec   142 MBytes  1187 Mbits/sec  106175  
[  5]   3.00-4.00   sec   154 MBytes  1296 Mbits/sec  115853  
[  5]   4.00-5.00   sec   153 MBytes  1285 Mbits/sec  114920  
[  5]   5.00-6.00   sec   153 MBytes  1285 Mbits/sec  114859  
[  5]   6.00-7.00   sec   152 MBytes  1278 Mbits/sec  114268  
[  5]   7.00-8.00   sec   151 MBytes  1268 Mbits/sec  113376  
[  5]   8.00-9.00   sec   153 MBytes  1280 Mbits/sec  114419  
[  5]   9.00-10.00  sec   155 MBytes  1300 Mbits/sec  116244  
[  5]  10.00-11.00  sec   152 MBytes  1272 Mbits/sec  113763  
[  5]  11.00-12.00  sec   144 MBytes  1208 Mbits/sec  108008  
[  5]  12.00-13.00  sec   139 MBytes  1170 Mbits/sec  104604  
[  5]  13.00-14.00  sec   152 MBytes  1271 Mbits/sec  113642  
[  5]  14.00-15.00  sec   154 MBytes  1291 Mbits/sec  115394  
[  5]  15.00-16.00  sec   154 MBytes  1296 Mbits/sec  115879  
[  5]  16.00-17.00  sec   153 MBytes  1287 Mbits/sec  115050  
[  5]  17.00-18.00  sec   152 MBytes  1272 Mbits/sec  113775  
[  5]  18.00-19.00  sec   151 MBytes  1267 Mbits/sec  113306  
[  5]  19.00-20.00  sec   154 MBytes  1295 Mbits/sec  115827  
[  5]  20.00-21.00  sec   152 MBytes  1276 Mbits/sec  114104  
[  5]  21.00-22.00  sec   145 MBytes  1216 Mbits/sec  108691  
[  5]  22.00-23.00  sec   141 MBytes  1179 Mbits/sec  105413  
[  5]  23.00-24.00  sec   153 MBytes  1282 Mbits/sec  114592  
[  5]  24.00-25.00  sec   153 MBytes  1286 Mbits/sec  114960  
[  5]  25.00-26.00  sec   154 MBytes  1295 Mbits/sec  115825  
[  5]  26.00-27.00  sec   154 MBytes  1294 Mbits/sec  115714  
[  5]  27.00-28.00  sec   154 MBytes  1289 Mbits/sec  115214  
[  5]  28.00-29.00  sec   152 MBytes  1273 Mbits/sec  113838  
[  5]  29.00-30.00  sec   155 MBytes  1299 Mbits/sec  116115  
[  5]  30.00-31.00  sec   154 MBytes  1292 Mbits/sec  115489  
[  5]  31.00-32.00  sec   141 MBytes  1184 Mbits/sec  105838  
[  5]  32.00-33.00  sec   140 MBytes  1170 Mbits/sec  104645  
[  5]  33.00-34.00  sec   155 MBytes  1301 Mbits/sec  116308  
[  5]  34.00-35.00  sec   155 MBytes  1301 Mbits/sec  116333  
[  5]  35.00-36.00  sec   155 MBytes  1299 Mbits/sec  116157  
[  5]  36.00-37.00  sec   150 MBytes  1261 Mbits/sec  112787  
[  5]  37.00-38.00  sec   153 MBytes  1287 Mbits/sec  115044  
[  5]  38.00-39.00  sec   152 MBytes  1275 Mbits/sec  114019  
[  5]  39.00-40.00  sec   154 MBytes  1290 Mbits/sec  115339  
[  5]  40.00-41.00  sec   150 MBytes  1256 Mbits/sec  112273  
[  5]  41.00-42.00  sec   143 MBytes  1201 Mbits/sec  107417  
[  5]  42.00-43.00  sec   135 MBytes  1133 Mbits/sec  101292  
[  5]  43.00-44.00  sec   153 MBytes  1283 Mbits/sec  114755  
[  5]  44.00-45.00  sec   149 MBytes  1252 Mbits/sec  111913  
[  5]  45.00-46.00  sec   155 MBytes  1298 Mbits/sec  116017  
[  5]  46.00-47.00  sec   152 MBytes  1275 Mbits/sec  114044  
[  5]  47.00-48.00  sec   153 MBytes  1283 Mbits/sec  114684  
[  5]  48.00-49.00  sec   154 MBytes  1293 Mbits/sec  115570  
[  5]  49.00-50.00  sec   156 MBytes  1305 Mbits/sec  116645  
[  5]  50.00-51.00  sec   154 MBytes  1289 Mbits/sec  115258  
[  5]  51.00-52.00  sec   143 MBytes  1202 Mbits/sec  107514  
[  5]  52.00-53.00  sec   139 MBytes  1164 Mbits/sec  104033  
[  5]  53.00-54.00  sec   152 MBytes  1277 Mbits/sec  114199  
[  5]  54.00-55.00  sec   150 MBytes  1262 Mbits/sec  112834  
[  5]  55.00-56.00  sec   154 MBytes  1290 Mbits/sec  115318  
[  5]  56.00-57.00  sec   154 MBytes  1288 Mbits/sec  115171  
[  5]  57.00-58.00  sec   152 MBytes  1275 Mbits/sec  114027  
[  5]  58.00-59.00  sec   153 MBytes  1288 Mbits/sec  115130  
[  5]  59.00-60.00  sec   154 MBytes  1295 Mbits/sec  115783  
- - - - - - - - - - - - - - - - - - - - - - - - -
[ ID] Interval           Transfer     Bitrate         Jitter    Lost/Total Datagrams
[  5]   0.00-60.00  sec  8.83 GBytes  1264 Mbits/sec  0.000 ms  0/6782032 (0%)  sender
[  5]   0.00-60.00  sec  8.37 GBytes  1199 Mbits/sec  0.007 ms  352065/6782032 (5.2%)  receiver

iperf Done.
