Connecting to host 10.10.0.4, port 30000
[  5] local 10.244.1.2 port 53514 connected to 10.10.0.4 port 30000
[ ID] Interval           Transfer     Bitrate         Total Datagrams
[  5]   0.00-1.00   sec   156 MBytes  1305 Mbits/sec  112636  
[  5]   1.00-2.00   sec   155 MBytes  1302 Mbits/sec  112355  
[  5]   2.00-3.00   sec   155 MBytes  1300 Mbits/sec  112235  
[  5]   3.00-4.00   sec   156 MBytes  1309 Mbits/sec  113042  
[  5]   4.00-5.00   sec   154 MBytes  1294 Mbits/sec  111735  
[  5]   5.00-6.00   sec   155 MBytes  1302 Mbits/sec  112418  
[  5]   6.00-7.00   sec   156 MBytes  1307 Mbits/sec  112841  
[  5]   7.00-8.00   sec   156 MBytes  1306 Mbits/sec  112734  
[  5]   8.00-9.00   sec   156 MBytes  1305 Mbits/sec  112622  
[  5]   9.00-10.00  sec   156 MBytes  1306 Mbits/sec  112767  
[  5]  10.00-11.00  sec   156 MBytes  1305 Mbits/sec  112625  
[  5]  11.00-12.00  sec   155 MBytes  1303 Mbits/sec  112518  
[  5]  12.00-13.00  sec   155 MBytes  1299 Mbits/sec  112131  
[  5]  13.00-14.00  sec   156 MBytes  1309 Mbits/sec  112981  
[  5]  14.00-15.00  sec   155 MBytes  1301 Mbits/sec  112315  
[  5]  15.00-16.00  sec   155 MBytes  1297 Mbits/sec  111951  
[  5]  16.00-17.00  sec   154 MBytes  1294 Mbits/sec  111724  
[  5]  17.00-18.00  sec   155 MBytes  1303 Mbits/sec  112453  
[  5]  18.00-19.00  sec   156 MBytes  1309 Mbits/sec  113033  
[  5]  19.00-20.00  sec   157 MBytes  1314 Mbits/sec  113474  
[  5]  20.00-21.00  sec   155 MBytes  1300 Mbits/sec  112204  
[  5]  21.00-22.00  sec   155 MBytes  1299 Mbits/sec  112161  
[  5]  22.00-23.00  sec   155 MBytes  1297 Mbits/sec  111945  
[  5]  23.00-24.00  sec   156 MBytes  1305 Mbits/sec  112695  
[  5]  24.00-25.00  sec   155 MBytes  1299 Mbits/sec  112155  
[  5]  25.00-26.00  sec   154 MBytes  1293 Mbits/sec  111624  
[  5]  26.00-27.00  sec   156 MBytes  1308 Mbits/sec  112917  
[  5]  27.00-28.00  sec   154 MBytes  1294 Mbits/sec  111718  
[  5]  28.00-29.00  sec   156 MBytes  1307 Mbits/sec  112796  
[  5]  29.00-30.00  sec   155 MBytes  1303 Mbits/sec  112492  
[  5]  30.00-31.00  sec   155 MBytes  1296 Mbits/sec  111919  
[  5]  31.00-32.00  sec   155 MBytes  1301 Mbits/sec  112279  
[  5]  32.00-33.00  sec   155 MBytes  1298 Mbits/sec  112033  
[  5]  33.00-34.00  sec   155 MBytes  1300 Mbits/sec  112266  
[  5]  34.00-35.00  sec   154 MBytes  1296 Mbits/sec  111855  
[  5]  35.00-36.00  sec   154 MBytes  1295 Mbits/sec  111814  
[  5]  36.00-37.00  sec   155 MBytes  1302 Mbits/sec  112427  
[  5]  37.00-38.00  sec   156 MBytes  1305 Mbits/sec  112626  
[  5]  38.00-39.00  sec   155 MBytes  1300 Mbits/sec  112256  
[  5]  39.00-40.00  sec   155 MBytes  1302 Mbits/sec  112366  
[  5]  40.00-41.00  sec   154 MBytes  1291 Mbits/sec  111473  
[  5]  41.00-42.00  sec   152 MBytes  1276 Mbits/sec  110110  
[  5]  42.00-43.00  sec   151 MBytes  1269 Mbits/sec  109535  
[  5]  43.00-44.00  sec   153 MBytes  1285 Mbits/sec  110935  
[  5]  44.00-45.00  sec   152 MBytes  1275 Mbits/sec  110058  
[  5]  45.00-46.00  sec   155 MBytes  1297 Mbits/sec  111961  
[  5]  46.00-47.00  sec   155 MBytes  1302 Mbits/sec  112365  
[  5]  47.00-48.00  sec   156 MBytes  1310 Mbits/sec  113130  
[  5]  48.00-49.00  sec   155 MBytes  1297 Mbits/sec  111940  
[  5]  49.00-50.00  sec   155 MBytes  1300 Mbits/sec  112224  
[  5]  50.00-51.00  sec   155 MBytes  1301 Mbits/sec  112279  
[  5]  51.00-52.00  sec   156 MBytes  1310 Mbits/sec  113104  
[  5]  52.00-53.00  sec   156 MBytes  1306 Mbits/sec  112722  
[  5]  53.00-54.00  sec   155 MBytes  1303 Mbits/sec  112482  
[  5]  54.00-55.00  sec   155 MBytes  1303 Mbits/sec  112470  
[  5]  55.00-56.00  sec   155 MBytes  1300 Mbits/sec  112200  
[  5]  56.00-57.00  sec   156 MBytes  1307 Mbits/sec  112835  
[  5]  57.00-58.00  sec   155 MBytes  1301 Mbits/sec  112313  
[  5]  58.00-59.00  sec   155 MBytes  1298 Mbits/sec  112063  
[  5]  59.00-60.00  sec   155 MBytes  1297 Mbits/sec  111939  
- - - - - - - - - - - - - - - - - - - - - - - - -
[ ID] Interval           Transfer     Bitrate         Jitter    Lost/Total Datagrams
[  5]   0.00-60.00  sec  9.08 GBytes  1300 Mbits/sec  0.000 ms  0/6733276 (0%)  sender
[  5]   0.00-60.00  sec  9.08 GBytes  1299 Mbits/sec  0.015 ms  3699/6733276 (0.055%)  receiver

iperf Done.
