Connecting to host 10.10.0.2, port 30000
[  5] local 10.244.2.2 port 45820 connected to 10.10.0.2 port 30000
[ ID] Interval           Transfer     Bitrate         Retr  Cwnd
[  5]   0.00-1.00   sec   300 MBytes  2514 Mbits/sec  8370    192 KBytes       
[  5]   1.00-2.00   sec   454 MBytes  3806 Mbits/sec  9625    192 KBytes       
[  5]   2.00-3.00   sec   439 MBytes  3680 Mbits/sec  11289    339 KBytes       
[  5]   3.00-4.00   sec   349 MBytes  2926 Mbits/sec  14286    525 KBytes       
[  5]   4.00-5.00   sec   449 MBytes  3765 Mbits/sec  13713    848 KBytes       
[  5]   5.00-6.00   sec   455 MBytes  3817 Mbits/sec  9195    605 KBytes       
[  5]   6.00-7.00   sec   380 MBytes  3187 Mbits/sec  4002    559 KBytes       
[  5]   7.00-8.00   sec   454 MBytes  3808 Mbits/sec  12248    796 KBytes       
[  5]   8.00-9.00   sec   440 MBytes  3691 Mbits/sec  11851    153 KBytes       
[  5]   9.00-10.00  sec   454 MBytes  3806 Mbits/sec  11691    252 KBytes       
[  5]  10.00-11.00  sec   436 MBytes  3660 Mbits/sec  3864    720 KBytes       
[  5]  11.00-12.00  sec   452 MBytes  3796 Mbits/sec  11528   32.5 KBytes       
[  5]  12.00-13.00  sec   428 MBytes  3586 Mbits/sec  13222    113 KBytes       
[  5]  13.00-14.00  sec   450 MBytes  3775 Mbits/sec  5262    115 KBytes       
[  5]  14.00-15.00  sec   454 MBytes  3806 Mbits/sec  13129    223 KBytes       
[  5]  15.00-16.00  sec   458 MBytes  3838 Mbits/sec  7786   1.46 MBytes       
[  5]  16.00-17.00  sec   451 MBytes  3785 Mbits/sec  13275    337 KBytes       
[  5]  17.00-18.00  sec   374 MBytes  3135 Mbits/sec  8522    964 KBytes       
[  5]  18.00-19.00  sec   442 MBytes  3712 Mbits/sec  6638    573 KBytes       
[  5]  19.00-20.00  sec   450 MBytes  3775 Mbits/sec  14374   1.54 MBytes       
[  5]  20.00-21.00  sec   271 MBytes  2275 Mbits/sec  8804    814 KBytes       
[  5]  21.00-22.00  sec   449 MBytes  3764 Mbits/sec  9487   2.27 MBytes       
[  5]  22.00-23.00  sec   418 MBytes  3502 Mbits/sec  12336    124 KBytes       
[  5]  23.00-24.00  sec   379 MBytes  3177 Mbits/sec  8854    513 KBytes       
[  5]  24.00-25.00  sec   460 MBytes  3859 Mbits/sec  7379    526 KBytes       
[  5]  25.00-26.00  sec   388 MBytes  3250 Mbits/sec  12179    475 KBytes       
[  5]  26.00-27.00  sec   325 MBytes  2726 Mbits/sec  11817    117 KBytes       
[  5]  27.00-28.00  sec   446 MBytes  3743 Mbits/sec  15899    839 KBytes       
[  5]  28.00-29.00  sec   369 MBytes  3093 Mbits/sec  9663    857 KBytes       
[  5]  29.00-30.00  sec   456 MBytes  3827 Mbits/sec  7703    530 KBytes       
[  5]  30.00-31.00  sec   429 MBytes  3596 Mbits/sec  14921    441 KBytes       
[  5]  31.00-32.00  sec   456 MBytes  3828 Mbits/sec  6968    318 KBytes       
[  5]  32.00-33.00  sec   448 MBytes  3754 Mbits/sec  11218    625 KBytes       
[  5]  33.00-34.00  sec   444 MBytes  3722 Mbits/sec  17156   1.19 MBytes       
[  5]  34.00-35.00  sec   435 MBytes  3649 Mbits/sec  11602    587 KBytes       
[  5]  35.00-36.00  sec   371 MBytes  3114 Mbits/sec  7780    464 KBytes       
[  5]  36.00-37.00  sec   462 MBytes  3880 Mbits/sec  7340   3.19 MBytes       
[  5]  37.00-38.00  sec   434 MBytes  3639 Mbits/sec  12456    577 KBytes       
[  5]  38.00-39.00  sec   274 MBytes  2296 Mbits/sec  6784   22.6 KBytes       
[  5]  39.00-40.00  sec   361 MBytes  3031 Mbits/sec  16552    461 KBytes       
[  5]  40.00-41.00  sec   428 MBytes  3585 Mbits/sec  16705   2.02 MBytes       
[  5]  41.00-42.00  sec   359 MBytes  3011 Mbits/sec  15768    679 KBytes       
[  5]  42.00-43.00  sec   359 MBytes  3009 Mbits/sec  6380   3.13 MBytes       
[  5]  43.00-44.00  sec   439 MBytes  3681 Mbits/sec  13207   1.07 MBytes       
[  5]  44.00-45.00  sec   456 MBytes  3827 Mbits/sec  4971    458 KBytes       
[  5]  45.00-46.00  sec   454 MBytes  3806 Mbits/sec  11167    107 KBytes       
[  5]  46.00-47.00  sec   369 MBytes  3093 Mbits/sec  8147    885 KBytes       
[  5]  47.00-48.00  sec   450 MBytes  3775 Mbits/sec  5579    532 KBytes       
[  5]  48.00-49.00  sec   368 MBytes  3083 Mbits/sec  8101    752 KBytes       
[  5]  49.00-50.00  sec   455 MBytes  3817 Mbits/sec  2577    587 KBytes       
[  5]  50.00-51.00  sec   442 MBytes  3712 Mbits/sec  9438   1.22 MBytes       
[  5]  51.00-52.00  sec   456 MBytes  3827 Mbits/sec  10618    147 KBytes       
[  5]  52.00-53.00  sec   450 MBytes  3775 Mbits/sec  10183   1.11 MBytes       
[  5]  53.00-54.00  sec   450 MBytes  3775 Mbits/sec  10283   1.27 MBytes       
[  5]  54.00-55.00  sec   339 MBytes  2842 Mbits/sec  10638    130 KBytes       
[  5]  55.00-56.00  sec   459 MBytes  3848 Mbits/sec  5191   1.55 MBytes       
[  5]  56.00-57.00  sec   449 MBytes  3764 Mbits/sec  10394    382 KBytes       
[  5]  57.00-58.00  sec   445 MBytes  3733 Mbits/sec  6396    124 KBytes       
[  5]  58.00-59.00  sec   281 MBytes  2359 Mbits/sec  7202   1.88 MBytes       
[  5]  59.00-60.00  sec   456 MBytes  3826 Mbits/sec  10279   1.47 MBytes       
- - - - - - - - - - - - - - - - - - - - - - - - -
[ ID] Interval           Transfer     Bitrate         Retr
[  5]   0.00-60.00  sec  24.4 GBytes  3496 Mbits/sec  603992             sender
[  5]   0.00-60.00  sec  24.4 GBytes  3495 Mbits/sec                  receiver

iperf Done.
