Connecting to host 10.10.0.2, port 30000
[  5] local 10.0.1.110 port 41221 connected to 10.10.0.2 port 30000
[ ID] Interval           Transfer     Bitrate         Total Datagrams
[  5]   0.00-1.00   sec   129 MBytes  1081 Mbits/sec  96630  
[  5]   1.00-2.00   sec   132 MBytes  1108 Mbits/sec  99095  
[  5]   2.00-3.00   sec   129 MBytes  1086 Mbits/sec  97112  
[  5]   3.00-4.00   sec   130 MBytes  1090 Mbits/sec  97453  
[  5]   4.00-5.00   sec   129 MBytes  1081 Mbits/sec  96666  
[  5]   5.00-6.00   sec   129 MBytes  1081 Mbits/sec  96623  
[  5]   6.00-7.00   sec   132 MBytes  1107 Mbits/sec  98993  
[  5]   7.00-8.00   sec   131 MBytes  1099 Mbits/sec  98298  
[  5]   8.00-9.00   sec   129 MBytes  1085 Mbits/sec  97019  
[  5]   9.00-10.00  sec   130 MBytes  1086 Mbits/sec  97146  
[  5]  10.00-11.00  sec   129 MBytes  1078 Mbits/sec  96409  
[  5]  11.00-12.00  sec   131 MBytes  1102 Mbits/sec  98491  
[  5]  12.00-13.00  sec   129 MBytes  1086 Mbits/sec  97065  
[  5]  13.00-14.00  sec   132 MBytes  1106 Mbits/sec  98878  
[  5]  14.00-15.00  sec   128 MBytes  1074 Mbits/sec  96051  
[  5]  15.00-16.00  sec   129 MBytes  1079 Mbits/sec  96482  
[  5]  16.00-17.00  sec   131 MBytes  1102 Mbits/sec  98555  
[  5]  17.00-18.00  sec   132 MBytes  1107 Mbits/sec  98963  
[  5]  18.00-19.00  sec   131 MBytes  1098 Mbits/sec  98141  
[  5]  19.00-20.00  sec   132 MBytes  1110 Mbits/sec  99242  
[  5]  20.00-21.00  sec   127 MBytes  1068 Mbits/sec  95483  
[  5]  21.00-22.00  sec   132 MBytes  1110 Mbits/sec  99275  
[  5]  22.00-23.00  sec   132 MBytes  1109 Mbits/sec  99188  
[  5]  23.00-24.00  sec   132 MBytes  1108 Mbits/sec  99112  
[  5]  24.00-25.00  sec   130 MBytes  1092 Mbits/sec  97660  
[  5]  25.00-26.00  sec   128 MBytes  1075 Mbits/sec  96075  
[  5]  26.00-27.00  sec   130 MBytes  1094 Mbits/sec  97799  
[  5]  27.00-28.00  sec   131 MBytes  1095 Mbits/sec  97904  
[  5]  28.00-29.00  sec   130 MBytes  1093 Mbits/sec  97733  
[  5]  29.00-30.00  sec   132 MBytes  1107 Mbits/sec  98981  
[  5]  30.00-31.00  sec   128 MBytes  1074 Mbits/sec  95986  
[  5]  31.00-32.00  sec   132 MBytes  1109 Mbits/sec  99190  
[  5]  32.00-33.00  sec   131 MBytes  1102 Mbits/sec  98495  
[  5]  33.00-34.00  sec   132 MBytes  1107 Mbits/sec  98980  
[  5]  34.00-35.00  sec   129 MBytes  1083 Mbits/sec  96848  
[  5]  35.00-36.00  sec   129 MBytes  1081 Mbits/sec  96693  
[  5]  36.00-37.00  sec   132 MBytes  1106 Mbits/sec  98913  
[  5]  37.00-38.00  sec   132 MBytes  1106 Mbits/sec  98904  
[  5]  38.00-39.00  sec   132 MBytes  1111 Mbits/sec  99372  
[  5]  39.00-40.00  sec   132 MBytes  1106 Mbits/sec  98925  
[  5]  40.00-41.00  sec   129 MBytes  1079 Mbits/sec  96488  
[  5]  41.00-42.00  sec   132 MBytes  1107 Mbits/sec  98975  
[  5]  42.00-43.00  sec   131 MBytes  1099 Mbits/sec  98225  
[  5]  43.00-44.00  sec   132 MBytes  1111 Mbits/sec  99357  
[  5]  44.00-45.00  sec   131 MBytes  1095 Mbits/sec  97888  
[  5]  45.00-46.00  sec   130 MBytes  1087 Mbits/sec  97220  
[  5]  46.00-47.00  sec   131 MBytes  1100 Mbits/sec  98382  
[  5]  47.00-48.00  sec   131 MBytes  1099 Mbits/sec  98284  
[  5]  48.00-49.00  sec   132 MBytes  1105 Mbits/sec  98810  
[  5]  49.00-50.00  sec   132 MBytes  1109 Mbits/sec  99203  
[  5]  50.00-51.00  sec   129 MBytes  1082 Mbits/sec  96747  
[  5]  51.00-52.00  sec   132 MBytes  1108 Mbits/sec  99038  
[  5]  52.00-53.00  sec   131 MBytes  1102 Mbits/sec  98509  
[  5]  53.00-54.00  sec   128 MBytes  1078 Mbits/sec  96353  
[  5]  54.00-55.00  sec   130 MBytes  1091 Mbits/sec  97553  
[  5]  55.00-56.00  sec   128 MBytes  1075 Mbits/sec  96116  
[  5]  56.00-57.00  sec   129 MBytes  1080 Mbits/sec  96599  
[  5]  57.00-58.00  sec   130 MBytes  1092 Mbits/sec  97660  
[  5]  58.00-59.00  sec   131 MBytes  1097 Mbits/sec  98083  
[  5]  59.00-60.00  sec   131 MBytes  1098 Mbits/sec  98152  
- - - - - - - - - - - - - - - - - - - - - - - - -
[ ID] Interval           Transfer     Bitrate         Jitter    Lost/Total Datagrams
[  5]   0.00-60.00  sec  7.65 GBytes  1095 Mbits/sec  0.000 ms  0/5872470 (0%)  sender
[  5]   0.00-60.00  sec  7.55 GBytes  1082 Mbits/sec  0.009 ms  69876/5872470 (1.2%)  receiver

iperf Done.
