Connecting to host 10.10.0.6, port 30000
[  5] local 10.244.1.2 port 40331 connected to 10.10.0.6 port 30000
[ ID] Interval           Transfer     Bitrate         Total Datagrams
[  5]   0.00-1.00   sec   147 MBytes  1232 Mbits/sec  110188  
[  5]   1.00-2.00   sec   149 MBytes  1250 Mbits/sec  111732  
[  5]   2.00-3.00   sec   149 MBytes  1247 Mbits/sec  111502  
[  5]   3.00-4.00   sec   142 MBytes  1192 Mbits/sec  106608  
[  5]   4.00-5.00   sec   147 MBytes  1232 Mbits/sec  110201  
[  5]   5.00-6.00   sec   143 MBytes  1201 Mbits/sec  107359  
[  5]   6.00-7.00   sec   145 MBytes  1217 Mbits/sec  108832  
[  5]   7.00-8.00   sec   150 MBytes  1257 Mbits/sec  112359  
[  5]   8.00-9.00   sec   149 MBytes  1254 Mbits/sec  112091  
[  5]   9.00-10.00  sec   148 MBytes  1239 Mbits/sec  110773  
[  5]  10.00-11.00  sec   147 MBytes  1235 Mbits/sec  110443  
[  5]  11.00-12.00  sec   134 MBytes  1122 Mbits/sec  100283  
[  5]  12.00-13.00  sec   148 MBytes  1242 Mbits/sec  111082  
[  5]  13.00-14.00  sec   150 MBytes  1256 Mbits/sec  112294  
[  5]  14.00-15.00  sec   148 MBytes  1245 Mbits/sec  111279  
[  5]  15.00-16.00  sec   151 MBytes  1263 Mbits/sec  112933  
[  5]  16.00-17.00  sec   150 MBytes  1258 Mbits/sec  112508  
[  5]  17.00-18.00  sec   143 MBytes  1203 Mbits/sec  107521  
[  5]  18.00-19.00  sec   145 MBytes  1217 Mbits/sec  108814  
[  5]  19.00-20.00  sec   138 MBytes  1159 Mbits/sec  103668  
[  5]  20.00-21.00  sec   146 MBytes  1226 Mbits/sec  109605  
[  5]  21.00-22.00  sec   149 MBytes  1248 Mbits/sec  111597  
[  5]  22.00-23.00  sec   147 MBytes  1235 Mbits/sec  110405  
[  5]  23.00-24.00  sec   139 MBytes  1165 Mbits/sec  104159  
[  5]  24.00-25.00  sec   150 MBytes  1258 Mbits/sec  112474  
[  5]  25.00-26.00  sec   148 MBytes  1239 Mbits/sec  110743  
[  5]  26.00-27.00  sec   147 MBytes  1235 Mbits/sec  110451  
[  5]  27.00-28.00  sec   145 MBytes  1218 Mbits/sec  108882  
[  5]  28.00-29.00  sec   146 MBytes  1223 Mbits/sec  109332  
[  5]  29.00-30.00  sec   150 MBytes  1255 Mbits/sec  112182  
[  5]  30.00-31.00  sec   139 MBytes  1170 Mbits/sec  104575  
[  5]  31.00-32.00  sec   147 MBytes  1231 Mbits/sec  110029  
[  5]  32.00-33.00  sec   149 MBytes  1248 Mbits/sec  111627  
[  5]  33.00-34.00  sec   148 MBytes  1240 Mbits/sec  110849  
[  5]  34.00-35.00  sec   149 MBytes  1249 Mbits/sec  111679  
[  5]  35.00-36.00  sec   147 MBytes  1231 Mbits/sec  110029  
[  5]  36.00-37.00  sec   146 MBytes  1225 Mbits/sec  109531  
[  5]  37.00-38.00  sec   149 MBytes  1250 Mbits/sec  111759  
[  5]  38.00-39.00  sec   146 MBytes  1221 Mbits/sec  109174  
[  5]  39.00-40.00  sec   145 MBytes  1215 Mbits/sec  108627  
[  5]  40.00-41.00  sec   150 MBytes  1260 Mbits/sec  112690  
[  5]  41.00-42.00  sec   149 MBytes  1249 Mbits/sec  111655  
[  5]  42.00-43.00  sec   149 MBytes  1248 Mbits/sec  111546  
[  5]  43.00-44.00  sec   150 MBytes  1261 Mbits/sec  112779  
[  5]  44.00-45.00  sec   148 MBytes  1237 Mbits/sec  110646  
[  5]  45.00-46.00  sec   151 MBytes  1265 Mbits/sec  113066  
[  5]  46.00-47.00  sec   146 MBytes  1221 Mbits/sec  109157  
[  5]  47.00-48.00  sec   148 MBytes  1243 Mbits/sec  111185  
[  5]  48.00-49.00  sec   147 MBytes  1232 Mbits/sec  110183  
[  5]  49.00-50.00  sec   150 MBytes  1259 Mbits/sec  112556  
[  5]  50.00-51.00  sec   143 MBytes  1203 Mbits/sec  107600  
[  5]  51.00-52.00  sec   150 MBytes  1262 Mbits/sec  112836  
[  5]  52.00-53.00  sec   147 MBytes  1232 Mbits/sec  110188  
[  5]  53.00-54.00  sec   148 MBytes  1240 Mbits/sec  110895  
[  5]  54.00-55.00  sec   150 MBytes  1256 Mbits/sec  112274  
[  5]  55.00-56.00  sec   150 MBytes  1260 Mbits/sec  112619  
[  5]  56.00-57.00  sec   148 MBytes  1243 Mbits/sec  111165  
[  5]  57.00-58.00  sec   146 MBytes  1222 Mbits/sec  109306  
[  5]  58.00-59.00  sec   144 MBytes  1204 Mbits/sec  107697  
[  5]  59.00-60.00  sec   150 MBytes  1260 Mbits/sec  112636  
- - - - - - - - - - - - - - - - - - - - - - - - -
[ ID] Interval           Transfer     Bitrate         Jitter    Lost/Total Datagrams
[  5]   0.00-60.00  sec  8.61 GBytes  1233 Mbits/sec  0.000 ms  0/6612858 (0%)  sender
[  5]   0.00-60.00  sec  8.60 GBytes  1231 Mbits/sec  0.012 ms  7140/6612858 (0.11%)  receiver

iperf Done.
