Connecting to host 10.10.0.2, port 30000
[  5] local 10.244.2.2 port 43062 connected to 10.10.0.2 port 30000
[ ID] Interval           Transfer     Bitrate         Total Datagrams
[  5]   0.00-1.00   sec   159 MBytes  1337 Mbits/sec  119516  
[  5]   1.00-2.00   sec   159 MBytes  1337 Mbits/sec  119580  
[  5]   2.00-3.00   sec   157 MBytes  1321 Mbits/sec  118078  
[  5]   3.00-4.00   sec   159 MBytes  1335 Mbits/sec  119392  
[  5]   4.00-5.00   sec   160 MBytes  1338 Mbits/sec  119659  
[  5]   5.00-6.00   sec   159 MBytes  1332 Mbits/sec  119138  
[  5]   6.00-7.00   sec   158 MBytes  1323 Mbits/sec  118327  
[  5]   7.00-8.00   sec   158 MBytes  1327 Mbits/sec  118671  
[  5]   8.00-9.00   sec   160 MBytes  1339 Mbits/sec  119714  
[  5]   9.00-10.00  sec   161 MBytes  1350 Mbits/sec  120670  
[  5]  10.00-11.00  sec   158 MBytes  1329 Mbits/sec  118869  
[  5]  11.00-12.00  sec   157 MBytes  1321 Mbits/sec  118108  
[  5]  12.00-13.00  sec   159 MBytes  1331 Mbits/sec  119054  
[  5]  13.00-14.00  sec   159 MBytes  1335 Mbits/sec  119322  
[  5]  14.00-15.00  sec   159 MBytes  1335 Mbits/sec  119353  
[  5]  15.00-16.00  sec   158 MBytes  1324 Mbits/sec  118376  
[  5]  16.00-17.00  sec   158 MBytes  1325 Mbits/sec  118437  
[  5]  17.00-18.00  sec   159 MBytes  1333 Mbits/sec  119147  
[  5]  18.00-19.00  sec   158 MBytes  1329 Mbits/sec  118874  
[  5]  19.00-20.00  sec   157 MBytes  1316 Mbits/sec  117711  
[  5]  20.00-21.00  sec   159 MBytes  1337 Mbits/sec  119541  
[  5]  21.00-22.00  sec   159 MBytes  1335 Mbits/sec  119331  
[  5]  22.00-23.00  sec   155 MBytes  1299 Mbits/sec  116113  
[  5]  23.00-24.00  sec   159 MBytes  1333 Mbits/sec  119192  
[  5]  24.00-25.00  sec   159 MBytes  1333 Mbits/sec  119212  
[  5]  25.00-26.00  sec   157 MBytes  1321 Mbits/sec  118089  
[  5]  26.00-27.00  sec   158 MBytes  1324 Mbits/sec  118344  
[  5]  27.00-28.00  sec   160 MBytes  1339 Mbits/sec  119729  
[  5]  28.00-29.00  sec   159 MBytes  1330 Mbits/sec  118900  
[  5]  29.00-30.00  sec   159 MBytes  1331 Mbits/sec  119034  
[  5]  30.00-31.00  sec   156 MBytes  1308 Mbits/sec  116955  
[  5]  31.00-32.00  sec   155 MBytes  1303 Mbits/sec  116544  
[  5]  32.00-33.00  sec   156 MBytes  1312 Mbits/sec  117308  
[  5]  33.00-34.00  sec   156 MBytes  1307 Mbits/sec  116860  
[  5]  34.00-35.00  sec   157 MBytes  1318 Mbits/sec  117849  
[  5]  35.00-36.00  sec   159 MBytes  1333 Mbits/sec  119187  
[  5]  36.00-37.00  sec   158 MBytes  1328 Mbits/sec  118762  
[  5]  37.00-38.00  sec   159 MBytes  1335 Mbits/sec  119402  
[  5]  38.00-39.00  sec   158 MBytes  1330 Mbits/sec  118880  
[  5]  39.00-40.00  sec   156 MBytes  1310 Mbits/sec  117101  
[  5]  40.00-41.00  sec   158 MBytes  1326 Mbits/sec  118551  
[  5]  41.00-42.00  sec   160 MBytes  1340 Mbits/sec  119774  
[  5]  42.00-43.00  sec   160 MBytes  1338 Mbits/sec  119665  
[  5]  43.00-44.00  sec   157 MBytes  1314 Mbits/sec  117506  
[  5]  44.00-45.00  sec   156 MBytes  1310 Mbits/sec  117134  
[  5]  45.00-46.00  sec   158 MBytes  1328 Mbits/sec  118734  
[  5]  46.00-47.00  sec   151 MBytes  1265 Mbits/sec  113090  
[  5]  47.00-48.00  sec   159 MBytes  1335 Mbits/sec  119400  
[  5]  48.00-49.00  sec   158 MBytes  1326 Mbits/sec  118558  
[  5]  49.00-50.00  sec   159 MBytes  1330 Mbits/sec  118951  
[  5]  50.00-51.00  sec   159 MBytes  1338 Mbits/sec  119592  
[  5]  51.00-52.00  sec   155 MBytes  1303 Mbits/sec  116502  
[  5]  52.00-53.00  sec   151 MBytes  1266 Mbits/sec  113229  
[  5]  53.00-54.00  sec   158 MBytes  1325 Mbits/sec  118460  
[  5]  54.00-55.00  sec   157 MBytes  1313 Mbits/sec  117416  
[  5]  55.00-56.00  sec   159 MBytes  1330 Mbits/sec  118911  
[  5]  56.00-57.00  sec   157 MBytes  1315 Mbits/sec  117608  
[  5]  57.00-58.00  sec   159 MBytes  1330 Mbits/sec  118960  
[  5]  58.00-59.00  sec   158 MBytes  1323 Mbits/sec  118288  
[  5]  59.00-60.00  sec   159 MBytes  1330 Mbits/sec  118948  
- - - - - - - - - - - - - - - - - - - - - - - - -
[ ID] Interval           Transfer     Bitrate         Jitter    Lost/Total Datagrams
[  5]   0.00-60.00  sec  9.25 GBytes  1324 Mbits/sec  0.000 ms  0/7105606 (0%)  sender
[  5]   0.00-60.00  sec  9.13 GBytes  1307 Mbits/sec  0.009 ms  91999/7105606 (1.3%)  receiver

iperf Done.
