Connecting to host 10.10.0.6, port 30000
[  5] local 10.244.1.2 port 40516 connected to 10.10.0.6 port 30000
[ ID] Interval           Transfer     Bitrate         Retr  Cwnd
[  5]   0.00-1.00   sec  1.29 GBytes  11050 Mbits/sec  241   1.83 MBytes       
[  5]   1.00-2.00   sec  1.62 GBytes  13950 Mbits/sec  698   1.78 MBytes       
[  5]   2.00-3.00   sec  1.48 GBytes  12717 Mbits/sec  103   1.79 MBytes       
[  5]   3.00-4.00   sec  1.65 GBytes  14167 Mbits/sec  691   1.74 MBytes       
[  5]   4.00-5.00   sec  1.51 GBytes  13013 Mbits/sec  156   1.74 MBytes       
[  5]   5.00-6.00   sec  1.64 GBytes  14072 Mbits/sec  494   1.71 MBytes       
[  5]   6.00-7.00   sec  1.48 GBytes  12698 Mbits/sec  294   1.80 MBytes       
[  5]   7.00-8.00   sec  1.60 GBytes  13722 Mbits/sec  215   1.32 MBytes       
[  5]   8.00-9.00   sec  1.49 GBytes  12807 Mbits/sec    0   2.02 MBytes       
[  5]   9.00-10.00  sec  1.62 GBytes  13936 Mbits/sec  171   1.43 MBytes       
[  5]  10.00-11.00  sec  1.57 GBytes  13494 Mbits/sec    0   2.06 MBytes       
[  5]  11.00-12.00  sec  1.68 GBytes  14398 Mbits/sec  556   1.48 MBytes       
[  5]  12.00-13.00  sec  1.63 GBytes  14040 Mbits/sec    0   2.15 MBytes       
[  5]  13.00-14.00  sec  1.84 GBytes  15823 Mbits/sec  351   1.51 MBytes       
[  5]  14.00-15.00  sec  1.36 GBytes  11650 Mbits/sec   89   1.60 MBytes       
[  5]  15.00-16.00  sec  1.75 GBytes  15068 Mbits/sec    0   2.26 MBytes       
[  5]  16.00-17.00  sec  1.72 GBytes  14753 Mbits/sec  174   1.62 MBytes       
[  5]  17.00-18.00  sec  1.54 GBytes  13244 Mbits/sec  404   1.70 MBytes       
[  5]  18.00-19.00  sec  1.49 GBytes  12824 Mbits/sec  332   1.31 MBytes       
[  5]  19.00-20.00  sec  1.46 GBytes  12541 Mbits/sec    0   1.93 MBytes       
[  5]  20.00-21.00  sec  1.93 GBytes  16590 Mbits/sec    5   1.91 MBytes       
[  5]  21.00-22.00  sec  1.61 GBytes  13838 Mbits/sec   49   2.00 MBytes       
[  5]  22.00-23.00  sec  1.70 GBytes  14567 Mbits/sec  137   2.01 MBytes       
[  5]  23.00-24.00  sec  1.30 GBytes  11146 Mbits/sec  177   1.55 MBytes       
[  5]  24.00-25.00  sec  1.28 GBytes  10979 Mbits/sec    5   1.68 MBytes       
[  5]  25.00-26.00  sec  1.38 GBytes  11880 Mbits/sec  238   1.29 MBytes       
[  5]  26.00-27.00  sec  1.28 GBytes  11021 Mbits/sec   75   1.43 MBytes       
[  5]  27.00-28.00  sec  1.32 GBytes  11335 Mbits/sec  154   1.56 MBytes       
[  5]  28.00-29.00  sec  1.39 GBytes  11954 Mbits/sec   42   1.69 MBytes       
[  5]  29.00-30.00  sec  1.86 GBytes  15978 Mbits/sec    0   2.39 MBytes       
[  5]  30.00-31.00  sec  1.82 GBytes  15668 Mbits/sec  123   2.31 MBytes       
[  5]  31.00-32.00  sec  1.78 GBytes  15309 Mbits/sec  470   1.60 MBytes       
[  5]  32.00-33.00  sec  1.78 GBytes  15284 Mbits/sec    0   2.26 MBytes       
[  5]  33.00-34.00  sec  2.05 GBytes  17596 Mbits/sec  169   2.15 MBytes       
[  5]  34.00-35.00  sec  1.64 GBytes  14054 Mbits/sec  257   2.13 MBytes       
[  5]  35.00-36.00  sec  2.13 GBytes  18327 Mbits/sec  154   1.99 MBytes       
[  5]  36.00-37.00  sec  1.72 GBytes  14787 Mbits/sec  166   1.93 MBytes       
[  5]  37.00-38.00  sec  1.92 GBytes  16494 Mbits/sec   91   1.87 MBytes       
[  5]  38.00-39.00  sec  1.65 GBytes  14198 Mbits/sec  180   1.86 MBytes       
[  5]  39.00-40.00  sec  1.85 GBytes  15869 Mbits/sec   62   1.81 MBytes       
[  5]  40.00-41.00  sec  1.64 GBytes  14066 Mbits/sec   10   1.79 MBytes       
[  5]  41.00-42.00  sec  1.83 GBytes  15761 Mbits/sec  488   1.20 MBytes       
[  5]  42.00-43.00  sec  1.33 GBytes  11449 Mbits/sec  116   1.38 MBytes       
[  5]  43.00-44.00  sec  1.54 GBytes  13192 Mbits/sec    0   2.04 MBytes       
[  5]  44.00-45.00  sec  1.64 GBytes  14051 Mbits/sec  121   1.50 MBytes       
[  5]  45.00-46.00  sec  1.34 GBytes  11471 Mbits/sec   51   1.63 MBytes       
[  5]  46.00-47.00  sec  1.32 GBytes  11333 Mbits/sec   35   1.26 MBytes       
[  5]  47.00-48.00  sec  1.37 GBytes  11735 Mbits/sec   15   1.31 MBytes       
[  5]  48.00-49.00  sec  1.26 GBytes  10798 Mbits/sec   14   1.49 MBytes       
[  5]  49.00-50.00  sec  1.30 GBytes  11157 Mbits/sec   35   1.64 MBytes       
[  5]  50.00-51.00  sec  1.28 GBytes  11012 Mbits/sec  136   1.31 MBytes       
[  5]  51.00-52.00  sec  1.49 GBytes  12767 Mbits/sec    0   2.00 MBytes       
[  5]  52.00-53.00  sec  1.44 GBytes  12366 Mbits/sec  770   1.47 MBytes       
[  5]  53.00-54.00  sec  1.65 GBytes  14136 Mbits/sec    0   2.13 MBytes       
[  5]  54.00-55.00  sec  1.51 GBytes  12950 Mbits/sec   35   1.62 MBytes       
[  5]  55.00-56.00  sec  1.41 GBytes  12069 Mbits/sec   77   1.73 MBytes       
[  5]  56.00-57.00  sec  1.41 GBytes  12111 Mbits/sec  153   1.34 MBytes       
[  5]  57.00-58.00  sec  1.32 GBytes  11346 Mbits/sec    2   1.44 MBytes       
[  5]  58.00-59.00  sec  1.32 GBytes  11377 Mbits/sec    4   1.59 MBytes       
[  5]  59.00-60.00  sec  1.39 GBytes  11901 Mbits/sec  131   1.67 MBytes       
- - - - - - - - - - - - - - - - - - - - - - - - -
[ ID] Interval           Transfer     Bitrate         Retr
[  5]   0.00-60.00  sec  93.6 GBytes  13398 Mbits/sec  9716             sender
[  5]   0.00-60.00  sec  93.6 GBytes  13397 Mbits/sec                  receiver

iperf Done.
