Connecting to host 10.10.0.6, port 30000
[  5] local 10.244.1.2 port 33724 connected to 10.10.0.6 port 30000
[ ID] Interval           Transfer     Bitrate         Retr  Cwnd
[  5]   0.00-1.00   sec  6.57 MBytes  55.2 Mbits/sec  414   4.18 KBytes       
[  5]   1.00-2.00   sec  6.43 MBytes  54.0 Mbits/sec  358   8.37 KBytes       
[  5]   2.00-3.00   sec  7.06 MBytes  59.2 Mbits/sec  370   6.97 KBytes       
[  5]   3.00-4.00   sec  8.33 MBytes  69.9 Mbits/sec  376   12.6 KBytes       
[  5]   4.00-5.00   sec  6.43 MBytes  54.0 Mbits/sec  375   5.58 KBytes       
[  5]   5.00-6.00   sec  7.17 MBytes  60.1 Mbits/sec  352   5.58 KBytes       
[  5]   6.00-7.00   sec  8.03 MBytes  67.3 Mbits/sec  438   5.58 KBytes       
[  5]   7.00-8.00   sec  7.29 MBytes  61.2 Mbits/sec  379   4.18 KBytes       
[  5]   8.00-9.00   sec  7.42 MBytes  62.2 Mbits/sec  412   6.97 KBytes       
[  5]   9.00-10.00  sec  7.48 MBytes  62.7 Mbits/sec  358   11.2 KBytes       
[  5]  10.00-11.00  sec  6.68 MBytes  56.0 Mbits/sec  409   8.37 KBytes       
[  5]  11.00-12.00  sec  6.99 MBytes  58.6 Mbits/sec  389   8.37 KBytes       
[  5]  12.00-13.00  sec  7.78 MBytes  65.3 Mbits/sec  444   5.58 KBytes       
[  5]  13.00-14.00  sec  6.13 MBytes  51.4 Mbits/sec  341   9.76 KBytes       
[  5]  14.00-15.00  sec  5.88 MBytes  49.4 Mbits/sec  323   4.18 KBytes       
[  5]  15.00-16.00  sec  7.35 MBytes  61.7 Mbits/sec  365   6.97 KBytes       
[  5]  16.00-17.00  sec  8.52 MBytes  71.5 Mbits/sec  411   4.18 KBytes       
[  5]  17.00-18.00  sec  10.4 MBytes  86.9 Mbits/sec  432   4.18 KBytes       
[  5]  18.00-19.00  sec  6.86 MBytes  57.6 Mbits/sec  323   8.37 KBytes       
[  5]  19.00-20.00  sec  6.92 MBytes  58.1 Mbits/sec  345   12.6 KBytes       
[  5]  20.00-21.00  sec  7.91 MBytes  66.3 Mbits/sec  351   4.18 KBytes       
[  5]  21.00-22.00  sec  6.37 MBytes  53.5 Mbits/sec  365   4.18 KBytes       
[  5]  22.00-23.00  sec  6.92 MBytes  58.1 Mbits/sec  319   5.58 KBytes       
[  5]  23.00-24.00  sec  7.42 MBytes  62.2 Mbits/sec  399   6.97 KBytes       
[  5]  24.00-25.00  sec  7.54 MBytes  63.2 Mbits/sec  446   15.3 KBytes       
[  5]  25.00-26.00  sec  9.07 MBytes  76.1 Mbits/sec  373   9.76 KBytes       
[  5]  26.00-27.00  sec  7.42 MBytes  62.2 Mbits/sec  366   12.6 KBytes       
[  5]  27.00-28.00  sec  6.86 MBytes  57.6 Mbits/sec  308   4.18 KBytes       
[  5]  28.00-29.00  sec  8.95 MBytes  75.1 Mbits/sec  362   11.2 KBytes       
[  5]  29.00-30.00  sec  7.11 MBytes  59.6 Mbits/sec  304   5.58 KBytes       
[  5]  30.00-31.00  sec  6.13 MBytes  51.4 Mbits/sec  346   9.76 KBytes       
[  5]  31.00-32.00  sec  6.86 MBytes  57.6 Mbits/sec  372   8.37 KBytes       
[  5]  32.00-33.00  sec  7.17 MBytes  60.1 Mbits/sec  375   5.58 KBytes       
[  5]  33.00-34.00  sec  7.35 MBytes  61.7 Mbits/sec  387   6.97 KBytes       
[  5]  34.00-35.00  sec  7.11 MBytes  59.6 Mbits/sec  366   5.58 KBytes       
[  5]  35.00-36.00  sec  7.48 MBytes  62.7 Mbits/sec  411   5.58 KBytes       
[  5]  36.00-37.00  sec  8.33 MBytes  69.9 Mbits/sec  344   19.5 KBytes       
[  5]  37.00-38.00  sec  8.58 MBytes  72.0 Mbits/sec  406   4.18 KBytes       
[  5]  38.00-39.00  sec  7.66 MBytes  64.3 Mbits/sec  363   5.58 KBytes       
[  5]  39.00-40.00  sec  9.19 MBytes  77.1 Mbits/sec  358   12.6 KBytes       
[  5]  40.00-41.00  sec  8.89 MBytes  74.5 Mbits/sec  377   6.97 KBytes       
[  5]  41.00-42.00  sec  7.66 MBytes  64.3 Mbits/sec  376   5.58 KBytes       
[  5]  42.00-43.00  sec  7.66 MBytes  64.3 Mbits/sec  348   6.97 KBytes       
[  5]  43.00-44.00  sec  7.97 MBytes  66.8 Mbits/sec  414   4.18 KBytes       
[  5]  44.00-45.00  sec  7.35 MBytes  61.7 Mbits/sec  361   4.18 KBytes       
[  5]  45.00-46.00  sec  9.19 MBytes  77.1 Mbits/sec  412   6.97 KBytes       
[  5]  46.00-47.00  sec  6.74 MBytes  56.6 Mbits/sec  359   4.18 KBytes       
[  5]  47.00-48.00  sec  8.95 MBytes  75.1 Mbits/sec  412   6.97 KBytes       
[  5]  48.00-49.00  sec  7.66 MBytes  64.3 Mbits/sec  416   8.37 KBytes       
[  5]  49.00-50.00  sec  6.13 MBytes  51.4 Mbits/sec  353   5.58 KBytes       
[  5]  50.00-51.00  sec  7.35 MBytes  61.7 Mbits/sec  458   2.79 KBytes       
[  5]  51.00-52.00  sec  8.33 MBytes  69.9 Mbits/sec  364   4.18 KBytes       
[  5]  52.00-53.00  sec  7.97 MBytes  66.8 Mbits/sec  355   6.97 KBytes       
[  5]  53.00-54.00  sec  6.43 MBytes  54.0 Mbits/sec  377   9.76 KBytes       
[  5]  54.00-55.00  sec  6.43 MBytes  54.0 Mbits/sec  378   12.6 KBytes       
[  5]  55.00-56.00  sec  7.05 MBytes  59.1 Mbits/sec  302   9.76 KBytes       
[  5]  56.00-57.00  sec  6.43 MBytes  54.0 Mbits/sec  380   8.37 KBytes       
[  5]  57.00-58.00  sec  6.43 MBytes  54.0 Mbits/sec  388   13.9 KBytes       
[  5]  58.00-59.00  sec  8.95 MBytes  75.1 Mbits/sec  441   4.18 KBytes       
[  5]  59.00-60.00  sec  9.50 MBytes  79.7 Mbits/sec  422   20.9 KBytes       
- - - - - - - - - - - - - - - - - - - - - - - - -
[ ID] Interval           Transfer     Bitrate         Retr
[  5]   0.00-60.00  sec   450 MBytes  62.9 Mbits/sec  22628             sender
[  5]   0.00-60.00  sec   449 MBytes  62.8 Mbits/sec                  receiver

iperf Done.
