Connecting to host 10.10.0.2, port 30000
[  5] local 10.244.2.2 port 59844 connected to 10.10.0.2 port 30000
[  7] local 10.244.2.2 port 44147 connected to 10.10.0.2 port 30000
[  9] local 10.244.2.2 port 43710 connected to 10.10.0.2 port 30000
[ 11] local 10.244.2.2 port 39396 connected to 10.10.0.2 port 30000
[ 13] local 10.244.2.2 port 54807 connected to 10.10.0.2 port 30000
[ 15] local 10.244.2.2 port 52016 connected to 10.10.0.2 port 30000
[ 17] local 10.244.2.2 port 52232 connected to 10.10.0.2 port 30000
[ 19] local 10.244.2.2 port 34401 connected to 10.10.0.2 port 30000
[ 21] local 10.244.2.2 port 45242 connected to 10.10.0.2 port 30000
[ 23] local 10.244.2.2 port 51752 connected to 10.10.0.2 port 30000
[ 25] local 10.244.2.2 port 52987 connected to 10.10.0.2 port 30000
[ 27] local 10.244.2.2 port 56010 connected to 10.10.0.2 port 30000
[ 29] local 10.244.2.2 port 36286 connected to 10.10.0.2 port 30000
[ 31] local 10.244.2.2 port 40772 connected to 10.10.0.2 port 30000
[ 33] local 10.244.2.2 port 42141 connected to 10.10.0.2 port 30000
[ 35] local 10.244.2.2 port 35252 connected to 10.10.0.2 port 30000
[ 37] local 10.244.2.2 port 37455 connected to 10.10.0.2 port 30000
[ 39] local 10.244.2.2 port 36719 connected to 10.10.0.2 port 30000
[ 41] local 10.244.2.2 port 46180 connected to 10.10.0.2 port 30000
[ 43] local 10.244.2.2 port 34977 connected to 10.10.0.2 port 30000
[ ID] Interval           Transfer     Bitrate         Total Datagrams
[  5]   0.00-1.00   sec  9.12 MBytes  76.5 Mbits/sec  6698  
[  7]   0.00-1.00   sec  9.12 MBytes  76.5 Mbits/sec  6698  
[  9]   0.00-1.00   sec  9.12 MBytes  76.5 Mbits/sec  6698  
[ 11]   0.00-1.00   sec  9.12 MBytes  76.5 Mbits/sec  6698  
[ 13]   0.00-1.00   sec  9.12 MBytes  76.5 Mbits/sec  6698  
[ 15]   0.00-1.00   sec  9.12 MBytes  76.5 Mbits/sec  6698  
[ 17]   0.00-1.00   sec  9.12 MBytes  76.5 Mbits/sec  6698  
[ 19]   0.00-1.00   sec  9.12 MBytes  76.5 Mbits/sec  6698  
[ 21]   0.00-1.00   sec  9.12 MBytes  76.5 Mbits/sec  6698  
[ 23]   0.00-1.00   sec  9.12 MBytes  76.5 Mbits/sec  6698  
[ 25]   0.00-1.00   sec  9.12 MBytes  76.5 Mbits/sec  6698  
[ 27]   0.00-1.00   sec  9.12 MBytes  76.5 Mbits/sec  6698  
[ 29]   0.00-1.00   sec  9.12 MBytes  76.5 Mbits/sec  6698  
[ 31]   0.00-1.00   sec  9.12 MBytes  76.5 Mbits/sec  6698  
[ 33]   0.00-1.00   sec  9.12 MBytes  76.5 Mbits/sec  6698  
[ 35]   0.00-1.00   sec  9.12 MBytes  76.5 Mbits/sec  6698  
[ 37]   0.00-1.00   sec  9.12 MBytes  76.5 Mbits/sec  6698  
[ 39]   0.00-1.00   sec  9.12 MBytes  76.5 Mbits/sec  6698  
[ 41]   0.00-1.00   sec  9.12 MBytes  76.5 Mbits/sec  6698  
[ 43]   0.00-1.00   sec  9.12 MBytes  76.5 Mbits/sec  6698  
[SUM]   0.00-1.00   sec   182 MBytes  1530 Mbits/sec  133960  
- - - - - - - - - - - - - - - - - - - - - - - - -
[  5]   1.00-2.00   sec  9.22 MBytes  77.3 Mbits/sec  6769  
[  7]   1.00-2.00   sec  9.22 MBytes  77.3 Mbits/sec  6769  
[  9]   1.00-2.00   sec  9.22 MBytes  77.3 Mbits/sec  6769  
[ 11]   1.00-2.00   sec  9.22 MBytes  77.3 Mbits/sec  6769  
[ 13]   1.00-2.00   sec  9.22 MBytes  77.3 Mbits/sec  6769  
[ 15]   1.00-2.00   sec  9.22 MBytes  77.3 Mbits/sec  6769  
[ 17]   1.00-2.00   sec  9.22 MBytes  77.3 Mbits/sec  6769  
[ 19]   1.00-2.00   sec  9.22 MBytes  77.3 Mbits/sec  6769  
[ 21]   1.00-2.00   sec  9.22 MBytes  77.3 Mbits/sec  6769  
[ 23]   1.00-2.00   sec  9.22 MBytes  77.3 Mbits/sec  6769  
[ 25]   1.00-2.00   sec  9.22 MBytes  77.3 Mbits/sec  6769  
[ 27]   1.00-2.00   sec  9.22 MBytes  77.3 Mbits/sec  6769  
[ 29]   1.00-2.00   sec  9.22 MBytes  77.3 Mbits/sec  6769  
[ 31]   1.00-2.00   sec  9.22 MBytes  77.3 Mbits/sec  6769  
[ 33]   1.00-2.00   sec  9.22 MBytes  77.3 Mbits/sec  6769  
[ 35]   1.00-2.00   sec  9.22 MBytes  77.3 Mbits/sec  6769  
[ 37]   1.00-2.00   sec  9.22 MBytes  77.3 Mbits/sec  6769  
[ 39]   1.00-2.00   sec  9.22 MBytes  77.3 Mbits/sec  6769  
[ 41]   1.00-2.00   sec  9.22 MBytes  77.3 Mbits/sec  6769  
[ 43]   1.00-2.00   sec  9.22 MBytes  77.3 Mbits/sec  6769  
[SUM]   1.00-2.00   sec   184 MBytes  1547 Mbits/sec  135380  
- - - - - - - - - - - - - - - - - - - - - - - - -
[  5]   2.00-3.00   sec  9.13 MBytes  76.6 Mbits/sec  6705  
[  7]   2.00-3.00   sec  9.13 MBytes  76.6 Mbits/sec  6705  
[  9]   2.00-3.00   sec  9.13 MBytes  76.6 Mbits/sec  6705  
[ 11]   2.00-3.00   sec  9.13 MBytes  76.6 Mbits/sec  6705  
[ 13]   2.00-3.00   sec  9.13 MBytes  76.6 Mbits/sec  6705  
[ 15]   2.00-3.00   sec  9.13 MBytes  76.6 Mbits/sec  6705  
[ 17]   2.00-3.00   sec  9.13 MBytes  76.6 Mbits/sec  6705  
[ 19]   2.00-3.00   sec  9.13 MBytes  76.6 Mbits/sec  6705  
[ 21]   2.00-3.00   sec  9.13 MBytes  76.6 Mbits/sec  6705  
[ 23]   2.00-3.00   sec  9.13 MBytes  76.6 Mbits/sec  6705  
[ 25]   2.00-3.00   sec  9.13 MBytes  76.6 Mbits/sec  6705  
[ 27]   2.00-3.00   sec  9.13 MBytes  76.6 Mbits/sec  6705  
[ 29]   2.00-3.00   sec  9.13 MBytes  76.6 Mbits/sec  6705  
[ 31]   2.00-3.00   sec  9.13 MBytes  76.6 Mbits/sec  6705  
[ 33]   2.00-3.00   sec  9.13 MBytes  76.6 Mbits/sec  6705  
[ 35]   2.00-3.00   sec  9.13 MBytes  76.6 Mbits/sec  6705  
[ 37]   2.00-3.00   sec  9.13 MBytes  76.6 Mbits/sec  6705  
[ 39]   2.00-3.00   sec  9.13 MBytes  76.6 Mbits/sec  6705  
[ 41]   2.00-3.00   sec  9.13 MBytes  76.6 Mbits/sec  6705  
[ 43]   2.00-3.00   sec  9.13 MBytes  76.6 Mbits/sec  6705  
[SUM]   2.00-3.00   sec   183 MBytes  1532 Mbits/sec  134100  
- - - - - - - - - - - - - - - - - - - - - - - - -
[  5]   3.00-4.00   sec  9.23 MBytes  77.4 Mbits/sec  6776  
[  7]   3.00-4.00   sec  9.23 MBytes  77.4 Mbits/sec  6776  
[  9]   3.00-4.00   sec  9.23 MBytes  77.4 Mbits/sec  6776  
[ 11]   3.00-4.00   sec  9.23 MBytes  77.4 Mbits/sec  6776  
[ 13]   3.00-4.00   sec  9.23 MBytes  77.4 Mbits/sec  6776  
[ 15]   3.00-4.00   sec  9.23 MBytes  77.4 Mbits/sec  6776  
[ 17]   3.00-4.00   sec  9.23 MBytes  77.4 Mbits/sec  6776  
[ 19]   3.00-4.00   sec  9.23 MBytes  77.4 Mbits/sec  6776  
[ 21]   3.00-4.00   sec  9.23 MBytes  77.4 Mbits/sec  6776  
[ 23]   3.00-4.00   sec  9.23 MBytes  77.4 Mbits/sec  6776  
[ 25]   3.00-4.00   sec  9.23 MBytes  77.4 Mbits/sec  6776  
[ 27]   3.00-4.00   sec  9.23 MBytes  77.4 Mbits/sec  6776  
[ 29]   3.00-4.00   sec  9.23 MBytes  77.4 Mbits/sec  6776  
[ 31]   3.00-4.00   sec  9.23 MBytes  77.4 Mbits/sec  6776  
[ 33]   3.00-4.00   sec  9.23 MBytes  77.4 Mbits/sec  6776  
[ 35]   3.00-4.00   sec  9.23 MBytes  77.4 Mbits/sec  6776  
[ 37]   3.00-4.00   sec  9.23 MBytes  77.4 Mbits/sec  6776  
[ 39]   3.00-4.00   sec  9.23 MBytes  77.4 Mbits/sec  6776  
[ 41]   3.00-4.00   sec  9.23 MBytes  77.4 Mbits/sec  6776  
[ 43]   3.00-4.00   sec  9.23 MBytes  77.4 Mbits/sec  6776  
[SUM]   3.00-4.00   sec   185 MBytes  1548 Mbits/sec  135520  
- - - - - - - - - - - - - - - - - - - - - - - - -
[  5]   4.00-5.00   sec  9.13 MBytes  76.6 Mbits/sec  6705  
[  7]   4.00-5.00   sec  9.13 MBytes  76.6 Mbits/sec  6705  
[  9]   4.00-5.00   sec  9.13 MBytes  76.6 Mbits/sec  6705  
[ 11]   4.00-5.00   sec  9.13 MBytes  76.6 Mbits/sec  6705  
[ 13]   4.00-5.00   sec  9.13 MBytes  76.6 Mbits/sec  6705  
[ 15]   4.00-5.00   sec  9.13 MBytes  76.6 Mbits/sec  6705  
[ 17]   4.00-5.00   sec  9.13 MBytes  76.6 Mbits/sec  6705  
[ 19]   4.00-5.00   sec  9.13 MBytes  76.6 Mbits/sec  6705  
[ 21]   4.00-5.00   sec  9.13 MBytes  76.6 Mbits/sec  6705  
[ 23]   4.00-5.00   sec  9.13 MBytes  76.6 Mbits/sec  6705  
[ 25]   4.00-5.00   sec  9.13 MBytes  76.6 Mbits/sec  6705  
[ 27]   4.00-5.00   sec  9.13 MBytes  76.6 Mbits/sec  6705  
[ 29]   4.00-5.00   sec  9.13 MBytes  76.6 Mbits/sec  6705  
[ 31]   4.00-5.00   sec  9.13 MBytes  76.6 Mbits/sec  6705  
[ 33]   4.00-5.00   sec  9.13 MBytes  76.6 Mbits/sec  6705  
[ 35]   4.00-5.00   sec  9.13 MBytes  76.6 Mbits/sec  6705  
[ 37]   4.00-5.00   sec  9.13 MBytes  76.6 Mbits/sec  6705  
[ 39]   4.00-5.00   sec  9.13 MBytes  76.6 Mbits/sec  6705  
[ 41]   4.00-5.00   sec  9.13 MBytes  76.6 Mbits/sec  6705  
[ 43]   4.00-5.00   sec  9.13 MBytes  76.6 Mbits/sec  6705  
[SUM]   4.00-5.00   sec   183 MBytes  1532 Mbits/sec  134100  
- - - - - - - - - - - - - - - - - - - - - - - - -
[  5]   5.00-6.00   sec  9.24 MBytes  77.5 Mbits/sec  6787  
[  7]   5.00-6.00   sec  9.24 MBytes  77.5 Mbits/sec  6787  
[  9]   5.00-6.00   sec  9.24 MBytes  77.5 Mbits/sec  6787  
[ 11]   5.00-6.00   sec  9.24 MBytes  77.5 Mbits/sec  6787  
[ 13]   5.00-6.00   sec  9.24 MBytes  77.5 Mbits/sec  6787  
[ 15]   5.00-6.00   sec  9.24 MBytes  77.5 Mbits/sec  6787  
[ 17]   5.00-6.00   sec  9.24 MBytes  77.5 Mbits/sec  6787  
[ 19]   5.00-6.00   sec  9.24 MBytes  77.5 Mbits/sec  6787  
[ 21]   5.00-6.00   sec  9.24 MBytes  77.5 Mbits/sec  6787  
[ 23]   5.00-6.00   sec  9.24 MBytes  77.5 Mbits/sec  6787  
[ 25]   5.00-6.00   sec  9.24 MBytes  77.5 Mbits/sec  6787  
[ 27]   5.00-6.00   sec  9.24 MBytes  77.5 Mbits/sec  6787  
[ 29]   5.00-6.00   sec  9.24 MBytes  77.5 Mbits/sec  6787  
[ 31]   5.00-6.00   sec  9.24 MBytes  77.5 Mbits/sec  6787  
[ 33]   5.00-6.00   sec  9.24 MBytes  77.5 Mbits/sec  6787  
[ 35]   5.00-6.00   sec  9.24 MBytes  77.5 Mbits/sec  6787  
[ 37]   5.00-6.00   sec  9.24 MBytes  77.5 Mbits/sec  6787  
[ 39]   5.00-6.00   sec  9.24 MBytes  77.5 Mbits/sec  6787  
[ 41]   5.00-6.00   sec  9.24 MBytes  77.5 Mbits/sec  6787  
[ 43]   5.00-6.00   sec  9.24 MBytes  77.5 Mbits/sec  6787  
[SUM]   5.00-6.00   sec   185 MBytes  1551 Mbits/sec  135740  
- - - - - - - - - - - - - - - - - - - - - - - - -
[  5]   6.00-7.00   sec  9.03 MBytes  75.8 Mbits/sec  6631  
[  7]   6.00-7.00   sec  9.03 MBytes  75.8 Mbits/sec  6631  
[  9]   6.00-7.00   sec  9.03 MBytes  75.8 Mbits/sec  6631  
[ 11]   6.00-7.00   sec  9.03 MBytes  75.8 Mbits/sec  6631  
[ 13]   6.00-7.00   sec  9.03 MBytes  75.8 Mbits/sec  6631  
[ 15]   6.00-7.00   sec  9.03 MBytes  75.8 Mbits/sec  6631  
[ 17]   6.00-7.00   sec  9.03 MBytes  75.8 Mbits/sec  6631  
[ 19]   6.00-7.00   sec  9.03 MBytes  75.8 Mbits/sec  6631  
[ 21]   6.00-7.00   sec  9.03 MBytes  75.8 Mbits/sec  6631  
[ 23]   6.00-7.00   sec  9.03 MBytes  75.8 Mbits/sec  6631  
[ 25]   6.00-7.00   sec  9.03 MBytes  75.8 Mbits/sec  6631  
[ 27]   6.00-7.00   sec  9.03 MBytes  75.8 Mbits/sec  6631  
[ 29]   6.00-7.00   sec  9.03 MBytes  75.8 Mbits/sec  6631  
[ 31]   6.00-7.00   sec  9.03 MBytes  75.8 Mbits/sec  6631  
[ 33]   6.00-7.00   sec  9.03 MBytes  75.8 Mbits/sec  6631  
[ 35]   6.00-7.00   sec  9.03 MBytes  75.8 Mbits/sec  6631  
[ 37]   6.00-7.00   sec  9.03 MBytes  75.8 Mbits/sec  6631  
[ 39]   6.00-7.00   sec  9.03 MBytes  75.8 Mbits/sec  6631  
[ 41]   6.00-7.00   sec  9.03 MBytes  75.8 Mbits/sec  6631  
[ 43]   6.00-7.00   sec  9.03 MBytes  75.8 Mbits/sec  6631  
[SUM]   6.00-7.00   sec   181 MBytes  1515 Mbits/sec  132620  
- - - - - - - - - - - - - - - - - - - - - - - - -
[  5]   7.00-8.00   sec  9.20 MBytes  77.2 Mbits/sec  6757  
[  7]   7.00-8.00   sec  9.20 MBytes  77.2 Mbits/sec  6757  
[  9]   7.00-8.00   sec  9.20 MBytes  77.2 Mbits/sec  6757  
[ 11]   7.00-8.00   sec  9.20 MBytes  77.2 Mbits/sec  6757  
[ 13]   7.00-8.00   sec  9.20 MBytes  77.2 Mbits/sec  6757  
[ 15]   7.00-8.00   sec  9.20 MBytes  77.2 Mbits/sec  6757  
[ 17]   7.00-8.00   sec  9.20 MBytes  77.2 Mbits/sec  6757  
[ 19]   7.00-8.00   sec  9.20 MBytes  77.2 Mbits/sec  6757  
[ 21]   7.00-8.00   sec  9.20 MBytes  77.2 Mbits/sec  6757  
[ 23]   7.00-8.00   sec  9.20 MBytes  77.2 Mbits/sec  6757  
[ 25]   7.00-8.00   sec  9.20 MBytes  77.2 Mbits/sec  6757  
[ 27]   7.00-8.00   sec  9.20 MBytes  77.2 Mbits/sec  6757  
[ 29]   7.00-8.00   sec  9.20 MBytes  77.2 Mbits/sec  6757  
[ 31]   7.00-8.00   sec  9.20 MBytes  77.2 Mbits/sec  6757  
[ 33]   7.00-8.00   sec  9.20 MBytes  77.2 Mbits/sec  6757  
[ 35]   7.00-8.00   sec  9.20 MBytes  77.2 Mbits/sec  6757  
[ 37]   7.00-8.00   sec  9.20 MBytes  77.2 Mbits/sec  6757  
[ 39]   7.00-8.00   sec  9.20 MBytes  77.2 Mbits/sec  6757  
[ 41]   7.00-8.00   sec  9.20 MBytes  77.2 Mbits/sec  6757  
[ 43]   7.00-8.00   sec  9.20 MBytes  77.2 Mbits/sec  6757  
[SUM]   7.00-8.00   sec   184 MBytes  1544 Mbits/sec  135140  
- - - - - - - - - - - - - - - - - - - - - - - - -
[  5]   8.00-9.00   sec  9.19 MBytes  77.1 Mbits/sec  6747  
[  7]   8.00-9.00   sec  9.19 MBytes  77.1 Mbits/sec  6747  
[  9]   8.00-9.00   sec  9.19 MBytes  77.1 Mbits/sec  6747  
[ 11]   8.00-9.00   sec  9.19 MBytes  77.1 Mbits/sec  6747  
[ 13]   8.00-9.00   sec  9.19 MBytes  77.1 Mbits/sec  6747  
[ 15]   8.00-9.00   sec  9.19 MBytes  77.1 Mbits/sec  6747  
[ 17]   8.00-9.00   sec  9.19 MBytes  77.1 Mbits/sec  6747  
[ 19]   8.00-9.00   sec  9.19 MBytes  77.1 Mbits/sec  6747  
[ 21]   8.00-9.00   sec  9.19 MBytes  77.1 Mbits/sec  6747  
[ 23]   8.00-9.00   sec  9.19 MBytes  77.1 Mbits/sec  6747  
[ 25]   8.00-9.00   sec  9.19 MBytes  77.1 Mbits/sec  6747  
[ 27]   8.00-9.00   sec  9.19 MBytes  77.1 Mbits/sec  6747  
[ 29]   8.00-9.00   sec  9.19 MBytes  77.1 Mbits/sec  6747  
[ 31]   8.00-9.00   sec  9.19 MBytes  77.1 Mbits/sec  6747  
[ 33]   8.00-9.00   sec  9.19 MBytes  77.1 Mbits/sec  6747  
[ 35]   8.00-9.00   sec  9.19 MBytes  77.1 Mbits/sec  6747  
[ 37]   8.00-9.00   sec  9.19 MBytes  77.1 Mbits/sec  6747  
[ 39]   8.00-9.00   sec  9.19 MBytes  77.1 Mbits/sec  6747  
[ 41]   8.00-9.00   sec  9.19 MBytes  77.1 Mbits/sec  6747  
[ 43]   8.00-9.00   sec  9.19 MBytes  77.1 Mbits/sec  6747  
[SUM]   8.00-9.00   sec   184 MBytes  1542 Mbits/sec  134940  
- - - - - - - - - - - - - - - - - - - - - - - - -
[  5]   9.00-10.00  sec  9.02 MBytes  75.6 Mbits/sec  6621  
[  7]   9.00-10.00  sec  9.02 MBytes  75.6 Mbits/sec  6621  
[  9]   9.00-10.00  sec  9.02 MBytes  75.6 Mbits/sec  6621  
[ 11]   9.00-10.00  sec  9.02 MBytes  75.6 Mbits/sec  6621  
[ 13]   9.00-10.00  sec  9.02 MBytes  75.6 Mbits/sec  6621  
[ 15]   9.00-10.00  sec  9.02 MBytes  75.6 Mbits/sec  6621  
[ 17]   9.00-10.00  sec  9.02 MBytes  75.6 Mbits/sec  6621  
[ 19]   9.00-10.00  sec  9.02 MBytes  75.6 Mbits/sec  6621  
[ 21]   9.00-10.00  sec  9.02 MBytes  75.6 Mbits/sec  6621  
[ 23]   9.00-10.00  sec  9.02 MBytes  75.6 Mbits/sec  6621  
[ 25]   9.00-10.00  sec  9.02 MBytes  75.6 Mbits/sec  6621  
[ 27]   9.00-10.00  sec  9.02 MBytes  75.6 Mbits/sec  6621  
[ 29]   9.00-10.00  sec  9.02 MBytes  75.6 Mbits/sec  6621  
[ 31]   9.00-10.00  sec  9.02 MBytes  75.6 Mbits/sec  6621  
[ 33]   9.00-10.00  sec  9.02 MBytes  75.6 Mbits/sec  6621  
[ 35]   9.00-10.00  sec  9.02 MBytes  75.6 Mbits/sec  6621  
[ 37]   9.00-10.00  sec  9.02 MBytes  75.6 Mbits/sec  6621  
[ 39]   9.00-10.00  sec  9.02 MBytes  75.6 Mbits/sec  6621  
[ 41]   9.00-10.00  sec  9.02 MBytes  75.6 Mbits/sec  6621  
[ 43]   9.00-10.00  sec  9.02 MBytes  75.6 Mbits/sec  6621  
[SUM]   9.00-10.00  sec   180 MBytes  1513 Mbits/sec  132420  
- - - - - - - - - - - - - - - - - - - - - - - - -
[  5]  10.00-11.00  sec  9.13 MBytes  76.6 Mbits/sec  6702  
[  7]  10.00-11.00  sec  9.13 MBytes  76.6 Mbits/sec  6702  
[  9]  10.00-11.00  sec  9.13 MBytes  76.6 Mbits/sec  6702  
[ 11]  10.00-11.00  sec  9.13 MBytes  76.6 Mbits/sec  6702  
[ 13]  10.00-11.00  sec  9.13 MBytes  76.6 Mbits/sec  6702  
[ 15]  10.00-11.00  sec  9.13 MBytes  76.6 Mbits/sec  6702  
[ 17]  10.00-11.00  sec  9.13 MBytes  76.6 Mbits/sec  6702  
[ 19]  10.00-11.00  sec  9.13 MBytes  76.6 Mbits/sec  6702  
[ 21]  10.00-11.00  sec  9.13 MBytes  76.6 Mbits/sec  6702  
[ 23]  10.00-11.00  sec  9.13 MBytes  76.6 Mbits/sec  6702  
[ 25]  10.00-11.00  sec  9.13 MBytes  76.6 Mbits/sec  6702  
[ 27]  10.00-11.00  sec  9.13 MBytes  76.6 Mbits/sec  6702  
[ 29]  10.00-11.00  sec  9.13 MBytes  76.6 Mbits/sec  6702  
[ 31]  10.00-11.00  sec  9.13 MBytes  76.6 Mbits/sec  6702  
[ 33]  10.00-11.00  sec  9.13 MBytes  76.6 Mbits/sec  6702  
[ 35]  10.00-11.00  sec  9.13 MBytes  76.6 Mbits/sec  6702  
[ 37]  10.00-11.00  sec  9.13 MBytes  76.6 Mbits/sec  6702  
[ 39]  10.00-11.00  sec  9.13 MBytes  76.6 Mbits/sec  6702  
[ 41]  10.00-11.00  sec  9.13 MBytes  76.6 Mbits/sec  6702  
[ 43]  10.00-11.00  sec  9.13 MBytes  76.6 Mbits/sec  6702  
[SUM]  10.00-11.00  sec   183 MBytes  1531 Mbits/sec  134040  
- - - - - - - - - - - - - - - - - - - - - - - - -
[  5]  11.00-12.00  sec  9.15 MBytes  76.7 Mbits/sec  6716  
[  7]  11.00-12.00  sec  9.15 MBytes  76.7 Mbits/sec  6716  
[  9]  11.00-12.00  sec  9.15 MBytes  76.7 Mbits/sec  6716  
[ 11]  11.00-12.00  sec  9.15 MBytes  76.7 Mbits/sec  6716  
[ 13]  11.00-12.00  sec  9.15 MBytes  76.7 Mbits/sec  6716  
[ 15]  11.00-12.00  sec  9.15 MBytes  76.7 Mbits/sec  6716  
[ 17]  11.00-12.00  sec  9.15 MBytes  76.7 Mbits/sec  6716  
[ 19]  11.00-12.00  sec  9.15 MBytes  76.7 Mbits/sec  6716  
[ 21]  11.00-12.00  sec  9.15 MBytes  76.7 Mbits/sec  6716  
[ 23]  11.00-12.00  sec  9.15 MBytes  76.7 Mbits/sec  6716  
[ 25]  11.00-12.00  sec  9.15 MBytes  76.7 Mbits/sec  6716  
[ 27]  11.00-12.00  sec  9.15 MBytes  76.7 Mbits/sec  6716  
[ 29]  11.00-12.00  sec  9.15 MBytes  76.7 Mbits/sec  6716  
[ 31]  11.00-12.00  sec  9.15 MBytes  76.7 Mbits/sec  6716  
[ 33]  11.00-12.00  sec  9.15 MBytes  76.7 Mbits/sec  6716  
[ 35]  11.00-12.00  sec  9.15 MBytes  76.7 Mbits/sec  6716  
[ 37]  11.00-12.00  sec  9.15 MBytes  76.7 Mbits/sec  6716  
[ 39]  11.00-12.00  sec  9.15 MBytes  76.7 Mbits/sec  6716  
[ 41]  11.00-12.00  sec  9.15 MBytes  76.7 Mbits/sec  6716  
[ 43]  11.00-12.00  sec  9.15 MBytes  76.7 Mbits/sec  6716  
[SUM]  11.00-12.00  sec   183 MBytes  1534 Mbits/sec  134320  
- - - - - - - - - - - - - - - - - - - - - - - - -
[  5]  12.00-13.00  sec  9.24 MBytes  77.5 Mbits/sec  6785  
[  7]  12.00-13.00  sec  9.24 MBytes  77.5 Mbits/sec  6785  
[  9]  12.00-13.00  sec  9.24 MBytes  77.5 Mbits/sec  6785  
[ 11]  12.00-13.00  sec  9.24 MBytes  77.5 Mbits/sec  6785  
[ 13]  12.00-13.00  sec  9.24 MBytes  77.5 Mbits/sec  6785  
[ 15]  12.00-13.00  sec  9.24 MBytes  77.5 Mbits/sec  6785  
[ 17]  12.00-13.00  sec  9.24 MBytes  77.5 Mbits/sec  6785  
[ 19]  12.00-13.00  sec  9.24 MBytes  77.5 Mbits/sec  6785  
[ 21]  12.00-13.00  sec  9.24 MBytes  77.5 Mbits/sec  6785  
[ 23]  12.00-13.00  sec  9.24 MBytes  77.5 Mbits/sec  6785  
[ 25]  12.00-13.00  sec  9.24 MBytes  77.5 Mbits/sec  6785  
[ 27]  12.00-13.00  sec  9.24 MBytes  77.5 Mbits/sec  6785  
[ 29]  12.00-13.00  sec  9.24 MBytes  77.5 Mbits/sec  6785  
[ 31]  12.00-13.00  sec  9.24 MBytes  77.5 Mbits/sec  6785  
[ 33]  12.00-13.00  sec  9.24 MBytes  77.5 Mbits/sec  6785  
[ 35]  12.00-13.00  sec  9.24 MBytes  77.5 Mbits/sec  6785  
[ 37]  12.00-13.00  sec  9.24 MBytes  77.5 Mbits/sec  6785  
[ 39]  12.00-13.00  sec  9.24 MBytes  77.5 Mbits/sec  6785  
[ 41]  12.00-13.00  sec  9.24 MBytes  77.5 Mbits/sec  6785  
[ 43]  12.00-13.00  sec  9.24 MBytes  77.5 Mbits/sec  6785  
[SUM]  12.00-13.00  sec   185 MBytes  1550 Mbits/sec  135700  
- - - - - - - - - - - - - - - - - - - - - - - - -
[  5]  13.00-14.00  sec  9.19 MBytes  77.0 Mbits/sec  6745  
[  7]  13.00-14.00  sec  9.19 MBytes  77.0 Mbits/sec  6745  
[  9]  13.00-14.00  sec  9.19 MBytes  77.0 Mbits/sec  6745  
[ 11]  13.00-14.00  sec  9.19 MBytes  77.0 Mbits/sec  6745  
[ 13]  13.00-14.00  sec  9.19 MBytes  77.0 Mbits/sec  6745  
[ 15]  13.00-14.00  sec  9.19 MBytes  77.0 Mbits/sec  6745  
[ 17]  13.00-14.00  sec  9.19 MBytes  77.0 Mbits/sec  6745  
[ 19]  13.00-14.00  sec  9.19 MBytes  77.0 Mbits/sec  6745  
[ 21]  13.00-14.00  sec  9.19 MBytes  77.0 Mbits/sec  6745  
[ 23]  13.00-14.00  sec  9.19 MBytes  77.0 Mbits/sec  6745  
[ 25]  13.00-14.00  sec  9.19 MBytes  77.0 Mbits/sec  6745  
[ 27]  13.00-14.00  sec  9.19 MBytes  77.0 Mbits/sec  6745  
[ 29]  13.00-14.00  sec  9.19 MBytes  77.0 Mbits/sec  6745  
[ 31]  13.00-14.00  sec  9.19 MBytes  77.0 Mbits/sec  6745  
[ 33]  13.00-14.00  sec  9.19 MBytes  77.0 Mbits/sec  6745  
[ 35]  13.00-14.00  sec  9.19 MBytes  77.0 Mbits/sec  6745  
[ 37]  13.00-14.00  sec  9.19 MBytes  77.0 Mbits/sec  6745  
[ 39]  13.00-14.00  sec  9.19 MBytes  77.0 Mbits/sec  6745  
[ 41]  13.00-14.00  sec  9.19 MBytes  77.0 Mbits/sec  6745  
[ 43]  13.00-14.00  sec  9.19 MBytes  77.0 Mbits/sec  6745  
[SUM]  13.00-14.00  sec   184 MBytes  1541 Mbits/sec  134900  
- - - - - - - - - - - - - - - - - - - - - - - - -
[  5]  14.00-15.00  sec  9.00 MBytes  75.5 Mbits/sec  6609  
[  7]  14.00-15.00  sec  9.00 MBytes  75.5 Mbits/sec  6609  
[  9]  14.00-15.00  sec  9.00 MBytes  75.5 Mbits/sec  6609  
[ 11]  14.00-15.00  sec  9.00 MBytes  75.5 Mbits/sec  6609  
[ 13]  14.00-15.00  sec  9.00 MBytes  75.5 Mbits/sec  6609  
[ 15]  14.00-15.00  sec  9.00 MBytes  75.5 Mbits/sec  6609  
[ 17]  14.00-15.00  sec  9.00 MBytes  75.5 Mbits/sec  6609  
[ 19]  14.00-15.00  sec  9.00 MBytes  75.5 Mbits/sec  6609  
[ 21]  14.00-15.00  sec  9.00 MBytes  75.5 Mbits/sec  6609  
[ 23]  14.00-15.00  sec  9.00 MBytes  75.5 Mbits/sec  6609  
[ 25]  14.00-15.00  sec  9.00 MBytes  75.5 Mbits/sec  6609  
[ 27]  14.00-15.00  sec  9.00 MBytes  75.5 Mbits/sec  6609  
[ 29]  14.00-15.00  sec  9.00 MBytes  75.5 Mbits/sec  6609  
[ 31]  14.00-15.00  sec  9.00 MBytes  75.5 Mbits/sec  6609  
[ 33]  14.00-15.00  sec  9.00 MBytes  75.5 Mbits/sec  6609  
[ 35]  14.00-15.00  sec  9.00 MBytes  75.5 Mbits/sec  6609  
[ 37]  14.00-15.00  sec  9.00 MBytes  75.5 Mbits/sec  6609  
[ 39]  14.00-15.00  sec  9.00 MBytes  75.5 Mbits/sec  6609  
[ 41]  14.00-15.00  sec  9.00 MBytes  75.5 Mbits/sec  6609  
[ 43]  14.00-15.00  sec  9.00 MBytes  75.5 Mbits/sec  6609  
[SUM]  14.00-15.00  sec   180 MBytes  1510 Mbits/sec  132180  
- - - - - - - - - - - - - - - - - - - - - - - - -
[  5]  15.00-16.00  sec  9.25 MBytes  77.6 Mbits/sec  6795  
[  7]  15.00-16.00  sec  9.25 MBytes  77.6 Mbits/sec  6795  
[  9]  15.00-16.00  sec  9.25 MBytes  77.6 Mbits/sec  6795  
[ 11]  15.00-16.00  sec  9.25 MBytes  77.6 Mbits/sec  6795  
[ 13]  15.00-16.00  sec  9.25 MBytes  77.6 Mbits/sec  6795  
[ 15]  15.00-16.00  sec  9.25 MBytes  77.6 Mbits/sec  6795  
[ 17]  15.00-16.00  sec  9.25 MBytes  77.6 Mbits/sec  6795  
[ 19]  15.00-16.00  sec  9.25 MBytes  77.6 Mbits/sec  6795  
[ 21]  15.00-16.00  sec  9.25 MBytes  77.6 Mbits/sec  6795  
[ 23]  15.00-16.00  sec  9.25 MBytes  77.6 Mbits/sec  6795  
[ 25]  15.00-16.00  sec  9.25 MBytes  77.6 Mbits/sec  6795  
[ 27]  15.00-16.00  sec  9.25 MBytes  77.6 Mbits/sec  6795  
[ 29]  15.00-16.00  sec  9.25 MBytes  77.6 Mbits/sec  6795  
[ 31]  15.00-16.00  sec  9.25 MBytes  77.6 Mbits/sec  6795  
[ 33]  15.00-16.00  sec  9.25 MBytes  77.6 Mbits/sec  6795  
[ 35]  15.00-16.00  sec  9.25 MBytes  77.6 Mbits/sec  6795  
[ 37]  15.00-16.00  sec  9.25 MBytes  77.6 Mbits/sec  6795  
[ 39]  15.00-16.00  sec  9.25 MBytes  77.6 Mbits/sec  6795  
[ 41]  15.00-16.00  sec  9.25 MBytes  77.6 Mbits/sec  6795  
[ 43]  15.00-16.00  sec  9.25 MBytes  77.6 Mbits/sec  6795  
[SUM]  15.00-16.00  sec   185 MBytes  1552 Mbits/sec  135900  
- - - - - - - - - - - - - - - - - - - - - - - - -
[  5]  16.00-17.00  sec  9.23 MBytes  77.4 Mbits/sec  6774  
[  7]  16.00-17.00  sec  9.23 MBytes  77.4 Mbits/sec  6774  
[  9]  16.00-17.00  sec  9.23 MBytes  77.4 Mbits/sec  6774  
[ 11]  16.00-17.00  sec  9.23 MBytes  77.4 Mbits/sec  6774  
[ 13]  16.00-17.00  sec  9.23 MBytes  77.4 Mbits/sec  6774  
[ 15]  16.00-17.00  sec  9.23 MBytes  77.4 Mbits/sec  6774  
[ 17]  16.00-17.00  sec  9.23 MBytes  77.4 Mbits/sec  6774  
[ 19]  16.00-17.00  sec  9.23 MBytes  77.4 Mbits/sec  6774  
[ 21]  16.00-17.00  sec  9.23 MBytes  77.4 Mbits/sec  6774  
[ 23]  16.00-17.00  sec  9.23 MBytes  77.4 Mbits/sec  6774  
[ 25]  16.00-17.00  sec  9.23 MBytes  77.4 Mbits/sec  6774  
[ 27]  16.00-17.00  sec  9.23 MBytes  77.4 Mbits/sec  6774  
[ 29]  16.00-17.00  sec  9.23 MBytes  77.4 Mbits/sec  6774  
[ 31]  16.00-17.00  sec  9.23 MBytes  77.4 Mbits/sec  6774  
[ 33]  16.00-17.00  sec  9.23 MBytes  77.4 Mbits/sec  6774  
[ 35]  16.00-17.00  sec  9.23 MBytes  77.4 Mbits/sec  6774  
[ 37]  16.00-17.00  sec  9.23 MBytes  77.4 Mbits/sec  6774  
[ 39]  16.00-17.00  sec  9.23 MBytes  77.4 Mbits/sec  6774  
[ 41]  16.00-17.00  sec  9.23 MBytes  77.4 Mbits/sec  6774  
[ 43]  16.00-17.00  sec  9.23 MBytes  77.4 Mbits/sec  6774  
[SUM]  16.00-17.00  sec   185 MBytes  1548 Mbits/sec  135480  
- - - - - - - - - - - - - - - - - - - - - - - - -
[  5]  17.00-18.00  sec  9.24 MBytes  77.6 Mbits/sec  6788  
[  7]  17.00-18.00  sec  9.24 MBytes  77.6 Mbits/sec  6788  
[  9]  17.00-18.00  sec  9.24 MBytes  77.6 Mbits/sec  6788  
[ 11]  17.00-18.00  sec  9.24 MBytes  77.6 Mbits/sec  6788  
[ 13]  17.00-18.00  sec  9.24 MBytes  77.6 Mbits/sec  6788  
[ 15]  17.00-18.00  sec  9.24 MBytes  77.6 Mbits/sec  6788  
[ 17]  17.00-18.00  sec  9.24 MBytes  77.6 Mbits/sec  6788  
[ 19]  17.00-18.00  sec  9.24 MBytes  77.6 Mbits/sec  6788  
[ 21]  17.00-18.00  sec  9.24 MBytes  77.6 Mbits/sec  6788  
[ 23]  17.00-18.00  sec  9.24 MBytes  77.6 Mbits/sec  6788  
[ 25]  17.00-18.00  sec  9.24 MBytes  77.6 Mbits/sec  6788  
[ 27]  17.00-18.00  sec  9.24 MBytes  77.6 Mbits/sec  6788  
[ 29]  17.00-18.00  sec  9.24 MBytes  77.6 Mbits/sec  6788  
[ 31]  17.00-18.00  sec  9.24 MBytes  77.6 Mbits/sec  6788  
[ 33]  17.00-18.00  sec  9.24 MBytes  77.6 Mbits/sec  6788  
[ 35]  17.00-18.00  sec  9.24 MBytes  77.6 Mbits/sec  6788  
[ 37]  17.00-18.00  sec  9.24 MBytes  77.6 Mbits/sec  6788  
[ 39]  17.00-18.00  sec  9.24 MBytes  77.6 Mbits/sec  6788  
[ 41]  17.00-18.00  sec  9.24 MBytes  77.6 Mbits/sec  6788  
[ 43]  17.00-18.00  sec  9.24 MBytes  77.6 Mbits/sec  6788  
[SUM]  17.00-18.00  sec   185 MBytes  1551 Mbits/sec  135760  
- - - - - - - - - - - - - - - - - - - - - - - - -
[  5]  18.00-19.00  sec  9.20 MBytes  77.2 Mbits/sec  6757  
[  7]  18.00-19.00  sec  9.20 MBytes  77.2 Mbits/sec  6757  
[  9]  18.00-19.00  sec  9.20 MBytes  77.2 Mbits/sec  6757  
[ 11]  18.00-19.00  sec  9.20 MBytes  77.2 Mbits/sec  6757  
[ 13]  18.00-19.00  sec  9.20 MBytes  77.2 Mbits/sec  6757  
[ 15]  18.00-19.00  sec  9.20 MBytes  77.2 Mbits/sec  6757  
[ 17]  18.00-19.00  sec  9.20 MBytes  77.2 Mbits/sec  6757  
[ 19]  18.00-19.00  sec  9.20 MBytes  77.2 Mbits/sec  6757  
[ 21]  18.00-19.00  sec  9.20 MBytes  77.2 Mbits/sec  6757  
[ 23]  18.00-19.00  sec  9.20 MBytes  77.2 Mbits/sec  6757  
[ 25]  18.00-19.00  sec  9.20 MBytes  77.2 Mbits/sec  6757  
[ 27]  18.00-19.00  sec  9.20 MBytes  77.2 Mbits/sec  6757  
[ 29]  18.00-19.00  sec  9.20 MBytes  77.2 Mbits/sec  6757  
[ 31]  18.00-19.00  sec  9.20 MBytes  77.2 Mbits/sec  6757  
[ 33]  18.00-19.00  sec  9.20 MBytes  77.2 Mbits/sec  6757  
[ 35]  18.00-19.00  sec  9.20 MBytes  77.2 Mbits/sec  6757  
[ 37]  18.00-19.00  sec  9.20 MBytes  77.2 Mbits/sec  6757  
[ 39]  18.00-19.00  sec  9.20 MBytes  77.2 Mbits/sec  6757  
[ 41]  18.00-19.00  sec  9.20 MBytes  77.2 Mbits/sec  6757  
[ 43]  18.00-19.00  sec  9.20 MBytes  77.2 Mbits/sec  6757  
[SUM]  18.00-19.00  sec   184 MBytes  1544 Mbits/sec  135140  
- - - - - - - - - - - - - - - - - - - - - - - - -
[  5]  19.00-20.00  sec  9.19 MBytes  77.1 Mbits/sec  6748  
[  7]  19.00-20.00  sec  9.19 MBytes  77.1 Mbits/sec  6748  
[  9]  19.00-20.00  sec  9.19 MBytes  77.1 Mbits/sec  6748  
[ 11]  19.00-20.00  sec  9.19 MBytes  77.1 Mbits/sec  6748  
[ 13]  19.00-20.00  sec  9.19 MBytes  77.1 Mbits/sec  6748  
[ 15]  19.00-20.00  sec  9.19 MBytes  77.1 Mbits/sec  6748  
[ 17]  19.00-20.00  sec  9.19 MBytes  77.1 Mbits/sec  6748  
[ 19]  19.00-20.00  sec  9.19 MBytes  77.1 Mbits/sec  6748  
[ 21]  19.00-20.00  sec  9.19 MBytes  77.1 Mbits/sec  6748  
[ 23]  19.00-20.00  sec  9.19 MBytes  77.1 Mbits/sec  6748  
[ 25]  19.00-20.00  sec  9.19 MBytes  77.1 Mbits/sec  6748  
[ 27]  19.00-20.00  sec  9.19 MBytes  77.1 Mbits/sec  6748  
[ 29]  19.00-20.00  sec  9.19 MBytes  77.1 Mbits/sec  6748  
[ 31]  19.00-20.00  sec  9.19 MBytes  77.1 Mbits/sec  6748  
[ 33]  19.00-20.00  sec  9.19 MBytes  77.1 Mbits/sec  6748  
[ 35]  19.00-20.00  sec  9.19 MBytes  77.1 Mbits/sec  6748  
[ 37]  19.00-20.00  sec  9.19 MBytes  77.1 Mbits/sec  6748  
[ 39]  19.00-20.00  sec  9.19 MBytes  77.1 Mbits/sec  6748  
[ 41]  19.00-20.00  sec  9.19 MBytes  77.1 Mbits/sec  6748  
[ 43]  19.00-20.00  sec  9.19 MBytes  77.1 Mbits/sec  6748  
[SUM]  19.00-20.00  sec   184 MBytes  1542 Mbits/sec  134960  
- - - - - - - - - - - - - - - - - - - - - - - - -
[  5]  20.00-21.00  sec  9.15 MBytes  76.7 Mbits/sec  6717  
[  7]  20.00-21.00  sec  9.15 MBytes  76.7 Mbits/sec  6717  
[  9]  20.00-21.00  sec  9.15 MBytes  76.7 Mbits/sec  6717  
[ 11]  20.00-21.00  sec  9.15 MBytes  76.7 Mbits/sec  6717  
[ 13]  20.00-21.00  sec  9.15 MBytes  76.7 Mbits/sec  6717  
[ 15]  20.00-21.00  sec  9.15 MBytes  76.7 Mbits/sec  6717  
[ 17]  20.00-21.00  sec  9.15 MBytes  76.7 Mbits/sec  6717  
[ 19]  20.00-21.00  sec  9.15 MBytes  76.7 Mbits/sec  6717  
[ 21]  20.00-21.00  sec  9.15 MBytes  76.7 Mbits/sec  6717  
[ 23]  20.00-21.00  sec  9.15 MBytes  76.7 Mbits/sec  6717  
[ 25]  20.00-21.00  sec  9.15 MBytes  76.7 Mbits/sec  6717  
[ 27]  20.00-21.00  sec  9.15 MBytes  76.7 Mbits/sec  6717  
[ 29]  20.00-21.00  sec  9.15 MBytes  76.7 Mbits/sec  6717  
[ 31]  20.00-21.00  sec  9.15 MBytes  76.7 Mbits/sec  6717  
[ 33]  20.00-21.00  sec  9.15 MBytes  76.7 Mbits/sec  6717  
[ 35]  20.00-21.00  sec  9.15 MBytes  76.7 Mbits/sec  6717  
[ 37]  20.00-21.00  sec  9.15 MBytes  76.7 Mbits/sec  6717  
[ 39]  20.00-21.00  sec  9.15 MBytes  76.7 Mbits/sec  6717  
[ 41]  20.00-21.00  sec  9.15 MBytes  76.7 Mbits/sec  6717  
[ 43]  20.00-21.00  sec  9.15 MBytes  76.7 Mbits/sec  6717  
[SUM]  20.00-21.00  sec   183 MBytes  1535 Mbits/sec  134340  
- - - - - - - - - - - - - - - - - - - - - - - - -
[  5]  21.00-22.00  sec  9.24 MBytes  77.5 Mbits/sec  6787  
[  7]  21.00-22.00  sec  9.24 MBytes  77.5 Mbits/sec  6787  
[  9]  21.00-22.00  sec  9.24 MBytes  77.5 Mbits/sec  6787  
[ 11]  21.00-22.00  sec  9.24 MBytes  77.5 Mbits/sec  6787  
[ 13]  21.00-22.00  sec  9.24 MBytes  77.5 Mbits/sec  6787  
[ 15]  21.00-22.00  sec  9.24 MBytes  77.5 Mbits/sec  6787  
[ 17]  21.00-22.00  sec  9.24 MBytes  77.5 Mbits/sec  6787  
[ 19]  21.00-22.00  sec  9.24 MBytes  77.5 Mbits/sec  6787  
[ 21]  21.00-22.00  sec  9.24 MBytes  77.5 Mbits/sec  6787  
[ 23]  21.00-22.00  sec  9.24 MBytes  77.5 Mbits/sec  6787  
[ 25]  21.00-22.00  sec  9.24 MBytes  77.5 Mbits/sec  6787  
[ 27]  21.00-22.00  sec  9.24 MBytes  77.5 Mbits/sec  6787  
[ 29]  21.00-22.00  sec  9.24 MBytes  77.5 Mbits/sec  6787  
[ 31]  21.00-22.00  sec  9.24 MBytes  77.5 Mbits/sec  6787  
[ 33]  21.00-22.00  sec  9.24 MBytes  77.5 Mbits/sec  6787  
[ 35]  21.00-22.00  sec  9.24 MBytes  77.5 Mbits/sec  6787  
[ 37]  21.00-22.00  sec  9.24 MBytes  77.5 Mbits/sec  6787  
[ 39]  21.00-22.00  sec  9.24 MBytes  77.5 Mbits/sec  6787  
[ 41]  21.00-22.00  sec  9.24 MBytes  77.5 Mbits/sec  6787  
[ 43]  21.00-22.00  sec  9.24 MBytes  77.5 Mbits/sec  6787  
[SUM]  21.00-22.00  sec   185 MBytes  1551 Mbits/sec  135740  
- - - - - - - - - - - - - - - - - - - - - - - - -
[  5]  22.00-23.00  sec  9.20 MBytes  77.2 Mbits/sec  6758  
[  7]  22.00-23.00  sec  9.20 MBytes  77.2 Mbits/sec  6758  
[  9]  22.00-23.00  sec  9.20 MBytes  77.2 Mbits/sec  6758  
[ 11]  22.00-23.00  sec  9.20 MBytes  77.2 Mbits/sec  6758  
[ 13]  22.00-23.00  sec  9.20 MBytes  77.2 Mbits/sec  6758  
[ 15]  22.00-23.00  sec  9.20 MBytes  77.2 Mbits/sec  6758  
[ 17]  22.00-23.00  sec  9.20 MBytes  77.2 Mbits/sec  6758  
[ 19]  22.00-23.00  sec  9.20 MBytes  77.2 Mbits/sec  6758  
[ 21]  22.00-23.00  sec  9.20 MBytes  77.2 Mbits/sec  6758  
[ 23]  22.00-23.00  sec  9.20 MBytes  77.2 Mbits/sec  6758  
[ 25]  22.00-23.00  sec  9.20 MBytes  77.2 Mbits/sec  6758  
[ 27]  22.00-23.00  sec  9.20 MBytes  77.2 Mbits/sec  6758  
[ 29]  22.00-23.00  sec  9.20 MBytes  77.2 Mbits/sec  6758  
[ 31]  22.00-23.00  sec  9.20 MBytes  77.2 Mbits/sec  6758  
[ 33]  22.00-23.00  sec  9.20 MBytes  77.2 Mbits/sec  6758  
[ 35]  22.00-23.00  sec  9.20 MBytes  77.2 Mbits/sec  6758  
[ 37]  22.00-23.00  sec  9.20 MBytes  77.2 Mbits/sec  6758  
[ 39]  22.00-23.00  sec  9.20 MBytes  77.2 Mbits/sec  6758  
[ 41]  22.00-23.00  sec  9.20 MBytes  77.2 Mbits/sec  6758  
[ 43]  22.00-23.00  sec  9.20 MBytes  77.2 Mbits/sec  6758  
[SUM]  22.00-23.00  sec   184 MBytes  1544 Mbits/sec  135160  
- - - - - - - - - - - - - - - - - - - - - - - - -
[  5]  23.00-24.00  sec  9.13 MBytes  76.6 Mbits/sec  6707  
[  7]  23.00-24.00  sec  9.13 MBytes  76.6 Mbits/sec  6707  
[  9]  23.00-24.00  sec  9.13 MBytes  76.6 Mbits/sec  6707  
[ 11]  23.00-24.00  sec  9.13 MBytes  76.6 Mbits/sec  6707  
[ 13]  23.00-24.00  sec  9.13 MBytes  76.6 Mbits/sec  6707  
[ 15]  23.00-24.00  sec  9.13 MBytes  76.6 Mbits/sec  6707  
[ 17]  23.00-24.00  sec  9.13 MBytes  76.6 Mbits/sec  6707  
[ 19]  23.00-24.00  sec  9.13 MBytes  76.6 Mbits/sec  6707  
[ 21]  23.00-24.00  sec  9.13 MBytes  76.6 Mbits/sec  6707  
[ 23]  23.00-24.00  sec  9.13 MBytes  76.6 Mbits/sec  6707  
[ 25]  23.00-24.00  sec  9.13 MBytes  76.6 Mbits/sec  6707  
[ 27]  23.00-24.00  sec  9.13 MBytes  76.6 Mbits/sec  6707  
[ 29]  23.00-24.00  sec  9.13 MBytes  76.6 Mbits/sec  6707  
[ 31]  23.00-24.00  sec  9.13 MBytes  76.6 Mbits/sec  6707  
[ 33]  23.00-24.00  sec  9.13 MBytes  76.6 Mbits/sec  6707  
[ 35]  23.00-24.00  sec  9.13 MBytes  76.6 Mbits/sec  6707  
[ 37]  23.00-24.00  sec  9.13 MBytes  76.6 Mbits/sec  6707  
[ 39]  23.00-24.00  sec  9.13 MBytes  76.6 Mbits/sec  6707  
[ 41]  23.00-24.00  sec  9.13 MBytes  76.6 Mbits/sec  6707  
[ 43]  23.00-24.00  sec  9.13 MBytes  76.6 Mbits/sec  6707  
[SUM]  23.00-24.00  sec   183 MBytes  1532 Mbits/sec  134140  
- - - - - - - - - - - - - - - - - - - - - - - - -
[  5]  24.00-25.00  sec  9.03 MBytes  75.7 Mbits/sec  6630  
[  7]  24.00-25.00  sec  9.03 MBytes  75.7 Mbits/sec  6630  
[  9]  24.00-25.00  sec  9.03 MBytes  75.7 Mbits/sec  6630  
[ 11]  24.00-25.00  sec  9.03 MBytes  75.7 Mbits/sec  6630  
[ 13]  24.00-25.00  sec  9.03 MBytes  75.7 Mbits/sec  6630  
[ 15]  24.00-25.00  sec  9.03 MBytes  75.7 Mbits/sec  6630  
[ 17]  24.00-25.00  sec  9.03 MBytes  75.7 Mbits/sec  6630  
[ 19]  24.00-25.00  sec  9.03 MBytes  75.7 Mbits/sec  6630  
[ 21]  24.00-25.00  sec  9.03 MBytes  75.7 Mbits/sec  6630  
[ 23]  24.00-25.00  sec  9.03 MBytes  75.7 Mbits/sec  6630  
[ 25]  24.00-25.00  sec  9.03 MBytes  75.7 Mbits/sec  6630  
[ 27]  24.00-25.00  sec  9.03 MBytes  75.7 Mbits/sec  6630  
[ 29]  24.00-25.00  sec  9.03 MBytes  75.7 Mbits/sec  6630  
[ 31]  24.00-25.00  sec  9.03 MBytes  75.7 Mbits/sec  6630  
[ 33]  24.00-25.00  sec  9.03 MBytes  75.7 Mbits/sec  6630  
[ 35]  24.00-25.00  sec  9.03 MBytes  75.7 Mbits/sec  6630  
[ 37]  24.00-25.00  sec  9.03 MBytes  75.7 Mbits/sec  6630  
[ 39]  24.00-25.00  sec  9.03 MBytes  75.7 Mbits/sec  6630  
[ 41]  24.00-25.00  sec  9.03 MBytes  75.7 Mbits/sec  6630  
[ 43]  24.00-25.00  sec  9.03 MBytes  75.7 Mbits/sec  6630  
[SUM]  24.00-25.00  sec   181 MBytes  1515 Mbits/sec  132600  
- - - - - - - - - - - - - - - - - - - - - - - - -
[  5]  25.00-26.00  sec  9.14 MBytes  76.6 Mbits/sec  6709  
[  7]  25.00-26.00  sec  9.14 MBytes  76.6 Mbits/sec  6709  
[  9]  25.00-26.00  sec  9.14 MBytes  76.6 Mbits/sec  6709  
[ 11]  25.00-26.00  sec  9.14 MBytes  76.6 Mbits/sec  6709  
[ 13]  25.00-26.00  sec  9.14 MBytes  76.6 Mbits/sec  6709  
[ 15]  25.00-26.00  sec  9.14 MBytes  76.6 Mbits/sec  6709  
[ 17]  25.00-26.00  sec  9.14 MBytes  76.6 Mbits/sec  6709  
[ 19]  25.00-26.00  sec  9.14 MBytes  76.6 Mbits/sec  6709  
[ 21]  25.00-26.00  sec  9.14 MBytes  76.6 Mbits/sec  6709  
[ 23]  25.00-26.00  sec  9.14 MBytes  76.6 Mbits/sec  6709  
[ 25]  25.00-26.00  sec  9.14 MBytes  76.6 Mbits/sec  6709  
[ 27]  25.00-26.00  sec  9.14 MBytes  76.6 Mbits/sec  6709  
[ 29]  25.00-26.00  sec  9.14 MBytes  76.6 Mbits/sec  6709  
[ 31]  25.00-26.00  sec  9.14 MBytes  76.6 Mbits/sec  6709  
[ 33]  25.00-26.00  sec  9.14 MBytes  76.6 Mbits/sec  6709  
[ 35]  25.00-26.00  sec  9.14 MBytes  76.6 Mbits/sec  6709  
[ 37]  25.00-26.00  sec  9.14 MBytes  76.6 Mbits/sec  6709  
[ 39]  25.00-26.00  sec  9.14 MBytes  76.6 Mbits/sec  6709  
[ 41]  25.00-26.00  sec  9.14 MBytes  76.6 Mbits/sec  6709  
[ 43]  25.00-26.00  sec  9.14 MBytes  76.6 Mbits/sec  6709  
[SUM]  25.00-26.00  sec   183 MBytes  1533 Mbits/sec  134180  
- - - - - - - - - - - - - - - - - - - - - - - - -
[  5]  26.00-27.00  sec  8.97 MBytes  75.3 Mbits/sec  6589  
[  7]  26.00-27.00  sec  8.97 MBytes  75.3 Mbits/sec  6589  
[  9]  26.00-27.00  sec  8.97 MBytes  75.3 Mbits/sec  6589  
[ 11]  26.00-27.00  sec  8.97 MBytes  75.3 Mbits/sec  6589  
[ 13]  26.00-27.00  sec  8.97 MBytes  75.3 Mbits/sec  6589  
[ 15]  26.00-27.00  sec  8.97 MBytes  75.3 Mbits/sec  6589  
[ 17]  26.00-27.00  sec  8.97 MBytes  75.3 Mbits/sec  6589  
[ 19]  26.00-27.00  sec  8.97 MBytes  75.3 Mbits/sec  6589  
[ 21]  26.00-27.00  sec  8.97 MBytes  75.3 Mbits/sec  6589  
[ 23]  26.00-27.00  sec  8.97 MBytes  75.3 Mbits/sec  6589  
[ 25]  26.00-27.00  sec  8.97 MBytes  75.3 Mbits/sec  6589  
[ 27]  26.00-27.00  sec  8.97 MBytes  75.3 Mbits/sec  6589  
[ 29]  26.00-27.00  sec  8.97 MBytes  75.3 Mbits/sec  6589  
[ 31]  26.00-27.00  sec  8.97 MBytes  75.3 Mbits/sec  6589  
[ 33]  26.00-27.00  sec  8.97 MBytes  75.3 Mbits/sec  6589  
[ 35]  26.00-27.00  sec  8.97 MBytes  75.3 Mbits/sec  6589  
[ 37]  26.00-27.00  sec  8.97 MBytes  75.3 Mbits/sec  6589  
[ 39]  26.00-27.00  sec  8.97 MBytes  75.3 Mbits/sec  6589  
[ 41]  26.00-27.00  sec  8.97 MBytes  75.3 Mbits/sec  6589  
[ 43]  26.00-27.00  sec  8.97 MBytes  75.3 Mbits/sec  6589  
[SUM]  26.00-27.00  sec   179 MBytes  1506 Mbits/sec  131780  
- - - - - - - - - - - - - - - - - - - - - - - - -
[  5]  27.00-28.00  sec  9.02 MBytes  75.6 Mbits/sec  6620  
[  7]  27.00-28.00  sec  9.02 MBytes  75.6 Mbits/sec  6620  
[  9]  27.00-28.00  sec  9.02 MBytes  75.6 Mbits/sec  6620  
[ 11]  27.00-28.00  sec  9.02 MBytes  75.6 Mbits/sec  6620  
[ 13]  27.00-28.00  sec  9.02 MBytes  75.6 Mbits/sec  6620  
[ 15]  27.00-28.00  sec  9.02 MBytes  75.6 Mbits/sec  6620  
[ 17]  27.00-28.00  sec  9.02 MBytes  75.6 Mbits/sec  6620  
[ 19]  27.00-28.00  sec  9.02 MBytes  75.6 Mbits/sec  6620  
[ 21]  27.00-28.00  sec  9.02 MBytes  75.6 Mbits/sec  6620  
[ 23]  27.00-28.00  sec  9.02 MBytes  75.6 Mbits/sec  6620  
[ 25]  27.00-28.00  sec  9.02 MBytes  75.6 Mbits/sec  6620  
[ 27]  27.00-28.00  sec  9.02 MBytes  75.6 Mbits/sec  6620  
[ 29]  27.00-28.00  sec  9.02 MBytes  75.6 Mbits/sec  6620  
[ 31]  27.00-28.00  sec  9.02 MBytes  75.6 Mbits/sec  6620  
[ 33]  27.00-28.00  sec  9.02 MBytes  75.6 Mbits/sec  6620  
[ 35]  27.00-28.00  sec  9.02 MBytes  75.6 Mbits/sec  6620  
[ 37]  27.00-28.00  sec  9.02 MBytes  75.6 Mbits/sec  6620  
[ 39]  27.00-28.00  sec  9.02 MBytes  75.6 Mbits/sec  6620  
[ 41]  27.00-28.00  sec  9.02 MBytes  75.6 Mbits/sec  6620  
[ 43]  27.00-28.00  sec  9.02 MBytes  75.6 Mbits/sec  6620  
[SUM]  27.00-28.00  sec   180 MBytes  1512 Mbits/sec  132400  
- - - - - - - - - - - - - - - - - - - - - - - - -
[  5]  28.00-29.00  sec  8.97 MBytes  75.3 Mbits/sec  6587  
[  7]  28.00-29.00  sec  8.97 MBytes  75.3 Mbits/sec  6587  
[  9]  28.00-29.00  sec  8.97 MBytes  75.3 Mbits/sec  6587  
[ 11]  28.00-29.00  sec  8.97 MBytes  75.3 Mbits/sec  6587  
[ 13]  28.00-29.00  sec  8.97 MBytes  75.3 Mbits/sec  6587  
[ 15]  28.00-29.00  sec  8.97 MBytes  75.3 Mbits/sec  6587  
[ 17]  28.00-29.00  sec  8.97 MBytes  75.3 Mbits/sec  6587  
[ 19]  28.00-29.00  sec  8.97 MBytes  75.3 Mbits/sec  6587  
[ 21]  28.00-29.00  sec  8.97 MBytes  75.3 Mbits/sec  6587  
[ 23]  28.00-29.00  sec  8.97 MBytes  75.3 Mbits/sec  6587  
[ 25]  28.00-29.00  sec  8.97 MBytes  75.3 Mbits/sec  6587  
[ 27]  28.00-29.00  sec  8.97 MBytes  75.3 Mbits/sec  6587  
[ 29]  28.00-29.00  sec  8.97 MBytes  75.3 Mbits/sec  6587  
[ 31]  28.00-29.00  sec  8.97 MBytes  75.3 Mbits/sec  6587  
[ 33]  28.00-29.00  sec  8.97 MBytes  75.3 Mbits/sec  6587  
[ 35]  28.00-29.00  sec  8.97 MBytes  75.3 Mbits/sec  6587  
[ 37]  28.00-29.00  sec  8.97 MBytes  75.3 Mbits/sec  6587  
[ 39]  28.00-29.00  sec  8.97 MBytes  75.3 Mbits/sec  6587  
[ 41]  28.00-29.00  sec  8.97 MBytes  75.3 Mbits/sec  6587  
[ 43]  28.00-29.00  sec  8.97 MBytes  75.3 Mbits/sec  6587  
[SUM]  28.00-29.00  sec   179 MBytes  1505 Mbits/sec  131740  
- - - - - - - - - - - - - - - - - - - - - - - - -
[  5]  29.00-30.00  sec  8.83 MBytes  74.1 Mbits/sec  6487  
[  7]  29.00-30.00  sec  8.83 MBytes  74.1 Mbits/sec  6487  
[  9]  29.00-30.00  sec  8.83 MBytes  74.1 Mbits/sec  6487  
[ 11]  29.00-30.00  sec  8.83 MBytes  74.1 Mbits/sec  6487  
[ 13]  29.00-30.00  sec  8.83 MBytes  74.1 Mbits/sec  6487  
[ 15]  29.00-30.00  sec  8.83 MBytes  74.1 Mbits/sec  6487  
[ 17]  29.00-30.00  sec  8.83 MBytes  74.1 Mbits/sec  6487  
[ 19]  29.00-30.00  sec  8.83 MBytes  74.1 Mbits/sec  6487  
[ 21]  29.00-30.00  sec  8.83 MBytes  74.1 Mbits/sec  6487  
[ 23]  29.00-30.00  sec  8.83 MBytes  74.1 Mbits/sec  6487  
[ 25]  29.00-30.00  sec  8.83 MBytes  74.1 Mbits/sec  6487  
[ 27]  29.00-30.00  sec  8.83 MBytes  74.1 Mbits/sec  6487  
[ 29]  29.00-30.00  sec  8.83 MBytes  74.1 Mbits/sec  6487  
[ 31]  29.00-30.00  sec  8.83 MBytes  74.1 Mbits/sec  6487  
[ 33]  29.00-30.00  sec  8.83 MBytes  74.1 Mbits/sec  6487  
[ 35]  29.00-30.00  sec  8.83 MBytes  74.1 Mbits/sec  6487  
[ 37]  29.00-30.00  sec  8.83 MBytes  74.1 Mbits/sec  6487  
[ 39]  29.00-30.00  sec  8.83 MBytes  74.1 Mbits/sec  6487  
[ 41]  29.00-30.00  sec  8.83 MBytes  74.1 Mbits/sec  6487  
[ 43]  29.00-30.00  sec  8.83 MBytes  74.1 Mbits/sec  6487  
[SUM]  29.00-30.00  sec   177 MBytes  1482 Mbits/sec  129740  
- - - - - - - - - - - - - - - - - - - - - - - - -
[  5]  30.00-31.00  sec  8.83 MBytes  74.1 Mbits/sec  6486  
[  7]  30.00-31.00  sec  8.83 MBytes  74.1 Mbits/sec  6486  
[  9]  30.00-31.00  sec  8.83 MBytes  74.1 Mbits/sec  6486  
[ 11]  30.00-31.00  sec  8.83 MBytes  74.1 Mbits/sec  6486  
[ 13]  30.00-31.00  sec  8.83 MBytes  74.1 Mbits/sec  6486  
[ 15]  30.00-31.00  sec  8.83 MBytes  74.1 Mbits/sec  6486  
[ 17]  30.00-31.00  sec  8.83 MBytes  74.1 Mbits/sec  6486  
[ 19]  30.00-31.00  sec  8.83 MBytes  74.1 Mbits/sec  6486  
[ 21]  30.00-31.00  sec  8.83 MBytes  74.1 Mbits/sec  6486  
[ 23]  30.00-31.00  sec  8.83 MBytes  74.1 Mbits/sec  6486  
[ 25]  30.00-31.00  sec  8.83 MBytes  74.1 Mbits/sec  6486  
[ 27]  30.00-31.00  sec  8.83 MBytes  74.1 Mbits/sec  6486  
[ 29]  30.00-31.00  sec  8.83 MBytes  74.1 Mbits/sec  6486  
[ 31]  30.00-31.00  sec  8.83 MBytes  74.1 Mbits/sec  6486  
[ 33]  30.00-31.00  sec  8.83 MBytes  74.1 Mbits/sec  6486  
[ 35]  30.00-31.00  sec  8.83 MBytes  74.1 Mbits/sec  6486  
[ 37]  30.00-31.00  sec  8.83 MBytes  74.1 Mbits/sec  6486  
[ 39]  30.00-31.00  sec  8.83 MBytes  74.1 Mbits/sec  6486  
[ 41]  30.00-31.00  sec  8.83 MBytes  74.1 Mbits/sec  6486  
[ 43]  30.00-31.00  sec  8.83 MBytes  74.1 Mbits/sec  6486  
[SUM]  30.00-31.00  sec   177 MBytes  1482 Mbits/sec  129720  
- - - - - - - - - - - - - - - - - - - - - - - - -
[  5]  31.00-32.00  sec  9.14 MBytes  76.6 Mbits/sec  6709  
[  7]  31.00-32.00  sec  9.14 MBytes  76.6 Mbits/sec  6709  
[  9]  31.00-32.00  sec  9.14 MBytes  76.6 Mbits/sec  6709  
[ 11]  31.00-32.00  sec  9.14 MBytes  76.6 Mbits/sec  6709  
[ 13]  31.00-32.00  sec  9.14 MBytes  76.6 Mbits/sec  6709  
[ 15]  31.00-32.00  sec  9.14 MBytes  76.6 Mbits/sec  6709  
[ 17]  31.00-32.00  sec  9.14 MBytes  76.6 Mbits/sec  6709  
[ 19]  31.00-32.00  sec  9.14 MBytes  76.6 Mbits/sec  6709  
[ 21]  31.00-32.00  sec  9.14 MBytes  76.6 Mbits/sec  6709  
[ 23]  31.00-32.00  sec  9.14 MBytes  76.6 Mbits/sec  6709  
[ 25]  31.00-32.00  sec  9.14 MBytes  76.6 Mbits/sec  6709  
[ 27]  31.00-32.00  sec  9.14 MBytes  76.6 Mbits/sec  6709  
[ 29]  31.00-32.00  sec  9.14 MBytes  76.6 Mbits/sec  6709  
[ 31]  31.00-32.00  sec  9.14 MBytes  76.6 Mbits/sec  6709  
[ 33]  31.00-32.00  sec  9.14 MBytes  76.6 Mbits/sec  6709  
[ 35]  31.00-32.00  sec  9.14 MBytes  76.6 Mbits/sec  6709  
[ 37]  31.00-32.00  sec  9.14 MBytes  76.6 Mbits/sec  6709  
[ 39]  31.00-32.00  sec  9.14 MBytes  76.6 Mbits/sec  6709  
[ 41]  31.00-32.00  sec  9.14 MBytes  76.6 Mbits/sec  6709  
[ 43]  31.00-32.00  sec  9.14 MBytes  76.6 Mbits/sec  6709  
[SUM]  31.00-32.00  sec   183 MBytes  1533 Mbits/sec  134180  
- - - - - - - - - - - - - - - - - - - - - - - - -
[  5]  32.00-33.00  sec  9.05 MBytes  75.9 Mbits/sec  6645  
[  7]  32.00-33.00  sec  9.05 MBytes  75.9 Mbits/sec  6645  
[  9]  32.00-33.00  sec  9.05 MBytes  75.9 Mbits/sec  6645  
[ 11]  32.00-33.00  sec  9.05 MBytes  75.9 Mbits/sec  6645  
[ 13]  32.00-33.00  sec  9.05 MBytes  75.9 Mbits/sec  6645  
[ 15]  32.00-33.00  sec  9.05 MBytes  75.9 Mbits/sec  6645  
[ 17]  32.00-33.00  sec  9.05 MBytes  75.9 Mbits/sec  6645  
[ 19]  32.00-33.00  sec  9.05 MBytes  75.9 Mbits/sec  6645  
[ 21]  32.00-33.00  sec  9.05 MBytes  75.9 Mbits/sec  6645  
[ 23]  32.00-33.00  sec  9.05 MBytes  75.9 Mbits/sec  6645  
[ 25]  32.00-33.00  sec  9.05 MBytes  75.9 Mbits/sec  6645  
[ 27]  32.00-33.00  sec  9.05 MBytes  75.9 Mbits/sec  6645  
[ 29]  32.00-33.00  sec  9.05 MBytes  75.9 Mbits/sec  6645  
[ 31]  32.00-33.00  sec  9.05 MBytes  75.9 Mbits/sec  6645  
[ 33]  32.00-33.00  sec  9.05 MBytes  75.9 Mbits/sec  6645  
[ 35]  32.00-33.00  sec  9.05 MBytes  75.9 Mbits/sec  6645  
[ 37]  32.00-33.00  sec  9.05 MBytes  75.9 Mbits/sec  6645  
[ 39]  32.00-33.00  sec  9.05 MBytes  75.9 Mbits/sec  6645  
[ 41]  32.00-33.00  sec  9.05 MBytes  75.9 Mbits/sec  6645  
[ 43]  32.00-33.00  sec  9.05 MBytes  75.9 Mbits/sec  6645  
[SUM]  32.00-33.00  sec   181 MBytes  1518 Mbits/sec  132900  
- - - - - - - - - - - - - - - - - - - - - - - - -
[  5]  33.00-34.00  sec  9.03 MBytes  75.8 Mbits/sec  6634  
[  7]  33.00-34.00  sec  9.03 MBytes  75.8 Mbits/sec  6634  
[  9]  33.00-34.00  sec  9.03 MBytes  75.8 Mbits/sec  6634  
[ 11]  33.00-34.00  sec  9.03 MBytes  75.8 Mbits/sec  6634  
[ 13]  33.00-34.00  sec  9.03 MBytes  75.8 Mbits/sec  6634  
[ 15]  33.00-34.00  sec  9.03 MBytes  75.8 Mbits/sec  6634  
[ 17]  33.00-34.00  sec  9.03 MBytes  75.8 Mbits/sec  6634  
[ 19]  33.00-34.00  sec  9.03 MBytes  75.8 Mbits/sec  6634  
[ 21]  33.00-34.00  sec  9.03 MBytes  75.8 Mbits/sec  6634  
[ 23]  33.00-34.00  sec  9.03 MBytes  75.8 Mbits/sec  6634  
[ 25]  33.00-34.00  sec  9.03 MBytes  75.8 Mbits/sec  6634  
[ 27]  33.00-34.00  sec  9.03 MBytes  75.8 Mbits/sec  6634  
[ 29]  33.00-34.00  sec  9.03 MBytes  75.8 Mbits/sec  6634  
[ 31]  33.00-34.00  sec  9.03 MBytes  75.8 Mbits/sec  6634  
[ 33]  33.00-34.00  sec  9.03 MBytes  75.8 Mbits/sec  6634  
[ 35]  33.00-34.00  sec  9.03 MBytes  75.8 Mbits/sec  6634  
[ 37]  33.00-34.00  sec  9.03 MBytes  75.8 Mbits/sec  6634  
[ 39]  33.00-34.00  sec  9.03 MBytes  75.8 Mbits/sec  6634  
[ 41]  33.00-34.00  sec  9.03 MBytes  75.8 Mbits/sec  6634  
[ 43]  33.00-34.00  sec  9.03 MBytes  75.8 Mbits/sec  6634  
[SUM]  33.00-34.00  sec   181 MBytes  1516 Mbits/sec  132680  
- - - - - - - - - - - - - - - - - - - - - - - - -
[  5]  34.00-35.00  sec  9.05 MBytes  76.0 Mbits/sec  6649  
[  7]  34.00-35.00  sec  9.05 MBytes  76.0 Mbits/sec  6649  
[  9]  34.00-35.00  sec  9.05 MBytes  76.0 Mbits/sec  6649  
[ 11]  34.00-35.00  sec  9.05 MBytes  76.0 Mbits/sec  6649  
[ 13]  34.00-35.00  sec  9.05 MBytes  76.0 Mbits/sec  6649  
[ 15]  34.00-35.00  sec  9.05 MBytes  76.0 Mbits/sec  6649  
[ 17]  34.00-35.00  sec  9.05 MBytes  76.0 Mbits/sec  6649  
[ 19]  34.00-35.00  sec  9.05 MBytes  76.0 Mbits/sec  6649  
[ 21]  34.00-35.00  sec  9.05 MBytes  76.0 Mbits/sec  6649  
[ 23]  34.00-35.00  sec  9.05 MBytes  76.0 Mbits/sec  6649  
[ 25]  34.00-35.00  sec  9.05 MBytes  76.0 Mbits/sec  6649  
[ 27]  34.00-35.00  sec  9.05 MBytes  76.0 Mbits/sec  6649  
[ 29]  34.00-35.00  sec  9.05 MBytes  76.0 Mbits/sec  6649  
[ 31]  34.00-35.00  sec  9.05 MBytes  76.0 Mbits/sec  6649  
[ 33]  34.00-35.00  sec  9.05 MBytes  76.0 Mbits/sec  6649  
[ 35]  34.00-35.00  sec  9.05 MBytes  76.0 Mbits/sec  6649  
[ 37]  34.00-35.00  sec  9.05 MBytes  76.0 Mbits/sec  6649  
[ 39]  34.00-35.00  sec  9.05 MBytes  76.0 Mbits/sec  6649  
[ 41]  34.00-35.00  sec  9.05 MBytes  76.0 Mbits/sec  6649  
[ 43]  34.00-35.00  sec  9.05 MBytes  76.0 Mbits/sec  6649  
[SUM]  34.00-35.00  sec   181 MBytes  1519 Mbits/sec  132980  
- - - - - - - - - - - - - - - - - - - - - - - - -
[  5]  35.00-36.00  sec  9.08 MBytes  76.2 Mbits/sec  6668  
[  7]  35.00-36.00  sec  9.08 MBytes  76.2 Mbits/sec  6668  
[  9]  35.00-36.00  sec  9.08 MBytes  76.2 Mbits/sec  6668  
[ 11]  35.00-36.00  sec  9.08 MBytes  76.2 Mbits/sec  6668  
[ 13]  35.00-36.00  sec  9.08 MBytes  76.2 Mbits/sec  6668  
[ 15]  35.00-36.00  sec  9.08 MBytes  76.2 Mbits/sec  6668  
[ 17]  35.00-36.00  sec  9.08 MBytes  76.2 Mbits/sec  6668  
[ 19]  35.00-36.00  sec  9.08 MBytes  76.2 Mbits/sec  6668  
[ 21]  35.00-36.00  sec  9.08 MBytes  76.2 Mbits/sec  6668  
[ 23]  35.00-36.00  sec  9.08 MBytes  76.2 Mbits/sec  6668  
[ 25]  35.00-36.00  sec  9.08 MBytes  76.2 Mbits/sec  6668  
[ 27]  35.00-36.00  sec  9.08 MBytes  76.2 Mbits/sec  6668  
[ 29]  35.00-36.00  sec  9.08 MBytes  76.2 Mbits/sec  6668  
[ 31]  35.00-36.00  sec  9.08 MBytes  76.2 Mbits/sec  6668  
[ 33]  35.00-36.00  sec  9.08 MBytes  76.2 Mbits/sec  6668  
[ 35]  35.00-36.00  sec  9.08 MBytes  76.2 Mbits/sec  6668  
[ 37]  35.00-36.00  sec  9.08 MBytes  76.2 Mbits/sec  6668  
[ 39]  35.00-36.00  sec  9.08 MBytes  76.2 Mbits/sec  6668  
[ 41]  35.00-36.00  sec  9.08 MBytes  76.2 Mbits/sec  6668  
[ 43]  35.00-36.00  sec  9.08 MBytes  76.2 Mbits/sec  6668  
[SUM]  35.00-36.00  sec   182 MBytes  1523 Mbits/sec  133360  
- - - - - - - - - - - - - - - - - - - - - - - - -
[  5]  36.00-37.00  sec  9.12 MBytes  76.5 Mbits/sec  6696  
[  7]  36.00-37.00  sec  9.12 MBytes  76.5 Mbits/sec  6696  
[  9]  36.00-37.00  sec  9.12 MBytes  76.5 Mbits/sec  6696  
[ 11]  36.00-37.00  sec  9.12 MBytes  76.5 Mbits/sec  6696  
[ 13]  36.00-37.00  sec  9.12 MBytes  76.5 Mbits/sec  6696  
[ 15]  36.00-37.00  sec  9.12 MBytes  76.5 Mbits/sec  6696  
[ 17]  36.00-37.00  sec  9.12 MBytes  76.5 Mbits/sec  6696  
[ 19]  36.00-37.00  sec  9.12 MBytes  76.5 Mbits/sec  6696  
[ 21]  36.00-37.00  sec  9.12 MBytes  76.5 Mbits/sec  6696  
[ 23]  36.00-37.00  sec  9.12 MBytes  76.5 Mbits/sec  6696  
[ 25]  36.00-37.00  sec  9.12 MBytes  76.5 Mbits/sec  6696  
[ 27]  36.00-37.00  sec  9.12 MBytes  76.5 Mbits/sec  6696  
[ 29]  36.00-37.00  sec  9.12 MBytes  76.5 Mbits/sec  6696  
[ 31]  36.00-37.00  sec  9.12 MBytes  76.5 Mbits/sec  6696  
[ 33]  36.00-37.00  sec  9.12 MBytes  76.5 Mbits/sec  6696  
[ 35]  36.00-37.00  sec  9.12 MBytes  76.5 Mbits/sec  6696  
[ 37]  36.00-37.00  sec  9.12 MBytes  76.5 Mbits/sec  6696  
[ 39]  36.00-37.00  sec  9.12 MBytes  76.5 Mbits/sec  6696  
[ 41]  36.00-37.00  sec  9.12 MBytes  76.5 Mbits/sec  6696  
[ 43]  36.00-37.00  sec  9.12 MBytes  76.5 Mbits/sec  6696  
[SUM]  36.00-37.00  sec   182 MBytes  1530 Mbits/sec  133920  
- - - - - - - - - - - - - - - - - - - - - - - - -
[  5]  37.00-38.00  sec  9.10 MBytes  76.3 Mbits/sec  6679  
[  7]  37.00-38.00  sec  9.10 MBytes  76.3 Mbits/sec  6679  
[  9]  37.00-38.00  sec  9.10 MBytes  76.3 Mbits/sec  6679  
[ 11]  37.00-38.00  sec  9.10 MBytes  76.3 Mbits/sec  6679  
[ 13]  37.00-38.00  sec  9.10 MBytes  76.3 Mbits/sec  6679  
[ 15]  37.00-38.00  sec  9.10 MBytes  76.3 Mbits/sec  6679  
[ 17]  37.00-38.00  sec  9.10 MBytes  76.3 Mbits/sec  6679  
[ 19]  37.00-38.00  sec  9.10 MBytes  76.3 Mbits/sec  6679  
[ 21]  37.00-38.00  sec  9.10 MBytes  76.3 Mbits/sec  6679  
[ 23]  37.00-38.00  sec  9.10 MBytes  76.3 Mbits/sec  6679  
[ 25]  37.00-38.00  sec  9.10 MBytes  76.3 Mbits/sec  6679  
[ 27]  37.00-38.00  sec  9.10 MBytes  76.3 Mbits/sec  6679  
[ 29]  37.00-38.00  sec  9.10 MBytes  76.3 Mbits/sec  6679  
[ 31]  37.00-38.00  sec  9.10 MBytes  76.3 Mbits/sec  6679  
[ 33]  37.00-38.00  sec  9.10 MBytes  76.3 Mbits/sec  6679  
[ 35]  37.00-38.00  sec  9.10 MBytes  76.3 Mbits/sec  6679  
[ 37]  37.00-38.00  sec  9.10 MBytes  76.3 Mbits/sec  6679  
[ 39]  37.00-38.00  sec  9.10 MBytes  76.3 Mbits/sec  6679  
[ 41]  37.00-38.00  sec  9.10 MBytes  76.3 Mbits/sec  6679  
[ 43]  37.00-38.00  sec  9.10 MBytes  76.3 Mbits/sec  6679  
[SUM]  37.00-38.00  sec   182 MBytes  1526 Mbits/sec  133580  
- - - - - - - - - - - - - - - - - - - - - - - - -
[  5]  38.00-39.00  sec  8.93 MBytes  74.9 Mbits/sec  6557  
[  7]  38.00-39.00  sec  8.93 MBytes  74.9 Mbits/sec  6557  
[  9]  38.00-39.00  sec  8.93 MBytes  74.9 Mbits/sec  6557  
[ 11]  38.00-39.00  sec  8.93 MBytes  74.9 Mbits/sec  6557  
[ 13]  38.00-39.00  sec  8.93 MBytes  74.9 Mbits/sec  6557  
[ 15]  38.00-39.00  sec  8.93 MBytes  74.9 Mbits/sec  6557  
[ 17]  38.00-39.00  sec  8.93 MBytes  74.9 Mbits/sec  6557  
[ 19]  38.00-39.00  sec  8.93 MBytes  74.9 Mbits/sec  6557  
[ 21]  38.00-39.00  sec  8.93 MBytes  74.9 Mbits/sec  6557  
[ 23]  38.00-39.00  sec  8.93 MBytes  74.9 Mbits/sec  6557  
[ 25]  38.00-39.00  sec  8.93 MBytes  74.9 Mbits/sec  6557  
[ 27]  38.00-39.00  sec  8.93 MBytes  74.9 Mbits/sec  6557  
[ 29]  38.00-39.00  sec  8.93 MBytes  74.9 Mbits/sec  6557  
[ 31]  38.00-39.00  sec  8.93 MBytes  74.9 Mbits/sec  6557  
[ 33]  38.00-39.00  sec  8.93 MBytes  74.9 Mbits/sec  6557  
[ 35]  38.00-39.00  sec  8.93 MBytes  74.9 Mbits/sec  6557  
[ 37]  38.00-39.00  sec  8.93 MBytes  74.9 Mbits/sec  6557  
[ 39]  38.00-39.00  sec  8.93 MBytes  74.9 Mbits/sec  6557  
[ 41]  38.00-39.00  sec  8.93 MBytes  74.9 Mbits/sec  6557  
[ 43]  38.00-39.00  sec  8.93 MBytes  74.9 Mbits/sec  6557  
[SUM]  38.00-39.00  sec   179 MBytes  1498 Mbits/sec  131140  
- - - - - - - - - - - - - - - - - - - - - - - - -
[  5]  39.00-40.00  sec  9.11 MBytes  76.4 Mbits/sec  6691  
[  7]  39.00-40.00  sec  9.11 MBytes  76.4 Mbits/sec  6691  
[  9]  39.00-40.00  sec  9.11 MBytes  76.4 Mbits/sec  6691  
[ 11]  39.00-40.00  sec  9.11 MBytes  76.4 Mbits/sec  6691  
[ 13]  39.00-40.00  sec  9.11 MBytes  76.4 Mbits/sec  6691  
[ 15]  39.00-40.00  sec  9.11 MBytes  76.4 Mbits/sec  6691  
[ 17]  39.00-40.00  sec  9.11 MBytes  76.4 Mbits/sec  6691  
[ 19]  39.00-40.00  sec  9.11 MBytes  76.4 Mbits/sec  6691  
[ 21]  39.00-40.00  sec  9.11 MBytes  76.4 Mbits/sec  6691  
[ 23]  39.00-40.00  sec  9.11 MBytes  76.4 Mbits/sec  6691  
[ 25]  39.00-40.00  sec  9.11 MBytes  76.4 Mbits/sec  6691  
[ 27]  39.00-40.00  sec  9.11 MBytes  76.4 Mbits/sec  6691  
[ 29]  39.00-40.00  sec  9.11 MBytes  76.4 Mbits/sec  6691  
[ 31]  39.00-40.00  sec  9.11 MBytes  76.4 Mbits/sec  6691  
[ 33]  39.00-40.00  sec  9.11 MBytes  76.4 Mbits/sec  6691  
[ 35]  39.00-40.00  sec  9.11 MBytes  76.4 Mbits/sec  6691  
[ 37]  39.00-40.00  sec  9.11 MBytes  76.4 Mbits/sec  6691  
[ 39]  39.00-40.00  sec  9.11 MBytes  76.4 Mbits/sec  6691  
[ 41]  39.00-40.00  sec  9.11 MBytes  76.4 Mbits/sec  6691  
[ 43]  39.00-40.00  sec  9.11 MBytes  76.4 Mbits/sec  6691  
[SUM]  39.00-40.00  sec   182 MBytes  1529 Mbits/sec  133820  
- - - - - - - - - - - - - - - - - - - - - - - - -
[  5]  40.00-41.00  sec  9.13 MBytes  76.6 Mbits/sec  6705  
[  7]  40.00-41.00  sec  9.13 MBytes  76.6 Mbits/sec  6705  
[  9]  40.00-41.00  sec  9.13 MBytes  76.6 Mbits/sec  6705  
[ 11]  40.00-41.00  sec  9.13 MBytes  76.6 Mbits/sec  6705  
[ 13]  40.00-41.00  sec  9.13 MBytes  76.6 Mbits/sec  6705  
[ 15]  40.00-41.00  sec  9.13 MBytes  76.6 Mbits/sec  6705  
[ 17]  40.00-41.00  sec  9.13 MBytes  76.6 Mbits/sec  6705  
[ 19]  40.00-41.00  sec  9.13 MBytes  76.6 Mbits/sec  6705  
[ 21]  40.00-41.00  sec  9.13 MBytes  76.6 Mbits/sec  6705  
[ 23]  40.00-41.00  sec  9.13 MBytes  76.6 Mbits/sec  6705  
[ 25]  40.00-41.00  sec  9.13 MBytes  76.6 Mbits/sec  6705  
[ 27]  40.00-41.00  sec  9.13 MBytes  76.6 Mbits/sec  6705  
[ 29]  40.00-41.00  sec  9.13 MBytes  76.6 Mbits/sec  6705  
[ 31]  40.00-41.00  sec  9.13 MBytes  76.6 Mbits/sec  6705  
[ 33]  40.00-41.00  sec  9.13 MBytes  76.6 Mbits/sec  6705  
[ 35]  40.00-41.00  sec  9.13 MBytes  76.6 Mbits/sec  6705  
[ 37]  40.00-41.00  sec  9.13 MBytes  76.6 Mbits/sec  6705  
[ 39]  40.00-41.00  sec  9.13 MBytes  76.6 Mbits/sec  6705  
[ 41]  40.00-41.00  sec  9.13 MBytes  76.6 Mbits/sec  6705  
[ 43]  40.00-41.00  sec  9.13 MBytes  76.6 Mbits/sec  6705  
[SUM]  40.00-41.00  sec   183 MBytes  1532 Mbits/sec  134100  
- - - - - - - - - - - - - - - - - - - - - - - - -
[  5]  41.00-42.00  sec  9.23 MBytes  77.4 Mbits/sec  6780  
[  7]  41.00-42.00  sec  9.23 MBytes  77.4 Mbits/sec  6780  
[  9]  41.00-42.00  sec  9.23 MBytes  77.4 Mbits/sec  6780  
[ 11]  41.00-42.00  sec  9.23 MBytes  77.4 Mbits/sec  6780  
[ 13]  41.00-42.00  sec  9.23 MBytes  77.4 Mbits/sec  6780  
[ 15]  41.00-42.00  sec  9.23 MBytes  77.4 Mbits/sec  6780  
[ 17]  41.00-42.00  sec  9.23 MBytes  77.4 Mbits/sec  6780  
[ 19]  41.00-42.00  sec  9.23 MBytes  77.4 Mbits/sec  6780  
[ 21]  41.00-42.00  sec  9.23 MBytes  77.4 Mbits/sec  6780  
[ 23]  41.00-42.00  sec  9.23 MBytes  77.4 Mbits/sec  6780  
[ 25]  41.00-42.00  sec  9.23 MBytes  77.4 Mbits/sec  6780  
[ 27]  41.00-42.00  sec  9.23 MBytes  77.4 Mbits/sec  6780  
[ 29]  41.00-42.00  sec  9.23 MBytes  77.4 Mbits/sec  6780  
[ 31]  41.00-42.00  sec  9.23 MBytes  77.4 Mbits/sec  6780  
[ 33]  41.00-42.00  sec  9.23 MBytes  77.4 Mbits/sec  6780  
[ 35]  41.00-42.00  sec  9.23 MBytes  77.4 Mbits/sec  6780  
[ 37]  41.00-42.00  sec  9.23 MBytes  77.4 Mbits/sec  6780  
[ 39]  41.00-42.00  sec  9.23 MBytes  77.4 Mbits/sec  6780  
[ 41]  41.00-42.00  sec  9.23 MBytes  77.4 Mbits/sec  6780  
[ 43]  41.00-42.00  sec  9.23 MBytes  77.4 Mbits/sec  6780  
[SUM]  41.00-42.00  sec   185 MBytes  1549 Mbits/sec  135600  
- - - - - - - - - - - - - - - - - - - - - - - - -
[  5]  42.00-43.00  sec  9.20 MBytes  77.2 Mbits/sec  6756  
[  7]  42.00-43.00  sec  9.20 MBytes  77.2 Mbits/sec  6756  
[  9]  42.00-43.00  sec  9.20 MBytes  77.2 Mbits/sec  6756  
[ 11]  42.00-43.00  sec  9.20 MBytes  77.2 Mbits/sec  6756  
[ 13]  42.00-43.00  sec  9.20 MBytes  77.2 Mbits/sec  6756  
[ 15]  42.00-43.00  sec  9.20 MBytes  77.2 Mbits/sec  6756  
[ 17]  42.00-43.00  sec  9.20 MBytes  77.2 Mbits/sec  6756  
[ 19]  42.00-43.00  sec  9.20 MBytes  77.2 Mbits/sec  6756  
[ 21]  42.00-43.00  sec  9.20 MBytes  77.2 Mbits/sec  6756  
[ 23]  42.00-43.00  sec  9.20 MBytes  77.2 Mbits/sec  6756  
[ 25]  42.00-43.00  sec  9.20 MBytes  77.2 Mbits/sec  6756  
[ 27]  42.00-43.00  sec  9.20 MBytes  77.2 Mbits/sec  6756  
[ 29]  42.00-43.00  sec  9.20 MBytes  77.2 Mbits/sec  6756  
[ 31]  42.00-43.00  sec  9.20 MBytes  77.2 Mbits/sec  6756  
[ 33]  42.00-43.00  sec  9.20 MBytes  77.2 Mbits/sec  6756  
[ 35]  42.00-43.00  sec  9.20 MBytes  77.2 Mbits/sec  6756  
[ 37]  42.00-43.00  sec  9.20 MBytes  77.2 Mbits/sec  6756  
[ 39]  42.00-43.00  sec  9.20 MBytes  77.2 Mbits/sec  6756  
[ 41]  42.00-43.00  sec  9.20 MBytes  77.2 Mbits/sec  6756  
[ 43]  42.00-43.00  sec  9.20 MBytes  77.2 Mbits/sec  6756  
[SUM]  42.00-43.00  sec   184 MBytes  1544 Mbits/sec  135120  
- - - - - - - - - - - - - - - - - - - - - - - - -
[  5]  43.00-44.00  sec  9.22 MBytes  77.4 Mbits/sec  6772  
[  7]  43.00-44.00  sec  9.22 MBytes  77.4 Mbits/sec  6772  
[  9]  43.00-44.00  sec  9.22 MBytes  77.4 Mbits/sec  6772  
[ 11]  43.00-44.00  sec  9.22 MBytes  77.4 Mbits/sec  6772  
[ 13]  43.00-44.00  sec  9.22 MBytes  77.4 Mbits/sec  6772  
[ 15]  43.00-44.00  sec  9.22 MBytes  77.4 Mbits/sec  6772  
[ 17]  43.00-44.00  sec  9.22 MBytes  77.4 Mbits/sec  6772  
[ 19]  43.00-44.00  sec  9.22 MBytes  77.4 Mbits/sec  6772  
[ 21]  43.00-44.00  sec  9.22 MBytes  77.4 Mbits/sec  6772  
[ 23]  43.00-44.00  sec  9.22 MBytes  77.4 Mbits/sec  6772  
[ 25]  43.00-44.00  sec  9.22 MBytes  77.4 Mbits/sec  6772  
[ 27]  43.00-44.00  sec  9.22 MBytes  77.4 Mbits/sec  6772  
[ 29]  43.00-44.00  sec  9.22 MBytes  77.4 Mbits/sec  6772  
[ 31]  43.00-44.00  sec  9.22 MBytes  77.4 Mbits/sec  6772  
[ 33]  43.00-44.00  sec  9.22 MBytes  77.4 Mbits/sec  6772  
[ 35]  43.00-44.00  sec  9.22 MBytes  77.4 Mbits/sec  6772  
[ 37]  43.00-44.00  sec  9.22 MBytes  77.4 Mbits/sec  6772  
[ 39]  43.00-44.00  sec  9.22 MBytes  77.4 Mbits/sec  6772  
[ 41]  43.00-44.00  sec  9.22 MBytes  77.4 Mbits/sec  6772  
[ 43]  43.00-44.00  sec  9.22 MBytes  77.4 Mbits/sec  6772  
[SUM]  43.00-44.00  sec   184 MBytes  1547 Mbits/sec  135440  
- - - - - - - - - - - - - - - - - - - - - - - - -
[  5]  44.00-45.00  sec  9.15 MBytes  76.7 Mbits/sec  6717  
[  7]  44.00-45.00  sec  9.15 MBytes  76.7 Mbits/sec  6717  
[  9]  44.00-45.00  sec  9.15 MBytes  76.7 Mbits/sec  6717  
[ 11]  44.00-45.00  sec  9.15 MBytes  76.7 Mbits/sec  6717  
[ 13]  44.00-45.00  sec  9.15 MBytes  76.7 Mbits/sec  6717  
[ 15]  44.00-45.00  sec  9.15 MBytes  76.7 Mbits/sec  6717  
[ 17]  44.00-45.00  sec  9.15 MBytes  76.7 Mbits/sec  6717  
[ 19]  44.00-45.00  sec  9.15 MBytes  76.7 Mbits/sec  6717  
[ 21]  44.00-45.00  sec  9.15 MBytes  76.7 Mbits/sec  6717  
[ 23]  44.00-45.00  sec  9.15 MBytes  76.7 Mbits/sec  6717  
[ 25]  44.00-45.00  sec  9.15 MBytes  76.7 Mbits/sec  6717  
[ 27]  44.00-45.00  sec  9.15 MBytes  76.7 Mbits/sec  6717  
[ 29]  44.00-45.00  sec  9.15 MBytes  76.7 Mbits/sec  6717  
[ 31]  44.00-45.00  sec  9.15 MBytes  76.7 Mbits/sec  6717  
[ 33]  44.00-45.00  sec  9.15 MBytes  76.7 Mbits/sec  6717  
[ 35]  44.00-45.00  sec  9.15 MBytes  76.7 Mbits/sec  6717  
[ 37]  44.00-45.00  sec  9.15 MBytes  76.7 Mbits/sec  6717  
[ 39]  44.00-45.00  sec  9.15 MBytes  76.7 Mbits/sec  6717  
[ 41]  44.00-45.00  sec  9.15 MBytes  76.7 Mbits/sec  6717  
[ 43]  44.00-45.00  sec  9.15 MBytes  76.7 Mbits/sec  6717  
[SUM]  44.00-45.00  sec   183 MBytes  1535 Mbits/sec  134340  
- - - - - - - - - - - - - - - - - - - - - - - - -
[  5]  45.00-46.00  sec  9.22 MBytes  77.3 Mbits/sec  6769  
[  7]  45.00-46.00  sec  9.22 MBytes  77.3 Mbits/sec  6769  
[  9]  45.00-46.00  sec  9.22 MBytes  77.3 Mbits/sec  6769  
[ 11]  45.00-46.00  sec  9.22 MBytes  77.3 Mbits/sec  6769  
[ 13]  45.00-46.00  sec  9.22 MBytes  77.3 Mbits/sec  6769  
[ 15]  45.00-46.00  sec  9.22 MBytes  77.3 Mbits/sec  6769  
[ 17]  45.00-46.00  sec  9.22 MBytes  77.3 Mbits/sec  6769  
[ 19]  45.00-46.00  sec  9.22 MBytes  77.3 Mbits/sec  6769  
[ 21]  45.00-46.00  sec  9.22 MBytes  77.3 Mbits/sec  6769  
[ 23]  45.00-46.00  sec  9.22 MBytes  77.3 Mbits/sec  6769  
[ 25]  45.00-46.00  sec  9.22 MBytes  77.3 Mbits/sec  6769  
[ 27]  45.00-46.00  sec  9.22 MBytes  77.3 Mbits/sec  6769  
[ 29]  45.00-46.00  sec  9.22 MBytes  77.3 Mbits/sec  6769  
[ 31]  45.00-46.00  sec  9.22 MBytes  77.3 Mbits/sec  6769  
[ 33]  45.00-46.00  sec  9.22 MBytes  77.3 Mbits/sec  6769  
[ 35]  45.00-46.00  sec  9.22 MBytes  77.3 Mbits/sec  6769  
[ 37]  45.00-46.00  sec  9.22 MBytes  77.3 Mbits/sec  6769  
[ 39]  45.00-46.00  sec  9.22 MBytes  77.3 Mbits/sec  6769  
[ 41]  45.00-46.00  sec  9.22 MBytes  77.3 Mbits/sec  6769  
[ 43]  45.00-46.00  sec  9.22 MBytes  77.3 Mbits/sec  6769  
[SUM]  45.00-46.00  sec   184 MBytes  1546 Mbits/sec  135380  
- - - - - - - - - - - - - - - - - - - - - - - - -
[  5]  46.00-47.00  sec  9.11 MBytes  76.4 Mbits/sec  6691  
[  7]  46.00-47.00  sec  9.11 MBytes  76.4 Mbits/sec  6691  
[  9]  46.00-47.00  sec  9.11 MBytes  76.4 Mbits/sec  6691  
[ 11]  46.00-47.00  sec  9.11 MBytes  76.4 Mbits/sec  6691  
[ 13]  46.00-47.00  sec  9.11 MBytes  76.4 Mbits/sec  6691  
[ 15]  46.00-47.00  sec  9.11 MBytes  76.4 Mbits/sec  6691  
[ 17]  46.00-47.00  sec  9.11 MBytes  76.4 Mbits/sec  6691  
[ 19]  46.00-47.00  sec  9.11 MBytes  76.4 Mbits/sec  6691  
[ 21]  46.00-47.00  sec  9.11 MBytes  76.4 Mbits/sec  6691  
[ 23]  46.00-47.00  sec  9.11 MBytes  76.4 Mbits/sec  6691  
[ 25]  46.00-47.00  sec  9.11 MBytes  76.4 Mbits/sec  6691  
[ 27]  46.00-47.00  sec  9.11 MBytes  76.4 Mbits/sec  6691  
[ 29]  46.00-47.00  sec  9.11 MBytes  76.4 Mbits/sec  6691  
[ 31]  46.00-47.00  sec  9.11 MBytes  76.4 Mbits/sec  6691  
[ 33]  46.00-47.00  sec  9.11 MBytes  76.4 Mbits/sec  6691  
[ 35]  46.00-47.00  sec  9.11 MBytes  76.4 Mbits/sec  6691  
[ 37]  46.00-47.00  sec  9.11 MBytes  76.4 Mbits/sec  6691  
[ 39]  46.00-47.00  sec  9.11 MBytes  76.4 Mbits/sec  6691  
[ 41]  46.00-47.00  sec  9.11 MBytes  76.4 Mbits/sec  6691  
[ 43]  46.00-47.00  sec  9.11 MBytes  76.4 Mbits/sec  6691  
[SUM]  46.00-47.00  sec   182 MBytes  1529 Mbits/sec  133820  
- - - - - - - - - - - - - - - - - - - - - - - - -
[  5]  47.00-48.00  sec  8.91 MBytes  74.7 Mbits/sec  6543  
[  7]  47.00-48.00  sec  8.91 MBytes  74.7 Mbits/sec  6543  
[  9]  47.00-48.00  sec  8.91 MBytes  74.7 Mbits/sec  6543  
[ 11]  47.00-48.00  sec  8.91 MBytes  74.7 Mbits/sec  6543  
[ 13]  47.00-48.00  sec  8.91 MBytes  74.7 Mbits/sec  6543  
[ 15]  47.00-48.00  sec  8.91 MBytes  74.7 Mbits/sec  6543  
[ 17]  47.00-48.00  sec  8.91 MBytes  74.7 Mbits/sec  6543  
[ 19]  47.00-48.00  sec  8.91 MBytes  74.7 Mbits/sec  6543  
[ 21]  47.00-48.00  sec  8.91 MBytes  74.7 Mbits/sec  6543  
[ 23]  47.00-48.00  sec  8.91 MBytes  74.7 Mbits/sec  6543  
[ 25]  47.00-48.00  sec  8.91 MBytes  74.7 Mbits/sec  6543  
[ 27]  47.00-48.00  sec  8.91 MBytes  74.7 Mbits/sec  6543  
[ 29]  47.00-48.00  sec  8.91 MBytes  74.7 Mbits/sec  6543  
[ 31]  47.00-48.00  sec  8.91 MBytes  74.7 Mbits/sec  6543  
[ 33]  47.00-48.00  sec  8.91 MBytes  74.7 Mbits/sec  6543  
[ 35]  47.00-48.00  sec  8.91 MBytes  74.7 Mbits/sec  6543  
[ 37]  47.00-48.00  sec  8.91 MBytes  74.7 Mbits/sec  6543  
[ 39]  47.00-48.00  sec  8.91 MBytes  74.7 Mbits/sec  6543  
[ 41]  47.00-48.00  sec  8.91 MBytes  74.7 Mbits/sec  6543  
[ 43]  47.00-48.00  sec  8.91 MBytes  74.7 Mbits/sec  6543  
[SUM]  47.00-48.00  sec   178 MBytes  1495 Mbits/sec  130860  
- - - - - - - - - - - - - - - - - - - - - - - - -
[  5]  48.00-49.00  sec  9.14 MBytes  76.7 Mbits/sec  6711  
[  7]  48.00-49.00  sec  9.14 MBytes  76.7 Mbits/sec  6711  
[  9]  48.00-49.00  sec  9.14 MBytes  76.7 Mbits/sec  6711  
[ 11]  48.00-49.00  sec  9.14 MBytes  76.7 Mbits/sec  6711  
[ 13]  48.00-49.00  sec  9.14 MBytes  76.7 Mbits/sec  6711  
[ 15]  48.00-49.00  sec  9.14 MBytes  76.7 Mbits/sec  6711  
[ 17]  48.00-49.00  sec  9.14 MBytes  76.7 Mbits/sec  6711  
[ 19]  48.00-49.00  sec  9.14 MBytes  76.7 Mbits/sec  6711  
[ 21]  48.00-49.00  sec  9.14 MBytes  76.7 Mbits/sec  6711  
[ 23]  48.00-49.00  sec  9.14 MBytes  76.7 Mbits/sec  6711  
[ 25]  48.00-49.00  sec  9.14 MBytes  76.7 Mbits/sec  6711  
[ 27]  48.00-49.00  sec  9.14 MBytes  76.7 Mbits/sec  6711  
[ 29]  48.00-49.00  sec  9.14 MBytes  76.7 Mbits/sec  6711  
[ 31]  48.00-49.00  sec  9.14 MBytes  76.7 Mbits/sec  6711  
[ 33]  48.00-49.00  sec  9.14 MBytes  76.7 Mbits/sec  6711  
[ 35]  48.00-49.00  sec  9.14 MBytes  76.7 Mbits/sec  6711  
[ 37]  48.00-49.00  sec  9.14 MBytes  76.7 Mbits/sec  6711  
[ 39]  48.00-49.00  sec  9.14 MBytes  76.7 Mbits/sec  6711  
[ 41]  48.00-49.00  sec  9.14 MBytes  76.7 Mbits/sec  6711  
[ 43]  48.00-49.00  sec  9.14 MBytes  76.7 Mbits/sec  6711  
[SUM]  48.00-49.00  sec   183 MBytes  1533 Mbits/sec  134220  
- - - - - - - - - - - - - - - - - - - - - - - - -
[  5]  49.00-50.00  sec  9.22 MBytes  77.3 Mbits/sec  6770  
[  7]  49.00-50.00  sec  9.22 MBytes  77.3 Mbits/sec  6770  
[  9]  49.00-50.00  sec  9.22 MBytes  77.3 Mbits/sec  6770  
[ 11]  49.00-50.00  sec  9.22 MBytes  77.3 Mbits/sec  6770  
[ 13]  49.00-50.00  sec  9.22 MBytes  77.3 Mbits/sec  6770  
[ 15]  49.00-50.00  sec  9.22 MBytes  77.3 Mbits/sec  6770  
[ 17]  49.00-50.00  sec  9.22 MBytes  77.3 Mbits/sec  6770  
[ 19]  49.00-50.00  sec  9.22 MBytes  77.3 Mbits/sec  6770  
[ 21]  49.00-50.00  sec  9.22 MBytes  77.3 Mbits/sec  6770  
[ 23]  49.00-50.00  sec  9.22 MBytes  77.3 Mbits/sec  6770  
[ 25]  49.00-50.00  sec  9.22 MBytes  77.3 Mbits/sec  6770  
[ 27]  49.00-50.00  sec  9.22 MBytes  77.3 Mbits/sec  6770  
[ 29]  49.00-50.00  sec  9.22 MBytes  77.3 Mbits/sec  6770  
[ 31]  49.00-50.00  sec  9.22 MBytes  77.3 Mbits/sec  6770  
[ 33]  49.00-50.00  sec  9.22 MBytes  77.3 Mbits/sec  6770  
[ 35]  49.00-50.00  sec  9.22 MBytes  77.3 Mbits/sec  6770  
[ 37]  49.00-50.00  sec  9.22 MBytes  77.3 Mbits/sec  6770  
[ 39]  49.00-50.00  sec  9.22 MBytes  77.3 Mbits/sec  6770  
[ 41]  49.00-50.00  sec  9.22 MBytes  77.3 Mbits/sec  6770  
[ 43]  49.00-50.00  sec  9.22 MBytes  77.3 Mbits/sec  6770  
[SUM]  49.00-50.00  sec   184 MBytes  1547 Mbits/sec  135400  
- - - - - - - - - - - - - - - - - - - - - - - - -
[  5]  50.00-51.00  sec  9.13 MBytes  76.6 Mbits/sec  6705  
[  7]  50.00-51.00  sec  9.13 MBytes  76.6 Mbits/sec  6705  
[  9]  50.00-51.00  sec  9.13 MBytes  76.6 Mbits/sec  6705  
[ 11]  50.00-51.00  sec  9.13 MBytes  76.6 Mbits/sec  6705  
[ 13]  50.00-51.00  sec  9.13 MBytes  76.6 Mbits/sec  6705  
[ 15]  50.00-51.00  sec  9.13 MBytes  76.6 Mbits/sec  6705  
[ 17]  50.00-51.00  sec  9.13 MBytes  76.6 Mbits/sec  6705  
[ 19]  50.00-51.00  sec  9.13 MBytes  76.6 Mbits/sec  6705  
[ 21]  50.00-51.00  sec  9.13 MBytes  76.6 Mbits/sec  6705  
[ 23]  50.00-51.00  sec  9.13 MBytes  76.6 Mbits/sec  6705  
[ 25]  50.00-51.00  sec  9.13 MBytes  76.6 Mbits/sec  6705  
[ 27]  50.00-51.00  sec  9.13 MBytes  76.6 Mbits/sec  6705  
[ 29]  50.00-51.00  sec  9.13 MBytes  76.6 Mbits/sec  6705  
[ 31]  50.00-51.00  sec  9.13 MBytes  76.6 Mbits/sec  6705  
[ 33]  50.00-51.00  sec  9.13 MBytes  76.6 Mbits/sec  6705  
[ 35]  50.00-51.00  sec  9.13 MBytes  76.6 Mbits/sec  6705  
[ 37]  50.00-51.00  sec  9.13 MBytes  76.6 Mbits/sec  6705  
[ 39]  50.00-51.00  sec  9.13 MBytes  76.6 Mbits/sec  6705  
[ 41]  50.00-51.00  sec  9.13 MBytes  76.6 Mbits/sec  6705  
[ 43]  50.00-51.00  sec  9.13 MBytes  76.6 Mbits/sec  6705  
[SUM]  50.00-51.00  sec   183 MBytes  1532 Mbits/sec  134100  
- - - - - - - - - - - - - - - - - - - - - - - - -
[  5]  51.00-52.00  sec  9.21 MBytes  77.3 Mbits/sec  6764  
[  7]  51.00-52.00  sec  9.21 MBytes  77.3 Mbits/sec  6764  
[  9]  51.00-52.00  sec  9.21 MBytes  77.3 Mbits/sec  6764  
[ 11]  51.00-52.00  sec  9.21 MBytes  77.3 Mbits/sec  6764  
[ 13]  51.00-52.00  sec  9.21 MBytes  77.3 Mbits/sec  6764  
[ 15]  51.00-52.00  sec  9.21 MBytes  77.3 Mbits/sec  6764  
[ 17]  51.00-52.00  sec  9.21 MBytes  77.3 Mbits/sec  6764  
[ 19]  51.00-52.00  sec  9.21 MBytes  77.3 Mbits/sec  6764  
[ 21]  51.00-52.00  sec  9.21 MBytes  77.3 Mbits/sec  6764  
[ 23]  51.00-52.00  sec  9.21 MBytes  77.3 Mbits/sec  6764  
[ 25]  51.00-52.00  sec  9.21 MBytes  77.3 Mbits/sec  6764  
[ 27]  51.00-52.00  sec  9.21 MBytes  77.3 Mbits/sec  6764  
[ 29]  51.00-52.00  sec  9.21 MBytes  77.3 Mbits/sec  6764  
[ 31]  51.00-52.00  sec  9.21 MBytes  77.3 Mbits/sec  6764  
[ 33]  51.00-52.00  sec  9.21 MBytes  77.3 Mbits/sec  6764  
[ 35]  51.00-52.00  sec  9.21 MBytes  77.3 Mbits/sec  6764  
[ 37]  51.00-52.00  sec  9.21 MBytes  77.3 Mbits/sec  6764  
[ 39]  51.00-52.00  sec  9.21 MBytes  77.3 Mbits/sec  6764  
[ 41]  51.00-52.00  sec  9.21 MBytes  77.3 Mbits/sec  6764  
[ 43]  51.00-52.00  sec  9.21 MBytes  77.3 Mbits/sec  6764  
[SUM]  51.00-52.00  sec   184 MBytes  1545 Mbits/sec  135280  
- - - - - - - - - - - - - - - - - - - - - - - - -
[  5]  52.00-53.00  sec  9.22 MBytes  77.3 Mbits/sec  6769  
[  7]  52.00-53.00  sec  9.22 MBytes  77.3 Mbits/sec  6769  
[  9]  52.00-53.00  sec  9.22 MBytes  77.3 Mbits/sec  6769  
[ 11]  52.00-53.00  sec  9.22 MBytes  77.3 Mbits/sec  6769  
[ 13]  52.00-53.00  sec  9.22 MBytes  77.3 Mbits/sec  6769  
[ 15]  52.00-53.00  sec  9.22 MBytes  77.3 Mbits/sec  6769  
[ 17]  52.00-53.00  sec  9.22 MBytes  77.3 Mbits/sec  6769  
[ 19]  52.00-53.00  sec  9.22 MBytes  77.3 Mbits/sec  6769  
[ 21]  52.00-53.00  sec  9.22 MBytes  77.3 Mbits/sec  6769  
[ 23]  52.00-53.00  sec  9.22 MBytes  77.3 Mbits/sec  6769  
[ 25]  52.00-53.00  sec  9.22 MBytes  77.3 Mbits/sec  6769  
[ 27]  52.00-53.00  sec  9.22 MBytes  77.3 Mbits/sec  6769  
[ 29]  52.00-53.00  sec  9.22 MBytes  77.3 Mbits/sec  6769  
[ 31]  52.00-53.00  sec  9.22 MBytes  77.3 Mbits/sec  6769  
[ 33]  52.00-53.00  sec  9.22 MBytes  77.3 Mbits/sec  6769  
[ 35]  52.00-53.00  sec  9.22 MBytes  77.3 Mbits/sec  6769  
[ 37]  52.00-53.00  sec  9.22 MBytes  77.3 Mbits/sec  6769  
[ 39]  52.00-53.00  sec  9.22 MBytes  77.3 Mbits/sec  6769  
[ 41]  52.00-53.00  sec  9.22 MBytes  77.3 Mbits/sec  6769  
[ 43]  52.00-53.00  sec  9.22 MBytes  77.3 Mbits/sec  6769  
[SUM]  52.00-53.00  sec   184 MBytes  1547 Mbits/sec  135380  
- - - - - - - - - - - - - - - - - - - - - - - - -
[  5]  53.00-54.00  sec  9.17 MBytes  76.9 Mbits/sec  6730  
[  7]  53.00-54.00  sec  9.17 MBytes  76.9 Mbits/sec  6730  
[  9]  53.00-54.00  sec  9.17 MBytes  76.9 Mbits/sec  6730  
[ 11]  53.00-54.00  sec  9.17 MBytes  76.9 Mbits/sec  6730  
[ 13]  53.00-54.00  sec  9.17 MBytes  76.9 Mbits/sec  6730  
[ 15]  53.00-54.00  sec  9.17 MBytes  76.9 Mbits/sec  6730  
[ 17]  53.00-54.00  sec  9.17 MBytes  76.9 Mbits/sec  6730  
[ 19]  53.00-54.00  sec  9.17 MBytes  76.9 Mbits/sec  6730  
[ 21]  53.00-54.00  sec  9.17 MBytes  76.9 Mbits/sec  6730  
[ 23]  53.00-54.00  sec  9.17 MBytes  76.9 Mbits/sec  6730  
[ 25]  53.00-54.00  sec  9.17 MBytes  76.9 Mbits/sec  6730  
[ 27]  53.00-54.00  sec  9.17 MBytes  76.9 Mbits/sec  6730  
[ 29]  53.00-54.00  sec  9.17 MBytes  76.9 Mbits/sec  6730  
[ 31]  53.00-54.00  sec  9.17 MBytes  76.9 Mbits/sec  6730  
[ 33]  53.00-54.00  sec  9.17 MBytes  76.9 Mbits/sec  6730  
[ 35]  53.00-54.00  sec  9.17 MBytes  76.9 Mbits/sec  6730  
[ 37]  53.00-54.00  sec  9.17 MBytes  76.9 Mbits/sec  6730  
[ 39]  53.00-54.00  sec  9.17 MBytes  76.9 Mbits/sec  6730  
[ 41]  53.00-54.00  sec  9.17 MBytes  76.9 Mbits/sec  6730  
[ 43]  53.00-54.00  sec  9.17 MBytes  76.9 Mbits/sec  6730  
[SUM]  53.00-54.00  sec   183 MBytes  1537 Mbits/sec  134600  
- - - - - - - - - - - - - - - - - - - - - - - - -
[  5]  54.00-55.00  sec  9.12 MBytes  76.5 Mbits/sec  6697  
[  7]  54.00-55.00  sec  9.12 MBytes  76.5 Mbits/sec  6697  
[  9]  54.00-55.00  sec  9.12 MBytes  76.5 Mbits/sec  6697  
[ 11]  54.00-55.00  sec  9.12 MBytes  76.5 Mbits/sec  6697  
[ 13]  54.00-55.00  sec  9.12 MBytes  76.5 Mbits/sec  6697  
[ 15]  54.00-55.00  sec  9.12 MBytes  76.5 Mbits/sec  6697  
[ 17]  54.00-55.00  sec  9.12 MBytes  76.5 Mbits/sec  6697  
[ 19]  54.00-55.00  sec  9.12 MBytes  76.5 Mbits/sec  6697  
[ 21]  54.00-55.00  sec  9.12 MBytes  76.5 Mbits/sec  6697  
[ 23]  54.00-55.00  sec  9.12 MBytes  76.5 Mbits/sec  6697  
[ 25]  54.00-55.00  sec  9.12 MBytes  76.5 Mbits/sec  6697  
[ 27]  54.00-55.00  sec  9.12 MBytes  76.5 Mbits/sec  6697  
[ 29]  54.00-55.00  sec  9.12 MBytes  76.5 Mbits/sec  6697  
[ 31]  54.00-55.00  sec  9.12 MBytes  76.5 Mbits/sec  6697  
[ 33]  54.00-55.00  sec  9.12 MBytes  76.5 Mbits/sec  6697  
[ 35]  54.00-55.00  sec  9.12 MBytes  76.5 Mbits/sec  6697  
[ 37]  54.00-55.00  sec  9.12 MBytes  76.5 Mbits/sec  6697  
[ 39]  54.00-55.00  sec  9.12 MBytes  76.5 Mbits/sec  6697  
[ 41]  54.00-55.00  sec  9.12 MBytes  76.5 Mbits/sec  6697  
[ 43]  54.00-55.00  sec  9.12 MBytes  76.5 Mbits/sec  6697  
[SUM]  54.00-55.00  sec   182 MBytes  1530 Mbits/sec  133940  
- - - - - - - - - - - - - - - - - - - - - - - - -
[  5]  55.00-56.00  sec  9.10 MBytes  76.3 Mbits/sec  6681  
[  7]  55.00-56.00  sec  9.10 MBytes  76.3 Mbits/sec  6681  
[  9]  55.00-56.00  sec  9.10 MBytes  76.3 Mbits/sec  6681  
[ 11]  55.00-56.00  sec  9.10 MBytes  76.3 Mbits/sec  6681  
[ 13]  55.00-56.00  sec  9.10 MBytes  76.3 Mbits/sec  6681  
[ 15]  55.00-56.00  sec  9.10 MBytes  76.3 Mbits/sec  6681  
[ 17]  55.00-56.00  sec  9.10 MBytes  76.3 Mbits/sec  6681  
[ 19]  55.00-56.00  sec  9.10 MBytes  76.3 Mbits/sec  6681  
[ 21]  55.00-56.00  sec  9.10 MBytes  76.3 Mbits/sec  6681  
[ 23]  55.00-56.00  sec  9.10 MBytes  76.3 Mbits/sec  6681  
[ 25]  55.00-56.00  sec  9.10 MBytes  76.3 Mbits/sec  6681  
[ 27]  55.00-56.00  sec  9.10 MBytes  76.3 Mbits/sec  6681  
[ 29]  55.00-56.00  sec  9.10 MBytes  76.3 Mbits/sec  6681  
[ 31]  55.00-56.00  sec  9.10 MBytes  76.3 Mbits/sec  6681  
[ 33]  55.00-56.00  sec  9.10 MBytes  76.3 Mbits/sec  6681  
[ 35]  55.00-56.00  sec  9.10 MBytes  76.3 Mbits/sec  6681  
[ 37]  55.00-56.00  sec  9.10 MBytes  76.3 Mbits/sec  6681  
[ 39]  55.00-56.00  sec  9.10 MBytes  76.3 Mbits/sec  6681  
[ 41]  55.00-56.00  sec  9.10 MBytes  76.3 Mbits/sec  6681  
[ 43]  55.00-56.00  sec  9.10 MBytes  76.3 Mbits/sec  6681  
[SUM]  55.00-56.00  sec   182 MBytes  1527 Mbits/sec  133620  
- - - - - - - - - - - - - - - - - - - - - - - - -
[  5]  56.00-57.00  sec  9.16 MBytes  76.9 Mbits/sec  6728  
[  7]  56.00-57.00  sec  9.16 MBytes  76.9 Mbits/sec  6728  
[  9]  56.00-57.00  sec  9.16 MBytes  76.9 Mbits/sec  6728  
[ 11]  56.00-57.00  sec  9.16 MBytes  76.9 Mbits/sec  6728  
[ 13]  56.00-57.00  sec  9.16 MBytes  76.9 Mbits/sec  6728  
[ 15]  56.00-57.00  sec  9.16 MBytes  76.9 Mbits/sec  6728  
[ 17]  56.00-57.00  sec  9.16 MBytes  76.9 Mbits/sec  6728  
[ 19]  56.00-57.00  sec  9.16 MBytes  76.9 Mbits/sec  6728  
[ 21]  56.00-57.00  sec  9.16 MBytes  76.9 Mbits/sec  6728  
[ 23]  56.00-57.00  sec  9.16 MBytes  76.9 Mbits/sec  6728  
[ 25]  56.00-57.00  sec  9.16 MBytes  76.9 Mbits/sec  6728  
[ 27]  56.00-57.00  sec  9.16 MBytes  76.9 Mbits/sec  6728  
[ 29]  56.00-57.00  sec  9.16 MBytes  76.9 Mbits/sec  6728  
[ 31]  56.00-57.00  sec  9.16 MBytes  76.9 Mbits/sec  6728  
[ 33]  56.00-57.00  sec  9.16 MBytes  76.9 Mbits/sec  6728  
[ 35]  56.00-57.00  sec  9.16 MBytes  76.9 Mbits/sec  6728  
[ 37]  56.00-57.00  sec  9.16 MBytes  76.9 Mbits/sec  6728  
[ 39]  56.00-57.00  sec  9.16 MBytes  76.9 Mbits/sec  6728  
[ 41]  56.00-57.00  sec  9.16 MBytes  76.9 Mbits/sec  6728  
[ 43]  56.00-57.00  sec  9.16 MBytes  76.9 Mbits/sec  6728  
[SUM]  56.00-57.00  sec   183 MBytes  1537 Mbits/sec  134560  
- - - - - - - - - - - - - - - - - - - - - - - - -
[  5]  57.00-58.00  sec  9.11 MBytes  76.4 Mbits/sec  6688  
[  7]  57.00-58.00  sec  9.11 MBytes  76.4 Mbits/sec  6688  
[  9]  57.00-58.00  sec  9.11 MBytes  76.4 Mbits/sec  6688  
[ 11]  57.00-58.00  sec  9.11 MBytes  76.4 Mbits/sec  6688  
[ 13]  57.00-58.00  sec  9.11 MBytes  76.4 Mbits/sec  6688  
[ 15]  57.00-58.00  sec  9.11 MBytes  76.4 Mbits/sec  6688  
[ 17]  57.00-58.00  sec  9.11 MBytes  76.4 Mbits/sec  6688  
[ 19]  57.00-58.00  sec  9.11 MBytes  76.4 Mbits/sec  6688  
[ 21]  57.00-58.00  sec  9.11 MBytes  76.4 Mbits/sec  6688  
[ 23]  57.00-58.00  sec  9.11 MBytes  76.4 Mbits/sec  6688  
[ 25]  57.00-58.00  sec  9.11 MBytes  76.4 Mbits/sec  6688  
[ 27]  57.00-58.00  sec  9.11 MBytes  76.4 Mbits/sec  6688  
[ 29]  57.00-58.00  sec  9.11 MBytes  76.4 Mbits/sec  6688  
[ 31]  57.00-58.00  sec  9.11 MBytes  76.4 Mbits/sec  6688  
[ 33]  57.00-58.00  sec  9.11 MBytes  76.4 Mbits/sec  6688  
[ 35]  57.00-58.00  sec  9.11 MBytes  76.4 Mbits/sec  6688  
[ 37]  57.00-58.00  sec  9.11 MBytes  76.4 Mbits/sec  6688  
[ 39]  57.00-58.00  sec  9.11 MBytes  76.4 Mbits/sec  6688  
[ 41]  57.00-58.00  sec  9.11 MBytes  76.4 Mbits/sec  6688  
[ 43]  57.00-58.00  sec  9.11 MBytes  76.4 Mbits/sec  6688  
[SUM]  57.00-58.00  sec   182 MBytes  1528 Mbits/sec  133760  
- - - - - - - - - - - - - - - - - - - - - - - - -
[  5]  58.00-59.00  sec  8.94 MBytes  75.0 Mbits/sec  6563  
[  7]  58.00-59.00  sec  8.94 MBytes  75.0 Mbits/sec  6563  
[  9]  58.00-59.00  sec  8.94 MBytes  75.0 Mbits/sec  6563  
[ 11]  58.00-59.00  sec  8.94 MBytes  75.0 Mbits/sec  6563  
[ 13]  58.00-59.00  sec  8.94 MBytes  75.0 Mbits/sec  6563  
[ 15]  58.00-59.00  sec  8.94 MBytes  75.0 Mbits/sec  6563  
[ 17]  58.00-59.00  sec  8.94 MBytes  75.0 Mbits/sec  6563  
[ 19]  58.00-59.00  sec  8.94 MBytes  75.0 Mbits/sec  6563  
[ 21]  58.00-59.00  sec  8.94 MBytes  75.0 Mbits/sec  6563  
[ 23]  58.00-59.00  sec  8.94 MBytes  75.0 Mbits/sec  6563  
[ 25]  58.00-59.00  sec  8.94 MBytes  75.0 Mbits/sec  6563  
[ 27]  58.00-59.00  sec  8.94 MBytes  75.0 Mbits/sec  6563  
[ 29]  58.00-59.00  sec  8.94 MBytes  75.0 Mbits/sec  6563  
[ 31]  58.00-59.00  sec  8.94 MBytes  75.0 Mbits/sec  6563  
[ 33]  58.00-59.00  sec  8.94 MBytes  75.0 Mbits/sec  6563  
[ 35]  58.00-59.00  sec  8.94 MBytes  75.0 Mbits/sec  6563  
[ 37]  58.00-59.00  sec  8.94 MBytes  75.0 Mbits/sec  6563  
[ 39]  58.00-59.00  sec  8.94 MBytes  75.0 Mbits/sec  6563  
[ 41]  58.00-59.00  sec  8.94 MBytes  75.0 Mbits/sec  6563  
[ 43]  58.00-59.00  sec  8.94 MBytes  75.0 Mbits/sec  6563  
[SUM]  58.00-59.00  sec   179 MBytes  1500 Mbits/sec  131260  
- - - - - - - - - - - - - - - - - - - - - - - - -
[  5]  59.00-60.00  sec  9.00 MBytes  75.5 Mbits/sec  6609  
[  7]  59.00-60.00  sec  9.00 MBytes  75.5 Mbits/sec  6609  
[  9]  59.00-60.00  sec  9.00 MBytes  75.5 Mbits/sec  6609  
[ 11]  59.00-60.00  sec  9.00 MBytes  75.5 Mbits/sec  6609  
[ 13]  59.00-60.00  sec  9.00 MBytes  75.5 Mbits/sec  6609  
[ 15]  59.00-60.00  sec  9.00 MBytes  75.5 Mbits/sec  6609  
[ 17]  59.00-60.00  sec  9.00 MBytes  75.5 Mbits/sec  6609  
[ 19]  59.00-60.00  sec  9.00 MBytes  75.5 Mbits/sec  6609  
[ 21]  59.00-60.00  sec  9.00 MBytes  75.5 Mbits/sec  6609  
[ 23]  59.00-60.00  sec  9.00 MBytes  75.5 Mbits/sec  6609  
[ 25]  59.00-60.00  sec  9.00 MBytes  75.5 Mbits/sec  6609  
[ 27]  59.00-60.00  sec  9.00 MBytes  75.5 Mbits/sec  6609  
[ 29]  59.00-60.00  sec  9.00 MBytes  75.5 Mbits/sec  6609  
[ 31]  59.00-60.00  sec  9.00 MBytes  75.5 Mbits/sec  6609  
[ 33]  59.00-60.00  sec  9.00 MBytes  75.5 Mbits/sec  6609  
[ 35]  59.00-60.00  sec  9.00 MBytes  75.5 Mbits/sec  6609  
[ 37]  59.00-60.00  sec  9.00 MBytes  75.5 Mbits/sec  6609  
[ 39]  59.00-60.00  sec  9.00 MBytes  75.5 Mbits/sec  6609  
[ 41]  59.00-60.00  sec  9.00 MBytes  75.5 Mbits/sec  6609  
[ 43]  59.00-60.00  sec  9.00 MBytes  75.5 Mbits/sec  6609  
[SUM]  59.00-60.00  sec   180 MBytes  1510 Mbits/sec  132180  
- - - - - - - - - - - - - - - - - - - - - - - - -
[ ID] Interval           Transfer     Bitrate         Jitter    Lost/Total Datagrams
[  5]   0.00-60.00  sec   547 MBytes  76.5 Mbits/sec  0.000 ms  0/401768 (0%)  sender
[  5]   0.00-60.00  sec   543 MBytes  75.9 Mbits/sec  0.043 ms  3013/401768 (0.75%)  receiver
[  7]   0.00-60.00  sec   547 MBytes  76.5 Mbits/sec  0.000 ms  0/401768 (0%)  sender
[  7]   0.00-60.00  sec   543 MBytes  75.9 Mbits/sec  0.042 ms  3011/401768 (0.75%)  receiver
[  9]   0.00-60.00  sec   547 MBytes  76.5 Mbits/sec  0.000 ms  0/401768 (0%)  sender
[  9]   0.00-60.00  sec   543 MBytes  75.9 Mbits/sec  0.046 ms  3003/401768 (0.75%)  receiver
[ 11]   0.00-60.00  sec   547 MBytes  76.5 Mbits/sec  0.000 ms  0/401768 (0%)  sender
[ 11]   0.00-60.00  sec   543 MBytes  75.9 Mbits/sec  0.057 ms  3006/401768 (0.75%)  receiver
[ 13]   0.00-60.00  sec   547 MBytes  76.5 Mbits/sec  0.000 ms  0/401768 (0%)  sender
[ 13]   0.00-60.00  sec   543 MBytes  75.9 Mbits/sec  0.051 ms  3000/401768 (0.75%)  receiver
[ 15]   0.00-60.00  sec   547 MBytes  76.5 Mbits/sec  0.000 ms  0/401768 (0%)  sender
[ 15]   0.00-60.00  sec   543 MBytes  75.9 Mbits/sec  0.049 ms  3003/401768 (0.75%)  receiver
[ 17]   0.00-60.00  sec   547 MBytes  76.5 Mbits/sec  0.000 ms  0/401768 (0%)  sender
[ 17]   0.00-60.00  sec   543 MBytes  75.9 Mbits/sec  0.046 ms  2983/401768 (0.74%)  receiver
[ 19]   0.00-60.00  sec   547 MBytes  76.5 Mbits/sec  0.000 ms  0/401768 (0%)  sender
[ 19]   0.00-60.00  sec   543 MBytes  75.9 Mbits/sec  0.042 ms  3017/401768 (0.75%)  receiver
[ 21]   0.00-60.00  sec   547 MBytes  76.5 Mbits/sec  0.000 ms  0/401768 (0%)  sender
[ 21]   0.00-60.00  sec   543 MBytes  75.9 Mbits/sec  0.044 ms  2992/401768 (0.74%)  receiver
[ 23]   0.00-60.00  sec   547 MBytes  76.5 Mbits/sec  0.000 ms  0/401768 (0%)  sender
[ 23]   0.00-60.00  sec   543 MBytes  75.9 Mbits/sec  0.039 ms  3059/401768 (0.76%)  receiver
[ 25]   0.00-60.00  sec   547 MBytes  76.5 Mbits/sec  0.000 ms  0/401768 (0%)  sender
[ 25]   0.00-60.00  sec   543 MBytes  75.9 Mbits/sec  0.050 ms  3004/401768 (0.75%)  receiver
[ 27]   0.00-60.00  sec   547 MBytes  76.5 Mbits/sec  0.000 ms  0/401768 (0%)  sender
[ 27]   0.00-60.00  sec   543 MBytes  75.9 Mbits/sec  0.062 ms  3021/401768 (0.75%)  receiver
[ 29]   0.00-60.00  sec   547 MBytes  76.5 Mbits/sec  0.000 ms  0/401768 (0%)  sender
[ 29]   0.00-60.00  sec   543 MBytes  75.9 Mbits/sec  0.060 ms  2993/401768 (0.74%)  receiver
[ 31]   0.00-60.00  sec   547 MBytes  76.5 Mbits/sec  0.000 ms  0/401768 (0%)  sender
[ 31]   0.00-60.00  sec   543 MBytes  75.9 Mbits/sec  0.038 ms  3029/401768 (0.75%)  receiver
[ 33]   0.00-60.00  sec   547 MBytes  76.5 Mbits/sec  0.000 ms  0/401768 (0%)  sender
[ 33]   0.00-60.00  sec   543 MBytes  75.9 Mbits/sec  0.052 ms  3033/401768 (0.75%)  receiver
[ 35]   0.00-60.00  sec   547 MBytes  76.5 Mbits/sec  0.000 ms  0/401768 (0%)  sender
[ 35]   0.00-60.00  sec   543 MBytes  75.9 Mbits/sec  0.058 ms  3013/401768 (0.75%)  receiver
[ 37]   0.00-60.00  sec   547 MBytes  76.5 Mbits/sec  0.000 ms  0/401768 (0%)  sender
[ 37]   0.00-60.00  sec   543 MBytes  75.9 Mbits/sec  0.055 ms  2990/401768 (0.74%)  receiver
[ 39]   0.00-60.00  sec   547 MBytes  76.5 Mbits/sec  0.000 ms  0/401768 (0%)  sender
[ 39]   0.00-60.00  sec   543 MBytes  75.9 Mbits/sec  0.051 ms  3013/401768 (0.75%)  receiver
[ 41]   0.00-60.00  sec   547 MBytes  76.5 Mbits/sec  0.000 ms  0/401768 (0%)  sender
[ 41]   0.00-60.00  sec   543 MBytes  75.9 Mbits/sec  0.048 ms  3006/401768 (0.75%)  receiver
[ 43]   0.00-60.00  sec   547 MBytes  76.5 Mbits/sec  0.000 ms  0/401768 (0%)  sender
[ 43]   0.00-60.00  sec   543 MBytes  75.9 Mbits/sec  0.059 ms  3068/401768 (0.76%)  receiver
[SUM]   0.00-60.00  sec  10.7 GBytes  1530 Mbits/sec  0.000 ms  0/8035360 (0%)  sender
[SUM]   0.00-60.00  sec  10.6 GBytes  1518 Mbits/sec  0.050 ms  60257/8035360 (0.75%)  receiver

iperf Done.
