Connecting to host 10.10.0.6, port 30000
[  5] local 10.244.1.2 port 45173 connected to 10.10.0.6 port 30000
[ ID] Interval           Transfer     Bitrate         Total Datagrams
[  5]   0.00-1.00   sec   141 MBytes  1181 Mbits/sec  103407  
[  5]   1.00-2.00   sec   144 MBytes  1207 Mbits/sec  105638  
[  5]   2.00-3.00   sec   149 MBytes  1246 Mbits/sec  109092  
[  5]   3.00-4.00   sec   175 MBytes  1469 Mbits/sec  128576  
[  5]   4.00-5.00   sec   172 MBytes  1444 Mbits/sec  126393  
[  5]   5.00-6.00   sec   175 MBytes  1472 Mbits/sec  128856  
[  5]   6.00-7.00   sec   171 MBytes  1436 Mbits/sec  125704  
[  5]   7.00-8.00   sec   176 MBytes  1474 Mbits/sec  129038  
[  5]   8.00-9.00   sec   171 MBytes  1437 Mbits/sec  125781  
[  5]   9.00-10.00  sec   176 MBytes  1475 Mbits/sec  129149  
[  5]  10.00-11.00  sec   172 MBytes  1443 Mbits/sec  126293  
[  5]  11.00-12.00  sec   176 MBytes  1478 Mbits/sec  129384  
[  5]  12.00-13.00  sec   173 MBytes  1455 Mbits/sec  127355  
[  5]  13.00-14.00  sec   175 MBytes  1472 Mbits/sec  128834  
[  5]  14.00-15.00  sec   176 MBytes  1474 Mbits/sec  129035  
[  5]  15.00-16.00  sec   175 MBytes  1472 Mbits/sec  128842  
[  5]  16.00-17.00  sec   176 MBytes  1477 Mbits/sec  129305  
[  5]  17.00-18.00  sec   175 MBytes  1465 Mbits/sec  128197  
[  5]  18.00-19.00  sec   164 MBytes  1378 Mbits/sec  120618  
[  5]  19.00-20.00  sec   144 MBytes  1208 Mbits/sec  105737  
[  5]  20.00-21.00  sec   143 MBytes  1203 Mbits/sec  105263  
[  5]  21.00-22.00  sec   145 MBytes  1219 Mbits/sec  106729  
[  5]  22.00-23.00  sec   138 MBytes  1158 Mbits/sec  101392  
[  5]  23.00-24.00  sec   141 MBytes  1186 Mbits/sec  103832  
[  5]  24.00-25.00  sec   144 MBytes  1207 Mbits/sec  105680  
[  5]  25.00-26.00  sec   140 MBytes  1172 Mbits/sec  102604  
[  5]  26.00-27.00  sec   141 MBytes  1182 Mbits/sec  103425  
[  5]  27.00-28.00  sec   143 MBytes  1201 Mbits/sec  105092  
[  5]  28.00-29.00  sec   144 MBytes  1205 Mbits/sec  105500  
[  5]  29.00-30.00  sec   141 MBytes  1186 Mbits/sec  103784  
[  5]  30.00-31.00  sec   140 MBytes  1174 Mbits/sec  102750  
[  5]  31.00-32.00  sec   137 MBytes  1151 Mbits/sec  100757  
[  5]  32.00-33.00  sec   145 MBytes  1219 Mbits/sec  106701  
[  5]  33.00-34.00  sec   145 MBytes  1218 Mbits/sec  106646  
[  5]  34.00-35.00  sec   133 MBytes  1117 Mbits/sec  97789  
[  5]  35.00-36.00  sec   127 MBytes  1065 Mbits/sec  93227  
[  5]  36.00-37.00  sec   143 MBytes  1196 Mbits/sec  104669  
[  5]  37.00-38.00  sec   145 MBytes  1219 Mbits/sec  106747  
[  5]  38.00-39.00  sec   146 MBytes  1222 Mbits/sec  106932  
[  5]  39.00-40.00  sec   143 MBytes  1197 Mbits/sec  104801  
[  5]  40.00-41.00  sec   143 MBytes  1203 Mbits/sec  105332  
[  5]  41.00-42.00  sec   146 MBytes  1221 Mbits/sec  106862  
[  5]  42.00-43.00  sec   142 MBytes  1193 Mbits/sec  104466  
[  5]  43.00-44.00  sec   142 MBytes  1189 Mbits/sec  104093  
[  5]  44.00-45.00  sec   142 MBytes  1192 Mbits/sec  104370  
[  5]  45.00-46.00  sec   145 MBytes  1218 Mbits/sec  106631  
[  5]  46.00-47.00  sec   144 MBytes  1205 Mbits/sec  105511  
[  5]  47.00-48.00  sec   146 MBytes  1221 Mbits/sec  106923  
[  5]  48.00-49.00  sec   143 MBytes  1196 Mbits/sec  104649  
[  5]  49.00-50.00  sec   144 MBytes  1208 Mbits/sec  105733  
[  5]  50.00-51.00  sec   143 MBytes  1200 Mbits/sec  105020  
[  5]  51.00-52.00  sec   136 MBytes  1142 Mbits/sec  99957  
[  5]  52.00-53.00  sec   154 MBytes  1291 Mbits/sec  112984  
[  5]  53.00-54.00  sec   175 MBytes  1470 Mbits/sec  128656  
[  5]  54.00-55.00  sec   176 MBytes  1477 Mbits/sec  129272  
[  5]  55.00-56.00  sec   175 MBytes  1464 Mbits/sec  128174  
[  5]  56.00-57.00  sec   173 MBytes  1454 Mbits/sec  127291  
[  5]  57.00-58.00  sec   175 MBytes  1470 Mbits/sec  128719  
[  5]  58.00-59.00  sec   175 MBytes  1471 Mbits/sec  128784  
[  5]  59.00-60.00  sec   163 MBytes  1365 Mbits/sec  119494  
- - - - - - - - - - - - - - - - - - - - - - - - -
[ ID] Interval           Transfer     Bitrate         Jitter    Lost/Total Datagrams
[  5]   0.00-60.00  sec  9.05 GBytes  1295 Mbits/sec  0.000 ms  0/6802475 (0%)  sender
[  5]   0.00-60.00  sec  9.02 GBytes  1292 Mbits/sec  0.011 ms  17514/6802475 (0.26%)  receiver

iperf Done.
