Connecting to host 10.10.0.6, port 30000
[  5] local 10.244.110.193 port 35432 connected to 10.10.0.6 port 30000
[ ID] Interval           Transfer     Bitrate         Retr  Cwnd
[  5]   0.00-1.00   sec  1.80 GBytes  15450 Mbits/sec  4642   1.41 MBytes       
[  5]   1.00-2.00   sec  2.25 GBytes  19364 Mbits/sec   76   1.47 MBytes       
[  5]   2.00-3.00   sec  2.31 GBytes  19806 Mbits/sec  356   1.55 MBytes       
[  5]   3.00-4.00   sec  2.25 GBytes  19372 Mbits/sec  1070   1.06 MBytes       
[  5]   4.00-5.00   sec  2.33 GBytes  20026 Mbits/sec  1013   1.51 MBytes       
[  5]   5.00-6.00   sec  2.26 GBytes  19378 Mbits/sec  425   1.51 MBytes       
[  5]   6.00-7.00   sec  2.34 GBytes  20081 Mbits/sec  377   1.07 MBytes       
[  5]   7.00-8.00   sec  2.33 GBytes  20036 Mbits/sec  174   1.29 MBytes       
[  5]   8.00-9.00   sec  2.33 GBytes  20012 Mbits/sec  161   1.44 MBytes       
[  5]   9.00-10.00  sec  2.15 GBytes  18441 Mbits/sec  2722   1.44 MBytes       
[  5]  10.00-11.00  sec  2.14 GBytes  18382 Mbits/sec  675   1.46 MBytes       
[  5]  11.00-12.00  sec  2.12 GBytes  18224 Mbits/sec  109   1.26 MBytes       
[  5]  12.00-13.00  sec  1.78 GBytes  15307 Mbits/sec  137   1014 KBytes       
[  5]  13.00-14.00  sec  1.72 GBytes  14787 Mbits/sec  2388   1.39 MBytes       
[  5]  14.00-15.00  sec  1.76 GBytes  15121 Mbits/sec  777   1.40 MBytes       
[  5]  15.00-16.00  sec  1.65 GBytes  14185 Mbits/sec   38   1.29 MBytes       
[  5]  16.00-17.00  sec  1.69 GBytes  14514 Mbits/sec   85   1.42 MBytes       
[  5]  17.00-18.00  sec  1.57 GBytes  13474 Mbits/sec   51   1.31 MBytes       
[  5]  18.00-19.00  sec  1.75 GBytes  15024 Mbits/sec  139   1.28 MBytes       
[  5]  19.00-20.00  sec  1.81 GBytes  15533 Mbits/sec  720   1.40 MBytes       
[  5]  20.00-21.00  sec  1.80 GBytes  15456 Mbits/sec  522   1.29 MBytes       
[  5]  21.00-22.00  sec  1.97 GBytes  16909 Mbits/sec  356   1.02 MBytes       
[  5]  22.00-23.00  sec  2.13 GBytes  18313 Mbits/sec  373   1.37 MBytes       
[  5]  23.00-24.00  sec  2.20 GBytes  18938 Mbits/sec  1315   1.14 MBytes       
[  5]  24.00-25.00  sec  2.19 GBytes  18764 Mbits/sec  2305   1.33 MBytes       
[  5]  25.00-26.00  sec  2.30 GBytes  19726 Mbits/sec  697   1.33 MBytes       
[  5]  26.00-27.00  sec  1.91 GBytes  16395 Mbits/sec  328   1.34 MBytes       
[  5]  27.00-28.00  sec  2.07 GBytes  17751 Mbits/sec  1762   1.37 MBytes       
[  5]  28.00-29.00  sec  2.13 GBytes  18282 Mbits/sec  1181   1.38 MBytes       
[  5]  29.00-30.00  sec  2.00 GBytes  17219 Mbits/sec  2742    892 KBytes       
[  5]  30.00-31.00  sec  2.06 GBytes  17688 Mbits/sec  2487   1.38 MBytes       
[  5]  31.00-32.00  sec  2.11 GBytes  18153 Mbits/sec  1455   1022 KBytes       
[  5]  32.00-33.00  sec  2.13 GBytes  18297 Mbits/sec  610   1.29 MBytes       
[  5]  33.00-34.00  sec  2.03 GBytes  17442 Mbits/sec  1184   1.11 MBytes       
[  5]  34.00-35.00  sec  2.01 GBytes  17246 Mbits/sec  269   1.41 MBytes       
[  5]  35.00-36.00  sec  2.04 GBytes  17493 Mbits/sec  425   1.39 MBytes       
[  5]  36.00-37.00  sec  1.96 GBytes  16809 Mbits/sec  1631   1.30 MBytes       
[  5]  37.00-38.00  sec  1010 MBytes  8473 Mbits/sec  3906   1.44 MBytes       
[  5]  38.00-39.00  sec  1.90 GBytes  16347 Mbits/sec  735   1008 KBytes       
[  5]  39.00-40.00  sec  2.06 GBytes  17715 Mbits/sec  1148   1.47 MBytes       
[  5]  40.00-41.00  sec  2.14 GBytes  18377 Mbits/sec  1376   1.25 MBytes       
[  5]  41.00-42.00  sec  2.11 GBytes  18083 Mbits/sec  574   1.42 MBytes       
[  5]  42.00-43.00  sec  2.20 GBytes  18897 Mbits/sec  742   1.45 MBytes       
[  5]  43.00-44.00  sec  2.06 GBytes  17682 Mbits/sec  873   1.42 MBytes       
[  5]  44.00-45.00  sec  1.98 GBytes  16967 Mbits/sec  688   1.19 MBytes       
[  5]  45.00-46.00  sec  2.07 GBytes  17784 Mbits/sec  1579   1.14 MBytes       
[  5]  46.00-47.00  sec  1.89 GBytes  16254 Mbits/sec  4052   1.12 MBytes       
[  5]  47.00-48.00  sec  1.99 GBytes  17127 Mbits/sec  552   1.39 MBytes       
[  5]  48.00-49.00  sec  2.24 GBytes  19266 Mbits/sec  772   1.61 MBytes       
[  5]  49.00-50.00  sec  2.63 GBytes  22621 Mbits/sec  251   1.50 MBytes       
[  5]  50.00-51.00  sec  2.26 GBytes  19439 Mbits/sec  1262   1.46 MBytes       
[  5]  51.00-52.00  sec  2.12 GBytes  18221 Mbits/sec  236   1.38 MBytes       
[  5]  52.00-53.00  sec  2.42 GBytes  20783 Mbits/sec  337   1.35 MBytes       
[  5]  53.00-54.00  sec  2.57 GBytes  22093 Mbits/sec  311   1.48 MBytes       
[  5]  54.00-55.00  sec  2.71 GBytes  23261 Mbits/sec  264   1.56 MBytes       
[  5]  55.00-56.00  sec  2.60 GBytes  22333 Mbits/sec  602   1.48 MBytes       
[  5]  56.00-57.00  sec  2.42 GBytes  20810 Mbits/sec   25   1.33 MBytes       
[  5]  57.00-58.00  sec  2.38 GBytes  20470 Mbits/sec  479   1.62 MBytes       
[  5]  58.00-59.00  sec  2.41 GBytes  20693 Mbits/sec   83   1.60 MBytes       
[  5]  59.00-60.00  sec  2.41 GBytes  20709 Mbits/sec   81   1.34 MBytes       
- - - - - - - - - - - - - - - - - - - - - - - - -
[ ID] Interval           Transfer     Bitrate         Retr
[  5]   0.00-60.00  sec   126 GBytes  18030 Mbits/sec  56705             sender
[  5]   0.00-60.00  sec   126 GBytes  18030 Mbits/sec                  receiver

iperf Done.
