Connecting to host 10.10.0.2, port 30000
[  5] local 10.244.229.65 port 44725 connected to 10.10.0.2 port 30000
[  7] local 10.244.229.65 port 48146 connected to 10.10.0.2 port 30000
[  9] local 10.244.229.65 port 49764 connected to 10.10.0.2 port 30000
[ 11] local 10.244.229.65 port 49518 connected to 10.10.0.2 port 30000
[ 13] local 10.244.229.65 port 32889 connected to 10.10.0.2 port 30000
[ 15] local 10.244.229.65 port 33637 connected to 10.10.0.2 port 30000
[ 17] local 10.244.229.65 port 35072 connected to 10.10.0.2 port 30000
[ 19] local 10.244.229.65 port 50926 connected to 10.10.0.2 port 30000
[ 21] local 10.244.229.65 port 57764 connected to 10.10.0.2 port 30000
[ 23] local 10.244.229.65 port 57689 connected to 10.10.0.2 port 30000
[ 25] local 10.244.229.65 port 45029 connected to 10.10.0.2 port 30000
[ 27] local 10.244.229.65 port 60837 connected to 10.10.0.2 port 30000
[ 29] local 10.244.229.65 port 56627 connected to 10.10.0.2 port 30000
[ 31] local 10.244.229.65 port 40217 connected to 10.10.0.2 port 30000
[ 33] local 10.244.229.65 port 46759 connected to 10.10.0.2 port 30000
[ 35] local 10.244.229.65 port 49133 connected to 10.10.0.2 port 30000
[ 37] local 10.244.229.65 port 54763 connected to 10.10.0.2 port 30000
[ 39] local 10.244.229.65 port 41392 connected to 10.10.0.2 port 30000
[ 41] local 10.244.229.65 port 38899 connected to 10.10.0.2 port 30000
[ 43] local 10.244.229.65 port 58892 connected to 10.10.0.2 port 30000
[ ID] Interval           Transfer     Bitrate         Total Datagrams
[  5]   0.00-1.00   sec  8.56 MBytes  71.8 Mbits/sec  6289  
[  7]   0.00-1.00   sec  8.56 MBytes  71.8 Mbits/sec  6289  
[  9]   0.00-1.00   sec  8.56 MBytes  71.8 Mbits/sec  6289  
[ 11]   0.00-1.00   sec  8.56 MBytes  71.8 Mbits/sec  6289  
[ 13]   0.00-1.00   sec  8.56 MBytes  71.8 Mbits/sec  6289  
[ 15]   0.00-1.00   sec  8.56 MBytes  71.8 Mbits/sec  6289  
[ 17]   0.00-1.00   sec  8.56 MBytes  71.8 Mbits/sec  6289  
[ 19]   0.00-1.00   sec  8.56 MBytes  71.8 Mbits/sec  6289  
[ 21]   0.00-1.00   sec  8.56 MBytes  71.8 Mbits/sec  6289  
[ 23]   0.00-1.00   sec  8.56 MBytes  71.8 Mbits/sec  6289  
[ 25]   0.00-1.00   sec  8.56 MBytes  71.8 Mbits/sec  6289  
[ 27]   0.00-1.00   sec  8.56 MBytes  71.8 Mbits/sec  6289  
[ 29]   0.00-1.00   sec  8.56 MBytes  71.8 Mbits/sec  6289  
[ 31]   0.00-1.00   sec  8.56 MBytes  71.8 Mbits/sec  6289  
[ 33]   0.00-1.00   sec  8.56 MBytes  71.8 Mbits/sec  6289  
[ 35]   0.00-1.00   sec  8.56 MBytes  71.8 Mbits/sec  6289  
[ 37]   0.00-1.00   sec  8.56 MBytes  71.8 Mbits/sec  6289  
[ 39]   0.00-1.00   sec  8.56 MBytes  71.8 Mbits/sec  6289  
[ 41]   0.00-1.00   sec  8.56 MBytes  71.8 Mbits/sec  6289  
[ 43]   0.00-1.00   sec  8.56 MBytes  71.8 Mbits/sec  6289  
[SUM]   0.00-1.00   sec   171 MBytes  1437 Mbits/sec  125780  
- - - - - - - - - - - - - - - - - - - - - - - - -
[  5]   1.00-2.00   sec  7.78 MBytes  65.3 Mbits/sec  5713  
[  7]   1.00-2.00   sec  7.78 MBytes  65.3 Mbits/sec  5713  
[  9]   1.00-2.00   sec  7.78 MBytes  65.3 Mbits/sec  5713  
[ 11]   1.00-2.00   sec  7.78 MBytes  65.3 Mbits/sec  5713  
[ 13]   1.00-2.00   sec  7.78 MBytes  65.3 Mbits/sec  5713  
[ 15]   1.00-2.00   sec  7.78 MBytes  65.3 Mbits/sec  5713  
[ 17]   1.00-2.00   sec  7.78 MBytes  65.3 Mbits/sec  5713  
[ 19]   1.00-2.00   sec  7.78 MBytes  65.3 Mbits/sec  5713  
[ 21]   1.00-2.00   sec  7.78 MBytes  65.3 Mbits/sec  5713  
[ 23]   1.00-2.00   sec  7.78 MBytes  65.3 Mbits/sec  5713  
[ 25]   1.00-2.00   sec  7.78 MBytes  65.3 Mbits/sec  5713  
[ 27]   1.00-2.00   sec  7.78 MBytes  65.3 Mbits/sec  5713  
[ 29]   1.00-2.00   sec  7.78 MBytes  65.3 Mbits/sec  5713  
[ 31]   1.00-2.00   sec  7.78 MBytes  65.3 Mbits/sec  5713  
[ 33]   1.00-2.00   sec  7.78 MBytes  65.3 Mbits/sec  5713  
[ 35]   1.00-2.00   sec  7.78 MBytes  65.3 Mbits/sec  5713  
[ 37]   1.00-2.00   sec  7.78 MBytes  65.3 Mbits/sec  5713  
[ 39]   1.00-2.00   sec  7.78 MBytes  65.3 Mbits/sec  5713  
[ 41]   1.00-2.00   sec  7.78 MBytes  65.3 Mbits/sec  5713  
[ 43]   1.00-2.00   sec  7.78 MBytes  65.3 Mbits/sec  5713  
[SUM]   1.00-2.00   sec   156 MBytes  1305 Mbits/sec  114260  
- - - - - - - - - - - - - - - - - - - - - - - - -
[  5]   2.00-3.00   sec  8.40 MBytes  70.4 Mbits/sec  6167  
[  7]   2.00-3.00   sec  8.40 MBytes  70.4 Mbits/sec  6167  
[  9]   2.00-3.00   sec  8.40 MBytes  70.4 Mbits/sec  6167  
[ 11]   2.00-3.00   sec  8.40 MBytes  70.4 Mbits/sec  6167  
[ 13]   2.00-3.00   sec  8.40 MBytes  70.4 Mbits/sec  6167  
[ 15]   2.00-3.00   sec  8.40 MBytes  70.4 Mbits/sec  6167  
[ 17]   2.00-3.00   sec  8.40 MBytes  70.4 Mbits/sec  6167  
[ 19]   2.00-3.00   sec  8.40 MBytes  70.4 Mbits/sec  6167  
[ 21]   2.00-3.00   sec  8.40 MBytes  70.4 Mbits/sec  6167  
[ 23]   2.00-3.00   sec  8.40 MBytes  70.4 Mbits/sec  6167  
[ 25]   2.00-3.00   sec  8.40 MBytes  70.4 Mbits/sec  6167  
[ 27]   2.00-3.00   sec  8.40 MBytes  70.4 Mbits/sec  6167  
[ 29]   2.00-3.00   sec  8.40 MBytes  70.4 Mbits/sec  6167  
[ 31]   2.00-3.00   sec  8.40 MBytes  70.4 Mbits/sec  6167  
[ 33]   2.00-3.00   sec  8.40 MBytes  70.4 Mbits/sec  6167  
[ 35]   2.00-3.00   sec  8.40 MBytes  70.4 Mbits/sec  6167  
[ 37]   2.00-3.00   sec  8.40 MBytes  70.4 Mbits/sec  6167  
[ 39]   2.00-3.00   sec  8.40 MBytes  70.4 Mbits/sec  6167  
[ 41]   2.00-3.00   sec  8.40 MBytes  70.4 Mbits/sec  6167  
[ 43]   2.00-3.00   sec  8.40 MBytes  70.4 Mbits/sec  6167  
[SUM]   2.00-3.00   sec   168 MBytes  1409 Mbits/sec  123340  
- - - - - - - - - - - - - - - - - - - - - - - - -
[  5]   3.00-4.00   sec  8.57 MBytes  71.9 Mbits/sec  6295  
[  7]   3.00-4.00   sec  8.57 MBytes  71.9 Mbits/sec  6295  
[  9]   3.00-4.00   sec  8.57 MBytes  71.9 Mbits/sec  6295  
[ 11]   3.00-4.00   sec  8.57 MBytes  71.9 Mbits/sec  6295  
[ 13]   3.00-4.00   sec  8.57 MBytes  71.9 Mbits/sec  6295  
[ 15]   3.00-4.00   sec  8.57 MBytes  71.9 Mbits/sec  6295  
[ 17]   3.00-4.00   sec  8.57 MBytes  71.9 Mbits/sec  6295  
[ 19]   3.00-4.00   sec  8.57 MBytes  71.9 Mbits/sec  6295  
[ 21]   3.00-4.00   sec  8.57 MBytes  71.9 Mbits/sec  6295  
[ 23]   3.00-4.00   sec  8.57 MBytes  71.9 Mbits/sec  6295  
[ 25]   3.00-4.00   sec  8.57 MBytes  71.9 Mbits/sec  6295  
[ 27]   3.00-4.00   sec  8.57 MBytes  71.9 Mbits/sec  6295  
[ 29]   3.00-4.00   sec  8.57 MBytes  71.9 Mbits/sec  6295  
[ 31]   3.00-4.00   sec  8.57 MBytes  71.9 Mbits/sec  6295  
[ 33]   3.00-4.00   sec  8.57 MBytes  71.9 Mbits/sec  6295  
[ 35]   3.00-4.00   sec  8.57 MBytes  71.9 Mbits/sec  6295  
[ 37]   3.00-4.00   sec  8.57 MBytes  71.9 Mbits/sec  6295  
[ 39]   3.00-4.00   sec  8.57 MBytes  71.9 Mbits/sec  6295  
[ 41]   3.00-4.00   sec  8.57 MBytes  71.9 Mbits/sec  6295  
[ 43]   3.00-4.00   sec  8.57 MBytes  71.9 Mbits/sec  6295  
[SUM]   3.00-4.00   sec   171 MBytes  1438 Mbits/sec  125900  
- - - - - - - - - - - - - - - - - - - - - - - - -
[  5]   4.00-5.00   sec  8.60 MBytes  72.2 Mbits/sec  6317  
[  7]   4.00-5.00   sec  8.60 MBytes  72.2 Mbits/sec  6317  
[  9]   4.00-5.00   sec  8.60 MBytes  72.2 Mbits/sec  6317  
[ 11]   4.00-5.00   sec  8.60 MBytes  72.2 Mbits/sec  6317  
[ 13]   4.00-5.00   sec  8.60 MBytes  72.2 Mbits/sec  6317  
[ 15]   4.00-5.00   sec  8.60 MBytes  72.2 Mbits/sec  6317  
[ 17]   4.00-5.00   sec  8.60 MBytes  72.2 Mbits/sec  6317  
[ 19]   4.00-5.00   sec  8.60 MBytes  72.2 Mbits/sec  6317  
[ 21]   4.00-5.00   sec  8.60 MBytes  72.2 Mbits/sec  6317  
[ 23]   4.00-5.00   sec  8.60 MBytes  72.2 Mbits/sec  6317  
[ 25]   4.00-5.00   sec  8.60 MBytes  72.2 Mbits/sec  6317  
[ 27]   4.00-5.00   sec  8.60 MBytes  72.2 Mbits/sec  6317  
[ 29]   4.00-5.00   sec  8.60 MBytes  72.2 Mbits/sec  6317  
[ 31]   4.00-5.00   sec  8.60 MBytes  72.2 Mbits/sec  6317  
[ 33]   4.00-5.00   sec  8.60 MBytes  72.2 Mbits/sec  6317  
[ 35]   4.00-5.00   sec  8.60 MBytes  72.2 Mbits/sec  6317  
[ 37]   4.00-5.00   sec  8.60 MBytes  72.2 Mbits/sec  6317  
[ 39]   4.00-5.00   sec  8.60 MBytes  72.2 Mbits/sec  6317  
[ 41]   4.00-5.00   sec  8.60 MBytes  72.2 Mbits/sec  6317  
[ 43]   4.00-5.00   sec  8.60 MBytes  72.2 Mbits/sec  6317  
[SUM]   4.00-5.00   sec   172 MBytes  1443 Mbits/sec  126340  
- - - - - - - - - - - - - - - - - - - - - - - - -
[  5]   5.00-6.00   sec  8.37 MBytes  70.2 Mbits/sec  6143  
[  7]   5.00-6.00   sec  8.37 MBytes  70.2 Mbits/sec  6143  
[  9]   5.00-6.00   sec  8.37 MBytes  70.2 Mbits/sec  6143  
[ 11]   5.00-6.00   sec  8.37 MBytes  70.2 Mbits/sec  6143  
[ 13]   5.00-6.00   sec  8.37 MBytes  70.2 Mbits/sec  6143  
[ 15]   5.00-6.00   sec  8.37 MBytes  70.2 Mbits/sec  6143  
[ 17]   5.00-6.00   sec  8.37 MBytes  70.2 Mbits/sec  6143  
[ 19]   5.00-6.00   sec  8.37 MBytes  70.2 Mbits/sec  6143  
[ 21]   5.00-6.00   sec  8.37 MBytes  70.2 Mbits/sec  6143  
[ 23]   5.00-6.00   sec  8.37 MBytes  70.2 Mbits/sec  6143  
[ 25]   5.00-6.00   sec  8.37 MBytes  70.2 Mbits/sec  6143  
[ 27]   5.00-6.00   sec  8.37 MBytes  70.2 Mbits/sec  6143  
[ 29]   5.00-6.00   sec  8.37 MBytes  70.2 Mbits/sec  6143  
[ 31]   5.00-6.00   sec  8.37 MBytes  70.2 Mbits/sec  6143  
[ 33]   5.00-6.00   sec  8.37 MBytes  70.2 Mbits/sec  6143  
[ 35]   5.00-6.00   sec  8.37 MBytes  70.2 Mbits/sec  6143  
[ 37]   5.00-6.00   sec  8.37 MBytes  70.2 Mbits/sec  6143  
[ 39]   5.00-6.00   sec  8.37 MBytes  70.2 Mbits/sec  6143  
[ 41]   5.00-6.00   sec  8.37 MBytes  70.2 Mbits/sec  6143  
[ 43]   5.00-6.00   sec  8.37 MBytes  70.2 Mbits/sec  6143  
[SUM]   5.00-6.00   sec   167 MBytes  1403 Mbits/sec  122860  
- - - - - - - - - - - - - - - - - - - - - - - - -
[  5]   6.00-7.00   sec  8.56 MBytes  71.8 Mbits/sec  6288  
[  7]   6.00-7.00   sec  8.56 MBytes  71.8 Mbits/sec  6288  
[  9]   6.00-7.00   sec  8.56 MBytes  71.8 Mbits/sec  6288  
[ 11]   6.00-7.00   sec  8.56 MBytes  71.8 Mbits/sec  6288  
[ 13]   6.00-7.00   sec  8.56 MBytes  71.8 Mbits/sec  6288  
[ 15]   6.00-7.00   sec  8.56 MBytes  71.8 Mbits/sec  6288  
[ 17]   6.00-7.00   sec  8.56 MBytes  71.8 Mbits/sec  6288  
[ 19]   6.00-7.00   sec  8.56 MBytes  71.8 Mbits/sec  6288  
[ 21]   6.00-7.00   sec  8.56 MBytes  71.8 Mbits/sec  6288  
[ 23]   6.00-7.00   sec  8.56 MBytes  71.8 Mbits/sec  6288  
[ 25]   6.00-7.00   sec  8.56 MBytes  71.8 Mbits/sec  6288  
[ 27]   6.00-7.00   sec  8.56 MBytes  71.8 Mbits/sec  6288  
[ 29]   6.00-7.00   sec  8.56 MBytes  71.8 Mbits/sec  6288  
[ 31]   6.00-7.00   sec  8.56 MBytes  71.8 Mbits/sec  6288  
[ 33]   6.00-7.00   sec  8.56 MBytes  71.8 Mbits/sec  6288  
[ 35]   6.00-7.00   sec  8.56 MBytes  71.8 Mbits/sec  6288  
[ 37]   6.00-7.00   sec  8.56 MBytes  71.8 Mbits/sec  6288  
[ 39]   6.00-7.00   sec  8.56 MBytes  71.8 Mbits/sec  6288  
[ 41]   6.00-7.00   sec  8.56 MBytes  71.8 Mbits/sec  6288  
[ 43]   6.00-7.00   sec  8.56 MBytes  71.8 Mbits/sec  6288  
[SUM]   6.00-7.00   sec   171 MBytes  1437 Mbits/sec  125760  
- - - - - - - - - - - - - - - - - - - - - - - - -
[  5]   7.00-8.00   sec  8.36 MBytes  70.1 Mbits/sec  6140  
[  7]   7.00-8.00   sec  8.36 MBytes  70.1 Mbits/sec  6140  
[  9]   7.00-8.00   sec  8.36 MBytes  70.1 Mbits/sec  6140  
[ 11]   7.00-8.00   sec  8.36 MBytes  70.1 Mbits/sec  6140  
[ 13]   7.00-8.00   sec  8.36 MBytes  70.1 Mbits/sec  6140  
[ 15]   7.00-8.00   sec  8.36 MBytes  70.1 Mbits/sec  6140  
[ 17]   7.00-8.00   sec  8.36 MBytes  70.1 Mbits/sec  6140  
[ 19]   7.00-8.00   sec  8.36 MBytes  70.1 Mbits/sec  6140  
[ 21]   7.00-8.00   sec  8.36 MBytes  70.1 Mbits/sec  6140  
[ 23]   7.00-8.00   sec  8.36 MBytes  70.1 Mbits/sec  6140  
[ 25]   7.00-8.00   sec  8.36 MBytes  70.1 Mbits/sec  6140  
[ 27]   7.00-8.00   sec  8.36 MBytes  70.1 Mbits/sec  6140  
[ 29]   7.00-8.00   sec  8.36 MBytes  70.1 Mbits/sec  6140  
[ 31]   7.00-8.00   sec  8.36 MBytes  70.1 Mbits/sec  6140  
[ 33]   7.00-8.00   sec  8.36 MBytes  70.1 Mbits/sec  6140  
[ 35]   7.00-8.00   sec  8.36 MBytes  70.1 Mbits/sec  6140  
[ 37]   7.00-8.00   sec  8.36 MBytes  70.1 Mbits/sec  6140  
[ 39]   7.00-8.00   sec  8.36 MBytes  70.1 Mbits/sec  6140  
[ 41]   7.00-8.00   sec  8.36 MBytes  70.1 Mbits/sec  6140  
[ 43]   7.00-8.00   sec  8.36 MBytes  70.1 Mbits/sec  6140  
[SUM]   7.00-8.00   sec   167 MBytes  1403 Mbits/sec  122800  
- - - - - - - - - - - - - - - - - - - - - - - - -
[  5]   8.00-9.00   sec  7.89 MBytes  66.2 Mbits/sec  5792  
[  7]   8.00-9.00   sec  7.89 MBytes  66.2 Mbits/sec  5792  
[  9]   8.00-9.00   sec  7.89 MBytes  66.2 Mbits/sec  5792  
[ 11]   8.00-9.00   sec  7.89 MBytes  66.2 Mbits/sec  5792  
[ 13]   8.00-9.00   sec  7.89 MBytes  66.2 Mbits/sec  5792  
[ 15]   8.00-9.00   sec  7.89 MBytes  66.2 Mbits/sec  5792  
[ 17]   8.00-9.00   sec  7.89 MBytes  66.2 Mbits/sec  5792  
[ 19]   8.00-9.00   sec  7.89 MBytes  66.2 Mbits/sec  5792  
[ 21]   8.00-9.00   sec  7.89 MBytes  66.1 Mbits/sec  5791  
[ 23]   8.00-9.00   sec  7.89 MBytes  66.1 Mbits/sec  5791  
[ 25]   8.00-9.00   sec  7.89 MBytes  66.1 Mbits/sec  5791  
[ 27]   8.00-9.00   sec  7.89 MBytes  66.1 Mbits/sec  5791  
[ 29]   8.00-9.00   sec  7.89 MBytes  66.1 Mbits/sec  5791  
[ 31]   8.00-9.00   sec  7.89 MBytes  66.1 Mbits/sec  5791  
[ 33]   8.00-9.00   sec  7.89 MBytes  66.1 Mbits/sec  5791  
[ 35]   8.00-9.00   sec  7.89 MBytes  66.1 Mbits/sec  5791  
[ 37]   8.00-9.00   sec  7.89 MBytes  66.1 Mbits/sec  5791  
[ 39]   8.00-9.00   sec  7.89 MBytes  66.1 Mbits/sec  5791  
[ 41]   8.00-9.00   sec  7.89 MBytes  66.1 Mbits/sec  5791  
[ 43]   8.00-9.00   sec  7.89 MBytes  66.1 Mbits/sec  5791  
[SUM]   8.00-9.00   sec   158 MBytes  1323 Mbits/sec  115828  
- - - - - - - - - - - - - - - - - - - - - - - - -
[  5]   9.00-10.00  sec  8.55 MBytes  71.8 Mbits/sec  6281  
[  7]   9.00-10.00  sec  8.55 MBytes  71.8 Mbits/sec  6281  
[  9]   9.00-10.00  sec  8.55 MBytes  71.8 Mbits/sec  6281  
[ 11]   9.00-10.00  sec  8.55 MBytes  71.8 Mbits/sec  6281  
[ 13]   9.00-10.00  sec  8.55 MBytes  71.8 Mbits/sec  6281  
[ 15]   9.00-10.00  sec  8.55 MBytes  71.8 Mbits/sec  6281  
[ 17]   9.00-10.00  sec  8.55 MBytes  71.8 Mbits/sec  6281  
[ 19]   9.00-10.00  sec  8.55 MBytes  71.8 Mbits/sec  6281  
[ 21]   9.00-10.00  sec  8.55 MBytes  71.8 Mbits/sec  6281  
[ 23]   9.00-10.00  sec  8.55 MBytes  71.8 Mbits/sec  6281  
[ 25]   9.00-10.00  sec  8.55 MBytes  71.8 Mbits/sec  6281  
[ 27]   9.00-10.00  sec  8.55 MBytes  71.8 Mbits/sec  6281  
[ 29]   9.00-10.00  sec  8.55 MBytes  71.8 Mbits/sec  6281  
[ 31]   9.00-10.00  sec  8.55 MBytes  71.8 Mbits/sec  6281  
[ 33]   9.00-10.00  sec  8.55 MBytes  71.8 Mbits/sec  6281  
[ 35]   9.00-10.00  sec  8.55 MBytes  71.8 Mbits/sec  6281  
[ 37]   9.00-10.00  sec  8.55 MBytes  71.8 Mbits/sec  6281  
[ 39]   9.00-10.00  sec  8.55 MBytes  71.8 Mbits/sec  6281  
[ 41]   9.00-10.00  sec  8.55 MBytes  71.8 Mbits/sec  6281  
[ 43]   9.00-10.00  sec  8.55 MBytes  71.8 Mbits/sec  6281  
[SUM]   9.00-10.00  sec   171 MBytes  1435 Mbits/sec  125620  
- - - - - - - - - - - - - - - - - - - - - - - - -
[  5]  10.00-11.00  sec  8.45 MBytes  70.9 Mbits/sec  6203  
[  7]  10.00-11.00  sec  8.45 MBytes  70.9 Mbits/sec  6203  
[  9]  10.00-11.00  sec  8.45 MBytes  70.9 Mbits/sec  6203  
[ 11]  10.00-11.00  sec  8.45 MBytes  70.9 Mbits/sec  6203  
[ 13]  10.00-11.00  sec  8.45 MBytes  70.9 Mbits/sec  6203  
[ 15]  10.00-11.00  sec  8.45 MBytes  70.9 Mbits/sec  6203  
[ 17]  10.00-11.00  sec  8.45 MBytes  70.9 Mbits/sec  6203  
[ 19]  10.00-11.00  sec  8.45 MBytes  70.9 Mbits/sec  6203  
[ 21]  10.00-11.00  sec  8.45 MBytes  70.9 Mbits/sec  6203  
[ 23]  10.00-11.00  sec  8.45 MBytes  70.9 Mbits/sec  6203  
[ 25]  10.00-11.00  sec  8.45 MBytes  70.9 Mbits/sec  6203  
[ 27]  10.00-11.00  sec  8.45 MBytes  70.9 Mbits/sec  6203  
[ 29]  10.00-11.00  sec  8.45 MBytes  70.9 Mbits/sec  6203  
[ 31]  10.00-11.00  sec  8.45 MBytes  70.9 Mbits/sec  6203  
[ 33]  10.00-11.00  sec  8.45 MBytes  70.9 Mbits/sec  6203  
[ 35]  10.00-11.00  sec  8.45 MBytes  70.9 Mbits/sec  6203  
[ 37]  10.00-11.00  sec  8.45 MBytes  70.9 Mbits/sec  6203  
[ 39]  10.00-11.00  sec  8.45 MBytes  70.9 Mbits/sec  6203  
[ 41]  10.00-11.00  sec  8.45 MBytes  70.9 Mbits/sec  6203  
[ 43]  10.00-11.00  sec  8.45 MBytes  70.9 Mbits/sec  6203  
[SUM]  10.00-11.00  sec   169 MBytes  1417 Mbits/sec  124060  
- - - - - - - - - - - - - - - - - - - - - - - - -
[  5]  11.00-12.00  sec  7.71 MBytes  64.6 Mbits/sec  5659  
[  7]  11.00-12.00  sec  7.71 MBytes  64.6 Mbits/sec  5659  
[  9]  11.00-12.00  sec  7.71 MBytes  64.6 Mbits/sec  5659  
[ 11]  11.00-12.00  sec  7.71 MBytes  64.6 Mbits/sec  5659  
[ 13]  11.00-12.00  sec  7.71 MBytes  64.6 Mbits/sec  5659  
[ 15]  11.00-12.00  sec  7.71 MBytes  64.6 Mbits/sec  5659  
[ 17]  11.00-12.00  sec  7.71 MBytes  64.6 Mbits/sec  5659  
[ 19]  11.00-12.00  sec  7.71 MBytes  64.6 Mbits/sec  5659  
[ 21]  11.00-12.00  sec  7.71 MBytes  64.6 Mbits/sec  5659  
[ 23]  11.00-12.00  sec  7.71 MBytes  64.6 Mbits/sec  5659  
[ 25]  11.00-12.00  sec  7.71 MBytes  64.6 Mbits/sec  5659  
[ 27]  11.00-12.00  sec  7.71 MBytes  64.6 Mbits/sec  5659  
[ 29]  11.00-12.00  sec  7.71 MBytes  64.6 Mbits/sec  5659  
[ 31]  11.00-12.00  sec  7.71 MBytes  64.6 Mbits/sec  5659  
[ 33]  11.00-12.00  sec  7.71 MBytes  64.6 Mbits/sec  5659  
[ 35]  11.00-12.00  sec  7.71 MBytes  64.6 Mbits/sec  5659  
[ 37]  11.00-12.00  sec  7.71 MBytes  64.6 Mbits/sec  5659  
[ 39]  11.00-12.00  sec  7.71 MBytes  64.6 Mbits/sec  5659  
[ 41]  11.00-12.00  sec  7.71 MBytes  64.6 Mbits/sec  5659  
[ 43]  11.00-12.00  sec  7.71 MBytes  64.6 Mbits/sec  5659  
[SUM]  11.00-12.00  sec   154 MBytes  1293 Mbits/sec  113180  
- - - - - - - - - - - - - - - - - - - - - - - - -
[  5]  12.00-13.00  sec  8.45 MBytes  70.9 Mbits/sec  6206  
[  7]  12.00-13.00  sec  8.45 MBytes  70.9 Mbits/sec  6206  
[  9]  12.00-13.00  sec  8.45 MBytes  70.9 Mbits/sec  6206  
[ 11]  12.00-13.00  sec  8.45 MBytes  70.9 Mbits/sec  6206  
[ 13]  12.00-13.00  sec  8.45 MBytes  70.9 Mbits/sec  6206  
[ 15]  12.00-13.00  sec  8.45 MBytes  70.9 Mbits/sec  6206  
[ 17]  12.00-13.00  sec  8.45 MBytes  70.9 Mbits/sec  6206  
[ 19]  12.00-13.00  sec  8.45 MBytes  70.9 Mbits/sec  6206  
[ 21]  12.00-13.00  sec  8.45 MBytes  70.9 Mbits/sec  6206  
[ 23]  12.00-13.00  sec  8.45 MBytes  70.9 Mbits/sec  6206  
[ 25]  12.00-13.00  sec  8.45 MBytes  70.9 Mbits/sec  6206  
[ 27]  12.00-13.00  sec  8.45 MBytes  70.9 Mbits/sec  6206  
[ 29]  12.00-13.00  sec  8.45 MBytes  70.9 Mbits/sec  6206  
[ 31]  12.00-13.00  sec  8.45 MBytes  70.9 Mbits/sec  6206  
[ 33]  12.00-13.00  sec  8.45 MBytes  70.9 Mbits/sec  6206  
[ 35]  12.00-13.00  sec  8.45 MBytes  70.9 Mbits/sec  6206  
[ 37]  12.00-13.00  sec  8.45 MBytes  70.9 Mbits/sec  6206  
[ 39]  12.00-13.00  sec  8.45 MBytes  70.9 Mbits/sec  6206  
[ 41]  12.00-13.00  sec  8.45 MBytes  70.9 Mbits/sec  6206  
[ 43]  12.00-13.00  sec  8.45 MBytes  70.9 Mbits/sec  6206  
[SUM]  12.00-13.00  sec   169 MBytes  1418 Mbits/sec  124120  
- - - - - - - - - - - - - - - - - - - - - - - - -
[  5]  13.00-14.00  sec  8.39 MBytes  70.4 Mbits/sec  6163  
[  7]  13.00-14.00  sec  8.39 MBytes  70.4 Mbits/sec  6163  
[  9]  13.00-14.00  sec  8.39 MBytes  70.4 Mbits/sec  6163  
[ 11]  13.00-14.00  sec  8.39 MBytes  70.4 Mbits/sec  6163  
[ 13]  13.00-14.00  sec  8.39 MBytes  70.4 Mbits/sec  6163  
[ 15]  13.00-14.00  sec  8.39 MBytes  70.4 Mbits/sec  6163  
[ 17]  13.00-14.00  sec  8.39 MBytes  70.4 Mbits/sec  6163  
[ 19]  13.00-14.00  sec  8.39 MBytes  70.4 Mbits/sec  6163  
[ 21]  13.00-14.00  sec  8.39 MBytes  70.4 Mbits/sec  6163  
[ 23]  13.00-14.00  sec  8.39 MBytes  70.4 Mbits/sec  6163  
[ 25]  13.00-14.00  sec  8.39 MBytes  70.4 Mbits/sec  6163  
[ 27]  13.00-14.00  sec  8.39 MBytes  70.4 Mbits/sec  6163  
[ 29]  13.00-14.00  sec  8.39 MBytes  70.4 Mbits/sec  6163  
[ 31]  13.00-14.00  sec  8.39 MBytes  70.4 Mbits/sec  6163  
[ 33]  13.00-14.00  sec  8.39 MBytes  70.4 Mbits/sec  6163  
[ 35]  13.00-14.00  sec  8.39 MBytes  70.4 Mbits/sec  6163  
[ 37]  13.00-14.00  sec  8.39 MBytes  70.4 Mbits/sec  6163  
[ 39]  13.00-14.00  sec  8.39 MBytes  70.4 Mbits/sec  6163  
[ 41]  13.00-14.00  sec  8.39 MBytes  70.4 Mbits/sec  6163  
[ 43]  13.00-14.00  sec  8.39 MBytes  70.4 Mbits/sec  6163  
[SUM]  13.00-14.00  sec   168 MBytes  1408 Mbits/sec  123260  
- - - - - - - - - - - - - - - - - - - - - - - - -
[  5]  14.00-15.00  sec  8.42 MBytes  70.7 Mbits/sec  6185  
[  7]  14.00-15.00  sec  8.42 MBytes  70.7 Mbits/sec  6185  
[  9]  14.00-15.00  sec  8.42 MBytes  70.7 Mbits/sec  6185  
[ 11]  14.00-15.00  sec  8.42 MBytes  70.7 Mbits/sec  6185  
[ 13]  14.00-15.00  sec  8.42 MBytes  70.7 Mbits/sec  6185  
[ 15]  14.00-15.00  sec  8.42 MBytes  70.7 Mbits/sec  6185  
[ 17]  14.00-15.00  sec  8.42 MBytes  70.7 Mbits/sec  6185  
[ 19]  14.00-15.00  sec  8.42 MBytes  70.7 Mbits/sec  6185  
[ 21]  14.00-15.00  sec  8.42 MBytes  70.7 Mbits/sec  6185  
[ 23]  14.00-15.00  sec  8.42 MBytes  70.7 Mbits/sec  6185  
[ 25]  14.00-15.00  sec  8.42 MBytes  70.7 Mbits/sec  6185  
[ 27]  14.00-15.00  sec  8.42 MBytes  70.7 Mbits/sec  6185  
[ 29]  14.00-15.00  sec  8.42 MBytes  70.7 Mbits/sec  6185  
[ 31]  14.00-15.00  sec  8.42 MBytes  70.7 Mbits/sec  6185  
[ 33]  14.00-15.00  sec  8.42 MBytes  70.7 Mbits/sec  6185  
[ 35]  14.00-15.00  sec  8.42 MBytes  70.7 Mbits/sec  6185  
[ 37]  14.00-15.00  sec  8.42 MBytes  70.7 Mbits/sec  6185  
[ 39]  14.00-15.00  sec  8.42 MBytes  70.7 Mbits/sec  6185  
[ 41]  14.00-15.00  sec  8.42 MBytes  70.7 Mbits/sec  6185  
[ 43]  14.00-15.00  sec  8.42 MBytes  70.7 Mbits/sec  6185  
[SUM]  14.00-15.00  sec   168 MBytes  1413 Mbits/sec  123700  
- - - - - - - - - - - - - - - - - - - - - - - - -
[  5]  15.00-16.00  sec  8.39 MBytes  70.4 Mbits/sec  6164  
[  7]  15.00-16.00  sec  8.39 MBytes  70.4 Mbits/sec  6164  
[  9]  15.00-16.00  sec  8.39 MBytes  70.4 Mbits/sec  6164  
[ 11]  15.00-16.00  sec  8.39 MBytes  70.4 Mbits/sec  6164  
[ 13]  15.00-16.00  sec  8.39 MBytes  70.4 Mbits/sec  6164  
[ 15]  15.00-16.00  sec  8.39 MBytes  70.4 Mbits/sec  6164  
[ 17]  15.00-16.00  sec  8.39 MBytes  70.4 Mbits/sec  6164  
[ 19]  15.00-16.00  sec  8.39 MBytes  70.4 Mbits/sec  6164  
[ 21]  15.00-16.00  sec  8.39 MBytes  70.4 Mbits/sec  6164  
[ 23]  15.00-16.00  sec  8.39 MBytes  70.4 Mbits/sec  6164  
[ 25]  15.00-16.00  sec  8.39 MBytes  70.4 Mbits/sec  6164  
[ 27]  15.00-16.00  sec  8.39 MBytes  70.4 Mbits/sec  6164  
[ 29]  15.00-16.00  sec  8.39 MBytes  70.4 Mbits/sec  6164  
[ 31]  15.00-16.00  sec  8.39 MBytes  70.4 Mbits/sec  6164  
[ 33]  15.00-16.00  sec  8.39 MBytes  70.4 Mbits/sec  6164  
[ 35]  15.00-16.00  sec  8.39 MBytes  70.4 Mbits/sec  6164  
[ 37]  15.00-16.00  sec  8.39 MBytes  70.4 Mbits/sec  6164  
[ 39]  15.00-16.00  sec  8.39 MBytes  70.4 Mbits/sec  6164  
[ 41]  15.00-16.00  sec  8.39 MBytes  70.4 Mbits/sec  6164  
[ 43]  15.00-16.00  sec  8.39 MBytes  70.4 Mbits/sec  6164  
[SUM]  15.00-16.00  sec   168 MBytes  1408 Mbits/sec  123280  
- - - - - - - - - - - - - - - - - - - - - - - - -
[  5]  16.00-17.00  sec  8.53 MBytes  71.6 Mbits/sec  6265  
[  7]  16.00-17.00  sec  8.53 MBytes  71.6 Mbits/sec  6265  
[  9]  16.00-17.00  sec  8.53 MBytes  71.6 Mbits/sec  6265  
[ 11]  16.00-17.00  sec  8.53 MBytes  71.6 Mbits/sec  6265  
[ 13]  16.00-17.00  sec  8.53 MBytes  71.6 Mbits/sec  6265  
[ 15]  16.00-17.00  sec  8.53 MBytes  71.6 Mbits/sec  6265  
[ 17]  16.00-17.00  sec  8.53 MBytes  71.6 Mbits/sec  6265  
[ 19]  16.00-17.00  sec  8.53 MBytes  71.6 Mbits/sec  6265  
[ 21]  16.00-17.00  sec  8.53 MBytes  71.6 Mbits/sec  6265  
[ 23]  16.00-17.00  sec  8.53 MBytes  71.6 Mbits/sec  6265  
[ 25]  16.00-17.00  sec  8.53 MBytes  71.6 Mbits/sec  6265  
[ 27]  16.00-17.00  sec  8.53 MBytes  71.6 Mbits/sec  6265  
[ 29]  16.00-17.00  sec  8.53 MBytes  71.6 Mbits/sec  6265  
[ 31]  16.00-17.00  sec  8.53 MBytes  71.6 Mbits/sec  6265  
[ 33]  16.00-17.00  sec  8.53 MBytes  71.6 Mbits/sec  6265  
[ 35]  16.00-17.00  sec  8.53 MBytes  71.6 Mbits/sec  6265  
[ 37]  16.00-17.00  sec  8.53 MBytes  71.6 Mbits/sec  6265  
[ 39]  16.00-17.00  sec  8.53 MBytes  71.6 Mbits/sec  6265  
[ 41]  16.00-17.00  sec  8.53 MBytes  71.6 Mbits/sec  6265  
[ 43]  16.00-17.00  sec  8.53 MBytes  71.6 Mbits/sec  6265  
[SUM]  16.00-17.00  sec   171 MBytes  1432 Mbits/sec  125300  
- - - - - - - - - - - - - - - - - - - - - - - - -
[  5]  17.00-18.00  sec  8.45 MBytes  70.8 Mbits/sec  6202  
[  7]  17.00-18.00  sec  8.45 MBytes  70.8 Mbits/sec  6202  
[  9]  17.00-18.00  sec  8.45 MBytes  70.8 Mbits/sec  6202  
[ 11]  17.00-18.00  sec  8.45 MBytes  70.8 Mbits/sec  6202  
[ 13]  17.00-18.00  sec  8.45 MBytes  70.8 Mbits/sec  6202  
[ 15]  17.00-18.00  sec  8.45 MBytes  70.8 Mbits/sec  6202  
[ 17]  17.00-18.00  sec  8.45 MBytes  70.8 Mbits/sec  6202  
[ 19]  17.00-18.00  sec  8.45 MBytes  70.8 Mbits/sec  6202  
[ 21]  17.00-18.00  sec  8.45 MBytes  70.8 Mbits/sec  6202  
[ 23]  17.00-18.00  sec  8.45 MBytes  70.8 Mbits/sec  6202  
[ 25]  17.00-18.00  sec  8.45 MBytes  70.8 Mbits/sec  6202  
[ 27]  17.00-18.00  sec  8.45 MBytes  70.8 Mbits/sec  6202  
[ 29]  17.00-18.00  sec  8.45 MBytes  70.8 Mbits/sec  6202  
[ 31]  17.00-18.00  sec  8.45 MBytes  70.8 Mbits/sec  6202  
[ 33]  17.00-18.00  sec  8.45 MBytes  70.8 Mbits/sec  6202  
[ 35]  17.00-18.00  sec  8.45 MBytes  70.8 Mbits/sec  6202  
[ 37]  17.00-18.00  sec  8.45 MBytes  70.8 Mbits/sec  6202  
[ 39]  17.00-18.00  sec  8.45 MBytes  70.8 Mbits/sec  6202  
[ 41]  17.00-18.00  sec  8.45 MBytes  70.8 Mbits/sec  6202  
[ 43]  17.00-18.00  sec  8.45 MBytes  70.8 Mbits/sec  6202  
[SUM]  17.00-18.00  sec   169 MBytes  1417 Mbits/sec  124040  
- - - - - - - - - - - - - - - - - - - - - - - - -
[  5]  18.00-19.00  sec  7.85 MBytes  65.8 Mbits/sec  5763  
[  7]  18.00-19.00  sec  7.85 MBytes  65.8 Mbits/sec  5763  
[  9]  18.00-19.00  sec  7.85 MBytes  65.8 Mbits/sec  5763  
[ 11]  18.00-19.00  sec  7.85 MBytes  65.8 Mbits/sec  5763  
[ 13]  18.00-19.00  sec  7.85 MBytes  65.8 Mbits/sec  5763  
[ 15]  18.00-19.00  sec  7.85 MBytes  65.8 Mbits/sec  5763  
[ 17]  18.00-19.00  sec  7.85 MBytes  65.8 Mbits/sec  5763  
[ 19]  18.00-19.00  sec  7.85 MBytes  65.8 Mbits/sec  5763  
[ 21]  18.00-19.00  sec  7.85 MBytes  65.8 Mbits/sec  5763  
[ 23]  18.00-19.00  sec  7.85 MBytes  65.8 Mbits/sec  5763  
[ 25]  18.00-19.00  sec  7.85 MBytes  65.8 Mbits/sec  5763  
[ 27]  18.00-19.00  sec  7.85 MBytes  65.8 Mbits/sec  5763  
[ 29]  18.00-19.00  sec  7.85 MBytes  65.8 Mbits/sec  5763  
[ 31]  18.00-19.00  sec  7.85 MBytes  65.8 Mbits/sec  5763  
[ 33]  18.00-19.00  sec  7.85 MBytes  65.8 Mbits/sec  5763  
[ 35]  18.00-19.00  sec  7.85 MBytes  65.8 Mbits/sec  5763  
[ 37]  18.00-19.00  sec  7.85 MBytes  65.8 Mbits/sec  5763  
[ 39]  18.00-19.00  sec  7.85 MBytes  65.8 Mbits/sec  5763  
[ 41]  18.00-19.00  sec  7.85 MBytes  65.8 Mbits/sec  5763  
[ 43]  18.00-19.00  sec  7.85 MBytes  65.8 Mbits/sec  5763  
[SUM]  18.00-19.00  sec   157 MBytes  1317 Mbits/sec  115260  
- - - - - - - - - - - - - - - - - - - - - - - - -
[  5]  19.00-20.00  sec  8.60 MBytes  72.1 Mbits/sec  6312  
[  7]  19.00-20.00  sec  8.60 MBytes  72.1 Mbits/sec  6312  
[  9]  19.00-20.00  sec  8.60 MBytes  72.1 Mbits/sec  6312  
[ 11]  19.00-20.00  sec  8.60 MBytes  72.1 Mbits/sec  6312  
[ 13]  19.00-20.00  sec  8.60 MBytes  72.1 Mbits/sec  6312  
[ 15]  19.00-20.00  sec  8.60 MBytes  72.1 Mbits/sec  6312  
[ 17]  19.00-20.00  sec  8.60 MBytes  72.1 Mbits/sec  6312  
[ 19]  19.00-20.00  sec  8.60 MBytes  72.1 Mbits/sec  6312  
[ 21]  19.00-20.00  sec  8.60 MBytes  72.1 Mbits/sec  6312  
[ 23]  19.00-20.00  sec  8.60 MBytes  72.1 Mbits/sec  6312  
[ 25]  19.00-20.00  sec  8.60 MBytes  72.1 Mbits/sec  6312  
[ 27]  19.00-20.00  sec  8.60 MBytes  72.1 Mbits/sec  6312  
[ 29]  19.00-20.00  sec  8.60 MBytes  72.1 Mbits/sec  6312  
[ 31]  19.00-20.00  sec  8.60 MBytes  72.1 Mbits/sec  6312  
[ 33]  19.00-20.00  sec  8.60 MBytes  72.1 Mbits/sec  6312  
[ 35]  19.00-20.00  sec  8.60 MBytes  72.1 Mbits/sec  6312  
[ 37]  19.00-20.00  sec  8.60 MBytes  72.1 Mbits/sec  6312  
[ 39]  19.00-20.00  sec  8.60 MBytes  72.1 Mbits/sec  6312  
[ 41]  19.00-20.00  sec  8.60 MBytes  72.1 Mbits/sec  6312  
[ 43]  19.00-20.00  sec  8.60 MBytes  72.1 Mbits/sec  6312  
[SUM]  19.00-20.00  sec   172 MBytes  1442 Mbits/sec  126240  
- - - - - - - - - - - - - - - - - - - - - - - - -
[  5]  20.00-21.00  sec  8.64 MBytes  72.5 Mbits/sec  6347  
[  7]  20.00-21.00  sec  8.64 MBytes  72.5 Mbits/sec  6347  
[  9]  20.00-21.00  sec  8.64 MBytes  72.5 Mbits/sec  6347  
[ 11]  20.00-21.00  sec  8.64 MBytes  72.5 Mbits/sec  6347  
[ 13]  20.00-21.00  sec  8.64 MBytes  72.5 Mbits/sec  6347  
[ 15]  20.00-21.00  sec  8.64 MBytes  72.5 Mbits/sec  6347  
[ 17]  20.00-21.00  sec  8.64 MBytes  72.5 Mbits/sec  6347  
[ 19]  20.00-21.00  sec  8.64 MBytes  72.5 Mbits/sec  6347  
[ 21]  20.00-21.00  sec  8.64 MBytes  72.5 Mbits/sec  6347  
[ 23]  20.00-21.00  sec  8.64 MBytes  72.5 Mbits/sec  6347  
[ 25]  20.00-21.00  sec  8.64 MBytes  72.5 Mbits/sec  6347  
[ 27]  20.00-21.00  sec  8.64 MBytes  72.5 Mbits/sec  6347  
[ 29]  20.00-21.00  sec  8.64 MBytes  72.5 Mbits/sec  6347  
[ 31]  20.00-21.00  sec  8.64 MBytes  72.5 Mbits/sec  6347  
[ 33]  20.00-21.00  sec  8.64 MBytes  72.5 Mbits/sec  6347  
[ 35]  20.00-21.00  sec  8.64 MBytes  72.5 Mbits/sec  6347  
[ 37]  20.00-21.00  sec  8.64 MBytes  72.5 Mbits/sec  6347  
[ 39]  20.00-21.00  sec  8.64 MBytes  72.5 Mbits/sec  6347  
[ 41]  20.00-21.00  sec  8.64 MBytes  72.5 Mbits/sec  6347  
[ 43]  20.00-21.00  sec  8.64 MBytes  72.5 Mbits/sec  6347  
[SUM]  20.00-21.00  sec   173 MBytes  1450 Mbits/sec  126940  
- - - - - - - - - - - - - - - - - - - - - - - - -
[  5]  21.00-22.00  sec  7.85 MBytes  65.8 Mbits/sec  5761  
[  7]  21.00-22.00  sec  7.85 MBytes  65.8 Mbits/sec  5761  
[  9]  21.00-22.00  sec  7.85 MBytes  65.8 Mbits/sec  5761  
[ 11]  21.00-22.00  sec  7.85 MBytes  65.8 Mbits/sec  5761  
[ 13]  21.00-22.00  sec  7.85 MBytes  65.8 Mbits/sec  5761  
[ 15]  21.00-22.00  sec  7.85 MBytes  65.8 Mbits/sec  5761  
[ 17]  21.00-22.00  sec  7.85 MBytes  65.8 Mbits/sec  5761  
[ 19]  21.00-22.00  sec  7.85 MBytes  65.8 Mbits/sec  5761  
[ 21]  21.00-22.00  sec  7.85 MBytes  65.8 Mbits/sec  5761  
[ 23]  21.00-22.00  sec  7.85 MBytes  65.8 Mbits/sec  5761  
[ 25]  21.00-22.00  sec  7.85 MBytes  65.8 Mbits/sec  5761  
[ 27]  21.00-22.00  sec  7.85 MBytes  65.8 Mbits/sec  5761  
[ 29]  21.00-22.00  sec  7.85 MBytes  65.8 Mbits/sec  5761  
[ 31]  21.00-22.00  sec  7.85 MBytes  65.8 Mbits/sec  5761  
[ 33]  21.00-22.00  sec  7.85 MBytes  65.8 Mbits/sec  5761  
[ 35]  21.00-22.00  sec  7.85 MBytes  65.8 Mbits/sec  5761  
[ 37]  21.00-22.00  sec  7.85 MBytes  65.8 Mbits/sec  5761  
[ 39]  21.00-22.00  sec  7.85 MBytes  65.8 Mbits/sec  5761  
[ 41]  21.00-22.00  sec  7.85 MBytes  65.8 Mbits/sec  5761  
[ 43]  21.00-22.00  sec  7.85 MBytes  65.8 Mbits/sec  5761  
[SUM]  21.00-22.00  sec   157 MBytes  1316 Mbits/sec  115220  
- - - - - - - - - - - - - - - - - - - - - - - - -
[  5]  22.00-23.00  sec  8.58 MBytes  72.0 Mbits/sec  6302  
[  7]  22.00-23.00  sec  8.58 MBytes  72.0 Mbits/sec  6302  
[  9]  22.00-23.00  sec  8.58 MBytes  72.0 Mbits/sec  6302  
[ 11]  22.00-23.00  sec  8.58 MBytes  72.0 Mbits/sec  6302  
[ 13]  22.00-23.00  sec  8.58 MBytes  72.0 Mbits/sec  6302  
[ 15]  22.00-23.00  sec  8.58 MBytes  72.0 Mbits/sec  6302  
[ 17]  22.00-23.00  sec  8.58 MBytes  72.0 Mbits/sec  6302  
[ 19]  22.00-23.00  sec  8.58 MBytes  72.0 Mbits/sec  6302  
[ 21]  22.00-23.00  sec  8.58 MBytes  72.0 Mbits/sec  6302  
[ 23]  22.00-23.00  sec  8.58 MBytes  72.0 Mbits/sec  6302  
[ 25]  22.00-23.00  sec  8.58 MBytes  72.0 Mbits/sec  6302  
[ 27]  22.00-23.00  sec  8.58 MBytes  72.0 Mbits/sec  6302  
[ 29]  22.00-23.00  sec  8.58 MBytes  72.0 Mbits/sec  6302  
[ 31]  22.00-23.00  sec  8.58 MBytes  72.0 Mbits/sec  6302  
[ 33]  22.00-23.00  sec  8.58 MBytes  72.0 Mbits/sec  6302  
[ 35]  22.00-23.00  sec  8.58 MBytes  72.0 Mbits/sec  6302  
[ 37]  22.00-23.00  sec  8.58 MBytes  72.0 Mbits/sec  6302  
[ 39]  22.00-23.00  sec  8.58 MBytes  72.0 Mbits/sec  6302  
[ 41]  22.00-23.00  sec  8.58 MBytes  72.0 Mbits/sec  6302  
[ 43]  22.00-23.00  sec  8.58 MBytes  72.0 Mbits/sec  6302  
[SUM]  22.00-23.00  sec   172 MBytes  1440 Mbits/sec  126040  
- - - - - - - - - - - - - - - - - - - - - - - - -
[  5]  23.00-24.00  sec  8.27 MBytes  69.3 Mbits/sec  6069  
[  7]  23.00-24.00  sec  8.27 MBytes  69.3 Mbits/sec  6069  
[  9]  23.00-24.00  sec  8.27 MBytes  69.3 Mbits/sec  6069  
[ 11]  23.00-24.00  sec  8.27 MBytes  69.3 Mbits/sec  6069  
[ 13]  23.00-24.00  sec  8.27 MBytes  69.3 Mbits/sec  6069  
[ 15]  23.00-24.00  sec  8.27 MBytes  69.3 Mbits/sec  6069  
[ 17]  23.00-24.00  sec  8.27 MBytes  69.3 Mbits/sec  6069  
[ 19]  23.00-24.00  sec  8.27 MBytes  69.3 Mbits/sec  6069  
[ 21]  23.00-24.00  sec  8.27 MBytes  69.3 Mbits/sec  6069  
[ 23]  23.00-24.00  sec  8.27 MBytes  69.3 Mbits/sec  6069  
[ 25]  23.00-24.00  sec  8.27 MBytes  69.3 Mbits/sec  6069  
[ 27]  23.00-24.00  sec  8.27 MBytes  69.3 Mbits/sec  6069  
[ 29]  23.00-24.00  sec  8.27 MBytes  69.3 Mbits/sec  6069  
[ 31]  23.00-24.00  sec  8.27 MBytes  69.3 Mbits/sec  6069  
[ 33]  23.00-24.00  sec  8.27 MBytes  69.3 Mbits/sec  6069  
[ 35]  23.00-24.00  sec  8.27 MBytes  69.3 Mbits/sec  6069  
[ 37]  23.00-24.00  sec  8.27 MBytes  69.3 Mbits/sec  6069  
[ 39]  23.00-24.00  sec  8.27 MBytes  69.3 Mbits/sec  6069  
[ 41]  23.00-24.00  sec  8.27 MBytes  69.3 Mbits/sec  6069  
[ 43]  23.00-24.00  sec  8.27 MBytes  69.3 Mbits/sec  6069  
[SUM]  23.00-24.00  sec   165 MBytes  1387 Mbits/sec  121380  
- - - - - - - - - - - - - - - - - - - - - - - - -
[  5]  24.00-25.00  sec  8.62 MBytes  72.3 Mbits/sec  6333  
[  7]  24.00-25.00  sec  8.62 MBytes  72.3 Mbits/sec  6333  
[  9]  24.00-25.00  sec  8.62 MBytes  72.3 Mbits/sec  6333  
[ 11]  24.00-25.00  sec  8.62 MBytes  72.3 Mbits/sec  6333  
[ 13]  24.00-25.00  sec  8.62 MBytes  72.3 Mbits/sec  6333  
[ 15]  24.00-25.00  sec  8.62 MBytes  72.3 Mbits/sec  6333  
[ 17]  24.00-25.00  sec  8.62 MBytes  72.3 Mbits/sec  6333  
[ 19]  24.00-25.00  sec  8.62 MBytes  72.3 Mbits/sec  6333  
[ 21]  24.00-25.00  sec  8.62 MBytes  72.3 Mbits/sec  6333  
[ 23]  24.00-25.00  sec  8.62 MBytes  72.3 Mbits/sec  6333  
[ 25]  24.00-25.00  sec  8.62 MBytes  72.3 Mbits/sec  6333  
[ 27]  24.00-25.00  sec  8.62 MBytes  72.3 Mbits/sec  6333  
[ 29]  24.00-25.00  sec  8.62 MBytes  72.3 Mbits/sec  6333  
[ 31]  24.00-25.00  sec  8.62 MBytes  72.3 Mbits/sec  6333  
[ 33]  24.00-25.00  sec  8.62 MBytes  72.3 Mbits/sec  6333  
[ 35]  24.00-25.00  sec  8.62 MBytes  72.3 Mbits/sec  6333  
[ 37]  24.00-25.00  sec  8.62 MBytes  72.3 Mbits/sec  6333  
[ 39]  24.00-25.00  sec  8.62 MBytes  72.3 Mbits/sec  6333  
[ 41]  24.00-25.00  sec  8.62 MBytes  72.3 Mbits/sec  6333  
[ 43]  24.00-25.00  sec  8.62 MBytes  72.3 Mbits/sec  6333  
[SUM]  24.00-25.00  sec   172 MBytes  1447 Mbits/sec  126660  
- - - - - - - - - - - - - - - - - - - - - - - - -
[  5]  25.00-26.00  sec  8.35 MBytes  70.1 Mbits/sec  6133  
[  7]  25.00-26.00  sec  8.35 MBytes  70.1 Mbits/sec  6133  
[  9]  25.00-26.00  sec  8.35 MBytes  70.1 Mbits/sec  6133  
[ 11]  25.00-26.00  sec  8.35 MBytes  70.1 Mbits/sec  6133  
[ 13]  25.00-26.00  sec  8.35 MBytes  70.1 Mbits/sec  6133  
[ 15]  25.00-26.00  sec  8.35 MBytes  70.1 Mbits/sec  6133  
[ 17]  25.00-26.00  sec  8.35 MBytes  70.1 Mbits/sec  6133  
[ 19]  25.00-26.00  sec  8.35 MBytes  70.1 Mbits/sec  6133  
[ 21]  25.00-26.00  sec  8.35 MBytes  70.1 Mbits/sec  6133  
[ 23]  25.00-26.00  sec  8.35 MBytes  70.1 Mbits/sec  6133  
[ 25]  25.00-26.00  sec  8.35 MBytes  70.1 Mbits/sec  6133  
[ 27]  25.00-26.00  sec  8.35 MBytes  70.1 Mbits/sec  6133  
[ 29]  25.00-26.00  sec  8.35 MBytes  70.1 Mbits/sec  6133  
[ 31]  25.00-26.00  sec  8.35 MBytes  70.1 Mbits/sec  6133  
[ 33]  25.00-26.00  sec  8.35 MBytes  70.1 Mbits/sec  6133  
[ 35]  25.00-26.00  sec  8.35 MBytes  70.1 Mbits/sec  6133  
[ 37]  25.00-26.00  sec  8.35 MBytes  70.1 Mbits/sec  6133  
[ 39]  25.00-26.00  sec  8.35 MBytes  70.1 Mbits/sec  6133  
[ 41]  25.00-26.00  sec  8.35 MBytes  70.1 Mbits/sec  6133  
[ 43]  25.00-26.00  sec  8.35 MBytes  70.1 Mbits/sec  6133  
[SUM]  25.00-26.00  sec   167 MBytes  1401 Mbits/sec  122660  
- - - - - - - - - - - - - - - - - - - - - - - - -
[  5]  26.00-27.00  sec  8.40 MBytes  70.5 Mbits/sec  6167  
[  7]  26.00-27.00  sec  8.40 MBytes  70.5 Mbits/sec  6167  
[  9]  26.00-27.00  sec  8.40 MBytes  70.5 Mbits/sec  6167  
[ 11]  26.00-27.00  sec  8.40 MBytes  70.5 Mbits/sec  6167  
[ 13]  26.00-27.00  sec  8.40 MBytes  70.5 Mbits/sec  6167  
[ 15]  26.00-27.00  sec  8.40 MBytes  70.5 Mbits/sec  6167  
[ 17]  26.00-27.00  sec  8.40 MBytes  70.5 Mbits/sec  6167  
[ 19]  26.00-27.00  sec  8.40 MBytes  70.5 Mbits/sec  6167  
[ 21]  26.00-27.00  sec  8.40 MBytes  70.5 Mbits/sec  6167  
[ 23]  26.00-27.00  sec  8.40 MBytes  70.5 Mbits/sec  6167  
[ 25]  26.00-27.00  sec  8.40 MBytes  70.5 Mbits/sec  6167  
[ 27]  26.00-27.00  sec  8.40 MBytes  70.5 Mbits/sec  6167  
[ 29]  26.00-27.00  sec  8.40 MBytes  70.5 Mbits/sec  6167  
[ 31]  26.00-27.00  sec  8.40 MBytes  70.5 Mbits/sec  6167  
[ 33]  26.00-27.00  sec  8.40 MBytes  70.5 Mbits/sec  6167  
[ 35]  26.00-27.00  sec  8.40 MBytes  70.5 Mbits/sec  6167  
[ 37]  26.00-27.00  sec  8.40 MBytes  70.5 Mbits/sec  6167  
[ 39]  26.00-27.00  sec  8.40 MBytes  70.5 Mbits/sec  6167  
[ 41]  26.00-27.00  sec  8.40 MBytes  70.5 Mbits/sec  6167  
[ 43]  26.00-27.00  sec  8.40 MBytes  70.5 Mbits/sec  6167  
[SUM]  26.00-27.00  sec   168 MBytes  1409 Mbits/sec  123340  
- - - - - - - - - - - - - - - - - - - - - - - - -
[  5]  27.00-28.00  sec  8.57 MBytes  71.9 Mbits/sec  6292  
[  7]  27.00-28.00  sec  8.57 MBytes  71.9 Mbits/sec  6292  
[  9]  27.00-28.00  sec  8.57 MBytes  71.9 Mbits/sec  6292  
[ 11]  27.00-28.00  sec  8.57 MBytes  71.9 Mbits/sec  6292  
[ 13]  27.00-28.00  sec  8.57 MBytes  71.9 Mbits/sec  6292  
[ 15]  27.00-28.00  sec  8.57 MBytes  71.9 Mbits/sec  6292  
[ 17]  27.00-28.00  sec  8.57 MBytes  71.9 Mbits/sec  6292  
[ 19]  27.00-28.00  sec  8.57 MBytes  71.9 Mbits/sec  6292  
[ 21]  27.00-28.00  sec  8.57 MBytes  71.9 Mbits/sec  6292  
[ 23]  27.00-28.00  sec  8.57 MBytes  71.9 Mbits/sec  6292  
[ 25]  27.00-28.00  sec  8.57 MBytes  71.9 Mbits/sec  6292  
[ 27]  27.00-28.00  sec  8.57 MBytes  71.9 Mbits/sec  6292  
[ 29]  27.00-28.00  sec  8.57 MBytes  71.9 Mbits/sec  6292  
[ 31]  27.00-28.00  sec  8.57 MBytes  71.9 Mbits/sec  6292  
[ 33]  27.00-28.00  sec  8.57 MBytes  71.9 Mbits/sec  6292  
[ 35]  27.00-28.00  sec  8.57 MBytes  71.9 Mbits/sec  6292  
[ 37]  27.00-28.00  sec  8.57 MBytes  71.9 Mbits/sec  6292  
[ 39]  27.00-28.00  sec  8.57 MBytes  71.9 Mbits/sec  6292  
[ 41]  27.00-28.00  sec  8.57 MBytes  71.9 Mbits/sec  6292  
[ 43]  27.00-28.00  sec  8.57 MBytes  71.9 Mbits/sec  6292  
[SUM]  27.00-28.00  sec   171 MBytes  1437 Mbits/sec  125840  
- - - - - - - - - - - - - - - - - - - - - - - - -
[  5]  28.00-29.00  sec  7.48 MBytes  62.7 Mbits/sec  5489  
[  7]  28.00-29.00  sec  7.48 MBytes  62.7 Mbits/sec  5489  
[  9]  28.00-29.00  sec  7.48 MBytes  62.7 Mbits/sec  5489  
[ 11]  28.00-29.00  sec  7.48 MBytes  62.7 Mbits/sec  5489  
[ 13]  28.00-29.00  sec  7.48 MBytes  62.7 Mbits/sec  5489  
[ 15]  28.00-29.00  sec  7.48 MBytes  62.7 Mbits/sec  5489  
[ 17]  28.00-29.00  sec  7.48 MBytes  62.7 Mbits/sec  5489  
[ 19]  28.00-29.00  sec  7.48 MBytes  62.7 Mbits/sec  5489  
[ 21]  28.00-29.00  sec  7.48 MBytes  62.7 Mbits/sec  5489  
[ 23]  28.00-29.00  sec  7.48 MBytes  62.7 Mbits/sec  5489  
[ 25]  28.00-29.00  sec  7.48 MBytes  62.7 Mbits/sec  5489  
[ 27]  28.00-29.00  sec  7.48 MBytes  62.7 Mbits/sec  5489  
[ 29]  28.00-29.00  sec  7.48 MBytes  62.7 Mbits/sec  5489  
[ 31]  28.00-29.00  sec  7.48 MBytes  62.7 Mbits/sec  5489  
[ 33]  28.00-29.00  sec  7.48 MBytes  62.7 Mbits/sec  5489  
[ 35]  28.00-29.00  sec  7.48 MBytes  62.7 Mbits/sec  5489  
[ 37]  28.00-29.00  sec  7.48 MBytes  62.7 Mbits/sec  5489  
[ 39]  28.00-29.00  sec  7.48 MBytes  62.7 Mbits/sec  5489  
[ 41]  28.00-29.00  sec  7.48 MBytes  62.7 Mbits/sec  5489  
[ 43]  28.00-29.00  sec  7.48 MBytes  62.7 Mbits/sec  5489  
[SUM]  28.00-29.00  sec   150 MBytes  1254 Mbits/sec  109780  
- - - - - - - - - - - - - - - - - - - - - - - - -
[  5]  29.00-30.00  sec  8.61 MBytes  72.2 Mbits/sec  6323  
[  7]  29.00-30.00  sec  8.61 MBytes  72.2 Mbits/sec  6323  
[  9]  29.00-30.00  sec  8.61 MBytes  72.2 Mbits/sec  6323  
[ 11]  29.00-30.00  sec  8.61 MBytes  72.2 Mbits/sec  6323  
[ 13]  29.00-30.00  sec  8.61 MBytes  72.2 Mbits/sec  6323  
[ 15]  29.00-30.00  sec  8.61 MBytes  72.2 Mbits/sec  6323  
[ 17]  29.00-30.00  sec  8.61 MBytes  72.2 Mbits/sec  6323  
[ 19]  29.00-30.00  sec  8.61 MBytes  72.2 Mbits/sec  6323  
[ 21]  29.00-30.00  sec  8.61 MBytes  72.2 Mbits/sec  6323  
[ 23]  29.00-30.00  sec  8.61 MBytes  72.2 Mbits/sec  6323  
[ 25]  29.00-30.00  sec  8.61 MBytes  72.2 Mbits/sec  6323  
[ 27]  29.00-30.00  sec  8.61 MBytes  72.2 Mbits/sec  6323  
[ 29]  29.00-30.00  sec  8.61 MBytes  72.2 Mbits/sec  6323  
[ 31]  29.00-30.00  sec  8.61 MBytes  72.2 Mbits/sec  6323  
[ 33]  29.00-30.00  sec  8.61 MBytes  72.2 Mbits/sec  6323  
[ 35]  29.00-30.00  sec  8.61 MBytes  72.2 Mbits/sec  6323  
[ 37]  29.00-30.00  sec  8.61 MBytes  72.2 Mbits/sec  6323  
[ 39]  29.00-30.00  sec  8.61 MBytes  72.2 Mbits/sec  6323  
[ 41]  29.00-30.00  sec  8.61 MBytes  72.2 Mbits/sec  6323  
[ 43]  29.00-30.00  sec  8.61 MBytes  72.2 Mbits/sec  6323  
[SUM]  29.00-30.00  sec   172 MBytes  1445 Mbits/sec  126460  
- - - - - - - - - - - - - - - - - - - - - - - - -
[  5]  30.00-31.00  sec  8.38 MBytes  70.3 Mbits/sec  6157  
[  7]  30.00-31.00  sec  8.38 MBytes  70.3 Mbits/sec  6157  
[  9]  30.00-31.00  sec  8.38 MBytes  70.3 Mbits/sec  6157  
[ 11]  30.00-31.00  sec  8.38 MBytes  70.3 Mbits/sec  6157  
[ 13]  30.00-31.00  sec  8.38 MBytes  70.3 Mbits/sec  6157  
[ 15]  30.00-31.00  sec  8.38 MBytes  70.3 Mbits/sec  6157  
[ 17]  30.00-31.00  sec  8.38 MBytes  70.3 Mbits/sec  6157  
[ 19]  30.00-31.00  sec  8.38 MBytes  70.3 Mbits/sec  6157  
[ 21]  30.00-31.00  sec  8.38 MBytes  70.3 Mbits/sec  6157  
[ 23]  30.00-31.00  sec  8.38 MBytes  70.3 Mbits/sec  6157  
[ 25]  30.00-31.00  sec  8.38 MBytes  70.3 Mbits/sec  6157  
[ 27]  30.00-31.00  sec  8.38 MBytes  70.3 Mbits/sec  6157  
[ 29]  30.00-31.00  sec  8.38 MBytes  70.3 Mbits/sec  6157  
[ 31]  30.00-31.00  sec  8.38 MBytes  70.3 Mbits/sec  6157  
[ 33]  30.00-31.00  sec  8.38 MBytes  70.3 Mbits/sec  6157  
[ 35]  30.00-31.00  sec  8.38 MBytes  70.3 Mbits/sec  6157  
[ 37]  30.00-31.00  sec  8.38 MBytes  70.3 Mbits/sec  6157  
[ 39]  30.00-31.00  sec  8.38 MBytes  70.3 Mbits/sec  6157  
[ 41]  30.00-31.00  sec  8.38 MBytes  70.3 Mbits/sec  6157  
[ 43]  30.00-31.00  sec  8.38 MBytes  70.3 Mbits/sec  6157  
[SUM]  30.00-31.00  sec   168 MBytes  1407 Mbits/sec  123140  
- - - - - - - - - - - - - - - - - - - - - - - - -
[  5]  31.00-32.00  sec  7.36 MBytes  61.7 Mbits/sec  5404  
[  7]  31.00-32.00  sec  7.36 MBytes  61.7 Mbits/sec  5404  
[  9]  31.00-32.00  sec  7.36 MBytes  61.7 Mbits/sec  5404  
[ 11]  31.00-32.00  sec  7.36 MBytes  61.7 Mbits/sec  5404  
[ 13]  31.00-32.00  sec  7.36 MBytes  61.7 Mbits/sec  5404  
[ 15]  31.00-32.00  sec  7.36 MBytes  61.7 Mbits/sec  5404  
[ 17]  31.00-32.00  sec  7.36 MBytes  61.7 Mbits/sec  5404  
[ 19]  31.00-32.00  sec  7.36 MBytes  61.7 Mbits/sec  5404  
[ 21]  31.00-32.00  sec  7.36 MBytes  61.7 Mbits/sec  5404  
[ 23]  31.00-32.00  sec  7.36 MBytes  61.7 Mbits/sec  5404  
[ 25]  31.00-32.00  sec  7.36 MBytes  61.7 Mbits/sec  5404  
[ 27]  31.00-32.00  sec  7.36 MBytes  61.7 Mbits/sec  5404  
[ 29]  31.00-32.00  sec  7.36 MBytes  61.7 Mbits/sec  5404  
[ 31]  31.00-32.00  sec  7.36 MBytes  61.7 Mbits/sec  5404  
[ 33]  31.00-32.00  sec  7.36 MBytes  61.7 Mbits/sec  5404  
[ 35]  31.00-32.00  sec  7.36 MBytes  61.7 Mbits/sec  5404  
[ 37]  31.00-32.00  sec  7.36 MBytes  61.7 Mbits/sec  5404  
[ 39]  31.00-32.00  sec  7.36 MBytes  61.7 Mbits/sec  5404  
[ 41]  31.00-32.00  sec  7.36 MBytes  61.7 Mbits/sec  5404  
[ 43]  31.00-32.00  sec  7.36 MBytes  61.7 Mbits/sec  5404  
[SUM]  31.00-32.00  sec   147 MBytes  1235 Mbits/sec  108080  
- - - - - - - - - - - - - - - - - - - - - - - - -
[  5]  32.00-33.00  sec  8.30 MBytes  69.6 Mbits/sec  6093  
[  7]  32.00-33.00  sec  8.30 MBytes  69.6 Mbits/sec  6093  
[  9]  32.00-33.00  sec  8.30 MBytes  69.6 Mbits/sec  6093  
[ 11]  32.00-33.00  sec  8.30 MBytes  69.6 Mbits/sec  6093  
[ 13]  32.00-33.00  sec  8.30 MBytes  69.6 Mbits/sec  6093  
[ 15]  32.00-33.00  sec  8.30 MBytes  69.6 Mbits/sec  6093  
[ 17]  32.00-33.00  sec  8.30 MBytes  69.6 Mbits/sec  6093  
[ 19]  32.00-33.00  sec  8.30 MBytes  69.6 Mbits/sec  6093  
[ 21]  32.00-33.00  sec  8.30 MBytes  69.6 Mbits/sec  6093  
[ 23]  32.00-33.00  sec  8.30 MBytes  69.6 Mbits/sec  6093  
[ 25]  32.00-33.00  sec  8.30 MBytes  69.6 Mbits/sec  6093  
[ 27]  32.00-33.00  sec  8.30 MBytes  69.6 Mbits/sec  6093  
[ 29]  32.00-33.00  sec  8.30 MBytes  69.6 Mbits/sec  6093  
[ 31]  32.00-33.00  sec  8.30 MBytes  69.6 Mbits/sec  6093  
[ 33]  32.00-33.00  sec  8.30 MBytes  69.6 Mbits/sec  6093  
[ 35]  32.00-33.00  sec  8.30 MBytes  69.6 Mbits/sec  6093  
[ 37]  32.00-33.00  sec  8.30 MBytes  69.6 Mbits/sec  6093  
[ 39]  32.00-33.00  sec  8.30 MBytes  69.6 Mbits/sec  6093  
[ 41]  32.00-33.00  sec  8.30 MBytes  69.6 Mbits/sec  6093  
[ 43]  32.00-33.00  sec  8.30 MBytes  69.6 Mbits/sec  6093  
[SUM]  32.00-33.00  sec   166 MBytes  1392 Mbits/sec  121860  
- - - - - - - - - - - - - - - - - - - - - - - - -
[  5]  33.00-34.00  sec  8.17 MBytes  68.5 Mbits/sec  5999  
[  7]  33.00-34.00  sec  8.17 MBytes  68.5 Mbits/sec  5999  
[  9]  33.00-34.00  sec  8.17 MBytes  68.5 Mbits/sec  5999  
[ 11]  33.00-34.00  sec  8.17 MBytes  68.5 Mbits/sec  5999  
[ 13]  33.00-34.00  sec  8.17 MBytes  68.5 Mbits/sec  5999  
[ 15]  33.00-34.00  sec  8.17 MBytes  68.5 Mbits/sec  5999  
[ 17]  33.00-34.00  sec  8.17 MBytes  68.5 Mbits/sec  5999  
[ 19]  33.00-34.00  sec  8.17 MBytes  68.5 Mbits/sec  5999  
[ 21]  33.00-34.00  sec  8.17 MBytes  68.5 Mbits/sec  5999  
[ 23]  33.00-34.00  sec  8.17 MBytes  68.5 Mbits/sec  5999  
[ 25]  33.00-34.00  sec  8.17 MBytes  68.5 Mbits/sec  5999  
[ 27]  33.00-34.00  sec  8.17 MBytes  68.5 Mbits/sec  5999  
[ 29]  33.00-34.00  sec  8.17 MBytes  68.5 Mbits/sec  5999  
[ 31]  33.00-34.00  sec  8.17 MBytes  68.5 Mbits/sec  5999  
[ 33]  33.00-34.00  sec  8.17 MBytes  68.5 Mbits/sec  5999  
[ 35]  33.00-34.00  sec  8.17 MBytes  68.5 Mbits/sec  5999  
[ 37]  33.00-34.00  sec  8.17 MBytes  68.5 Mbits/sec  5999  
[ 39]  33.00-34.00  sec  8.17 MBytes  68.5 Mbits/sec  5999  
[ 41]  33.00-34.00  sec  8.17 MBytes  68.5 Mbits/sec  5999  
[ 43]  33.00-34.00  sec  8.17 MBytes  68.5 Mbits/sec  5999  
[SUM]  33.00-34.00  sec   163 MBytes  1371 Mbits/sec  119980  
- - - - - - - - - - - - - - - - - - - - - - - - -
[  5]  34.00-35.00  sec  8.53 MBytes  71.6 Mbits/sec  6264  
[  7]  34.00-35.00  sec  8.53 MBytes  71.6 Mbits/sec  6264  
[  9]  34.00-35.00  sec  8.53 MBytes  71.6 Mbits/sec  6264  
[ 11]  34.00-35.00  sec  8.53 MBytes  71.6 Mbits/sec  6264  
[ 13]  34.00-35.00  sec  8.53 MBytes  71.6 Mbits/sec  6264  
[ 15]  34.00-35.00  sec  8.53 MBytes  71.6 Mbits/sec  6264  
[ 17]  34.00-35.00  sec  8.53 MBytes  71.6 Mbits/sec  6264  
[ 19]  34.00-35.00  sec  8.53 MBytes  71.6 Mbits/sec  6264  
[ 21]  34.00-35.00  sec  8.53 MBytes  71.6 Mbits/sec  6264  
[ 23]  34.00-35.00  sec  8.53 MBytes  71.6 Mbits/sec  6264  
[ 25]  34.00-35.00  sec  8.53 MBytes  71.6 Mbits/sec  6264  
[ 27]  34.00-35.00  sec  8.53 MBytes  71.6 Mbits/sec  6264  
[ 29]  34.00-35.00  sec  8.53 MBytes  71.6 Mbits/sec  6264  
[ 31]  34.00-35.00  sec  8.53 MBytes  71.6 Mbits/sec  6264  
[ 33]  34.00-35.00  sec  8.53 MBytes  71.6 Mbits/sec  6264  
[ 35]  34.00-35.00  sec  8.53 MBytes  71.6 Mbits/sec  6264  
[ 37]  34.00-35.00  sec  8.53 MBytes  71.6 Mbits/sec  6264  
[ 39]  34.00-35.00  sec  8.53 MBytes  71.6 Mbits/sec  6264  
[ 41]  34.00-35.00  sec  8.53 MBytes  71.6 Mbits/sec  6264  
[ 43]  34.00-35.00  sec  8.53 MBytes  71.6 Mbits/sec  6264  
[SUM]  34.00-35.00  sec   171 MBytes  1431 Mbits/sec  125280  
- - - - - - - - - - - - - - - - - - - - - - - - -
[  5]  35.00-36.00  sec  8.49 MBytes  71.2 Mbits/sec  6235  
[  7]  35.00-36.00  sec  8.49 MBytes  71.2 Mbits/sec  6235  
[  9]  35.00-36.00  sec  8.49 MBytes  71.2 Mbits/sec  6235  
[ 11]  35.00-36.00  sec  8.49 MBytes  71.2 Mbits/sec  6235  
[ 13]  35.00-36.00  sec  8.49 MBytes  71.2 Mbits/sec  6235  
[ 15]  35.00-36.00  sec  8.49 MBytes  71.2 Mbits/sec  6235  
[ 17]  35.00-36.00  sec  8.49 MBytes  71.2 Mbits/sec  6235  
[ 19]  35.00-36.00  sec  8.49 MBytes  71.2 Mbits/sec  6235  
[ 21]  35.00-36.00  sec  8.49 MBytes  71.2 Mbits/sec  6235  
[ 23]  35.00-36.00  sec  8.49 MBytes  71.2 Mbits/sec  6235  
[ 25]  35.00-36.00  sec  8.49 MBytes  71.2 Mbits/sec  6235  
[ 27]  35.00-36.00  sec  8.49 MBytes  71.2 Mbits/sec  6235  
[ 29]  35.00-36.00  sec  8.49 MBytes  71.2 Mbits/sec  6235  
[ 31]  35.00-36.00  sec  8.49 MBytes  71.2 Mbits/sec  6235  
[ 33]  35.00-36.00  sec  8.49 MBytes  71.2 Mbits/sec  6235  
[ 35]  35.00-36.00  sec  8.49 MBytes  71.2 Mbits/sec  6235  
[ 37]  35.00-36.00  sec  8.49 MBytes  71.2 Mbits/sec  6235  
[ 39]  35.00-36.00  sec  8.49 MBytes  71.2 Mbits/sec  6235  
[ 41]  35.00-36.00  sec  8.49 MBytes  71.2 Mbits/sec  6235  
[ 43]  35.00-36.00  sec  8.49 MBytes  71.2 Mbits/sec  6235  
[SUM]  35.00-36.00  sec   170 MBytes  1424 Mbits/sec  124700  
- - - - - - - - - - - - - - - - - - - - - - - - -
[  5]  36.00-37.00  sec  8.23 MBytes  69.1 Mbits/sec  6046  
[  7]  36.00-37.00  sec  8.23 MBytes  69.1 Mbits/sec  6046  
[  9]  36.00-37.00  sec  8.23 MBytes  69.1 Mbits/sec  6046  
[ 11]  36.00-37.00  sec  8.23 MBytes  69.1 Mbits/sec  6046  
[ 13]  36.00-37.00  sec  8.23 MBytes  69.1 Mbits/sec  6046  
[ 15]  36.00-37.00  sec  8.23 MBytes  69.1 Mbits/sec  6046  
[ 17]  36.00-37.00  sec  8.23 MBytes  69.1 Mbits/sec  6046  
[ 19]  36.00-37.00  sec  8.23 MBytes  69.1 Mbits/sec  6046  
[ 21]  36.00-37.00  sec  8.23 MBytes  69.1 Mbits/sec  6046  
[ 23]  36.00-37.00  sec  8.23 MBytes  69.1 Mbits/sec  6046  
[ 25]  36.00-37.00  sec  8.23 MBytes  69.1 Mbits/sec  6046  
[ 27]  36.00-37.00  sec  8.23 MBytes  69.1 Mbits/sec  6046  
[ 29]  36.00-37.00  sec  8.23 MBytes  69.1 Mbits/sec  6046  
[ 31]  36.00-37.00  sec  8.23 MBytes  69.1 Mbits/sec  6046  
[ 33]  36.00-37.00  sec  8.23 MBytes  69.1 Mbits/sec  6046  
[ 35]  36.00-37.00  sec  8.23 MBytes  69.1 Mbits/sec  6046  
[ 37]  36.00-37.00  sec  8.23 MBytes  69.1 Mbits/sec  6046  
[ 39]  36.00-37.00  sec  8.23 MBytes  69.1 Mbits/sec  6046  
[ 41]  36.00-37.00  sec  8.23 MBytes  69.1 Mbits/sec  6046  
[ 43]  36.00-37.00  sec  8.23 MBytes  69.1 Mbits/sec  6046  
[SUM]  36.00-37.00  sec   165 MBytes  1382 Mbits/sec  120920  
- - - - - - - - - - - - - - - - - - - - - - - - -
[  5]  37.00-38.00  sec  8.41 MBytes  70.6 Mbits/sec  6178  
[  7]  37.00-38.00  sec  8.41 MBytes  70.6 Mbits/sec  6178  
[  9]  37.00-38.00  sec  8.41 MBytes  70.6 Mbits/sec  6178  
[ 11]  37.00-38.00  sec  8.41 MBytes  70.6 Mbits/sec  6178  
[ 13]  37.00-38.00  sec  8.41 MBytes  70.6 Mbits/sec  6178  
[ 15]  37.00-38.00  sec  8.41 MBytes  70.6 Mbits/sec  6178  
[ 17]  37.00-38.00  sec  8.41 MBytes  70.6 Mbits/sec  6178  
[ 19]  37.00-38.00  sec  8.41 MBytes  70.6 Mbits/sec  6178  
[ 21]  37.00-38.00  sec  8.41 MBytes  70.6 Mbits/sec  6178  
[ 23]  37.00-38.00  sec  8.41 MBytes  70.6 Mbits/sec  6178  
[ 25]  37.00-38.00  sec  8.41 MBytes  70.6 Mbits/sec  6178  
[ 27]  37.00-38.00  sec  8.41 MBytes  70.6 Mbits/sec  6178  
[ 29]  37.00-38.00  sec  8.41 MBytes  70.6 Mbits/sec  6178  
[ 31]  37.00-38.00  sec  8.41 MBytes  70.6 Mbits/sec  6178  
[ 33]  37.00-38.00  sec  8.41 MBytes  70.6 Mbits/sec  6178  
[ 35]  37.00-38.00  sec  8.41 MBytes  70.6 Mbits/sec  6178  
[ 37]  37.00-38.00  sec  8.41 MBytes  70.6 Mbits/sec  6178  
[ 39]  37.00-38.00  sec  8.41 MBytes  70.6 Mbits/sec  6178  
[ 41]  37.00-38.00  sec  8.41 MBytes  70.6 Mbits/sec  6178  
[ 43]  37.00-38.00  sec  8.41 MBytes  70.6 Mbits/sec  6178  
[SUM]  37.00-38.00  sec   168 MBytes  1412 Mbits/sec  123560  
- - - - - - - - - - - - - - - - - - - - - - - - -
[  5]  38.00-39.00  sec  7.42 MBytes  62.2 Mbits/sec  5448  
[  7]  38.00-39.00  sec  7.42 MBytes  62.2 Mbits/sec  5448  
[  9]  38.00-39.00  sec  7.42 MBytes  62.2 Mbits/sec  5448  
[ 11]  38.00-39.00  sec  7.42 MBytes  62.2 Mbits/sec  5448  
[ 13]  38.00-39.00  sec  7.42 MBytes  62.2 Mbits/sec  5448  
[ 15]  38.00-39.00  sec  7.42 MBytes  62.2 Mbits/sec  5448  
[ 17]  38.00-39.00  sec  7.42 MBytes  62.2 Mbits/sec  5448  
[ 19]  38.00-39.00  sec  7.42 MBytes  62.2 Mbits/sec  5448  
[ 21]  38.00-39.00  sec  7.42 MBytes  62.2 Mbits/sec  5448  
[ 23]  38.00-39.00  sec  7.42 MBytes  62.2 Mbits/sec  5448  
[ 25]  38.00-39.00  sec  7.42 MBytes  62.2 Mbits/sec  5448  
[ 27]  38.00-39.00  sec  7.42 MBytes  62.2 Mbits/sec  5448  
[ 29]  38.00-39.00  sec  7.42 MBytes  62.2 Mbits/sec  5448  
[ 31]  38.00-39.00  sec  7.42 MBytes  62.2 Mbits/sec  5448  
[ 33]  38.00-39.00  sec  7.42 MBytes  62.2 Mbits/sec  5448  
[ 35]  38.00-39.00  sec  7.42 MBytes  62.2 Mbits/sec  5448  
[ 37]  38.00-39.00  sec  7.42 MBytes  62.2 Mbits/sec  5448  
[ 39]  38.00-39.00  sec  7.42 MBytes  62.2 Mbits/sec  5448  
[ 41]  38.00-39.00  sec  7.42 MBytes  62.2 Mbits/sec  5448  
[ 43]  38.00-39.00  sec  7.42 MBytes  62.2 Mbits/sec  5448  
[SUM]  38.00-39.00  sec   148 MBytes  1245 Mbits/sec  108960  
- - - - - - - - - - - - - - - - - - - - - - - - -
[  5]  39.00-40.00  sec  7.99 MBytes  67.1 Mbits/sec  5870  
[  7]  39.00-40.00  sec  7.99 MBytes  67.1 Mbits/sec  5870  
[  9]  39.00-40.00  sec  7.99 MBytes  67.1 Mbits/sec  5870  
[ 11]  39.00-40.00  sec  7.99 MBytes  67.1 Mbits/sec  5870  
[ 13]  39.00-40.00  sec  7.99 MBytes  67.1 Mbits/sec  5870  
[ 15]  39.00-40.00  sec  7.99 MBytes  67.1 Mbits/sec  5870  
[ 17]  39.00-40.00  sec  7.99 MBytes  67.1 Mbits/sec  5870  
[ 19]  39.00-40.00  sec  7.99 MBytes  67.1 Mbits/sec  5870  
[ 21]  39.00-40.00  sec  7.99 MBytes  67.1 Mbits/sec  5870  
[ 23]  39.00-40.00  sec  7.99 MBytes  67.1 Mbits/sec  5870  
[ 25]  39.00-40.00  sec  7.99 MBytes  67.1 Mbits/sec  5870  
[ 27]  39.00-40.00  sec  7.99 MBytes  67.1 Mbits/sec  5870  
[ 29]  39.00-40.00  sec  7.99 MBytes  67.1 Mbits/sec  5870  
[ 31]  39.00-40.00  sec  7.99 MBytes  67.1 Mbits/sec  5870  
[ 33]  39.00-40.00  sec  7.99 MBytes  67.1 Mbits/sec  5870  
[ 35]  39.00-40.00  sec  7.99 MBytes  67.1 Mbits/sec  5870  
[ 37]  39.00-40.00  sec  7.99 MBytes  67.1 Mbits/sec  5870  
[ 39]  39.00-40.00  sec  7.99 MBytes  67.1 Mbits/sec  5870  
[ 41]  39.00-40.00  sec  7.99 MBytes  67.1 Mbits/sec  5870  
[ 43]  39.00-40.00  sec  7.99 MBytes  67.1 Mbits/sec  5870  
[SUM]  39.00-40.00  sec   160 MBytes  1341 Mbits/sec  117400  
- - - - - - - - - - - - - - - - - - - - - - - - -
[  5]  40.00-41.00  sec  8.50 MBytes  71.3 Mbits/sec  6242  
[  7]  40.00-41.00  sec  8.50 MBytes  71.3 Mbits/sec  6242  
[  9]  40.00-41.00  sec  8.50 MBytes  71.3 Mbits/sec  6242  
[ 11]  40.00-41.00  sec  8.50 MBytes  71.3 Mbits/sec  6242  
[ 13]  40.00-41.00  sec  8.50 MBytes  71.3 Mbits/sec  6242  
[ 15]  40.00-41.00  sec  8.50 MBytes  71.3 Mbits/sec  6242  
[ 17]  40.00-41.00  sec  8.50 MBytes  71.3 Mbits/sec  6242  
[ 19]  40.00-41.00  sec  8.50 MBytes  71.3 Mbits/sec  6242  
[ 21]  40.00-41.00  sec  8.50 MBytes  71.3 Mbits/sec  6242  
[ 23]  40.00-41.00  sec  8.50 MBytes  71.3 Mbits/sec  6242  
[ 25]  40.00-41.00  sec  8.50 MBytes  71.3 Mbits/sec  6242  
[ 27]  40.00-41.00  sec  8.50 MBytes  71.3 Mbits/sec  6242  
[ 29]  40.00-41.00  sec  8.50 MBytes  71.3 Mbits/sec  6242  
[ 31]  40.00-41.00  sec  8.50 MBytes  71.3 Mbits/sec  6242  
[ 33]  40.00-41.00  sec  8.50 MBytes  71.3 Mbits/sec  6242  
[ 35]  40.00-41.00  sec  8.50 MBytes  71.3 Mbits/sec  6242  
[ 37]  40.00-41.00  sec  8.50 MBytes  71.3 Mbits/sec  6242  
[ 39]  40.00-41.00  sec  8.50 MBytes  71.3 Mbits/sec  6242  
[ 41]  40.00-41.00  sec  8.50 MBytes  71.3 Mbits/sec  6242  
[ 43]  40.00-41.00  sec  8.50 MBytes  71.3 Mbits/sec  6242  
[SUM]  40.00-41.00  sec   170 MBytes  1426 Mbits/sec  124840  
- - - - - - - - - - - - - - - - - - - - - - - - -
[  5]  41.00-42.00  sec  7.56 MBytes  63.4 Mbits/sec  5553  
[  7]  41.00-42.00  sec  7.56 MBytes  63.4 Mbits/sec  5553  
[  9]  41.00-42.00  sec  7.56 MBytes  63.4 Mbits/sec  5553  
[ 11]  41.00-42.00  sec  7.56 MBytes  63.4 Mbits/sec  5553  
[ 13]  41.00-42.00  sec  7.56 MBytes  63.4 Mbits/sec  5553  
[ 15]  41.00-42.00  sec  7.56 MBytes  63.4 Mbits/sec  5553  
[ 17]  41.00-42.00  sec  7.56 MBytes  63.4 Mbits/sec  5553  
[ 19]  41.00-42.00  sec  7.56 MBytes  63.4 Mbits/sec  5553  
[ 21]  41.00-42.00  sec  7.56 MBytes  63.4 Mbits/sec  5553  
[ 23]  41.00-42.00  sec  7.56 MBytes  63.4 Mbits/sec  5553  
[ 25]  41.00-42.00  sec  7.56 MBytes  63.4 Mbits/sec  5553  
[ 27]  41.00-42.00  sec  7.56 MBytes  63.4 Mbits/sec  5553  
[ 29]  41.00-42.00  sec  7.56 MBytes  63.4 Mbits/sec  5553  
[ 31]  41.00-42.00  sec  7.56 MBytes  63.4 Mbits/sec  5553  
[ 33]  41.00-42.00  sec  7.56 MBytes  63.4 Mbits/sec  5553  
[ 35]  41.00-42.00  sec  7.56 MBytes  63.4 Mbits/sec  5553  
[ 37]  41.00-42.00  sec  7.56 MBytes  63.4 Mbits/sec  5553  
[ 39]  41.00-42.00  sec  7.56 MBytes  63.4 Mbits/sec  5553  
[ 41]  41.00-42.00  sec  7.56 MBytes  63.4 Mbits/sec  5553  
[ 43]  41.00-42.00  sec  7.56 MBytes  63.4 Mbits/sec  5553  
[SUM]  41.00-42.00  sec   151 MBytes  1269 Mbits/sec  111060  
- - - - - - - - - - - - - - - - - - - - - - - - -
[  5]  42.00-43.00  sec  8.40 MBytes  70.5 Mbits/sec  6167  
[  7]  42.00-43.00  sec  8.40 MBytes  70.5 Mbits/sec  6167  
[  9]  42.00-43.00  sec  8.40 MBytes  70.5 Mbits/sec  6167  
[ 11]  42.00-43.00  sec  8.40 MBytes  70.5 Mbits/sec  6167  
[ 13]  42.00-43.00  sec  8.40 MBytes  70.5 Mbits/sec  6167  
[ 15]  42.00-43.00  sec  8.40 MBytes  70.5 Mbits/sec  6167  
[ 17]  42.00-43.00  sec  8.40 MBytes  70.5 Mbits/sec  6167  
[ 19]  42.00-43.00  sec  8.40 MBytes  70.5 Mbits/sec  6167  
[ 21]  42.00-43.00  sec  8.40 MBytes  70.5 Mbits/sec  6167  
[ 23]  42.00-43.00  sec  8.40 MBytes  70.5 Mbits/sec  6167  
[ 25]  42.00-43.00  sec  8.40 MBytes  70.5 Mbits/sec  6167  
[ 27]  42.00-43.00  sec  8.40 MBytes  70.5 Mbits/sec  6167  
[ 29]  42.00-43.00  sec  8.40 MBytes  70.5 Mbits/sec  6167  
[ 31]  42.00-43.00  sec  8.40 MBytes  70.5 Mbits/sec  6167  
[ 33]  42.00-43.00  sec  8.40 MBytes  70.5 Mbits/sec  6167  
[ 35]  42.00-43.00  sec  8.40 MBytes  70.5 Mbits/sec  6167  
[ 37]  42.00-43.00  sec  8.40 MBytes  70.5 Mbits/sec  6167  
[ 39]  42.00-43.00  sec  8.40 MBytes  70.5 Mbits/sec  6167  
[ 41]  42.00-43.00  sec  8.40 MBytes  70.5 Mbits/sec  6167  
[ 43]  42.00-43.00  sec  8.40 MBytes  70.5 Mbits/sec  6167  
[SUM]  42.00-43.00  sec   168 MBytes  1409 Mbits/sec  123340  
- - - - - - - - - - - - - - - - - - - - - - - - -
[  5]  43.00-44.00  sec  8.20 MBytes  68.8 Mbits/sec  6022  
[  7]  43.00-44.00  sec  8.20 MBytes  68.8 Mbits/sec  6022  
[  9]  43.00-44.00  sec  8.20 MBytes  68.8 Mbits/sec  6022  
[ 11]  43.00-44.00  sec  8.20 MBytes  68.8 Mbits/sec  6022  
[ 13]  43.00-44.00  sec  8.20 MBytes  68.8 Mbits/sec  6022  
[ 15]  43.00-44.00  sec  8.20 MBytes  68.8 Mbits/sec  6022  
[ 17]  43.00-44.00  sec  8.20 MBytes  68.8 Mbits/sec  6022  
[ 19]  43.00-44.00  sec  8.20 MBytes  68.8 Mbits/sec  6022  
[ 21]  43.00-44.00  sec  8.20 MBytes  68.8 Mbits/sec  6022  
[ 23]  43.00-44.00  sec  8.20 MBytes  68.8 Mbits/sec  6022  
[ 25]  43.00-44.00  sec  8.20 MBytes  68.8 Mbits/sec  6022  
[ 27]  43.00-44.00  sec  8.20 MBytes  68.8 Mbits/sec  6022  
[ 29]  43.00-44.00  sec  8.20 MBytes  68.8 Mbits/sec  6022  
[ 31]  43.00-44.00  sec  8.20 MBytes  68.8 Mbits/sec  6022  
[ 33]  43.00-44.00  sec  8.20 MBytes  68.8 Mbits/sec  6022  
[ 35]  43.00-44.00  sec  8.20 MBytes  68.8 Mbits/sec  6022  
[ 37]  43.00-44.00  sec  8.20 MBytes  68.8 Mbits/sec  6022  
[ 39]  43.00-44.00  sec  8.20 MBytes  68.8 Mbits/sec  6022  
[ 41]  43.00-44.00  sec  8.20 MBytes  68.8 Mbits/sec  6022  
[ 43]  43.00-44.00  sec  8.20 MBytes  68.8 Mbits/sec  6022  
[SUM]  43.00-44.00  sec   164 MBytes  1376 Mbits/sec  120440  
- - - - - - - - - - - - - - - - - - - - - - - - -
[  5]  44.00-45.00  sec  8.50 MBytes  71.3 Mbits/sec  6244  
[  7]  44.00-45.00  sec  8.50 MBytes  71.3 Mbits/sec  6244  
[  9]  44.00-45.00  sec  8.50 MBytes  71.3 Mbits/sec  6244  
[ 11]  44.00-45.00  sec  8.50 MBytes  71.3 Mbits/sec  6244  
[ 13]  44.00-45.00  sec  8.50 MBytes  71.3 Mbits/sec  6244  
[ 15]  44.00-45.00  sec  8.50 MBytes  71.3 Mbits/sec  6244  
[ 17]  44.00-45.00  sec  8.50 MBytes  71.3 Mbits/sec  6244  
[ 19]  44.00-45.00  sec  8.50 MBytes  71.3 Mbits/sec  6244  
[ 21]  44.00-45.00  sec  8.50 MBytes  71.3 Mbits/sec  6244  
[ 23]  44.00-45.00  sec  8.50 MBytes  71.3 Mbits/sec  6244  
[ 25]  44.00-45.00  sec  8.50 MBytes  71.3 Mbits/sec  6244  
[ 27]  44.00-45.00  sec  8.50 MBytes  71.3 Mbits/sec  6244  
[ 29]  44.00-45.00  sec  8.50 MBytes  71.3 Mbits/sec  6244  
[ 31]  44.00-45.00  sec  8.50 MBytes  71.3 Mbits/sec  6244  
[ 33]  44.00-45.00  sec  8.50 MBytes  71.3 Mbits/sec  6244  
[ 35]  44.00-45.00  sec  8.50 MBytes  71.3 Mbits/sec  6244  
[ 37]  44.00-45.00  sec  8.50 MBytes  71.3 Mbits/sec  6244  
[ 39]  44.00-45.00  sec  8.50 MBytes  71.3 Mbits/sec  6244  
[ 41]  44.00-45.00  sec  8.50 MBytes  71.3 Mbits/sec  6244  
[ 43]  44.00-45.00  sec  8.50 MBytes  71.3 Mbits/sec  6244  
[SUM]  44.00-45.00  sec   170 MBytes  1427 Mbits/sec  124880  
- - - - - - - - - - - - - - - - - - - - - - - - -
[  5]  45.00-46.00  sec  8.53 MBytes  71.6 Mbits/sec  6265  
[  7]  45.00-46.00  sec  8.53 MBytes  71.6 Mbits/sec  6265  
[  9]  45.00-46.00  sec  8.53 MBytes  71.6 Mbits/sec  6265  
[ 11]  45.00-46.00  sec  8.53 MBytes  71.6 Mbits/sec  6265  
[ 13]  45.00-46.00  sec  8.53 MBytes  71.6 Mbits/sec  6265  
[ 15]  45.00-46.00  sec  8.53 MBytes  71.6 Mbits/sec  6265  
[ 17]  45.00-46.00  sec  8.53 MBytes  71.6 Mbits/sec  6265  
[ 19]  45.00-46.00  sec  8.53 MBytes  71.6 Mbits/sec  6265  
[ 21]  45.00-46.00  sec  8.53 MBytes  71.6 Mbits/sec  6265  
[ 23]  45.00-46.00  sec  8.53 MBytes  71.6 Mbits/sec  6265  
[ 25]  45.00-46.00  sec  8.53 MBytes  71.6 Mbits/sec  6265  
[ 27]  45.00-46.00  sec  8.53 MBytes  71.6 Mbits/sec  6265  
[ 29]  45.00-46.00  sec  8.53 MBytes  71.6 Mbits/sec  6265  
[ 31]  45.00-46.00  sec  8.53 MBytes  71.6 Mbits/sec  6265  
[ 33]  45.00-46.00  sec  8.53 MBytes  71.6 Mbits/sec  6265  
[ 35]  45.00-46.00  sec  8.53 MBytes  71.6 Mbits/sec  6265  
[ 37]  45.00-46.00  sec  8.53 MBytes  71.6 Mbits/sec  6265  
[ 39]  45.00-46.00  sec  8.53 MBytes  71.6 Mbits/sec  6265  
[ 41]  45.00-46.00  sec  8.53 MBytes  71.6 Mbits/sec  6265  
[ 43]  45.00-46.00  sec  8.53 MBytes  71.6 Mbits/sec  6265  
[SUM]  45.00-46.00  sec   171 MBytes  1431 Mbits/sec  125300  
- - - - - - - - - - - - - - - - - - - - - - - - -
[  5]  46.00-47.00  sec  8.44 MBytes  70.8 Mbits/sec  6195  
[  7]  46.00-47.00  sec  8.44 MBytes  70.8 Mbits/sec  6195  
[  9]  46.00-47.00  sec  8.44 MBytes  70.8 Mbits/sec  6195  
[ 11]  46.00-47.00  sec  8.44 MBytes  70.8 Mbits/sec  6195  
[ 13]  46.00-47.00  sec  8.44 MBytes  70.8 Mbits/sec  6195  
[ 15]  46.00-47.00  sec  8.44 MBytes  70.8 Mbits/sec  6195  
[ 17]  46.00-47.00  sec  8.44 MBytes  70.8 Mbits/sec  6195  
[ 19]  46.00-47.00  sec  8.44 MBytes  70.8 Mbits/sec  6195  
[ 21]  46.00-47.00  sec  8.44 MBytes  70.8 Mbits/sec  6195  
[ 23]  46.00-47.00  sec  8.44 MBytes  70.8 Mbits/sec  6195  
[ 25]  46.00-47.00  sec  8.44 MBytes  70.8 Mbits/sec  6195  
[ 27]  46.00-47.00  sec  8.44 MBytes  70.8 Mbits/sec  6195  
[ 29]  46.00-47.00  sec  8.44 MBytes  70.8 Mbits/sec  6195  
[ 31]  46.00-47.00  sec  8.44 MBytes  70.8 Mbits/sec  6195  
[ 33]  46.00-47.00  sec  8.44 MBytes  70.8 Mbits/sec  6195  
[ 35]  46.00-47.00  sec  8.44 MBytes  70.8 Mbits/sec  6195  
[ 37]  46.00-47.00  sec  8.44 MBytes  70.8 Mbits/sec  6195  
[ 39]  46.00-47.00  sec  8.44 MBytes  70.8 Mbits/sec  6195  
[ 41]  46.00-47.00  sec  8.44 MBytes  70.8 Mbits/sec  6195  
[ 43]  46.00-47.00  sec  8.44 MBytes  70.8 Mbits/sec  6195  
[SUM]  46.00-47.00  sec   169 MBytes  1415 Mbits/sec  123900  
- - - - - - - - - - - - - - - - - - - - - - - - -
[  5]  47.00-48.00  sec  8.56 MBytes  71.8 Mbits/sec  6283  
[  7]  47.00-48.00  sec  8.56 MBytes  71.8 Mbits/sec  6283  
[  9]  47.00-48.00  sec  8.56 MBytes  71.8 Mbits/sec  6283  
[ 11]  47.00-48.00  sec  8.56 MBytes  71.8 Mbits/sec  6283  
[ 13]  47.00-48.00  sec  8.56 MBytes  71.8 Mbits/sec  6283  
[ 15]  47.00-48.00  sec  8.56 MBytes  71.8 Mbits/sec  6283  
[ 17]  47.00-48.00  sec  8.56 MBytes  71.8 Mbits/sec  6283  
[ 19]  47.00-48.00  sec  8.56 MBytes  71.8 Mbits/sec  6283  
[ 21]  47.00-48.00  sec  8.56 MBytes  71.8 Mbits/sec  6283  
[ 23]  47.00-48.00  sec  8.56 MBytes  71.8 Mbits/sec  6283  
[ 25]  47.00-48.00  sec  8.56 MBytes  71.8 Mbits/sec  6283  
[ 27]  47.00-48.00  sec  8.56 MBytes  71.8 Mbits/sec  6283  
[ 29]  47.00-48.00  sec  8.56 MBytes  71.8 Mbits/sec  6283  
[ 31]  47.00-48.00  sec  8.56 MBytes  71.8 Mbits/sec  6283  
[ 33]  47.00-48.00  sec  8.56 MBytes  71.8 Mbits/sec  6283  
[ 35]  47.00-48.00  sec  8.56 MBytes  71.8 Mbits/sec  6283  
[ 37]  47.00-48.00  sec  8.56 MBytes  71.8 Mbits/sec  6283  
[ 39]  47.00-48.00  sec  8.56 MBytes  71.8 Mbits/sec  6283  
[ 41]  47.00-48.00  sec  8.56 MBytes  71.8 Mbits/sec  6283  
[ 43]  47.00-48.00  sec  8.56 MBytes  71.8 Mbits/sec  6283  
[SUM]  47.00-48.00  sec   171 MBytes  1436 Mbits/sec  125660  
- - - - - - - - - - - - - - - - - - - - - - - - -
[  5]  48.00-49.00  sec  7.60 MBytes  63.8 Mbits/sec  5583  
[  7]  48.00-49.00  sec  7.60 MBytes  63.8 Mbits/sec  5583  
[  9]  48.00-49.00  sec  7.60 MBytes  63.8 Mbits/sec  5583  
[ 11]  48.00-49.00  sec  7.60 MBytes  63.8 Mbits/sec  5583  
[ 13]  48.00-49.00  sec  7.60 MBytes  63.8 Mbits/sec  5582  
[ 15]  48.00-49.00  sec  7.60 MBytes  63.8 Mbits/sec  5582  
[ 17]  48.00-49.00  sec  7.60 MBytes  63.8 Mbits/sec  5582  
[ 19]  48.00-49.00  sec  7.60 MBytes  63.8 Mbits/sec  5581  
[ 21]  48.00-49.00  sec  7.60 MBytes  63.8 Mbits/sec  5581  
[ 23]  48.00-49.00  sec  7.60 MBytes  63.8 Mbits/sec  5581  
[ 25]  48.00-49.00  sec  7.60 MBytes  63.8 Mbits/sec  5581  
[ 27]  48.00-49.00  sec  7.60 MBytes  63.8 Mbits/sec  5581  
[ 29]  48.00-49.00  sec  7.60 MBytes  63.8 Mbits/sec  5581  
[ 31]  48.00-49.00  sec  7.60 MBytes  63.8 Mbits/sec  5581  
[ 33]  48.00-49.00  sec  7.60 MBytes  63.8 Mbits/sec  5581  
[ 35]  48.00-49.00  sec  7.60 MBytes  63.8 Mbits/sec  5581  
[ 37]  48.00-49.00  sec  7.60 MBytes  63.8 Mbits/sec  5581  
[ 39]  48.00-49.00  sec  7.60 MBytes  63.8 Mbits/sec  5581  
[ 41]  48.00-49.00  sec  7.60 MBytes  63.8 Mbits/sec  5581  
[ 43]  48.00-49.00  sec  7.60 MBytes  63.8 Mbits/sec  5581  
[SUM]  48.00-49.00  sec   152 MBytes  1275 Mbits/sec  111631  
- - - - - - - - - - - - - - - - - - - - - - - - -
[  5]  49.00-50.00  sec  8.43 MBytes  70.7 Mbits/sec  6191  
[  7]  49.00-50.00  sec  8.43 MBytes  70.7 Mbits/sec  6191  
[  9]  49.00-50.00  sec  8.43 MBytes  70.7 Mbits/sec  6191  
[ 11]  49.00-50.00  sec  8.43 MBytes  70.7 Mbits/sec  6191  
[ 13]  49.00-50.00  sec  8.43 MBytes  70.7 Mbits/sec  6191  
[ 15]  49.00-50.00  sec  8.43 MBytes  70.7 Mbits/sec  6191  
[ 17]  49.00-50.00  sec  8.43 MBytes  70.7 Mbits/sec  6191  
[ 19]  49.00-50.00  sec  8.43 MBytes  70.7 Mbits/sec  6191  
[ 21]  49.00-50.00  sec  8.43 MBytes  70.7 Mbits/sec  6191  
[ 23]  49.00-50.00  sec  8.43 MBytes  70.7 Mbits/sec  6191  
[ 25]  49.00-50.00  sec  8.43 MBytes  70.7 Mbits/sec  6191  
[ 27]  49.00-50.00  sec  8.43 MBytes  70.7 Mbits/sec  6191  
[ 29]  49.00-50.00  sec  8.43 MBytes  70.7 Mbits/sec  6191  
[ 31]  49.00-50.00  sec  8.43 MBytes  70.7 Mbits/sec  6191  
[ 33]  49.00-50.00  sec  8.43 MBytes  70.7 Mbits/sec  6191  
[ 35]  49.00-50.00  sec  8.43 MBytes  70.7 Mbits/sec  6191  
[ 37]  49.00-50.00  sec  8.43 MBytes  70.7 Mbits/sec  6191  
[ 39]  49.00-50.00  sec  8.43 MBytes  70.7 Mbits/sec  6191  
[ 41]  49.00-50.00  sec  8.43 MBytes  70.7 Mbits/sec  6191  
[ 43]  49.00-50.00  sec  8.43 MBytes  70.7 Mbits/sec  6191  
[SUM]  49.00-50.00  sec   169 MBytes  1414 Mbits/sec  123820  
- - - - - - - - - - - - - - - - - - - - - - - - -
[  5]  50.00-51.00  sec  8.54 MBytes  71.6 Mbits/sec  6269  
[  7]  50.00-51.00  sec  8.54 MBytes  71.6 Mbits/sec  6269  
[  9]  50.00-51.00  sec  8.54 MBytes  71.6 Mbits/sec  6269  
[ 11]  50.00-51.00  sec  8.54 MBytes  71.6 Mbits/sec  6269  
[ 13]  50.00-51.00  sec  8.54 MBytes  71.6 Mbits/sec  6269  
[ 15]  50.00-51.00  sec  8.54 MBytes  71.6 Mbits/sec  6269  
[ 17]  50.00-51.00  sec  8.54 MBytes  71.6 Mbits/sec  6269  
[ 19]  50.00-51.00  sec  8.54 MBytes  71.6 Mbits/sec  6269  
[ 21]  50.00-51.00  sec  8.54 MBytes  71.6 Mbits/sec  6269  
[ 23]  50.00-51.00  sec  8.54 MBytes  71.6 Mbits/sec  6269  
[ 25]  50.00-51.00  sec  8.54 MBytes  71.6 Mbits/sec  6269  
[ 27]  50.00-51.00  sec  8.54 MBytes  71.6 Mbits/sec  6269  
[ 29]  50.00-51.00  sec  8.54 MBytes  71.6 Mbits/sec  6269  
[ 31]  50.00-51.00  sec  8.54 MBytes  71.6 Mbits/sec  6269  
[ 33]  50.00-51.00  sec  8.54 MBytes  71.6 Mbits/sec  6269  
[ 35]  50.00-51.00  sec  8.54 MBytes  71.6 Mbits/sec  6269  
[ 37]  50.00-51.00  sec  8.54 MBytes  71.6 Mbits/sec  6269  
[ 39]  50.00-51.00  sec  8.54 MBytes  71.6 Mbits/sec  6269  
[ 41]  50.00-51.00  sec  8.54 MBytes  71.6 Mbits/sec  6269  
[ 43]  50.00-51.00  sec  8.54 MBytes  71.6 Mbits/sec  6269  
[SUM]  50.00-51.00  sec   171 MBytes  1432 Mbits/sec  125380  
- - - - - - - - - - - - - - - - - - - - - - - - -
[  5]  51.00-52.00  sec  7.77 MBytes  65.2 Mbits/sec  5704  
[  7]  51.00-52.00  sec  7.77 MBytes  65.2 Mbits/sec  5704  
[  9]  51.00-52.00  sec  7.77 MBytes  65.2 Mbits/sec  5704  
[ 11]  51.00-52.00  sec  7.77 MBytes  65.2 Mbits/sec  5704  
[ 13]  51.00-52.00  sec  7.77 MBytes  65.2 Mbits/sec  5704  
[ 15]  51.00-52.00  sec  7.77 MBytes  65.2 Mbits/sec  5704  
[ 17]  51.00-52.00  sec  7.77 MBytes  65.2 Mbits/sec  5704  
[ 19]  51.00-52.00  sec  7.77 MBytes  65.2 Mbits/sec  5704  
[ 21]  51.00-52.00  sec  7.77 MBytes  65.2 Mbits/sec  5704  
[ 23]  51.00-52.00  sec  7.77 MBytes  65.2 Mbits/sec  5704  
[ 25]  51.00-52.00  sec  7.77 MBytes  65.2 Mbits/sec  5704  
[ 27]  51.00-52.00  sec  7.77 MBytes  65.2 Mbits/sec  5704  
[ 29]  51.00-52.00  sec  7.77 MBytes  65.2 Mbits/sec  5704  
[ 31]  51.00-52.00  sec  7.77 MBytes  65.2 Mbits/sec  5704  
[ 33]  51.00-52.00  sec  7.77 MBytes  65.2 Mbits/sec  5704  
[ 35]  51.00-52.00  sec  7.77 MBytes  65.2 Mbits/sec  5704  
[ 37]  51.00-52.00  sec  7.77 MBytes  65.2 Mbits/sec  5704  
[ 39]  51.00-52.00  sec  7.77 MBytes  65.2 Mbits/sec  5704  
[ 41]  51.00-52.00  sec  7.77 MBytes  65.2 Mbits/sec  5704  
[ 43]  51.00-52.00  sec  7.77 MBytes  65.2 Mbits/sec  5704  
[SUM]  51.00-52.00  sec   155 MBytes  1303 Mbits/sec  114080  
- - - - - - - - - - - - - - - - - - - - - - - - -
[  5]  52.00-53.00  sec  8.62 MBytes  72.3 Mbits/sec  6328  
[  7]  52.00-53.00  sec  8.62 MBytes  72.3 Mbits/sec  6328  
[  9]  52.00-53.00  sec  8.62 MBytes  72.3 Mbits/sec  6328  
[ 11]  52.00-53.00  sec  8.62 MBytes  72.3 Mbits/sec  6328  
[ 13]  52.00-53.00  sec  8.62 MBytes  72.3 Mbits/sec  6328  
[ 15]  52.00-53.00  sec  8.62 MBytes  72.3 Mbits/sec  6328  
[ 17]  52.00-53.00  sec  8.62 MBytes  72.3 Mbits/sec  6328  
[ 19]  52.00-53.00  sec  8.62 MBytes  72.3 Mbits/sec  6328  
[ 21]  52.00-53.00  sec  8.62 MBytes  72.3 Mbits/sec  6328  
[ 23]  52.00-53.00  sec  8.62 MBytes  72.3 Mbits/sec  6328  
[ 25]  52.00-53.00  sec  8.62 MBytes  72.3 Mbits/sec  6328  
[ 27]  52.00-53.00  sec  8.62 MBytes  72.3 Mbits/sec  6328  
[ 29]  52.00-53.00  sec  8.62 MBytes  72.3 Mbits/sec  6328  
[ 31]  52.00-53.00  sec  8.62 MBytes  72.3 Mbits/sec  6328  
[ 33]  52.00-53.00  sec  8.62 MBytes  72.3 Mbits/sec  6328  
[ 35]  52.00-53.00  sec  8.62 MBytes  72.3 Mbits/sec  6328  
[ 37]  52.00-53.00  sec  8.62 MBytes  72.3 Mbits/sec  6328  
[ 39]  52.00-53.00  sec  8.62 MBytes  72.3 Mbits/sec  6328  
[ 41]  52.00-53.00  sec  8.62 MBytes  72.3 Mbits/sec  6328  
[ 43]  52.00-53.00  sec  8.62 MBytes  72.3 Mbits/sec  6328  
[SUM]  52.00-53.00  sec   172 MBytes  1446 Mbits/sec  126560  
- - - - - - - - - - - - - - - - - - - - - - - - -
[  5]  53.00-54.00  sec  8.30 MBytes  69.6 Mbits/sec  6092  
[  7]  53.00-54.00  sec  8.30 MBytes  69.6 Mbits/sec  6092  
[  9]  53.00-54.00  sec  8.30 MBytes  69.6 Mbits/sec  6092  
[ 11]  53.00-54.00  sec  8.30 MBytes  69.6 Mbits/sec  6092  
[ 13]  53.00-54.00  sec  8.30 MBytes  69.6 Mbits/sec  6092  
[ 15]  53.00-54.00  sec  8.30 MBytes  69.6 Mbits/sec  6092  
[ 17]  53.00-54.00  sec  8.30 MBytes  69.6 Mbits/sec  6092  
[ 19]  53.00-54.00  sec  8.30 MBytes  69.6 Mbits/sec  6092  
[ 21]  53.00-54.00  sec  8.30 MBytes  69.6 Mbits/sec  6092  
[ 23]  53.00-54.00  sec  8.30 MBytes  69.6 Mbits/sec  6092  
[ 25]  53.00-54.00  sec  8.30 MBytes  69.6 Mbits/sec  6092  
[ 27]  53.00-54.00  sec  8.30 MBytes  69.6 Mbits/sec  6092  
[ 29]  53.00-54.00  sec  8.30 MBytes  69.6 Mbits/sec  6092  
[ 31]  53.00-54.00  sec  8.30 MBytes  69.6 Mbits/sec  6092  
[ 33]  53.00-54.00  sec  8.30 MBytes  69.6 Mbits/sec  6092  
[ 35]  53.00-54.00  sec  8.30 MBytes  69.6 Mbits/sec  6092  
[ 37]  53.00-54.00  sec  8.30 MBytes  69.6 Mbits/sec  6092  
[ 39]  53.00-54.00  sec  8.30 MBytes  69.6 Mbits/sec  6092  
[ 41]  53.00-54.00  sec  8.30 MBytes  69.6 Mbits/sec  6092  
[ 43]  53.00-54.00  sec  8.30 MBytes  69.6 Mbits/sec  6092  
[SUM]  53.00-54.00  sec   166 MBytes  1392 Mbits/sec  121840  
- - - - - - - - - - - - - - - - - - - - - - - - -
[  5]  54.00-55.00  sec  8.57 MBytes  71.9 Mbits/sec  6290  
[  7]  54.00-55.00  sec  8.57 MBytes  71.9 Mbits/sec  6290  
[  9]  54.00-55.00  sec  8.57 MBytes  71.9 Mbits/sec  6290  
[ 11]  54.00-55.00  sec  8.57 MBytes  71.9 Mbits/sec  6290  
[ 13]  54.00-55.00  sec  8.57 MBytes  71.9 Mbits/sec  6290  
[ 15]  54.00-55.00  sec  8.57 MBytes  71.9 Mbits/sec  6290  
[ 17]  54.00-55.00  sec  8.57 MBytes  71.9 Mbits/sec  6290  
[ 19]  54.00-55.00  sec  8.57 MBytes  71.9 Mbits/sec  6290  
[ 21]  54.00-55.00  sec  8.57 MBytes  71.9 Mbits/sec  6290  
[ 23]  54.00-55.00  sec  8.57 MBytes  71.9 Mbits/sec  6290  
[ 25]  54.00-55.00  sec  8.57 MBytes  71.9 Mbits/sec  6290  
[ 27]  54.00-55.00  sec  8.57 MBytes  71.9 Mbits/sec  6290  
[ 29]  54.00-55.00  sec  8.57 MBytes  71.9 Mbits/sec  6290  
[ 31]  54.00-55.00  sec  8.57 MBytes  71.9 Mbits/sec  6290  
[ 33]  54.00-55.00  sec  8.57 MBytes  71.9 Mbits/sec  6290  
[ 35]  54.00-55.00  sec  8.57 MBytes  71.9 Mbits/sec  6290  
[ 37]  54.00-55.00  sec  8.57 MBytes  71.9 Mbits/sec  6290  
[ 39]  54.00-55.00  sec  8.57 MBytes  71.9 Mbits/sec  6290  
[ 41]  54.00-55.00  sec  8.57 MBytes  71.9 Mbits/sec  6290  
[ 43]  54.00-55.00  sec  8.57 MBytes  71.9 Mbits/sec  6290  
[SUM]  54.00-55.00  sec   171 MBytes  1437 Mbits/sec  125800  
- - - - - - - - - - - - - - - - - - - - - - - - -
[  5]  55.00-56.00  sec  8.26 MBytes  69.3 Mbits/sec  6065  
[  7]  55.00-56.00  sec  8.26 MBytes  69.3 Mbits/sec  6065  
[  9]  55.00-56.00  sec  8.26 MBytes  69.3 Mbits/sec  6065  
[ 11]  55.00-56.00  sec  8.26 MBytes  69.3 Mbits/sec  6065  
[ 13]  55.00-56.00  sec  8.26 MBytes  69.3 Mbits/sec  6065  
[ 15]  55.00-56.00  sec  8.26 MBytes  69.3 Mbits/sec  6065  
[ 17]  55.00-56.00  sec  8.26 MBytes  69.3 Mbits/sec  6065  
[ 19]  55.00-56.00  sec  8.26 MBytes  69.3 Mbits/sec  6065  
[ 21]  55.00-56.00  sec  8.26 MBytes  69.3 Mbits/sec  6065  
[ 23]  55.00-56.00  sec  8.26 MBytes  69.3 Mbits/sec  6065  
[ 25]  55.00-56.00  sec  8.26 MBytes  69.3 Mbits/sec  6065  
[ 27]  55.00-56.00  sec  8.26 MBytes  69.3 Mbits/sec  6065  
[ 29]  55.00-56.00  sec  8.26 MBytes  69.3 Mbits/sec  6065  
[ 31]  55.00-56.00  sec  8.26 MBytes  69.3 Mbits/sec  6065  
[ 33]  55.00-56.00  sec  8.26 MBytes  69.3 Mbits/sec  6065  
[ 35]  55.00-56.00  sec  8.26 MBytes  69.3 Mbits/sec  6065  
[ 37]  55.00-56.00  sec  8.26 MBytes  69.3 Mbits/sec  6065  
[ 39]  55.00-56.00  sec  8.26 MBytes  69.3 Mbits/sec  6065  
[ 41]  55.00-56.00  sec  8.26 MBytes  69.3 Mbits/sec  6065  
[ 43]  55.00-56.00  sec  8.26 MBytes  69.3 Mbits/sec  6065  
[SUM]  55.00-56.00  sec   165 MBytes  1386 Mbits/sec  121300  
- - - - - - - - - - - - - - - - - - - - - - - - -
[  5]  56.00-57.00  sec  8.48 MBytes  71.2 Mbits/sec  6229  
[  7]  56.00-57.00  sec  8.48 MBytes  71.2 Mbits/sec  6229  
[  9]  56.00-57.00  sec  8.48 MBytes  71.2 Mbits/sec  6229  
[ 11]  56.00-57.00  sec  8.48 MBytes  71.2 Mbits/sec  6229  
[ 13]  56.00-57.00  sec  8.48 MBytes  71.2 Mbits/sec  6229  
[ 15]  56.00-57.00  sec  8.48 MBytes  71.2 Mbits/sec  6229  
[ 17]  56.00-57.00  sec  8.48 MBytes  71.2 Mbits/sec  6229  
[ 19]  56.00-57.00  sec  8.48 MBytes  71.2 Mbits/sec  6229  
[ 21]  56.00-57.00  sec  8.48 MBytes  71.2 Mbits/sec  6229  
[ 23]  56.00-57.00  sec  8.48 MBytes  71.2 Mbits/sec  6229  
[ 25]  56.00-57.00  sec  8.48 MBytes  71.2 Mbits/sec  6229  
[ 27]  56.00-57.00  sec  8.48 MBytes  71.2 Mbits/sec  6229  
[ 29]  56.00-57.00  sec  8.48 MBytes  71.2 Mbits/sec  6229  
[ 31]  56.00-57.00  sec  8.48 MBytes  71.2 Mbits/sec  6229  
[ 33]  56.00-57.00  sec  8.48 MBytes  71.2 Mbits/sec  6229  
[ 35]  56.00-57.00  sec  8.48 MBytes  71.2 Mbits/sec  6229  
[ 37]  56.00-57.00  sec  8.48 MBytes  71.2 Mbits/sec  6229  
[ 39]  56.00-57.00  sec  8.48 MBytes  71.2 Mbits/sec  6229  
[ 41]  56.00-57.00  sec  8.48 MBytes  71.2 Mbits/sec  6229  
[ 43]  56.00-57.00  sec  8.48 MBytes  71.2 Mbits/sec  6229  
[SUM]  56.00-57.00  sec   170 MBytes  1423 Mbits/sec  124580  
- - - - - - - - - - - - - - - - - - - - - - - - -
[  5]  57.00-58.00  sec  8.39 MBytes  70.4 Mbits/sec  6163  
[  7]  57.00-58.00  sec  8.39 MBytes  70.4 Mbits/sec  6163  
[  9]  57.00-58.00  sec  8.39 MBytes  70.4 Mbits/sec  6163  
[ 11]  57.00-58.00  sec  8.39 MBytes  70.4 Mbits/sec  6163  
[ 13]  57.00-58.00  sec  8.39 MBytes  70.4 Mbits/sec  6163  
[ 15]  57.00-58.00  sec  8.39 MBytes  70.4 Mbits/sec  6163  
[ 17]  57.00-58.00  sec  8.39 MBytes  70.4 Mbits/sec  6163  
[ 19]  57.00-58.00  sec  8.39 MBytes  70.4 Mbits/sec  6163  
[ 21]  57.00-58.00  sec  8.39 MBytes  70.4 Mbits/sec  6163  
[ 23]  57.00-58.00  sec  8.39 MBytes  70.4 Mbits/sec  6163  
[ 25]  57.00-58.00  sec  8.39 MBytes  70.4 Mbits/sec  6163  
[ 27]  57.00-58.00  sec  8.39 MBytes  70.4 Mbits/sec  6163  
[ 29]  57.00-58.00  sec  8.39 MBytes  70.4 Mbits/sec  6163  
[ 31]  57.00-58.00  sec  8.39 MBytes  70.4 Mbits/sec  6163  
[ 33]  57.00-58.00  sec  8.39 MBytes  70.4 Mbits/sec  6163  
[ 35]  57.00-58.00  sec  8.39 MBytes  70.4 Mbits/sec  6163  
[ 37]  57.00-58.00  sec  8.39 MBytes  70.4 Mbits/sec  6163  
[ 39]  57.00-58.00  sec  8.39 MBytes  70.4 Mbits/sec  6163  
[ 41]  57.00-58.00  sec  8.39 MBytes  70.4 Mbits/sec  6163  
[ 43]  57.00-58.00  sec  8.39 MBytes  70.4 Mbits/sec  6163  
[SUM]  57.00-58.00  sec   168 MBytes  1408 Mbits/sec  123260  
- - - - - - - - - - - - - - - - - - - - - - - - -
[  5]  58.00-59.00  sec  7.45 MBytes  62.5 Mbits/sec  5472  
[  7]  58.00-59.00  sec  7.45 MBytes  62.5 Mbits/sec  5472  
[  9]  58.00-59.00  sec  7.45 MBytes  62.5 Mbits/sec  5472  
[ 11]  58.00-59.00  sec  7.45 MBytes  62.5 Mbits/sec  5472  
[ 13]  58.00-59.00  sec  7.45 MBytes  62.5 Mbits/sec  5472  
[ 15]  58.00-59.00  sec  7.45 MBytes  62.5 Mbits/sec  5472  
[ 17]  58.00-59.00  sec  7.45 MBytes  62.5 Mbits/sec  5472  
[ 19]  58.00-59.00  sec  7.45 MBytes  62.5 Mbits/sec  5472  
[ 21]  58.00-59.00  sec  7.45 MBytes  62.5 Mbits/sec  5472  
[ 23]  58.00-59.00  sec  7.45 MBytes  62.5 Mbits/sec  5471  
[ 25]  58.00-59.00  sec  7.45 MBytes  62.5 Mbits/sec  5471  
[ 27]  58.00-59.00  sec  7.45 MBytes  62.5 Mbits/sec  5471  
[ 29]  58.00-59.00  sec  7.45 MBytes  62.5 Mbits/sec  5471  
[ 31]  58.00-59.00  sec  7.45 MBytes  62.5 Mbits/sec  5471  
[ 33]  58.00-59.00  sec  7.45 MBytes  62.5 Mbits/sec  5471  
[ 35]  58.00-59.00  sec  7.45 MBytes  62.5 Mbits/sec  5471  
[ 37]  58.00-59.00  sec  7.45 MBytes  62.5 Mbits/sec  5471  
[ 39]  58.00-59.00  sec  7.45 MBytes  62.5 Mbits/sec  5471  
[ 41]  58.00-59.00  sec  7.45 MBytes  62.5 Mbits/sec  5471  
[ 43]  58.00-59.00  sec  7.45 MBytes  62.5 Mbits/sec  5471  
[SUM]  58.00-59.00  sec   149 MBytes  1250 Mbits/sec  109429  
- - - - - - - - - - - - - - - - - - - - - - - - -
[  5]  59.00-60.00  sec  8.44 MBytes  70.8 Mbits/sec  6196  
[  7]  59.00-60.00  sec  8.44 MBytes  70.8 Mbits/sec  6196  
[  9]  59.00-60.00  sec  8.44 MBytes  70.8 Mbits/sec  6196  
[ 11]  59.00-60.00  sec  8.44 MBytes  70.8 Mbits/sec  6196  
[ 13]  59.00-60.00  sec  8.44 MBytes  70.8 Mbits/sec  6196  
[ 15]  59.00-60.00  sec  8.44 MBytes  70.8 Mbits/sec  6196  
[ 17]  59.00-60.00  sec  8.44 MBytes  70.8 Mbits/sec  6196  
[ 19]  59.00-60.00  sec  8.44 MBytes  70.8 Mbits/sec  6196  
[ 21]  59.00-60.00  sec  8.44 MBytes  70.8 Mbits/sec  6196  
[ 23]  59.00-60.00  sec  8.44 MBytes  70.8 Mbits/sec  6196  
[ 25]  59.00-60.00  sec  8.44 MBytes  70.8 Mbits/sec  6196  
[ 27]  59.00-60.00  sec  8.44 MBytes  70.8 Mbits/sec  6196  
[ 29]  59.00-60.00  sec  8.44 MBytes  70.8 Mbits/sec  6196  
[ 31]  59.00-60.00  sec  8.44 MBytes  70.8 Mbits/sec  6196  
[ 33]  59.00-60.00  sec  8.44 MBytes  70.8 Mbits/sec  6196  
[ 35]  59.00-60.00  sec  8.44 MBytes  70.8 Mbits/sec  6196  
[ 37]  59.00-60.00  sec  8.44 MBytes  70.8 Mbits/sec  6196  
[ 39]  59.00-60.00  sec  8.44 MBytes  70.8 Mbits/sec  6196  
[ 41]  59.00-60.00  sec  8.44 MBytes  70.8 Mbits/sec  6196  
[ 43]  59.00-60.00  sec  8.44 MBytes  70.8 Mbits/sec  6196  
[SUM]  59.00-60.00  sec   169 MBytes  1416 Mbits/sec  123920  
- - - - - - - - - - - - - - - - - - - - - - - - -
[ ID] Interval           Transfer     Bitrate         Jitter    Lost/Total Datagrams
[  5]   0.00-60.00  sec   497 MBytes  69.5 Mbits/sec  0.000 ms  0/365010 (0%)  sender
[  5]   0.00-60.00  sec   492 MBytes  68.8 Mbits/sec  0.381 ms  3585/364871 (0.98%)  receiver
[  7]   0.00-60.00  sec   497 MBytes  69.5 Mbits/sec  0.000 ms  0/365010 (0%)  sender
[  7]   0.00-60.00  sec   492 MBytes  68.8 Mbits/sec  0.385 ms  3573/364870 (0.98%)  receiver
[  9]   0.00-60.00  sec   497 MBytes  69.5 Mbits/sec  0.000 ms  0/365010 (0%)  sender
[  9]   0.00-60.00  sec   492 MBytes  68.8 Mbits/sec  0.385 ms  3569/364870 (0.98%)  receiver
[ 11]   0.00-60.00  sec   497 MBytes  69.5 Mbits/sec  0.000 ms  0/365010 (0%)  sender
[ 11]   0.00-60.00  sec   492 MBytes  68.8 Mbits/sec  0.385 ms  3571/364870 (0.98%)  receiver
[ 13]   0.00-60.00  sec   497 MBytes  69.5 Mbits/sec  0.000 ms  0/365009 (0%)  sender
[ 13]   0.00-60.00  sec   489 MBytes  68.4 Mbits/sec  0.351 ms  5679/364946 (1.6%)  receiver
[ 15]   0.00-60.00  sec   497 MBytes  69.5 Mbits/sec  0.000 ms  0/365009 (0%)  sender
[ 15]   0.00-60.00  sec   489 MBytes  68.4 Mbits/sec  0.351 ms  5696/364946 (1.6%)  receiver
[ 17]   0.00-60.00  sec   497 MBytes  69.5 Mbits/sec  0.000 ms  0/365009 (0%)  sender
[ 17]   0.00-60.00  sec   492 MBytes  68.8 Mbits/sec  0.384 ms  3584/364869 (0.98%)  receiver
[ 19]   0.00-60.00  sec   497 MBytes  69.5 Mbits/sec  0.000 ms  0/365008 (0%)  sender
[ 19]   0.00-60.00  sec   492 MBytes  68.8 Mbits/sec  0.384 ms  3570/364868 (0.98%)  receiver
[ 21]   0.00-60.00  sec   497 MBytes  69.5 Mbits/sec  0.000 ms  0/365007 (0%)  sender
[ 21]   0.00-60.00  sec   489 MBytes  68.4 Mbits/sec  0.350 ms  5699/364943 (1.6%)  receiver
[ 23]   0.00-60.00  sec   497 MBytes  69.5 Mbits/sec  0.000 ms  0/365006 (0%)  sender
[ 23]   0.00-60.00  sec   489 MBytes  68.4 Mbits/sec  0.350 ms  5703/364942 (1.6%)  receiver
[ 25]   0.00-60.00  sec   497 MBytes  69.5 Mbits/sec  0.000 ms  0/365006 (0%)  sender
[ 25]   0.00-60.00  sec   489 MBytes  68.4 Mbits/sec  0.346 ms  5722/364942 (1.6%)  receiver
[ 27]   0.00-60.00  sec   497 MBytes  69.5 Mbits/sec  0.000 ms  0/365006 (0%)  sender
[ 27]   0.00-60.00  sec   492 MBytes  68.8 Mbits/sec  0.380 ms  3620/364866 (0.99%)  receiver
[ 29]   0.00-60.00  sec   497 MBytes  69.5 Mbits/sec  0.000 ms  0/365006 (0%)  sender
[ 29]   0.00-60.00  sec   492 MBytes  68.8 Mbits/sec  0.378 ms  3593/364866 (0.98%)  receiver
[ 31]   0.00-60.00  sec   497 MBytes  69.5 Mbits/sec  0.000 ms  0/365006 (0%)  sender
[ 31]   0.00-60.00  sec   492 MBytes  68.8 Mbits/sec  0.378 ms  3587/364866 (0.98%)  receiver
[ 33]   0.00-60.00  sec   497 MBytes  69.5 Mbits/sec  0.000 ms  0/365006 (0%)  sender
[ 33]   0.00-60.00  sec   492 MBytes  68.8 Mbits/sec  0.378 ms  3609/364866 (0.99%)  receiver
[ 35]   0.00-60.00  sec   497 MBytes  69.5 Mbits/sec  0.000 ms  0/365006 (0%)  sender
[ 35]   0.00-60.00  sec   489 MBytes  68.4 Mbits/sec  0.347 ms  5710/364942 (1.6%)  receiver
[ 37]   0.00-60.00  sec   497 MBytes  69.5 Mbits/sec  0.000 ms  0/365006 (0%)  sender
[ 37]   0.00-60.00  sec   492 MBytes  68.8 Mbits/sec  0.378 ms  3646/364866 (1%)  receiver
[ 39]   0.00-60.00  sec   497 MBytes  69.5 Mbits/sec  0.000 ms  0/365006 (0%)  sender
[ 39]   0.00-60.00  sec   492 MBytes  68.8 Mbits/sec  0.375 ms  3645/364866 (1%)  receiver
[ 41]   0.00-60.00  sec   497 MBytes  69.5 Mbits/sec  0.000 ms  0/365006 (0%)  sender
[ 41]   0.00-60.00  sec   492 MBytes  68.8 Mbits/sec  0.375 ms  3625/364866 (0.99%)  receiver
[ 43]   0.00-60.00  sec   497 MBytes  69.5 Mbits/sec  0.000 ms  0/365006 (0%)  sender
[ 43]   0.00-60.00  sec   489 MBytes  68.4 Mbits/sec  0.344 ms  5751/364942 (1.6%)  receiver
[SUM]   0.00-60.00  sec  9.71 GBytes  1390 Mbits/sec  0.000 ms  0/7300148 (0%)  sender
[SUM]   0.00-60.00  sec  9.59 GBytes  1373 Mbits/sec  0.369 ms  86737/7297883 (1.2%)  receiver

iperf Done.
