Connecting to host 10.10.0.2, port 30000
[  5] local 10.244.229.65 port 37044 connected to 10.10.0.2 port 30000
[ ID] Interval           Transfer     Bitrate         Retr  Cwnd
[  5]   0.00-1.00   sec  77.7 MBytes   652 Mbits/sec  5349   28.7 KBytes       
[  5]   1.00-2.00   sec  58.8 MBytes   493 Mbits/sec  3771   69.6 KBytes       
[  5]   2.00-3.00   sec  60.0 MBytes   503 Mbits/sec  5405   23.2 KBytes       
[  5]   3.00-4.00   sec  60.0 MBytes   501 Mbits/sec  4610   13.7 KBytes       
[  5]   4.00-5.00   sec  58.8 MBytes   495 Mbits/sec  4378   25.9 KBytes       
[  5]   5.00-6.00   sec  60.0 MBytes   503 Mbits/sec  4046   19.1 KBytes       
[  5]   6.00-7.00   sec  60.0 MBytes   503 Mbits/sec  4869    205 KBytes       
[  5]   7.00-8.00   sec  58.8 MBytes   493 Mbits/sec  4388   19.1 KBytes       
[  5]   8.00-9.00   sec  60.0 MBytes   503 Mbits/sec  4660   38.2 KBytes       
[  5]   9.00-10.00  sec  58.8 MBytes   493 Mbits/sec  5159   20.5 KBytes       
[  5]  10.00-11.00  sec   241 MBytes  2024 Mbits/sec  3235    680 KBytes       
[  5]  11.00-12.00  sec   474 MBytes  3974 Mbits/sec  1207    998 KBytes       
[  5]  12.00-13.00  sec   476 MBytes  3994 Mbits/sec  1148   1.15 MBytes       
[  5]  13.00-14.00  sec   474 MBytes  3976 Mbits/sec  1298   1.29 MBytes       
[  5]  14.00-15.00  sec   475 MBytes  3985 Mbits/sec  1561   1.40 MBytes       
[  5]  15.00-16.00  sec   474 MBytes  3973 Mbits/sec  1961   1.47 MBytes       
[  5]  16.00-17.00  sec   472 MBytes  3964 Mbits/sec  2550   1.52 MBytes       
[  5]  17.00-18.00  sec   472 MBytes  3963 Mbits/sec  2484   1.53 MBytes       
[  5]  18.00-19.00  sec   475 MBytes  3984 Mbits/sec  1795   1.58 MBytes       
[  5]  19.00-20.00  sec   474 MBytes  3973 Mbits/sec  1850   1.68 MBytes       
[  5]  20.00-21.00  sec   471 MBytes  3954 Mbits/sec  3368   1.70 MBytes       
[  5]  21.00-22.00  sec   472 MBytes  3963 Mbits/sec  3387   1.70 MBytes       
[  5]  22.00-23.00  sec   470 MBytes  3944 Mbits/sec  3951   1.73 MBytes       
[  5]  23.00-24.00  sec   471 MBytes  3952 Mbits/sec  4634   1.80 MBytes       
[  5]  24.00-25.00  sec   472 MBytes  3965 Mbits/sec  1983   1.39 MBytes       
[  5]  25.00-26.00  sec   475 MBytes  3985 Mbits/sec  1645   1.47 MBytes       
[  5]  26.00-27.00  sec   472 MBytes  3963 Mbits/sec  3000   1.54 MBytes       
[  5]  27.00-28.00  sec   472 MBytes  3964 Mbits/sec  2304   1.61 MBytes       
[  5]  28.00-29.00  sec   472 MBytes  3964 Mbits/sec  3547   1.64 MBytes       
[  5]  29.00-30.00  sec   474 MBytes  3974 Mbits/sec  1570   1.73 MBytes       
[  5]  30.00-31.00  sec   472 MBytes  3964 Mbits/sec  2821   1.81 MBytes       
[  5]  31.00-32.00  sec   468 MBytes  3922 Mbits/sec  4668   1.87 MBytes       
[  5]  32.00-33.00  sec   476 MBytes  3995 Mbits/sec  1891   1.96 MBytes       
[  5]  33.00-34.00  sec   470 MBytes  3942 Mbits/sec  4584   2.00 MBytes       
[  5]  34.00-35.00  sec   469 MBytes  3931 Mbits/sec  6376   2.02 MBytes       
[  5]  35.00-36.00  sec   470 MBytes  3943 Mbits/sec  4511   2.07 MBytes       
[  5]  36.00-37.00  sec   470 MBytes  3943 Mbits/sec  4600   1.50 MBytes       
[  5]  37.00-38.00  sec   475 MBytes  3984 Mbits/sec  941   1.59 MBytes       
[  5]  38.00-39.00  sec   474 MBytes  3974 Mbits/sec  1582   1.65 MBytes       
[  5]  39.00-40.00  sec   474 MBytes  3975 Mbits/sec  1844   1.75 MBytes       
[  5]  40.00-41.00  sec   472 MBytes  3963 Mbits/sec  2863   1.81 MBytes       
[  5]  41.00-42.00  sec   472 MBytes  3964 Mbits/sec  3006   1.87 MBytes       
[  5]  42.00-43.00  sec   471 MBytes  3953 Mbits/sec  3409   1.92 MBytes       
[  5]  43.00-44.00  sec   474 MBytes  3974 Mbits/sec  2551   1.99 MBytes       
[  5]  44.00-45.00  sec   469 MBytes  3932 Mbits/sec  5420   1.55 MBytes       
[  5]  45.00-46.00  sec   470 MBytes  3943 Mbits/sec  5063   2.07 MBytes       
[  5]  46.00-47.00  sec   462 MBytes  3878 Mbits/sec  1948   2.17 MBytes       
[  5]  47.00-48.00  sec   398 MBytes  3334 Mbits/sec   98   2.29 MBytes       
[  5]  48.00-49.00  sec   359 MBytes  3010 Mbits/sec    0   2.40 MBytes       
[  5]  49.00-50.00  sec   328 MBytes  2747 Mbits/sec    0   2.49 MBytes       
[  5]  50.00-51.00  sec   336 MBytes  2820 Mbits/sec    0   2.58 MBytes       
[  5]  51.00-52.00  sec   372 MBytes  3126 Mbits/sec   20   2.68 MBytes       
[  5]  52.00-53.00  sec   359 MBytes  3009 Mbits/sec    0   2.77 MBytes       
[  5]  53.00-54.00  sec   476 MBytes  3997 Mbits/sec  9539   2.81 MBytes       
[  5]  54.00-55.00  sec   464 MBytes  3890 Mbits/sec  8909   2.02 MBytes       
[  5]  55.00-56.00  sec   469 MBytes  3931 Mbits/sec  6511   2.05 MBytes       
[  5]  56.00-57.00  sec   461 MBytes  3871 Mbits/sec  3698   2.11 MBytes       
[  5]  57.00-58.00  sec   469 MBytes  3932 Mbits/sec  5988   1.97 MBytes       
[  5]  58.00-59.00  sec   465 MBytes  3901 Mbits/sec  8284   2.20 MBytes       
[  5]  59.00-60.00  sec   469 MBytes  3932 Mbits/sec  5400   1.57 MBytes       
- - - - - - - - - - - - - - - - - - - - - - - - -
[ ID] Interval           Transfer     Bitrate         Retr
[  5]   0.00-60.00  sec  22.7 GBytes  3254 Mbits/sec  201638             sender
[  5]   0.00-60.00  sec  22.7 GBytes  3253 Mbits/sec                  receiver

iperf Done.
