Connecting to host 10.10.0.2, port 30000
[  5] local 10.244.2.2 port 36957 connected to 10.10.0.2 port 30000
[ ID] Interval           Transfer     Bitrate         Total Datagrams
[  5]   0.00-1.00   sec   141 MBytes  1182 Mbits/sec  101998  
[  5]   1.00-2.00   sec   125 MBytes  1046 Mbits/sec  90333  
[  5]   2.00-3.00   sec   136 MBytes  1137 Mbits/sec  98151  
[  5]   3.00-4.00   sec   133 MBytes  1117 Mbits/sec  96397  
[  5]   4.00-5.00   sec   139 MBytes  1166 Mbits/sec  100666  
[  5]   5.00-6.00   sec   140 MBytes  1172 Mbits/sec  101208  
[  5]   6.00-7.00   sec   139 MBytes  1167 Mbits/sec  100771  
[  5]   7.00-8.00   sec   134 MBytes  1120 Mbits/sec  96688  
[  5]   8.00-9.00   sec   138 MBytes  1159 Mbits/sec  100034  
[  5]   9.00-10.00  sec   138 MBytes  1157 Mbits/sec  99908  
[  5]  10.00-11.00  sec   138 MBytes  1156 Mbits/sec  99759  
[  5]  11.00-12.00  sec   127 MBytes  1065 Mbits/sec  91978  
[  5]  12.00-13.00  sec   137 MBytes  1145 Mbits/sec  98870  
[  5]  13.00-14.00  sec   138 MBytes  1155 Mbits/sec  99742  
[  5]  14.00-15.00  sec   137 MBytes  1153 Mbits/sec  99566  
[  5]  15.00-16.00  sec   137 MBytes  1148 Mbits/sec  99068  
[  5]  16.00-17.00  sec   138 MBytes  1162 Mbits/sec  100279  
[  5]  17.00-18.00  sec   136 MBytes  1139 Mbits/sec  98362  
[  5]  18.00-19.00  sec   136 MBytes  1144 Mbits/sec  98726  
[  5]  19.00-20.00  sec   136 MBytes  1144 Mbits/sec  98730  
[  5]  20.00-21.00  sec   133 MBytes  1119 Mbits/sec  96588  
[  5]  21.00-22.00  sec   127 MBytes  1067 Mbits/sec  92082  
[  5]  22.00-23.00  sec   135 MBytes  1133 Mbits/sec  97797  
[  5]  23.00-24.00  sec   139 MBytes  1168 Mbits/sec  100803  
[  5]  24.00-25.00  sec   136 MBytes  1140 Mbits/sec  98398  
[  5]  25.00-26.00  sec   138 MBytes  1155 Mbits/sec  99664  
[  5]  26.00-27.00  sec   139 MBytes  1168 Mbits/sec  100871  
[  5]  27.00-28.00  sec   135 MBytes  1134 Mbits/sec  97913  
[  5]  28.00-29.00  sec   138 MBytes  1155 Mbits/sec  99711  
[  5]  29.00-30.00  sec   138 MBytes  1154 Mbits/sec  99602  
[  5]  30.00-31.00  sec   137 MBytes  1152 Mbits/sec  99482  
[  5]  31.00-32.00  sec   125 MBytes  1047 Mbits/sec  90376  
[  5]  32.00-33.00  sec   137 MBytes  1148 Mbits/sec  99076  
[  5]  33.00-34.00  sec   136 MBytes  1141 Mbits/sec  98489  
[  5]  34.00-35.00  sec   136 MBytes  1142 Mbits/sec  98561  
[  5]  35.00-36.00  sec   139 MBytes  1163 Mbits/sec  100411  
[  5]  36.00-37.00  sec   139 MBytes  1170 Mbits/sec  100997  
[  5]  37.00-38.00  sec   136 MBytes  1140 Mbits/sec  98400  
[  5]  38.00-39.00  sec   139 MBytes  1167 Mbits/sec  100732  
[  5]  39.00-40.00  sec   139 MBytes  1170 Mbits/sec  100987  
[  5]  40.00-41.00  sec   140 MBytes  1177 Mbits/sec  101569  
[  5]  41.00-42.00  sec   122 MBytes  1022 Mbits/sec  88186  
[  5]  42.00-43.00  sec   131 MBytes  1097 Mbits/sec  94686  
[  5]  43.00-44.00  sec   138 MBytes  1161 Mbits/sec  100205  
[  5]  44.00-45.00  sec   136 MBytes  1140 Mbits/sec  98372  
[  5]  45.00-46.00  sec   123 MBytes  1031 Mbits/sec  89034  
[  5]  46.00-47.00  sec   123 MBytes  1035 Mbits/sec  89374  
[  5]  47.00-48.00  sec   121 MBytes  1018 Mbits/sec  87880  
[  5]  48.00-49.00  sec   123 MBytes  1031 Mbits/sec  89012  
[  5]  49.00-50.00  sec   118 MBytes   992 Mbits/sec  85665  
[  5]  50.00-51.00  sec   122 MBytes  1024 Mbits/sec  88417  
[  5]  51.00-52.00  sec   123 MBytes  1029 Mbits/sec  88787  
[  5]  52.00-53.00  sec   127 MBytes  1067 Mbits/sec  92147  
[  5]  53.00-54.00  sec   127 MBytes  1068 Mbits/sec  92186  
[  5]  54.00-55.00  sec   128 MBytes  1077 Mbits/sec  92976  
[  5]  55.00-56.00  sec   126 MBytes  1057 Mbits/sec  91289  
[  5]  56.00-57.00  sec   128 MBytes  1073 Mbits/sec  92644  
[  5]  57.00-58.00  sec   126 MBytes  1060 Mbits/sec  91532  
[  5]  58.00-59.00  sec   129 MBytes  1085 Mbits/sec  93675  
[  5]  59.00-60.00  sec   124 MBytes  1040 Mbits/sec  89820  
- - - - - - - - - - - - - - - - - - - - - - - - -
[ ID] Interval           Transfer     Bitrate         Jitter    Lost/Total Datagrams
[  5]   0.00-60.00  sec  7.79 GBytes  1116 Mbits/sec  0.000 ms  0/5779630 (0%)  sender
[  5]   0.00-60.00  sec  7.31 GBytes  1047 Mbits/sec  0.025 ms  357529/5779630 (6.2%)  receiver

iperf Done.
