Connecting to host 10.10.0.2, port 30000
[  5] local 10.244.2.2 port 47346 connected to 10.10.0.2 port 30000
[  7] local 10.244.2.2 port 49589 connected to 10.10.0.2 port 30000
[  9] local 10.244.2.2 port 57471 connected to 10.10.0.2 port 30000
[ 11] local 10.244.2.2 port 43303 connected to 10.10.0.2 port 30000
[ 13] local 10.244.2.2 port 43022 connected to 10.10.0.2 port 30000
[ 15] local 10.244.2.2 port 55062 connected to 10.10.0.2 port 30000
[ 17] local 10.244.2.2 port 41649 connected to 10.10.0.2 port 30000
[ 19] local 10.244.2.2 port 34919 connected to 10.10.0.2 port 30000
[ 21] local 10.244.2.2 port 56954 connected to 10.10.0.2 port 30000
[ 23] local 10.244.2.2 port 45306 connected to 10.10.0.2 port 30000
[ 25] local 10.244.2.2 port 53740 connected to 10.10.0.2 port 30000
[ 27] local 10.244.2.2 port 36413 connected to 10.10.0.2 port 30000
[ 29] local 10.244.2.2 port 45957 connected to 10.10.0.2 port 30000
[ 31] local 10.244.2.2 port 35589 connected to 10.10.0.2 port 30000
[ 33] local 10.244.2.2 port 51659 connected to 10.10.0.2 port 30000
[ 35] local 10.244.2.2 port 50550 connected to 10.10.0.2 port 30000
[ 37] local 10.244.2.2 port 46002 connected to 10.10.0.2 port 30000
[ 39] local 10.244.2.2 port 52763 connected to 10.10.0.2 port 30000
[ 41] local 10.244.2.2 port 42402 connected to 10.10.0.2 port 30000
[ 43] local 10.244.2.2 port 54205 connected to 10.10.0.2 port 30000
[ ID] Interval           Transfer     Bitrate         Total Datagrams
[  5]   0.00-1.00   sec  7.09 MBytes  59.5 Mbits/sec  5136  
[  7]   0.00-1.00   sec  7.09 MBytes  59.5 Mbits/sec  5136  
[  9]   0.00-1.00   sec  7.09 MBytes  59.5 Mbits/sec  5136  
[ 11]   0.00-1.00   sec  7.09 MBytes  59.5 Mbits/sec  5136  
[ 13]   0.00-1.00   sec  7.09 MBytes  59.5 Mbits/sec  5136  
[ 15]   0.00-1.00   sec  7.09 MBytes  59.5 Mbits/sec  5136  
[ 17]   0.00-1.00   sec  7.09 MBytes  59.5 Mbits/sec  5136  
[ 19]   0.00-1.00   sec  7.09 MBytes  59.5 Mbits/sec  5136  
[ 21]   0.00-1.00   sec  7.09 MBytes  59.5 Mbits/sec  5136  
[ 23]   0.00-1.00   sec  7.09 MBytes  59.5 Mbits/sec  5136  
[ 25]   0.00-1.00   sec  7.09 MBytes  59.5 Mbits/sec  5136  
[ 27]   0.00-1.00   sec  7.09 MBytes  59.5 Mbits/sec  5136  
[ 29]   0.00-1.00   sec  7.09 MBytes  59.5 Mbits/sec  5136  
[ 31]   0.00-1.00   sec  7.09 MBytes  59.5 Mbits/sec  5136  
[ 33]   0.00-1.00   sec  7.09 MBytes  59.5 Mbits/sec  5136  
[ 35]   0.00-1.00   sec  7.09 MBytes  59.5 Mbits/sec  5136  
[ 37]   0.00-1.00   sec  7.09 MBytes  59.5 Mbits/sec  5136  
[ 39]   0.00-1.00   sec  7.09 MBytes  59.5 Mbits/sec  5136  
[ 41]   0.00-1.00   sec  7.09 MBytes  59.5 Mbits/sec  5136  
[ 43]   0.00-1.00   sec  7.09 MBytes  59.5 Mbits/sec  5136  
[SUM]   0.00-1.00   sec   142 MBytes  1190 Mbits/sec  102720  
- - - - - - - - - - - - - - - - - - - - - - - - -
[  5]   1.00-2.00   sec  5.92 MBytes  49.7 Mbits/sec  4288  
[  7]   1.00-2.00   sec  5.92 MBytes  49.7 Mbits/sec  4288  
[  9]   1.00-2.00   sec  5.92 MBytes  49.7 Mbits/sec  4288  
[ 11]   1.00-2.00   sec  5.92 MBytes  49.7 Mbits/sec  4288  
[ 13]   1.00-2.00   sec  5.92 MBytes  49.7 Mbits/sec  4288  
[ 15]   1.00-2.00   sec  5.92 MBytes  49.7 Mbits/sec  4288  
[ 17]   1.00-2.00   sec  5.92 MBytes  49.7 Mbits/sec  4288  
[ 19]   1.00-2.00   sec  5.92 MBytes  49.7 Mbits/sec  4288  
[ 21]   1.00-2.00   sec  5.92 MBytes  49.7 Mbits/sec  4288  
[ 23]   1.00-2.00   sec  5.92 MBytes  49.7 Mbits/sec  4287  
[ 25]   1.00-2.00   sec  5.92 MBytes  49.7 Mbits/sec  4287  
[ 27]   1.00-2.00   sec  5.92 MBytes  49.7 Mbits/sec  4287  
[ 29]   1.00-2.00   sec  5.92 MBytes  49.7 Mbits/sec  4287  
[ 31]   1.00-2.00   sec  5.92 MBytes  49.7 Mbits/sec  4287  
[ 33]   1.00-2.00   sec  5.92 MBytes  49.7 Mbits/sec  4287  
[ 35]   1.00-2.00   sec  5.92 MBytes  49.7 Mbits/sec  4287  
[ 37]   1.00-2.00   sec  5.92 MBytes  49.7 Mbits/sec  4287  
[ 39]   1.00-2.00   sec  5.92 MBytes  49.7 Mbits/sec  4287  
[ 41]   1.00-2.00   sec  5.92 MBytes  49.7 Mbits/sec  4287  
[ 43]   1.00-2.00   sec  5.92 MBytes  49.7 Mbits/sec  4287  
[SUM]   1.00-2.00   sec   118 MBytes   993 Mbits/sec  85749  
- - - - - - - - - - - - - - - - - - - - - - - - -
[  5]   2.00-3.00   sec  7.63 MBytes  64.0 Mbits/sec  5524  
[  7]   2.00-3.00   sec  7.63 MBytes  64.0 Mbits/sec  5524  
[  9]   2.00-3.00   sec  7.63 MBytes  64.0 Mbits/sec  5524  
[ 11]   2.00-3.00   sec  7.63 MBytes  64.0 Mbits/sec  5524  
[ 13]   2.00-3.00   sec  7.63 MBytes  64.0 Mbits/sec  5524  
[ 15]   2.00-3.00   sec  7.63 MBytes  64.0 Mbits/sec  5524  
[ 17]   2.00-3.00   sec  7.63 MBytes  64.0 Mbits/sec  5524  
[ 19]   2.00-3.00   sec  7.63 MBytes  64.0 Mbits/sec  5524  
[ 21]   2.00-3.00   sec  7.63 MBytes  64.0 Mbits/sec  5524  
[ 23]   2.00-3.00   sec  7.63 MBytes  64.0 Mbits/sec  5524  
[ 25]   2.00-3.00   sec  7.63 MBytes  64.0 Mbits/sec  5524  
[ 27]   2.00-3.00   sec  7.63 MBytes  64.0 Mbits/sec  5524  
[ 29]   2.00-3.00   sec  7.63 MBytes  64.0 Mbits/sec  5524  
[ 31]   2.00-3.00   sec  7.63 MBytes  64.0 Mbits/sec  5524  
[ 33]   2.00-3.00   sec  7.63 MBytes  64.0 Mbits/sec  5524  
[ 35]   2.00-3.00   sec  7.63 MBytes  64.0 Mbits/sec  5524  
[ 37]   2.00-3.00   sec  7.63 MBytes  64.0 Mbits/sec  5524  
[ 39]   2.00-3.00   sec  7.63 MBytes  64.0 Mbits/sec  5524  
[ 41]   2.00-3.00   sec  7.63 MBytes  64.0 Mbits/sec  5524  
[ 43]   2.00-3.00   sec  7.63 MBytes  64.0 Mbits/sec  5524  
[SUM]   2.00-3.00   sec   153 MBytes  1280 Mbits/sec  110480  
- - - - - - - - - - - - - - - - - - - - - - - - -
[  5]   3.00-4.00   sec  7.32 MBytes  61.4 Mbits/sec  5301  
[  7]   3.00-4.00   sec  7.32 MBytes  61.4 Mbits/sec  5301  
[  9]   3.00-4.00   sec  7.32 MBytes  61.4 Mbits/sec  5301  
[ 11]   3.00-4.00   sec  7.32 MBytes  61.4 Mbits/sec  5301  
[ 13]   3.00-4.00   sec  7.32 MBytes  61.4 Mbits/sec  5301  
[ 15]   3.00-4.00   sec  7.32 MBytes  61.4 Mbits/sec  5301  
[ 17]   3.00-4.00   sec  7.32 MBytes  61.4 Mbits/sec  5301  
[ 19]   3.00-4.00   sec  7.32 MBytes  61.4 Mbits/sec  5301  
[ 21]   3.00-4.00   sec  7.32 MBytes  61.4 Mbits/sec  5301  
[ 23]   3.00-4.00   sec  7.32 MBytes  61.4 Mbits/sec  5301  
[ 25]   3.00-4.00   sec  7.32 MBytes  61.4 Mbits/sec  5301  
[ 27]   3.00-4.00   sec  7.32 MBytes  61.4 Mbits/sec  5301  
[ 29]   3.00-4.00   sec  7.32 MBytes  61.4 Mbits/sec  5301  
[ 31]   3.00-4.00   sec  7.32 MBytes  61.4 Mbits/sec  5301  
[ 33]   3.00-4.00   sec  7.32 MBytes  61.4 Mbits/sec  5301  
[ 35]   3.00-4.00   sec  7.32 MBytes  61.4 Mbits/sec  5301  
[ 37]   3.00-4.00   sec  7.32 MBytes  61.4 Mbits/sec  5301  
[ 39]   3.00-4.00   sec  7.32 MBytes  61.4 Mbits/sec  5301  
[ 41]   3.00-4.00   sec  7.32 MBytes  61.4 Mbits/sec  5301  
[ 43]   3.00-4.00   sec  7.32 MBytes  61.4 Mbits/sec  5301  
[SUM]   3.00-4.00   sec   146 MBytes  1228 Mbits/sec  106020  
- - - - - - - - - - - - - - - - - - - - - - - - -
[  5]   4.00-5.00   sec  7.34 MBytes  61.5 Mbits/sec  5312  
[  7]   4.00-5.00   sec  7.34 MBytes  61.5 Mbits/sec  5312  
[  9]   4.00-5.00   sec  7.34 MBytes  61.5 Mbits/sec  5312  
[ 11]   4.00-5.00   sec  7.34 MBytes  61.5 Mbits/sec  5312  
[ 13]   4.00-5.00   sec  7.34 MBytes  61.5 Mbits/sec  5312  
[ 15]   4.00-5.00   sec  7.34 MBytes  61.5 Mbits/sec  5312  
[ 17]   4.00-5.00   sec  7.34 MBytes  61.5 Mbits/sec  5312  
[ 19]   4.00-5.00   sec  7.34 MBytes  61.5 Mbits/sec  5312  
[ 21]   4.00-5.00   sec  7.34 MBytes  61.5 Mbits/sec  5312  
[ 23]   4.00-5.00   sec  7.34 MBytes  61.5 Mbits/sec  5312  
[ 25]   4.00-5.00   sec  7.34 MBytes  61.5 Mbits/sec  5312  
[ 27]   4.00-5.00   sec  7.34 MBytes  61.5 Mbits/sec  5312  
[ 29]   4.00-5.00   sec  7.34 MBytes  61.5 Mbits/sec  5312  
[ 31]   4.00-5.00   sec  7.34 MBytes  61.5 Mbits/sec  5312  
[ 33]   4.00-5.00   sec  7.34 MBytes  61.5 Mbits/sec  5312  
[ 35]   4.00-5.00   sec  7.34 MBytes  61.5 Mbits/sec  5312  
[ 37]   4.00-5.00   sec  7.34 MBytes  61.5 Mbits/sec  5312  
[ 39]   4.00-5.00   sec  7.34 MBytes  61.5 Mbits/sec  5312  
[ 41]   4.00-5.00   sec  7.34 MBytes  61.5 Mbits/sec  5312  
[ 43]   4.00-5.00   sec  7.34 MBytes  61.5 Mbits/sec  5312  
[SUM]   4.00-5.00   sec   147 MBytes  1231 Mbits/sec  106240  
- - - - - - - - - - - - - - - - - - - - - - - - -
[  5]   5.00-6.00   sec  7.48 MBytes  62.8 Mbits/sec  5417  
[  7]   5.00-6.00   sec  7.48 MBytes  62.8 Mbits/sec  5417  
[  9]   5.00-6.00   sec  7.48 MBytes  62.8 Mbits/sec  5417  
[ 11]   5.00-6.00   sec  7.48 MBytes  62.8 Mbits/sec  5417  
[ 13]   5.00-6.00   sec  7.48 MBytes  62.8 Mbits/sec  5417  
[ 15]   5.00-6.00   sec  7.48 MBytes  62.8 Mbits/sec  5417  
[ 17]   5.00-6.00   sec  7.48 MBytes  62.8 Mbits/sec  5417  
[ 19]   5.00-6.00   sec  7.48 MBytes  62.8 Mbits/sec  5417  
[ 21]   5.00-6.00   sec  7.48 MBytes  62.8 Mbits/sec  5417  
[ 23]   5.00-6.00   sec  7.48 MBytes  62.8 Mbits/sec  5417  
[ 25]   5.00-6.00   sec  7.48 MBytes  62.8 Mbits/sec  5417  
[ 27]   5.00-6.00   sec  7.48 MBytes  62.8 Mbits/sec  5417  
[ 29]   5.00-6.00   sec  7.48 MBytes  62.8 Mbits/sec  5417  
[ 31]   5.00-6.00   sec  7.48 MBytes  62.8 Mbits/sec  5417  
[ 33]   5.00-6.00   sec  7.48 MBytes  62.8 Mbits/sec  5417  
[ 35]   5.00-6.00   sec  7.48 MBytes  62.8 Mbits/sec  5417  
[ 37]   5.00-6.00   sec  7.48 MBytes  62.7 Mbits/sec  5417  
[ 39]   5.00-6.00   sec  7.48 MBytes  62.7 Mbits/sec  5417  
[ 41]   5.00-6.00   sec  7.48 MBytes  62.7 Mbits/sec  5417  
[ 43]   5.00-6.00   sec  7.48 MBytes  62.8 Mbits/sec  5417  
[SUM]   5.00-6.00   sec   150 MBytes  1255 Mbits/sec  108340  
- - - - - - - - - - - - - - - - - - - - - - - - -
[  5]   6.00-7.00   sec  7.48 MBytes  62.8 Mbits/sec  5419  
[  7]   6.00-7.00   sec  7.48 MBytes  62.8 Mbits/sec  5419  
[  9]   6.00-7.00   sec  7.48 MBytes  62.8 Mbits/sec  5419  
[ 11]   6.00-7.00   sec  7.48 MBytes  62.8 Mbits/sec  5419  
[ 13]   6.00-7.00   sec  7.48 MBytes  62.8 Mbits/sec  5419  
[ 15]   6.00-7.00   sec  7.48 MBytes  62.8 Mbits/sec  5419  
[ 17]   6.00-7.00   sec  7.48 MBytes  62.8 Mbits/sec  5419  
[ 19]   6.00-7.00   sec  7.48 MBytes  62.8 Mbits/sec  5419  
[ 21]   6.00-7.00   sec  7.48 MBytes  62.8 Mbits/sec  5419  
[ 23]   6.00-7.00   sec  7.48 MBytes  62.8 Mbits/sec  5419  
[ 25]   6.00-7.00   sec  7.48 MBytes  62.8 Mbits/sec  5419  
[ 27]   6.00-7.00   sec  7.48 MBytes  62.8 Mbits/sec  5419  
[ 29]   6.00-7.00   sec  7.48 MBytes  62.8 Mbits/sec  5419  
[ 31]   6.00-7.00   sec  7.48 MBytes  62.8 Mbits/sec  5419  
[ 33]   6.00-7.00   sec  7.48 MBytes  62.8 Mbits/sec  5419  
[ 35]   6.00-7.00   sec  7.48 MBytes  62.8 Mbits/sec  5419  
[ 37]   6.00-7.00   sec  7.48 MBytes  62.8 Mbits/sec  5419  
[ 39]   6.00-7.00   sec  7.48 MBytes  62.8 Mbits/sec  5419  
[ 41]   6.00-7.00   sec  7.48 MBytes  62.8 Mbits/sec  5419  
[ 43]   6.00-7.00   sec  7.48 MBytes  62.8 Mbits/sec  5419  
[SUM]   6.00-7.00   sec   150 MBytes  1255 Mbits/sec  108380  
- - - - - - - - - - - - - - - - - - - - - - - - -
[  5]   7.00-8.00   sec  7.73 MBytes  64.9 Mbits/sec  5600  
[  7]   7.00-8.00   sec  7.73 MBytes  64.9 Mbits/sec  5600  
[  9]   7.00-8.00   sec  7.73 MBytes  64.9 Mbits/sec  5600  
[ 11]   7.00-8.00   sec  7.73 MBytes  64.9 Mbits/sec  5600  
[ 13]   7.00-8.00   sec  7.73 MBytes  64.9 Mbits/sec  5600  
[ 15]   7.00-8.00   sec  7.73 MBytes  64.9 Mbits/sec  5600  
[ 17]   7.00-8.00   sec  7.73 MBytes  64.9 Mbits/sec  5600  
[ 19]   7.00-8.00   sec  7.73 MBytes  64.9 Mbits/sec  5600  
[ 21]   7.00-8.00   sec  7.73 MBytes  64.9 Mbits/sec  5600  
[ 23]   7.00-8.00   sec  7.73 MBytes  64.9 Mbits/sec  5600  
[ 25]   7.00-8.00   sec  7.73 MBytes  64.9 Mbits/sec  5600  
[ 27]   7.00-8.00   sec  7.73 MBytes  64.9 Mbits/sec  5600  
[ 29]   7.00-8.00   sec  7.73 MBytes  64.9 Mbits/sec  5600  
[ 31]   7.00-8.00   sec  7.73 MBytes  64.9 Mbits/sec  5600  
[ 33]   7.00-8.00   sec  7.73 MBytes  64.9 Mbits/sec  5600  
[ 35]   7.00-8.00   sec  7.73 MBytes  64.9 Mbits/sec  5600  
[ 37]   7.00-8.00   sec  7.73 MBytes  64.9 Mbits/sec  5600  
[ 39]   7.00-8.00   sec  7.73 MBytes  64.9 Mbits/sec  5600  
[ 41]   7.00-8.00   sec  7.73 MBytes  64.9 Mbits/sec  5600  
[ 43]   7.00-8.00   sec  7.73 MBytes  64.9 Mbits/sec  5600  
[SUM]   7.00-8.00   sec   155 MBytes  1297 Mbits/sec  112000  
- - - - - - - - - - - - - - - - - - - - - - - - -
[  5]   8.00-9.00   sec  6.19 MBytes  51.9 Mbits/sec  4484  
[  7]   8.00-9.00   sec  6.19 MBytes  51.9 Mbits/sec  4484  
[  9]   8.00-9.00   sec  6.19 MBytes  51.9 Mbits/sec  4484  
[ 11]   8.00-9.00   sec  6.19 MBytes  51.9 Mbits/sec  4484  
[ 13]   8.00-9.00   sec  6.19 MBytes  51.9 Mbits/sec  4484  
[ 15]   8.00-9.00   sec  6.19 MBytes  51.9 Mbits/sec  4484  
[ 17]   8.00-9.00   sec  6.19 MBytes  51.9 Mbits/sec  4484  
[ 19]   8.00-9.00   sec  6.19 MBytes  51.9 Mbits/sec  4484  
[ 21]   8.00-9.00   sec  6.19 MBytes  51.9 Mbits/sec  4484  
[ 23]   8.00-9.00   sec  6.19 MBytes  51.9 Mbits/sec  4484  
[ 25]   8.00-9.00   sec  6.19 MBytes  51.9 Mbits/sec  4484  
[ 27]   8.00-9.00   sec  6.19 MBytes  51.9 Mbits/sec  4484  
[ 29]   8.00-9.00   sec  6.19 MBytes  51.9 Mbits/sec  4484  
[ 31]   8.00-9.00   sec  6.19 MBytes  51.9 Mbits/sec  4484  
[ 33]   8.00-9.00   sec  6.19 MBytes  51.9 Mbits/sec  4484  
[ 35]   8.00-9.00   sec  6.19 MBytes  51.9 Mbits/sec  4484  
[ 37]   8.00-9.00   sec  6.19 MBytes  51.9 Mbits/sec  4484  
[ 39]   8.00-9.00   sec  6.19 MBytes  51.9 Mbits/sec  4484  
[ 41]   8.00-9.00   sec  6.19 MBytes  51.9 Mbits/sec  4484  
[ 43]   8.00-9.00   sec  6.19 MBytes  51.9 Mbits/sec  4484  
[SUM]   8.00-9.00   sec   124 MBytes  1039 Mbits/sec  89680  
- - - - - - - - - - - - - - - - - - - - - - - - -
[  5]   9.00-10.00  sec  5.20 MBytes  43.6 Mbits/sec  3767  
[  7]   9.00-10.00  sec  5.20 MBytes  43.6 Mbits/sec  3767  
[  9]   9.00-10.00  sec  5.20 MBytes  43.6 Mbits/sec  3767  
[ 11]   9.00-10.00  sec  5.20 MBytes  43.6 Mbits/sec  3767  
[ 13]   9.00-10.00  sec  5.20 MBytes  43.6 Mbits/sec  3767  
[ 15]   9.00-10.00  sec  5.20 MBytes  43.6 Mbits/sec  3767  
[ 17]   9.00-10.00  sec  5.20 MBytes  43.6 Mbits/sec  3767  
[ 19]   9.00-10.00  sec  5.20 MBytes  43.6 Mbits/sec  3767  
[ 21]   9.00-10.00  sec  5.20 MBytes  43.6 Mbits/sec  3767  
[ 23]   9.00-10.00  sec  5.20 MBytes  43.6 Mbits/sec  3767  
[ 25]   9.00-10.00  sec  5.20 MBytes  43.6 Mbits/sec  3767  
[ 27]   9.00-10.00  sec  5.20 MBytes  43.6 Mbits/sec  3767  
[ 29]   9.00-10.00  sec  5.20 MBytes  43.6 Mbits/sec  3767  
[ 31]   9.00-10.00  sec  5.20 MBytes  43.6 Mbits/sec  3767  
[ 33]   9.00-10.00  sec  5.20 MBytes  43.6 Mbits/sec  3767  
[ 35]   9.00-10.00  sec  5.20 MBytes  43.6 Mbits/sec  3767  
[ 37]   9.00-10.00  sec  5.20 MBytes  43.6 Mbits/sec  3767  
[ 39]   9.00-10.00  sec  5.20 MBytes  43.6 Mbits/sec  3767  
[ 41]   9.00-10.00  sec  5.20 MBytes  43.6 Mbits/sec  3767  
[ 43]   9.00-10.00  sec  5.20 MBytes  43.6 Mbits/sec  3767  
[SUM]   9.00-10.00  sec   104 MBytes   873 Mbits/sec  75340  
- - - - - - - - - - - - - - - - - - - - - - - - -
[  5]  10.00-11.00  sec  6.49 MBytes  54.5 Mbits/sec  4702  
[  7]  10.00-11.00  sec  6.49 MBytes  54.5 Mbits/sec  4702  
[  9]  10.00-11.00  sec  6.49 MBytes  54.5 Mbits/sec  4702  
[ 11]  10.00-11.00  sec  6.49 MBytes  54.5 Mbits/sec  4702  
[ 13]  10.00-11.00  sec  6.49 MBytes  54.5 Mbits/sec  4702  
[ 15]  10.00-11.00  sec  6.49 MBytes  54.5 Mbits/sec  4702  
[ 17]  10.00-11.00  sec  6.49 MBytes  54.5 Mbits/sec  4702  
[ 19]  10.00-11.00  sec  6.49 MBytes  54.5 Mbits/sec  4702  
[ 21]  10.00-11.00  sec  6.49 MBytes  54.5 Mbits/sec  4702  
[ 23]  10.00-11.00  sec  6.49 MBytes  54.5 Mbits/sec  4702  
[ 25]  10.00-11.00  sec  6.49 MBytes  54.5 Mbits/sec  4702  
[ 27]  10.00-11.00  sec  6.49 MBytes  54.5 Mbits/sec  4702  
[ 29]  10.00-11.00  sec  6.49 MBytes  54.5 Mbits/sec  4702  
[ 31]  10.00-11.00  sec  6.49 MBytes  54.5 Mbits/sec  4702  
[ 33]  10.00-11.00  sec  6.49 MBytes  54.5 Mbits/sec  4702  
[ 35]  10.00-11.00  sec  6.49 MBytes  54.5 Mbits/sec  4702  
[ 37]  10.00-11.00  sec  6.49 MBytes  54.5 Mbits/sec  4702  
[ 39]  10.00-11.00  sec  6.49 MBytes  54.5 Mbits/sec  4702  
[ 41]  10.00-11.00  sec  6.49 MBytes  54.5 Mbits/sec  4702  
[ 43]  10.00-11.00  sec  6.49 MBytes  54.5 Mbits/sec  4702  
[SUM]  10.00-11.00  sec   130 MBytes  1089 Mbits/sec  94040  
- - - - - - - - - - - - - - - - - - - - - - - - -
[  5]  11.00-12.00  sec  7.16 MBytes  60.0 Mbits/sec  5183  
[  7]  11.00-12.00  sec  7.16 MBytes  60.0 Mbits/sec  5183  
[  9]  11.00-12.00  sec  7.16 MBytes  60.0 Mbits/sec  5183  
[ 11]  11.00-12.00  sec  7.16 MBytes  60.0 Mbits/sec  5183  
[ 13]  11.00-12.00  sec  7.16 MBytes  60.0 Mbits/sec  5183  
[ 15]  11.00-12.00  sec  7.16 MBytes  60.0 Mbits/sec  5183  
[ 17]  11.00-12.00  sec  7.16 MBytes  60.0 Mbits/sec  5183  
[ 19]  11.00-12.00  sec  7.16 MBytes  60.0 Mbits/sec  5183  
[ 21]  11.00-12.00  sec  7.16 MBytes  60.0 Mbits/sec  5183  
[ 23]  11.00-12.00  sec  7.16 MBytes  60.0 Mbits/sec  5183  
[ 25]  11.00-12.00  sec  7.16 MBytes  60.0 Mbits/sec  5183  
[ 27]  11.00-12.00  sec  7.16 MBytes  60.0 Mbits/sec  5183  
[ 29]  11.00-12.00  sec  7.16 MBytes  60.0 Mbits/sec  5183  
[ 31]  11.00-12.00  sec  7.16 MBytes  60.0 Mbits/sec  5183  
[ 33]  11.00-12.00  sec  7.16 MBytes  60.0 Mbits/sec  5183  
[ 35]  11.00-12.00  sec  7.16 MBytes  60.0 Mbits/sec  5183  
[ 37]  11.00-12.00  sec  7.16 MBytes  60.0 Mbits/sec  5183  
[ 39]  11.00-12.00  sec  7.16 MBytes  60.0 Mbits/sec  5183  
[ 41]  11.00-12.00  sec  7.16 MBytes  60.0 Mbits/sec  5183  
[ 43]  11.00-12.00  sec  7.16 MBytes  60.0 Mbits/sec  5183  
[SUM]  11.00-12.00  sec   143 MBytes  1201 Mbits/sec  103660  
- - - - - - - - - - - - - - - - - - - - - - - - -
[  5]  12.00-13.00  sec  7.43 MBytes  62.3 Mbits/sec  5382  
[  7]  12.00-13.00  sec  7.43 MBytes  62.3 Mbits/sec  5382  
[  9]  12.00-13.00  sec  7.43 MBytes  62.3 Mbits/sec  5382  
[ 11]  12.00-13.00  sec  7.43 MBytes  62.3 Mbits/sec  5382  
[ 13]  12.00-13.00  sec  7.43 MBytes  62.3 Mbits/sec  5382  
[ 15]  12.00-13.00  sec  7.43 MBytes  62.3 Mbits/sec  5382  
[ 17]  12.00-13.00  sec  7.43 MBytes  62.3 Mbits/sec  5382  
[ 19]  12.00-13.00  sec  7.43 MBytes  62.3 Mbits/sec  5382  
[ 21]  12.00-13.00  sec  7.43 MBytes  62.3 Mbits/sec  5382  
[ 23]  12.00-13.00  sec  7.43 MBytes  62.3 Mbits/sec  5382  
[ 25]  12.00-13.00  sec  7.43 MBytes  62.3 Mbits/sec  5382  
[ 27]  12.00-13.00  sec  7.43 MBytes  62.3 Mbits/sec  5382  
[ 29]  12.00-13.00  sec  7.43 MBytes  62.3 Mbits/sec  5382  
[ 31]  12.00-13.00  sec  7.43 MBytes  62.3 Mbits/sec  5382  
[ 33]  12.00-13.00  sec  7.43 MBytes  62.3 Mbits/sec  5382  
[ 35]  12.00-13.00  sec  7.43 MBytes  62.3 Mbits/sec  5382  
[ 37]  12.00-13.00  sec  7.43 MBytes  62.3 Mbits/sec  5382  
[ 39]  12.00-13.00  sec  7.43 MBytes  62.3 Mbits/sec  5382  
[ 41]  12.00-13.00  sec  7.43 MBytes  62.3 Mbits/sec  5382  
[ 43]  12.00-13.00  sec  7.43 MBytes  62.3 Mbits/sec  5382  
[SUM]  12.00-13.00  sec   149 MBytes  1247 Mbits/sec  107640  
- - - - - - - - - - - - - - - - - - - - - - - - -
[  5]  13.00-14.00  sec  7.85 MBytes  65.8 Mbits/sec  5682  
[  7]  13.00-14.00  sec  7.85 MBytes  65.8 Mbits/sec  5682  
[  9]  13.00-14.00  sec  7.85 MBytes  65.8 Mbits/sec  5682  
[ 11]  13.00-14.00  sec  7.85 MBytes  65.8 Mbits/sec  5682  
[ 13]  13.00-14.00  sec  7.85 MBytes  65.8 Mbits/sec  5682  
[ 15]  13.00-14.00  sec  7.85 MBytes  65.8 Mbits/sec  5682  
[ 17]  13.00-14.00  sec  7.85 MBytes  65.8 Mbits/sec  5682  
[ 19]  13.00-14.00  sec  7.85 MBytes  65.8 Mbits/sec  5682  
[ 21]  13.00-14.00  sec  7.85 MBytes  65.8 Mbits/sec  5682  
[ 23]  13.00-14.00  sec  7.85 MBytes  65.8 Mbits/sec  5682  
[ 25]  13.00-14.00  sec  7.85 MBytes  65.8 Mbits/sec  5682  
[ 27]  13.00-14.00  sec  7.85 MBytes  65.8 Mbits/sec  5682  
[ 29]  13.00-14.00  sec  7.85 MBytes  65.8 Mbits/sec  5682  
[ 31]  13.00-14.00  sec  7.85 MBytes  65.8 Mbits/sec  5682  
[ 33]  13.00-14.00  sec  7.85 MBytes  65.8 Mbits/sec  5682  
[ 35]  13.00-14.00  sec  7.85 MBytes  65.8 Mbits/sec  5682  
[ 37]  13.00-14.00  sec  7.85 MBytes  65.8 Mbits/sec  5682  
[ 39]  13.00-14.00  sec  7.85 MBytes  65.8 Mbits/sec  5682  
[ 41]  13.00-14.00  sec  7.85 MBytes  65.8 Mbits/sec  5682  
[ 43]  13.00-14.00  sec  7.85 MBytes  65.8 Mbits/sec  5682  
[SUM]  13.00-14.00  sec   157 MBytes  1316 Mbits/sec  113640  
- - - - - - - - - - - - - - - - - - - - - - - - -
[  5]  14.00-15.00  sec  8.38 MBytes  70.3 Mbits/sec  6072  
[  7]  14.00-15.00  sec  8.38 MBytes  70.3 Mbits/sec  6072  
[  9]  14.00-15.00  sec  8.38 MBytes  70.3 Mbits/sec  6072  
[ 11]  14.00-15.00  sec  8.38 MBytes  70.3 Mbits/sec  6072  
[ 13]  14.00-15.00  sec  8.38 MBytes  70.3 Mbits/sec  6072  
[ 15]  14.00-15.00  sec  8.38 MBytes  70.3 Mbits/sec  6072  
[ 17]  14.00-15.00  sec  8.38 MBytes  70.3 Mbits/sec  6072  
[ 19]  14.00-15.00  sec  8.38 MBytes  70.3 Mbits/sec  6072  
[ 21]  14.00-15.00  sec  8.38 MBytes  70.3 Mbits/sec  6072  
[ 23]  14.00-15.00  sec  8.38 MBytes  70.3 Mbits/sec  6072  
[ 25]  14.00-15.00  sec  8.38 MBytes  70.3 Mbits/sec  6072  
[ 27]  14.00-15.00  sec  8.38 MBytes  70.3 Mbits/sec  6072  
[ 29]  14.00-15.00  sec  8.38 MBytes  70.3 Mbits/sec  6072  
[ 31]  14.00-15.00  sec  8.38 MBytes  70.3 Mbits/sec  6072  
[ 33]  14.00-15.00  sec  8.38 MBytes  70.3 Mbits/sec  6072  
[ 35]  14.00-15.00  sec  8.38 MBytes  70.3 Mbits/sec  6072  
[ 37]  14.00-15.00  sec  8.38 MBytes  70.3 Mbits/sec  6072  
[ 39]  14.00-15.00  sec  8.38 MBytes  70.3 Mbits/sec  6072  
[ 41]  14.00-15.00  sec  8.38 MBytes  70.3 Mbits/sec  6072  
[ 43]  14.00-15.00  sec  8.38 MBytes  70.3 Mbits/sec  6072  
[SUM]  14.00-15.00  sec   168 MBytes  1407 Mbits/sec  121440  
- - - - - - - - - - - - - - - - - - - - - - - - -
[  5]  15.00-16.00  sec  8.28 MBytes  69.4 Mbits/sec  5995  
[  7]  15.00-16.00  sec  8.28 MBytes  69.4 Mbits/sec  5995  
[  9]  15.00-16.00  sec  8.28 MBytes  69.4 Mbits/sec  5995  
[ 11]  15.00-16.00  sec  8.28 MBytes  69.4 Mbits/sec  5995  
[ 13]  15.00-16.00  sec  8.28 MBytes  69.4 Mbits/sec  5995  
[ 15]  15.00-16.00  sec  8.28 MBytes  69.4 Mbits/sec  5995  
[ 17]  15.00-16.00  sec  8.28 MBytes  69.4 Mbits/sec  5995  
[ 19]  15.00-16.00  sec  8.28 MBytes  69.4 Mbits/sec  5995  
[ 21]  15.00-16.00  sec  8.28 MBytes  69.4 Mbits/sec  5995  
[ 23]  15.00-16.00  sec  8.28 MBytes  69.4 Mbits/sec  5995  
[ 25]  15.00-16.00  sec  8.28 MBytes  69.4 Mbits/sec  5995  
[ 27]  15.00-16.00  sec  8.28 MBytes  69.4 Mbits/sec  5995  
[ 29]  15.00-16.00  sec  8.28 MBytes  69.4 Mbits/sec  5995  
[ 31]  15.00-16.00  sec  8.28 MBytes  69.4 Mbits/sec  5995  
[ 33]  15.00-16.00  sec  8.28 MBytes  69.4 Mbits/sec  5995  
[ 35]  15.00-16.00  sec  8.28 MBytes  69.4 Mbits/sec  5995  
[ 37]  15.00-16.00  sec  8.28 MBytes  69.4 Mbits/sec  5995  
[ 39]  15.00-16.00  sec  8.28 MBytes  69.4 Mbits/sec  5995  
[ 41]  15.00-16.00  sec  8.28 MBytes  69.4 Mbits/sec  5995  
[ 43]  15.00-16.00  sec  8.28 MBytes  69.4 Mbits/sec  5995  
[SUM]  15.00-16.00  sec   166 MBytes  1389 Mbits/sec  119900  
- - - - - - - - - - - - - - - - - - - - - - - - -
[  5]  16.00-17.00  sec  8.41 MBytes  70.5 Mbits/sec  6090  
[  7]  16.00-17.00  sec  8.41 MBytes  70.5 Mbits/sec  6090  
[  9]  16.00-17.00  sec  8.41 MBytes  70.5 Mbits/sec  6090  
[ 11]  16.00-17.00  sec  8.41 MBytes  70.5 Mbits/sec  6090  
[ 13]  16.00-17.00  sec  8.41 MBytes  70.5 Mbits/sec  6090  
[ 15]  16.00-17.00  sec  8.41 MBytes  70.5 Mbits/sec  6090  
[ 17]  16.00-17.00  sec  8.41 MBytes  70.5 Mbits/sec  6090  
[ 19]  16.00-17.00  sec  8.41 MBytes  70.5 Mbits/sec  6090  
[ 21]  16.00-17.00  sec  8.41 MBytes  70.5 Mbits/sec  6090  
[ 23]  16.00-17.00  sec  8.41 MBytes  70.5 Mbits/sec  6090  
[ 25]  16.00-17.00  sec  8.41 MBytes  70.5 Mbits/sec  6090  
[ 27]  16.00-17.00  sec  8.41 MBytes  70.5 Mbits/sec  6090  
[ 29]  16.00-17.00  sec  8.41 MBytes  70.5 Mbits/sec  6090  
[ 31]  16.00-17.00  sec  8.41 MBytes  70.5 Mbits/sec  6090  
[ 33]  16.00-17.00  sec  8.41 MBytes  70.5 Mbits/sec  6090  
[ 35]  16.00-17.00  sec  8.41 MBytes  70.5 Mbits/sec  6090  
[ 37]  16.00-17.00  sec  8.41 MBytes  70.5 Mbits/sec  6090  
[ 39]  16.00-17.00  sec  8.41 MBytes  70.5 Mbits/sec  6090  
[ 41]  16.00-17.00  sec  8.41 MBytes  70.5 Mbits/sec  6090  
[ 43]  16.00-17.00  sec  8.41 MBytes  70.5 Mbits/sec  6090  
[SUM]  16.00-17.00  sec   168 MBytes  1411 Mbits/sec  121800  
- - - - - - - - - - - - - - - - - - - - - - - - -
[  5]  17.00-18.00  sec  8.14 MBytes  68.3 Mbits/sec  5894  
[  7]  17.00-18.00  sec  8.14 MBytes  68.3 Mbits/sec  5894  
[  9]  17.00-18.00  sec  8.14 MBytes  68.3 Mbits/sec  5894  
[ 11]  17.00-18.00  sec  8.14 MBytes  68.3 Mbits/sec  5894  
[ 13]  17.00-18.00  sec  8.14 MBytes  68.3 Mbits/sec  5894  
[ 15]  17.00-18.00  sec  8.14 MBytes  68.3 Mbits/sec  5894  
[ 17]  17.00-18.00  sec  8.14 MBytes  68.3 Mbits/sec  5894  
[ 19]  17.00-18.00  sec  8.14 MBytes  68.3 Mbits/sec  5894  
[ 21]  17.00-18.00  sec  8.14 MBytes  68.3 Mbits/sec  5894  
[ 23]  17.00-18.00  sec  8.14 MBytes  68.3 Mbits/sec  5894  
[ 25]  17.00-18.00  sec  8.14 MBytes  68.3 Mbits/sec  5894  
[ 27]  17.00-18.00  sec  8.14 MBytes  68.3 Mbits/sec  5894  
[ 29]  17.00-18.00  sec  8.14 MBytes  68.3 Mbits/sec  5894  
[ 31]  17.00-18.00  sec  8.14 MBytes  68.3 Mbits/sec  5894  
[ 33]  17.00-18.00  sec  8.14 MBytes  68.3 Mbits/sec  5894  
[ 35]  17.00-18.00  sec  8.14 MBytes  68.3 Mbits/sec  5894  
[ 37]  17.00-18.00  sec  8.14 MBytes  68.3 Mbits/sec  5894  
[ 39]  17.00-18.00  sec  8.14 MBytes  68.3 Mbits/sec  5894  
[ 41]  17.00-18.00  sec  8.14 MBytes  68.3 Mbits/sec  5894  
[ 43]  17.00-18.00  sec  8.14 MBytes  68.3 Mbits/sec  5894  
[SUM]  17.00-18.00  sec   163 MBytes  1366 Mbits/sec  117880  
- - - - - - - - - - - - - - - - - - - - - - - - -
[  5]  18.00-19.00  sec  8.39 MBytes  70.3 Mbits/sec  6073  
[  7]  18.00-19.00  sec  8.39 MBytes  70.3 Mbits/sec  6073  
[  9]  18.00-19.00  sec  8.39 MBytes  70.3 Mbits/sec  6073  
[ 11]  18.00-19.00  sec  8.39 MBytes  70.3 Mbits/sec  6073  
[ 13]  18.00-19.00  sec  8.39 MBytes  70.3 Mbits/sec  6073  
[ 15]  18.00-19.00  sec  8.39 MBytes  70.3 Mbits/sec  6073  
[ 17]  18.00-19.00  sec  8.39 MBytes  70.3 Mbits/sec  6073  
[ 19]  18.00-19.00  sec  8.39 MBytes  70.3 Mbits/sec  6073  
[ 21]  18.00-19.00  sec  8.39 MBytes  70.3 Mbits/sec  6073  
[ 23]  18.00-19.00  sec  8.39 MBytes  70.3 Mbits/sec  6073  
[ 25]  18.00-19.00  sec  8.39 MBytes  70.3 Mbits/sec  6073  
[ 27]  18.00-19.00  sec  8.39 MBytes  70.3 Mbits/sec  6073  
[ 29]  18.00-19.00  sec  8.39 MBytes  70.3 Mbits/sec  6073  
[ 31]  18.00-19.00  sec  8.39 MBytes  70.3 Mbits/sec  6073  
[ 33]  18.00-19.00  sec  8.39 MBytes  70.3 Mbits/sec  6073  
[ 35]  18.00-19.00  sec  8.39 MBytes  70.3 Mbits/sec  6073  
[ 37]  18.00-19.00  sec  8.39 MBytes  70.3 Mbits/sec  6073  
[ 39]  18.00-19.00  sec  8.39 MBytes  70.3 Mbits/sec  6073  
[ 41]  18.00-19.00  sec  8.39 MBytes  70.3 Mbits/sec  6073  
[ 43]  18.00-19.00  sec  8.39 MBytes  70.3 Mbits/sec  6073  
[SUM]  18.00-19.00  sec   168 MBytes  1407 Mbits/sec  121460  
- - - - - - - - - - - - - - - - - - - - - - - - -
[  5]  19.00-20.00  sec  8.39 MBytes  70.4 Mbits/sec  6073  
[  7]  19.00-20.00  sec  8.39 MBytes  70.4 Mbits/sec  6073  
[  9]  19.00-20.00  sec  8.39 MBytes  70.4 Mbits/sec  6073  
[ 11]  19.00-20.00  sec  8.39 MBytes  70.4 Mbits/sec  6073  
[ 13]  19.00-20.00  sec  8.39 MBytes  70.4 Mbits/sec  6073  
[ 15]  19.00-20.00  sec  8.39 MBytes  70.4 Mbits/sec  6073  
[ 17]  19.00-20.00  sec  8.39 MBytes  70.4 Mbits/sec  6073  
[ 19]  19.00-20.00  sec  8.39 MBytes  70.4 Mbits/sec  6073  
[ 21]  19.00-20.00  sec  8.39 MBytes  70.4 Mbits/sec  6073  
[ 23]  19.00-20.00  sec  8.39 MBytes  70.4 Mbits/sec  6073  
[ 25]  19.00-20.00  sec  8.39 MBytes  70.4 Mbits/sec  6073  
[ 27]  19.00-20.00  sec  8.39 MBytes  70.4 Mbits/sec  6073  
[ 29]  19.00-20.00  sec  8.39 MBytes  70.4 Mbits/sec  6073  
[ 31]  19.00-20.00  sec  8.39 MBytes  70.4 Mbits/sec  6073  
[ 33]  19.00-20.00  sec  8.39 MBytes  70.4 Mbits/sec  6073  
[ 35]  19.00-20.00  sec  8.39 MBytes  70.4 Mbits/sec  6073  
[ 37]  19.00-20.00  sec  8.39 MBytes  70.4 Mbits/sec  6073  
[ 39]  19.00-20.00  sec  8.39 MBytes  70.4 Mbits/sec  6073  
[ 41]  19.00-20.00  sec  8.39 MBytes  70.4 Mbits/sec  6073  
[ 43]  19.00-20.00  sec  8.39 MBytes  70.4 Mbits/sec  6073  
[SUM]  19.00-20.00  sec   168 MBytes  1407 Mbits/sec  121460  
- - - - - - - - - - - - - - - - - - - - - - - - -
[  5]  20.00-21.00  sec  8.36 MBytes  70.2 Mbits/sec  6056  
[  7]  20.00-21.00  sec  8.36 MBytes  70.2 Mbits/sec  6056  
[  9]  20.00-21.00  sec  8.36 MBytes  70.2 Mbits/sec  6056  
[ 11]  20.00-21.00  sec  8.36 MBytes  70.2 Mbits/sec  6056  
[ 13]  20.00-21.00  sec  8.36 MBytes  70.2 Mbits/sec  6056  
[ 15]  20.00-21.00  sec  8.36 MBytes  70.2 Mbits/sec  6056  
[ 17]  20.00-21.00  sec  8.36 MBytes  70.2 Mbits/sec  6056  
[ 19]  20.00-21.00  sec  8.36 MBytes  70.2 Mbits/sec  6056  
[ 21]  20.00-21.00  sec  8.36 MBytes  70.2 Mbits/sec  6056  
[ 23]  20.00-21.00  sec  8.36 MBytes  70.2 Mbits/sec  6056  
[ 25]  20.00-21.00  sec  8.36 MBytes  70.2 Mbits/sec  6056  
[ 27]  20.00-21.00  sec  8.36 MBytes  70.2 Mbits/sec  6056  
[ 29]  20.00-21.00  sec  8.36 MBytes  70.2 Mbits/sec  6056  
[ 31]  20.00-21.00  sec  8.36 MBytes  70.2 Mbits/sec  6056  
[ 33]  20.00-21.00  sec  8.36 MBytes  70.2 Mbits/sec  6056  
[ 35]  20.00-21.00  sec  8.36 MBytes  70.2 Mbits/sec  6056  
[ 37]  20.00-21.00  sec  8.36 MBytes  70.2 Mbits/sec  6056  
[ 39]  20.00-21.00  sec  8.36 MBytes  70.2 Mbits/sec  6056  
[ 41]  20.00-21.00  sec  8.36 MBytes  70.2 Mbits/sec  6056  
[ 43]  20.00-21.00  sec  8.36 MBytes  70.2 Mbits/sec  6056  
[SUM]  20.00-21.00  sec   167 MBytes  1403 Mbits/sec  121120  
- - - - - - - - - - - - - - - - - - - - - - - - -
[  5]  21.00-22.00  sec  7.41 MBytes  62.2 Mbits/sec  5367  
[  7]  21.00-22.00  sec  7.41 MBytes  62.2 Mbits/sec  5367  
[  9]  21.00-22.00  sec  7.41 MBytes  62.2 Mbits/sec  5367  
[ 11]  21.00-22.00  sec  7.41 MBytes  62.2 Mbits/sec  5367  
[ 13]  21.00-22.00  sec  7.41 MBytes  62.2 Mbits/sec  5367  
[ 15]  21.00-22.00  sec  7.41 MBytes  62.2 Mbits/sec  5367  
[ 17]  21.00-22.00  sec  7.41 MBytes  62.2 Mbits/sec  5367  
[ 19]  21.00-22.00  sec  7.41 MBytes  62.2 Mbits/sec  5367  
[ 21]  21.00-22.00  sec  7.41 MBytes  62.2 Mbits/sec  5367  
[ 23]  21.00-22.00  sec  7.41 MBytes  62.2 Mbits/sec  5367  
[ 25]  21.00-22.00  sec  7.41 MBytes  62.2 Mbits/sec  5367  
[ 27]  21.00-22.00  sec  7.41 MBytes  62.2 Mbits/sec  5367  
[ 29]  21.00-22.00  sec  7.41 MBytes  62.2 Mbits/sec  5367  
[ 31]  21.00-22.00  sec  7.41 MBytes  62.2 Mbits/sec  5367  
[ 33]  21.00-22.00  sec  7.41 MBytes  62.2 Mbits/sec  5367  
[ 35]  21.00-22.00  sec  7.41 MBytes  62.2 Mbits/sec  5367  
[ 37]  21.00-22.00  sec  7.41 MBytes  62.2 Mbits/sec  5367  
[ 39]  21.00-22.00  sec  7.41 MBytes  62.2 Mbits/sec  5367  
[ 41]  21.00-22.00  sec  7.41 MBytes  62.2 Mbits/sec  5367  
[ 43]  21.00-22.00  sec  7.41 MBytes  62.2 Mbits/sec  5367  
[SUM]  21.00-22.00  sec   148 MBytes  1243 Mbits/sec  107340  
- - - - - - - - - - - - - - - - - - - - - - - - -
[  5]  22.00-23.00  sec  8.34 MBytes  69.9 Mbits/sec  6040  
[  7]  22.00-23.00  sec  8.34 MBytes  69.9 Mbits/sec  6040  
[  9]  22.00-23.00  sec  8.34 MBytes  69.9 Mbits/sec  6040  
[ 11]  22.00-23.00  sec  8.34 MBytes  70.0 Mbits/sec  6040  
[ 13]  22.00-23.00  sec  8.34 MBytes  70.0 Mbits/sec  6040  
[ 15]  22.00-23.00  sec  8.34 MBytes  70.0 Mbits/sec  6040  
[ 17]  22.00-23.00  sec  8.34 MBytes  70.0 Mbits/sec  6040  
[ 19]  22.00-23.00  sec  8.34 MBytes  70.0 Mbits/sec  6040  
[ 21]  22.00-23.00  sec  8.34 MBytes  70.0 Mbits/sec  6040  
[ 23]  22.00-23.00  sec  8.34 MBytes  70.0 Mbits/sec  6040  
[ 25]  22.00-23.00  sec  8.34 MBytes  70.0 Mbits/sec  6040  
[ 27]  22.00-23.00  sec  8.34 MBytes  70.0 Mbits/sec  6040  
[ 29]  22.00-23.00  sec  8.34 MBytes  70.0 Mbits/sec  6040  
[ 31]  22.00-23.00  sec  8.34 MBytes  70.0 Mbits/sec  6040  
[ 33]  22.00-23.00  sec  8.34 MBytes  70.0 Mbits/sec  6040  
[ 35]  22.00-23.00  sec  8.34 MBytes  70.0 Mbits/sec  6040  
[ 37]  22.00-23.00  sec  8.34 MBytes  70.0 Mbits/sec  6040  
[ 39]  22.00-23.00  sec  8.34 MBytes  69.9 Mbits/sec  6040  
[ 41]  22.00-23.00  sec  8.34 MBytes  69.9 Mbits/sec  6040  
[ 43]  22.00-23.00  sec  8.34 MBytes  69.9 Mbits/sec  6040  
[SUM]  22.00-23.00  sec   167 MBytes  1399 Mbits/sec  120800  
- - - - - - - - - - - - - - - - - - - - - - - - -
[  5]  23.00-24.00  sec  8.37 MBytes  70.2 Mbits/sec  6060  
[  7]  23.00-24.00  sec  8.37 MBytes  70.2 Mbits/sec  6060  
[  9]  23.00-24.00  sec  8.37 MBytes  70.2 Mbits/sec  6060  
[ 11]  23.00-24.00  sec  8.37 MBytes  70.2 Mbits/sec  6060  
[ 13]  23.00-24.00  sec  8.37 MBytes  70.2 Mbits/sec  6060  
[ 15]  23.00-24.00  sec  8.37 MBytes  70.2 Mbits/sec  6060  
[ 17]  23.00-24.00  sec  8.37 MBytes  70.2 Mbits/sec  6060  
[ 19]  23.00-24.00  sec  8.37 MBytes  70.2 Mbits/sec  6060  
[ 21]  23.00-24.00  sec  8.37 MBytes  70.2 Mbits/sec  6060  
[ 23]  23.00-24.00  sec  8.37 MBytes  70.2 Mbits/sec  6060  
[ 25]  23.00-24.00  sec  8.37 MBytes  70.2 Mbits/sec  6060  
[ 27]  23.00-24.00  sec  8.37 MBytes  70.2 Mbits/sec  6060  
[ 29]  23.00-24.00  sec  8.37 MBytes  70.2 Mbits/sec  6060  
[ 31]  23.00-24.00  sec  8.37 MBytes  70.2 Mbits/sec  6060  
[ 33]  23.00-24.00  sec  8.37 MBytes  70.2 Mbits/sec  6060  
[ 35]  23.00-24.00  sec  8.37 MBytes  70.2 Mbits/sec  6060  
[ 37]  23.00-24.00  sec  8.37 MBytes  70.2 Mbits/sec  6060  
[ 39]  23.00-24.00  sec  8.37 MBytes  70.2 Mbits/sec  6060  
[ 41]  23.00-24.00  sec  8.37 MBytes  70.2 Mbits/sec  6060  
[ 43]  23.00-24.00  sec  8.37 MBytes  70.2 Mbits/sec  6060  
[SUM]  23.00-24.00  sec   167 MBytes  1404 Mbits/sec  121200  
- - - - - - - - - - - - - - - - - - - - - - - - -
[  5]  24.00-25.00  sec  8.20 MBytes  68.8 Mbits/sec  5936  
[  7]  24.00-25.00  sec  8.20 MBytes  68.8 Mbits/sec  5936  
[  9]  24.00-25.00  sec  8.20 MBytes  68.8 Mbits/sec  5936  
[ 11]  24.00-25.00  sec  8.20 MBytes  68.8 Mbits/sec  5936  
[ 13]  24.00-25.00  sec  8.20 MBytes  68.8 Mbits/sec  5936  
[ 15]  24.00-25.00  sec  8.20 MBytes  68.8 Mbits/sec  5936  
[ 17]  24.00-25.00  sec  8.20 MBytes  68.8 Mbits/sec  5936  
[ 19]  24.00-25.00  sec  8.20 MBytes  68.8 Mbits/sec  5936  
[ 21]  24.00-25.00  sec  8.20 MBytes  68.8 Mbits/sec  5936  
[ 23]  24.00-25.00  sec  8.20 MBytes  68.8 Mbits/sec  5936  
[ 25]  24.00-25.00  sec  8.20 MBytes  68.8 Mbits/sec  5936  
[ 27]  24.00-25.00  sec  8.20 MBytes  68.8 Mbits/sec  5936  
[ 29]  24.00-25.00  sec  8.20 MBytes  68.8 Mbits/sec  5936  
[ 31]  24.00-25.00  sec  8.20 MBytes  68.8 Mbits/sec  5936  
[ 33]  24.00-25.00  sec  8.20 MBytes  68.8 Mbits/sec  5936  
[ 35]  24.00-25.00  sec  8.20 MBytes  68.8 Mbits/sec  5936  
[ 37]  24.00-25.00  sec  8.20 MBytes  68.8 Mbits/sec  5936  
[ 39]  24.00-25.00  sec  8.20 MBytes  68.8 Mbits/sec  5936  
[ 41]  24.00-25.00  sec  8.20 MBytes  68.8 Mbits/sec  5936  
[ 43]  24.00-25.00  sec  8.20 MBytes  68.8 Mbits/sec  5936  
[SUM]  24.00-25.00  sec   164 MBytes  1375 Mbits/sec  118720  
- - - - - - - - - - - - - - - - - - - - - - - - -
[  5]  25.00-26.00  sec  8.13 MBytes  68.2 Mbits/sec  5886  
[  7]  25.00-26.00  sec  8.13 MBytes  68.2 Mbits/sec  5886  
[  9]  25.00-26.00  sec  8.13 MBytes  68.2 Mbits/sec  5886  
[ 11]  25.00-26.00  sec  8.13 MBytes  68.2 Mbits/sec  5886  
[ 13]  25.00-26.00  sec  8.13 MBytes  68.2 Mbits/sec  5886  
[ 15]  25.00-26.00  sec  8.13 MBytes  68.2 Mbits/sec  5886  
[ 17]  25.00-26.00  sec  8.13 MBytes  68.2 Mbits/sec  5886  
[ 19]  25.00-26.00  sec  8.13 MBytes  68.2 Mbits/sec  5886  
[ 21]  25.00-26.00  sec  8.13 MBytes  68.2 Mbits/sec  5886  
[ 23]  25.00-26.00  sec  8.13 MBytes  68.2 Mbits/sec  5886  
[ 25]  25.00-26.00  sec  8.13 MBytes  68.2 Mbits/sec  5886  
[ 27]  25.00-26.00  sec  8.13 MBytes  68.2 Mbits/sec  5886  
[ 29]  25.00-26.00  sec  8.13 MBytes  68.2 Mbits/sec  5886  
[ 31]  25.00-26.00  sec  8.13 MBytes  68.2 Mbits/sec  5886  
[ 33]  25.00-26.00  sec  8.13 MBytes  68.2 Mbits/sec  5886  
[ 35]  25.00-26.00  sec  8.13 MBytes  68.2 Mbits/sec  5886  
[ 37]  25.00-26.00  sec  8.13 MBytes  68.2 Mbits/sec  5886  
[ 39]  25.00-26.00  sec  8.13 MBytes  68.2 Mbits/sec  5886  
[ 41]  25.00-26.00  sec  8.13 MBytes  68.2 Mbits/sec  5886  
[ 43]  25.00-26.00  sec  8.13 MBytes  68.2 Mbits/sec  5886  
[SUM]  25.00-26.00  sec   163 MBytes  1364 Mbits/sec  117720  
- - - - - - - - - - - - - - - - - - - - - - - - -
[  5]  26.00-27.00  sec  8.33 MBytes  69.9 Mbits/sec  6032  
[  7]  26.00-27.00  sec  8.33 MBytes  69.9 Mbits/sec  6032  
[  9]  26.00-27.00  sec  8.33 MBytes  69.9 Mbits/sec  6032  
[ 11]  26.00-27.00  sec  8.33 MBytes  69.9 Mbits/sec  6032  
[ 13]  26.00-27.00  sec  8.33 MBytes  69.9 Mbits/sec  6032  
[ 15]  26.00-27.00  sec  8.33 MBytes  69.9 Mbits/sec  6032  
[ 17]  26.00-27.00  sec  8.33 MBytes  69.9 Mbits/sec  6032  
[ 19]  26.00-27.00  sec  8.33 MBytes  69.9 Mbits/sec  6032  
[ 21]  26.00-27.00  sec  8.33 MBytes  69.9 Mbits/sec  6032  
[ 23]  26.00-27.00  sec  8.33 MBytes  69.9 Mbits/sec  6032  
[ 25]  26.00-27.00  sec  8.33 MBytes  69.9 Mbits/sec  6032  
[ 27]  26.00-27.00  sec  8.33 MBytes  69.9 Mbits/sec  6032  
[ 29]  26.00-27.00  sec  8.33 MBytes  69.9 Mbits/sec  6032  
[ 31]  26.00-27.00  sec  8.33 MBytes  69.9 Mbits/sec  6032  
[ 33]  26.00-27.00  sec  8.33 MBytes  69.9 Mbits/sec  6032  
[ 35]  26.00-27.00  sec  8.33 MBytes  69.9 Mbits/sec  6032  
[ 37]  26.00-27.00  sec  8.33 MBytes  69.9 Mbits/sec  6032  
[ 39]  26.00-27.00  sec  8.33 MBytes  69.9 Mbits/sec  6032  
[ 41]  26.00-27.00  sec  8.33 MBytes  69.9 Mbits/sec  6032  
[ 43]  26.00-27.00  sec  8.33 MBytes  69.9 Mbits/sec  6032  
[SUM]  26.00-27.00  sec   167 MBytes  1397 Mbits/sec  120640  
- - - - - - - - - - - - - - - - - - - - - - - - -
[  5]  27.00-28.00  sec  8.30 MBytes  69.7 Mbits/sec  6013  
[  7]  27.00-28.00  sec  8.30 MBytes  69.7 Mbits/sec  6013  
[  9]  27.00-28.00  sec  8.30 MBytes  69.7 Mbits/sec  6013  
[ 11]  27.00-28.00  sec  8.30 MBytes  69.7 Mbits/sec  6013  
[ 13]  27.00-28.00  sec  8.30 MBytes  69.7 Mbits/sec  6013  
[ 15]  27.00-28.00  sec  8.30 MBytes  69.7 Mbits/sec  6013  
[ 17]  27.00-28.00  sec  8.30 MBytes  69.7 Mbits/sec  6013  
[ 19]  27.00-28.00  sec  8.30 MBytes  69.7 Mbits/sec  6013  
[ 21]  27.00-28.00  sec  8.30 MBytes  69.7 Mbits/sec  6013  
[ 23]  27.00-28.00  sec  8.30 MBytes  69.7 Mbits/sec  6013  
[ 25]  27.00-28.00  sec  8.30 MBytes  69.7 Mbits/sec  6013  
[ 27]  27.00-28.00  sec  8.30 MBytes  69.7 Mbits/sec  6013  
[ 29]  27.00-28.00  sec  8.30 MBytes  69.7 Mbits/sec  6013  
[ 31]  27.00-28.00  sec  8.30 MBytes  69.7 Mbits/sec  6013  
[ 33]  27.00-28.00  sec  8.30 MBytes  69.7 Mbits/sec  6013  
[ 35]  27.00-28.00  sec  8.30 MBytes  69.7 Mbits/sec  6013  
[ 37]  27.00-28.00  sec  8.30 MBytes  69.7 Mbits/sec  6013  
[ 39]  27.00-28.00  sec  8.30 MBytes  69.7 Mbits/sec  6013  
[ 41]  27.00-28.00  sec  8.30 MBytes  69.7 Mbits/sec  6013  
[ 43]  27.00-28.00  sec  8.30 MBytes  69.7 Mbits/sec  6013  
[SUM]  27.00-28.00  sec   166 MBytes  1393 Mbits/sec  120260  
- - - - - - - - - - - - - - - - - - - - - - - - -
[  5]  28.00-29.00  sec  8.22 MBytes  69.0 Mbits/sec  5955  
[  7]  28.00-29.00  sec  8.22 MBytes  69.0 Mbits/sec  5955  
[  9]  28.00-29.00  sec  8.22 MBytes  69.0 Mbits/sec  5955  
[ 11]  28.00-29.00  sec  8.22 MBytes  69.0 Mbits/sec  5955  
[ 13]  28.00-29.00  sec  8.22 MBytes  69.0 Mbits/sec  5955  
[ 15]  28.00-29.00  sec  8.22 MBytes  69.0 Mbits/sec  5955  
[ 17]  28.00-29.00  sec  8.22 MBytes  69.0 Mbits/sec  5955  
[ 19]  28.00-29.00  sec  8.22 MBytes  69.0 Mbits/sec  5955  
[ 21]  28.00-29.00  sec  8.22 MBytes  69.0 Mbits/sec  5955  
[ 23]  28.00-29.00  sec  8.22 MBytes  69.0 Mbits/sec  5955  
[ 25]  28.00-29.00  sec  8.22 MBytes  69.0 Mbits/sec  5955  
[ 27]  28.00-29.00  sec  8.22 MBytes  69.0 Mbits/sec  5955  
[ 29]  28.00-29.00  sec  8.22 MBytes  69.0 Mbits/sec  5955  
[ 31]  28.00-29.00  sec  8.22 MBytes  69.0 Mbits/sec  5955  
[ 33]  28.00-29.00  sec  8.22 MBytes  69.0 Mbits/sec  5955  
[ 35]  28.00-29.00  sec  8.22 MBytes  69.0 Mbits/sec  5955  
[ 37]  28.00-29.00  sec  8.22 MBytes  69.0 Mbits/sec  5955  
[ 39]  28.00-29.00  sec  8.22 MBytes  69.0 Mbits/sec  5955  
[ 41]  28.00-29.00  sec  8.22 MBytes  69.0 Mbits/sec  5955  
[ 43]  28.00-29.00  sec  8.22 MBytes  69.0 Mbits/sec  5955  
[SUM]  28.00-29.00  sec   164 MBytes  1380 Mbits/sec  119100  
- - - - - - - - - - - - - - - - - - - - - - - - -
[  5]  29.00-30.00  sec  8.25 MBytes  69.2 Mbits/sec  5977  
[  7]  29.00-30.00  sec  8.25 MBytes  69.2 Mbits/sec  5977  
[  9]  29.00-30.00  sec  8.25 MBytes  69.2 Mbits/sec  5977  
[ 11]  29.00-30.00  sec  8.25 MBytes  69.2 Mbits/sec  5977  
[ 13]  29.00-30.00  sec  8.25 MBytes  69.2 Mbits/sec  5977  
[ 15]  29.00-30.00  sec  8.25 MBytes  69.2 Mbits/sec  5977  
[ 17]  29.00-30.00  sec  8.25 MBytes  69.2 Mbits/sec  5977  
[ 19]  29.00-30.00  sec  8.25 MBytes  69.2 Mbits/sec  5977  
[ 21]  29.00-30.00  sec  8.25 MBytes  69.2 Mbits/sec  5977  
[ 23]  29.00-30.00  sec  8.25 MBytes  69.2 Mbits/sec  5977  
[ 25]  29.00-30.00  sec  8.25 MBytes  69.2 Mbits/sec  5977  
[ 27]  29.00-30.00  sec  8.25 MBytes  69.2 Mbits/sec  5977  
[ 29]  29.00-30.00  sec  8.25 MBytes  69.2 Mbits/sec  5977  
[ 31]  29.00-30.00  sec  8.25 MBytes  69.2 Mbits/sec  5977  
[ 33]  29.00-30.00  sec  8.25 MBytes  69.2 Mbits/sec  5977  
[ 35]  29.00-30.00  sec  8.25 MBytes  69.2 Mbits/sec  5977  
[ 37]  29.00-30.00  sec  8.25 MBytes  69.2 Mbits/sec  5977  
[ 39]  29.00-30.00  sec  8.25 MBytes  69.2 Mbits/sec  5977  
[ 41]  29.00-30.00  sec  8.25 MBytes  69.2 Mbits/sec  5977  
[ 43]  29.00-30.00  sec  8.25 MBytes  69.2 Mbits/sec  5977  
[SUM]  29.00-30.00  sec   165 MBytes  1385 Mbits/sec  119540  
- - - - - - - - - - - - - - - - - - - - - - - - -
[  5]  30.00-31.00  sec  8.41 MBytes  70.5 Mbits/sec  6087  
[  7]  30.00-31.00  sec  8.41 MBytes  70.5 Mbits/sec  6087  
[  9]  30.00-31.00  sec  8.41 MBytes  70.5 Mbits/sec  6087  
[ 11]  30.00-31.00  sec  8.41 MBytes  70.5 Mbits/sec  6087  
[ 13]  30.00-31.00  sec  8.41 MBytes  70.5 Mbits/sec  6087  
[ 15]  30.00-31.00  sec  8.41 MBytes  70.5 Mbits/sec  6087  
[ 17]  30.00-31.00  sec  8.41 MBytes  70.5 Mbits/sec  6087  
[ 19]  30.00-31.00  sec  8.41 MBytes  70.5 Mbits/sec  6087  
[ 21]  30.00-31.00  sec  8.41 MBytes  70.5 Mbits/sec  6087  
[ 23]  30.00-31.00  sec  8.41 MBytes  70.5 Mbits/sec  6087  
[ 25]  30.00-31.00  sec  8.41 MBytes  70.5 Mbits/sec  6087  
[ 27]  30.00-31.00  sec  8.41 MBytes  70.5 Mbits/sec  6087  
[ 29]  30.00-31.00  sec  8.41 MBytes  70.5 Mbits/sec  6087  
[ 31]  30.00-31.00  sec  8.41 MBytes  70.5 Mbits/sec  6087  
[ 33]  30.00-31.00  sec  8.41 MBytes  70.5 Mbits/sec  6087  
[ 35]  30.00-31.00  sec  8.41 MBytes  70.5 Mbits/sec  6087  
[ 37]  30.00-31.00  sec  8.41 MBytes  70.5 Mbits/sec  6087  
[ 39]  30.00-31.00  sec  8.41 MBytes  70.5 Mbits/sec  6087  
[ 41]  30.00-31.00  sec  8.41 MBytes  70.5 Mbits/sec  6087  
[ 43]  30.00-31.00  sec  8.41 MBytes  70.5 Mbits/sec  6087  
[SUM]  30.00-31.00  sec   168 MBytes  1410 Mbits/sec  121740  
- - - - - - - - - - - - - - - - - - - - - - - - -
[  5]  31.00-32.00  sec  7.56 MBytes  63.4 Mbits/sec  5476  
[  7]  31.00-32.00  sec  7.56 MBytes  63.4 Mbits/sec  5476  
[  9]  31.00-32.00  sec  7.56 MBytes  63.4 Mbits/sec  5476  
[ 11]  31.00-32.00  sec  7.56 MBytes  63.4 Mbits/sec  5476  
[ 13]  31.00-32.00  sec  7.56 MBytes  63.4 Mbits/sec  5476  
[ 15]  31.00-32.00  sec  7.56 MBytes  63.4 Mbits/sec  5476  
[ 17]  31.00-32.00  sec  7.56 MBytes  63.4 Mbits/sec  5476  
[ 19]  31.00-32.00  sec  7.56 MBytes  63.4 Mbits/sec  5476  
[ 21]  31.00-32.00  sec  7.56 MBytes  63.4 Mbits/sec  5476  
[ 23]  31.00-32.00  sec  7.56 MBytes  63.4 Mbits/sec  5476  
[ 25]  31.00-32.00  sec  7.56 MBytes  63.4 Mbits/sec  5476  
[ 27]  31.00-32.00  sec  7.56 MBytes  63.4 Mbits/sec  5476  
[ 29]  31.00-32.00  sec  7.56 MBytes  63.4 Mbits/sec  5476  
[ 31]  31.00-32.00  sec  7.56 MBytes  63.4 Mbits/sec  5476  
[ 33]  31.00-32.00  sec  7.56 MBytes  63.4 Mbits/sec  5476  
[ 35]  31.00-32.00  sec  7.56 MBytes  63.4 Mbits/sec  5476  
[ 37]  31.00-32.00  sec  7.56 MBytes  63.4 Mbits/sec  5476  
[ 39]  31.00-32.00  sec  7.56 MBytes  63.4 Mbits/sec  5476  
[ 41]  31.00-32.00  sec  7.56 MBytes  63.4 Mbits/sec  5476  
[ 43]  31.00-32.00  sec  7.56 MBytes  63.4 Mbits/sec  5476  
[SUM]  31.00-32.00  sec   151 MBytes  1269 Mbits/sec  109520  
- - - - - - - - - - - - - - - - - - - - - - - - -
[  5]  32.00-33.00  sec  8.17 MBytes  68.5 Mbits/sec  5917  
[  7]  32.00-33.00  sec  8.17 MBytes  68.5 Mbits/sec  5917  
[  9]  32.00-33.00  sec  8.17 MBytes  68.5 Mbits/sec  5917  
[ 11]  32.00-33.00  sec  8.17 MBytes  68.5 Mbits/sec  5917  
[ 13]  32.00-33.00  sec  8.17 MBytes  68.5 Mbits/sec  5917  
[ 15]  32.00-33.00  sec  8.17 MBytes  68.5 Mbits/sec  5917  
[ 17]  32.00-33.00  sec  8.17 MBytes  68.5 Mbits/sec  5917  
[ 19]  32.00-33.00  sec  8.17 MBytes  68.5 Mbits/sec  5917  
[ 21]  32.00-33.00  sec  8.17 MBytes  68.5 Mbits/sec  5917  
[ 23]  32.00-33.00  sec  8.17 MBytes  68.5 Mbits/sec  5917  
[ 25]  32.00-33.00  sec  8.17 MBytes  68.5 Mbits/sec  5917  
[ 27]  32.00-33.00  sec  8.17 MBytes  68.5 Mbits/sec  5917  
[ 29]  32.00-33.00  sec  8.17 MBytes  68.5 Mbits/sec  5917  
[ 31]  32.00-33.00  sec  8.17 MBytes  68.5 Mbits/sec  5917  
[ 33]  32.00-33.00  sec  8.17 MBytes  68.5 Mbits/sec  5917  
[ 35]  32.00-33.00  sec  8.17 MBytes  68.5 Mbits/sec  5917  
[ 37]  32.00-33.00  sec  8.17 MBytes  68.5 Mbits/sec  5917  
[ 39]  32.00-33.00  sec  8.17 MBytes  68.5 Mbits/sec  5917  
[ 41]  32.00-33.00  sec  8.17 MBytes  68.5 Mbits/sec  5917  
[ 43]  32.00-33.00  sec  8.17 MBytes  68.5 Mbits/sec  5917  
[SUM]  32.00-33.00  sec   163 MBytes  1371 Mbits/sec  118340  
- - - - - - - - - - - - - - - - - - - - - - - - -
[  5]  33.00-34.00  sec  8.16 MBytes  68.4 Mbits/sec  5908  
[  7]  33.00-34.00  sec  8.16 MBytes  68.4 Mbits/sec  5908  
[  9]  33.00-34.00  sec  8.16 MBytes  68.4 Mbits/sec  5908  
[ 11]  33.00-34.00  sec  8.16 MBytes  68.4 Mbits/sec  5908  
[ 13]  33.00-34.00  sec  8.16 MBytes  68.4 Mbits/sec  5908  
[ 15]  33.00-34.00  sec  8.16 MBytes  68.4 Mbits/sec  5908  
[ 17]  33.00-34.00  sec  8.16 MBytes  68.4 Mbits/sec  5908  
[ 19]  33.00-34.00  sec  8.16 MBytes  68.4 Mbits/sec  5908  
[ 21]  33.00-34.00  sec  8.16 MBytes  68.4 Mbits/sec  5908  
[ 23]  33.00-34.00  sec  8.16 MBytes  68.4 Mbits/sec  5908  
[ 25]  33.00-34.00  sec  8.16 MBytes  68.4 Mbits/sec  5908  
[ 27]  33.00-34.00  sec  8.16 MBytes  68.4 Mbits/sec  5908  
[ 29]  33.00-34.00  sec  8.16 MBytes  68.4 Mbits/sec  5908  
[ 31]  33.00-34.00  sec  8.16 MBytes  68.4 Mbits/sec  5908  
[ 33]  33.00-34.00  sec  8.16 MBytes  68.4 Mbits/sec  5908  
[ 35]  33.00-34.00  sec  8.16 MBytes  68.4 Mbits/sec  5908  
[ 37]  33.00-34.00  sec  8.16 MBytes  68.4 Mbits/sec  5908  
[ 39]  33.00-34.00  sec  8.16 MBytes  68.4 Mbits/sec  5908  
[ 41]  33.00-34.00  sec  8.16 MBytes  68.4 Mbits/sec  5908  
[ 43]  33.00-34.00  sec  8.16 MBytes  68.4 Mbits/sec  5908  
[SUM]  33.00-34.00  sec   163 MBytes  1369 Mbits/sec  118160  
- - - - - - - - - - - - - - - - - - - - - - - - -
[  5]  34.00-35.00  sec  8.44 MBytes  70.8 Mbits/sec  6110  
[  7]  34.00-35.00  sec  8.44 MBytes  70.8 Mbits/sec  6110  
[  9]  34.00-35.00  sec  8.44 MBytes  70.8 Mbits/sec  6110  
[ 11]  34.00-35.00  sec  8.44 MBytes  70.8 Mbits/sec  6110  
[ 13]  34.00-35.00  sec  8.44 MBytes  70.8 Mbits/sec  6110  
[ 15]  34.00-35.00  sec  8.44 MBytes  70.8 Mbits/sec  6110  
[ 17]  34.00-35.00  sec  8.44 MBytes  70.8 Mbits/sec  6110  
[ 19]  34.00-35.00  sec  8.44 MBytes  70.8 Mbits/sec  6110  
[ 21]  34.00-35.00  sec  8.44 MBytes  70.8 Mbits/sec  6110  
[ 23]  34.00-35.00  sec  8.44 MBytes  70.8 Mbits/sec  6110  
[ 25]  34.00-35.00  sec  8.44 MBytes  70.8 Mbits/sec  6110  
[ 27]  34.00-35.00  sec  8.44 MBytes  70.8 Mbits/sec  6110  
[ 29]  34.00-35.00  sec  8.44 MBytes  70.8 Mbits/sec  6110  
[ 31]  34.00-35.00  sec  8.44 MBytes  70.8 Mbits/sec  6110  
[ 33]  34.00-35.00  sec  8.44 MBytes  70.8 Mbits/sec  6110  
[ 35]  34.00-35.00  sec  8.44 MBytes  70.8 Mbits/sec  6110  
[ 37]  34.00-35.00  sec  8.44 MBytes  70.8 Mbits/sec  6110  
[ 39]  34.00-35.00  sec  8.44 MBytes  70.8 Mbits/sec  6110  
[ 41]  34.00-35.00  sec  8.44 MBytes  70.8 Mbits/sec  6110  
[ 43]  34.00-35.00  sec  8.44 MBytes  70.8 Mbits/sec  6110  
[SUM]  34.00-35.00  sec   169 MBytes  1416 Mbits/sec  122200  
- - - - - - - - - - - - - - - - - - - - - - - - -
[  5]  35.00-36.00  sec  8.46 MBytes  71.0 Mbits/sec  6129  
[  7]  35.00-36.00  sec  8.46 MBytes  71.0 Mbits/sec  6129  
[  9]  35.00-36.00  sec  8.46 MBytes  71.0 Mbits/sec  6129  
[ 11]  35.00-36.00  sec  8.46 MBytes  71.0 Mbits/sec  6129  
[ 13]  35.00-36.00  sec  8.46 MBytes  71.0 Mbits/sec  6129  
[ 15]  35.00-36.00  sec  8.46 MBytes  71.0 Mbits/sec  6129  
[ 17]  35.00-36.00  sec  8.46 MBytes  71.0 Mbits/sec  6129  
[ 19]  35.00-36.00  sec  8.46 MBytes  71.0 Mbits/sec  6129  
[ 21]  35.00-36.00  sec  8.46 MBytes  71.0 Mbits/sec  6129  
[ 23]  35.00-36.00  sec  8.46 MBytes  71.0 Mbits/sec  6129  
[ 25]  35.00-36.00  sec  8.46 MBytes  71.0 Mbits/sec  6129  
[ 27]  35.00-36.00  sec  8.46 MBytes  71.0 Mbits/sec  6129  
[ 29]  35.00-36.00  sec  8.46 MBytes  71.0 Mbits/sec  6129  
[ 31]  35.00-36.00  sec  8.46 MBytes  71.0 Mbits/sec  6129  
[ 33]  35.00-36.00  sec  8.46 MBytes  71.0 Mbits/sec  6129  
[ 35]  35.00-36.00  sec  8.46 MBytes  71.0 Mbits/sec  6129  
[ 37]  35.00-36.00  sec  8.46 MBytes  71.0 Mbits/sec  6129  
[ 39]  35.00-36.00  sec  8.46 MBytes  71.0 Mbits/sec  6129  
[ 41]  35.00-36.00  sec  8.46 MBytes  71.0 Mbits/sec  6129  
[ 43]  35.00-36.00  sec  8.46 MBytes  71.0 Mbits/sec  6129  
[SUM]  35.00-36.00  sec   169 MBytes  1420 Mbits/sec  122580  
- - - - - - - - - - - - - - - - - - - - - - - - -
[  5]  36.00-37.00  sec  8.56 MBytes  71.8 Mbits/sec  6196  
[  7]  36.00-37.00  sec  8.56 MBytes  71.8 Mbits/sec  6196  
[  9]  36.00-37.00  sec  8.56 MBytes  71.8 Mbits/sec  6196  
[ 11]  36.00-37.00  sec  8.56 MBytes  71.8 Mbits/sec  6196  
[ 13]  36.00-37.00  sec  8.56 MBytes  71.8 Mbits/sec  6196  
[ 15]  36.00-37.00  sec  8.56 MBytes  71.8 Mbits/sec  6196  
[ 17]  36.00-37.00  sec  8.56 MBytes  71.8 Mbits/sec  6196  
[ 19]  36.00-37.00  sec  8.56 MBytes  71.8 Mbits/sec  6196  
[ 21]  36.00-37.00  sec  8.56 MBytes  71.8 Mbits/sec  6196  
[ 23]  36.00-37.00  sec  8.56 MBytes  71.8 Mbits/sec  6196  
[ 25]  36.00-37.00  sec  8.56 MBytes  71.8 Mbits/sec  6196  
[ 27]  36.00-37.00  sec  8.56 MBytes  71.8 Mbits/sec  6196  
[ 29]  36.00-37.00  sec  8.56 MBytes  71.8 Mbits/sec  6196  
[ 31]  36.00-37.00  sec  8.56 MBytes  71.8 Mbits/sec  6196  
[ 33]  36.00-37.00  sec  8.56 MBytes  71.8 Mbits/sec  6196  
[ 35]  36.00-37.00  sec  8.56 MBytes  71.8 Mbits/sec  6196  
[ 37]  36.00-37.00  sec  8.56 MBytes  71.8 Mbits/sec  6196  
[ 39]  36.00-37.00  sec  8.56 MBytes  71.8 Mbits/sec  6196  
[ 41]  36.00-37.00  sec  8.56 MBytes  71.8 Mbits/sec  6196  
[ 43]  36.00-37.00  sec  8.56 MBytes  71.8 Mbits/sec  6196  
[SUM]  36.00-37.00  sec   171 MBytes  1436 Mbits/sec  123920  
- - - - - - - - - - - - - - - - - - - - - - - - -
[  5]  37.00-38.00  sec  8.39 MBytes  70.4 Mbits/sec  6074  
[  7]  37.00-38.00  sec  8.39 MBytes  70.4 Mbits/sec  6074  
[  9]  37.00-38.00  sec  8.39 MBytes  70.4 Mbits/sec  6074  
[ 11]  37.00-38.00  sec  8.39 MBytes  70.4 Mbits/sec  6074  
[ 13]  37.00-38.00  sec  8.39 MBytes  70.4 Mbits/sec  6074  
[ 15]  37.00-38.00  sec  8.39 MBytes  70.4 Mbits/sec  6074  
[ 17]  37.00-38.00  sec  8.39 MBytes  70.4 Mbits/sec  6074  
[ 19]  37.00-38.00  sec  8.39 MBytes  70.4 Mbits/sec  6074  
[ 21]  37.00-38.00  sec  8.39 MBytes  70.4 Mbits/sec  6074  
[ 23]  37.00-38.00  sec  8.39 MBytes  70.4 Mbits/sec  6074  
[ 25]  37.00-38.00  sec  8.39 MBytes  70.4 Mbits/sec  6074  
[ 27]  37.00-38.00  sec  8.39 MBytes  70.4 Mbits/sec  6074  
[ 29]  37.00-38.00  sec  8.39 MBytes  70.4 Mbits/sec  6074  
[ 31]  37.00-38.00  sec  8.39 MBytes  70.4 Mbits/sec  6074  
[ 33]  37.00-38.00  sec  8.39 MBytes  70.4 Mbits/sec  6074  
[ 35]  37.00-38.00  sec  8.39 MBytes  70.4 Mbits/sec  6074  
[ 37]  37.00-38.00  sec  8.39 MBytes  70.4 Mbits/sec  6074  
[ 39]  37.00-38.00  sec  8.39 MBytes  70.4 Mbits/sec  6074  
[ 41]  37.00-38.00  sec  8.39 MBytes  70.4 Mbits/sec  6074  
[ 43]  37.00-38.00  sec  8.39 MBytes  70.4 Mbits/sec  6074  
[SUM]  37.00-38.00  sec   168 MBytes  1407 Mbits/sec  121480  
- - - - - - - - - - - - - - - - - - - - - - - - -
[  5]  38.00-39.00  sec  8.33 MBytes  69.9 Mbits/sec  6031  
[  7]  38.00-39.00  sec  8.33 MBytes  69.9 Mbits/sec  6031  
[  9]  38.00-39.00  sec  8.33 MBytes  69.9 Mbits/sec  6031  
[ 11]  38.00-39.00  sec  8.33 MBytes  69.9 Mbits/sec  6031  
[ 13]  38.00-39.00  sec  8.33 MBytes  69.9 Mbits/sec  6031  
[ 15]  38.00-39.00  sec  8.33 MBytes  69.9 Mbits/sec  6031  
[ 17]  38.00-39.00  sec  8.33 MBytes  69.9 Mbits/sec  6031  
[ 19]  38.00-39.00  sec  8.33 MBytes  69.9 Mbits/sec  6031  
[ 21]  38.00-39.00  sec  8.33 MBytes  69.9 Mbits/sec  6031  
[ 23]  38.00-39.00  sec  8.33 MBytes  69.9 Mbits/sec  6031  
[ 25]  38.00-39.00  sec  8.33 MBytes  69.9 Mbits/sec  6031  
[ 27]  38.00-39.00  sec  8.33 MBytes  69.9 Mbits/sec  6031  
[ 29]  38.00-39.00  sec  8.33 MBytes  69.9 Mbits/sec  6031  
[ 31]  38.00-39.00  sec  8.33 MBytes  69.9 Mbits/sec  6031  
[ 33]  38.00-39.00  sec  8.33 MBytes  69.9 Mbits/sec  6031  
[ 35]  38.00-39.00  sec  8.33 MBytes  69.9 Mbits/sec  6031  
[ 37]  38.00-39.00  sec  8.33 MBytes  69.9 Mbits/sec  6031  
[ 39]  38.00-39.00  sec  8.33 MBytes  69.9 Mbits/sec  6031  
[ 41]  38.00-39.00  sec  8.33 MBytes  69.9 Mbits/sec  6031  
[ 43]  38.00-39.00  sec  8.33 MBytes  69.9 Mbits/sec  6031  
[SUM]  38.00-39.00  sec   167 MBytes  1397 Mbits/sec  120620  
- - - - - - - - - - - - - - - - - - - - - - - - -
[  5]  39.00-40.00  sec  8.53 MBytes  71.6 Mbits/sec  6179  
[  7]  39.00-40.00  sec  8.53 MBytes  71.6 Mbits/sec  6179  
[  9]  39.00-40.00  sec  8.53 MBytes  71.6 Mbits/sec  6179  
[ 11]  39.00-40.00  sec  8.53 MBytes  71.6 Mbits/sec  6179  
[ 13]  39.00-40.00  sec  8.53 MBytes  71.6 Mbits/sec  6179  
[ 15]  39.00-40.00  sec  8.53 MBytes  71.6 Mbits/sec  6179  
[ 17]  39.00-40.00  sec  8.53 MBytes  71.6 Mbits/sec  6179  
[ 19]  39.00-40.00  sec  8.53 MBytes  71.6 Mbits/sec  6179  
[ 21]  39.00-40.00  sec  8.53 MBytes  71.6 Mbits/sec  6179  
[ 23]  39.00-40.00  sec  8.53 MBytes  71.6 Mbits/sec  6179  
[ 25]  39.00-40.00  sec  8.53 MBytes  71.6 Mbits/sec  6179  
[ 27]  39.00-40.00  sec  8.53 MBytes  71.6 Mbits/sec  6179  
[ 29]  39.00-40.00  sec  8.53 MBytes  71.6 Mbits/sec  6179  
[ 31]  39.00-40.00  sec  8.53 MBytes  71.6 Mbits/sec  6179  
[ 33]  39.00-40.00  sec  8.53 MBytes  71.6 Mbits/sec  6179  
[ 35]  39.00-40.00  sec  8.53 MBytes  71.6 Mbits/sec  6179  
[ 37]  39.00-40.00  sec  8.53 MBytes  71.6 Mbits/sec  6179  
[ 39]  39.00-40.00  sec  8.53 MBytes  71.6 Mbits/sec  6179  
[ 41]  39.00-40.00  sec  8.53 MBytes  71.6 Mbits/sec  6179  
[ 43]  39.00-40.00  sec  8.53 MBytes  71.6 Mbits/sec  6179  
[SUM]  39.00-40.00  sec   171 MBytes  1431 Mbits/sec  123580  
- - - - - - - - - - - - - - - - - - - - - - - - -
[  5]  40.00-41.00  sec  8.51 MBytes  71.4 Mbits/sec  6164  
[  7]  40.00-41.00  sec  8.51 MBytes  71.4 Mbits/sec  6164  
[  9]  40.00-41.00  sec  8.51 MBytes  71.4 Mbits/sec  6164  
[ 11]  40.00-41.00  sec  8.51 MBytes  71.4 Mbits/sec  6164  
[ 13]  40.00-41.00  sec  8.51 MBytes  71.4 Mbits/sec  6164  
[ 15]  40.00-41.00  sec  8.51 MBytes  71.4 Mbits/sec  6164  
[ 17]  40.00-41.00  sec  8.51 MBytes  71.4 Mbits/sec  6164  
[ 19]  40.00-41.00  sec  8.51 MBytes  71.4 Mbits/sec  6164  
[ 21]  40.00-41.00  sec  8.51 MBytes  71.4 Mbits/sec  6164  
[ 23]  40.00-41.00  sec  8.51 MBytes  71.4 Mbits/sec  6164  
[ 25]  40.00-41.00  sec  8.51 MBytes  71.4 Mbits/sec  6164  
[ 27]  40.00-41.00  sec  8.51 MBytes  71.4 Mbits/sec  6164  
[ 29]  40.00-41.00  sec  8.51 MBytes  71.4 Mbits/sec  6164  
[ 31]  40.00-41.00  sec  8.51 MBytes  71.4 Mbits/sec  6164  
[ 33]  40.00-41.00  sec  8.51 MBytes  71.4 Mbits/sec  6164  
[ 35]  40.00-41.00  sec  8.51 MBytes  71.4 Mbits/sec  6164  
[ 37]  40.00-41.00  sec  8.51 MBytes  71.4 Mbits/sec  6164  
[ 39]  40.00-41.00  sec  8.51 MBytes  71.4 Mbits/sec  6164  
[ 41]  40.00-41.00  sec  8.51 MBytes  71.4 Mbits/sec  6164  
[ 43]  40.00-41.00  sec  8.51 MBytes  71.4 Mbits/sec  6164  
[SUM]  40.00-41.00  sec   170 MBytes  1428 Mbits/sec  123280  
- - - - - - - - - - - - - - - - - - - - - - - - -
[  5]  41.00-42.00  sec  7.58 MBytes  63.6 Mbits/sec  5489  
[  7]  41.00-42.00  sec  7.58 MBytes  63.6 Mbits/sec  5489  
[  9]  41.00-42.00  sec  7.58 MBytes  63.6 Mbits/sec  5489  
[ 11]  41.00-42.00  sec  7.58 MBytes  63.6 Mbits/sec  5489  
[ 13]  41.00-42.00  sec  7.58 MBytes  63.6 Mbits/sec  5489  
[ 15]  41.00-42.00  sec  7.58 MBytes  63.6 Mbits/sec  5489  
[ 17]  41.00-42.00  sec  7.58 MBytes  63.6 Mbits/sec  5489  
[ 19]  41.00-42.00  sec  7.58 MBytes  63.6 Mbits/sec  5489  
[ 21]  41.00-42.00  sec  7.58 MBytes  63.6 Mbits/sec  5489  
[ 23]  41.00-42.00  sec  7.58 MBytes  63.6 Mbits/sec  5489  
[ 25]  41.00-42.00  sec  7.58 MBytes  63.6 Mbits/sec  5489  
[ 27]  41.00-42.00  sec  7.58 MBytes  63.6 Mbits/sec  5489  
[ 29]  41.00-42.00  sec  7.58 MBytes  63.6 Mbits/sec  5489  
[ 31]  41.00-42.00  sec  7.58 MBytes  63.6 Mbits/sec  5489  
[ 33]  41.00-42.00  sec  7.58 MBytes  63.6 Mbits/sec  5489  
[ 35]  41.00-42.00  sec  7.58 MBytes  63.6 Mbits/sec  5489  
[ 37]  41.00-42.00  sec  7.58 MBytes  63.6 Mbits/sec  5489  
[ 39]  41.00-42.00  sec  7.58 MBytes  63.6 Mbits/sec  5489  
[ 41]  41.00-42.00  sec  7.58 MBytes  63.6 Mbits/sec  5489  
[ 43]  41.00-42.00  sec  7.58 MBytes  63.6 Mbits/sec  5489  
[SUM]  41.00-42.00  sec   152 MBytes  1272 Mbits/sec  109780  
- - - - - - - - - - - - - - - - - - - - - - - - -
[  5]  42.00-43.00  sec  8.54 MBytes  71.6 Mbits/sec  6182  
[  7]  42.00-43.00  sec  8.54 MBytes  71.6 Mbits/sec  6182  
[  9]  42.00-43.00  sec  8.54 MBytes  71.6 Mbits/sec  6182  
[ 11]  42.00-43.00  sec  8.54 MBytes  71.6 Mbits/sec  6182  
[ 13]  42.00-43.00  sec  8.54 MBytes  71.6 Mbits/sec  6182  
[ 15]  42.00-43.00  sec  8.54 MBytes  71.6 Mbits/sec  6182  
[ 17]  42.00-43.00  sec  8.54 MBytes  71.6 Mbits/sec  6182  
[ 19]  42.00-43.00  sec  8.54 MBytes  71.6 Mbits/sec  6182  
[ 21]  42.00-43.00  sec  8.54 MBytes  71.6 Mbits/sec  6182  
[ 23]  42.00-43.00  sec  8.54 MBytes  71.6 Mbits/sec  6182  
[ 25]  42.00-43.00  sec  8.54 MBytes  71.6 Mbits/sec  6182  
[ 27]  42.00-43.00  sec  8.54 MBytes  71.6 Mbits/sec  6182  
[ 29]  42.00-43.00  sec  8.54 MBytes  71.6 Mbits/sec  6182  
[ 31]  42.00-43.00  sec  8.54 MBytes  71.6 Mbits/sec  6182  
[ 33]  42.00-43.00  sec  8.54 MBytes  71.6 Mbits/sec  6182  
[ 35]  42.00-43.00  sec  8.54 MBytes  71.6 Mbits/sec  6182  
[ 37]  42.00-43.00  sec  8.54 MBytes  71.6 Mbits/sec  6182  
[ 39]  42.00-43.00  sec  8.54 MBytes  71.6 Mbits/sec  6182  
[ 41]  42.00-43.00  sec  8.54 MBytes  71.6 Mbits/sec  6182  
[ 43]  42.00-43.00  sec  8.54 MBytes  71.6 Mbits/sec  6182  
[SUM]  42.00-43.00  sec   171 MBytes  1432 Mbits/sec  123640  
- - - - - - - - - - - - - - - - - - - - - - - - -
[  5]  43.00-44.00  sec  8.15 MBytes  68.3 Mbits/sec  5899  
[  7]  43.00-44.00  sec  8.15 MBytes  68.3 Mbits/sec  5899  
[  9]  43.00-44.00  sec  8.15 MBytes  68.3 Mbits/sec  5899  
[ 11]  43.00-44.00  sec  8.15 MBytes  68.3 Mbits/sec  5899  
[ 13]  43.00-44.00  sec  8.15 MBytes  68.3 Mbits/sec  5899  
[ 15]  43.00-44.00  sec  8.15 MBytes  68.3 Mbits/sec  5899  
[ 17]  43.00-44.00  sec  8.15 MBytes  68.3 Mbits/sec  5899  
[ 19]  43.00-44.00  sec  8.15 MBytes  68.3 Mbits/sec  5899  
[ 21]  43.00-44.00  sec  8.15 MBytes  68.3 Mbits/sec  5899  
[ 23]  43.00-44.00  sec  8.15 MBytes  68.3 Mbits/sec  5899  
[ 25]  43.00-44.00  sec  8.15 MBytes  68.3 Mbits/sec  5899  
[ 27]  43.00-44.00  sec  8.15 MBytes  68.3 Mbits/sec  5899  
[ 29]  43.00-44.00  sec  8.15 MBytes  68.3 Mbits/sec  5899  
[ 31]  43.00-44.00  sec  8.15 MBytes  68.3 Mbits/sec  5899  
[ 33]  43.00-44.00  sec  8.15 MBytes  68.3 Mbits/sec  5899  
[ 35]  43.00-44.00  sec  8.15 MBytes  68.3 Mbits/sec  5899  
[ 37]  43.00-44.00  sec  8.15 MBytes  68.3 Mbits/sec  5899  
[ 39]  43.00-44.00  sec  8.15 MBytes  68.3 Mbits/sec  5899  
[ 41]  43.00-44.00  sec  8.15 MBytes  68.3 Mbits/sec  5899  
[ 43]  43.00-44.00  sec  8.15 MBytes  68.3 Mbits/sec  5899  
[SUM]  43.00-44.00  sec   163 MBytes  1367 Mbits/sec  117980  
- - - - - - - - - - - - - - - - - - - - - - - - -
[  5]  44.00-45.00  sec  8.42 MBytes  70.6 Mbits/sec  6094  
[  7]  44.00-45.00  sec  8.42 MBytes  70.6 Mbits/sec  6094  
[  9]  44.00-45.00  sec  8.42 MBytes  70.6 Mbits/sec  6094  
[ 11]  44.00-45.00  sec  8.42 MBytes  70.6 Mbits/sec  6094  
[ 13]  44.00-45.00  sec  8.42 MBytes  70.6 Mbits/sec  6094  
[ 15]  44.00-45.00  sec  8.42 MBytes  70.6 Mbits/sec  6094  
[ 17]  44.00-45.00  sec  8.42 MBytes  70.6 Mbits/sec  6094  
[ 19]  44.00-45.00  sec  8.42 MBytes  70.6 Mbits/sec  6094  
[ 21]  44.00-45.00  sec  8.42 MBytes  70.6 Mbits/sec  6094  
[ 23]  44.00-45.00  sec  8.42 MBytes  70.6 Mbits/sec  6094  
[ 25]  44.00-45.00  sec  8.42 MBytes  70.6 Mbits/sec  6094  
[ 27]  44.00-45.00  sec  8.42 MBytes  70.6 Mbits/sec  6094  
[ 29]  44.00-45.00  sec  8.42 MBytes  70.6 Mbits/sec  6094  
[ 31]  44.00-45.00  sec  8.42 MBytes  70.6 Mbits/sec  6094  
[ 33]  44.00-45.00  sec  8.42 MBytes  70.6 Mbits/sec  6094  
[ 35]  44.00-45.00  sec  8.42 MBytes  70.6 Mbits/sec  6094  
[ 37]  44.00-45.00  sec  8.42 MBytes  70.6 Mbits/sec  6094  
[ 39]  44.00-45.00  sec  8.42 MBytes  70.6 Mbits/sec  6094  
[ 41]  44.00-45.00  sec  8.42 MBytes  70.6 Mbits/sec  6094  
[ 43]  44.00-45.00  sec  8.42 MBytes  70.6 Mbits/sec  6094  
[SUM]  44.00-45.00  sec   168 MBytes  1412 Mbits/sec  121880  
- - - - - - - - - - - - - - - - - - - - - - - - -
[  5]  45.00-46.00  sec  8.32 MBytes  69.8 Mbits/sec  6023  
[  7]  45.00-46.00  sec  8.32 MBytes  69.8 Mbits/sec  6023  
[  9]  45.00-46.00  sec  8.32 MBytes  69.8 Mbits/sec  6023  
[ 11]  45.00-46.00  sec  8.32 MBytes  69.8 Mbits/sec  6023  
[ 13]  45.00-46.00  sec  8.32 MBytes  69.8 Mbits/sec  6023  
[ 15]  45.00-46.00  sec  8.32 MBytes  69.8 Mbits/sec  6023  
[ 17]  45.00-46.00  sec  8.32 MBytes  69.8 Mbits/sec  6023  
[ 19]  45.00-46.00  sec  8.32 MBytes  69.8 Mbits/sec  6023  
[ 21]  45.00-46.00  sec  8.32 MBytes  69.8 Mbits/sec  6023  
[ 23]  45.00-46.00  sec  8.32 MBytes  69.8 Mbits/sec  6023  
[ 25]  45.00-46.00  sec  8.32 MBytes  69.8 Mbits/sec  6023  
[ 27]  45.00-46.00  sec  8.32 MBytes  69.8 Mbits/sec  6023  
[ 29]  45.00-46.00  sec  8.32 MBytes  69.8 Mbits/sec  6023  
[ 31]  45.00-46.00  sec  8.32 MBytes  69.8 Mbits/sec  6023  
[ 33]  45.00-46.00  sec  8.32 MBytes  69.8 Mbits/sec  6023  
[ 35]  45.00-46.00  sec  8.32 MBytes  69.8 Mbits/sec  6023  
[ 37]  45.00-46.00  sec  8.32 MBytes  69.8 Mbits/sec  6023  
[ 39]  45.00-46.00  sec  8.32 MBytes  69.8 Mbits/sec  6023  
[ 41]  45.00-46.00  sec  8.32 MBytes  69.8 Mbits/sec  6023  
[ 43]  45.00-46.00  sec  8.32 MBytes  69.8 Mbits/sec  6023  
[SUM]  45.00-46.00  sec   166 MBytes  1395 Mbits/sec  120460  
- - - - - - - - - - - - - - - - - - - - - - - - -
[  5]  46.00-47.00  sec  8.39 MBytes  70.4 Mbits/sec  6079  
[  7]  46.00-47.00  sec  8.39 MBytes  70.4 Mbits/sec  6079  
[  9]  46.00-47.00  sec  8.39 MBytes  70.4 Mbits/sec  6079  
[ 11]  46.00-47.00  sec  8.39 MBytes  70.4 Mbits/sec  6079  
[ 13]  46.00-47.00  sec  8.39 MBytes  70.4 Mbits/sec  6079  
[ 15]  46.00-47.00  sec  8.39 MBytes  70.4 Mbits/sec  6079  
[ 17]  46.00-47.00  sec  8.39 MBytes  70.4 Mbits/sec  6079  
[ 19]  46.00-47.00  sec  8.39 MBytes  70.4 Mbits/sec  6079  
[ 21]  46.00-47.00  sec  8.39 MBytes  70.4 Mbits/sec  6079  
[ 23]  46.00-47.00  sec  8.39 MBytes  70.4 Mbits/sec  6079  
[ 25]  46.00-47.00  sec  8.39 MBytes  70.4 Mbits/sec  6079  
[ 27]  46.00-47.00  sec  8.39 MBytes  70.4 Mbits/sec  6079  
[ 29]  46.00-47.00  sec  8.39 MBytes  70.4 Mbits/sec  6079  
[ 31]  46.00-47.00  sec  8.39 MBytes  70.4 Mbits/sec  6079  
[ 33]  46.00-47.00  sec  8.39 MBytes  70.4 Mbits/sec  6079  
[ 35]  46.00-47.00  sec  8.39 MBytes  70.4 Mbits/sec  6079  
[ 37]  46.00-47.00  sec  8.39 MBytes  70.4 Mbits/sec  6079  
[ 39]  46.00-47.00  sec  8.39 MBytes  70.4 Mbits/sec  6079  
[ 41]  46.00-47.00  sec  8.39 MBytes  70.4 Mbits/sec  6079  
[ 43]  46.00-47.00  sec  8.39 MBytes  70.4 Mbits/sec  6079  
[SUM]  46.00-47.00  sec   168 MBytes  1408 Mbits/sec  121580  
- - - - - - - - - - - - - - - - - - - - - - - - -
[  5]  47.00-48.00  sec  8.41 MBytes  70.6 Mbits/sec  6093  
[  7]  47.00-48.00  sec  8.41 MBytes  70.6 Mbits/sec  6093  
[  9]  47.00-48.00  sec  8.41 MBytes  70.6 Mbits/sec  6093  
[ 11]  47.00-48.00  sec  8.41 MBytes  70.6 Mbits/sec  6093  
[ 13]  47.00-48.00  sec  8.41 MBytes  70.6 Mbits/sec  6093  
[ 15]  47.00-48.00  sec  8.41 MBytes  70.6 Mbits/sec  6093  
[ 17]  47.00-48.00  sec  8.41 MBytes  70.6 Mbits/sec  6093  
[ 19]  47.00-48.00  sec  8.41 MBytes  70.6 Mbits/sec  6093  
[ 21]  47.00-48.00  sec  8.41 MBytes  70.6 Mbits/sec  6093  
[ 23]  47.00-48.00  sec  8.41 MBytes  70.6 Mbits/sec  6093  
[ 25]  47.00-48.00  sec  8.41 MBytes  70.6 Mbits/sec  6093  
[ 27]  47.00-48.00  sec  8.41 MBytes  70.6 Mbits/sec  6093  
[ 29]  47.00-48.00  sec  8.41 MBytes  70.6 Mbits/sec  6093  
[ 31]  47.00-48.00  sec  8.41 MBytes  70.6 Mbits/sec  6093  
[ 33]  47.00-48.00  sec  8.41 MBytes  70.6 Mbits/sec  6093  
[ 35]  47.00-48.00  sec  8.41 MBytes  70.6 Mbits/sec  6093  
[ 37]  47.00-48.00  sec  8.41 MBytes  70.6 Mbits/sec  6093  
[ 39]  47.00-48.00  sec  8.41 MBytes  70.6 Mbits/sec  6093  
[ 41]  47.00-48.00  sec  8.41 MBytes  70.6 Mbits/sec  6093  
[ 43]  47.00-48.00  sec  8.41 MBytes  70.6 Mbits/sec  6093  
[SUM]  47.00-48.00  sec   168 MBytes  1412 Mbits/sec  121860  
- - - - - - - - - - - - - - - - - - - - - - - - -
[  5]  48.00-49.00  sec  8.27 MBytes  69.4 Mbits/sec  5990  
[  7]  48.00-49.00  sec  8.27 MBytes  69.4 Mbits/sec  5990  
[  9]  48.00-49.00  sec  8.27 MBytes  69.4 Mbits/sec  5990  
[ 11]  48.00-49.00  sec  8.27 MBytes  69.4 Mbits/sec  5990  
[ 13]  48.00-49.00  sec  8.27 MBytes  69.4 Mbits/sec  5990  
[ 15]  48.00-49.00  sec  8.27 MBytes  69.4 Mbits/sec  5990  
[ 17]  48.00-49.00  sec  8.27 MBytes  69.4 Mbits/sec  5990  
[ 19]  48.00-49.00  sec  8.27 MBytes  69.4 Mbits/sec  5990  
[ 21]  48.00-49.00  sec  8.27 MBytes  69.4 Mbits/sec  5990  
[ 23]  48.00-49.00  sec  8.27 MBytes  69.4 Mbits/sec  5990  
[ 25]  48.00-49.00  sec  8.27 MBytes  69.4 Mbits/sec  5990  
[ 27]  48.00-49.00  sec  8.27 MBytes  69.4 Mbits/sec  5990  
[ 29]  48.00-49.00  sec  8.27 MBytes  69.4 Mbits/sec  5990  
[ 31]  48.00-49.00  sec  8.27 MBytes  69.4 Mbits/sec  5990  
[ 33]  48.00-49.00  sec  8.27 MBytes  69.4 Mbits/sec  5990  
[ 35]  48.00-49.00  sec  8.27 MBytes  69.4 Mbits/sec  5990  
[ 37]  48.00-49.00  sec  8.27 MBytes  69.4 Mbits/sec  5990  
[ 39]  48.00-49.00  sec  8.27 MBytes  69.4 Mbits/sec  5990  
[ 41]  48.00-49.00  sec  8.27 MBytes  69.4 Mbits/sec  5990  
[ 43]  48.00-49.00  sec  8.27 MBytes  69.4 Mbits/sec  5990  
[SUM]  48.00-49.00  sec   165 MBytes  1388 Mbits/sec  119800  
- - - - - - - - - - - - - - - - - - - - - - - - -
[  5]  49.00-50.00  sec  8.35 MBytes  70.1 Mbits/sec  6049  
[  7]  49.00-50.00  sec  8.35 MBytes  70.1 Mbits/sec  6049  
[  9]  49.00-50.00  sec  8.35 MBytes  70.1 Mbits/sec  6049  
[ 11]  49.00-50.00  sec  8.35 MBytes  70.1 Mbits/sec  6049  
[ 13]  49.00-50.00  sec  8.35 MBytes  70.1 Mbits/sec  6049  
[ 15]  49.00-50.00  sec  8.35 MBytes  70.1 Mbits/sec  6049  
[ 17]  49.00-50.00  sec  8.35 MBytes  70.1 Mbits/sec  6049  
[ 19]  49.00-50.00  sec  8.35 MBytes  70.1 Mbits/sec  6049  
[ 21]  49.00-50.00  sec  8.35 MBytes  70.1 Mbits/sec  6049  
[ 23]  49.00-50.00  sec  8.35 MBytes  70.1 Mbits/sec  6049  
[ 25]  49.00-50.00  sec  8.35 MBytes  70.1 Mbits/sec  6049  
[ 27]  49.00-50.00  sec  8.35 MBytes  70.1 Mbits/sec  6049  
[ 29]  49.00-50.00  sec  8.35 MBytes  70.1 Mbits/sec  6049  
[ 31]  49.00-50.00  sec  8.35 MBytes  70.1 Mbits/sec  6049  
[ 33]  49.00-50.00  sec  8.35 MBytes  70.1 Mbits/sec  6049  
[ 35]  49.00-50.00  sec  8.35 MBytes  70.1 Mbits/sec  6049  
[ 37]  49.00-50.00  sec  8.35 MBytes  70.1 Mbits/sec  6049  
[ 39]  49.00-50.00  sec  8.35 MBytes  70.1 Mbits/sec  6049  
[ 41]  49.00-50.00  sec  8.35 MBytes  70.1 Mbits/sec  6049  
[ 43]  49.00-50.00  sec  8.35 MBytes  70.1 Mbits/sec  6049  
[SUM]  49.00-50.00  sec   167 MBytes  1401 Mbits/sec  120980  
- - - - - - - - - - - - - - - - - - - - - - - - -
[  5]  50.00-51.00  sec  8.54 MBytes  71.6 Mbits/sec  6181  
[  7]  50.00-51.00  sec  8.54 MBytes  71.6 Mbits/sec  6181  
[  9]  50.00-51.00  sec  8.54 MBytes  71.6 Mbits/sec  6181  
[ 11]  50.00-51.00  sec  8.54 MBytes  71.6 Mbits/sec  6181  
[ 13]  50.00-51.00  sec  8.54 MBytes  71.6 Mbits/sec  6181  
[ 15]  50.00-51.00  sec  8.54 MBytes  71.6 Mbits/sec  6181  
[ 17]  50.00-51.00  sec  8.54 MBytes  71.6 Mbits/sec  6181  
[ 19]  50.00-51.00  sec  8.54 MBytes  71.6 Mbits/sec  6181  
[ 21]  50.00-51.00  sec  8.54 MBytes  71.6 Mbits/sec  6181  
[ 23]  50.00-51.00  sec  8.54 MBytes  71.6 Mbits/sec  6181  
[ 25]  50.00-51.00  sec  8.54 MBytes  71.6 Mbits/sec  6181  
[ 27]  50.00-51.00  sec  8.54 MBytes  71.6 Mbits/sec  6181  
[ 29]  50.00-51.00  sec  8.54 MBytes  71.6 Mbits/sec  6181  
[ 31]  50.00-51.00  sec  8.54 MBytes  71.6 Mbits/sec  6181  
[ 33]  50.00-51.00  sec  8.54 MBytes  71.6 Mbits/sec  6181  
[ 35]  50.00-51.00  sec  8.54 MBytes  71.6 Mbits/sec  6181  
[ 37]  50.00-51.00  sec  8.54 MBytes  71.6 Mbits/sec  6181  
[ 39]  50.00-51.00  sec  8.54 MBytes  71.6 Mbits/sec  6181  
[ 41]  50.00-51.00  sec  8.54 MBytes  71.6 Mbits/sec  6181  
[ 43]  50.00-51.00  sec  8.54 MBytes  71.6 Mbits/sec  6181  
[SUM]  50.00-51.00  sec   171 MBytes  1432 Mbits/sec  123620  
- - - - - - - - - - - - - - - - - - - - - - - - -
[  5]  51.00-52.00  sec  7.60 MBytes  63.7 Mbits/sec  5502  
[  7]  51.00-52.00  sec  7.60 MBytes  63.7 Mbits/sec  5502  
[  9]  51.00-52.00  sec  7.60 MBytes  63.7 Mbits/sec  5502  
[ 11]  51.00-52.00  sec  7.60 MBytes  63.7 Mbits/sec  5502  
[ 13]  51.00-52.00  sec  7.60 MBytes  63.7 Mbits/sec  5502  
[ 15]  51.00-52.00  sec  7.60 MBytes  63.7 Mbits/sec  5502  
[ 17]  51.00-52.00  sec  7.60 MBytes  63.7 Mbits/sec  5502  
[ 19]  51.00-52.00  sec  7.60 MBytes  63.7 Mbits/sec  5502  
[ 21]  51.00-52.00  sec  7.60 MBytes  63.7 Mbits/sec  5502  
[ 23]  51.00-52.00  sec  7.60 MBytes  63.7 Mbits/sec  5502  
[ 25]  51.00-52.00  sec  7.60 MBytes  63.7 Mbits/sec  5502  
[ 27]  51.00-52.00  sec  7.60 MBytes  63.7 Mbits/sec  5502  
[ 29]  51.00-52.00  sec  7.60 MBytes  63.7 Mbits/sec  5502  
[ 31]  51.00-52.00  sec  7.60 MBytes  63.7 Mbits/sec  5502  
[ 33]  51.00-52.00  sec  7.60 MBytes  63.7 Mbits/sec  5502  
[ 35]  51.00-52.00  sec  7.60 MBytes  63.7 Mbits/sec  5502  
[ 37]  51.00-52.00  sec  7.60 MBytes  63.7 Mbits/sec  5502  
[ 39]  51.00-52.00  sec  7.60 MBytes  63.7 Mbits/sec  5502  
[ 41]  51.00-52.00  sec  7.60 MBytes  63.7 Mbits/sec  5502  
[ 43]  51.00-52.00  sec  7.60 MBytes  63.7 Mbits/sec  5502  
[SUM]  51.00-52.00  sec   152 MBytes  1275 Mbits/sec  110040  
- - - - - - - - - - - - - - - - - - - - - - - - -
[  5]  52.00-53.00  sec  8.37 MBytes  70.2 Mbits/sec  6061  
[  7]  52.00-53.00  sec  8.37 MBytes  70.2 Mbits/sec  6061  
[  9]  52.00-53.00  sec  8.37 MBytes  70.2 Mbits/sec  6061  
[ 11]  52.00-53.00  sec  8.37 MBytes  70.2 Mbits/sec  6061  
[ 13]  52.00-53.00  sec  8.37 MBytes  70.2 Mbits/sec  6061  
[ 15]  52.00-53.00  sec  8.37 MBytes  70.2 Mbits/sec  6061  
[ 17]  52.00-53.00  sec  8.37 MBytes  70.2 Mbits/sec  6061  
[ 19]  52.00-53.00  sec  8.37 MBytes  70.2 Mbits/sec  6061  
[ 21]  52.00-53.00  sec  8.37 MBytes  70.2 Mbits/sec  6061  
[ 23]  52.00-53.00  sec  8.37 MBytes  70.2 Mbits/sec  6061  
[ 25]  52.00-53.00  sec  8.37 MBytes  70.2 Mbits/sec  6061  
[ 27]  52.00-53.00  sec  8.37 MBytes  70.2 Mbits/sec  6061  
[ 29]  52.00-53.00  sec  8.37 MBytes  70.2 Mbits/sec  6061  
[ 31]  52.00-53.00  sec  8.37 MBytes  70.2 Mbits/sec  6061  
[ 33]  52.00-53.00  sec  8.37 MBytes  70.2 Mbits/sec  6061  
[ 35]  52.00-53.00  sec  8.37 MBytes  70.2 Mbits/sec  6061  
[ 37]  52.00-53.00  sec  8.37 MBytes  70.2 Mbits/sec  6061  
[ 39]  52.00-53.00  sec  8.37 MBytes  70.2 Mbits/sec  6061  
[ 41]  52.00-53.00  sec  8.37 MBytes  70.2 Mbits/sec  6061  
[ 43]  52.00-53.00  sec  8.37 MBytes  70.2 Mbits/sec  6061  
[SUM]  52.00-53.00  sec   167 MBytes  1404 Mbits/sec  121220  
- - - - - - - - - - - - - - - - - - - - - - - - -
[  5]  53.00-54.00  sec  8.33 MBytes  69.9 Mbits/sec  6031  
[  7]  53.00-54.00  sec  8.33 MBytes  69.9 Mbits/sec  6031  
[  9]  53.00-54.00  sec  8.33 MBytes  69.9 Mbits/sec  6031  
[ 11]  53.00-54.00  sec  8.33 MBytes  69.9 Mbits/sec  6031  
[ 13]  53.00-54.00  sec  8.33 MBytes  69.9 Mbits/sec  6031  
[ 15]  53.00-54.00  sec  8.33 MBytes  69.9 Mbits/sec  6031  
[ 17]  53.00-54.00  sec  8.33 MBytes  69.9 Mbits/sec  6031  
[ 19]  53.00-54.00  sec  8.33 MBytes  69.9 Mbits/sec  6031  
[ 21]  53.00-54.00  sec  8.33 MBytes  69.9 Mbits/sec  6031  
[ 23]  53.00-54.00  sec  8.33 MBytes  69.9 Mbits/sec  6031  
[ 25]  53.00-54.00  sec  8.33 MBytes  69.9 Mbits/sec  6031  
[ 27]  53.00-54.00  sec  8.33 MBytes  69.9 Mbits/sec  6031  
[ 29]  53.00-54.00  sec  8.33 MBytes  69.9 Mbits/sec  6031  
[ 31]  53.00-54.00  sec  8.33 MBytes  69.9 Mbits/sec  6031  
[ 33]  53.00-54.00  sec  8.33 MBytes  69.9 Mbits/sec  6031  
[ 35]  53.00-54.00  sec  8.33 MBytes  69.9 Mbits/sec  6031  
[ 37]  53.00-54.00  sec  8.33 MBytes  69.9 Mbits/sec  6031  
[ 39]  53.00-54.00  sec  8.33 MBytes  69.9 Mbits/sec  6031  
[ 41]  53.00-54.00  sec  8.33 MBytes  69.9 Mbits/sec  6031  
[ 43]  53.00-54.00  sec  8.33 MBytes  69.9 Mbits/sec  6031  
[SUM]  53.00-54.00  sec   167 MBytes  1397 Mbits/sec  120620  
- - - - - - - - - - - - - - - - - - - - - - - - -
[  5]  54.00-55.00  sec  8.50 MBytes  71.3 Mbits/sec  6152  
[  7]  54.00-55.00  sec  8.50 MBytes  71.3 Mbits/sec  6152  
[  9]  54.00-55.00  sec  8.50 MBytes  71.3 Mbits/sec  6152  
[ 11]  54.00-55.00  sec  8.50 MBytes  71.3 Mbits/sec  6152  
[ 13]  54.00-55.00  sec  8.50 MBytes  71.3 Mbits/sec  6152  
[ 15]  54.00-55.00  sec  8.50 MBytes  71.3 Mbits/sec  6152  
[ 17]  54.00-55.00  sec  8.50 MBytes  71.3 Mbits/sec  6152  
[ 19]  54.00-55.00  sec  8.50 MBytes  71.3 Mbits/sec  6152  
[ 21]  54.00-55.00  sec  8.50 MBytes  71.3 Mbits/sec  6152  
[ 23]  54.00-55.00  sec  8.50 MBytes  71.3 Mbits/sec  6152  
[ 25]  54.00-55.00  sec  8.50 MBytes  71.3 Mbits/sec  6152  
[ 27]  54.00-55.00  sec  8.50 MBytes  71.3 Mbits/sec  6152  
[ 29]  54.00-55.00  sec  8.50 MBytes  71.3 Mbits/sec  6152  
[ 31]  54.00-55.00  sec  8.50 MBytes  71.3 Mbits/sec  6152  
[ 33]  54.00-55.00  sec  8.50 MBytes  71.3 Mbits/sec  6152  
[ 35]  54.00-55.00  sec  8.50 MBytes  71.3 Mbits/sec  6152  
[ 37]  54.00-55.00  sec  8.50 MBytes  71.3 Mbits/sec  6152  
[ 39]  54.00-55.00  sec  8.50 MBytes  71.3 Mbits/sec  6152  
[ 41]  54.00-55.00  sec  8.50 MBytes  71.3 Mbits/sec  6152  
[ 43]  54.00-55.00  sec  8.50 MBytes  71.3 Mbits/sec  6152  
[SUM]  54.00-55.00  sec   170 MBytes  1425 Mbits/sec  123040  
- - - - - - - - - - - - - - - - - - - - - - - - -
[  5]  55.00-56.00  sec  8.38 MBytes  70.3 Mbits/sec  6070  
[  7]  55.00-56.00  sec  8.38 MBytes  70.3 Mbits/sec  6070  
[  9]  55.00-56.00  sec  8.38 MBytes  70.3 Mbits/sec  6070  
[ 11]  55.00-56.00  sec  8.38 MBytes  70.3 Mbits/sec  6070  
[ 13]  55.00-56.00  sec  8.38 MBytes  70.3 Mbits/sec  6070  
[ 15]  55.00-56.00  sec  8.38 MBytes  70.3 Mbits/sec  6070  
[ 17]  55.00-56.00  sec  8.38 MBytes  70.3 Mbits/sec  6070  
[ 19]  55.00-56.00  sec  8.38 MBytes  70.3 Mbits/sec  6070  
[ 21]  55.00-56.00  sec  8.38 MBytes  70.3 Mbits/sec  6070  
[ 23]  55.00-56.00  sec  8.38 MBytes  70.3 Mbits/sec  6070  
[ 25]  55.00-56.00  sec  8.38 MBytes  70.3 Mbits/sec  6070  
[ 27]  55.00-56.00  sec  8.38 MBytes  70.3 Mbits/sec  6070  
[ 29]  55.00-56.00  sec  8.38 MBytes  70.3 Mbits/sec  6070  
[ 31]  55.00-56.00  sec  8.38 MBytes  70.3 Mbits/sec  6070  
[ 33]  55.00-56.00  sec  8.38 MBytes  70.3 Mbits/sec  6070  
[ 35]  55.00-56.00  sec  8.38 MBytes  70.3 Mbits/sec  6070  
[ 37]  55.00-56.00  sec  8.38 MBytes  70.3 Mbits/sec  6070  
[ 39]  55.00-56.00  sec  8.38 MBytes  70.3 Mbits/sec  6070  
[ 41]  55.00-56.00  sec  8.38 MBytes  70.3 Mbits/sec  6070  
[ 43]  55.00-56.00  sec  8.38 MBytes  70.3 Mbits/sec  6070  
[SUM]  55.00-56.00  sec   168 MBytes  1406 Mbits/sec  121400  
- - - - - - - - - - - - - - - - - - - - - - - - -
[  5]  56.00-57.00  sec  8.39 MBytes  70.3 Mbits/sec  6073  
[  7]  56.00-57.00  sec  8.39 MBytes  70.3 Mbits/sec  6073  
[  9]  56.00-57.00  sec  8.39 MBytes  70.3 Mbits/sec  6073  
[ 11]  56.00-57.00  sec  8.39 MBytes  70.3 Mbits/sec  6073  
[ 13]  56.00-57.00  sec  8.39 MBytes  70.3 Mbits/sec  6073  
[ 15]  56.00-57.00  sec  8.39 MBytes  70.3 Mbits/sec  6073  
[ 17]  56.00-57.00  sec  8.39 MBytes  70.3 Mbits/sec  6073  
[ 19]  56.00-57.00  sec  8.39 MBytes  70.3 Mbits/sec  6073  
[ 21]  56.00-57.00  sec  8.39 MBytes  70.3 Mbits/sec  6073  
[ 23]  56.00-57.00  sec  8.39 MBytes  70.3 Mbits/sec  6073  
[ 25]  56.00-57.00  sec  8.39 MBytes  70.3 Mbits/sec  6073  
[ 27]  56.00-57.00  sec  8.39 MBytes  70.3 Mbits/sec  6073  
[ 29]  56.00-57.00  sec  8.39 MBytes  70.3 Mbits/sec  6073  
[ 31]  56.00-57.00  sec  8.39 MBytes  70.3 Mbits/sec  6073  
[ 33]  56.00-57.00  sec  8.39 MBytes  70.3 Mbits/sec  6073  
[ 35]  56.00-57.00  sec  8.39 MBytes  70.3 Mbits/sec  6073  
[ 37]  56.00-57.00  sec  8.39 MBytes  70.3 Mbits/sec  6073  
[ 39]  56.00-57.00  sec  8.39 MBytes  70.3 Mbits/sec  6073  
[ 41]  56.00-57.00  sec  8.39 MBytes  70.3 Mbits/sec  6073  
[ 43]  56.00-57.00  sec  8.39 MBytes  70.3 Mbits/sec  6073  
[SUM]  56.00-57.00  sec   168 MBytes  1407 Mbits/sec  121460  
- - - - - - - - - - - - - - - - - - - - - - - - -
[  5]  57.00-58.00  sec  8.44 MBytes  70.8 Mbits/sec  6109  
[  7]  57.00-58.00  sec  8.44 MBytes  70.8 Mbits/sec  6109  
[  9]  57.00-58.00  sec  8.44 MBytes  70.8 Mbits/sec  6109  
[ 11]  57.00-58.00  sec  8.44 MBytes  70.8 Mbits/sec  6109  
[ 13]  57.00-58.00  sec  8.44 MBytes  70.8 Mbits/sec  6109  
[ 15]  57.00-58.00  sec  8.44 MBytes  70.8 Mbits/sec  6109  
[ 17]  57.00-58.00  sec  8.44 MBytes  70.8 Mbits/sec  6109  
[ 19]  57.00-58.00  sec  8.44 MBytes  70.8 Mbits/sec  6109  
[ 21]  57.00-58.00  sec  8.44 MBytes  70.8 Mbits/sec  6109  
[ 23]  57.00-58.00  sec  8.44 MBytes  70.8 Mbits/sec  6109  
[ 25]  57.00-58.00  sec  8.44 MBytes  70.8 Mbits/sec  6109  
[ 27]  57.00-58.00  sec  8.44 MBytes  70.8 Mbits/sec  6109  
[ 29]  57.00-58.00  sec  8.44 MBytes  70.8 Mbits/sec  6109  
[ 31]  57.00-58.00  sec  8.44 MBytes  70.8 Mbits/sec  6109  
[ 33]  57.00-58.00  sec  8.44 MBytes  70.8 Mbits/sec  6109  
[ 35]  57.00-58.00  sec  8.44 MBytes  70.8 Mbits/sec  6109  
[ 37]  57.00-58.00  sec  8.44 MBytes  70.8 Mbits/sec  6109  
[ 39]  57.00-58.00  sec  8.44 MBytes  70.8 Mbits/sec  6109  
[ 41]  57.00-58.00  sec  8.44 MBytes  70.8 Mbits/sec  6109  
[ 43]  57.00-58.00  sec  8.44 MBytes  70.8 Mbits/sec  6109  
[SUM]  57.00-58.00  sec   169 MBytes  1415 Mbits/sec  122180  
- - - - - - - - - - - - - - - - - - - - - - - - -
[  5]  58.00-59.00  sec  8.35 MBytes  70.1 Mbits/sec  6048  
[  7]  58.00-59.00  sec  8.35 MBytes  70.1 Mbits/sec  6048  
[  9]  58.00-59.00  sec  8.35 MBytes  70.1 Mbits/sec  6048  
[ 11]  58.00-59.00  sec  8.35 MBytes  70.1 Mbits/sec  6048  
[ 13]  58.00-59.00  sec  8.35 MBytes  70.1 Mbits/sec  6048  
[ 15]  58.00-59.00  sec  8.35 MBytes  70.1 Mbits/sec  6048  
[ 17]  58.00-59.00  sec  8.35 MBytes  70.1 Mbits/sec  6048  
[ 19]  58.00-59.00  sec  8.35 MBytes  70.1 Mbits/sec  6048  
[ 21]  58.00-59.00  sec  8.35 MBytes  70.1 Mbits/sec  6048  
[ 23]  58.00-59.00  sec  8.35 MBytes  70.1 Mbits/sec  6048  
[ 25]  58.00-59.00  sec  8.35 MBytes  70.1 Mbits/sec  6048  
[ 27]  58.00-59.00  sec  8.35 MBytes  70.1 Mbits/sec  6048  
[ 29]  58.00-59.00  sec  8.35 MBytes  70.1 Mbits/sec  6048  
[ 31]  58.00-59.00  sec  8.35 MBytes  70.1 Mbits/sec  6048  
[ 33]  58.00-59.00  sec  8.35 MBytes  70.1 Mbits/sec  6048  
[ 35]  58.00-59.00  sec  8.35 MBytes  70.1 Mbits/sec  6048  
[ 37]  58.00-59.00  sec  8.35 MBytes  70.1 Mbits/sec  6048  
[ 39]  58.00-59.00  sec  8.35 MBytes  70.1 Mbits/sec  6048  
[ 41]  58.00-59.00  sec  8.35 MBytes  70.1 Mbits/sec  6048  
[ 43]  58.00-59.00  sec  8.35 MBytes  70.1 Mbits/sec  6048  
[SUM]  58.00-59.00  sec   167 MBytes  1401 Mbits/sec  120960  
- - - - - - - - - - - - - - - - - - - - - - - - -
[  5]  59.00-60.00  sec  8.44 MBytes  70.8 Mbits/sec  6112  
[  7]  59.00-60.00  sec  8.44 MBytes  70.8 Mbits/sec  6112  
[  9]  59.00-60.00  sec  8.44 MBytes  70.8 Mbits/sec  6112  
[ 11]  59.00-60.00  sec  8.44 MBytes  70.8 Mbits/sec  6112  
[ 13]  59.00-60.00  sec  8.44 MBytes  70.8 Mbits/sec  6112  
[ 15]  59.00-60.00  sec  8.44 MBytes  70.8 Mbits/sec  6112  
[ 17]  59.00-60.00  sec  8.44 MBytes  70.8 Mbits/sec  6112  
[ 19]  59.00-60.00  sec  8.44 MBytes  70.8 Mbits/sec  6112  
[ 21]  59.00-60.00  sec  8.44 MBytes  70.8 Mbits/sec  6112  
[ 23]  59.00-60.00  sec  8.44 MBytes  70.8 Mbits/sec  6112  
[ 25]  59.00-60.00  sec  8.44 MBytes  70.8 Mbits/sec  6112  
[ 27]  59.00-60.00  sec  8.44 MBytes  70.8 Mbits/sec  6112  
[ 29]  59.00-60.00  sec  8.44 MBytes  70.8 Mbits/sec  6112  
[ 31]  59.00-60.00  sec  8.44 MBytes  70.8 Mbits/sec  6112  
[ 33]  59.00-60.00  sec  8.44 MBytes  70.8 Mbits/sec  6112  
[ 35]  59.00-60.00  sec  8.44 MBytes  70.8 Mbits/sec  6112  
[ 37]  59.00-60.00  sec  8.44 MBytes  70.8 Mbits/sec  6112  
[ 39]  59.00-60.00  sec  8.44 MBytes  70.8 Mbits/sec  6112  
[ 41]  59.00-60.00  sec  8.44 MBytes  70.8 Mbits/sec  6112  
[ 43]  59.00-60.00  sec  8.44 MBytes  70.8 Mbits/sec  6112  
[SUM]  59.00-60.00  sec   169 MBytes  1416 Mbits/sec  122240  
- - - - - - - - - - - - - - - - - - - - - - - - -
[ ID] Interval           Transfer     Bitrate         Jitter    Lost/Total Datagrams
[  5]   0.00-60.00  sec   479 MBytes  67.0 Mbits/sec  0.000 ms  0/347224 (0%)  sender
[  5]   0.00-60.00  sec   473 MBytes  66.1 Mbits/sec  0.079 ms  5005/347224 (1.4%)  receiver
[  7]   0.00-60.00  sec   479 MBytes  67.0 Mbits/sec  0.000 ms  0/347224 (0%)  sender
[  7]   0.00-60.00  sec   473 MBytes  66.1 Mbits/sec  0.074 ms  4986/347224 (1.4%)  receiver
[  9]   0.00-60.00  sec   479 MBytes  67.0 Mbits/sec  0.000 ms  0/347224 (0%)  sender
[  9]   0.00-60.00  sec   473 MBytes  66.1 Mbits/sec  0.074 ms  5017/347224 (1.4%)  receiver
[ 11]   0.00-60.00  sec   479 MBytes  67.0 Mbits/sec  0.000 ms  0/347224 (0%)  sender
[ 11]   0.00-60.00  sec   473 MBytes  66.1 Mbits/sec  0.088 ms  5058/347224 (1.5%)  receiver
[ 13]   0.00-60.00  sec   479 MBytes  67.0 Mbits/sec  0.000 ms  0/347224 (0%)  sender
[ 13]   0.00-60.00  sec   473 MBytes  66.1 Mbits/sec  0.082 ms  4995/347224 (1.4%)  receiver
[ 15]   0.00-60.00  sec   479 MBytes  67.0 Mbits/sec  0.000 ms  0/347224 (0%)  sender
[ 15]   0.00-60.00  sec   466 MBytes  65.2 Mbits/sec  0.086 ms  9491/347224 (2.7%)  receiver
[ 17]   0.00-60.00  sec   479 MBytes  67.0 Mbits/sec  0.000 ms  0/347224 (0%)  sender
[ 17]   0.00-60.00  sec   466 MBytes  65.2 Mbits/sec  0.084 ms  9479/347224 (2.7%)  receiver
[ 19]   0.00-60.00  sec   479 MBytes  67.0 Mbits/sec  0.000 ms  0/347224 (0%)  sender
[ 19]   0.00-60.00  sec   467 MBytes  65.2 Mbits/sec  0.084 ms  9384/347224 (2.7%)  receiver
[ 21]   0.00-60.00  sec   479 MBytes  67.0 Mbits/sec  0.000 ms  0/347224 (0%)  sender
[ 21]   0.00-60.00  sec   473 MBytes  66.1 Mbits/sec  0.086 ms  5012/347224 (1.4%)  receiver
[ 23]   0.00-60.00  sec   479 MBytes  67.0 Mbits/sec  0.000 ms  0/347223 (0%)  sender
[ 23]   0.00-60.00  sec   473 MBytes  66.1 Mbits/sec  0.080 ms  4972/347223 (1.4%)  receiver
[ 25]   0.00-60.00  sec   479 MBytes  67.0 Mbits/sec  0.000 ms  0/347223 (0%)  sender
[ 25]   0.00-60.00  sec   473 MBytes  66.1 Mbits/sec  0.081 ms  4987/347223 (1.4%)  receiver
[ 27]   0.00-60.00  sec   479 MBytes  67.0 Mbits/sec  0.000 ms  0/347223 (0%)  sender
[ 27]   0.00-60.00  sec   466 MBytes  65.2 Mbits/sec  0.088 ms  9557/347223 (2.8%)  receiver
[ 29]   0.00-60.00  sec   479 MBytes  67.0 Mbits/sec  0.000 ms  0/347223 (0%)  sender
[ 29]   0.00-60.00  sec   473 MBytes  66.1 Mbits/sec  0.086 ms  4985/347223 (1.4%)  receiver
[ 31]   0.00-60.00  sec   479 MBytes  67.0 Mbits/sec  0.000 ms  0/347223 (0%)  sender
[ 31]   0.00-60.00  sec   466 MBytes  65.2 Mbits/sec  0.089 ms  9492/347223 (2.7%)  receiver
[ 33]   0.00-60.00  sec   479 MBytes  67.0 Mbits/sec  0.000 ms  0/347223 (0%)  sender
[ 33]   0.00-60.00  sec   473 MBytes  66.1 Mbits/sec  0.091 ms  5040/347223 (1.5%)  receiver
[ 35]   0.00-60.00  sec   479 MBytes  67.0 Mbits/sec  0.000 ms  0/347223 (0%)  sender
[ 35]   0.00-60.00  sec   472 MBytes  66.1 Mbits/sec  0.104 ms  5103/347223 (1.5%)  receiver
[ 37]   0.00-60.00  sec   479 MBytes  67.0 Mbits/sec  0.000 ms  0/347223 (0%)  sender
[ 37]   0.00-60.00  sec   473 MBytes  66.1 Mbits/sec  0.107 ms  5048/347223 (1.5%)  receiver
[ 39]   0.00-60.00  sec   479 MBytes  67.0 Mbits/sec  0.000 ms  0/347223 (0%)  sender
[ 39]   0.00-60.00  sec   466 MBytes  65.2 Mbits/sec  0.107 ms  9492/347223 (2.7%)  receiver
[ 41]   0.00-60.00  sec   479 MBytes  67.0 Mbits/sec  0.000 ms  0/347223 (0%)  sender
[ 41]   0.00-60.00  sec   473 MBytes  66.1 Mbits/sec  0.102 ms  5011/347223 (1.4%)  receiver
[ 43]   0.00-60.00  sec   479 MBytes  67.0 Mbits/sec  0.000 ms  0/347223 (0%)  sender
[ 43]   0.00-60.00  sec   473 MBytes  66.1 Mbits/sec  0.102 ms  4984/347223 (1.4%)  receiver
[SUM]   0.00-60.00  sec  9.36 GBytes  1341 Mbits/sec  0.000 ms  0/6944469 (0%)  sender
[SUM]   0.00-60.00  sec  9.19 GBytes  1316 Mbits/sec  0.089 ms  127098/6944469 (1.8%)  receiver

iperf Done.
