Connecting to host 10.10.0.2, port 30000
[  5] local 10.0.1.204 port 56438 connected to 10.10.0.2 port 30000
[  7] local 10.0.1.204 port 52641 connected to 10.10.0.2 port 30000
[  9] local 10.0.1.204 port 60365 connected to 10.10.0.2 port 30000
[ 11] local 10.0.1.204 port 41213 connected to 10.10.0.2 port 30000
[ 13] local 10.0.1.204 port 47793 connected to 10.10.0.2 port 30000
[ 15] local 10.0.1.204 port 47226 connected to 10.10.0.2 port 30000
[ 17] local 10.0.1.204 port 59975 connected to 10.10.0.2 port 30000
[ 19] local 10.0.1.204 port 52050 connected to 10.10.0.2 port 30000
[ 21] local 10.0.1.204 port 53364 connected to 10.10.0.2 port 30000
[ 23] local 10.0.1.204 port 33727 connected to 10.10.0.2 port 30000
[ 25] local 10.0.1.204 port 56197 connected to 10.10.0.2 port 30000
[ 27] local 10.0.1.204 port 42625 connected to 10.10.0.2 port 30000
[ 29] local 10.0.1.204 port 45396 connected to 10.10.0.2 port 30000
[ 31] local 10.0.1.204 port 44465 connected to 10.10.0.2 port 30000
[ 33] local 10.0.1.204 port 40191 connected to 10.10.0.2 port 30000
[ 35] local 10.0.1.204 port 46685 connected to 10.10.0.2 port 30000
[ 37] local 10.0.1.204 port 39064 connected to 10.10.0.2 port 30000
[ 39] local 10.0.1.204 port 39246 connected to 10.10.0.2 port 30000
[ 41] local 10.0.1.204 port 53497 connected to 10.10.0.2 port 30000
[ 43] local 10.0.1.204 port 57513 connected to 10.10.0.2 port 30000
[ ID] Interval           Transfer     Bitrate         Total Datagrams
[  5]   0.00-1.00   sec  6.66 MBytes  55.9 Mbits/sec  4995  
[  7]   0.00-1.00   sec  6.66 MBytes  55.9 Mbits/sec  4995  
[  9]   0.00-1.00   sec  6.66 MBytes  55.9 Mbits/sec  4995  
[ 11]   0.00-1.00   sec  6.66 MBytes  55.9 Mbits/sec  4995  
[ 13]   0.00-1.00   sec  6.66 MBytes  55.9 Mbits/sec  4995  
[ 15]   0.00-1.00   sec  6.66 MBytes  55.9 Mbits/sec  4995  
[ 17]   0.00-1.00   sec  6.66 MBytes  55.9 Mbits/sec  4995  
[ 19]   0.00-1.00   sec  6.66 MBytes  55.9 Mbits/sec  4995  
[ 21]   0.00-1.00   sec  6.66 MBytes  55.9 Mbits/sec  4995  
[ 23]   0.00-1.00   sec  6.66 MBytes  55.9 Mbits/sec  4995  
[ 25]   0.00-1.00   sec  6.66 MBytes  55.9 Mbits/sec  4995  
[ 27]   0.00-1.00   sec  6.66 MBytes  55.8 Mbits/sec  4994  
[ 29]   0.00-1.00   sec  6.66 MBytes  55.8 Mbits/sec  4994  
[ 31]   0.00-1.00   sec  6.66 MBytes  55.8 Mbits/sec  4994  
[ 33]   0.00-1.00   sec  6.66 MBytes  55.8 Mbits/sec  4994  
[ 35]   0.00-1.00   sec  6.66 MBytes  55.8 Mbits/sec  4994  
[ 37]   0.00-1.00   sec  6.66 MBytes  55.8 Mbits/sec  4994  
[ 39]   0.00-1.00   sec  6.66 MBytes  55.8 Mbits/sec  4993  
[ 41]   0.00-1.00   sec  6.66 MBytes  55.8 Mbits/sec  4993  
[ 43]   0.00-1.00   sec  6.66 MBytes  55.8 Mbits/sec  4993  
[SUM]   0.00-1.00   sec   133 MBytes  1117 Mbits/sec  99888  
- - - - - - - - - - - - - - - - - - - - - - - - -
[  5]   1.00-2.00   sec  6.73 MBytes  56.5 Mbits/sec  5048  
[  7]   1.00-2.00   sec  6.73 MBytes  56.5 Mbits/sec  5048  
[  9]   1.00-2.00   sec  6.73 MBytes  56.5 Mbits/sec  5048  
[ 11]   1.00-2.00   sec  6.73 MBytes  56.5 Mbits/sec  5048  
[ 13]   1.00-2.00   sec  6.73 MBytes  56.5 Mbits/sec  5048  
[ 15]   1.00-2.00   sec  6.73 MBytes  56.5 Mbits/sec  5048  
[ 17]   1.00-2.00   sec  6.73 MBytes  56.5 Mbits/sec  5048  
[ 19]   1.00-2.00   sec  6.73 MBytes  56.5 Mbits/sec  5048  
[ 21]   1.00-2.00   sec  6.73 MBytes  56.5 Mbits/sec  5048  
[ 23]   1.00-2.00   sec  6.73 MBytes  56.5 Mbits/sec  5048  
[ 25]   1.00-2.00   sec  6.73 MBytes  56.5 Mbits/sec  5048  
[ 27]   1.00-2.00   sec  6.73 MBytes  56.5 Mbits/sec  5048  
[ 29]   1.00-2.00   sec  6.73 MBytes  56.5 Mbits/sec  5048  
[ 31]   1.00-2.00   sec  6.73 MBytes  56.5 Mbits/sec  5048  
[ 33]   1.00-2.00   sec  6.73 MBytes  56.5 Mbits/sec  5048  
[ 35]   1.00-2.00   sec  6.73 MBytes  56.5 Mbits/sec  5048  
[ 37]   1.00-2.00   sec  6.73 MBytes  56.5 Mbits/sec  5048  
[ 39]   1.00-2.00   sec  6.73 MBytes  56.5 Mbits/sec  5048  
[ 41]   1.00-2.00   sec  6.73 MBytes  56.5 Mbits/sec  5048  
[ 43]   1.00-2.00   sec  6.73 MBytes  56.5 Mbits/sec  5048  
[SUM]   1.00-2.00   sec   135 MBytes  1129 Mbits/sec  100960  
- - - - - - - - - - - - - - - - - - - - - - - - -
[  5]   2.00-3.00   sec  6.39 MBytes  53.6 Mbits/sec  4791  
[  7]   2.00-3.00   sec  6.39 MBytes  53.6 Mbits/sec  4791  
[  9]   2.00-3.00   sec  6.39 MBytes  53.6 Mbits/sec  4791  
[ 11]   2.00-3.00   sec  6.39 MBytes  53.6 Mbits/sec  4791  
[ 13]   2.00-3.00   sec  6.39 MBytes  53.6 Mbits/sec  4791  
[ 15]   2.00-3.00   sec  6.39 MBytes  53.6 Mbits/sec  4791  
[ 17]   2.00-3.00   sec  6.39 MBytes  53.6 Mbits/sec  4791  
[ 19]   2.00-3.00   sec  6.39 MBytes  53.6 Mbits/sec  4791  
[ 21]   2.00-3.00   sec  6.39 MBytes  53.6 Mbits/sec  4791  
[ 23]   2.00-3.00   sec  6.39 MBytes  53.6 Mbits/sec  4791  
[ 25]   2.00-3.00   sec  6.39 MBytes  53.6 Mbits/sec  4791  
[ 27]   2.00-3.00   sec  6.39 MBytes  53.6 Mbits/sec  4791  
[ 29]   2.00-3.00   sec  6.39 MBytes  53.6 Mbits/sec  4791  
[ 31]   2.00-3.00   sec  6.39 MBytes  53.6 Mbits/sec  4791  
[ 33]   2.00-3.00   sec  6.39 MBytes  53.6 Mbits/sec  4791  
[ 35]   2.00-3.00   sec  6.39 MBytes  53.6 Mbits/sec  4791  
[ 37]   2.00-3.00   sec  6.39 MBytes  53.6 Mbits/sec  4791  
[ 39]   2.00-3.00   sec  6.39 MBytes  53.6 Mbits/sec  4791  
[ 41]   2.00-3.00   sec  6.39 MBytes  53.6 Mbits/sec  4791  
[ 43]   2.00-3.00   sec  6.39 MBytes  53.6 Mbits/sec  4791  
[SUM]   2.00-3.00   sec   128 MBytes  1072 Mbits/sec  95820  
- - - - - - - - - - - - - - - - - - - - - - - - -
[  5]   3.00-4.00   sec  6.76 MBytes  56.7 Mbits/sec  5074  
[  7]   3.00-4.00   sec  6.76 MBytes  56.7 Mbits/sec  5074  
[  9]   3.00-4.00   sec  6.76 MBytes  56.7 Mbits/sec  5074  
[ 11]   3.00-4.00   sec  6.76 MBytes  56.7 Mbits/sec  5074  
[ 13]   3.00-4.00   sec  6.76 MBytes  56.7 Mbits/sec  5074  
[ 15]   3.00-4.00   sec  6.76 MBytes  56.7 Mbits/sec  5074  
[ 17]   3.00-4.00   sec  6.76 MBytes  56.7 Mbits/sec  5074  
[ 19]   3.00-4.00   sec  6.76 MBytes  56.7 Mbits/sec  5074  
[ 21]   3.00-4.00   sec  6.76 MBytes  56.7 Mbits/sec  5074  
[ 23]   3.00-4.00   sec  6.76 MBytes  56.7 Mbits/sec  5074  
[ 25]   3.00-4.00   sec  6.76 MBytes  56.7 Mbits/sec  5074  
[ 27]   3.00-4.00   sec  6.76 MBytes  56.7 Mbits/sec  5074  
[ 29]   3.00-4.00   sec  6.76 MBytes  56.7 Mbits/sec  5074  
[ 31]   3.00-4.00   sec  6.76 MBytes  56.7 Mbits/sec  5074  
[ 33]   3.00-4.00   sec  6.76 MBytes  56.7 Mbits/sec  5074  
[ 35]   3.00-4.00   sec  6.76 MBytes  56.7 Mbits/sec  5074  
[ 37]   3.00-4.00   sec  6.76 MBytes  56.7 Mbits/sec  5074  
[ 39]   3.00-4.00   sec  6.76 MBytes  56.7 Mbits/sec  5074  
[ 41]   3.00-4.00   sec  6.76 MBytes  56.7 Mbits/sec  5074  
[ 43]   3.00-4.00   sec  6.76 MBytes  56.7 Mbits/sec  5074  
[SUM]   3.00-4.00   sec   135 MBytes  1135 Mbits/sec  101480  
- - - - - - - - - - - - - - - - - - - - - - - - -
[  5]   4.00-5.00   sec  6.82 MBytes  57.2 Mbits/sec  5114  
[  7]   4.00-5.00   sec  6.82 MBytes  57.2 Mbits/sec  5114  
[  9]   4.00-5.00   sec  6.82 MBytes  57.2 Mbits/sec  5114  
[ 11]   4.00-5.00   sec  6.82 MBytes  57.2 Mbits/sec  5114  
[ 13]   4.00-5.00   sec  6.82 MBytes  57.2 Mbits/sec  5114  
[ 15]   4.00-5.00   sec  6.82 MBytes  57.2 Mbits/sec  5114  
[ 17]   4.00-5.00   sec  6.82 MBytes  57.2 Mbits/sec  5114  
[ 19]   4.00-5.00   sec  6.82 MBytes  57.2 Mbits/sec  5114  
[ 21]   4.00-5.00   sec  6.82 MBytes  57.2 Mbits/sec  5114  
[ 23]   4.00-5.00   sec  6.82 MBytes  57.2 Mbits/sec  5114  
[ 25]   4.00-5.00   sec  6.82 MBytes  57.2 Mbits/sec  5114  
[ 27]   4.00-5.00   sec  6.82 MBytes  57.2 Mbits/sec  5114  
[ 29]   4.00-5.00   sec  6.82 MBytes  57.2 Mbits/sec  5114  
[ 31]   4.00-5.00   sec  6.82 MBytes  57.2 Mbits/sec  5114  
[ 33]   4.00-5.00   sec  6.82 MBytes  57.2 Mbits/sec  5114  
[ 35]   4.00-5.00   sec  6.82 MBytes  57.2 Mbits/sec  5114  
[ 37]   4.00-5.00   sec  6.82 MBytes  57.2 Mbits/sec  5114  
[ 39]   4.00-5.00   sec  6.82 MBytes  57.2 Mbits/sec  5114  
[ 41]   4.00-5.00   sec  6.82 MBytes  57.2 Mbits/sec  5114  
[ 43]   4.00-5.00   sec  6.82 MBytes  57.2 Mbits/sec  5114  
[SUM]   4.00-5.00   sec   136 MBytes  1144 Mbits/sec  102280  
- - - - - - - - - - - - - - - - - - - - - - - - -
[  5]   5.00-6.00   sec  6.66 MBytes  55.9 Mbits/sec  4997  
[  7]   5.00-6.00   sec  6.66 MBytes  55.9 Mbits/sec  4996  
[  9]   5.00-6.00   sec  6.66 MBytes  55.9 Mbits/sec  4996  
[ 11]   5.00-6.00   sec  6.66 MBytes  55.9 Mbits/sec  4996  
[ 13]   5.00-6.00   sec  6.66 MBytes  55.9 Mbits/sec  4996  
[ 15]   5.00-6.00   sec  6.66 MBytes  55.9 Mbits/sec  4996  
[ 17]   5.00-6.00   sec  6.66 MBytes  55.9 Mbits/sec  4996  
[ 19]   5.00-6.00   sec  6.66 MBytes  55.9 Mbits/sec  4996  
[ 21]   5.00-6.00   sec  6.66 MBytes  55.9 Mbits/sec  4996  
[ 23]   5.00-6.00   sec  6.66 MBytes  55.9 Mbits/sec  4995  
[ 25]   5.00-6.00   sec  6.66 MBytes  55.9 Mbits/sec  4995  
[ 27]   5.00-6.00   sec  6.66 MBytes  55.9 Mbits/sec  4995  
[ 29]   5.00-6.00   sec  6.66 MBytes  55.9 Mbits/sec  4995  
[ 31]   5.00-6.00   sec  6.66 MBytes  55.9 Mbits/sec  4995  
[ 33]   5.00-6.00   sec  6.66 MBytes  55.9 Mbits/sec  4995  
[ 35]   5.00-6.00   sec  6.66 MBytes  55.9 Mbits/sec  4994  
[ 37]   5.00-6.00   sec  6.66 MBytes  55.9 Mbits/sec  4994  
[ 39]   5.00-6.00   sec  6.66 MBytes  55.9 Mbits/sec  4994  
[ 41]   5.00-6.00   sec  6.66 MBytes  55.9 Mbits/sec  4994  
[ 43]   5.00-6.00   sec  6.66 MBytes  55.9 Mbits/sec  4994  
[SUM]   5.00-6.00   sec   133 MBytes  1117 Mbits/sec  99905  
- - - - - - - - - - - - - - - - - - - - - - - - -
[  5]   6.00-7.00   sec  6.77 MBytes  56.8 Mbits/sec  5079  
[  7]   6.00-7.00   sec  6.77 MBytes  56.8 Mbits/sec  5079  
[  9]   6.00-7.00   sec  6.77 MBytes  56.8 Mbits/sec  5079  
[ 11]   6.00-7.00   sec  6.77 MBytes  56.8 Mbits/sec  5079  
[ 13]   6.00-7.00   sec  6.77 MBytes  56.8 Mbits/sec  5079  
[ 15]   6.00-7.00   sec  6.77 MBytes  56.8 Mbits/sec  5079  
[ 17]   6.00-7.00   sec  6.77 MBytes  56.8 Mbits/sec  5079  
[ 19]   6.00-7.00   sec  6.77 MBytes  56.8 Mbits/sec  5079  
[ 21]   6.00-7.00   sec  6.77 MBytes  56.8 Mbits/sec  5079  
[ 23]   6.00-7.00   sec  6.77 MBytes  56.8 Mbits/sec  5079  
[ 25]   6.00-7.00   sec  6.77 MBytes  56.8 Mbits/sec  5079  
[ 27]   6.00-7.00   sec  6.77 MBytes  56.8 Mbits/sec  5079  
[ 29]   6.00-7.00   sec  6.77 MBytes  56.8 Mbits/sec  5079  
[ 31]   6.00-7.00   sec  6.77 MBytes  56.8 Mbits/sec  5078  
[ 33]   6.00-7.00   sec  6.77 MBytes  56.8 Mbits/sec  5078  
[ 35]   6.00-7.00   sec  6.77 MBytes  56.8 Mbits/sec  5078  
[ 37]   6.00-7.00   sec  6.77 MBytes  56.8 Mbits/sec  5078  
[ 39]   6.00-7.00   sec  6.77 MBytes  56.8 Mbits/sec  5078  
[ 41]   6.00-7.00   sec  6.77 MBytes  56.8 Mbits/sec  5078  
[ 43]   6.00-7.00   sec  6.77 MBytes  56.8 Mbits/sec  5078  
[SUM]   6.00-7.00   sec   135 MBytes  1136 Mbits/sec  101573  
- - - - - - - - - - - - - - - - - - - - - - - - -
[  5]   7.00-8.00   sec  6.59 MBytes  55.3 Mbits/sec  4943  
[  7]   7.00-8.00   sec  6.59 MBytes  55.3 Mbits/sec  4943  
[  9]   7.00-8.00   sec  6.59 MBytes  55.3 Mbits/sec  4943  
[ 11]   7.00-8.00   sec  6.59 MBytes  55.3 Mbits/sec  4943  
[ 13]   7.00-8.00   sec  6.59 MBytes  55.3 Mbits/sec  4943  
[ 15]   7.00-8.00   sec  6.59 MBytes  55.3 Mbits/sec  4943  
[ 17]   7.00-8.00   sec  6.59 MBytes  55.3 Mbits/sec  4943  
[ 19]   7.00-8.00   sec  6.59 MBytes  55.3 Mbits/sec  4943  
[ 21]   7.00-8.00   sec  6.59 MBytes  55.3 Mbits/sec  4943  
[ 23]   7.00-8.00   sec  6.59 MBytes  55.3 Mbits/sec  4943  
[ 25]   7.00-8.00   sec  6.59 MBytes  55.3 Mbits/sec  4943  
[ 27]   7.00-8.00   sec  6.59 MBytes  55.3 Mbits/sec  4943  
[ 29]   7.00-8.00   sec  6.59 MBytes  55.3 Mbits/sec  4943  
[ 31]   7.00-8.00   sec  6.59 MBytes  55.3 Mbits/sec  4943  
[ 33]   7.00-8.00   sec  6.59 MBytes  55.3 Mbits/sec  4943  
[ 35]   7.00-8.00   sec  6.59 MBytes  55.3 Mbits/sec  4943  
[ 37]   7.00-8.00   sec  6.59 MBytes  55.3 Mbits/sec  4943  
[ 39]   7.00-8.00   sec  6.59 MBytes  55.3 Mbits/sec  4943  
[ 41]   7.00-8.00   sec  6.59 MBytes  55.3 Mbits/sec  4943  
[ 43]   7.00-8.00   sec  6.59 MBytes  55.3 Mbits/sec  4943  
[SUM]   7.00-8.00   sec   132 MBytes  1106 Mbits/sec  98860  
- - - - - - - - - - - - - - - - - - - - - - - - -
[  5]   8.00-9.00   sec  6.77 MBytes  56.8 Mbits/sec  5075  
[  7]   8.00-9.00   sec  6.77 MBytes  56.8 Mbits/sec  5075  
[  9]   8.00-9.00   sec  6.77 MBytes  56.8 Mbits/sec  5075  
[ 11]   8.00-9.00   sec  6.77 MBytes  56.8 Mbits/sec  5075  
[ 13]   8.00-9.00   sec  6.77 MBytes  56.8 Mbits/sec  5075  
[ 15]   8.00-9.00   sec  6.77 MBytes  56.8 Mbits/sec  5075  
[ 17]   8.00-9.00   sec  6.77 MBytes  56.8 Mbits/sec  5075  
[ 19]   8.00-9.00   sec  6.77 MBytes  56.8 Mbits/sec  5075  
[ 21]   8.00-9.00   sec  6.77 MBytes  56.8 Mbits/sec  5075  
[ 23]   8.00-9.00   sec  6.77 MBytes  56.8 Mbits/sec  5075  
[ 25]   8.00-9.00   sec  6.77 MBytes  56.8 Mbits/sec  5075  
[ 27]   8.00-9.00   sec  6.77 MBytes  56.8 Mbits/sec  5075  
[ 29]   8.00-9.00   sec  6.77 MBytes  56.8 Mbits/sec  5075  
[ 31]   8.00-9.00   sec  6.77 MBytes  56.8 Mbits/sec  5075  
[ 33]   8.00-9.00   sec  6.77 MBytes  56.8 Mbits/sec  5075  
[ 35]   8.00-9.00   sec  6.77 MBytes  56.8 Mbits/sec  5075  
[ 37]   8.00-9.00   sec  6.77 MBytes  56.8 Mbits/sec  5075  
[ 39]   8.00-9.00   sec  6.77 MBytes  56.8 Mbits/sec  5075  
[ 41]   8.00-9.00   sec  6.76 MBytes  56.8 Mbits/sec  5074  
[ 43]   8.00-9.00   sec  6.76 MBytes  56.8 Mbits/sec  5074  
[SUM]   8.00-9.00   sec   135 MBytes  1135 Mbits/sec  101498  
- - - - - - - - - - - - - - - - - - - - - - - - -
[  5]   9.00-10.00  sec  6.76 MBytes  56.7 Mbits/sec  5070  
[  7]   9.00-10.00  sec  6.76 MBytes  56.7 Mbits/sec  5070  
[  9]   9.00-10.00  sec  6.76 MBytes  56.7 Mbits/sec  5070  
[ 11]   9.00-10.00  sec  6.76 MBytes  56.7 Mbits/sec  5070  
[ 13]   9.00-10.00  sec  6.76 MBytes  56.7 Mbits/sec  5070  
[ 15]   9.00-10.00  sec  6.76 MBytes  56.7 Mbits/sec  5070  
[ 17]   9.00-10.00  sec  6.76 MBytes  56.7 Mbits/sec  5070  
[ 19]   9.00-10.00  sec  6.76 MBytes  56.7 Mbits/sec  5070  
[ 21]   9.00-10.00  sec  6.76 MBytes  56.7 Mbits/sec  5070  
[ 23]   9.00-10.00  sec  6.76 MBytes  56.7 Mbits/sec  5070  
[ 25]   9.00-10.00  sec  6.76 MBytes  56.7 Mbits/sec  5070  
[ 27]   9.00-10.00  sec  6.76 MBytes  56.7 Mbits/sec  5070  
[ 29]   9.00-10.00  sec  6.76 MBytes  56.7 Mbits/sec  5070  
[ 31]   9.00-10.00  sec  6.76 MBytes  56.7 Mbits/sec  5070  
[ 33]   9.00-10.00  sec  6.76 MBytes  56.7 Mbits/sec  5070  
[ 35]   9.00-10.00  sec  6.76 MBytes  56.7 Mbits/sec  5070  
[ 37]   9.00-10.00  sec  6.76 MBytes  56.7 Mbits/sec  5070  
[ 39]   9.00-10.00  sec  6.76 MBytes  56.7 Mbits/sec  5070  
[ 41]   9.00-10.00  sec  6.76 MBytes  56.7 Mbits/sec  5070  
[ 43]   9.00-10.00  sec  6.76 MBytes  56.7 Mbits/sec  5070  
[SUM]   9.00-10.00  sec   135 MBytes  1134 Mbits/sec  101400  
- - - - - - - - - - - - - - - - - - - - - - - - -
[  5]  10.00-11.00  sec  6.83 MBytes  57.3 Mbits/sec  5123  
[  7]  10.00-11.00  sec  6.83 MBytes  57.3 Mbits/sec  5123  
[  9]  10.00-11.00  sec  6.83 MBytes  57.3 Mbits/sec  5123  
[ 11]  10.00-11.00  sec  6.83 MBytes  57.3 Mbits/sec  5123  
[ 13]  10.00-11.00  sec  6.83 MBytes  57.3 Mbits/sec  5123  
[ 15]  10.00-11.00  sec  6.83 MBytes  57.3 Mbits/sec  5123  
[ 17]  10.00-11.00  sec  6.83 MBytes  57.3 Mbits/sec  5123  
[ 19]  10.00-11.00  sec  6.83 MBytes  57.3 Mbits/sec  5123  
[ 21]  10.00-11.00  sec  6.83 MBytes  57.3 Mbits/sec  5123  
[ 23]  10.00-11.00  sec  6.83 MBytes  57.3 Mbits/sec  5123  
[ 25]  10.00-11.00  sec  6.83 MBytes  57.3 Mbits/sec  5123  
[ 27]  10.00-11.00  sec  6.83 MBytes  57.3 Mbits/sec  5123  
[ 29]  10.00-11.00  sec  6.83 MBytes  57.3 Mbits/sec  5123  
[ 31]  10.00-11.00  sec  6.83 MBytes  57.3 Mbits/sec  5123  
[ 33]  10.00-11.00  sec  6.83 MBytes  57.3 Mbits/sec  5123  
[ 35]  10.00-11.00  sec  6.83 MBytes  57.3 Mbits/sec  5123  
[ 37]  10.00-11.00  sec  6.83 MBytes  57.3 Mbits/sec  5123  
[ 39]  10.00-11.00  sec  6.83 MBytes  57.3 Mbits/sec  5123  
[ 41]  10.00-11.00  sec  6.83 MBytes  57.3 Mbits/sec  5123  
[ 43]  10.00-11.00  sec  6.83 MBytes  57.3 Mbits/sec  5123  
[SUM]  10.00-11.00  sec   137 MBytes  1146 Mbits/sec  102460  
- - - - - - - - - - - - - - - - - - - - - - - - -
[  5]  11.00-12.00  sec  6.82 MBytes  57.2 Mbits/sec  5114  
[  7]  11.00-12.00  sec  6.82 MBytes  57.2 Mbits/sec  5114  
[  9]  11.00-12.00  sec  6.82 MBytes  57.2 Mbits/sec  5114  
[ 11]  11.00-12.00  sec  6.82 MBytes  57.2 Mbits/sec  5114  
[ 13]  11.00-12.00  sec  6.82 MBytes  57.2 Mbits/sec  5114  
[ 15]  11.00-12.00  sec  6.82 MBytes  57.2 Mbits/sec  5114  
[ 17]  11.00-12.00  sec  6.82 MBytes  57.2 Mbits/sec  5114  
[ 19]  11.00-12.00  sec  6.82 MBytes  57.2 Mbits/sec  5114  
[ 21]  11.00-12.00  sec  6.82 MBytes  57.2 Mbits/sec  5114  
[ 23]  11.00-12.00  sec  6.82 MBytes  57.2 Mbits/sec  5114  
[ 25]  11.00-12.00  sec  6.82 MBytes  57.2 Mbits/sec  5114  
[ 27]  11.00-12.00  sec  6.82 MBytes  57.2 Mbits/sec  5114  
[ 29]  11.00-12.00  sec  6.82 MBytes  57.2 Mbits/sec  5114  
[ 31]  11.00-12.00  sec  6.82 MBytes  57.2 Mbits/sec  5114  
[ 33]  11.00-12.00  sec  6.82 MBytes  57.2 Mbits/sec  5114  
[ 35]  11.00-12.00  sec  6.82 MBytes  57.2 Mbits/sec  5114  
[ 37]  11.00-12.00  sec  6.82 MBytes  57.2 Mbits/sec  5114  
[ 39]  11.00-12.00  sec  6.82 MBytes  57.2 Mbits/sec  5114  
[ 41]  11.00-12.00  sec  6.82 MBytes  57.2 Mbits/sec  5114  
[ 43]  11.00-12.00  sec  6.82 MBytes  57.2 Mbits/sec  5114  
[SUM]  11.00-12.00  sec   136 MBytes  1144 Mbits/sec  102280  
- - - - - - - - - - - - - - - - - - - - - - - - -
[  5]  12.00-13.00  sec  6.42 MBytes  53.8 Mbits/sec  4812  
[  7]  12.00-13.00  sec  6.42 MBytes  53.8 Mbits/sec  4812  
[  9]  12.00-13.00  sec  6.42 MBytes  53.8 Mbits/sec  4812  
[ 11]  12.00-13.00  sec  6.42 MBytes  53.8 Mbits/sec  4812  
[ 13]  12.00-13.00  sec  6.42 MBytes  53.8 Mbits/sec  4812  
[ 15]  12.00-13.00  sec  6.42 MBytes  53.8 Mbits/sec  4812  
[ 17]  12.00-13.00  sec  6.42 MBytes  53.8 Mbits/sec  4812  
[ 19]  12.00-13.00  sec  6.42 MBytes  53.8 Mbits/sec  4812  
[ 21]  12.00-13.00  sec  6.42 MBytes  53.8 Mbits/sec  4812  
[ 23]  12.00-13.00  sec  6.42 MBytes  53.8 Mbits/sec  4812  
[ 25]  12.00-13.00  sec  6.42 MBytes  53.8 Mbits/sec  4812  
[ 27]  12.00-13.00  sec  6.42 MBytes  53.8 Mbits/sec  4812  
[ 29]  12.00-13.00  sec  6.42 MBytes  53.8 Mbits/sec  4812  
[ 31]  12.00-13.00  sec  6.42 MBytes  53.8 Mbits/sec  4812  
[ 33]  12.00-13.00  sec  6.42 MBytes  53.8 Mbits/sec  4812  
[ 35]  12.00-13.00  sec  6.42 MBytes  53.8 Mbits/sec  4812  
[ 37]  12.00-13.00  sec  6.42 MBytes  53.8 Mbits/sec  4812  
[ 39]  12.00-13.00  sec  6.42 MBytes  53.8 Mbits/sec  4812  
[ 41]  12.00-13.00  sec  6.42 MBytes  53.8 Mbits/sec  4812  
[ 43]  12.00-13.00  sec  6.42 MBytes  53.8 Mbits/sec  4812  
[SUM]  12.00-13.00  sec   128 MBytes  1076 Mbits/sec  96240  
- - - - - - - - - - - - - - - - - - - - - - - - -
[  5]  13.00-14.00  sec  6.80 MBytes  57.0 Mbits/sec  5098  
[  7]  13.00-14.00  sec  6.80 MBytes  57.0 Mbits/sec  5098  
[  9]  13.00-14.00  sec  6.80 MBytes  57.0 Mbits/sec  5098  
[ 11]  13.00-14.00  sec  6.80 MBytes  57.0 Mbits/sec  5098  
[ 13]  13.00-14.00  sec  6.80 MBytes  57.0 Mbits/sec  5098  
[ 15]  13.00-14.00  sec  6.80 MBytes  57.0 Mbits/sec  5098  
[ 17]  13.00-14.00  sec  6.80 MBytes  57.0 Mbits/sec  5098  
[ 19]  13.00-14.00  sec  6.80 MBytes  57.0 Mbits/sec  5097  
[ 21]  13.00-14.00  sec  6.80 MBytes  57.0 Mbits/sec  5097  
[ 23]  13.00-14.00  sec  6.80 MBytes  57.0 Mbits/sec  5097  
[ 25]  13.00-14.00  sec  6.79 MBytes  57.0 Mbits/sec  5096  
[ 27]  13.00-14.00  sec  6.79 MBytes  57.0 Mbits/sec  5096  
[ 29]  13.00-14.00  sec  6.79 MBytes  57.0 Mbits/sec  5096  
[ 31]  13.00-14.00  sec  6.79 MBytes  57.0 Mbits/sec  5096  
[ 33]  13.00-14.00  sec  6.79 MBytes  57.0 Mbits/sec  5096  
[ 35]  13.00-14.00  sec  6.79 MBytes  57.0 Mbits/sec  5096  
[ 37]  13.00-14.00  sec  6.79 MBytes  57.0 Mbits/sec  5096  
[ 39]  13.00-14.00  sec  6.79 MBytes  57.0 Mbits/sec  5096  
[ 41]  13.00-14.00  sec  6.79 MBytes  57.0 Mbits/sec  5096  
[ 43]  13.00-14.00  sec  6.79 MBytes  57.0 Mbits/sec  5096  
[SUM]  13.00-14.00  sec   136 MBytes  1140 Mbits/sec  101937  
- - - - - - - - - - - - - - - - - - - - - - - - -
[  5]  14.00-15.00  sec  6.83 MBytes  57.3 Mbits/sec  5122  
[  7]  14.00-15.00  sec  6.83 MBytes  57.3 Mbits/sec  5122  
[  9]  14.00-15.00  sec  6.83 MBytes  57.3 Mbits/sec  5122  
[ 11]  14.00-15.00  sec  6.83 MBytes  57.3 Mbits/sec  5122  
[ 13]  14.00-15.00  sec  6.83 MBytes  57.3 Mbits/sec  5122  
[ 15]  14.00-15.00  sec  6.83 MBytes  57.3 Mbits/sec  5122  
[ 17]  14.00-15.00  sec  6.83 MBytes  57.3 Mbits/sec  5122  
[ 19]  14.00-15.00  sec  6.83 MBytes  57.3 Mbits/sec  5122  
[ 21]  14.00-15.00  sec  6.83 MBytes  57.3 Mbits/sec  5122  
[ 23]  14.00-15.00  sec  6.83 MBytes  57.3 Mbits/sec  5122  
[ 25]  14.00-15.00  sec  6.83 MBytes  57.3 Mbits/sec  5122  
[ 27]  14.00-15.00  sec  6.83 MBytes  57.3 Mbits/sec  5122  
[ 29]  14.00-15.00  sec  6.83 MBytes  57.3 Mbits/sec  5122  
[ 31]  14.00-15.00  sec  6.83 MBytes  57.3 Mbits/sec  5122  
[ 33]  14.00-15.00  sec  6.83 MBytes  57.3 Mbits/sec  5122  
[ 35]  14.00-15.00  sec  6.83 MBytes  57.3 Mbits/sec  5122  
[ 37]  14.00-15.00  sec  6.83 MBytes  57.3 Mbits/sec  5122  
[ 39]  14.00-15.00  sec  6.83 MBytes  57.3 Mbits/sec  5122  
[ 41]  14.00-15.00  sec  6.83 MBytes  57.3 Mbits/sec  5122  
[ 43]  14.00-15.00  sec  6.83 MBytes  57.3 Mbits/sec  5122  
[SUM]  14.00-15.00  sec   137 MBytes  1146 Mbits/sec  102440  
- - - - - - - - - - - - - - - - - - - - - - - - -
[  5]  15.00-16.00  sec  6.68 MBytes  56.1 Mbits/sec  5014  
[  7]  15.00-16.00  sec  6.68 MBytes  56.1 Mbits/sec  5014  
[  9]  15.00-16.00  sec  6.68 MBytes  56.1 Mbits/sec  5014  
[ 11]  15.00-16.00  sec  6.68 MBytes  56.1 Mbits/sec  5014  
[ 13]  15.00-16.00  sec  6.68 MBytes  56.1 Mbits/sec  5014  
[ 15]  15.00-16.00  sec  6.68 MBytes  56.1 Mbits/sec  5014  
[ 17]  15.00-16.00  sec  6.68 MBytes  56.1 Mbits/sec  5014  
[ 19]  15.00-16.00  sec  6.68 MBytes  56.1 Mbits/sec  5014  
[ 21]  15.00-16.00  sec  6.68 MBytes  56.1 Mbits/sec  5014  
[ 23]  15.00-16.00  sec  6.68 MBytes  56.1 Mbits/sec  5014  
[ 25]  15.00-16.00  sec  6.68 MBytes  56.1 Mbits/sec  5014  
[ 27]  15.00-16.00  sec  6.68 MBytes  56.1 Mbits/sec  5014  
[ 29]  15.00-16.00  sec  6.68 MBytes  56.1 Mbits/sec  5014  
[ 31]  15.00-16.00  sec  6.68 MBytes  56.1 Mbits/sec  5014  
[ 33]  15.00-16.00  sec  6.68 MBytes  56.1 Mbits/sec  5014  
[ 35]  15.00-16.00  sec  6.68 MBytes  56.1 Mbits/sec  5014  
[ 37]  15.00-16.00  sec  6.68 MBytes  56.1 Mbits/sec  5014  
[ 39]  15.00-16.00  sec  6.68 MBytes  56.1 Mbits/sec  5014  
[ 41]  15.00-16.00  sec  6.68 MBytes  56.1 Mbits/sec  5014  
[ 43]  15.00-16.00  sec  6.68 MBytes  56.1 Mbits/sec  5014  
[SUM]  15.00-16.00  sec   134 MBytes  1121 Mbits/sec  100280  
- - - - - - - - - - - - - - - - - - - - - - - - -
[  5]  16.00-17.00  sec  6.78 MBytes  56.9 Mbits/sec  5089  
[  7]  16.00-17.00  sec  6.78 MBytes  56.9 Mbits/sec  5089  
[  9]  16.00-17.00  sec  6.78 MBytes  56.9 Mbits/sec  5089  
[ 11]  16.00-17.00  sec  6.78 MBytes  56.9 Mbits/sec  5089  
[ 13]  16.00-17.00  sec  6.78 MBytes  56.9 Mbits/sec  5089  
[ 15]  16.00-17.00  sec  6.78 MBytes  56.9 Mbits/sec  5089  
[ 17]  16.00-17.00  sec  6.78 MBytes  56.9 Mbits/sec  5089  
[ 19]  16.00-17.00  sec  6.78 MBytes  56.9 Mbits/sec  5089  
[ 21]  16.00-17.00  sec  6.78 MBytes  56.9 Mbits/sec  5089  
[ 23]  16.00-17.00  sec  6.78 MBytes  56.9 Mbits/sec  5089  
[ 25]  16.00-17.00  sec  6.78 MBytes  56.9 Mbits/sec  5089  
[ 27]  16.00-17.00  sec  6.78 MBytes  56.9 Mbits/sec  5089  
[ 29]  16.00-17.00  sec  6.78 MBytes  56.9 Mbits/sec  5089  
[ 31]  16.00-17.00  sec  6.78 MBytes  56.9 Mbits/sec  5089  
[ 33]  16.00-17.00  sec  6.78 MBytes  56.9 Mbits/sec  5089  
[ 35]  16.00-17.00  sec  6.78 MBytes  56.9 Mbits/sec  5089  
[ 37]  16.00-17.00  sec  6.78 MBytes  56.9 Mbits/sec  5089  
[ 39]  16.00-17.00  sec  6.78 MBytes  56.9 Mbits/sec  5089  
[ 41]  16.00-17.00  sec  6.78 MBytes  56.9 Mbits/sec  5089  
[ 43]  16.00-17.00  sec  6.78 MBytes  56.9 Mbits/sec  5089  
[SUM]  16.00-17.00  sec   136 MBytes  1138 Mbits/sec  101780  
- - - - - - - - - - - - - - - - - - - - - - - - -
[  5]  17.00-18.00  sec  6.55 MBytes  54.9 Mbits/sec  4910  
[  7]  17.00-18.00  sec  6.55 MBytes  54.9 Mbits/sec  4910  
[  9]  17.00-18.00  sec  6.55 MBytes  54.9 Mbits/sec  4910  
[ 11]  17.00-18.00  sec  6.55 MBytes  54.9 Mbits/sec  4910  
[ 13]  17.00-18.00  sec  6.55 MBytes  54.9 Mbits/sec  4910  
[ 15]  17.00-18.00  sec  6.55 MBytes  54.9 Mbits/sec  4910  
[ 17]  17.00-18.00  sec  6.55 MBytes  54.9 Mbits/sec  4910  
[ 19]  17.00-18.00  sec  6.55 MBytes  54.9 Mbits/sec  4910  
[ 21]  17.00-18.00  sec  6.55 MBytes  54.9 Mbits/sec  4910  
[ 23]  17.00-18.00  sec  6.55 MBytes  54.9 Mbits/sec  4910  
[ 25]  17.00-18.00  sec  6.55 MBytes  54.9 Mbits/sec  4910  
[ 27]  17.00-18.00  sec  6.55 MBytes  54.9 Mbits/sec  4910  
[ 29]  17.00-18.00  sec  6.55 MBytes  54.9 Mbits/sec  4910  
[ 31]  17.00-18.00  sec  6.55 MBytes  54.9 Mbits/sec  4910  
[ 33]  17.00-18.00  sec  6.55 MBytes  54.9 Mbits/sec  4910  
[ 35]  17.00-18.00  sec  6.55 MBytes  54.9 Mbits/sec  4910  
[ 37]  17.00-18.00  sec  6.55 MBytes  54.9 Mbits/sec  4910  
[ 39]  17.00-18.00  sec  6.55 MBytes  54.9 Mbits/sec  4910  
[ 41]  17.00-18.00  sec  6.55 MBytes  54.9 Mbits/sec  4910  
[ 43]  17.00-18.00  sec  6.55 MBytes  54.9 Mbits/sec  4910  
[SUM]  17.00-18.00  sec   131 MBytes  1098 Mbits/sec  98200  
- - - - - - - - - - - - - - - - - - - - - - - - -
[  5]  18.00-19.00  sec  6.80 MBytes  57.0 Mbits/sec  5097  
[  7]  18.00-19.00  sec  6.80 MBytes  57.0 Mbits/sec  5097  
[  9]  18.00-19.00  sec  6.80 MBytes  57.0 Mbits/sec  5097  
[ 11]  18.00-19.00  sec  6.80 MBytes  57.0 Mbits/sec  5097  
[ 13]  18.00-19.00  sec  6.80 MBytes  57.0 Mbits/sec  5097  
[ 15]  18.00-19.00  sec  6.80 MBytes  57.0 Mbits/sec  5097  
[ 17]  18.00-19.00  sec  6.80 MBytes  57.0 Mbits/sec  5097  
[ 19]  18.00-19.00  sec  6.80 MBytes  57.0 Mbits/sec  5097  
[ 21]  18.00-19.00  sec  6.80 MBytes  57.0 Mbits/sec  5097  
[ 23]  18.00-19.00  sec  6.80 MBytes  57.0 Mbits/sec  5097  
[ 25]  18.00-19.00  sec  6.80 MBytes  57.0 Mbits/sec  5097  
[ 27]  18.00-19.00  sec  6.80 MBytes  57.0 Mbits/sec  5097  
[ 29]  18.00-19.00  sec  6.80 MBytes  57.0 Mbits/sec  5097  
[ 31]  18.00-19.00  sec  6.80 MBytes  57.0 Mbits/sec  5097  
[ 33]  18.00-19.00  sec  6.80 MBytes  57.0 Mbits/sec  5097  
[ 35]  18.00-19.00  sec  6.80 MBytes  57.0 Mbits/sec  5097  
[ 37]  18.00-19.00  sec  6.80 MBytes  57.0 Mbits/sec  5097  
[ 39]  18.00-19.00  sec  6.80 MBytes  57.0 Mbits/sec  5097  
[ 41]  18.00-19.00  sec  6.80 MBytes  57.0 Mbits/sec  5097  
[ 43]  18.00-19.00  sec  6.80 MBytes  57.0 Mbits/sec  5097  
[SUM]  18.00-19.00  sec   136 MBytes  1140 Mbits/sec  101940  
- - - - - - - - - - - - - - - - - - - - - - - - -
[  5]  19.00-20.00  sec  6.69 MBytes  56.1 Mbits/sec  5015  
[  7]  19.00-20.00  sec  6.69 MBytes  56.1 Mbits/sec  5015  
[  9]  19.00-20.00  sec  6.69 MBytes  56.1 Mbits/sec  5015  
[ 11]  19.00-20.00  sec  6.69 MBytes  56.1 Mbits/sec  5015  
[ 13]  19.00-20.00  sec  6.69 MBytes  56.1 Mbits/sec  5015  
[ 15]  19.00-20.00  sec  6.69 MBytes  56.1 Mbits/sec  5015  
[ 17]  19.00-20.00  sec  6.69 MBytes  56.1 Mbits/sec  5015  
[ 19]  19.00-20.00  sec  6.69 MBytes  56.1 Mbits/sec  5015  
[ 21]  19.00-20.00  sec  6.68 MBytes  56.1 Mbits/sec  5014  
[ 23]  19.00-20.00  sec  6.68 MBytes  56.1 Mbits/sec  5014  
[ 25]  19.00-20.00  sec  6.68 MBytes  56.1 Mbits/sec  5014  
[ 27]  19.00-20.00  sec  6.68 MBytes  56.1 Mbits/sec  5013  
[ 29]  19.00-20.00  sec  6.68 MBytes  56.1 Mbits/sec  5013  
[ 31]  19.00-20.00  sec  6.68 MBytes  56.1 Mbits/sec  5013  
[ 33]  19.00-20.00  sec  6.68 MBytes  56.1 Mbits/sec  5013  
[ 35]  19.00-20.00  sec  6.68 MBytes  56.1 Mbits/sec  5013  
[ 37]  19.00-20.00  sec  6.68 MBytes  56.1 Mbits/sec  5013  
[ 39]  19.00-20.00  sec  6.68 MBytes  56.1 Mbits/sec  5013  
[ 41]  19.00-20.00  sec  6.68 MBytes  56.1 Mbits/sec  5012  
[ 43]  19.00-20.00  sec  6.68 MBytes  56.0 Mbits/sec  5011  
[SUM]  19.00-20.00  sec   134 MBytes  1122 Mbits/sec  100276  
- - - - - - - - - - - - - - - - - - - - - - - - -
[  5]  20.00-21.00  sec  6.73 MBytes  56.5 Mbits/sec  5051  
[  7]  20.00-21.00  sec  6.73 MBytes  56.5 Mbits/sec  5051  
[  9]  20.00-21.00  sec  6.73 MBytes  56.5 Mbits/sec  5051  
[ 11]  20.00-21.00  sec  6.73 MBytes  56.5 Mbits/sec  5051  
[ 13]  20.00-21.00  sec  6.73 MBytes  56.5 Mbits/sec  5051  
[ 15]  20.00-21.00  sec  6.73 MBytes  56.5 Mbits/sec  5051  
[ 17]  20.00-21.00  sec  6.73 MBytes  56.5 Mbits/sec  5051  
[ 19]  20.00-21.00  sec  6.73 MBytes  56.5 Mbits/sec  5051  
[ 21]  20.00-21.00  sec  6.73 MBytes  56.5 Mbits/sec  5051  
[ 23]  20.00-21.00  sec  6.73 MBytes  56.5 Mbits/sec  5051  
[ 25]  20.00-21.00  sec  6.73 MBytes  56.5 Mbits/sec  5051  
[ 27]  20.00-21.00  sec  6.73 MBytes  56.5 Mbits/sec  5051  
[ 29]  20.00-21.00  sec  6.73 MBytes  56.5 Mbits/sec  5051  
[ 31]  20.00-21.00  sec  6.73 MBytes  56.5 Mbits/sec  5051  
[ 33]  20.00-21.00  sec  6.73 MBytes  56.5 Mbits/sec  5051  
[ 35]  20.00-21.00  sec  6.73 MBytes  56.5 Mbits/sec  5051  
[ 37]  20.00-21.00  sec  6.73 MBytes  56.5 Mbits/sec  5051  
[ 39]  20.00-21.00  sec  6.73 MBytes  56.5 Mbits/sec  5051  
[ 41]  20.00-21.00  sec  6.73 MBytes  56.5 Mbits/sec  5051  
[ 43]  20.00-21.00  sec  6.73 MBytes  56.5 Mbits/sec  5051  
[SUM]  20.00-21.00  sec   135 MBytes  1130 Mbits/sec  101020  
- - - - - - - - - - - - - - - - - - - - - - - - -
[  5]  21.00-22.00  sec  6.72 MBytes  56.4 Mbits/sec  5041  
[  7]  21.00-22.00  sec  6.72 MBytes  56.4 Mbits/sec  5041  
[  9]  21.00-22.00  sec  6.72 MBytes  56.4 Mbits/sec  5041  
[ 11]  21.00-22.00  sec  6.72 MBytes  56.4 Mbits/sec  5041  
[ 13]  21.00-22.00  sec  6.72 MBytes  56.4 Mbits/sec  5041  
[ 15]  21.00-22.00  sec  6.72 MBytes  56.4 Mbits/sec  5041  
[ 17]  21.00-22.00  sec  6.72 MBytes  56.4 Mbits/sec  5041  
[ 19]  21.00-22.00  sec  6.72 MBytes  56.4 Mbits/sec  5041  
[ 21]  21.00-22.00  sec  6.72 MBytes  56.4 Mbits/sec  5041  
[ 23]  21.00-22.00  sec  6.72 MBytes  56.4 Mbits/sec  5041  
[ 25]  21.00-22.00  sec  6.72 MBytes  56.4 Mbits/sec  5041  
[ 27]  21.00-22.00  sec  6.72 MBytes  56.4 Mbits/sec  5041  
[ 29]  21.00-22.00  sec  6.72 MBytes  56.4 Mbits/sec  5041  
[ 31]  21.00-22.00  sec  6.72 MBytes  56.4 Mbits/sec  5041  
[ 33]  21.00-22.00  sec  6.72 MBytes  56.4 Mbits/sec  5041  
[ 35]  21.00-22.00  sec  6.72 MBytes  56.4 Mbits/sec  5041  
[ 37]  21.00-22.00  sec  6.72 MBytes  56.4 Mbits/sec  5041  
[ 39]  21.00-22.00  sec  6.72 MBytes  56.4 Mbits/sec  5041  
[ 41]  21.00-22.00  sec  6.72 MBytes  56.4 Mbits/sec  5041  
[ 43]  21.00-22.00  sec  6.72 MBytes  56.4 Mbits/sec  5041  
[SUM]  21.00-22.00  sec   134 MBytes  1128 Mbits/sec  100820  
- - - - - - - - - - - - - - - - - - - - - - - - -
[  5]  22.00-23.00  sec  6.48 MBytes  54.4 Mbits/sec  4862  
[  7]  22.00-23.00  sec  6.48 MBytes  54.4 Mbits/sec  4862  
[  9]  22.00-23.00  sec  6.48 MBytes  54.4 Mbits/sec  4862  
[ 11]  22.00-23.00  sec  6.48 MBytes  54.4 Mbits/sec  4862  
[ 13]  22.00-23.00  sec  6.48 MBytes  54.4 Mbits/sec  4862  
[ 15]  22.00-23.00  sec  6.48 MBytes  54.4 Mbits/sec  4862  
[ 17]  22.00-23.00  sec  6.48 MBytes  54.4 Mbits/sec  4862  
[ 19]  22.00-23.00  sec  6.48 MBytes  54.4 Mbits/sec  4862  
[ 21]  22.00-23.00  sec  6.48 MBytes  54.4 Mbits/sec  4862  
[ 23]  22.00-23.00  sec  6.48 MBytes  54.4 Mbits/sec  4862  
[ 25]  22.00-23.00  sec  6.48 MBytes  54.4 Mbits/sec  4862  
[ 27]  22.00-23.00  sec  6.48 MBytes  54.4 Mbits/sec  4862  
[ 29]  22.00-23.00  sec  6.48 MBytes  54.4 Mbits/sec  4862  
[ 31]  22.00-23.00  sec  6.48 MBytes  54.4 Mbits/sec  4862  
[ 33]  22.00-23.00  sec  6.48 MBytes  54.4 Mbits/sec  4862  
[ 35]  22.00-23.00  sec  6.48 MBytes  54.4 Mbits/sec  4862  
[ 37]  22.00-23.00  sec  6.48 MBytes  54.4 Mbits/sec  4862  
[ 39]  22.00-23.00  sec  6.48 MBytes  54.4 Mbits/sec  4862  
[ 41]  22.00-23.00  sec  6.48 MBytes  54.4 Mbits/sec  4862  
[ 43]  22.00-23.00  sec  6.48 MBytes  54.4 Mbits/sec  4862  
[SUM]  22.00-23.00  sec   130 MBytes  1087 Mbits/sec  97240  
- - - - - - - - - - - - - - - - - - - - - - - - -
[  5]  23.00-24.00  sec  6.75 MBytes  56.6 Mbits/sec  5063  
[  7]  23.00-24.00  sec  6.75 MBytes  56.6 Mbits/sec  5063  
[  9]  23.00-24.00  sec  6.75 MBytes  56.6 Mbits/sec  5063  
[ 11]  23.00-24.00  sec  6.75 MBytes  56.6 Mbits/sec  5063  
[ 13]  23.00-24.00  sec  6.75 MBytes  56.6 Mbits/sec  5063  
[ 15]  23.00-24.00  sec  6.75 MBytes  56.6 Mbits/sec  5063  
[ 17]  23.00-24.00  sec  6.75 MBytes  56.6 Mbits/sec  5063  
[ 19]  23.00-24.00  sec  6.75 MBytes  56.6 Mbits/sec  5063  
[ 21]  23.00-24.00  sec  6.75 MBytes  56.6 Mbits/sec  5063  
[ 23]  23.00-24.00  sec  6.75 MBytes  56.6 Mbits/sec  5063  
[ 25]  23.00-24.00  sec  6.75 MBytes  56.6 Mbits/sec  5063  
[ 27]  23.00-24.00  sec  6.75 MBytes  56.6 Mbits/sec  5063  
[ 29]  23.00-24.00  sec  6.75 MBytes  56.6 Mbits/sec  5063  
[ 31]  23.00-24.00  sec  6.75 MBytes  56.6 Mbits/sec  5063  
[ 33]  23.00-24.00  sec  6.75 MBytes  56.6 Mbits/sec  5063  
[ 35]  23.00-24.00  sec  6.75 MBytes  56.6 Mbits/sec  5063  
[ 37]  23.00-24.00  sec  6.75 MBytes  56.6 Mbits/sec  5063  
[ 39]  23.00-24.00  sec  6.75 MBytes  56.6 Mbits/sec  5063  
[ 41]  23.00-24.00  sec  6.75 MBytes  56.6 Mbits/sec  5063  
[ 43]  23.00-24.00  sec  6.75 MBytes  56.6 Mbits/sec  5063  
[SUM]  23.00-24.00  sec   135 MBytes  1133 Mbits/sec  101260  
- - - - - - - - - - - - - - - - - - - - - - - - -
[  5]  24.00-25.00  sec  6.74 MBytes  56.5 Mbits/sec  5053  
[  7]  24.00-25.00  sec  6.74 MBytes  56.5 Mbits/sec  5053  
[  9]  24.00-25.00  sec  6.74 MBytes  56.5 Mbits/sec  5053  
[ 11]  24.00-25.00  sec  6.74 MBytes  56.5 Mbits/sec  5053  
[ 13]  24.00-25.00  sec  6.74 MBytes  56.5 Mbits/sec  5053  
[ 15]  24.00-25.00  sec  6.74 MBytes  56.5 Mbits/sec  5053  
[ 17]  24.00-25.00  sec  6.74 MBytes  56.5 Mbits/sec  5053  
[ 19]  24.00-25.00  sec  6.74 MBytes  56.5 Mbits/sec  5053  
[ 21]  24.00-25.00  sec  6.74 MBytes  56.5 Mbits/sec  5053  
[ 23]  24.00-25.00  sec  6.74 MBytes  56.5 Mbits/sec  5053  
[ 25]  24.00-25.00  sec  6.74 MBytes  56.5 Mbits/sec  5053  
[ 27]  24.00-25.00  sec  6.74 MBytes  56.5 Mbits/sec  5053  
[ 29]  24.00-25.00  sec  6.74 MBytes  56.5 Mbits/sec  5053  
[ 31]  24.00-25.00  sec  6.74 MBytes  56.5 Mbits/sec  5053  
[ 33]  24.00-25.00  sec  6.74 MBytes  56.5 Mbits/sec  5053  
[ 35]  24.00-25.00  sec  6.74 MBytes  56.5 Mbits/sec  5053  
[ 37]  24.00-25.00  sec  6.74 MBytes  56.5 Mbits/sec  5053  
[ 39]  24.00-25.00  sec  6.74 MBytes  56.5 Mbits/sec  5053  
[ 41]  24.00-25.00  sec  6.74 MBytes  56.5 Mbits/sec  5053  
[ 43]  24.00-25.00  sec  6.74 MBytes  56.5 Mbits/sec  5053  
[SUM]  24.00-25.00  sec   135 MBytes  1130 Mbits/sec  101060  
- - - - - - - - - - - - - - - - - - - - - - - - -
[  5]  25.00-26.00  sec  6.59 MBytes  55.3 Mbits/sec  4945  
[  7]  25.00-26.00  sec  6.59 MBytes  55.3 Mbits/sec  4945  
[  9]  25.00-26.00  sec  6.59 MBytes  55.3 Mbits/sec  4945  
[ 11]  25.00-26.00  sec  6.59 MBytes  55.3 Mbits/sec  4945  
[ 13]  25.00-26.00  sec  6.59 MBytes  55.3 Mbits/sec  4945  
[ 15]  25.00-26.00  sec  6.59 MBytes  55.3 Mbits/sec  4945  
[ 17]  25.00-26.00  sec  6.59 MBytes  55.3 Mbits/sec  4945  
[ 19]  25.00-26.00  sec  6.59 MBytes  55.3 Mbits/sec  4945  
[ 21]  25.00-26.00  sec  6.59 MBytes  55.3 Mbits/sec  4945  
[ 23]  25.00-26.00  sec  6.59 MBytes  55.3 Mbits/sec  4945  
[ 25]  25.00-26.00  sec  6.59 MBytes  55.3 Mbits/sec  4945  
[ 27]  25.00-26.00  sec  6.59 MBytes  55.3 Mbits/sec  4945  
[ 29]  25.00-26.00  sec  6.59 MBytes  55.3 Mbits/sec  4945  
[ 31]  25.00-26.00  sec  6.59 MBytes  55.3 Mbits/sec  4945  
[ 33]  25.00-26.00  sec  6.59 MBytes  55.3 Mbits/sec  4945  
[ 35]  25.00-26.00  sec  6.59 MBytes  55.3 Mbits/sec  4945  
[ 37]  25.00-26.00  sec  6.59 MBytes  55.3 Mbits/sec  4945  
[ 39]  25.00-26.00  sec  6.59 MBytes  55.3 Mbits/sec  4945  
[ 41]  25.00-26.00  sec  6.59 MBytes  55.3 Mbits/sec  4945  
[ 43]  25.00-26.00  sec  6.59 MBytes  55.3 Mbits/sec  4945  
[SUM]  25.00-26.00  sec   132 MBytes  1106 Mbits/sec  98900  
- - - - - - - - - - - - - - - - - - - - - - - - -
[  5]  26.00-27.00  sec  6.16 MBytes  51.6 Mbits/sec  4617  
[  7]  26.00-27.00  sec  6.16 MBytes  51.6 Mbits/sec  4617  
[  9]  26.00-27.00  sec  6.16 MBytes  51.6 Mbits/sec  4617  
[ 11]  26.00-27.00  sec  6.16 MBytes  51.6 Mbits/sec  4617  
[ 13]  26.00-27.00  sec  6.16 MBytes  51.6 Mbits/sec  4617  
[ 15]  26.00-27.00  sec  6.16 MBytes  51.6 Mbits/sec  4617  
[ 17]  26.00-27.00  sec  6.15 MBytes  51.6 Mbits/sec  4616  
[ 19]  26.00-27.00  sec  6.15 MBytes  51.6 Mbits/sec  4616  
[ 21]  26.00-27.00  sec  6.15 MBytes  51.6 Mbits/sec  4616  
[ 23]  26.00-27.00  sec  6.15 MBytes  51.6 Mbits/sec  4616  
[ 25]  26.00-27.00  sec  6.15 MBytes  51.6 Mbits/sec  4616  
[ 27]  26.00-27.00  sec  6.15 MBytes  51.6 Mbits/sec  4616  
[ 29]  26.00-27.00  sec  6.15 MBytes  51.6 Mbits/sec  4616  
[ 31]  26.00-27.00  sec  6.15 MBytes  51.6 Mbits/sec  4616  
[ 33]  26.00-27.00  sec  6.15 MBytes  51.6 Mbits/sec  4616  
[ 35]  26.00-27.00  sec  6.15 MBytes  51.6 Mbits/sec  4616  
[ 37]  26.00-27.00  sec  6.15 MBytes  51.6 Mbits/sec  4616  
[ 39]  26.00-27.00  sec  6.15 MBytes  51.6 Mbits/sec  4616  
[ 41]  26.00-27.00  sec  6.15 MBytes  51.6 Mbits/sec  4616  
[ 43]  26.00-27.00  sec  6.15 MBytes  51.6 Mbits/sec  4616  
[SUM]  26.00-27.00  sec   123 MBytes  1033 Mbits/sec  92326  
- - - - - - - - - - - - - - - - - - - - - - - - -
[  5]  27.00-28.00  sec  6.08 MBytes  51.0 Mbits/sec  4560  
[  7]  27.00-28.00  sec  6.08 MBytes  51.0 Mbits/sec  4560  
[  9]  27.00-28.00  sec  6.08 MBytes  51.0 Mbits/sec  4560  
[ 11]  27.00-28.00  sec  6.08 MBytes  51.0 Mbits/sec  4560  
[ 13]  27.00-28.00  sec  6.08 MBytes  51.0 Mbits/sec  4560  
[ 15]  27.00-28.00  sec  6.08 MBytes  51.0 Mbits/sec  4560  
[ 17]  27.00-28.00  sec  6.08 MBytes  51.0 Mbits/sec  4560  
[ 19]  27.00-28.00  sec  6.08 MBytes  51.0 Mbits/sec  4560  
[ 21]  27.00-28.00  sec  6.08 MBytes  51.0 Mbits/sec  4560  
[ 23]  27.00-28.00  sec  6.08 MBytes  51.0 Mbits/sec  4560  
[ 25]  27.00-28.00  sec  6.08 MBytes  51.0 Mbits/sec  4560  
[ 27]  27.00-28.00  sec  6.08 MBytes  51.0 Mbits/sec  4560  
[ 29]  27.00-28.00  sec  6.08 MBytes  51.0 Mbits/sec  4560  
[ 31]  27.00-28.00  sec  6.08 MBytes  51.0 Mbits/sec  4560  
[ 33]  27.00-28.00  sec  6.08 MBytes  51.0 Mbits/sec  4560  
[ 35]  27.00-28.00  sec  6.08 MBytes  51.0 Mbits/sec  4560  
[ 37]  27.00-28.00  sec  6.08 MBytes  51.0 Mbits/sec  4560  
[ 39]  27.00-28.00  sec  6.08 MBytes  51.0 Mbits/sec  4560  
[ 41]  27.00-28.00  sec  6.08 MBytes  51.0 Mbits/sec  4560  
[ 43]  27.00-28.00  sec  6.08 MBytes  51.0 Mbits/sec  4560  
[SUM]  27.00-28.00  sec   122 MBytes  1019 Mbits/sec  91200  
- - - - - - - - - - - - - - - - - - - - - - - - -
[  5]  28.00-29.00  sec  6.17 MBytes  51.8 Mbits/sec  4630  
[  7]  28.00-29.00  sec  6.17 MBytes  51.8 Mbits/sec  4630  
[  9]  28.00-29.00  sec  6.17 MBytes  51.8 Mbits/sec  4630  
[ 11]  28.00-29.00  sec  6.17 MBytes  51.8 Mbits/sec  4630  
[ 13]  28.00-29.00  sec  6.17 MBytes  51.8 Mbits/sec  4630  
[ 15]  28.00-29.00  sec  6.17 MBytes  51.8 Mbits/sec  4630  
[ 17]  28.00-29.00  sec  6.17 MBytes  51.8 Mbits/sec  4630  
[ 19]  28.00-29.00  sec  6.17 MBytes  51.8 Mbits/sec  4630  
[ 21]  28.00-29.00  sec  6.17 MBytes  51.8 Mbits/sec  4630  
[ 23]  28.00-29.00  sec  6.17 MBytes  51.8 Mbits/sec  4630  
[ 25]  28.00-29.00  sec  6.17 MBytes  51.8 Mbits/sec  4630  
[ 27]  28.00-29.00  sec  6.17 MBytes  51.8 Mbits/sec  4630  
[ 29]  28.00-29.00  sec  6.17 MBytes  51.8 Mbits/sec  4630  
[ 31]  28.00-29.00  sec  6.17 MBytes  51.8 Mbits/sec  4630  
[ 33]  28.00-29.00  sec  6.17 MBytes  51.8 Mbits/sec  4630  
[ 35]  28.00-29.00  sec  6.17 MBytes  51.8 Mbits/sec  4630  
[ 37]  28.00-29.00  sec  6.17 MBytes  51.8 Mbits/sec  4630  
[ 39]  28.00-29.00  sec  6.17 MBytes  51.8 Mbits/sec  4630  
[ 41]  28.00-29.00  sec  6.17 MBytes  51.8 Mbits/sec  4630  
[ 43]  28.00-29.00  sec  6.17 MBytes  51.8 Mbits/sec  4630  
[SUM]  28.00-29.00  sec   123 MBytes  1036 Mbits/sec  92600  
- - - - - - - - - - - - - - - - - - - - - - - - -
[  5]  29.00-30.00  sec  5.84 MBytes  49.0 Mbits/sec  4384  
[  7]  29.00-30.00  sec  5.84 MBytes  49.0 Mbits/sec  4384  
[  9]  29.00-30.00  sec  5.84 MBytes  49.0 Mbits/sec  4384  
[ 11]  29.00-30.00  sec  5.84 MBytes  49.0 Mbits/sec  4384  
[ 13]  29.00-30.00  sec  5.84 MBytes  49.0 Mbits/sec  4384  
[ 15]  29.00-30.00  sec  5.84 MBytes  49.0 Mbits/sec  4384  
[ 17]  29.00-30.00  sec  5.84 MBytes  49.0 Mbits/sec  4384  
[ 19]  29.00-30.00  sec  5.84 MBytes  49.0 Mbits/sec  4383  
[ 21]  29.00-30.00  sec  5.84 MBytes  49.0 Mbits/sec  4383  
[ 23]  29.00-30.00  sec  5.84 MBytes  49.0 Mbits/sec  4383  
[ 25]  29.00-30.00  sec  5.84 MBytes  49.0 Mbits/sec  4383  
[ 27]  29.00-30.00  sec  5.84 MBytes  49.0 Mbits/sec  4383  
[ 29]  29.00-30.00  sec  5.84 MBytes  49.0 Mbits/sec  4383  
[ 31]  29.00-30.00  sec  5.84 MBytes  49.0 Mbits/sec  4383  
[ 33]  29.00-30.00  sec  5.84 MBytes  49.0 Mbits/sec  4383  
[ 35]  29.00-30.00  sec  5.84 MBytes  49.0 Mbits/sec  4383  
[ 37]  29.00-30.00  sec  5.84 MBytes  49.0 Mbits/sec  4383  
[ 39]  29.00-30.00  sec  5.84 MBytes  49.0 Mbits/sec  4383  
[ 41]  29.00-30.00  sec  5.84 MBytes  49.0 Mbits/sec  4383  
[ 43]  29.00-30.00  sec  5.84 MBytes  49.0 Mbits/sec  4383  
[SUM]  29.00-30.00  sec   117 MBytes   980 Mbits/sec  87667  
- - - - - - - - - - - - - - - - - - - - - - - - -
[  5]  30.00-31.00  sec  6.08 MBytes  51.0 Mbits/sec  4558  
[  7]  30.00-31.00  sec  6.08 MBytes  51.0 Mbits/sec  4558  
[  9]  30.00-31.00  sec  6.08 MBytes  51.0 Mbits/sec  4558  
[ 11]  30.00-31.00  sec  6.08 MBytes  51.0 Mbits/sec  4558  
[ 13]  30.00-31.00  sec  6.08 MBytes  51.0 Mbits/sec  4558  
[ 15]  30.00-31.00  sec  6.08 MBytes  51.0 Mbits/sec  4558  
[ 17]  30.00-31.00  sec  6.08 MBytes  51.0 Mbits/sec  4558  
[ 19]  30.00-31.00  sec  6.08 MBytes  51.0 Mbits/sec  4558  
[ 21]  30.00-31.00  sec  6.08 MBytes  51.0 Mbits/sec  4558  
[ 23]  30.00-31.00  sec  6.08 MBytes  51.0 Mbits/sec  4558  
[ 25]  30.00-31.00  sec  6.08 MBytes  51.0 Mbits/sec  4558  
[ 27]  30.00-31.00  sec  6.08 MBytes  51.0 Mbits/sec  4558  
[ 29]  30.00-31.00  sec  6.08 MBytes  51.0 Mbits/sec  4558  
[ 31]  30.00-31.00  sec  6.08 MBytes  51.0 Mbits/sec  4558  
[ 33]  30.00-31.00  sec  6.08 MBytes  51.0 Mbits/sec  4558  
[ 35]  30.00-31.00  sec  6.08 MBytes  51.0 Mbits/sec  4558  
[ 37]  30.00-31.00  sec  6.08 MBytes  51.0 Mbits/sec  4558  
[ 39]  30.00-31.00  sec  6.08 MBytes  51.0 Mbits/sec  4558  
[ 41]  30.00-31.00  sec  6.08 MBytes  51.0 Mbits/sec  4558  
[ 43]  30.00-31.00  sec  6.08 MBytes  51.0 Mbits/sec  4558  
[SUM]  30.00-31.00  sec   122 MBytes  1020 Mbits/sec  91160  
- - - - - - - - - - - - - - - - - - - - - - - - -
[  5]  31.00-32.00  sec  6.16 MBytes  51.6 Mbits/sec  4617  
[  7]  31.00-32.00  sec  6.16 MBytes  51.6 Mbits/sec  4617  
[  9]  31.00-32.00  sec  6.16 MBytes  51.6 Mbits/sec  4617  
[ 11]  31.00-32.00  sec  6.16 MBytes  51.6 Mbits/sec  4617  
[ 13]  31.00-32.00  sec  6.16 MBytes  51.6 Mbits/sec  4617  
[ 15]  31.00-32.00  sec  6.16 MBytes  51.6 Mbits/sec  4617  
[ 17]  31.00-32.00  sec  6.16 MBytes  51.6 Mbits/sec  4617  
[ 19]  31.00-32.00  sec  6.16 MBytes  51.6 Mbits/sec  4617  
[ 21]  31.00-32.00  sec  6.16 MBytes  51.6 Mbits/sec  4617  
[ 23]  31.00-32.00  sec  6.16 MBytes  51.6 Mbits/sec  4617  
[ 25]  31.00-32.00  sec  6.16 MBytes  51.6 Mbits/sec  4617  
[ 27]  31.00-32.00  sec  6.15 MBytes  51.6 Mbits/sec  4616  
[ 29]  31.00-32.00  sec  6.15 MBytes  51.6 Mbits/sec  4615  
[ 31]  31.00-32.00  sec  6.15 MBytes  51.6 Mbits/sec  4615  
[ 33]  31.00-32.00  sec  6.15 MBytes  51.6 Mbits/sec  4614  
[ 35]  31.00-32.00  sec  6.15 MBytes  51.6 Mbits/sec  4614  
[ 37]  31.00-32.00  sec  6.15 MBytes  51.6 Mbits/sec  4614  
[ 39]  31.00-32.00  sec  6.15 MBytes  51.6 Mbits/sec  4614  
[ 41]  31.00-32.00  sec  6.15 MBytes  51.6 Mbits/sec  4614  
[ 43]  31.00-32.00  sec  6.15 MBytes  51.6 Mbits/sec  4614  
[SUM]  31.00-32.00  sec   123 MBytes  1032 Mbits/sec  92317  
- - - - - - - - - - - - - - - - - - - - - - - - -
[  5]  32.00-33.00  sec  6.06 MBytes  50.8 Mbits/sec  4544  
[  7]  32.00-33.00  sec  6.06 MBytes  50.8 Mbits/sec  4544  
[  9]  32.00-33.00  sec  6.06 MBytes  50.8 Mbits/sec  4544  
[ 11]  32.00-33.00  sec  6.06 MBytes  50.8 Mbits/sec  4544  
[ 13]  32.00-33.00  sec  6.06 MBytes  50.8 Mbits/sec  4544  
[ 15]  32.00-33.00  sec  6.06 MBytes  50.8 Mbits/sec  4544  
[ 17]  32.00-33.00  sec  6.06 MBytes  50.8 Mbits/sec  4544  
[ 19]  32.00-33.00  sec  6.06 MBytes  50.8 Mbits/sec  4544  
[ 21]  32.00-33.00  sec  6.06 MBytes  50.8 Mbits/sec  4544  
[ 23]  32.00-33.00  sec  6.06 MBytes  50.8 Mbits/sec  4544  
[ 25]  32.00-33.00  sec  6.06 MBytes  50.8 Mbits/sec  4544  
[ 27]  32.00-33.00  sec  6.06 MBytes  50.8 Mbits/sec  4544  
[ 29]  32.00-33.00  sec  6.06 MBytes  50.8 Mbits/sec  4544  
[ 31]  32.00-33.00  sec  6.06 MBytes  50.8 Mbits/sec  4544  
[ 33]  32.00-33.00  sec  6.06 MBytes  50.8 Mbits/sec  4544  
[ 35]  32.00-33.00  sec  6.06 MBytes  50.8 Mbits/sec  4544  
[ 37]  32.00-33.00  sec  6.06 MBytes  50.8 Mbits/sec  4544  
[ 39]  32.00-33.00  sec  6.06 MBytes  50.8 Mbits/sec  4544  
[ 41]  32.00-33.00  sec  6.06 MBytes  50.8 Mbits/sec  4544  
[ 43]  32.00-33.00  sec  6.06 MBytes  50.8 Mbits/sec  4544  
[SUM]  32.00-33.00  sec   121 MBytes  1017 Mbits/sec  90880  
- - - - - - - - - - - - - - - - - - - - - - - - -
[  5]  33.00-34.00  sec  6.39 MBytes  53.6 Mbits/sec  4796  
[  7]  33.00-34.00  sec  6.39 MBytes  53.6 Mbits/sec  4796  
[  9]  33.00-34.00  sec  6.39 MBytes  53.6 Mbits/sec  4796  
[ 11]  33.00-34.00  sec  6.39 MBytes  53.6 Mbits/sec  4796  
[ 13]  33.00-34.00  sec  6.39 MBytes  53.6 Mbits/sec  4796  
[ 15]  33.00-34.00  sec  6.39 MBytes  53.6 Mbits/sec  4796  
[ 17]  33.00-34.00  sec  6.39 MBytes  53.6 Mbits/sec  4796  
[ 19]  33.00-34.00  sec  6.39 MBytes  53.6 Mbits/sec  4796  
[ 21]  33.00-34.00  sec  6.39 MBytes  53.6 Mbits/sec  4796  
[ 23]  33.00-34.00  sec  6.39 MBytes  53.6 Mbits/sec  4796  
[ 25]  33.00-34.00  sec  6.39 MBytes  53.6 Mbits/sec  4795  
[ 27]  33.00-34.00  sec  6.39 MBytes  53.6 Mbits/sec  4795  
[ 29]  33.00-34.00  sec  6.39 MBytes  53.6 Mbits/sec  4795  
[ 31]  33.00-34.00  sec  6.39 MBytes  53.6 Mbits/sec  4795  
[ 33]  33.00-34.00  sec  6.39 MBytes  53.6 Mbits/sec  4795  
[ 35]  33.00-34.00  sec  6.39 MBytes  53.6 Mbits/sec  4795  
[ 37]  33.00-34.00  sec  6.39 MBytes  53.6 Mbits/sec  4795  
[ 39]  33.00-34.00  sec  6.39 MBytes  53.6 Mbits/sec  4795  
[ 41]  33.00-34.00  sec  6.39 MBytes  53.6 Mbits/sec  4795  
[ 43]  33.00-34.00  sec  6.39 MBytes  53.6 Mbits/sec  4795  
[SUM]  33.00-34.00  sec   128 MBytes  1073 Mbits/sec  95910  
- - - - - - - - - - - - - - - - - - - - - - - - -
[  5]  34.00-35.00  sec  6.45 MBytes  54.1 Mbits/sec  4840  
[  7]  34.00-35.00  sec  6.45 MBytes  54.1 Mbits/sec  4840  
[  9]  34.00-35.00  sec  6.45 MBytes  54.1 Mbits/sec  4840  
[ 11]  34.00-35.00  sec  6.45 MBytes  54.1 Mbits/sec  4840  
[ 13]  34.00-35.00  sec  6.45 MBytes  54.1 Mbits/sec  4840  
[ 15]  34.00-35.00  sec  6.45 MBytes  54.1 Mbits/sec  4840  
[ 17]  34.00-35.00  sec  6.45 MBytes  54.1 Mbits/sec  4840  
[ 19]  34.00-35.00  sec  6.45 MBytes  54.1 Mbits/sec  4840  
[ 21]  34.00-35.00  sec  6.45 MBytes  54.1 Mbits/sec  4840  
[ 23]  34.00-35.00  sec  6.45 MBytes  54.1 Mbits/sec  4840  
[ 25]  34.00-35.00  sec  6.45 MBytes  54.1 Mbits/sec  4840  
[ 27]  34.00-35.00  sec  6.45 MBytes  54.1 Mbits/sec  4840  
[ 29]  34.00-35.00  sec  6.45 MBytes  54.1 Mbits/sec  4840  
[ 31]  34.00-35.00  sec  6.45 MBytes  54.1 Mbits/sec  4840  
[ 33]  34.00-35.00  sec  6.45 MBytes  54.1 Mbits/sec  4840  
[ 35]  34.00-35.00  sec  6.45 MBytes  54.1 Mbits/sec  4840  
[ 37]  34.00-35.00  sec  6.45 MBytes  54.1 Mbits/sec  4840  
[ 39]  34.00-35.00  sec  6.45 MBytes  54.1 Mbits/sec  4840  
[ 41]  34.00-35.00  sec  6.45 MBytes  54.1 Mbits/sec  4840  
[ 43]  34.00-35.00  sec  6.45 MBytes  54.1 Mbits/sec  4840  
[SUM]  34.00-35.00  sec   129 MBytes  1083 Mbits/sec  96800  
- - - - - - - - - - - - - - - - - - - - - - - - -
[  5]  35.00-36.00  sec  6.09 MBytes  51.1 Mbits/sec  4568  
[  7]  35.00-36.00  sec  6.09 MBytes  51.1 Mbits/sec  4567  
[  9]  35.00-36.00  sec  6.09 MBytes  51.1 Mbits/sec  4567  
[ 11]  35.00-36.00  sec  6.09 MBytes  51.1 Mbits/sec  4567  
[ 13]  35.00-36.00  sec  6.09 MBytes  51.1 Mbits/sec  4567  
[ 15]  35.00-36.00  sec  6.09 MBytes  51.1 Mbits/sec  4567  
[ 17]  35.00-36.00  sec  6.09 MBytes  51.1 Mbits/sec  4567  
[ 19]  35.00-36.00  sec  6.09 MBytes  51.1 Mbits/sec  4567  
[ 21]  35.00-36.00  sec  6.09 MBytes  51.1 Mbits/sec  4567  
[ 23]  35.00-36.00  sec  6.09 MBytes  51.1 Mbits/sec  4567  
[ 25]  35.00-36.00  sec  6.09 MBytes  51.1 Mbits/sec  4567  
[ 27]  35.00-36.00  sec  6.09 MBytes  51.1 Mbits/sec  4567  
[ 29]  35.00-36.00  sec  6.09 MBytes  51.1 Mbits/sec  4567  
[ 31]  35.00-36.00  sec  6.09 MBytes  51.1 Mbits/sec  4566  
[ 33]  35.00-36.00  sec  6.09 MBytes  51.1 Mbits/sec  4566  
[ 35]  35.00-36.00  sec  6.09 MBytes  51.1 Mbits/sec  4566  
[ 37]  35.00-36.00  sec  6.09 MBytes  51.1 Mbits/sec  4566  
[ 39]  35.00-36.00  sec  6.09 MBytes  51.1 Mbits/sec  4566  
[ 41]  35.00-36.00  sec  6.09 MBytes  51.1 Mbits/sec  4566  
[ 43]  35.00-36.00  sec  6.09 MBytes  51.1 Mbits/sec  4566  
[SUM]  35.00-36.00  sec   122 MBytes  1022 Mbits/sec  91334  
- - - - - - - - - - - - - - - - - - - - - - - - -
[  5]  36.00-37.00  sec  6.61 MBytes  55.4 Mbits/sec  4955  
[  7]  36.00-37.00  sec  6.61 MBytes  55.4 Mbits/sec  4955  
[  9]  36.00-37.00  sec  6.61 MBytes  55.4 Mbits/sec  4955  
[ 11]  36.00-37.00  sec  6.61 MBytes  55.4 Mbits/sec  4955  
[ 13]  36.00-37.00  sec  6.61 MBytes  55.4 Mbits/sec  4955  
[ 15]  36.00-37.00  sec  6.61 MBytes  55.4 Mbits/sec  4955  
[ 17]  36.00-37.00  sec  6.61 MBytes  55.4 Mbits/sec  4955  
[ 19]  36.00-37.00  sec  6.61 MBytes  55.4 Mbits/sec  4955  
[ 21]  36.00-37.00  sec  6.61 MBytes  55.4 Mbits/sec  4955  
[ 23]  36.00-37.00  sec  6.61 MBytes  55.4 Mbits/sec  4955  
[ 25]  36.00-37.00  sec  6.61 MBytes  55.4 Mbits/sec  4955  
[ 27]  36.00-37.00  sec  6.61 MBytes  55.4 Mbits/sec  4955  
[ 29]  36.00-37.00  sec  6.61 MBytes  55.4 Mbits/sec  4955  
[ 31]  36.00-37.00  sec  6.61 MBytes  55.4 Mbits/sec  4955  
[ 33]  36.00-37.00  sec  6.61 MBytes  55.4 Mbits/sec  4955  
[ 35]  36.00-37.00  sec  6.61 MBytes  55.4 Mbits/sec  4955  
[ 37]  36.00-37.00  sec  6.61 MBytes  55.4 Mbits/sec  4955  
[ 39]  36.00-37.00  sec  6.61 MBytes  55.4 Mbits/sec  4955  
[ 41]  36.00-37.00  sec  6.61 MBytes  55.4 Mbits/sec  4955  
[ 43]  36.00-37.00  sec  6.61 MBytes  55.4 Mbits/sec  4955  
[SUM]  36.00-37.00  sec   132 MBytes  1108 Mbits/sec  99100  
- - - - - - - - - - - - - - - - - - - - - - - - -
[  5]  37.00-38.00  sec  6.67 MBytes  56.0 Mbits/sec  5006  
[  7]  37.00-38.00  sec  6.67 MBytes  56.0 Mbits/sec  5006  
[  9]  37.00-38.00  sec  6.67 MBytes  56.0 Mbits/sec  5006  
[ 11]  37.00-38.00  sec  6.67 MBytes  56.0 Mbits/sec  5006  
[ 13]  37.00-38.00  sec  6.67 MBytes  56.0 Mbits/sec  5006  
[ 15]  37.00-38.00  sec  6.67 MBytes  56.0 Mbits/sec  5006  
[ 17]  37.00-38.00  sec  6.67 MBytes  56.0 Mbits/sec  5006  
[ 19]  37.00-38.00  sec  6.67 MBytes  56.0 Mbits/sec  5006  
[ 21]  37.00-38.00  sec  6.67 MBytes  56.0 Mbits/sec  5006  
[ 23]  37.00-38.00  sec  6.67 MBytes  56.0 Mbits/sec  5006  
[ 25]  37.00-38.00  sec  6.67 MBytes  56.0 Mbits/sec  5006  
[ 27]  37.00-38.00  sec  6.67 MBytes  56.0 Mbits/sec  5006  
[ 29]  37.00-38.00  sec  6.67 MBytes  56.0 Mbits/sec  5006  
[ 31]  37.00-38.00  sec  6.67 MBytes  56.0 Mbits/sec  5006  
[ 33]  37.00-38.00  sec  6.67 MBytes  56.0 Mbits/sec  5006  
[ 35]  37.00-38.00  sec  6.67 MBytes  56.0 Mbits/sec  5006  
[ 37]  37.00-38.00  sec  6.67 MBytes  56.0 Mbits/sec  5006  
[ 39]  37.00-38.00  sec  6.67 MBytes  56.0 Mbits/sec  5006  
[ 41]  37.00-38.00  sec  6.67 MBytes  56.0 Mbits/sec  5005  
[ 43]  37.00-38.00  sec  6.67 MBytes  56.0 Mbits/sec  5005  
[SUM]  37.00-38.00  sec   133 MBytes  1120 Mbits/sec  100118  
- - - - - - - - - - - - - - - - - - - - - - - - -
[  5]  38.00-39.00  sec  6.77 MBytes  56.8 Mbits/sec  5081  
[  7]  38.00-39.00  sec  6.77 MBytes  56.8 Mbits/sec  5081  
[  9]  38.00-39.00  sec  6.77 MBytes  56.8 Mbits/sec  5081  
[ 11]  38.00-39.00  sec  6.77 MBytes  56.8 Mbits/sec  5081  
[ 13]  38.00-39.00  sec  6.77 MBytes  56.8 Mbits/sec  5081  
[ 15]  38.00-39.00  sec  6.77 MBytes  56.8 Mbits/sec  5081  
[ 17]  38.00-39.00  sec  6.77 MBytes  56.8 Mbits/sec  5081  
[ 19]  38.00-39.00  sec  6.77 MBytes  56.8 Mbits/sec  5081  
[ 21]  38.00-39.00  sec  6.77 MBytes  56.8 Mbits/sec  5081  
[ 23]  38.00-39.00  sec  6.77 MBytes  56.8 Mbits/sec  5081  
[ 25]  38.00-39.00  sec  6.77 MBytes  56.8 Mbits/sec  5081  
[ 27]  38.00-39.00  sec  6.77 MBytes  56.8 Mbits/sec  5081  
[ 29]  38.00-39.00  sec  6.77 MBytes  56.8 Mbits/sec  5081  
[ 31]  38.00-39.00  sec  6.77 MBytes  56.8 Mbits/sec  5081  
[ 33]  38.00-39.00  sec  6.77 MBytes  56.8 Mbits/sec  5081  
[ 35]  38.00-39.00  sec  6.77 MBytes  56.8 Mbits/sec  5081  
[ 37]  38.00-39.00  sec  6.77 MBytes  56.8 Mbits/sec  5081  
[ 39]  38.00-39.00  sec  6.77 MBytes  56.8 Mbits/sec  5081  
[ 41]  38.00-39.00  sec  6.77 MBytes  56.8 Mbits/sec  5081  
[ 43]  38.00-39.00  sec  6.77 MBytes  56.8 Mbits/sec  5081  
[SUM]  38.00-39.00  sec   135 MBytes  1137 Mbits/sec  101620  
- - - - - - - - - - - - - - - - - - - - - - - - -
[  5]  39.00-40.00  sec  6.89 MBytes  57.8 Mbits/sec  5171  
[  7]  39.00-40.00  sec  6.89 MBytes  57.8 Mbits/sec  5171  
[  9]  39.00-40.00  sec  6.89 MBytes  57.8 Mbits/sec  5171  
[ 11]  39.00-40.00  sec  6.89 MBytes  57.8 Mbits/sec  5171  
[ 13]  39.00-40.00  sec  6.89 MBytes  57.8 Mbits/sec  5171  
[ 15]  39.00-40.00  sec  6.89 MBytes  57.8 Mbits/sec  5171  
[ 17]  39.00-40.00  sec  6.89 MBytes  57.8 Mbits/sec  5171  
[ 19]  39.00-40.00  sec  6.89 MBytes  57.8 Mbits/sec  5171  
[ 21]  39.00-40.00  sec  6.89 MBytes  57.8 Mbits/sec  5171  
[ 23]  39.00-40.00  sec  6.89 MBytes  57.8 Mbits/sec  5171  
[ 25]  39.00-40.00  sec  6.89 MBytes  57.8 Mbits/sec  5171  
[ 27]  39.00-40.00  sec  6.89 MBytes  57.8 Mbits/sec  5171  
[ 29]  39.00-40.00  sec  6.89 MBytes  57.8 Mbits/sec  5171  
[ 31]  39.00-40.00  sec  6.89 MBytes  57.8 Mbits/sec  5171  
[ 33]  39.00-40.00  sec  6.89 MBytes  57.8 Mbits/sec  5171  
[ 35]  39.00-40.00  sec  6.89 MBytes  57.8 Mbits/sec  5171  
[ 37]  39.00-40.00  sec  6.89 MBytes  57.8 Mbits/sec  5171  
[ 39]  39.00-40.00  sec  6.89 MBytes  57.8 Mbits/sec  5171  
[ 41]  39.00-40.00  sec  6.89 MBytes  57.8 Mbits/sec  5171  
[ 43]  39.00-40.00  sec  6.89 MBytes  57.8 Mbits/sec  5171  
[SUM]  39.00-40.00  sec   138 MBytes  1157 Mbits/sec  103420  
- - - - - - - - - - - - - - - - - - - - - - - - -
[  5]  40.00-41.00  sec  6.85 MBytes  57.4 Mbits/sec  5135  
[  7]  40.00-41.00  sec  6.85 MBytes  57.4 Mbits/sec  5135  
[  9]  40.00-41.00  sec  6.85 MBytes  57.4 Mbits/sec  5135  
[ 11]  40.00-41.00  sec  6.85 MBytes  57.4 Mbits/sec  5135  
[ 13]  40.00-41.00  sec  6.85 MBytes  57.4 Mbits/sec  5135  
[ 15]  40.00-41.00  sec  6.85 MBytes  57.4 Mbits/sec  5135  
[ 17]  40.00-41.00  sec  6.85 MBytes  57.4 Mbits/sec  5135  
[ 19]  40.00-41.00  sec  6.85 MBytes  57.4 Mbits/sec  5135  
[ 21]  40.00-41.00  sec  6.85 MBytes  57.4 Mbits/sec  5135  
[ 23]  40.00-41.00  sec  6.85 MBytes  57.4 Mbits/sec  5135  
[ 25]  40.00-41.00  sec  6.85 MBytes  57.4 Mbits/sec  5135  
[ 27]  40.00-41.00  sec  6.85 MBytes  57.4 Mbits/sec  5135  
[ 29]  40.00-41.00  sec  6.85 MBytes  57.4 Mbits/sec  5135  
[ 31]  40.00-41.00  sec  6.85 MBytes  57.4 Mbits/sec  5135  
[ 33]  40.00-41.00  sec  6.85 MBytes  57.4 Mbits/sec  5135  
[ 35]  40.00-41.00  sec  6.85 MBytes  57.4 Mbits/sec  5135  
[ 37]  40.00-41.00  sec  6.85 MBytes  57.4 Mbits/sec  5135  
[ 39]  40.00-41.00  sec  6.85 MBytes  57.4 Mbits/sec  5135  
[ 41]  40.00-41.00  sec  6.85 MBytes  57.4 Mbits/sec  5135  
[ 43]  40.00-41.00  sec  6.85 MBytes  57.4 Mbits/sec  5135  
[SUM]  40.00-41.00  sec   137 MBytes  1149 Mbits/sec  102700  
- - - - - - - - - - - - - - - - - - - - - - - - -
[  5]  41.00-42.00  sec  6.80 MBytes  57.0 Mbits/sec  5099  
[  7]  41.00-42.00  sec  6.80 MBytes  57.0 Mbits/sec  5099  
[  9]  41.00-42.00  sec  6.80 MBytes  57.0 Mbits/sec  5099  
[ 11]  41.00-42.00  sec  6.80 MBytes  57.0 Mbits/sec  5099  
[ 13]  41.00-42.00  sec  6.80 MBytes  57.0 Mbits/sec  5099  
[ 15]  41.00-42.00  sec  6.80 MBytes  57.0 Mbits/sec  5099  
[ 17]  41.00-42.00  sec  6.80 MBytes  57.0 Mbits/sec  5099  
[ 19]  41.00-42.00  sec  6.80 MBytes  57.0 Mbits/sec  5099  
[ 21]  41.00-42.00  sec  6.80 MBytes  57.0 Mbits/sec  5099  
[ 23]  41.00-42.00  sec  6.80 MBytes  57.0 Mbits/sec  5099  
[ 25]  41.00-42.00  sec  6.80 MBytes  57.0 Mbits/sec  5099  
[ 27]  41.00-42.00  sec  6.80 MBytes  57.0 Mbits/sec  5099  
[ 29]  41.00-42.00  sec  6.80 MBytes  57.0 Mbits/sec  5099  
[ 31]  41.00-42.00  sec  6.80 MBytes  57.0 Mbits/sec  5099  
[ 33]  41.00-42.00  sec  6.80 MBytes  57.0 Mbits/sec  5099  
[ 35]  41.00-42.00  sec  6.80 MBytes  57.0 Mbits/sec  5099  
[ 37]  41.00-42.00  sec  6.80 MBytes  57.0 Mbits/sec  5099  
[ 39]  41.00-42.00  sec  6.80 MBytes  57.0 Mbits/sec  5099  
[ 41]  41.00-42.00  sec  6.80 MBytes  57.0 Mbits/sec  5099  
[ 43]  41.00-42.00  sec  6.80 MBytes  57.0 Mbits/sec  5099  
[SUM]  41.00-42.00  sec   136 MBytes  1140 Mbits/sec  101980  
- - - - - - - - - - - - - - - - - - - - - - - - -
[  5]  42.00-43.00  sec  6.68 MBytes  56.1 Mbits/sec  5013  
[  7]  42.00-43.00  sec  6.68 MBytes  56.1 Mbits/sec  5013  
[  9]  42.00-43.00  sec  6.68 MBytes  56.1 Mbits/sec  5013  
[ 11]  42.00-43.00  sec  6.68 MBytes  56.1 Mbits/sec  5013  
[ 13]  42.00-43.00  sec  6.68 MBytes  56.1 Mbits/sec  5013  
[ 15]  42.00-43.00  sec  6.68 MBytes  56.1 Mbits/sec  5013  
[ 17]  42.00-43.00  sec  6.68 MBytes  56.1 Mbits/sec  5013  
[ 19]  42.00-43.00  sec  6.68 MBytes  56.1 Mbits/sec  5013  
[ 21]  42.00-43.00  sec  6.68 MBytes  56.1 Mbits/sec  5013  
[ 23]  42.00-43.00  sec  6.68 MBytes  56.1 Mbits/sec  5013  
[ 25]  42.00-43.00  sec  6.68 MBytes  56.1 Mbits/sec  5013  
[ 27]  42.00-43.00  sec  6.68 MBytes  56.1 Mbits/sec  5013  
[ 29]  42.00-43.00  sec  6.68 MBytes  56.1 Mbits/sec  5013  
[ 31]  42.00-43.00  sec  6.68 MBytes  56.1 Mbits/sec  5013  
[ 33]  42.00-43.00  sec  6.68 MBytes  56.1 Mbits/sec  5013  
[ 35]  42.00-43.00  sec  6.68 MBytes  56.1 Mbits/sec  5013  
[ 37]  42.00-43.00  sec  6.68 MBytes  56.1 Mbits/sec  5013  
[ 39]  42.00-43.00  sec  6.68 MBytes  56.1 Mbits/sec  5013  
[ 41]  42.00-43.00  sec  6.68 MBytes  56.1 Mbits/sec  5013  
[ 43]  42.00-43.00  sec  6.68 MBytes  56.1 Mbits/sec  5013  
[SUM]  42.00-43.00  sec   134 MBytes  1121 Mbits/sec  100260  
- - - - - - - - - - - - - - - - - - - - - - - - -
[  5]  43.00-44.00  sec  7.00 MBytes  58.7 Mbits/sec  5250  
[  7]  43.00-44.00  sec  7.00 MBytes  58.7 Mbits/sec  5250  
[  9]  43.00-44.00  sec  7.00 MBytes  58.7 Mbits/sec  5250  
[ 11]  43.00-44.00  sec  7.00 MBytes  58.7 Mbits/sec  5250  
[ 13]  43.00-44.00  sec  7.00 MBytes  58.7 Mbits/sec  5250  
[ 15]  43.00-44.00  sec  7.00 MBytes  58.7 Mbits/sec  5250  
[ 17]  43.00-44.00  sec  7.00 MBytes  58.7 Mbits/sec  5250  
[ 19]  43.00-44.00  sec  7.00 MBytes  58.7 Mbits/sec  5250  
[ 21]  43.00-44.00  sec  7.00 MBytes  58.7 Mbits/sec  5250  
[ 23]  43.00-44.00  sec  7.00 MBytes  58.7 Mbits/sec  5250  
[ 25]  43.00-44.00  sec  7.00 MBytes  58.7 Mbits/sec  5250  
[ 27]  43.00-44.00  sec  7.00 MBytes  58.7 Mbits/sec  5250  
[ 29]  43.00-44.00  sec  7.00 MBytes  58.7 Mbits/sec  5250  
[ 31]  43.00-44.00  sec  7.00 MBytes  58.7 Mbits/sec  5250  
[ 33]  43.00-44.00  sec  7.00 MBytes  58.7 Mbits/sec  5250  
[ 35]  43.00-44.00  sec  7.00 MBytes  58.7 Mbits/sec  5250  
[ 37]  43.00-44.00  sec  7.00 MBytes  58.7 Mbits/sec  5250  
[ 39]  43.00-44.00  sec  7.00 MBytes  58.7 Mbits/sec  5250  
[ 41]  43.00-44.00  sec  7.00 MBytes  58.7 Mbits/sec  5250  
[ 43]  43.00-44.00  sec  7.00 MBytes  58.7 Mbits/sec  5250  
[SUM]  43.00-44.00  sec   140 MBytes  1174 Mbits/sec  105000  
- - - - - - - - - - - - - - - - - - - - - - - - -
[  5]  44.00-45.00  sec  6.60 MBytes  55.4 Mbits/sec  4951  
[  7]  44.00-45.00  sec  6.60 MBytes  55.4 Mbits/sec  4951  
[  9]  44.00-45.00  sec  6.60 MBytes  55.4 Mbits/sec  4951  
[ 11]  44.00-45.00  sec  6.60 MBytes  55.4 Mbits/sec  4951  
[ 13]  44.00-45.00  sec  6.60 MBytes  55.4 Mbits/sec  4951  
[ 15]  44.00-45.00  sec  6.60 MBytes  55.4 Mbits/sec  4951  
[ 17]  44.00-45.00  sec  6.60 MBytes  55.4 Mbits/sec  4951  
[ 19]  44.00-45.00  sec  6.60 MBytes  55.4 Mbits/sec  4951  
[ 21]  44.00-45.00  sec  6.60 MBytes  55.4 Mbits/sec  4951  
[ 23]  44.00-45.00  sec  6.60 MBytes  55.4 Mbits/sec  4951  
[ 25]  44.00-45.00  sec  6.60 MBytes  55.4 Mbits/sec  4951  
[ 27]  44.00-45.00  sec  6.60 MBytes  55.4 Mbits/sec  4951  
[ 29]  44.00-45.00  sec  6.60 MBytes  55.4 Mbits/sec  4951  
[ 31]  44.00-45.00  sec  6.60 MBytes  55.4 Mbits/sec  4951  
[ 33]  44.00-45.00  sec  6.60 MBytes  55.4 Mbits/sec  4951  
[ 35]  44.00-45.00  sec  6.60 MBytes  55.4 Mbits/sec  4951  
[ 37]  44.00-45.00  sec  6.60 MBytes  55.4 Mbits/sec  4951  
[ 39]  44.00-45.00  sec  6.60 MBytes  55.4 Mbits/sec  4951  
[ 41]  44.00-45.00  sec  6.60 MBytes  55.4 Mbits/sec  4951  
[ 43]  44.00-45.00  sec  6.60 MBytes  55.4 Mbits/sec  4951  
[SUM]  44.00-45.00  sec   132 MBytes  1107 Mbits/sec  99020  
- - - - - - - - - - - - - - - - - - - - - - - - -
[  5]  45.00-46.00  sec  6.84 MBytes  57.4 Mbits/sec  5132  
[  7]  45.00-46.00  sec  6.84 MBytes  57.4 Mbits/sec  5132  
[  9]  45.00-46.00  sec  6.84 MBytes  57.4 Mbits/sec  5132  
[ 11]  45.00-46.00  sec  6.84 MBytes  57.4 Mbits/sec  5132  
[ 13]  45.00-46.00  sec  6.84 MBytes  57.4 Mbits/sec  5132  
[ 15]  45.00-46.00  sec  6.84 MBytes  57.4 Mbits/sec  5132  
[ 17]  45.00-46.00  sec  6.84 MBytes  57.4 Mbits/sec  5132  
[ 19]  45.00-46.00  sec  6.84 MBytes  57.4 Mbits/sec  5132  
[ 21]  45.00-46.00  sec  6.84 MBytes  57.4 Mbits/sec  5132  
[ 23]  45.00-46.00  sec  6.84 MBytes  57.4 Mbits/sec  5132  
[ 25]  45.00-46.00  sec  6.84 MBytes  57.4 Mbits/sec  5132  
[ 27]  45.00-46.00  sec  6.84 MBytes  57.4 Mbits/sec  5132  
[ 29]  45.00-46.00  sec  6.84 MBytes  57.4 Mbits/sec  5132  
[ 31]  45.00-46.00  sec  6.84 MBytes  57.4 Mbits/sec  5132  
[ 33]  45.00-46.00  sec  6.84 MBytes  57.4 Mbits/sec  5132  
[ 35]  45.00-46.00  sec  6.84 MBytes  57.4 Mbits/sec  5132  
[ 37]  45.00-46.00  sec  6.84 MBytes  57.4 Mbits/sec  5132  
[ 39]  45.00-46.00  sec  6.84 MBytes  57.4 Mbits/sec  5132  
[ 41]  45.00-46.00  sec  6.84 MBytes  57.4 Mbits/sec  5132  
[ 43]  45.00-46.00  sec  6.84 MBytes  57.4 Mbits/sec  5132  
[SUM]  45.00-46.00  sec   137 MBytes  1148 Mbits/sec  102640  
- - - - - - - - - - - - - - - - - - - - - - - - -
[  5]  46.00-47.00  sec  6.73 MBytes  56.4 Mbits/sec  5046  
[  7]  46.00-47.00  sec  6.73 MBytes  56.4 Mbits/sec  5046  
[  9]  46.00-47.00  sec  6.73 MBytes  56.4 Mbits/sec  5045  
[ 11]  46.00-47.00  sec  6.72 MBytes  56.4 Mbits/sec  5043  
[ 13]  46.00-47.00  sec  6.72 MBytes  56.4 Mbits/sec  5043  
[ 15]  46.00-47.00  sec  6.72 MBytes  56.4 Mbits/sec  5043  
[ 17]  46.00-47.00  sec  6.72 MBytes  56.4 Mbits/sec  5043  
[ 19]  46.00-47.00  sec  6.72 MBytes  56.4 Mbits/sec  5043  
[ 21]  46.00-47.00  sec  6.72 MBytes  56.4 Mbits/sec  5043  
[ 23]  46.00-47.00  sec  6.72 MBytes  56.4 Mbits/sec  5042  
[ 25]  46.00-47.00  sec  6.72 MBytes  56.4 Mbits/sec  5041  
[ 27]  46.00-47.00  sec  6.72 MBytes  56.4 Mbits/sec  5041  
[ 29]  46.00-47.00  sec  6.72 MBytes  56.4 Mbits/sec  5041  
[ 31]  46.00-47.00  sec  6.72 MBytes  56.4 Mbits/sec  5040  
[ 33]  46.00-47.00  sec  6.72 MBytes  56.4 Mbits/sec  5040  
[ 35]  46.00-47.00  sec  6.72 MBytes  56.4 Mbits/sec  5040  
[ 37]  46.00-47.00  sec  6.72 MBytes  56.4 Mbits/sec  5040  
[ 39]  46.00-47.00  sec  6.72 MBytes  56.4 Mbits/sec  5040  
[ 41]  46.00-47.00  sec  6.72 MBytes  56.4 Mbits/sec  5040  
[ 43]  46.00-47.00  sec  6.72 MBytes  56.4 Mbits/sec  5040  
[SUM]  46.00-47.00  sec   134 MBytes  1128 Mbits/sec  100840  
- - - - - - - - - - - - - - - - - - - - - - - - -
[  5]  47.00-48.00  sec  6.77 MBytes  56.8 Mbits/sec  5076  
[  7]  47.00-48.00  sec  6.77 MBytes  56.8 Mbits/sec  5076  
[  9]  47.00-48.00  sec  6.77 MBytes  56.8 Mbits/sec  5076  
[ 11]  47.00-48.00  sec  6.77 MBytes  56.8 Mbits/sec  5076  
[ 13]  47.00-48.00  sec  6.77 MBytes  56.8 Mbits/sec  5076  
[ 15]  47.00-48.00  sec  6.77 MBytes  56.8 Mbits/sec  5076  
[ 17]  47.00-48.00  sec  6.77 MBytes  56.8 Mbits/sec  5076  
[ 19]  47.00-48.00  sec  6.77 MBytes  56.8 Mbits/sec  5076  
[ 21]  47.00-48.00  sec  6.77 MBytes  56.8 Mbits/sec  5076  
[ 23]  47.00-48.00  sec  6.77 MBytes  56.8 Mbits/sec  5076  
[ 25]  47.00-48.00  sec  6.77 MBytes  56.8 Mbits/sec  5076  
[ 27]  47.00-48.00  sec  6.77 MBytes  56.8 Mbits/sec  5076  
[ 29]  47.00-48.00  sec  6.77 MBytes  56.8 Mbits/sec  5076  
[ 31]  47.00-48.00  sec  6.77 MBytes  56.8 Mbits/sec  5076  
[ 33]  47.00-48.00  sec  6.77 MBytes  56.8 Mbits/sec  5076  
[ 35]  47.00-48.00  sec  6.77 MBytes  56.8 Mbits/sec  5076  
[ 37]  47.00-48.00  sec  6.77 MBytes  56.8 Mbits/sec  5076  
[ 39]  47.00-48.00  sec  6.77 MBytes  56.8 Mbits/sec  5076  
[ 41]  47.00-48.00  sec  6.77 MBytes  56.8 Mbits/sec  5076  
[ 43]  47.00-48.00  sec  6.77 MBytes  56.8 Mbits/sec  5076  
[SUM]  47.00-48.00  sec   135 MBytes  1135 Mbits/sec  101520  
- - - - - - - - - - - - - - - - - - - - - - - - -
[  5]  48.00-49.00  sec  6.68 MBytes  56.0 Mbits/sec  5010  
[  7]  48.00-49.00  sec  6.68 MBytes  56.0 Mbits/sec  5010  
[  9]  48.00-49.00  sec  6.68 MBytes  56.0 Mbits/sec  5010  
[ 11]  48.00-49.00  sec  6.68 MBytes  56.0 Mbits/sec  5010  
[ 13]  48.00-49.00  sec  6.68 MBytes  56.0 Mbits/sec  5010  
[ 15]  48.00-49.00  sec  6.68 MBytes  56.0 Mbits/sec  5010  
[ 17]  48.00-49.00  sec  6.68 MBytes  56.0 Mbits/sec  5010  
[ 19]  48.00-49.00  sec  6.68 MBytes  56.0 Mbits/sec  5010  
[ 21]  48.00-49.00  sec  6.68 MBytes  56.0 Mbits/sec  5010  
[ 23]  48.00-49.00  sec  6.68 MBytes  56.0 Mbits/sec  5010  
[ 25]  48.00-49.00  sec  6.68 MBytes  56.0 Mbits/sec  5010  
[ 27]  48.00-49.00  sec  6.68 MBytes  56.0 Mbits/sec  5010  
[ 29]  48.00-49.00  sec  6.68 MBytes  56.0 Mbits/sec  5010  
[ 31]  48.00-49.00  sec  6.68 MBytes  56.0 Mbits/sec  5010  
[ 33]  48.00-49.00  sec  6.68 MBytes  56.0 Mbits/sec  5010  
[ 35]  48.00-49.00  sec  6.68 MBytes  56.0 Mbits/sec  5010  
[ 37]  48.00-49.00  sec  6.68 MBytes  56.0 Mbits/sec  5010  
[ 39]  48.00-49.00  sec  6.68 MBytes  56.0 Mbits/sec  5010  
[ 41]  48.00-49.00  sec  6.68 MBytes  56.0 Mbits/sec  5010  
[ 43]  48.00-49.00  sec  6.68 MBytes  56.0 Mbits/sec  5010  
[SUM]  48.00-49.00  sec   134 MBytes  1121 Mbits/sec  100200  
- - - - - - - - - - - - - - - - - - - - - - - - -
[  5]  49.00-50.00  sec  6.80 MBytes  57.1 Mbits/sec  5101  
[  7]  49.00-50.00  sec  6.80 MBytes  57.1 Mbits/sec  5101  
[  9]  49.00-50.00  sec  6.80 MBytes  57.1 Mbits/sec  5101  
[ 11]  49.00-50.00  sec  6.80 MBytes  57.1 Mbits/sec  5101  
[ 13]  49.00-50.00  sec  6.80 MBytes  57.1 Mbits/sec  5101  
[ 15]  49.00-50.00  sec  6.80 MBytes  57.1 Mbits/sec  5101  
[ 17]  49.00-50.00  sec  6.80 MBytes  57.1 Mbits/sec  5101  
[ 19]  49.00-50.00  sec  6.80 MBytes  57.1 Mbits/sec  5101  
[ 21]  49.00-50.00  sec  6.80 MBytes  57.1 Mbits/sec  5101  
[ 23]  49.00-50.00  sec  6.80 MBytes  57.1 Mbits/sec  5101  
[ 25]  49.00-50.00  sec  6.80 MBytes  57.1 Mbits/sec  5101  
[ 27]  49.00-50.00  sec  6.80 MBytes  57.1 Mbits/sec  5101  
[ 29]  49.00-50.00  sec  6.80 MBytes  57.1 Mbits/sec  5101  
[ 31]  49.00-50.00  sec  6.80 MBytes  57.1 Mbits/sec  5101  
[ 33]  49.00-50.00  sec  6.80 MBytes  57.1 Mbits/sec  5101  
[ 35]  49.00-50.00  sec  6.80 MBytes  57.1 Mbits/sec  5101  
[ 37]  49.00-50.00  sec  6.80 MBytes  57.1 Mbits/sec  5101  
[ 39]  49.00-50.00  sec  6.80 MBytes  57.1 Mbits/sec  5101  
[ 41]  49.00-50.00  sec  6.80 MBytes  57.1 Mbits/sec  5101  
[ 43]  49.00-50.00  sec  6.80 MBytes  57.1 Mbits/sec  5101  
[SUM]  49.00-50.00  sec   136 MBytes  1141 Mbits/sec  102020  
- - - - - - - - - - - - - - - - - - - - - - - - -
[  5]  50.00-51.00  sec  6.78 MBytes  56.9 Mbits/sec  5086  
[  7]  50.00-51.00  sec  6.78 MBytes  56.9 Mbits/sec  5086  
[  9]  50.00-51.00  sec  6.78 MBytes  56.9 Mbits/sec  5086  
[ 11]  50.00-51.00  sec  6.78 MBytes  56.9 Mbits/sec  5086  
[ 13]  50.00-51.00  sec  6.78 MBytes  56.9 Mbits/sec  5086  
[ 15]  50.00-51.00  sec  6.78 MBytes  56.9 Mbits/sec  5086  
[ 17]  50.00-51.00  sec  6.78 MBytes  56.9 Mbits/sec  5086  
[ 19]  50.00-51.00  sec  6.78 MBytes  56.9 Mbits/sec  5086  
[ 21]  50.00-51.00  sec  6.78 MBytes  56.9 Mbits/sec  5086  
[ 23]  50.00-51.00  sec  6.78 MBytes  56.9 Mbits/sec  5086  
[ 25]  50.00-51.00  sec  6.78 MBytes  56.9 Mbits/sec  5086  
[ 27]  50.00-51.00  sec  6.78 MBytes  56.9 Mbits/sec  5086  
[ 29]  50.00-51.00  sec  6.78 MBytes  56.9 Mbits/sec  5086  
[ 31]  50.00-51.00  sec  6.78 MBytes  56.9 Mbits/sec  5086  
[ 33]  50.00-51.00  sec  6.78 MBytes  56.9 Mbits/sec  5086  
[ 35]  50.00-51.00  sec  6.78 MBytes  56.9 Mbits/sec  5086  
[ 37]  50.00-51.00  sec  6.78 MBytes  56.9 Mbits/sec  5086  
[ 39]  50.00-51.00  sec  6.78 MBytes  56.9 Mbits/sec  5086  
[ 41]  50.00-51.00  sec  6.78 MBytes  56.9 Mbits/sec  5086  
[ 43]  50.00-51.00  sec  6.78 MBytes  56.9 Mbits/sec  5086  
[SUM]  50.00-51.00  sec   136 MBytes  1138 Mbits/sec  101720  
- - - - - - - - - - - - - - - - - - - - - - - - -
[  5]  51.00-52.00  sec  6.77 MBytes  56.8 Mbits/sec  5078  
[  7]  51.00-52.00  sec  6.77 MBytes  56.8 Mbits/sec  5078  
[  9]  51.00-52.00  sec  6.77 MBytes  56.8 Mbits/sec  5078  
[ 11]  51.00-52.00  sec  6.77 MBytes  56.8 Mbits/sec  5078  
[ 13]  51.00-52.00  sec  6.77 MBytes  56.8 Mbits/sec  5078  
[ 15]  51.00-52.00  sec  6.77 MBytes  56.8 Mbits/sec  5078  
[ 17]  51.00-52.00  sec  6.77 MBytes  56.8 Mbits/sec  5078  
[ 19]  51.00-52.00  sec  6.77 MBytes  56.8 Mbits/sec  5078  
[ 21]  51.00-52.00  sec  6.77 MBytes  56.8 Mbits/sec  5078  
[ 23]  51.00-52.00  sec  6.77 MBytes  56.8 Mbits/sec  5078  
[ 25]  51.00-52.00  sec  6.77 MBytes  56.8 Mbits/sec  5078  
[ 27]  51.00-52.00  sec  6.77 MBytes  56.8 Mbits/sec  5078  
[ 29]  51.00-52.00  sec  6.77 MBytes  56.8 Mbits/sec  5078  
[ 31]  51.00-52.00  sec  6.77 MBytes  56.8 Mbits/sec  5078  
[ 33]  51.00-52.00  sec  6.77 MBytes  56.8 Mbits/sec  5078  
[ 35]  51.00-52.00  sec  6.77 MBytes  56.8 Mbits/sec  5078  
[ 37]  51.00-52.00  sec  6.77 MBytes  56.8 Mbits/sec  5078  
[ 39]  51.00-52.00  sec  6.77 MBytes  56.8 Mbits/sec  5078  
[ 41]  51.00-52.00  sec  6.77 MBytes  56.8 Mbits/sec  5078  
[ 43]  51.00-52.00  sec  6.77 MBytes  56.8 Mbits/sec  5078  
[SUM]  51.00-52.00  sec   135 MBytes  1136 Mbits/sec  101560  
- - - - - - - - - - - - - - - - - - - - - - - - -
[  5]  52.00-53.00  sec  6.65 MBytes  55.8 Mbits/sec  4991  
[  7]  52.00-53.00  sec  6.65 MBytes  55.8 Mbits/sec  4991  
[  9]  52.00-53.00  sec  6.65 MBytes  55.8 Mbits/sec  4991  
[ 11]  52.00-53.00  sec  6.65 MBytes  55.8 Mbits/sec  4991  
[ 13]  52.00-53.00  sec  6.65 MBytes  55.8 Mbits/sec  4991  
[ 15]  52.00-53.00  sec  6.65 MBytes  55.8 Mbits/sec  4991  
[ 17]  52.00-53.00  sec  6.65 MBytes  55.8 Mbits/sec  4991  
[ 19]  52.00-53.00  sec  6.65 MBytes  55.8 Mbits/sec  4991  
[ 21]  52.00-53.00  sec  6.65 MBytes  55.8 Mbits/sec  4991  
[ 23]  52.00-53.00  sec  6.65 MBytes  55.8 Mbits/sec  4991  
[ 25]  52.00-53.00  sec  6.65 MBytes  55.8 Mbits/sec  4990  
[ 27]  52.00-53.00  sec  6.65 MBytes  55.8 Mbits/sec  4990  
[ 29]  52.00-53.00  sec  6.65 MBytes  55.8 Mbits/sec  4990  
[ 31]  52.00-53.00  sec  6.65 MBytes  55.8 Mbits/sec  4990  
[ 33]  52.00-53.00  sec  6.65 MBytes  55.8 Mbits/sec  4990  
[ 35]  52.00-53.00  sec  6.65 MBytes  55.8 Mbits/sec  4990  
[ 37]  52.00-53.00  sec  6.65 MBytes  55.8 Mbits/sec  4990  
[ 39]  52.00-53.00  sec  6.65 MBytes  55.8 Mbits/sec  4990  
[ 41]  52.00-53.00  sec  6.65 MBytes  55.8 Mbits/sec  4990  
[ 43]  52.00-53.00  sec  6.65 MBytes  55.8 Mbits/sec  4990  
[SUM]  52.00-53.00  sec   133 MBytes  1116 Mbits/sec  99810  
- - - - - - - - - - - - - - - - - - - - - - - - -
[  5]  53.00-54.00  sec  6.45 MBytes  54.1 Mbits/sec  4836  
[  7]  53.00-54.00  sec  6.45 MBytes  54.1 Mbits/sec  4836  
[  9]  53.00-54.00  sec  6.45 MBytes  54.1 Mbits/sec  4836  
[ 11]  53.00-54.00  sec  6.45 MBytes  54.1 Mbits/sec  4836  
[ 13]  53.00-54.00  sec  6.45 MBytes  54.1 Mbits/sec  4836  
[ 15]  53.00-54.00  sec  6.45 MBytes  54.1 Mbits/sec  4836  
[ 17]  53.00-54.00  sec  6.45 MBytes  54.1 Mbits/sec  4836  
[ 19]  53.00-54.00  sec  6.45 MBytes  54.1 Mbits/sec  4836  
[ 21]  53.00-54.00  sec  6.45 MBytes  54.1 Mbits/sec  4836  
[ 23]  53.00-54.00  sec  6.45 MBytes  54.1 Mbits/sec  4836  
[ 25]  53.00-54.00  sec  6.45 MBytes  54.1 Mbits/sec  4836  
[ 27]  53.00-54.00  sec  6.45 MBytes  54.1 Mbits/sec  4836  
[ 29]  53.00-54.00  sec  6.45 MBytes  54.1 Mbits/sec  4836  
[ 31]  53.00-54.00  sec  6.45 MBytes  54.1 Mbits/sec  4836  
[ 33]  53.00-54.00  sec  6.45 MBytes  54.1 Mbits/sec  4836  
[ 35]  53.00-54.00  sec  6.45 MBytes  54.1 Mbits/sec  4836  
[ 37]  53.00-54.00  sec  6.45 MBytes  54.1 Mbits/sec  4836  
[ 39]  53.00-54.00  sec  6.45 MBytes  54.1 Mbits/sec  4835  
[ 41]  53.00-54.00  sec  6.45 MBytes  54.1 Mbits/sec  4835  
[ 43]  53.00-54.00  sec  6.45 MBytes  54.1 Mbits/sec  4835  
[SUM]  53.00-54.00  sec   129 MBytes  1082 Mbits/sec  96717  
- - - - - - - - - - - - - - - - - - - - - - - - -
[  5]  54.00-55.00  sec  6.69 MBytes  56.1 Mbits/sec  5018  
[  7]  54.00-55.00  sec  6.69 MBytes  56.1 Mbits/sec  5018  
[  9]  54.00-55.00  sec  6.69 MBytes  56.1 Mbits/sec  5018  
[ 11]  54.00-55.00  sec  6.69 MBytes  56.1 Mbits/sec  5018  
[ 13]  54.00-55.00  sec  6.69 MBytes  56.1 Mbits/sec  5018  
[ 15]  54.00-55.00  sec  6.69 MBytes  56.1 Mbits/sec  5018  
[ 17]  54.00-55.00  sec  6.69 MBytes  56.1 Mbits/sec  5018  
[ 19]  54.00-55.00  sec  6.69 MBytes  56.1 Mbits/sec  5018  
[ 21]  54.00-55.00  sec  6.69 MBytes  56.1 Mbits/sec  5018  
[ 23]  54.00-55.00  sec  6.69 MBytes  56.1 Mbits/sec  5018  
[ 25]  54.00-55.00  sec  6.69 MBytes  56.1 Mbits/sec  5018  
[ 27]  54.00-55.00  sec  6.69 MBytes  56.1 Mbits/sec  5018  
[ 29]  54.00-55.00  sec  6.69 MBytes  56.1 Mbits/sec  5018  
[ 31]  54.00-55.00  sec  6.69 MBytes  56.1 Mbits/sec  5018  
[ 33]  54.00-55.00  sec  6.69 MBytes  56.1 Mbits/sec  5018  
[ 35]  54.00-55.00  sec  6.69 MBytes  56.1 Mbits/sec  5018  
[ 37]  54.00-55.00  sec  6.69 MBytes  56.1 Mbits/sec  5017  
[ 39]  54.00-55.00  sec  6.69 MBytes  56.1 Mbits/sec  5017  
[ 41]  54.00-55.00  sec  6.69 MBytes  56.1 Mbits/sec  5017  
[ 43]  54.00-55.00  sec  6.69 MBytes  56.1 Mbits/sec  5017  
[SUM]  54.00-55.00  sec   134 MBytes  1122 Mbits/sec  100356  
- - - - - - - - - - - - - - - - - - - - - - - - -
[  5]  55.00-56.00  sec  6.71 MBytes  56.3 Mbits/sec  5030  
[  7]  55.00-56.00  sec  6.71 MBytes  56.3 Mbits/sec  5030  
[  9]  55.00-56.00  sec  6.71 MBytes  56.3 Mbits/sec  5030  
[ 11]  55.00-56.00  sec  6.71 MBytes  56.3 Mbits/sec  5030  
[ 13]  55.00-56.00  sec  6.71 MBytes  56.3 Mbits/sec  5030  
[ 15]  55.00-56.00  sec  6.71 MBytes  56.3 Mbits/sec  5030  
[ 17]  55.00-56.00  sec  6.71 MBytes  56.3 Mbits/sec  5030  
[ 19]  55.00-56.00  sec  6.71 MBytes  56.3 Mbits/sec  5030  
[ 21]  55.00-56.00  sec  6.71 MBytes  56.3 Mbits/sec  5030  
[ 23]  55.00-56.00  sec  6.71 MBytes  56.3 Mbits/sec  5030  
[ 25]  55.00-56.00  sec  6.71 MBytes  56.3 Mbits/sec  5030  
[ 27]  55.00-56.00  sec  6.71 MBytes  56.3 Mbits/sec  5030  
[ 29]  55.00-56.00  sec  6.71 MBytes  56.3 Mbits/sec  5030  
[ 31]  55.00-56.00  sec  6.71 MBytes  56.3 Mbits/sec  5030  
[ 33]  55.00-56.00  sec  6.71 MBytes  56.3 Mbits/sec  5030  
[ 35]  55.00-56.00  sec  6.71 MBytes  56.3 Mbits/sec  5030  
[ 37]  55.00-56.00  sec  6.71 MBytes  56.3 Mbits/sec  5030  
[ 39]  55.00-56.00  sec  6.71 MBytes  56.3 Mbits/sec  5030  
[ 41]  55.00-56.00  sec  6.71 MBytes  56.3 Mbits/sec  5030  
[ 43]  55.00-56.00  sec  6.71 MBytes  56.3 Mbits/sec  5030  
[SUM]  55.00-56.00  sec   134 MBytes  1125 Mbits/sec  100600  
- - - - - - - - - - - - - - - - - - - - - - - - -
[  5]  56.00-57.00  sec  6.80 MBytes  57.1 Mbits/sec  5103  
[  7]  56.00-57.00  sec  6.80 MBytes  57.1 Mbits/sec  5103  
[  9]  56.00-57.00  sec  6.80 MBytes  57.1 Mbits/sec  5103  
[ 11]  56.00-57.00  sec  6.80 MBytes  57.1 Mbits/sec  5103  
[ 13]  56.00-57.00  sec  6.80 MBytes  57.1 Mbits/sec  5103  
[ 15]  56.00-57.00  sec  6.80 MBytes  57.1 Mbits/sec  5103  
[ 17]  56.00-57.00  sec  6.80 MBytes  57.1 Mbits/sec  5103  
[ 19]  56.00-57.00  sec  6.80 MBytes  57.1 Mbits/sec  5103  
[ 21]  56.00-57.00  sec  6.80 MBytes  57.1 Mbits/sec  5103  
[ 23]  56.00-57.00  sec  6.80 MBytes  57.1 Mbits/sec  5103  
[ 25]  56.00-57.00  sec  6.80 MBytes  57.1 Mbits/sec  5103  
[ 27]  56.00-57.00  sec  6.80 MBytes  57.1 Mbits/sec  5103  
[ 29]  56.00-57.00  sec  6.80 MBytes  57.1 Mbits/sec  5103  
[ 31]  56.00-57.00  sec  6.80 MBytes  57.1 Mbits/sec  5103  
[ 33]  56.00-57.00  sec  6.80 MBytes  57.1 Mbits/sec  5103  
[ 35]  56.00-57.00  sec  6.80 MBytes  57.1 Mbits/sec  5103  
[ 37]  56.00-57.00  sec  6.80 MBytes  57.1 Mbits/sec  5103  
[ 39]  56.00-57.00  sec  6.80 MBytes  57.1 Mbits/sec  5103  
[ 41]  56.00-57.00  sec  6.80 MBytes  57.1 Mbits/sec  5103  
[ 43]  56.00-57.00  sec  6.80 MBytes  57.1 Mbits/sec  5103  
[SUM]  56.00-57.00  sec   136 MBytes  1142 Mbits/sec  102060  
- - - - - - - - - - - - - - - - - - - - - - - - -
[  5]  57.00-58.00  sec  6.85 MBytes  57.4 Mbits/sec  5135  
[  7]  57.00-58.00  sec  6.85 MBytes  57.4 Mbits/sec  5135  
[  9]  57.00-58.00  sec  6.85 MBytes  57.4 Mbits/sec  5135  
[ 11]  57.00-58.00  sec  6.85 MBytes  57.4 Mbits/sec  5135  
[ 13]  57.00-58.00  sec  6.85 MBytes  57.4 Mbits/sec  5135  
[ 15]  57.00-58.00  sec  6.85 MBytes  57.4 Mbits/sec  5135  
[ 17]  57.00-58.00  sec  6.85 MBytes  57.4 Mbits/sec  5135  
[ 19]  57.00-58.00  sec  6.85 MBytes  57.4 Mbits/sec  5135  
[ 21]  57.00-58.00  sec  6.85 MBytes  57.4 Mbits/sec  5135  
[ 23]  57.00-58.00  sec  6.85 MBytes  57.4 Mbits/sec  5135  
[ 25]  57.00-58.00  sec  6.85 MBytes  57.4 Mbits/sec  5135  
[ 27]  57.00-58.00  sec  6.85 MBytes  57.4 Mbits/sec  5135  
[ 29]  57.00-58.00  sec  6.85 MBytes  57.4 Mbits/sec  5135  
[ 31]  57.00-58.00  sec  6.85 MBytes  57.4 Mbits/sec  5135  
[ 33]  57.00-58.00  sec  6.85 MBytes  57.4 Mbits/sec  5135  
[ 35]  57.00-58.00  sec  6.85 MBytes  57.4 Mbits/sec  5135  
[ 37]  57.00-58.00  sec  6.85 MBytes  57.4 Mbits/sec  5135  
[ 39]  57.00-58.00  sec  6.85 MBytes  57.4 Mbits/sec  5135  
[ 41]  57.00-58.00  sec  6.85 MBytes  57.4 Mbits/sec  5135  
[ 43]  57.00-58.00  sec  6.85 MBytes  57.4 Mbits/sec  5135  
[SUM]  57.00-58.00  sec   137 MBytes  1149 Mbits/sec  102700  
- - - - - - - - - - - - - - - - - - - - - - - - -
[  5]  58.00-59.00  sec  6.65 MBytes  55.8 Mbits/sec  4986  
[  7]  58.00-59.00  sec  6.65 MBytes  55.8 Mbits/sec  4986  
[  9]  58.00-59.00  sec  6.65 MBytes  55.8 Mbits/sec  4986  
[ 11]  58.00-59.00  sec  6.65 MBytes  55.8 Mbits/sec  4986  
[ 13]  58.00-59.00  sec  6.65 MBytes  55.8 Mbits/sec  4986  
[ 15]  58.00-59.00  sec  6.65 MBytes  55.8 Mbits/sec  4986  
[ 17]  58.00-59.00  sec  6.65 MBytes  55.8 Mbits/sec  4986  
[ 19]  58.00-59.00  sec  6.65 MBytes  55.8 Mbits/sec  4986  
[ 21]  58.00-59.00  sec  6.65 MBytes  55.8 Mbits/sec  4986  
[ 23]  58.00-59.00  sec  6.65 MBytes  55.8 Mbits/sec  4986  
[ 25]  58.00-59.00  sec  6.65 MBytes  55.8 Mbits/sec  4986  
[ 27]  58.00-59.00  sec  6.65 MBytes  55.8 Mbits/sec  4986  
[ 29]  58.00-59.00  sec  6.65 MBytes  55.8 Mbits/sec  4986  
[ 31]  58.00-59.00  sec  6.65 MBytes  55.8 Mbits/sec  4986  
[ 33]  58.00-59.00  sec  6.65 MBytes  55.8 Mbits/sec  4986  
[ 35]  58.00-59.00  sec  6.65 MBytes  55.8 Mbits/sec  4986  
[ 37]  58.00-59.00  sec  6.65 MBytes  55.8 Mbits/sec  4986  
[ 39]  58.00-59.00  sec  6.65 MBytes  55.8 Mbits/sec  4986  
[ 41]  58.00-59.00  sec  6.65 MBytes  55.8 Mbits/sec  4986  
[ 43]  58.00-59.00  sec  6.65 MBytes  55.8 Mbits/sec  4986  
[SUM]  58.00-59.00  sec   133 MBytes  1115 Mbits/sec  99720  
- - - - - - - - - - - - - - - - - - - - - - - - -
[  5]  59.00-60.00  sec  6.69 MBytes  56.1 Mbits/sec  5016  
[  7]  59.00-60.00  sec  6.69 MBytes  56.1 Mbits/sec  5016  
[  9]  59.00-60.00  sec  6.69 MBytes  56.1 Mbits/sec  5016  
[ 11]  59.00-60.00  sec  6.69 MBytes  56.1 Mbits/sec  5016  
[ 13]  59.00-60.00  sec  6.69 MBytes  56.1 Mbits/sec  5016  
[ 15]  59.00-60.00  sec  6.69 MBytes  56.1 Mbits/sec  5016  
[ 17]  59.00-60.00  sec  6.69 MBytes  56.1 Mbits/sec  5016  
[ 19]  59.00-60.00  sec  6.69 MBytes  56.1 Mbits/sec  5016  
[ 21]  59.00-60.00  sec  6.69 MBytes  56.1 Mbits/sec  5016  
[ 23]  59.00-60.00  sec  6.69 MBytes  56.1 Mbits/sec  5016  
[ 25]  59.00-60.00  sec  6.69 MBytes  56.1 Mbits/sec  5016  
[ 27]  59.00-60.00  sec  6.69 MBytes  56.1 Mbits/sec  5016  
[ 29]  59.00-60.00  sec  6.69 MBytes  56.1 Mbits/sec  5016  
[ 31]  59.00-60.00  sec  6.69 MBytes  56.1 Mbits/sec  5016  
[ 33]  59.00-60.00  sec  6.69 MBytes  56.1 Mbits/sec  5016  
[ 35]  59.00-60.00  sec  6.69 MBytes  56.1 Mbits/sec  5016  
[ 37]  59.00-60.00  sec  6.69 MBytes  56.1 Mbits/sec  5016  
[ 39]  59.00-60.00  sec  6.69 MBytes  56.1 Mbits/sec  5016  
[ 41]  59.00-60.00  sec  6.69 MBytes  56.1 Mbits/sec  5016  
[ 43]  59.00-60.00  sec  6.69 MBytes  56.1 Mbits/sec  5016  
[SUM]  59.00-60.00  sec   134 MBytes  1122 Mbits/sec  100320  
- - - - - - - - - - - - - - - - - - - - - - - - -
[ ID] Interval           Transfer     Bitrate         Jitter    Lost/Total Datagrams
[  5]   0.00-60.00  sec   397 MBytes  55.5 Mbits/sec  0.000 ms  0/298014 (0%)  sender
[  5]   0.00-60.00  sec   397 MBytes  55.5 Mbits/sec  0.111 ms  34/298014 (0.011%)  receiver
[  7]   0.00-60.00  sec   397 MBytes  55.5 Mbits/sec  0.000 ms  0/298012 (0%)  sender
[  7]   0.00-60.00  sec   397 MBytes  55.5 Mbits/sec  0.117 ms  108/298012 (0.036%)  receiver
[  9]   0.00-60.00  sec   397 MBytes  55.5 Mbits/sec  0.000 ms  0/298011 (0%)  sender
[  9]   0.00-60.00  sec   397 MBytes  55.5 Mbits/sec  0.113 ms  104/298011 (0.035%)  receiver
[ 11]   0.00-60.00  sec   397 MBytes  55.5 Mbits/sec  0.000 ms  0/298009 (0%)  sender
[ 11]   0.00-60.00  sec   397 MBytes  55.5 Mbits/sec  0.119 ms  37/298009 (0.012%)  receiver
[ 13]   0.00-60.00  sec   397 MBytes  55.5 Mbits/sec  0.000 ms  0/298009 (0%)  sender
[ 13]   0.00-60.00  sec   397 MBytes  55.5 Mbits/sec  0.119 ms  33/298009 (0.011%)  receiver
[ 15]   0.00-60.00  sec   397 MBytes  55.5 Mbits/sec  0.000 ms  0/298009 (0%)  sender
[ 15]   0.00-60.00  sec   397 MBytes  55.5 Mbits/sec  0.109 ms  104/298009 (0.035%)  receiver
[ 17]   0.00-60.00  sec   397 MBytes  55.5 Mbits/sec  0.000 ms  0/298008 (0%)  sender
[ 17]   0.00-60.00  sec   397 MBytes  55.5 Mbits/sec  0.120 ms  106/298008 (0.036%)  receiver
[ 19]   0.00-60.00  sec   397 MBytes  55.5 Mbits/sec  0.000 ms  0/298006 (0%)  sender
[ 19]   0.00-60.00  sec   397 MBytes  55.5 Mbits/sec  0.116 ms  103/298006 (0.035%)  receiver
[ 21]   0.00-60.00  sec   397 MBytes  55.5 Mbits/sec  0.000 ms  0/298005 (0%)  sender
[ 21]   0.00-60.00  sec   397 MBytes  55.5 Mbits/sec  0.130 ms  32/298005 (0.011%)  receiver
[ 23]   0.00-60.00  sec   397 MBytes  55.5 Mbits/sec  0.000 ms  0/298003 (0%)  sender
[ 23]   0.00-60.00  sec   397 MBytes  55.5 Mbits/sec  0.132 ms  36/298003 (0.012%)  receiver
[ 25]   0.00-60.00  sec   397 MBytes  55.5 Mbits/sec  0.000 ms  0/297999 (0%)  sender
[ 25]   0.00-60.00  sec   397 MBytes  55.5 Mbits/sec  0.133 ms  34/297999 (0.011%)  receiver
[ 27]   0.00-60.00  sec   397 MBytes  55.5 Mbits/sec  0.000 ms  0/297996 (0%)  sender
[ 27]   0.00-60.00  sec   397 MBytes  55.5 Mbits/sec  0.131 ms  31/297996 (0.01%)  receiver
[ 29]   0.00-60.00  sec   397 MBytes  55.5 Mbits/sec  0.000 ms  0/297995 (0%)  sender
[ 29]   0.00-60.00  sec   397 MBytes  55.5 Mbits/sec  0.115 ms  106/297995 (0.036%)  receiver
[ 31]   0.00-60.00  sec   397 MBytes  55.5 Mbits/sec  0.000 ms  0/297992 (0%)  sender
[ 31]   0.00-60.00  sec   397 MBytes  55.5 Mbits/sec  0.124 ms  31/297992 (0.01%)  receiver
[ 33]   0.00-60.00  sec   397 MBytes  55.5 Mbits/sec  0.000 ms  0/297991 (0%)  sender
[ 33]   0.00-60.00  sec   397 MBytes  55.5 Mbits/sec  0.109 ms  108/297991 (0.036%)  receiver
[ 35]   0.00-60.00  sec   397 MBytes  55.5 Mbits/sec  0.000 ms  0/297990 (0%)  sender
[ 35]   0.00-60.00  sec   397 MBytes  55.5 Mbits/sec  0.121 ms  33/297990 (0.011%)  receiver
[ 37]   0.00-60.00  sec   397 MBytes  55.5 Mbits/sec  0.000 ms  0/297989 (0%)  sender
[ 37]   0.00-60.00  sec   397 MBytes  55.5 Mbits/sec  0.131 ms  34/297989 (0.011%)  receiver
[ 39]   0.00-60.00  sec   397 MBytes  55.5 Mbits/sec  0.000 ms  0/297987 (0%)  sender
[ 39]   0.00-60.00  sec   397 MBytes  55.5 Mbits/sec  0.100 ms  103/297987 (0.035%)  receiver
[ 41]   0.00-60.00  sec   397 MBytes  55.5 Mbits/sec  0.000 ms  0/297984 (0%)  sender
[ 41]   0.00-60.00  sec   397 MBytes  55.5 Mbits/sec  0.104 ms  104/297984 (0.035%)  receiver
[ 43]   0.00-60.00  sec   397 MBytes  55.5 Mbits/sec  0.000 ms  0/297983 (0%)  sender
[ 43]   0.00-60.00  sec   397 MBytes  55.5 Mbits/sec  0.134 ms  37/297983 (0.012%)  receiver
[SUM]   0.00-60.00  sec  7.76 GBytes  1111 Mbits/sec  0.000 ms  0/5959992 (0%)  sender
[SUM]   0.00-60.00  sec  7.76 GBytes  1111 Mbits/sec  0.119 ms  1318/5959992 (0.022%)  receiver

iperf Done.
