Connecting to host 10.10.0.6, port 30000
[  5] local 10.0.1.4 port 41472 connected to 10.0.2.95 port 5201
[ ID] Interval           Transfer     Bitrate         Retr  Cwnd
[  5]   0.00-1.00   sec  1.01 GBytes  8664 Mbits/sec  184   1.13 MBytes       
[  5]   1.00-2.00   sec  1.03 GBytes  8829 Mbits/sec    0   1.44 MBytes       
[  5]   2.00-3.00   sec  1.05 GBytes  9039 Mbits/sec  241   1.56 MBytes       
[  5]   3.00-4.00   sec  1.04 GBytes  8934 Mbits/sec    0   1.62 MBytes       
[  5]   4.00-5.00   sec  1.04 GBytes  8976 Mbits/sec  184   1.65 MBytes       
[  5]   5.00-6.00   sec  1.04 GBytes  8955 Mbits/sec   46   1.42 MBytes       
[  5]   6.00-7.00   sec  1.02 GBytes  8777 Mbits/sec    0   1.54 MBytes       
[  5]   7.00-8.00   sec  1.02 GBytes  8787 Mbits/sec    0   1.60 MBytes       
[  5]   8.00-9.00   sec  1.05 GBytes  8984 Mbits/sec    0   1.65 MBytes       
[  5]   9.00-10.00  sec  1.03 GBytes  8850 Mbits/sec  155   1.46 MBytes       
[  5]  10.00-11.00  sec  1.03 GBytes  8820 Mbits/sec    0   1.56 MBytes       
[  5]  11.00-12.00  sec  1.04 GBytes  8911 Mbits/sec    0   1.61 MBytes       
[  5]  12.00-13.00  sec  1.04 GBytes  8978 Mbits/sec   48   1.66 MBytes       
[  5]  13.00-14.00  sec  1.10 GBytes  9487 Mbits/sec   46   1.71 MBytes       
[  5]  14.00-15.00  sec  1.06 GBytes  9093 Mbits/sec  264   1.48 MBytes       
[  5]  15.00-16.00  sec  1.03 GBytes  8858 Mbits/sec    0   1.56 MBytes       
[  5]  16.00-17.00  sec  1.04 GBytes  8913 Mbits/sec    0   1.62 MBytes       
[  5]  17.00-18.00  sec  1.04 GBytes  8915 Mbits/sec    0   1.68 MBytes       
[  5]  18.00-19.00  sec  1.05 GBytes  9037 Mbits/sec    0   1.71 MBytes       
[  5]  19.00-20.00  sec  1.04 GBytes  8926 Mbits/sec    0   1.72 MBytes       
[  5]  20.00-21.00  sec  1.05 GBytes  9039 Mbits/sec    0   1.75 MBytes       
[  5]  21.00-22.00  sec  1.05 GBytes  9038 Mbits/sec    0   1.76 MBytes       
[  5]  22.00-23.00  sec  1.04 GBytes  8975 Mbits/sec    0   1.78 MBytes       
[  5]  23.00-24.00  sec  1.02 GBytes  8788 Mbits/sec   92   1.45 MBytes       
[  5]  24.00-25.00  sec  1.05 GBytes  9060 Mbits/sec   16   1.40 MBytes       
[  5]  25.00-26.00  sec  1.04 GBytes  8923 Mbits/sec    0   1.53 MBytes       
[  5]  26.00-27.00  sec  1.04 GBytes  8934 Mbits/sec    0   1.60 MBytes       
[  5]  27.00-28.00  sec  1.04 GBytes  8964 Mbits/sec    0   1.63 MBytes       
[  5]  28.00-29.00  sec  1.04 GBytes  8944 Mbits/sec    0   1.67 MBytes       
[  5]  29.00-30.00  sec  1.04 GBytes  8904 Mbits/sec    0   1.69 MBytes       
[  5]  30.00-31.00  sec  1.03 GBytes  8850 Mbits/sec    0   1.71 MBytes       
[  5]  31.00-32.00  sec  1.04 GBytes  8913 Mbits/sec    0   1.73 MBytes       
[  5]  32.00-33.00  sec  1.03 GBytes  8829 Mbits/sec    0   1.74 MBytes       
[  5]  33.00-34.00  sec  1.03 GBytes  8850 Mbits/sec    0   1.76 MBytes       
[  5]  34.00-35.00  sec  1.01 GBytes  8702 Mbits/sec    0   1.77 MBytes       
[  5]  35.00-36.00  sec  1.03 GBytes  8873 Mbits/sec    0   1.77 MBytes       
[  5]  36.00-37.00  sec  1.02 GBytes  8798 Mbits/sec    0   1.78 MBytes       
[  5]  37.00-38.00  sec  1.03 GBytes  8860 Mbits/sec    0   1.79 MBytes       
[  5]  38.00-39.00  sec  1.04 GBytes  8954 Mbits/sec    0   1.80 MBytes       
[  5]  39.00-40.00  sec  1.02 GBytes  8735 Mbits/sec    0   1.80 MBytes       
[  5]  40.00-41.00  sec  1.03 GBytes  8850 Mbits/sec    0   1.81 MBytes       
[  5]  41.00-42.00  sec  1.04 GBytes  8891 Mbits/sec    0   1.82 MBytes       
[  5]  42.00-43.00  sec  1.02 GBytes  8756 Mbits/sec   46   1.82 MBytes       
[  5]  43.00-44.00  sec  1.04 GBytes  8903 Mbits/sec  138   1.83 MBytes       
[  5]  44.00-45.00  sec  1.03 GBytes  8849 Mbits/sec  183   1.47 MBytes       
[  5]  45.00-46.00  sec  1.03 GBytes  8870 Mbits/sec    0   1.56 MBytes       
[  5]  46.00-47.00  sec  1.02 GBytes  8744 Mbits/sec    0   1.59 MBytes       
[  5]  47.00-48.00  sec  1.02 GBytes  8738 Mbits/sec   61   1.40 MBytes       
[  5]  48.00-49.00  sec   970 MBytes  8136 Mbits/sec    0   1.52 MBytes       
[  5]  49.00-50.00  sec  1.02 GBytes  8798 Mbits/sec    0   1.59 MBytes       
[  5]  50.00-51.00  sec  1.01 GBytes  8682 Mbits/sec    0   1.63 MBytes       
[  5]  51.00-52.00  sec  1.01 GBytes  8680 Mbits/sec    0   1.66 MBytes       
[  5]  52.00-53.00  sec  1.02 GBytes  8799 Mbits/sec  144   1.42 MBytes       
[  5]  53.00-54.00  sec  1.02 GBytes  8734 Mbits/sec    0   1.53 MBytes       
[  5]  54.00-55.00  sec  1.04 GBytes  8925 Mbits/sec    0   1.60 MBytes       
[  5]  55.00-56.00  sec  1.03 GBytes  8861 Mbits/sec    0   1.63 MBytes       
[  5]  56.00-57.00  sec  1.02 GBytes  8744 Mbits/sec    0   1.67 MBytes       
[  5]  57.00-58.00  sec  1.03 GBytes  8829 Mbits/sec   90   1.41 MBytes       
[  5]  58.00-59.00  sec  1.02 GBytes  8778 Mbits/sec    0   1.54 MBytes       
[  5]  59.00-60.00  sec  1.02 GBytes  8735 Mbits/sec    0   1.60 MBytes       
- - - - - - - - - - - - - - - - - - - - - - - - -
[ ID] Interval           Transfer     Bitrate         Retr
[  5]   0.00-60.00  sec  61.9 GBytes  8866 Mbits/sec  1938             sender
[  5]   0.00-60.00  sec  61.9 GBytes  8865 Mbits/sec                  receiver

iperf Done.
