Connecting to host 10.10.0.2, port 30000
[  5] local 10.244.1.2 port 36627 connected to 10.10.0.2 port 30000
[  7] local 10.244.1.2 port 58403 connected to 10.10.0.2 port 30000
[  9] local 10.244.1.2 port 52936 connected to 10.10.0.2 port 30000
[ 11] local 10.244.1.2 port 36915 connected to 10.10.0.2 port 30000
[ 13] local 10.244.1.2 port 55990 connected to 10.10.0.2 port 30000
[ 15] local 10.244.1.2 port 42577 connected to 10.10.0.2 port 30000
[ 17] local 10.244.1.2 port 37140 connected to 10.10.0.2 port 30000
[ 19] local 10.244.1.2 port 44621 connected to 10.10.0.2 port 30000
[ 21] local 10.244.1.2 port 46639 connected to 10.10.0.2 port 30000
[ 23] local 10.244.1.2 port 41412 connected to 10.10.0.2 port 30000
[ 25] local 10.244.1.2 port 38493 connected to 10.10.0.2 port 30000
[ 27] local 10.244.1.2 port 35031 connected to 10.10.0.2 port 30000
[ 29] local 10.244.1.2 port 38071 connected to 10.10.0.2 port 30000
[ 31] local 10.244.1.2 port 41681 connected to 10.10.0.2 port 30000
[ 33] local 10.244.1.2 port 49818 connected to 10.10.0.2 port 30000
[ 35] local 10.244.1.2 port 34974 connected to 10.10.0.2 port 30000
[ 37] local 10.244.1.2 port 46362 connected to 10.10.0.2 port 30000
[ 39] local 10.244.1.2 port 50470 connected to 10.10.0.2 port 30000
[ 41] local 10.244.1.2 port 37100 connected to 10.10.0.2 port 30000
[ 43] local 10.244.1.2 port 48352 connected to 10.10.0.2 port 30000
[ ID] Interval           Transfer     Bitrate         Total Datagrams
[  5]   0.00-1.00   sec  10.0 MBytes  84.1 Mbits/sec  7518  
[  7]   0.00-1.00   sec  10.0 MBytes  84.1 Mbits/sec  7518  
[  9]   0.00-1.00   sec  10.0 MBytes  84.1 Mbits/sec  7518  
[ 11]   0.00-1.00   sec  10.0 MBytes  84.1 Mbits/sec  7518  
[ 13]   0.00-1.00   sec  10.0 MBytes  84.1 Mbits/sec  7518  
[ 15]   0.00-1.00   sec  10.0 MBytes  84.1 Mbits/sec  7518  
[ 17]   0.00-1.00   sec  10.0 MBytes  84.1 Mbits/sec  7518  
[ 19]   0.00-1.00   sec  10.0 MBytes  84.1 Mbits/sec  7518  
[ 21]   0.00-1.00   sec  10.0 MBytes  84.1 Mbits/sec  7518  
[ 23]   0.00-1.00   sec  10.0 MBytes  84.1 Mbits/sec  7518  
[ 25]   0.00-1.00   sec  10.0 MBytes  84.1 Mbits/sec  7518  
[ 27]   0.00-1.00   sec  10.0 MBytes  84.1 Mbits/sec  7518  
[ 29]   0.00-1.00   sec  10.0 MBytes  84.1 Mbits/sec  7518  
[ 31]   0.00-1.00   sec  10.0 MBytes  84.1 Mbits/sec  7518  
[ 33]   0.00-1.00   sec  10.0 MBytes  84.1 Mbits/sec  7518  
[ 35]   0.00-1.00   sec  10.0 MBytes  84.1 Mbits/sec  7518  
[ 37]   0.00-1.00   sec  10.0 MBytes  84.1 Mbits/sec  7518  
[ 39]   0.00-1.00   sec  10.0 MBytes  84.1 Mbits/sec  7518  
[ 41]   0.00-1.00   sec  10.0 MBytes  84.1 Mbits/sec  7518  
[ 43]   0.00-1.00   sec  10.0 MBytes  84.1 Mbits/sec  7518  
[SUM]   0.00-1.00   sec   200 MBytes  1682 Mbits/sec  150360  
- - - - - - - - - - - - - - - - - - - - - - - - -
[  5]   1.00-2.00   sec  10.1 MBytes  84.4 Mbits/sec  7544  
[  7]   1.00-2.00   sec  10.1 MBytes  84.4 Mbits/sec  7544  
[  9]   1.00-2.00   sec  10.1 MBytes  84.4 Mbits/sec  7544  
[ 11]   1.00-2.00   sec  10.1 MBytes  84.4 Mbits/sec  7544  
[ 13]   1.00-2.00   sec  10.1 MBytes  84.4 Mbits/sec  7544  
[ 15]   1.00-2.00   sec  10.1 MBytes  84.4 Mbits/sec  7544  
[ 17]   1.00-2.00   sec  10.1 MBytes  84.4 Mbits/sec  7544  
[ 19]   1.00-2.00   sec  10.1 MBytes  84.4 Mbits/sec  7544  
[ 21]   1.00-2.00   sec  10.1 MBytes  84.4 Mbits/sec  7544  
[ 23]   1.00-2.00   sec  10.1 MBytes  84.4 Mbits/sec  7544  
[ 25]   1.00-2.00   sec  10.1 MBytes  84.4 Mbits/sec  7544  
[ 27]   1.00-2.00   sec  10.1 MBytes  84.4 Mbits/sec  7544  
[ 29]   1.00-2.00   sec  10.1 MBytes  84.4 Mbits/sec  7544  
[ 31]   1.00-2.00   sec  10.1 MBytes  84.4 Mbits/sec  7544  
[ 33]   1.00-2.00   sec  10.1 MBytes  84.4 Mbits/sec  7544  
[ 35]   1.00-2.00   sec  10.1 MBytes  84.4 Mbits/sec  7544  
[ 37]   1.00-2.00   sec  10.1 MBytes  84.4 Mbits/sec  7544  
[ 39]   1.00-2.00   sec  10.1 MBytes  84.4 Mbits/sec  7544  
[ 41]   1.00-2.00   sec  10.1 MBytes  84.4 Mbits/sec  7544  
[ 43]   1.00-2.00   sec  10.1 MBytes  84.4 Mbits/sec  7544  
[SUM]   1.00-2.00   sec   201 MBytes  1687 Mbits/sec  150880  
- - - - - - - - - - - - - - - - - - - - - - - - -
[  5]   2.00-3.00   sec  10.1 MBytes  84.4 Mbits/sec  7550  
[  7]   2.00-3.00   sec  10.1 MBytes  84.4 Mbits/sec  7550  
[  9]   2.00-3.00   sec  10.1 MBytes  84.4 Mbits/sec  7550  
[ 11]   2.00-3.00   sec  10.1 MBytes  84.4 Mbits/sec  7550  
[ 13]   2.00-3.00   sec  10.1 MBytes  84.4 Mbits/sec  7550  
[ 15]   2.00-3.00   sec  10.1 MBytes  84.4 Mbits/sec  7550  
[ 17]   2.00-3.00   sec  10.1 MBytes  84.4 Mbits/sec  7550  
[ 19]   2.00-3.00   sec  10.1 MBytes  84.4 Mbits/sec  7550  
[ 21]   2.00-3.00   sec  10.1 MBytes  84.4 Mbits/sec  7550  
[ 23]   2.00-3.00   sec  10.1 MBytes  84.4 Mbits/sec  7550  
[ 25]   2.00-3.00   sec  10.1 MBytes  84.4 Mbits/sec  7550  
[ 27]   2.00-3.00   sec  10.1 MBytes  84.4 Mbits/sec  7550  
[ 29]   2.00-3.00   sec  10.1 MBytes  84.4 Mbits/sec  7550  
[ 31]   2.00-3.00   sec  10.1 MBytes  84.4 Mbits/sec  7550  
[ 33]   2.00-3.00   sec  10.1 MBytes  84.4 Mbits/sec  7550  
[ 35]   2.00-3.00   sec  10.1 MBytes  84.4 Mbits/sec  7550  
[ 37]   2.00-3.00   sec  10.1 MBytes  84.4 Mbits/sec  7550  
[ 39]   2.00-3.00   sec  10.1 MBytes  84.4 Mbits/sec  7550  
[ 41]   2.00-3.00   sec  10.1 MBytes  84.4 Mbits/sec  7550  
[ 43]   2.00-3.00   sec  10.1 MBytes  84.4 Mbits/sec  7550  
[SUM]   2.00-3.00   sec   201 MBytes  1689 Mbits/sec  151000  
- - - - - - - - - - - - - - - - - - - - - - - - -
[  5]   3.00-4.00   sec  9.98 MBytes  83.7 Mbits/sec  7483  
[  7]   3.00-4.00   sec  9.98 MBytes  83.7 Mbits/sec  7483  
[  9]   3.00-4.00   sec  9.98 MBytes  83.7 Mbits/sec  7483  
[ 11]   3.00-4.00   sec  9.98 MBytes  83.7 Mbits/sec  7483  
[ 13]   3.00-4.00   sec  9.98 MBytes  83.7 Mbits/sec  7483  
[ 15]   3.00-4.00   sec  9.98 MBytes  83.7 Mbits/sec  7483  
[ 17]   3.00-4.00   sec  9.98 MBytes  83.7 Mbits/sec  7483  
[ 19]   3.00-4.00   sec  9.98 MBytes  83.7 Mbits/sec  7483  
[ 21]   3.00-4.00   sec  9.98 MBytes  83.7 Mbits/sec  7483  
[ 23]   3.00-4.00   sec  9.98 MBytes  83.7 Mbits/sec  7483  
[ 25]   3.00-4.00   sec  9.98 MBytes  83.7 Mbits/sec  7483  
[ 27]   3.00-4.00   sec  9.98 MBytes  83.7 Mbits/sec  7483  
[ 29]   3.00-4.00   sec  9.98 MBytes  83.7 Mbits/sec  7483  
[ 31]   3.00-4.00   sec  9.98 MBytes  83.7 Mbits/sec  7483  
[ 33]   3.00-4.00   sec  9.98 MBytes  83.7 Mbits/sec  7483  
[ 35]   3.00-4.00   sec  9.98 MBytes  83.7 Mbits/sec  7483  
[ 37]   3.00-4.00   sec  9.98 MBytes  83.7 Mbits/sec  7483  
[ 39]   3.00-4.00   sec  9.98 MBytes  83.7 Mbits/sec  7483  
[ 41]   3.00-4.00   sec  9.98 MBytes  83.7 Mbits/sec  7483  
[ 43]   3.00-4.00   sec  9.98 MBytes  83.7 Mbits/sec  7483  
[SUM]   3.00-4.00   sec   200 MBytes  1674 Mbits/sec  149660  
- - - - - - - - - - - - - - - - - - - - - - - - -
[  5]   4.00-5.00   sec  10.1 MBytes  84.4 Mbits/sec  7548  
[  7]   4.00-5.00   sec  10.1 MBytes  84.4 Mbits/sec  7548  
[  9]   4.00-5.00   sec  10.1 MBytes  84.4 Mbits/sec  7548  
[ 11]   4.00-5.00   sec  10.1 MBytes  84.4 Mbits/sec  7548  
[ 13]   4.00-5.00   sec  10.1 MBytes  84.4 Mbits/sec  7548  
[ 15]   4.00-5.00   sec  10.1 MBytes  84.4 Mbits/sec  7548  
[ 17]   4.00-5.00   sec  10.1 MBytes  84.4 Mbits/sec  7548  
[ 19]   4.00-5.00   sec  10.1 MBytes  84.4 Mbits/sec  7548  
[ 21]   4.00-5.00   sec  10.1 MBytes  84.4 Mbits/sec  7548  
[ 23]   4.00-5.00   sec  10.1 MBytes  84.4 Mbits/sec  7548  
[ 25]   4.00-5.00   sec  10.1 MBytes  84.4 Mbits/sec  7548  
[ 27]   4.00-5.00   sec  10.1 MBytes  84.4 Mbits/sec  7548  
[ 29]   4.00-5.00   sec  10.1 MBytes  84.4 Mbits/sec  7548  
[ 31]   4.00-5.00   sec  10.1 MBytes  84.4 Mbits/sec  7548  
[ 33]   4.00-5.00   sec  10.1 MBytes  84.4 Mbits/sec  7548  
[ 35]   4.00-5.00   sec  10.1 MBytes  84.4 Mbits/sec  7548  
[ 37]   4.00-5.00   sec  10.1 MBytes  84.4 Mbits/sec  7548  
[ 39]   4.00-5.00   sec  10.1 MBytes  84.4 Mbits/sec  7548  
[ 41]   4.00-5.00   sec  10.1 MBytes  84.4 Mbits/sec  7548  
[ 43]   4.00-5.00   sec  10.1 MBytes  84.4 Mbits/sec  7548  
[SUM]   4.00-5.00   sec   201 MBytes  1688 Mbits/sec  150960  
- - - - - - - - - - - - - - - - - - - - - - - - -
[  5]   5.00-6.00   sec  9.93 MBytes  83.3 Mbits/sec  7445  
[  7]   5.00-6.00   sec  9.93 MBytes  83.3 Mbits/sec  7445  
[  9]   5.00-6.00   sec  9.93 MBytes  83.3 Mbits/sec  7445  
[ 11]   5.00-6.00   sec  9.93 MBytes  83.3 Mbits/sec  7445  
[ 13]   5.00-6.00   sec  9.93 MBytes  83.3 Mbits/sec  7445  
[ 15]   5.00-6.00   sec  9.93 MBytes  83.3 Mbits/sec  7445  
[ 17]   5.00-6.00   sec  9.93 MBytes  83.3 Mbits/sec  7445  
[ 19]   5.00-6.00   sec  9.93 MBytes  83.3 Mbits/sec  7445  
[ 21]   5.00-6.00   sec  9.93 MBytes  83.3 Mbits/sec  7445  
[ 23]   5.00-6.00   sec  9.93 MBytes  83.3 Mbits/sec  7445  
[ 25]   5.00-6.00   sec  9.93 MBytes  83.3 Mbits/sec  7445  
[ 27]   5.00-6.00   sec  9.93 MBytes  83.3 Mbits/sec  7445  
[ 29]   5.00-6.00   sec  9.93 MBytes  83.3 Mbits/sec  7445  
[ 31]   5.00-6.00   sec  9.93 MBytes  83.3 Mbits/sec  7445  
[ 33]   5.00-6.00   sec  9.93 MBytes  83.3 Mbits/sec  7445  
[ 35]   5.00-6.00   sec  9.93 MBytes  83.3 Mbits/sec  7445  
[ 37]   5.00-6.00   sec  9.93 MBytes  83.3 Mbits/sec  7445  
[ 39]   5.00-6.00   sec  9.93 MBytes  83.3 Mbits/sec  7445  
[ 41]   5.00-6.00   sec  9.93 MBytes  83.3 Mbits/sec  7445  
[ 43]   5.00-6.00   sec  9.93 MBytes  83.3 Mbits/sec  7445  
[SUM]   5.00-6.00   sec   199 MBytes  1665 Mbits/sec  148900  
- - - - - - - - - - - - - - - - - - - - - - - - -
[  5]   6.00-7.00   sec  9.87 MBytes  82.8 Mbits/sec  7403  
[  7]   6.00-7.00   sec  9.87 MBytes  82.8 Mbits/sec  7403  
[  9]   6.00-7.00   sec  9.87 MBytes  82.8 Mbits/sec  7403  
[ 11]   6.00-7.00   sec  9.87 MBytes  82.8 Mbits/sec  7403  
[ 13]   6.00-7.00   sec  9.87 MBytes  82.8 Mbits/sec  7403  
[ 15]   6.00-7.00   sec  9.87 MBytes  82.8 Mbits/sec  7403  
[ 17]   6.00-7.00   sec  9.87 MBytes  82.8 Mbits/sec  7403  
[ 19]   6.00-7.00   sec  9.87 MBytes  82.8 Mbits/sec  7403  
[ 21]   6.00-7.00   sec  9.87 MBytes  82.8 Mbits/sec  7403  
[ 23]   6.00-7.00   sec  9.87 MBytes  82.8 Mbits/sec  7403  
[ 25]   6.00-7.00   sec  9.87 MBytes  82.8 Mbits/sec  7403  
[ 27]   6.00-7.00   sec  9.87 MBytes  82.8 Mbits/sec  7403  
[ 29]   6.00-7.00   sec  9.87 MBytes  82.8 Mbits/sec  7403  
[ 31]   6.00-7.00   sec  9.87 MBytes  82.8 Mbits/sec  7403  
[ 33]   6.00-7.00   sec  9.87 MBytes  82.8 Mbits/sec  7403  
[ 35]   6.00-7.00   sec  9.87 MBytes  82.8 Mbits/sec  7403  
[ 37]   6.00-7.00   sec  9.87 MBytes  82.8 Mbits/sec  7403  
[ 39]   6.00-7.00   sec  9.87 MBytes  82.8 Mbits/sec  7403  
[ 41]   6.00-7.00   sec  9.87 MBytes  82.8 Mbits/sec  7403  
[ 43]   6.00-7.00   sec  9.87 MBytes  82.8 Mbits/sec  7403  
[SUM]   6.00-7.00   sec   197 MBytes  1656 Mbits/sec  148060  
- - - - - - - - - - - - - - - - - - - - - - - - -
[  5]   7.00-8.00   sec  10.1 MBytes  84.5 Mbits/sec  7555  
[  7]   7.00-8.00   sec  10.1 MBytes  84.5 Mbits/sec  7555  
[  9]   7.00-8.00   sec  10.1 MBytes  84.5 Mbits/sec  7555  
[ 11]   7.00-8.00   sec  10.1 MBytes  84.5 Mbits/sec  7555  
[ 13]   7.00-8.00   sec  10.1 MBytes  84.5 Mbits/sec  7555  
[ 15]   7.00-8.00   sec  10.1 MBytes  84.5 Mbits/sec  7555  
[ 17]   7.00-8.00   sec  10.1 MBytes  84.5 Mbits/sec  7555  
[ 19]   7.00-8.00   sec  10.1 MBytes  84.5 Mbits/sec  7555  
[ 21]   7.00-8.00   sec  10.1 MBytes  84.5 Mbits/sec  7555  
[ 23]   7.00-8.00   sec  10.1 MBytes  84.5 Mbits/sec  7555  
[ 25]   7.00-8.00   sec  10.1 MBytes  84.5 Mbits/sec  7555  
[ 27]   7.00-8.00   sec  10.1 MBytes  84.5 Mbits/sec  7555  
[ 29]   7.00-8.00   sec  10.1 MBytes  84.5 Mbits/sec  7555  
[ 31]   7.00-8.00   sec  10.1 MBytes  84.5 Mbits/sec  7555  
[ 33]   7.00-8.00   sec  10.1 MBytes  84.5 Mbits/sec  7555  
[ 35]   7.00-8.00   sec  10.1 MBytes  84.5 Mbits/sec  7555  
[ 37]   7.00-8.00   sec  10.1 MBytes  84.5 Mbits/sec  7555  
[ 39]   7.00-8.00   sec  10.1 MBytes  84.5 Mbits/sec  7555  
[ 41]   7.00-8.00   sec  10.1 MBytes  84.5 Mbits/sec  7555  
[ 43]   7.00-8.00   sec  10.1 MBytes  84.5 Mbits/sec  7555  
[SUM]   7.00-8.00   sec   201 MBytes  1690 Mbits/sec  151100  
- - - - - - - - - - - - - - - - - - - - - - - - -
[  5]   8.00-9.00   sec  10.1 MBytes  84.7 Mbits/sec  7575  
[  7]   8.00-9.00   sec  10.1 MBytes  84.7 Mbits/sec  7575  
[  9]   8.00-9.00   sec  10.1 MBytes  84.7 Mbits/sec  7575  
[ 11]   8.00-9.00   sec  10.1 MBytes  84.7 Mbits/sec  7575  
[ 13]   8.00-9.00   sec  10.1 MBytes  84.7 Mbits/sec  7575  
[ 15]   8.00-9.00   sec  10.1 MBytes  84.7 Mbits/sec  7575  
[ 17]   8.00-9.00   sec  10.1 MBytes  84.7 Mbits/sec  7575  
[ 19]   8.00-9.00   sec  10.1 MBytes  84.7 Mbits/sec  7575  
[ 21]   8.00-9.00   sec  10.1 MBytes  84.7 Mbits/sec  7575  
[ 23]   8.00-9.00   sec  10.1 MBytes  84.7 Mbits/sec  7575  
[ 25]   8.00-9.00   sec  10.1 MBytes  84.7 Mbits/sec  7575  
[ 27]   8.00-9.00   sec  10.1 MBytes  84.7 Mbits/sec  7575  
[ 29]   8.00-9.00   sec  10.1 MBytes  84.7 Mbits/sec  7575  
[ 31]   8.00-9.00   sec  10.1 MBytes  84.7 Mbits/sec  7575  
[ 33]   8.00-9.00   sec  10.1 MBytes  84.7 Mbits/sec  7575  
[ 35]   8.00-9.00   sec  10.1 MBytes  84.7 Mbits/sec  7575  
[ 37]   8.00-9.00   sec  10.1 MBytes  84.7 Mbits/sec  7575  
[ 39]   8.00-9.00   sec  10.1 MBytes  84.7 Mbits/sec  7575  
[ 41]   8.00-9.00   sec  10.1 MBytes  84.7 Mbits/sec  7575  
[ 43]   8.00-9.00   sec  10.1 MBytes  84.7 Mbits/sec  7575  
[SUM]   8.00-9.00   sec   202 MBytes  1694 Mbits/sec  151500  
- - - - - - - - - - - - - - - - - - - - - - - - -
[  5]   9.00-10.00  sec  10.1 MBytes  84.4 Mbits/sec  7543  
[  7]   9.00-10.00  sec  10.1 MBytes  84.4 Mbits/sec  7543  
[  9]   9.00-10.00  sec  10.1 MBytes  84.4 Mbits/sec  7543  
[ 11]   9.00-10.00  sec  10.1 MBytes  84.4 Mbits/sec  7543  
[ 13]   9.00-10.00  sec  10.1 MBytes  84.4 Mbits/sec  7543  
[ 15]   9.00-10.00  sec  10.1 MBytes  84.4 Mbits/sec  7543  
[ 17]   9.00-10.00  sec  10.1 MBytes  84.4 Mbits/sec  7543  
[ 19]   9.00-10.00  sec  10.1 MBytes  84.4 Mbits/sec  7543  
[ 21]   9.00-10.00  sec  10.1 MBytes  84.4 Mbits/sec  7543  
[ 23]   9.00-10.00  sec  10.1 MBytes  84.4 Mbits/sec  7543  
[ 25]   9.00-10.00  sec  10.1 MBytes  84.4 Mbits/sec  7543  
[ 27]   9.00-10.00  sec  10.1 MBytes  84.4 Mbits/sec  7543  
[ 29]   9.00-10.00  sec  10.1 MBytes  84.4 Mbits/sec  7543  
[ 31]   9.00-10.00  sec  10.1 MBytes  84.4 Mbits/sec  7543  
[ 33]   9.00-10.00  sec  10.1 MBytes  84.4 Mbits/sec  7543  
[ 35]   9.00-10.00  sec  10.1 MBytes  84.4 Mbits/sec  7543  
[ 37]   9.00-10.00  sec  10.1 MBytes  84.4 Mbits/sec  7543  
[ 39]   9.00-10.00  sec  10.1 MBytes  84.4 Mbits/sec  7543  
[ 41]   9.00-10.00  sec  10.1 MBytes  84.4 Mbits/sec  7543  
[ 43]   9.00-10.00  sec  10.1 MBytes  84.4 Mbits/sec  7543  
[SUM]   9.00-10.00  sec   201 MBytes  1687 Mbits/sec  150860  
- - - - - - - - - - - - - - - - - - - - - - - - -
[  5]  10.00-11.00  sec  10.1 MBytes  84.4 Mbits/sec  7545  
[  7]  10.00-11.00  sec  10.1 MBytes  84.4 Mbits/sec  7545  
[  9]  10.00-11.00  sec  10.1 MBytes  84.4 Mbits/sec  7545  
[ 11]  10.00-11.00  sec  10.1 MBytes  84.4 Mbits/sec  7545  
[ 13]  10.00-11.00  sec  10.1 MBytes  84.4 Mbits/sec  7545  
[ 15]  10.00-11.00  sec  10.1 MBytes  84.4 Mbits/sec  7545  
[ 17]  10.00-11.00  sec  10.1 MBytes  84.4 Mbits/sec  7545  
[ 19]  10.00-11.00  sec  10.1 MBytes  84.4 Mbits/sec  7545  
[ 21]  10.00-11.00  sec  10.1 MBytes  84.4 Mbits/sec  7545  
[ 23]  10.00-11.00  sec  10.1 MBytes  84.4 Mbits/sec  7545  
[ 25]  10.00-11.00  sec  10.1 MBytes  84.4 Mbits/sec  7545  
[ 27]  10.00-11.00  sec  10.1 MBytes  84.4 Mbits/sec  7545  
[ 29]  10.00-11.00  sec  10.1 MBytes  84.4 Mbits/sec  7545  
[ 31]  10.00-11.00  sec  10.1 MBytes  84.4 Mbits/sec  7545  
[ 33]  10.00-11.00  sec  10.1 MBytes  84.4 Mbits/sec  7545  
[ 35]  10.00-11.00  sec  10.1 MBytes  84.4 Mbits/sec  7545  
[ 37]  10.00-11.00  sec  10.1 MBytes  84.4 Mbits/sec  7545  
[ 39]  10.00-11.00  sec  10.1 MBytes  84.4 Mbits/sec  7545  
[ 41]  10.00-11.00  sec  10.1 MBytes  84.4 Mbits/sec  7545  
[ 43]  10.00-11.00  sec  10.1 MBytes  84.4 Mbits/sec  7545  
[SUM]  10.00-11.00  sec   201 MBytes  1688 Mbits/sec  150900  
- - - - - - - - - - - - - - - - - - - - - - - - -
[  5]  11.00-12.00  sec  10.0 MBytes  84.2 Mbits/sec  7530  
[  7]  11.00-12.00  sec  10.0 MBytes  84.2 Mbits/sec  7530  
[  9]  11.00-12.00  sec  10.0 MBytes  84.2 Mbits/sec  7530  
[ 11]  11.00-12.00  sec  10.0 MBytes  84.2 Mbits/sec  7530  
[ 13]  11.00-12.00  sec  10.0 MBytes  84.2 Mbits/sec  7530  
[ 15]  11.00-12.00  sec  10.0 MBytes  84.2 Mbits/sec  7530  
[ 17]  11.00-12.00  sec  10.0 MBytes  84.2 Mbits/sec  7530  
[ 19]  11.00-12.00  sec  10.0 MBytes  84.2 Mbits/sec  7530  
[ 21]  11.00-12.00  sec  10.0 MBytes  84.2 Mbits/sec  7530  
[ 23]  11.00-12.00  sec  10.0 MBytes  84.2 Mbits/sec  7530  
[ 25]  11.00-12.00  sec  10.0 MBytes  84.2 Mbits/sec  7530  
[ 27]  11.00-12.00  sec  10.0 MBytes  84.2 Mbits/sec  7530  
[ 29]  11.00-12.00  sec  10.0 MBytes  84.2 Mbits/sec  7530  
[ 31]  11.00-12.00  sec  10.0 MBytes  84.2 Mbits/sec  7530  
[ 33]  11.00-12.00  sec  10.0 MBytes  84.2 Mbits/sec  7530  
[ 35]  11.00-12.00  sec  10.0 MBytes  84.2 Mbits/sec  7530  
[ 37]  11.00-12.00  sec  10.0 MBytes  84.2 Mbits/sec  7530  
[ 39]  11.00-12.00  sec  10.0 MBytes  84.2 Mbits/sec  7530  
[ 41]  11.00-12.00  sec  10.0 MBytes  84.2 Mbits/sec  7530  
[ 43]  11.00-12.00  sec  10.0 MBytes  84.2 Mbits/sec  7530  
[SUM]  11.00-12.00  sec   201 MBytes  1684 Mbits/sec  150600  
- - - - - - - - - - - - - - - - - - - - - - - - -
[  5]  12.00-13.00  sec  10.1 MBytes  84.5 Mbits/sec  7559  
[  7]  12.00-13.00  sec  10.1 MBytes  84.5 Mbits/sec  7559  
[  9]  12.00-13.00  sec  10.1 MBytes  84.5 Mbits/sec  7559  
[ 11]  12.00-13.00  sec  10.1 MBytes  84.5 Mbits/sec  7559  
[ 13]  12.00-13.00  sec  10.1 MBytes  84.5 Mbits/sec  7559  
[ 15]  12.00-13.00  sec  10.1 MBytes  84.5 Mbits/sec  7559  
[ 17]  12.00-13.00  sec  10.1 MBytes  84.5 Mbits/sec  7559  
[ 19]  12.00-13.00  sec  10.1 MBytes  84.5 Mbits/sec  7559  
[ 21]  12.00-13.00  sec  10.1 MBytes  84.5 Mbits/sec  7559  
[ 23]  12.00-13.00  sec  10.1 MBytes  84.5 Mbits/sec  7559  
[ 25]  12.00-13.00  sec  10.1 MBytes  84.5 Mbits/sec  7559  
[ 27]  12.00-13.00  sec  10.1 MBytes  84.5 Mbits/sec  7559  
[ 29]  12.00-13.00  sec  10.1 MBytes  84.5 Mbits/sec  7559  
[ 31]  12.00-13.00  sec  10.1 MBytes  84.5 Mbits/sec  7559  
[ 33]  12.00-13.00  sec  10.1 MBytes  84.5 Mbits/sec  7559  
[ 35]  12.00-13.00  sec  10.1 MBytes  84.5 Mbits/sec  7559  
[ 37]  12.00-13.00  sec  10.1 MBytes  84.5 Mbits/sec  7559  
[ 39]  12.00-13.00  sec  10.1 MBytes  84.5 Mbits/sec  7559  
[ 41]  12.00-13.00  sec  10.1 MBytes  84.5 Mbits/sec  7559  
[ 43]  12.00-13.00  sec  10.1 MBytes  84.5 Mbits/sec  7559  
[SUM]  12.00-13.00  sec   202 MBytes  1691 Mbits/sec  151180  
- - - - - - - - - - - - - - - - - - - - - - - - -
[  5]  13.00-14.00  sec  9.95 MBytes  83.5 Mbits/sec  7466  
[  7]  13.00-14.00  sec  9.95 MBytes  83.5 Mbits/sec  7466  
[  9]  13.00-14.00  sec  9.95 MBytes  83.5 Mbits/sec  7466  
[ 11]  13.00-14.00  sec  9.95 MBytes  83.5 Mbits/sec  7466  
[ 13]  13.00-14.00  sec  9.95 MBytes  83.5 Mbits/sec  7466  
[ 15]  13.00-14.00  sec  9.95 MBytes  83.5 Mbits/sec  7466  
[ 17]  13.00-14.00  sec  9.95 MBytes  83.5 Mbits/sec  7466  
[ 19]  13.00-14.00  sec  9.95 MBytes  83.5 Mbits/sec  7466  
[ 21]  13.00-14.00  sec  9.95 MBytes  83.5 Mbits/sec  7466  
[ 23]  13.00-14.00  sec  9.95 MBytes  83.5 Mbits/sec  7466  
[ 25]  13.00-14.00  sec  9.95 MBytes  83.5 Mbits/sec  7466  
[ 27]  13.00-14.00  sec  9.95 MBytes  83.5 Mbits/sec  7466  
[ 29]  13.00-14.00  sec  9.95 MBytes  83.5 Mbits/sec  7466  
[ 31]  13.00-14.00  sec  9.95 MBytes  83.5 Mbits/sec  7466  
[ 33]  13.00-14.00  sec  9.95 MBytes  83.5 Mbits/sec  7466  
[ 35]  13.00-14.00  sec  9.95 MBytes  83.5 Mbits/sec  7466  
[ 37]  13.00-14.00  sec  9.95 MBytes  83.5 Mbits/sec  7466  
[ 39]  13.00-14.00  sec  9.95 MBytes  83.5 Mbits/sec  7466  
[ 41]  13.00-14.00  sec  9.95 MBytes  83.5 Mbits/sec  7466  
[ 43]  13.00-14.00  sec  9.95 MBytes  83.5 Mbits/sec  7466  
[SUM]  13.00-14.00  sec   199 MBytes  1670 Mbits/sec  149320  
- - - - - - - - - - - - - - - - - - - - - - - - -
[  5]  14.00-15.00  sec  10.0 MBytes  84.0 Mbits/sec  7509  
[  7]  14.00-15.00  sec  10.0 MBytes  84.0 Mbits/sec  7509  
[  9]  14.00-15.00  sec  10.0 MBytes  84.0 Mbits/sec  7509  
[ 11]  14.00-15.00  sec  10.0 MBytes  84.0 Mbits/sec  7509  
[ 13]  14.00-15.00  sec  10.0 MBytes  84.0 Mbits/sec  7509  
[ 15]  14.00-15.00  sec  10.0 MBytes  84.0 Mbits/sec  7509  
[ 17]  14.00-15.00  sec  10.0 MBytes  84.0 Mbits/sec  7509  
[ 19]  14.00-15.00  sec  10.0 MBytes  84.0 Mbits/sec  7509  
[ 21]  14.00-15.00  sec  10.0 MBytes  84.0 Mbits/sec  7509  
[ 23]  14.00-15.00  sec  10.0 MBytes  84.0 Mbits/sec  7509  
[ 25]  14.00-15.00  sec  10.0 MBytes  84.0 Mbits/sec  7509  
[ 27]  14.00-15.00  sec  10.0 MBytes  84.0 Mbits/sec  7509  
[ 29]  14.00-15.00  sec  10.0 MBytes  84.0 Mbits/sec  7509  
[ 31]  14.00-15.00  sec  10.0 MBytes  84.0 Mbits/sec  7509  
[ 33]  14.00-15.00  sec  10.0 MBytes  84.0 Mbits/sec  7509  
[ 35]  14.00-15.00  sec  10.0 MBytes  84.0 Mbits/sec  7509  
[ 37]  14.00-15.00  sec  10.0 MBytes  84.0 Mbits/sec  7509  
[ 39]  14.00-15.00  sec  10.0 MBytes  84.0 Mbits/sec  7509  
[ 41]  14.00-15.00  sec  10.0 MBytes  84.0 Mbits/sec  7509  
[ 43]  14.00-15.00  sec  10.0 MBytes  84.0 Mbits/sec  7509  
[SUM]  14.00-15.00  sec   200 MBytes  1680 Mbits/sec  150180  
- - - - - - - - - - - - - - - - - - - - - - - - -
[  5]  15.00-16.00  sec  10.1 MBytes  84.4 Mbits/sec  7544  
[  7]  15.00-16.00  sec  10.1 MBytes  84.4 Mbits/sec  7544  
[  9]  15.00-16.00  sec  10.1 MBytes  84.4 Mbits/sec  7544  
[ 11]  15.00-16.00  sec  10.1 MBytes  84.4 Mbits/sec  7544  
[ 13]  15.00-16.00  sec  10.1 MBytes  84.4 Mbits/sec  7544  
[ 15]  15.00-16.00  sec  10.1 MBytes  84.4 Mbits/sec  7544  
[ 17]  15.00-16.00  sec  10.1 MBytes  84.4 Mbits/sec  7544  
[ 19]  15.00-16.00  sec  10.1 MBytes  84.4 Mbits/sec  7544  
[ 21]  15.00-16.00  sec  10.1 MBytes  84.4 Mbits/sec  7544  
[ 23]  15.00-16.00  sec  10.1 MBytes  84.4 Mbits/sec  7544  
[ 25]  15.00-16.00  sec  10.1 MBytes  84.4 Mbits/sec  7544  
[ 27]  15.00-16.00  sec  10.1 MBytes  84.4 Mbits/sec  7544  
[ 29]  15.00-16.00  sec  10.1 MBytes  84.4 Mbits/sec  7544  
[ 31]  15.00-16.00  sec  10.1 MBytes  84.4 Mbits/sec  7544  
[ 33]  15.00-16.00  sec  10.1 MBytes  84.4 Mbits/sec  7544  
[ 35]  15.00-16.00  sec  10.1 MBytes  84.4 Mbits/sec  7544  
[ 37]  15.00-16.00  sec  10.1 MBytes  84.4 Mbits/sec  7544  
[ 39]  15.00-16.00  sec  10.1 MBytes  84.4 Mbits/sec  7544  
[ 41]  15.00-16.00  sec  10.1 MBytes  84.4 Mbits/sec  7544  
[ 43]  15.00-16.00  sec  10.1 MBytes  84.4 Mbits/sec  7544  
[SUM]  15.00-16.00  sec   201 MBytes  1687 Mbits/sec  150880  
- - - - - - - - - - - - - - - - - - - - - - - - -
[  5]  16.00-17.00  sec  10.1 MBytes  84.6 Mbits/sec  7564  
[  7]  16.00-17.00  sec  10.1 MBytes  84.6 Mbits/sec  7564  
[  9]  16.00-17.00  sec  10.1 MBytes  84.6 Mbits/sec  7564  
[ 11]  16.00-17.00  sec  10.1 MBytes  84.6 Mbits/sec  7564  
[ 13]  16.00-17.00  sec  10.1 MBytes  84.6 Mbits/sec  7564  
[ 15]  16.00-17.00  sec  10.1 MBytes  84.6 Mbits/sec  7564  
[ 17]  16.00-17.00  sec  10.1 MBytes  84.6 Mbits/sec  7564  
[ 19]  16.00-17.00  sec  10.1 MBytes  84.6 Mbits/sec  7564  
[ 21]  16.00-17.00  sec  10.1 MBytes  84.6 Mbits/sec  7564  
[ 23]  16.00-17.00  sec  10.1 MBytes  84.6 Mbits/sec  7564  
[ 25]  16.00-17.00  sec  10.1 MBytes  84.6 Mbits/sec  7564  
[ 27]  16.00-17.00  sec  10.1 MBytes  84.6 Mbits/sec  7564  
[ 29]  16.00-17.00  sec  10.1 MBytes  84.6 Mbits/sec  7564  
[ 31]  16.00-17.00  sec  10.1 MBytes  84.6 Mbits/sec  7564  
[ 33]  16.00-17.00  sec  10.1 MBytes  84.6 Mbits/sec  7564  
[ 35]  16.00-17.00  sec  10.1 MBytes  84.6 Mbits/sec  7564  
[ 37]  16.00-17.00  sec  10.1 MBytes  84.6 Mbits/sec  7564  
[ 39]  16.00-17.00  sec  10.1 MBytes  84.6 Mbits/sec  7564  
[ 41]  16.00-17.00  sec  10.1 MBytes  84.6 Mbits/sec  7564  
[ 43]  16.00-17.00  sec  10.1 MBytes  84.6 Mbits/sec  7564  
[SUM]  16.00-17.00  sec   202 MBytes  1692 Mbits/sec  151280  
- - - - - - - - - - - - - - - - - - - - - - - - -
[  5]  17.00-18.00  sec  9.88 MBytes  82.9 Mbits/sec  7408  
[  7]  17.00-18.00  sec  9.88 MBytes  82.9 Mbits/sec  7408  
[  9]  17.00-18.00  sec  9.88 MBytes  82.9 Mbits/sec  7408  
[ 11]  17.00-18.00  sec  9.88 MBytes  82.9 Mbits/sec  7408  
[ 13]  17.00-18.00  sec  9.88 MBytes  82.9 Mbits/sec  7408  
[ 15]  17.00-18.00  sec  9.88 MBytes  82.9 Mbits/sec  7408  
[ 17]  17.00-18.00  sec  9.88 MBytes  82.9 Mbits/sec  7408  
[ 19]  17.00-18.00  sec  9.88 MBytes  82.9 Mbits/sec  7408  
[ 21]  17.00-18.00  sec  9.88 MBytes  82.9 Mbits/sec  7408  
[ 23]  17.00-18.00  sec  9.88 MBytes  82.9 Mbits/sec  7408  
[ 25]  17.00-18.00  sec  9.88 MBytes  82.9 Mbits/sec  7408  
[ 27]  17.00-18.00  sec  9.88 MBytes  82.9 Mbits/sec  7408  
[ 29]  17.00-18.00  sec  9.88 MBytes  82.9 Mbits/sec  7408  
[ 31]  17.00-18.00  sec  9.88 MBytes  82.9 Mbits/sec  7408  
[ 33]  17.00-18.00  sec  9.88 MBytes  82.9 Mbits/sec  7408  
[ 35]  17.00-18.00  sec  9.88 MBytes  82.9 Mbits/sec  7408  
[ 37]  17.00-18.00  sec  9.88 MBytes  82.9 Mbits/sec  7408  
[ 39]  17.00-18.00  sec  9.88 MBytes  82.9 Mbits/sec  7408  
[ 41]  17.00-18.00  sec  9.88 MBytes  82.9 Mbits/sec  7408  
[ 43]  17.00-18.00  sec  9.88 MBytes  82.9 Mbits/sec  7408  
[SUM]  17.00-18.00  sec   198 MBytes  1657 Mbits/sec  148160  
- - - - - - - - - - - - - - - - - - - - - - - - -
[  5]  18.00-19.00  sec  10.1 MBytes  84.7 Mbits/sec  7570  
[  7]  18.00-19.00  sec  10.1 MBytes  84.7 Mbits/sec  7570  
[  9]  18.00-19.00  sec  10.1 MBytes  84.7 Mbits/sec  7570  
[ 11]  18.00-19.00  sec  10.1 MBytes  84.7 Mbits/sec  7570  
[ 13]  18.00-19.00  sec  10.1 MBytes  84.7 Mbits/sec  7570  
[ 15]  18.00-19.00  sec  10.1 MBytes  84.7 Mbits/sec  7570  
[ 17]  18.00-19.00  sec  10.1 MBytes  84.7 Mbits/sec  7570  
[ 19]  18.00-19.00  sec  10.1 MBytes  84.7 Mbits/sec  7570  
[ 21]  18.00-19.00  sec  10.1 MBytes  84.7 Mbits/sec  7570  
[ 23]  18.00-19.00  sec  10.1 MBytes  84.7 Mbits/sec  7570  
[ 25]  18.00-19.00  sec  10.1 MBytes  84.7 Mbits/sec  7570  
[ 27]  18.00-19.00  sec  10.1 MBytes  84.7 Mbits/sec  7570  
[ 29]  18.00-19.00  sec  10.1 MBytes  84.7 Mbits/sec  7570  
[ 31]  18.00-19.00  sec  10.1 MBytes  84.7 Mbits/sec  7570  
[ 33]  18.00-19.00  sec  10.1 MBytes  84.7 Mbits/sec  7570  
[ 35]  18.00-19.00  sec  10.1 MBytes  84.7 Mbits/sec  7570  
[ 37]  18.00-19.00  sec  10.1 MBytes  84.7 Mbits/sec  7570  
[ 39]  18.00-19.00  sec  10.1 MBytes  84.7 Mbits/sec  7570  
[ 41]  18.00-19.00  sec  10.1 MBytes  84.7 Mbits/sec  7570  
[ 43]  18.00-19.00  sec  10.1 MBytes  84.7 Mbits/sec  7570  
[SUM]  18.00-19.00  sec   202 MBytes  1693 Mbits/sec  151400  
- - - - - - - - - - - - - - - - - - - - - - - - -
[  5]  19.00-20.00  sec  10.0 MBytes  84.1 Mbits/sec  7518  
[  7]  19.00-20.00  sec  10.0 MBytes  84.1 Mbits/sec  7518  
[  9]  19.00-20.00  sec  10.0 MBytes  84.1 Mbits/sec  7518  
[ 11]  19.00-20.00  sec  10.0 MBytes  84.1 Mbits/sec  7518  
[ 13]  19.00-20.00  sec  10.0 MBytes  84.1 Mbits/sec  7518  
[ 15]  19.00-20.00  sec  10.0 MBytes  84.1 Mbits/sec  7518  
[ 17]  19.00-20.00  sec  10.0 MBytes  84.1 Mbits/sec  7518  
[ 19]  19.00-20.00  sec  10.0 MBytes  84.1 Mbits/sec  7518  
[ 21]  19.00-20.00  sec  10.0 MBytes  84.1 Mbits/sec  7518  
[ 23]  19.00-20.00  sec  10.0 MBytes  84.1 Mbits/sec  7518  
[ 25]  19.00-20.00  sec  10.0 MBytes  84.1 Mbits/sec  7518  
[ 27]  19.00-20.00  sec  10.0 MBytes  84.1 Mbits/sec  7518  
[ 29]  19.00-20.00  sec  10.0 MBytes  84.1 Mbits/sec  7518  
[ 31]  19.00-20.00  sec  10.0 MBytes  84.1 Mbits/sec  7518  
[ 33]  19.00-20.00  sec  10.0 MBytes  84.1 Mbits/sec  7518  
[ 35]  19.00-20.00  sec  10.0 MBytes  84.1 Mbits/sec  7518  
[ 37]  19.00-20.00  sec  10.0 MBytes  84.1 Mbits/sec  7518  
[ 39]  19.00-20.00  sec  10.0 MBytes  84.1 Mbits/sec  7518  
[ 41]  19.00-20.00  sec  10.0 MBytes  84.1 Mbits/sec  7518  
[ 43]  19.00-20.00  sec  10.0 MBytes  84.1 Mbits/sec  7518  
[SUM]  19.00-20.00  sec   200 MBytes  1682 Mbits/sec  150360  
- - - - - - - - - - - - - - - - - - - - - - - - -
[  5]  20.00-21.00  sec  9.83 MBytes  82.5 Mbits/sec  7372  
[  7]  20.00-21.00  sec  9.83 MBytes  82.5 Mbits/sec  7372  
[  9]  20.00-21.00  sec  9.83 MBytes  82.5 Mbits/sec  7372  
[ 11]  20.00-21.00  sec  9.83 MBytes  82.5 Mbits/sec  7372  
[ 13]  20.00-21.00  sec  9.83 MBytes  82.5 Mbits/sec  7372  
[ 15]  20.00-21.00  sec  9.83 MBytes  82.5 Mbits/sec  7372  
[ 17]  20.00-21.00  sec  9.83 MBytes  82.5 Mbits/sec  7372  
[ 19]  20.00-21.00  sec  9.83 MBytes  82.5 Mbits/sec  7372  
[ 21]  20.00-21.00  sec  9.83 MBytes  82.5 Mbits/sec  7372  
[ 23]  20.00-21.00  sec  9.83 MBytes  82.5 Mbits/sec  7372  
[ 25]  20.00-21.00  sec  9.83 MBytes  82.5 Mbits/sec  7372  
[ 27]  20.00-21.00  sec  9.83 MBytes  82.5 Mbits/sec  7372  
[ 29]  20.00-21.00  sec  9.83 MBytes  82.5 Mbits/sec  7372  
[ 31]  20.00-21.00  sec  9.83 MBytes  82.5 Mbits/sec  7372  
[ 33]  20.00-21.00  sec  9.83 MBytes  82.5 Mbits/sec  7372  
[ 35]  20.00-21.00  sec  9.83 MBytes  82.5 Mbits/sec  7372  
[ 37]  20.00-21.00  sec  9.83 MBytes  82.5 Mbits/sec  7372  
[ 39]  20.00-21.00  sec  9.83 MBytes  82.5 Mbits/sec  7372  
[ 41]  20.00-21.00  sec  9.83 MBytes  82.5 Mbits/sec  7372  
[ 43]  20.00-21.00  sec  9.83 MBytes  82.5 Mbits/sec  7372  
[SUM]  20.00-21.00  sec   197 MBytes  1649 Mbits/sec  147440  
- - - - - - - - - - - - - - - - - - - - - - - - -
[  5]  21.00-22.00  sec  9.91 MBytes  83.2 Mbits/sec  7436  
[  7]  21.00-22.00  sec  9.91 MBytes  83.2 Mbits/sec  7436  
[  9]  21.00-22.00  sec  9.91 MBytes  83.2 Mbits/sec  7436  
[ 11]  21.00-22.00  sec  9.91 MBytes  83.2 Mbits/sec  7436  
[ 13]  21.00-22.00  sec  9.91 MBytes  83.2 Mbits/sec  7436  
[ 15]  21.00-22.00  sec  9.91 MBytes  83.2 Mbits/sec  7436  
[ 17]  21.00-22.00  sec  9.91 MBytes  83.2 Mbits/sec  7436  
[ 19]  21.00-22.00  sec  9.91 MBytes  83.2 Mbits/sec  7436  
[ 21]  21.00-22.00  sec  9.91 MBytes  83.2 Mbits/sec  7436  
[ 23]  21.00-22.00  sec  9.91 MBytes  83.2 Mbits/sec  7436  
[ 25]  21.00-22.00  sec  9.91 MBytes  83.2 Mbits/sec  7436  
[ 27]  21.00-22.00  sec  9.91 MBytes  83.2 Mbits/sec  7436  
[ 29]  21.00-22.00  sec  9.91 MBytes  83.2 Mbits/sec  7436  
[ 31]  21.00-22.00  sec  9.91 MBytes  83.2 Mbits/sec  7436  
[ 33]  21.00-22.00  sec  9.91 MBytes  83.2 Mbits/sec  7436  
[ 35]  21.00-22.00  sec  9.91 MBytes  83.2 Mbits/sec  7436  
[ 37]  21.00-22.00  sec  9.91 MBytes  83.2 Mbits/sec  7436  
[ 39]  21.00-22.00  sec  9.91 MBytes  83.2 Mbits/sec  7436  
[ 41]  21.00-22.00  sec  9.91 MBytes  83.2 Mbits/sec  7436  
[ 43]  21.00-22.00  sec  9.91 MBytes  83.2 Mbits/sec  7436  
[SUM]  21.00-22.00  sec   198 MBytes  1663 Mbits/sec  148720  
- - - - - - - - - - - - - - - - - - - - - - - - -
[  5]  22.00-23.00  sec  9.92 MBytes  83.2 Mbits/sec  7440  
[  7]  22.00-23.00  sec  9.92 MBytes  83.2 Mbits/sec  7440  
[  9]  22.00-23.00  sec  9.92 MBytes  83.2 Mbits/sec  7440  
[ 11]  22.00-23.00  sec  9.92 MBytes  83.2 Mbits/sec  7440  
[ 13]  22.00-23.00  sec  9.92 MBytes  83.2 Mbits/sec  7440  
[ 15]  22.00-23.00  sec  9.92 MBytes  83.2 Mbits/sec  7440  
[ 17]  22.00-23.00  sec  9.92 MBytes  83.2 Mbits/sec  7440  
[ 19]  22.00-23.00  sec  9.92 MBytes  83.2 Mbits/sec  7440  
[ 21]  22.00-23.00  sec  9.92 MBytes  83.2 Mbits/sec  7440  
[ 23]  22.00-23.00  sec  9.92 MBytes  83.2 Mbits/sec  7440  
[ 25]  22.00-23.00  sec  9.92 MBytes  83.2 Mbits/sec  7440  
[ 27]  22.00-23.00  sec  9.92 MBytes  83.2 Mbits/sec  7440  
[ 29]  22.00-23.00  sec  9.92 MBytes  83.2 Mbits/sec  7440  
[ 31]  22.00-23.00  sec  9.92 MBytes  83.2 Mbits/sec  7440  
[ 33]  22.00-23.00  sec  9.92 MBytes  83.2 Mbits/sec  7440  
[ 35]  22.00-23.00  sec  9.92 MBytes  83.2 Mbits/sec  7440  
[ 37]  22.00-23.00  sec  9.92 MBytes  83.2 Mbits/sec  7440  
[ 39]  22.00-23.00  sec  9.92 MBytes  83.2 Mbits/sec  7440  
[ 41]  22.00-23.00  sec  9.92 MBytes  83.2 Mbits/sec  7440  
[ 43]  22.00-23.00  sec  9.92 MBytes  83.2 Mbits/sec  7440  
[SUM]  22.00-23.00  sec   198 MBytes  1664 Mbits/sec  148800  
- - - - - - - - - - - - - - - - - - - - - - - - -
[  5]  23.00-24.00  sec  9.88 MBytes  82.9 Mbits/sec  7408  
[  7]  23.00-24.00  sec  9.88 MBytes  82.9 Mbits/sec  7408  
[  9]  23.00-24.00  sec  9.88 MBytes  82.9 Mbits/sec  7408  
[ 11]  23.00-24.00  sec  9.88 MBytes  82.9 Mbits/sec  7408  
[ 13]  23.00-24.00  sec  9.88 MBytes  82.9 Mbits/sec  7408  
[ 15]  23.00-24.00  sec  9.88 MBytes  82.9 Mbits/sec  7408  
[ 17]  23.00-24.00  sec  9.88 MBytes  82.9 Mbits/sec  7408  
[ 19]  23.00-24.00  sec  9.88 MBytes  82.9 Mbits/sec  7408  
[ 21]  23.00-24.00  sec  9.88 MBytes  82.9 Mbits/sec  7408  
[ 23]  23.00-24.00  sec  9.88 MBytes  82.9 Mbits/sec  7408  
[ 25]  23.00-24.00  sec  9.88 MBytes  82.9 Mbits/sec  7408  
[ 27]  23.00-24.00  sec  9.88 MBytes  82.9 Mbits/sec  7408  
[ 29]  23.00-24.00  sec  9.88 MBytes  82.9 Mbits/sec  7408  
[ 31]  23.00-24.00  sec  9.88 MBytes  82.9 Mbits/sec  7408  
[ 33]  23.00-24.00  sec  9.88 MBytes  82.9 Mbits/sec  7408  
[ 35]  23.00-24.00  sec  9.88 MBytes  82.9 Mbits/sec  7408  
[ 37]  23.00-24.00  sec  9.88 MBytes  82.9 Mbits/sec  7408  
[ 39]  23.00-24.00  sec  9.88 MBytes  82.9 Mbits/sec  7408  
[ 41]  23.00-24.00  sec  9.88 MBytes  82.9 Mbits/sec  7408  
[ 43]  23.00-24.00  sec  9.88 MBytes  82.9 Mbits/sec  7408  
[SUM]  23.00-24.00  sec   198 MBytes  1657 Mbits/sec  148160  
- - - - - - - - - - - - - - - - - - - - - - - - -
[  5]  24.00-25.00  sec  10.0 MBytes  84.2 Mbits/sec  7525  
[  7]  24.00-25.00  sec  10.0 MBytes  84.2 Mbits/sec  7525  
[  9]  24.00-25.00  sec  10.0 MBytes  84.2 Mbits/sec  7525  
[ 11]  24.00-25.00  sec  10.0 MBytes  84.2 Mbits/sec  7525  
[ 13]  24.00-25.00  sec  10.0 MBytes  84.2 Mbits/sec  7525  
[ 15]  24.00-25.00  sec  10.0 MBytes  84.2 Mbits/sec  7525  
[ 17]  24.00-25.00  sec  10.0 MBytes  84.2 Mbits/sec  7525  
[ 19]  24.00-25.00  sec  10.0 MBytes  84.2 Mbits/sec  7525  
[ 21]  24.00-25.00  sec  10.0 MBytes  84.2 Mbits/sec  7525  
[ 23]  24.00-25.00  sec  10.0 MBytes  84.2 Mbits/sec  7525  
[ 25]  24.00-25.00  sec  10.0 MBytes  84.2 Mbits/sec  7525  
[ 27]  24.00-25.00  sec  10.0 MBytes  84.2 Mbits/sec  7525  
[ 29]  24.00-25.00  sec  10.0 MBytes  84.2 Mbits/sec  7525  
[ 31]  24.00-25.00  sec  10.0 MBytes  84.2 Mbits/sec  7525  
[ 33]  24.00-25.00  sec  10.0 MBytes  84.2 Mbits/sec  7525  
[ 35]  24.00-25.00  sec  10.0 MBytes  84.2 Mbits/sec  7525  
[ 37]  24.00-25.00  sec  10.0 MBytes  84.2 Mbits/sec  7525  
[ 39]  24.00-25.00  sec  10.0 MBytes  84.2 Mbits/sec  7525  
[ 41]  24.00-25.00  sec  10.0 MBytes  84.2 Mbits/sec  7525  
[ 43]  24.00-25.00  sec  10.0 MBytes  84.2 Mbits/sec  7525  
[SUM]  24.00-25.00  sec   201 MBytes  1683 Mbits/sec  150500  
- - - - - - - - - - - - - - - - - - - - - - - - -
[  5]  25.00-26.00  sec  10.1 MBytes  84.8 Mbits/sec  7579  
[  7]  25.00-26.00  sec  10.1 MBytes  84.8 Mbits/sec  7579  
[  9]  25.00-26.00  sec  10.1 MBytes  84.8 Mbits/sec  7579  
[ 11]  25.00-26.00  sec  10.1 MBytes  84.8 Mbits/sec  7579  
[ 13]  25.00-26.00  sec  10.1 MBytes  84.8 Mbits/sec  7579  
[ 15]  25.00-26.00  sec  10.1 MBytes  84.8 Mbits/sec  7579  
[ 17]  25.00-26.00  sec  10.1 MBytes  84.8 Mbits/sec  7579  
[ 19]  25.00-26.00  sec  10.1 MBytes  84.8 Mbits/sec  7579  
[ 21]  25.00-26.00  sec  10.1 MBytes  84.8 Mbits/sec  7579  
[ 23]  25.00-26.00  sec  10.1 MBytes  84.8 Mbits/sec  7579  
[ 25]  25.00-26.00  sec  10.1 MBytes  84.8 Mbits/sec  7579  
[ 27]  25.00-26.00  sec  10.1 MBytes  84.8 Mbits/sec  7579  
[ 29]  25.00-26.00  sec  10.1 MBytes  84.8 Mbits/sec  7579  
[ 31]  25.00-26.00  sec  10.1 MBytes  84.8 Mbits/sec  7579  
[ 33]  25.00-26.00  sec  10.1 MBytes  84.8 Mbits/sec  7579  
[ 35]  25.00-26.00  sec  10.1 MBytes  84.8 Mbits/sec  7579  
[ 37]  25.00-26.00  sec  10.1 MBytes  84.8 Mbits/sec  7579  
[ 39]  25.00-26.00  sec  10.1 MBytes  84.8 Mbits/sec  7579  
[ 41]  25.00-26.00  sec  10.1 MBytes  84.8 Mbits/sec  7579  
[ 43]  25.00-26.00  sec  10.1 MBytes  84.8 Mbits/sec  7579  
[SUM]  25.00-26.00  sec   202 MBytes  1695 Mbits/sec  151580  
- - - - - - - - - - - - - - - - - - - - - - - - -
[  5]  26.00-27.00  sec  9.79 MBytes  82.1 Mbits/sec  7344  
[  7]  26.00-27.00  sec  9.79 MBytes  82.1 Mbits/sec  7344  
[  9]  26.00-27.00  sec  9.79 MBytes  82.1 Mbits/sec  7344  
[ 11]  26.00-27.00  sec  9.79 MBytes  82.1 Mbits/sec  7344  
[ 13]  26.00-27.00  sec  9.79 MBytes  82.1 Mbits/sec  7344  
[ 15]  26.00-27.00  sec  9.79 MBytes  82.1 Mbits/sec  7344  
[ 17]  26.00-27.00  sec  9.79 MBytes  82.1 Mbits/sec  7344  
[ 19]  26.00-27.00  sec  9.79 MBytes  82.1 Mbits/sec  7344  
[ 21]  26.00-27.00  sec  9.79 MBytes  82.1 Mbits/sec  7344  
[ 23]  26.00-27.00  sec  9.79 MBytes  82.1 Mbits/sec  7344  
[ 25]  26.00-27.00  sec  9.79 MBytes  82.1 Mbits/sec  7344  
[ 27]  26.00-27.00  sec  9.79 MBytes  82.1 Mbits/sec  7344  
[ 29]  26.00-27.00  sec  9.79 MBytes  82.1 Mbits/sec  7344  
[ 31]  26.00-27.00  sec  9.79 MBytes  82.1 Mbits/sec  7344  
[ 33]  26.00-27.00  sec  9.79 MBytes  82.1 Mbits/sec  7344  
[ 35]  26.00-27.00  sec  9.79 MBytes  82.1 Mbits/sec  7344  
[ 37]  26.00-27.00  sec  9.79 MBytes  82.1 Mbits/sec  7344  
[ 39]  26.00-27.00  sec  9.79 MBytes  82.1 Mbits/sec  7344  
[ 41]  26.00-27.00  sec  9.79 MBytes  82.1 Mbits/sec  7344  
[ 43]  26.00-27.00  sec  9.79 MBytes  82.1 Mbits/sec  7344  
[SUM]  26.00-27.00  sec   196 MBytes  1643 Mbits/sec  146880  
- - - - - - - - - - - - - - - - - - - - - - - - -
[  5]  27.00-28.00  sec  9.98 MBytes  83.7 Mbits/sec  7486  
[  7]  27.00-28.00  sec  9.98 MBytes  83.7 Mbits/sec  7486  
[  9]  27.00-28.00  sec  9.98 MBytes  83.7 Mbits/sec  7486  
[ 11]  27.00-28.00  sec  9.98 MBytes  83.7 Mbits/sec  7486  
[ 13]  27.00-28.00  sec  9.98 MBytes  83.7 Mbits/sec  7486  
[ 15]  27.00-28.00  sec  9.98 MBytes  83.7 Mbits/sec  7486  
[ 17]  27.00-28.00  sec  9.98 MBytes  83.7 Mbits/sec  7486  
[ 19]  27.00-28.00  sec  9.98 MBytes  83.7 Mbits/sec  7486  
[ 21]  27.00-28.00  sec  9.98 MBytes  83.7 Mbits/sec  7486  
[ 23]  27.00-28.00  sec  9.98 MBytes  83.7 Mbits/sec  7486  
[ 25]  27.00-28.00  sec  9.98 MBytes  83.7 Mbits/sec  7486  
[ 27]  27.00-28.00  sec  9.98 MBytes  83.7 Mbits/sec  7486  
[ 29]  27.00-28.00  sec  9.98 MBytes  83.7 Mbits/sec  7486  
[ 31]  27.00-28.00  sec  9.98 MBytes  83.7 Mbits/sec  7486  
[ 33]  27.00-28.00  sec  9.98 MBytes  83.7 Mbits/sec  7486  
[ 35]  27.00-28.00  sec  9.98 MBytes  83.7 Mbits/sec  7486  
[ 37]  27.00-28.00  sec  9.98 MBytes  83.7 Mbits/sec  7486  
[ 39]  27.00-28.00  sec  9.98 MBytes  83.7 Mbits/sec  7486  
[ 41]  27.00-28.00  sec  9.98 MBytes  83.7 Mbits/sec  7486  
[ 43]  27.00-28.00  sec  9.98 MBytes  83.7 Mbits/sec  7486  
[SUM]  27.00-28.00  sec   200 MBytes  1675 Mbits/sec  149720  
- - - - - - - - - - - - - - - - - - - - - - - - -
[  5]  28.00-29.00  sec  10.1 MBytes  84.7 Mbits/sec  7575  
[  7]  28.00-29.00  sec  10.1 MBytes  84.7 Mbits/sec  7575  
[  9]  28.00-29.00  sec  10.1 MBytes  84.7 Mbits/sec  7575  
[ 11]  28.00-29.00  sec  10.1 MBytes  84.7 Mbits/sec  7575  
[ 13]  28.00-29.00  sec  10.1 MBytes  84.7 Mbits/sec  7575  
[ 15]  28.00-29.00  sec  10.1 MBytes  84.7 Mbits/sec  7575  
[ 17]  28.00-29.00  sec  10.1 MBytes  84.7 Mbits/sec  7575  
[ 19]  28.00-29.00  sec  10.1 MBytes  84.7 Mbits/sec  7575  
[ 21]  28.00-29.00  sec  10.1 MBytes  84.7 Mbits/sec  7575  
[ 23]  28.00-29.00  sec  10.1 MBytes  84.7 Mbits/sec  7575  
[ 25]  28.00-29.00  sec  10.1 MBytes  84.7 Mbits/sec  7575  
[ 27]  28.00-29.00  sec  10.1 MBytes  84.7 Mbits/sec  7575  
[ 29]  28.00-29.00  sec  10.1 MBytes  84.7 Mbits/sec  7575  
[ 31]  28.00-29.00  sec  10.1 MBytes  84.7 Mbits/sec  7575  
[ 33]  28.00-29.00  sec  10.1 MBytes  84.7 Mbits/sec  7575  
[ 35]  28.00-29.00  sec  10.1 MBytes  84.7 Mbits/sec  7575  
[ 37]  28.00-29.00  sec  10.1 MBytes  84.7 Mbits/sec  7575  
[ 39]  28.00-29.00  sec  10.1 MBytes  84.7 Mbits/sec  7575  
[ 41]  28.00-29.00  sec  10.1 MBytes  84.7 Mbits/sec  7575  
[ 43]  28.00-29.00  sec  10.1 MBytes  84.7 Mbits/sec  7575  
[SUM]  28.00-29.00  sec   202 MBytes  1694 Mbits/sec  151500  
- - - - - - - - - - - - - - - - - - - - - - - - -
[  5]  29.00-30.00  sec  10.1 MBytes  84.7 Mbits/sec  7576  
[  7]  29.00-30.00  sec  10.1 MBytes  84.7 Mbits/sec  7576  
[  9]  29.00-30.00  sec  10.1 MBytes  84.7 Mbits/sec  7576  
[ 11]  29.00-30.00  sec  10.1 MBytes  84.7 Mbits/sec  7576  
[ 13]  29.00-30.00  sec  10.1 MBytes  84.7 Mbits/sec  7576  
[ 15]  29.00-30.00  sec  10.1 MBytes  84.7 Mbits/sec  7576  
[ 17]  29.00-30.00  sec  10.1 MBytes  84.7 Mbits/sec  7576  
[ 19]  29.00-30.00  sec  10.1 MBytes  84.7 Mbits/sec  7576  
[ 21]  29.00-30.00  sec  10.1 MBytes  84.7 Mbits/sec  7576  
[ 23]  29.00-30.00  sec  10.1 MBytes  84.7 Mbits/sec  7576  
[ 25]  29.00-30.00  sec  10.1 MBytes  84.7 Mbits/sec  7576  
[ 27]  29.00-30.00  sec  10.1 MBytes  84.7 Mbits/sec  7576  
[ 29]  29.00-30.00  sec  10.1 MBytes  84.7 Mbits/sec  7576  
[ 31]  29.00-30.00  sec  10.1 MBytes  84.7 Mbits/sec  7576  
[ 33]  29.00-30.00  sec  10.1 MBytes  84.7 Mbits/sec  7576  
[ 35]  29.00-30.00  sec  10.1 MBytes  84.7 Mbits/sec  7576  
[ 37]  29.00-30.00  sec  10.1 MBytes  84.7 Mbits/sec  7576  
[ 39]  29.00-30.00  sec  10.1 MBytes  84.7 Mbits/sec  7576  
[ 41]  29.00-30.00  sec  10.1 MBytes  84.7 Mbits/sec  7576  
[ 43]  29.00-30.00  sec  10.1 MBytes  84.7 Mbits/sec  7576  
[SUM]  29.00-30.00  sec   202 MBytes  1695 Mbits/sec  151520  
- - - - - - - - - - - - - - - - - - - - - - - - -
[  5]  30.00-31.00  sec  10.0 MBytes  84.3 Mbits/sec  7538  
[  7]  30.00-31.00  sec  10.0 MBytes  84.3 Mbits/sec  7538  
[  9]  30.00-31.00  sec  10.0 MBytes  84.3 Mbits/sec  7538  
[ 11]  30.00-31.00  sec  10.0 MBytes  84.3 Mbits/sec  7538  
[ 13]  30.00-31.00  sec  10.0 MBytes  84.3 Mbits/sec  7538  
[ 15]  30.00-31.00  sec  10.0 MBytes  84.3 Mbits/sec  7538  
[ 17]  30.00-31.00  sec  10.0 MBytes  84.3 Mbits/sec  7538  
[ 19]  30.00-31.00  sec  10.0 MBytes  84.3 Mbits/sec  7538  
[ 21]  30.00-31.00  sec  10.0 MBytes  84.3 Mbits/sec  7538  
[ 23]  30.00-31.00  sec  10.0 MBytes  84.3 Mbits/sec  7538  
[ 25]  30.00-31.00  sec  10.0 MBytes  84.3 Mbits/sec  7538  
[ 27]  30.00-31.00  sec  10.0 MBytes  84.3 Mbits/sec  7538  
[ 29]  30.00-31.00  sec  10.0 MBytes  84.3 Mbits/sec  7538  
[ 31]  30.00-31.00  sec  10.0 MBytes  84.3 Mbits/sec  7538  
[ 33]  30.00-31.00  sec  10.0 MBytes  84.3 Mbits/sec  7538  
[ 35]  30.00-31.00  sec  10.0 MBytes  84.3 Mbits/sec  7538  
[ 37]  30.00-31.00  sec  10.0 MBytes  84.3 Mbits/sec  7538  
[ 39]  30.00-31.00  sec  10.0 MBytes  84.3 Mbits/sec  7538  
[ 41]  30.00-31.00  sec  10.0 MBytes  84.3 Mbits/sec  7538  
[ 43]  30.00-31.00  sec  10.0 MBytes  84.3 Mbits/sec  7538  
[SUM]  30.00-31.00  sec   201 MBytes  1686 Mbits/sec  150760  
- - - - - - - - - - - - - - - - - - - - - - - - -
[  5]  31.00-32.00  sec  10.1 MBytes  84.9 Mbits/sec  7589  
[  7]  31.00-32.00  sec  10.1 MBytes  84.9 Mbits/sec  7589  
[  9]  31.00-32.00  sec  10.1 MBytes  84.9 Mbits/sec  7589  
[ 11]  31.00-32.00  sec  10.1 MBytes  84.9 Mbits/sec  7589  
[ 13]  31.00-32.00  sec  10.1 MBytes  84.9 Mbits/sec  7589  
[ 15]  31.00-32.00  sec  10.1 MBytes  84.9 Mbits/sec  7589  
[ 17]  31.00-32.00  sec  10.1 MBytes  84.9 Mbits/sec  7589  
[ 19]  31.00-32.00  sec  10.1 MBytes  84.9 Mbits/sec  7589  
[ 21]  31.00-32.00  sec  10.1 MBytes  84.9 Mbits/sec  7589  
[ 23]  31.00-32.00  sec  10.1 MBytes  84.9 Mbits/sec  7589  
[ 25]  31.00-32.00  sec  10.1 MBytes  84.9 Mbits/sec  7589  
[ 27]  31.00-32.00  sec  10.1 MBytes  84.9 Mbits/sec  7589  
[ 29]  31.00-32.00  sec  10.1 MBytes  84.9 Mbits/sec  7589  
[ 31]  31.00-32.00  sec  10.1 MBytes  84.9 Mbits/sec  7589  
[ 33]  31.00-32.00  sec  10.1 MBytes  84.9 Mbits/sec  7589  
[ 35]  31.00-32.00  sec  10.1 MBytes  84.9 Mbits/sec  7589  
[ 37]  31.00-32.00  sec  10.1 MBytes  84.9 Mbits/sec  7589  
[ 39]  31.00-32.00  sec  10.1 MBytes  84.9 Mbits/sec  7589  
[ 41]  31.00-32.00  sec  10.1 MBytes  84.9 Mbits/sec  7589  
[ 43]  31.00-32.00  sec  10.1 MBytes  84.9 Mbits/sec  7589  
[SUM]  31.00-32.00  sec   202 MBytes  1698 Mbits/sec  151780  
- - - - - - - - - - - - - - - - - - - - - - - - -
[  5]  32.00-33.00  sec  9.96 MBytes  83.6 Mbits/sec  7471  
[  7]  32.00-33.00  sec  9.96 MBytes  83.6 Mbits/sec  7471  
[  9]  32.00-33.00  sec  9.96 MBytes  83.6 Mbits/sec  7471  
[ 11]  32.00-33.00  sec  9.96 MBytes  83.6 Mbits/sec  7471  
[ 13]  32.00-33.00  sec  9.96 MBytes  83.6 Mbits/sec  7471  
[ 15]  32.00-33.00  sec  9.96 MBytes  83.6 Mbits/sec  7471  
[ 17]  32.00-33.00  sec  9.96 MBytes  83.6 Mbits/sec  7471  
[ 19]  32.00-33.00  sec  9.96 MBytes  83.6 Mbits/sec  7471  
[ 21]  32.00-33.00  sec  9.96 MBytes  83.6 Mbits/sec  7471  
[ 23]  32.00-33.00  sec  9.96 MBytes  83.6 Mbits/sec  7471  
[ 25]  32.00-33.00  sec  9.96 MBytes  83.6 Mbits/sec  7471  
[ 27]  32.00-33.00  sec  9.96 MBytes  83.6 Mbits/sec  7471  
[ 29]  32.00-33.00  sec  9.96 MBytes  83.6 Mbits/sec  7471  
[ 31]  32.00-33.00  sec  9.96 MBytes  83.6 Mbits/sec  7471  
[ 33]  32.00-33.00  sec  9.96 MBytes  83.6 Mbits/sec  7471  
[ 35]  32.00-33.00  sec  9.96 MBytes  83.6 Mbits/sec  7471  
[ 37]  32.00-33.00  sec  9.96 MBytes  83.6 Mbits/sec  7471  
[ 39]  32.00-33.00  sec  9.96 MBytes  83.6 Mbits/sec  7471  
[ 41]  32.00-33.00  sec  9.96 MBytes  83.6 Mbits/sec  7471  
[ 43]  32.00-33.00  sec  9.96 MBytes  83.6 Mbits/sec  7471  
[SUM]  32.00-33.00  sec   199 MBytes  1671 Mbits/sec  149420  
- - - - - - - - - - - - - - - - - - - - - - - - -
[  5]  33.00-34.00  sec  9.66 MBytes  81.0 Mbits/sec  7242  
[  7]  33.00-34.00  sec  9.66 MBytes  81.0 Mbits/sec  7242  
[  9]  33.00-34.00  sec  9.66 MBytes  81.0 Mbits/sec  7242  
[ 11]  33.00-34.00  sec  9.66 MBytes  81.0 Mbits/sec  7242  
[ 13]  33.00-34.00  sec  9.66 MBytes  81.0 Mbits/sec  7242  
[ 15]  33.00-34.00  sec  9.66 MBytes  81.0 Mbits/sec  7242  
[ 17]  33.00-34.00  sec  9.66 MBytes  81.0 Mbits/sec  7242  
[ 19]  33.00-34.00  sec  9.66 MBytes  81.0 Mbits/sec  7242  
[ 21]  33.00-34.00  sec  9.66 MBytes  81.0 Mbits/sec  7242  
[ 23]  33.00-34.00  sec  9.66 MBytes  81.0 Mbits/sec  7242  
[ 25]  33.00-34.00  sec  9.66 MBytes  81.0 Mbits/sec  7242  
[ 27]  33.00-34.00  sec  9.66 MBytes  81.0 Mbits/sec  7242  
[ 29]  33.00-34.00  sec  9.66 MBytes  81.0 Mbits/sec  7242  
[ 31]  33.00-34.00  sec  9.66 MBytes  81.0 Mbits/sec  7242  
[ 33]  33.00-34.00  sec  9.66 MBytes  81.0 Mbits/sec  7242  
[ 35]  33.00-34.00  sec  9.66 MBytes  81.0 Mbits/sec  7242  
[ 37]  33.00-34.00  sec  9.66 MBytes  81.0 Mbits/sec  7242  
[ 39]  33.00-34.00  sec  9.66 MBytes  81.0 Mbits/sec  7242  
[ 41]  33.00-34.00  sec  9.66 MBytes  81.0 Mbits/sec  7242  
[ 43]  33.00-34.00  sec  9.66 MBytes  81.0 Mbits/sec  7242  
[SUM]  33.00-34.00  sec   193 MBytes  1620 Mbits/sec  144840  
- - - - - - - - - - - - - - - - - - - - - - - - -
[  5]  34.00-35.00  sec  10.0 MBytes  84.2 Mbits/sec  7529  
[  7]  34.00-35.00  sec  10.0 MBytes  84.2 Mbits/sec  7529  
[  9]  34.00-35.00  sec  10.0 MBytes  84.2 Mbits/sec  7529  
[ 11]  34.00-35.00  sec  10.0 MBytes  84.2 Mbits/sec  7529  
[ 13]  34.00-35.00  sec  10.0 MBytes  84.2 Mbits/sec  7529  
[ 15]  34.00-35.00  sec  10.0 MBytes  84.2 Mbits/sec  7529  
[ 17]  34.00-35.00  sec  10.0 MBytes  84.2 Mbits/sec  7529  
[ 19]  34.00-35.00  sec  10.0 MBytes  84.2 Mbits/sec  7529  
[ 21]  34.00-35.00  sec  10.0 MBytes  84.2 Mbits/sec  7529  
[ 23]  34.00-35.00  sec  10.0 MBytes  84.2 Mbits/sec  7529  
[ 25]  34.00-35.00  sec  10.0 MBytes  84.2 Mbits/sec  7529  
[ 27]  34.00-35.00  sec  10.0 MBytes  84.2 Mbits/sec  7529  
[ 29]  34.00-35.00  sec  10.0 MBytes  84.2 Mbits/sec  7529  
[ 31]  34.00-35.00  sec  10.0 MBytes  84.2 Mbits/sec  7529  
[ 33]  34.00-35.00  sec  10.0 MBytes  84.2 Mbits/sec  7529  
[ 35]  34.00-35.00  sec  10.0 MBytes  84.2 Mbits/sec  7529  
[ 37]  34.00-35.00  sec  10.0 MBytes  84.2 Mbits/sec  7529  
[ 39]  34.00-35.00  sec  10.0 MBytes  84.2 Mbits/sec  7529  
[ 41]  34.00-35.00  sec  10.0 MBytes  84.2 Mbits/sec  7529  
[ 43]  34.00-35.00  sec  10.0 MBytes  84.2 Mbits/sec  7529  
[SUM]  34.00-35.00  sec   201 MBytes  1684 Mbits/sec  150580  
- - - - - - - - - - - - - - - - - - - - - - - - -
[  5]  35.00-36.00  sec  9.94 MBytes  83.3 Mbits/sec  7452  
[  7]  35.00-36.00  sec  9.94 MBytes  83.3 Mbits/sec  7452  
[  9]  35.00-36.00  sec  9.94 MBytes  83.3 Mbits/sec  7452  
[ 11]  35.00-36.00  sec  9.94 MBytes  83.3 Mbits/sec  7452  
[ 13]  35.00-36.00  sec  9.94 MBytes  83.3 Mbits/sec  7452  
[ 15]  35.00-36.00  sec  9.94 MBytes  83.3 Mbits/sec  7452  
[ 17]  35.00-36.00  sec  9.94 MBytes  83.3 Mbits/sec  7452  
[ 19]  35.00-36.00  sec  9.94 MBytes  83.3 Mbits/sec  7452  
[ 21]  35.00-36.00  sec  9.94 MBytes  83.3 Mbits/sec  7452  
[ 23]  35.00-36.00  sec  9.94 MBytes  83.3 Mbits/sec  7452  
[ 25]  35.00-36.00  sec  9.94 MBytes  83.3 Mbits/sec  7452  
[ 27]  35.00-36.00  sec  9.94 MBytes  83.3 Mbits/sec  7452  
[ 29]  35.00-36.00  sec  9.94 MBytes  83.3 Mbits/sec  7452  
[ 31]  35.00-36.00  sec  9.94 MBytes  83.3 Mbits/sec  7452  
[ 33]  35.00-36.00  sec  9.94 MBytes  83.3 Mbits/sec  7452  
[ 35]  35.00-36.00  sec  9.94 MBytes  83.3 Mbits/sec  7452  
[ 37]  35.00-36.00  sec  9.94 MBytes  83.3 Mbits/sec  7452  
[ 39]  35.00-36.00  sec  9.94 MBytes  83.3 Mbits/sec  7452  
[ 41]  35.00-36.00  sec  9.94 MBytes  83.3 Mbits/sec  7452  
[ 43]  35.00-36.00  sec  9.94 MBytes  83.3 Mbits/sec  7452  
[SUM]  35.00-36.00  sec   199 MBytes  1667 Mbits/sec  149040  
- - - - - - - - - - - - - - - - - - - - - - - - -
[  5]  36.00-37.00  sec  9.95 MBytes  83.5 Mbits/sec  7465  
[  7]  36.00-37.00  sec  9.95 MBytes  83.5 Mbits/sec  7465  
[  9]  36.00-37.00  sec  9.95 MBytes  83.5 Mbits/sec  7465  
[ 11]  36.00-37.00  sec  9.95 MBytes  83.5 Mbits/sec  7465  
[ 13]  36.00-37.00  sec  9.95 MBytes  83.5 Mbits/sec  7465  
[ 15]  36.00-37.00  sec  9.95 MBytes  83.5 Mbits/sec  7465  
[ 17]  36.00-37.00  sec  9.95 MBytes  83.5 Mbits/sec  7465  
[ 19]  36.00-37.00  sec  9.95 MBytes  83.5 Mbits/sec  7465  
[ 21]  36.00-37.00  sec  9.95 MBytes  83.5 Mbits/sec  7465  
[ 23]  36.00-37.00  sec  9.95 MBytes  83.5 Mbits/sec  7465  
[ 25]  36.00-37.00  sec  9.95 MBytes  83.5 Mbits/sec  7465  
[ 27]  36.00-37.00  sec  9.95 MBytes  83.5 Mbits/sec  7465  
[ 29]  36.00-37.00  sec  9.95 MBytes  83.5 Mbits/sec  7465  
[ 31]  36.00-37.00  sec  9.95 MBytes  83.5 Mbits/sec  7465  
[ 33]  36.00-37.00  sec  9.95 MBytes  83.5 Mbits/sec  7465  
[ 35]  36.00-37.00  sec  9.95 MBytes  83.5 Mbits/sec  7465  
[ 37]  36.00-37.00  sec  9.95 MBytes  83.5 Mbits/sec  7465  
[ 39]  36.00-37.00  sec  9.95 MBytes  83.5 Mbits/sec  7465  
[ 41]  36.00-37.00  sec  9.95 MBytes  83.5 Mbits/sec  7465  
[ 43]  36.00-37.00  sec  9.95 MBytes  83.5 Mbits/sec  7465  
[SUM]  36.00-37.00  sec   199 MBytes  1670 Mbits/sec  149300  
- - - - - - - - - - - - - - - - - - - - - - - - -
[  5]  37.00-38.00  sec  9.98 MBytes  83.7 Mbits/sec  7484  
[  7]  37.00-38.00  sec  9.98 MBytes  83.7 Mbits/sec  7484  
[  9]  37.00-38.00  sec  9.98 MBytes  83.7 Mbits/sec  7484  
[ 11]  37.00-38.00  sec  9.98 MBytes  83.7 Mbits/sec  7484  
[ 13]  37.00-38.00  sec  9.98 MBytes  83.7 Mbits/sec  7484  
[ 15]  37.00-38.00  sec  9.98 MBytes  83.7 Mbits/sec  7484  
[ 17]  37.00-38.00  sec  9.98 MBytes  83.7 Mbits/sec  7484  
[ 19]  37.00-38.00  sec  9.98 MBytes  83.7 Mbits/sec  7484  
[ 21]  37.00-38.00  sec  9.98 MBytes  83.7 Mbits/sec  7484  
[ 23]  37.00-38.00  sec  9.98 MBytes  83.7 Mbits/sec  7484  
[ 25]  37.00-38.00  sec  9.98 MBytes  83.7 Mbits/sec  7484  
[ 27]  37.00-38.00  sec  9.98 MBytes  83.7 Mbits/sec  7484  
[ 29]  37.00-38.00  sec  9.98 MBytes  83.7 Mbits/sec  7484  
[ 31]  37.00-38.00  sec  9.98 MBytes  83.7 Mbits/sec  7484  
[ 33]  37.00-38.00  sec  9.98 MBytes  83.7 Mbits/sec  7484  
[ 35]  37.00-38.00  sec  9.98 MBytes  83.7 Mbits/sec  7484  
[ 37]  37.00-38.00  sec  9.98 MBytes  83.7 Mbits/sec  7484  
[ 39]  37.00-38.00  sec  9.98 MBytes  83.7 Mbits/sec  7484  
[ 41]  37.00-38.00  sec  9.98 MBytes  83.7 Mbits/sec  7484  
[ 43]  37.00-38.00  sec  9.98 MBytes  83.7 Mbits/sec  7484  
[SUM]  37.00-38.00  sec   200 MBytes  1674 Mbits/sec  149680  
- - - - - - - - - - - - - - - - - - - - - - - - -
[  5]  38.00-39.00  sec  10.0 MBytes  84.2 Mbits/sec  7526  
[  7]  38.00-39.00  sec  10.0 MBytes  84.2 Mbits/sec  7526  
[  9]  38.00-39.00  sec  10.0 MBytes  84.2 Mbits/sec  7526  
[ 11]  38.00-39.00  sec  10.0 MBytes  84.2 Mbits/sec  7526  
[ 13]  38.00-39.00  sec  10.0 MBytes  84.2 Mbits/sec  7526  
[ 15]  38.00-39.00  sec  10.0 MBytes  84.2 Mbits/sec  7526  
[ 17]  38.00-39.00  sec  10.0 MBytes  84.2 Mbits/sec  7526  
[ 19]  38.00-39.00  sec  10.0 MBytes  84.2 Mbits/sec  7526  
[ 21]  38.00-39.00  sec  10.0 MBytes  84.2 Mbits/sec  7526  
[ 23]  38.00-39.00  sec  10.0 MBytes  84.2 Mbits/sec  7526  
[ 25]  38.00-39.00  sec  10.0 MBytes  84.2 Mbits/sec  7526  
[ 27]  38.00-39.00  sec  10.0 MBytes  84.2 Mbits/sec  7526  
[ 29]  38.00-39.00  sec  10.0 MBytes  84.2 Mbits/sec  7526  
[ 31]  38.00-39.00  sec  10.0 MBytes  84.2 Mbits/sec  7526  
[ 33]  38.00-39.00  sec  10.0 MBytes  84.2 Mbits/sec  7526  
[ 35]  38.00-39.00  sec  10.0 MBytes  84.2 Mbits/sec  7526  
[ 37]  38.00-39.00  sec  10.0 MBytes  84.2 Mbits/sec  7526  
[ 39]  38.00-39.00  sec  10.0 MBytes  84.2 Mbits/sec  7526  
[ 41]  38.00-39.00  sec  10.0 MBytes  84.2 Mbits/sec  7526  
[ 43]  38.00-39.00  sec  10.0 MBytes  84.2 Mbits/sec  7526  
[SUM]  38.00-39.00  sec   201 MBytes  1684 Mbits/sec  150520  
- - - - - - - - - - - - - - - - - - - - - - - - -
[  5]  39.00-40.00  sec  10.1 MBytes  84.5 Mbits/sec  7555  
[  7]  39.00-40.00  sec  10.1 MBytes  84.5 Mbits/sec  7555  
[  9]  39.00-40.00  sec  10.1 MBytes  84.5 Mbits/sec  7555  
[ 11]  39.00-40.00  sec  10.1 MBytes  84.5 Mbits/sec  7555  
[ 13]  39.00-40.00  sec  10.1 MBytes  84.5 Mbits/sec  7555  
[ 15]  39.00-40.00  sec  10.1 MBytes  84.5 Mbits/sec  7555  
[ 17]  39.00-40.00  sec  10.1 MBytes  84.5 Mbits/sec  7555  
[ 19]  39.00-40.00  sec  10.1 MBytes  84.5 Mbits/sec  7555  
[ 21]  39.00-40.00  sec  10.1 MBytes  84.5 Mbits/sec  7555  
[ 23]  39.00-40.00  sec  10.1 MBytes  84.5 Mbits/sec  7555  
[ 25]  39.00-40.00  sec  10.1 MBytes  84.5 Mbits/sec  7555  
[ 27]  39.00-40.00  sec  10.1 MBytes  84.5 Mbits/sec  7555  
[ 29]  39.00-40.00  sec  10.1 MBytes  84.5 Mbits/sec  7555  
[ 31]  39.00-40.00  sec  10.1 MBytes  84.5 Mbits/sec  7555  
[ 33]  39.00-40.00  sec  10.1 MBytes  84.5 Mbits/sec  7555  
[ 35]  39.00-40.00  sec  10.1 MBytes  84.5 Mbits/sec  7555  
[ 37]  39.00-40.00  sec  10.1 MBytes  84.5 Mbits/sec  7555  
[ 39]  39.00-40.00  sec  10.1 MBytes  84.5 Mbits/sec  7555  
[ 41]  39.00-40.00  sec  10.1 MBytes  84.5 Mbits/sec  7555  
[ 43]  39.00-40.00  sec  10.1 MBytes  84.5 Mbits/sec  7555  
[SUM]  39.00-40.00  sec   201 MBytes  1690 Mbits/sec  151100  
- - - - - - - - - - - - - - - - - - - - - - - - -
[  5]  40.00-41.00  sec  10.0 MBytes  84.2 Mbits/sec  7532  
[  7]  40.00-41.00  sec  10.0 MBytes  84.2 Mbits/sec  7532  
[  9]  40.00-41.00  sec  10.0 MBytes  84.2 Mbits/sec  7532  
[ 11]  40.00-41.00  sec  10.0 MBytes  84.2 Mbits/sec  7532  
[ 13]  40.00-41.00  sec  10.0 MBytes  84.2 Mbits/sec  7532  
[ 15]  40.00-41.00  sec  10.0 MBytes  84.2 Mbits/sec  7532  
[ 17]  40.00-41.00  sec  10.0 MBytes  84.2 Mbits/sec  7532  
[ 19]  40.00-41.00  sec  10.0 MBytes  84.2 Mbits/sec  7532  
[ 21]  40.00-41.00  sec  10.0 MBytes  84.2 Mbits/sec  7532  
[ 23]  40.00-41.00  sec  10.0 MBytes  84.2 Mbits/sec  7532  
[ 25]  40.00-41.00  sec  10.0 MBytes  84.2 Mbits/sec  7532  
[ 27]  40.00-41.00  sec  10.0 MBytes  84.2 Mbits/sec  7532  
[ 29]  40.00-41.00  sec  10.0 MBytes  84.2 Mbits/sec  7532  
[ 31]  40.00-41.00  sec  10.0 MBytes  84.2 Mbits/sec  7532  
[ 33]  40.00-41.00  sec  10.0 MBytes  84.2 Mbits/sec  7532  
[ 35]  40.00-41.00  sec  10.0 MBytes  84.2 Mbits/sec  7532  
[ 37]  40.00-41.00  sec  10.0 MBytes  84.2 Mbits/sec  7532  
[ 39]  40.00-41.00  sec  10.0 MBytes  84.2 Mbits/sec  7532  
[ 41]  40.00-41.00  sec  10.0 MBytes  84.2 Mbits/sec  7532  
[ 43]  40.00-41.00  sec  10.0 MBytes  84.2 Mbits/sec  7532  
[SUM]  40.00-41.00  sec   201 MBytes  1685 Mbits/sec  150640  
- - - - - - - - - - - - - - - - - - - - - - - - -
[  5]  41.00-42.00  sec  10.1 MBytes  85.1 Mbits/sec  7605  
[  7]  41.00-42.00  sec  10.1 MBytes  85.1 Mbits/sec  7605  
[  9]  41.00-42.00  sec  10.1 MBytes  85.1 Mbits/sec  7605  
[ 11]  41.00-42.00  sec  10.1 MBytes  85.1 Mbits/sec  7605  
[ 13]  41.00-42.00  sec  10.1 MBytes  85.1 Mbits/sec  7605  
[ 15]  41.00-42.00  sec  10.1 MBytes  85.1 Mbits/sec  7605  
[ 17]  41.00-42.00  sec  10.1 MBytes  85.1 Mbits/sec  7605  
[ 19]  41.00-42.00  sec  10.1 MBytes  85.1 Mbits/sec  7605  
[ 21]  41.00-42.00  sec  10.1 MBytes  85.1 Mbits/sec  7605  
[ 23]  41.00-42.00  sec  10.1 MBytes  85.1 Mbits/sec  7605  
[ 25]  41.00-42.00  sec  10.1 MBytes  85.1 Mbits/sec  7605  
[ 27]  41.00-42.00  sec  10.1 MBytes  85.1 Mbits/sec  7605  
[ 29]  41.00-42.00  sec  10.1 MBytes  85.1 Mbits/sec  7605  
[ 31]  41.00-42.00  sec  10.1 MBytes  85.1 Mbits/sec  7605  
[ 33]  41.00-42.00  sec  10.1 MBytes  85.1 Mbits/sec  7605  
[ 35]  41.00-42.00  sec  10.1 MBytes  85.1 Mbits/sec  7605  
[ 37]  41.00-42.00  sec  10.1 MBytes  85.1 Mbits/sec  7605  
[ 39]  41.00-42.00  sec  10.1 MBytes  85.1 Mbits/sec  7605  
[ 41]  41.00-42.00  sec  10.1 MBytes  85.1 Mbits/sec  7605  
[ 43]  41.00-42.00  sec  10.1 MBytes  85.1 Mbits/sec  7605  
[SUM]  41.00-42.00  sec   203 MBytes  1701 Mbits/sec  152100  
- - - - - - - - - - - - - - - - - - - - - - - - -
[  5]  42.00-43.00  sec  10.1 MBytes  84.3 Mbits/sec  7540  
[  7]  42.00-43.00  sec  10.1 MBytes  84.3 Mbits/sec  7540  
[  9]  42.00-43.00  sec  10.1 MBytes  84.3 Mbits/sec  7540  
[ 11]  42.00-43.00  sec  10.1 MBytes  84.3 Mbits/sec  7540  
[ 13]  42.00-43.00  sec  10.1 MBytes  84.3 Mbits/sec  7540  
[ 15]  42.00-43.00  sec  10.1 MBytes  84.3 Mbits/sec  7540  
[ 17]  42.00-43.00  sec  10.1 MBytes  84.3 Mbits/sec  7540  
[ 19]  42.00-43.00  sec  10.1 MBytes  84.3 Mbits/sec  7540  
[ 21]  42.00-43.00  sec  10.1 MBytes  84.3 Mbits/sec  7540  
[ 23]  42.00-43.00  sec  10.1 MBytes  84.3 Mbits/sec  7540  
[ 25]  42.00-43.00  sec  10.1 MBytes  84.3 Mbits/sec  7540  
[ 27]  42.00-43.00  sec  10.1 MBytes  84.3 Mbits/sec  7540  
[ 29]  42.00-43.00  sec  10.1 MBytes  84.3 Mbits/sec  7540  
[ 31]  42.00-43.00  sec  10.1 MBytes  84.3 Mbits/sec  7540  
[ 33]  42.00-43.00  sec  10.1 MBytes  84.3 Mbits/sec  7540  
[ 35]  42.00-43.00  sec  10.1 MBytes  84.3 Mbits/sec  7540  
[ 37]  42.00-43.00  sec  10.1 MBytes  84.3 Mbits/sec  7540  
[ 39]  42.00-43.00  sec  10.1 MBytes  84.3 Mbits/sec  7540  
[ 41]  42.00-43.00  sec  10.1 MBytes  84.3 Mbits/sec  7540  
[ 43]  42.00-43.00  sec  10.1 MBytes  84.3 Mbits/sec  7540  
[SUM]  42.00-43.00  sec   201 MBytes  1686 Mbits/sec  150800  
- - - - - - - - - - - - - - - - - - - - - - - - -
[  5]  43.00-44.00  sec  9.99 MBytes  83.8 Mbits/sec  7492  
[  7]  43.00-44.00  sec  9.99 MBytes  83.8 Mbits/sec  7492  
[  9]  43.00-44.00  sec  9.99 MBytes  83.8 Mbits/sec  7492  
[ 11]  43.00-44.00  sec  9.99 MBytes  83.8 Mbits/sec  7492  
[ 13]  43.00-44.00  sec  9.99 MBytes  83.8 Mbits/sec  7492  
[ 15]  43.00-44.00  sec  9.99 MBytes  83.8 Mbits/sec  7492  
[ 17]  43.00-44.00  sec  9.99 MBytes  83.8 Mbits/sec  7492  
[ 19]  43.00-44.00  sec  9.99 MBytes  83.8 Mbits/sec  7492  
[ 21]  43.00-44.00  sec  9.99 MBytes  83.8 Mbits/sec  7492  
[ 23]  43.00-44.00  sec  9.99 MBytes  83.8 Mbits/sec  7492  
[ 25]  43.00-44.00  sec  9.99 MBytes  83.8 Mbits/sec  7492  
[ 27]  43.00-44.00  sec  9.99 MBytes  83.8 Mbits/sec  7492  
[ 29]  43.00-44.00  sec  9.99 MBytes  83.8 Mbits/sec  7492  
[ 31]  43.00-44.00  sec  9.99 MBytes  83.8 Mbits/sec  7492  
[ 33]  43.00-44.00  sec  9.99 MBytes  83.8 Mbits/sec  7492  
[ 35]  43.00-44.00  sec  9.99 MBytes  83.8 Mbits/sec  7492  
[ 37]  43.00-44.00  sec  9.99 MBytes  83.8 Mbits/sec  7492  
[ 39]  43.00-44.00  sec  9.99 MBytes  83.8 Mbits/sec  7492  
[ 41]  43.00-44.00  sec  9.99 MBytes  83.8 Mbits/sec  7492  
[ 43]  43.00-44.00  sec  9.99 MBytes  83.8 Mbits/sec  7492  
[SUM]  43.00-44.00  sec   200 MBytes  1676 Mbits/sec  149840  
- - - - - - - - - - - - - - - - - - - - - - - - -
[  5]  44.00-45.00  sec  10.2 MBytes  85.2 Mbits/sec  7616  
[  7]  44.00-45.00  sec  10.2 MBytes  85.2 Mbits/sec  7616  
[  9]  44.00-45.00  sec  10.2 MBytes  85.2 Mbits/sec  7616  
[ 11]  44.00-45.00  sec  10.2 MBytes  85.2 Mbits/sec  7616  
[ 13]  44.00-45.00  sec  10.2 MBytes  85.2 Mbits/sec  7616  
[ 15]  44.00-45.00  sec  10.2 MBytes  85.2 Mbits/sec  7616  
[ 17]  44.00-45.00  sec  10.2 MBytes  85.2 Mbits/sec  7616  
[ 19]  44.00-45.00  sec  10.2 MBytes  85.2 Mbits/sec  7616  
[ 21]  44.00-45.00  sec  10.2 MBytes  85.2 Mbits/sec  7616  
[ 23]  44.00-45.00  sec  10.2 MBytes  85.2 Mbits/sec  7616  
[ 25]  44.00-45.00  sec  10.2 MBytes  85.2 Mbits/sec  7616  
[ 27]  44.00-45.00  sec  10.2 MBytes  85.2 Mbits/sec  7616  
[ 29]  44.00-45.00  sec  10.2 MBytes  85.2 Mbits/sec  7616  
[ 31]  44.00-45.00  sec  10.2 MBytes  85.2 Mbits/sec  7616  
[ 33]  44.00-45.00  sec  10.2 MBytes  85.2 Mbits/sec  7616  
[ 35]  44.00-45.00  sec  10.2 MBytes  85.2 Mbits/sec  7616  
[ 37]  44.00-45.00  sec  10.2 MBytes  85.2 Mbits/sec  7616  
[ 39]  44.00-45.00  sec  10.2 MBytes  85.2 Mbits/sec  7616  
[ 41]  44.00-45.00  sec  10.2 MBytes  85.2 Mbits/sec  7616  
[ 43]  44.00-45.00  sec  10.2 MBytes  85.2 Mbits/sec  7616  
[SUM]  44.00-45.00  sec   203 MBytes  1704 Mbits/sec  152320  
- - - - - - - - - - - - - - - - - - - - - - - - -
[  5]  45.00-46.00  sec  9.55 MBytes  80.1 Mbits/sec  7164  
[  7]  45.00-46.00  sec  9.55 MBytes  80.1 Mbits/sec  7164  
[  9]  45.00-46.00  sec  9.55 MBytes  80.1 Mbits/sec  7164  
[ 11]  45.00-46.00  sec  9.55 MBytes  80.1 Mbits/sec  7164  
[ 13]  45.00-46.00  sec  9.55 MBytes  80.1 Mbits/sec  7164  
[ 15]  45.00-46.00  sec  9.55 MBytes  80.1 Mbits/sec  7164  
[ 17]  45.00-46.00  sec  9.55 MBytes  80.1 Mbits/sec  7164  
[ 19]  45.00-46.00  sec  9.55 MBytes  80.1 Mbits/sec  7164  
[ 21]  45.00-46.00  sec  9.55 MBytes  80.1 Mbits/sec  7164  
[ 23]  45.00-46.00  sec  9.55 MBytes  80.1 Mbits/sec  7164  
[ 25]  45.00-46.00  sec  9.55 MBytes  80.1 Mbits/sec  7164  
[ 27]  45.00-46.00  sec  9.55 MBytes  80.1 Mbits/sec  7164  
[ 29]  45.00-46.00  sec  9.55 MBytes  80.1 Mbits/sec  7164  
[ 31]  45.00-46.00  sec  9.55 MBytes  80.1 Mbits/sec  7164  
[ 33]  45.00-46.00  sec  9.55 MBytes  80.1 Mbits/sec  7164  
[ 35]  45.00-46.00  sec  9.55 MBytes  80.1 Mbits/sec  7164  
[ 37]  45.00-46.00  sec  9.55 MBytes  80.1 Mbits/sec  7164  
[ 39]  45.00-46.00  sec  9.55 MBytes  80.1 Mbits/sec  7164  
[ 41]  45.00-46.00  sec  9.55 MBytes  80.1 Mbits/sec  7164  
[ 43]  45.00-46.00  sec  9.55 MBytes  80.1 Mbits/sec  7164  
[SUM]  45.00-46.00  sec   191 MBytes  1602 Mbits/sec  143280  
- - - - - - - - - - - - - - - - - - - - - - - - -
[  5]  46.00-47.00  sec  9.77 MBytes  82.0 Mbits/sec  7330  
[  7]  46.00-47.00  sec  9.77 MBytes  82.0 Mbits/sec  7330  
[  9]  46.00-47.00  sec  9.77 MBytes  82.0 Mbits/sec  7330  
[ 11]  46.00-47.00  sec  9.77 MBytes  82.0 Mbits/sec  7330  
[ 13]  46.00-47.00  sec  9.77 MBytes  82.0 Mbits/sec  7330  
[ 15]  46.00-47.00  sec  9.77 MBytes  82.0 Mbits/sec  7330  
[ 17]  46.00-47.00  sec  9.77 MBytes  82.0 Mbits/sec  7330  
[ 19]  46.00-47.00  sec  9.77 MBytes  82.0 Mbits/sec  7330  
[ 21]  46.00-47.00  sec  9.77 MBytes  82.0 Mbits/sec  7330  
[ 23]  46.00-47.00  sec  9.77 MBytes  82.0 Mbits/sec  7330  
[ 25]  46.00-47.00  sec  9.77 MBytes  82.0 Mbits/sec  7330  
[ 27]  46.00-47.00  sec  9.77 MBytes  82.0 Mbits/sec  7330  
[ 29]  46.00-47.00  sec  9.77 MBytes  82.0 Mbits/sec  7330  
[ 31]  46.00-47.00  sec  9.77 MBytes  82.0 Mbits/sec  7330  
[ 33]  46.00-47.00  sec  9.77 MBytes  82.0 Mbits/sec  7330  
[ 35]  46.00-47.00  sec  9.77 MBytes  82.0 Mbits/sec  7330  
[ 37]  46.00-47.00  sec  9.77 MBytes  82.0 Mbits/sec  7330  
[ 39]  46.00-47.00  sec  9.77 MBytes  82.0 Mbits/sec  7330  
[ 41]  46.00-47.00  sec  9.77 MBytes  82.0 Mbits/sec  7330  
[ 43]  46.00-47.00  sec  9.77 MBytes  82.0 Mbits/sec  7330  
[SUM]  46.00-47.00  sec   195 MBytes  1640 Mbits/sec  146600  
- - - - - - - - - - - - - - - - - - - - - - - - -
[  5]  47.00-48.00  sec  9.90 MBytes  83.0 Mbits/sec  7423  
[  7]  47.00-48.00  sec  9.90 MBytes  83.0 Mbits/sec  7423  
[  9]  47.00-48.00  sec  9.90 MBytes  83.0 Mbits/sec  7423  
[ 11]  47.00-48.00  sec  9.90 MBytes  83.0 Mbits/sec  7423  
[ 13]  47.00-48.00  sec  9.90 MBytes  83.0 Mbits/sec  7423  
[ 15]  47.00-48.00  sec  9.90 MBytes  83.0 Mbits/sec  7423  
[ 17]  47.00-48.00  sec  9.90 MBytes  83.0 Mbits/sec  7423  
[ 19]  47.00-48.00  sec  9.90 MBytes  83.0 Mbits/sec  7423  
[ 21]  47.00-48.00  sec  9.90 MBytes  83.0 Mbits/sec  7423  
[ 23]  47.00-48.00  sec  9.90 MBytes  83.0 Mbits/sec  7423  
[ 25]  47.00-48.00  sec  9.90 MBytes  83.0 Mbits/sec  7423  
[ 27]  47.00-48.00  sec  9.90 MBytes  83.0 Mbits/sec  7423  
[ 29]  47.00-48.00  sec  9.90 MBytes  83.0 Mbits/sec  7423  
[ 31]  47.00-48.00  sec  9.90 MBytes  83.0 Mbits/sec  7423  
[ 33]  47.00-48.00  sec  9.90 MBytes  83.0 Mbits/sec  7423  
[ 35]  47.00-48.00  sec  9.90 MBytes  83.0 Mbits/sec  7423  
[ 37]  47.00-48.00  sec  9.90 MBytes  83.0 Mbits/sec  7423  
[ 39]  47.00-48.00  sec  9.90 MBytes  83.0 Mbits/sec  7423  
[ 41]  47.00-48.00  sec  9.90 MBytes  83.0 Mbits/sec  7423  
[ 43]  47.00-48.00  sec  9.90 MBytes  83.0 Mbits/sec  7423  
[SUM]  47.00-48.00  sec   198 MBytes  1660 Mbits/sec  148460  
- - - - - - - - - - - - - - - - - - - - - - - - -
[  5]  48.00-49.00  sec  9.96 MBytes  83.6 Mbits/sec  7471  
[  7]  48.00-49.00  sec  9.96 MBytes  83.6 Mbits/sec  7471  
[  9]  48.00-49.00  sec  9.96 MBytes  83.6 Mbits/sec  7471  
[ 11]  48.00-49.00  sec  9.96 MBytes  83.6 Mbits/sec  7471  
[ 13]  48.00-49.00  sec  9.96 MBytes  83.6 Mbits/sec  7471  
[ 15]  48.00-49.00  sec  9.96 MBytes  83.6 Mbits/sec  7471  
[ 17]  48.00-49.00  sec  9.96 MBytes  83.6 Mbits/sec  7471  
[ 19]  48.00-49.00  sec  9.96 MBytes  83.6 Mbits/sec  7471  
[ 21]  48.00-49.00  sec  9.96 MBytes  83.6 Mbits/sec  7471  
[ 23]  48.00-49.00  sec  9.96 MBytes  83.6 Mbits/sec  7471  
[ 25]  48.00-49.00  sec  9.96 MBytes  83.6 Mbits/sec  7471  
[ 27]  48.00-49.00  sec  9.96 MBytes  83.6 Mbits/sec  7471  
[ 29]  48.00-49.00  sec  9.96 MBytes  83.6 Mbits/sec  7471  
[ 31]  48.00-49.00  sec  9.96 MBytes  83.6 Mbits/sec  7471  
[ 33]  48.00-49.00  sec  9.96 MBytes  83.6 Mbits/sec  7471  
[ 35]  48.00-49.00  sec  9.96 MBytes  83.6 Mbits/sec  7471  
[ 37]  48.00-49.00  sec  9.96 MBytes  83.6 Mbits/sec  7471  
[ 39]  48.00-49.00  sec  9.96 MBytes  83.6 Mbits/sec  7471  
[ 41]  48.00-49.00  sec  9.96 MBytes  83.6 Mbits/sec  7471  
[ 43]  48.00-49.00  sec  9.96 MBytes  83.6 Mbits/sec  7471  
[SUM]  48.00-49.00  sec   199 MBytes  1671 Mbits/sec  149420  
- - - - - - - - - - - - - - - - - - - - - - - - -
[  5]  49.00-50.00  sec  9.91 MBytes  83.2 Mbits/sec  7436  
[  7]  49.00-50.00  sec  9.91 MBytes  83.2 Mbits/sec  7436  
[  9]  49.00-50.00  sec  9.91 MBytes  83.2 Mbits/sec  7436  
[ 11]  49.00-50.00  sec  9.91 MBytes  83.2 Mbits/sec  7436  
[ 13]  49.00-50.00  sec  9.91 MBytes  83.2 Mbits/sec  7436  
[ 15]  49.00-50.00  sec  9.91 MBytes  83.2 Mbits/sec  7436  
[ 17]  49.00-50.00  sec  9.91 MBytes  83.2 Mbits/sec  7436  
[ 19]  49.00-50.00  sec  9.91 MBytes  83.2 Mbits/sec  7436  
[ 21]  49.00-50.00  sec  9.91 MBytes  83.2 Mbits/sec  7436  
[ 23]  49.00-50.00  sec  9.91 MBytes  83.2 Mbits/sec  7436  
[ 25]  49.00-50.00  sec  9.91 MBytes  83.2 Mbits/sec  7436  
[ 27]  49.00-50.00  sec  9.91 MBytes  83.2 Mbits/sec  7436  
[ 29]  49.00-50.00  sec  9.91 MBytes  83.2 Mbits/sec  7436  
[ 31]  49.00-50.00  sec  9.91 MBytes  83.2 Mbits/sec  7436  
[ 33]  49.00-50.00  sec  9.91 MBytes  83.2 Mbits/sec  7436  
[ 35]  49.00-50.00  sec  9.91 MBytes  83.2 Mbits/sec  7436  
[ 37]  49.00-50.00  sec  9.91 MBytes  83.2 Mbits/sec  7436  
[ 39]  49.00-50.00  sec  9.91 MBytes  83.2 Mbits/sec  7436  
[ 41]  49.00-50.00  sec  9.91 MBytes  83.2 Mbits/sec  7436  
[ 43]  49.00-50.00  sec  9.91 MBytes  83.2 Mbits/sec  7436  
[SUM]  49.00-50.00  sec   198 MBytes  1663 Mbits/sec  148720  
- - - - - - - - - - - - - - - - - - - - - - - - -
[  5]  50.00-51.00  sec  9.91 MBytes  83.1 Mbits/sec  7430  
[  7]  50.00-51.00  sec  9.91 MBytes  83.1 Mbits/sec  7430  
[  9]  50.00-51.00  sec  9.91 MBytes  83.1 Mbits/sec  7430  
[ 11]  50.00-51.00  sec  9.91 MBytes  83.1 Mbits/sec  7430  
[ 13]  50.00-51.00  sec  9.91 MBytes  83.1 Mbits/sec  7430  
[ 15]  50.00-51.00  sec  9.91 MBytes  83.1 Mbits/sec  7430  
[ 17]  50.00-51.00  sec  9.91 MBytes  83.1 Mbits/sec  7430  
[ 19]  50.00-51.00  sec  9.91 MBytes  83.1 Mbits/sec  7430  
[ 21]  50.00-51.00  sec  9.91 MBytes  83.1 Mbits/sec  7430  
[ 23]  50.00-51.00  sec  9.91 MBytes  83.1 Mbits/sec  7430  
[ 25]  50.00-51.00  sec  9.91 MBytes  83.1 Mbits/sec  7430  
[ 27]  50.00-51.00  sec  9.91 MBytes  83.1 Mbits/sec  7430  
[ 29]  50.00-51.00  sec  9.91 MBytes  83.1 Mbits/sec  7430  
[ 31]  50.00-51.00  sec  9.91 MBytes  83.1 Mbits/sec  7430  
[ 33]  50.00-51.00  sec  9.91 MBytes  83.1 Mbits/sec  7430  
[ 35]  50.00-51.00  sec  9.91 MBytes  83.1 Mbits/sec  7430  
[ 37]  50.00-51.00  sec  9.91 MBytes  83.1 Mbits/sec  7430  
[ 39]  50.00-51.00  sec  9.91 MBytes  83.1 Mbits/sec  7430  
[ 41]  50.00-51.00  sec  9.91 MBytes  83.1 Mbits/sec  7430  
[ 43]  50.00-51.00  sec  9.91 MBytes  83.1 Mbits/sec  7430  
[SUM]  50.00-51.00  sec   198 MBytes  1662 Mbits/sec  148600  
- - - - - - - - - - - - - - - - - - - - - - - - -
[  5]  51.00-52.00  sec  9.88 MBytes  82.8 Mbits/sec  7407  
[  7]  51.00-52.00  sec  9.88 MBytes  82.8 Mbits/sec  7407  
[  9]  51.00-52.00  sec  9.88 MBytes  82.8 Mbits/sec  7407  
[ 11]  51.00-52.00  sec  9.88 MBytes  82.8 Mbits/sec  7407  
[ 13]  51.00-52.00  sec  9.88 MBytes  82.8 Mbits/sec  7407  
[ 15]  51.00-52.00  sec  9.88 MBytes  82.8 Mbits/sec  7407  
[ 17]  51.00-52.00  sec  9.88 MBytes  82.8 Mbits/sec  7407  
[ 19]  51.00-52.00  sec  9.88 MBytes  82.8 Mbits/sec  7407  
[ 21]  51.00-52.00  sec  9.88 MBytes  82.8 Mbits/sec  7407  
[ 23]  51.00-52.00  sec  9.88 MBytes  82.8 Mbits/sec  7407  
[ 25]  51.00-52.00  sec  9.88 MBytes  82.8 Mbits/sec  7407  
[ 27]  51.00-52.00  sec  9.88 MBytes  82.8 Mbits/sec  7407  
[ 29]  51.00-52.00  sec  9.88 MBytes  82.8 Mbits/sec  7407  
[ 31]  51.00-52.00  sec  9.88 MBytes  82.8 Mbits/sec  7407  
[ 33]  51.00-52.00  sec  9.88 MBytes  82.8 Mbits/sec  7407  
[ 35]  51.00-52.00  sec  9.88 MBytes  82.8 Mbits/sec  7407  
[ 37]  51.00-52.00  sec  9.88 MBytes  82.8 Mbits/sec  7407  
[ 39]  51.00-52.00  sec  9.88 MBytes  82.8 Mbits/sec  7407  
[ 41]  51.00-52.00  sec  9.88 MBytes  82.8 Mbits/sec  7407  
[ 43]  51.00-52.00  sec  9.88 MBytes  82.8 Mbits/sec  7407  
[SUM]  51.00-52.00  sec   198 MBytes  1657 Mbits/sec  148140  
- - - - - - - - - - - - - - - - - - - - - - - - -
[  5]  52.00-53.00  sec  10.1 MBytes  84.7 Mbits/sec  7577  
[  7]  52.00-53.00  sec  10.1 MBytes  84.7 Mbits/sec  7577  
[  9]  52.00-53.00  sec  10.1 MBytes  84.7 Mbits/sec  7577  
[ 11]  52.00-53.00  sec  10.1 MBytes  84.7 Mbits/sec  7577  
[ 13]  52.00-53.00  sec  10.1 MBytes  84.7 Mbits/sec  7577  
[ 15]  52.00-53.00  sec  10.1 MBytes  84.7 Mbits/sec  7577  
[ 17]  52.00-53.00  sec  10.1 MBytes  84.7 Mbits/sec  7577  
[ 19]  52.00-53.00  sec  10.1 MBytes  84.7 Mbits/sec  7577  
[ 21]  52.00-53.00  sec  10.1 MBytes  84.7 Mbits/sec  7577  
[ 23]  52.00-53.00  sec  10.1 MBytes  84.7 Mbits/sec  7577  
[ 25]  52.00-53.00  sec  10.1 MBytes  84.7 Mbits/sec  7577  
[ 27]  52.00-53.00  sec  10.1 MBytes  84.7 Mbits/sec  7577  
[ 29]  52.00-53.00  sec  10.1 MBytes  84.7 Mbits/sec  7577  
[ 31]  52.00-53.00  sec  10.1 MBytes  84.7 Mbits/sec  7577  
[ 33]  52.00-53.00  sec  10.1 MBytes  84.7 Mbits/sec  7577  
[ 35]  52.00-53.00  sec  10.1 MBytes  84.7 Mbits/sec  7577  
[ 37]  52.00-53.00  sec  10.1 MBytes  84.7 Mbits/sec  7577  
[ 39]  52.00-53.00  sec  10.1 MBytes  84.7 Mbits/sec  7577  
[ 41]  52.00-53.00  sec  10.1 MBytes  84.7 Mbits/sec  7577  
[ 43]  52.00-53.00  sec  10.1 MBytes  84.7 Mbits/sec  7577  
[SUM]  52.00-53.00  sec   202 MBytes  1695 Mbits/sec  151540  
- - - - - - - - - - - - - - - - - - - - - - - - -
[  5]  53.00-54.00  sec  10.1 MBytes  84.7 Mbits/sec  7576  
[  7]  53.00-54.00  sec  10.1 MBytes  84.7 Mbits/sec  7576  
[  9]  53.00-54.00  sec  10.1 MBytes  84.7 Mbits/sec  7576  
[ 11]  53.00-54.00  sec  10.1 MBytes  84.7 Mbits/sec  7576  
[ 13]  53.00-54.00  sec  10.1 MBytes  84.7 Mbits/sec  7576  
[ 15]  53.00-54.00  sec  10.1 MBytes  84.7 Mbits/sec  7576  
[ 17]  53.00-54.00  sec  10.1 MBytes  84.7 Mbits/sec  7576  
[ 19]  53.00-54.00  sec  10.1 MBytes  84.7 Mbits/sec  7576  
[ 21]  53.00-54.00  sec  10.1 MBytes  84.7 Mbits/sec  7576  
[ 23]  53.00-54.00  sec  10.1 MBytes  84.7 Mbits/sec  7576  
[ 25]  53.00-54.00  sec  10.1 MBytes  84.7 Mbits/sec  7576  
[ 27]  53.00-54.00  sec  10.1 MBytes  84.7 Mbits/sec  7576  
[ 29]  53.00-54.00  sec  10.1 MBytes  84.7 Mbits/sec  7576  
[ 31]  53.00-54.00  sec  10.1 MBytes  84.7 Mbits/sec  7576  
[ 33]  53.00-54.00  sec  10.1 MBytes  84.7 Mbits/sec  7576  
[ 35]  53.00-54.00  sec  10.1 MBytes  84.7 Mbits/sec  7576  
[ 37]  53.00-54.00  sec  10.1 MBytes  84.7 Mbits/sec  7576  
[ 39]  53.00-54.00  sec  10.1 MBytes  84.7 Mbits/sec  7576  
[ 41]  53.00-54.00  sec  10.1 MBytes  84.7 Mbits/sec  7576  
[ 43]  53.00-54.00  sec  10.1 MBytes  84.7 Mbits/sec  7576  
[SUM]  53.00-54.00  sec   202 MBytes  1694 Mbits/sec  151520  
- - - - - - - - - - - - - - - - - - - - - - - - -
[  5]  54.00-55.00  sec  10.2 MBytes  85.7 Mbits/sec  7660  
[  7]  54.00-55.00  sec  10.2 MBytes  85.7 Mbits/sec  7660  
[  9]  54.00-55.00  sec  10.2 MBytes  85.7 Mbits/sec  7660  
[ 11]  54.00-55.00  sec  10.2 MBytes  85.7 Mbits/sec  7660  
[ 13]  54.00-55.00  sec  10.2 MBytes  85.7 Mbits/sec  7660  
[ 15]  54.00-55.00  sec  10.2 MBytes  85.7 Mbits/sec  7660  
[ 17]  54.00-55.00  sec  10.2 MBytes  85.7 Mbits/sec  7660  
[ 19]  54.00-55.00  sec  10.2 MBytes  85.7 Mbits/sec  7660  
[ 21]  54.00-55.00  sec  10.2 MBytes  85.7 Mbits/sec  7660  
[ 23]  54.00-55.00  sec  10.2 MBytes  85.7 Mbits/sec  7660  
[ 25]  54.00-55.00  sec  10.2 MBytes  85.7 Mbits/sec  7660  
[ 27]  54.00-55.00  sec  10.2 MBytes  85.7 Mbits/sec  7660  
[ 29]  54.00-55.00  sec  10.2 MBytes  85.7 Mbits/sec  7660  
[ 31]  54.00-55.00  sec  10.2 MBytes  85.7 Mbits/sec  7660  
[ 33]  54.00-55.00  sec  10.2 MBytes  85.7 Mbits/sec  7660  
[ 35]  54.00-55.00  sec  10.2 MBytes  85.7 Mbits/sec  7660  
[ 37]  54.00-55.00  sec  10.2 MBytes  85.7 Mbits/sec  7660  
[ 39]  54.00-55.00  sec  10.2 MBytes  85.7 Mbits/sec  7660  
[ 41]  54.00-55.00  sec  10.2 MBytes  85.7 Mbits/sec  7660  
[ 43]  54.00-55.00  sec  10.2 MBytes  85.7 Mbits/sec  7660  
[SUM]  54.00-55.00  sec   204 MBytes  1713 Mbits/sec  153200  
- - - - - - - - - - - - - - - - - - - - - - - - -
[  5]  55.00-56.00  sec  9.95 MBytes  83.5 Mbits/sec  7464  
[  7]  55.00-56.00  sec  9.95 MBytes  83.5 Mbits/sec  7464  
[  9]  55.00-56.00  sec  9.95 MBytes  83.5 Mbits/sec  7464  
[ 11]  55.00-56.00  sec  9.95 MBytes  83.5 Mbits/sec  7464  
[ 13]  55.00-56.00  sec  9.95 MBytes  83.5 Mbits/sec  7464  
[ 15]  55.00-56.00  sec  9.95 MBytes  83.5 Mbits/sec  7464  
[ 17]  55.00-56.00  sec  9.95 MBytes  83.5 Mbits/sec  7464  
[ 19]  55.00-56.00  sec  9.95 MBytes  83.5 Mbits/sec  7464  
[ 21]  55.00-56.00  sec  9.95 MBytes  83.5 Mbits/sec  7464  
[ 23]  55.00-56.00  sec  9.95 MBytes  83.5 Mbits/sec  7464  
[ 25]  55.00-56.00  sec  9.95 MBytes  83.5 Mbits/sec  7464  
[ 27]  55.00-56.00  sec  9.95 MBytes  83.5 Mbits/sec  7464  
[ 29]  55.00-56.00  sec  9.95 MBytes  83.5 Mbits/sec  7464  
[ 31]  55.00-56.00  sec  9.95 MBytes  83.5 Mbits/sec  7464  
[ 33]  55.00-56.00  sec  9.95 MBytes  83.5 Mbits/sec  7464  
[ 35]  55.00-56.00  sec  9.95 MBytes  83.5 Mbits/sec  7464  
[ 37]  55.00-56.00  sec  9.95 MBytes  83.5 Mbits/sec  7464  
[ 39]  55.00-56.00  sec  9.95 MBytes  83.5 Mbits/sec  7464  
[ 41]  55.00-56.00  sec  9.95 MBytes  83.5 Mbits/sec  7464  
[ 43]  55.00-56.00  sec  9.95 MBytes  83.5 Mbits/sec  7464  
[SUM]  55.00-56.00  sec   199 MBytes  1670 Mbits/sec  149280  
- - - - - - - - - - - - - - - - - - - - - - - - -
[  5]  56.00-57.00  sec  9.98 MBytes  83.7 Mbits/sec  7482  
[  7]  56.00-57.00  sec  9.98 MBytes  83.7 Mbits/sec  7482  
[  9]  56.00-57.00  sec  9.98 MBytes  83.7 Mbits/sec  7482  
[ 11]  56.00-57.00  sec  9.98 MBytes  83.7 Mbits/sec  7482  
[ 13]  56.00-57.00  sec  9.98 MBytes  83.7 Mbits/sec  7482  
[ 15]  56.00-57.00  sec  9.98 MBytes  83.7 Mbits/sec  7482  
[ 17]  56.00-57.00  sec  9.98 MBytes  83.7 Mbits/sec  7482  
[ 19]  56.00-57.00  sec  9.98 MBytes  83.7 Mbits/sec  7482  
[ 21]  56.00-57.00  sec  9.98 MBytes  83.7 Mbits/sec  7482  
[ 23]  56.00-57.00  sec  9.98 MBytes  83.7 Mbits/sec  7482  
[ 25]  56.00-57.00  sec  9.98 MBytes  83.7 Mbits/sec  7482  
[ 27]  56.00-57.00  sec  9.98 MBytes  83.7 Mbits/sec  7482  
[ 29]  56.00-57.00  sec  9.98 MBytes  83.7 Mbits/sec  7482  
[ 31]  56.00-57.00  sec  9.98 MBytes  83.7 Mbits/sec  7482  
[ 33]  56.00-57.00  sec  9.98 MBytes  83.7 Mbits/sec  7482  
[ 35]  56.00-57.00  sec  9.98 MBytes  83.7 Mbits/sec  7482  
[ 37]  56.00-57.00  sec  9.98 MBytes  83.7 Mbits/sec  7482  
[ 39]  56.00-57.00  sec  9.98 MBytes  83.7 Mbits/sec  7482  
[ 41]  56.00-57.00  sec  9.98 MBytes  83.7 Mbits/sec  7482  
[ 43]  56.00-57.00  sec  9.98 MBytes  83.7 Mbits/sec  7482  
[SUM]  56.00-57.00  sec   200 MBytes  1673 Mbits/sec  149640  
- - - - - - - - - - - - - - - - - - - - - - - - -
[  5]  57.00-58.00  sec  10.0 MBytes  84.0 Mbits/sec  7514  
[  7]  57.00-58.00  sec  10.0 MBytes  84.0 Mbits/sec  7514  
[  9]  57.00-58.00  sec  10.0 MBytes  84.0 Mbits/sec  7514  
[ 11]  57.00-58.00  sec  10.0 MBytes  84.0 Mbits/sec  7514  
[ 13]  57.00-58.00  sec  10.0 MBytes  84.0 Mbits/sec  7514  
[ 15]  57.00-58.00  sec  10.0 MBytes  84.0 Mbits/sec  7514  
[ 17]  57.00-58.00  sec  10.0 MBytes  84.0 Mbits/sec  7514  
[ 19]  57.00-58.00  sec  10.0 MBytes  84.0 Mbits/sec  7514  
[ 21]  57.00-58.00  sec  10.0 MBytes  84.0 Mbits/sec  7514  
[ 23]  57.00-58.00  sec  10.0 MBytes  84.0 Mbits/sec  7514  
[ 25]  57.00-58.00  sec  10.0 MBytes  84.0 Mbits/sec  7514  
[ 27]  57.00-58.00  sec  10.0 MBytes  84.0 Mbits/sec  7514  
[ 29]  57.00-58.00  sec  10.0 MBytes  84.0 Mbits/sec  7514  
[ 31]  57.00-58.00  sec  10.0 MBytes  84.0 Mbits/sec  7514  
[ 33]  57.00-58.00  sec  10.0 MBytes  84.0 Mbits/sec  7514  
[ 35]  57.00-58.00  sec  10.0 MBytes  84.0 Mbits/sec  7514  
[ 37]  57.00-58.00  sec  10.0 MBytes  84.0 Mbits/sec  7514  
[ 39]  57.00-58.00  sec  10.0 MBytes  84.0 Mbits/sec  7514  
[ 41]  57.00-58.00  sec  10.0 MBytes  84.0 Mbits/sec  7514  
[ 43]  57.00-58.00  sec  10.0 MBytes  84.0 Mbits/sec  7514  
[SUM]  57.00-58.00  sec   200 MBytes  1681 Mbits/sec  150280  
- - - - - - - - - - - - - - - - - - - - - - - - -
[  5]  58.00-59.00  sec  10.0 MBytes  84.1 Mbits/sec  7516  
[  7]  58.00-59.00  sec  10.0 MBytes  84.1 Mbits/sec  7516  
[  9]  58.00-59.00  sec  10.0 MBytes  84.1 Mbits/sec  7516  
[ 11]  58.00-59.00  sec  10.0 MBytes  84.1 Mbits/sec  7516  
[ 13]  58.00-59.00  sec  10.0 MBytes  84.1 Mbits/sec  7516  
[ 15]  58.00-59.00  sec  10.0 MBytes  84.1 Mbits/sec  7516  
[ 17]  58.00-59.00  sec  10.0 MBytes  84.1 Mbits/sec  7516  
[ 19]  58.00-59.00  sec  10.0 MBytes  84.1 Mbits/sec  7516  
[ 21]  58.00-59.00  sec  10.0 MBytes  84.1 Mbits/sec  7516  
[ 23]  58.00-59.00  sec  10.0 MBytes  84.1 Mbits/sec  7516  
[ 25]  58.00-59.00  sec  10.0 MBytes  84.1 Mbits/sec  7516  
[ 27]  58.00-59.00  sec  10.0 MBytes  84.1 Mbits/sec  7516  
[ 29]  58.00-59.00  sec  10.0 MBytes  84.1 Mbits/sec  7516  
[ 31]  58.00-59.00  sec  10.0 MBytes  84.1 Mbits/sec  7516  
[ 33]  58.00-59.00  sec  10.0 MBytes  84.1 Mbits/sec  7516  
[ 35]  58.00-59.00  sec  10.0 MBytes  84.1 Mbits/sec  7516  
[ 37]  58.00-59.00  sec  10.0 MBytes  84.1 Mbits/sec  7516  
[ 39]  58.00-59.00  sec  10.0 MBytes  84.1 Mbits/sec  7516  
[ 41]  58.00-59.00  sec  10.0 MBytes  84.1 Mbits/sec  7516  
[ 43]  58.00-59.00  sec  10.0 MBytes  84.1 Mbits/sec  7516  
[SUM]  58.00-59.00  sec   200 MBytes  1681 Mbits/sec  150320  
- - - - - - - - - - - - - - - - - - - - - - - - -
[  5]  59.00-60.00  sec  9.93 MBytes  83.3 Mbits/sec  7450  
[  7]  59.00-60.00  sec  9.93 MBytes  83.3 Mbits/sec  7450  
[  9]  59.00-60.00  sec  9.93 MBytes  83.3 Mbits/sec  7450  
[ 11]  59.00-60.00  sec  9.93 MBytes  83.3 Mbits/sec  7450  
[ 13]  59.00-60.00  sec  9.93 MBytes  83.3 Mbits/sec  7450  
[ 15]  59.00-60.00  sec  9.93 MBytes  83.3 Mbits/sec  7450  
[ 17]  59.00-60.00  sec  9.93 MBytes  83.3 Mbits/sec  7450  
[ 19]  59.00-60.00  sec  9.93 MBytes  83.3 Mbits/sec  7450  
[ 21]  59.00-60.00  sec  9.93 MBytes  83.3 Mbits/sec  7450  
[ 23]  59.00-60.00  sec  9.93 MBytes  83.3 Mbits/sec  7450  
[ 25]  59.00-60.00  sec  9.93 MBytes  83.3 Mbits/sec  7450  
[ 27]  59.00-60.00  sec  9.93 MBytes  83.3 Mbits/sec  7450  
[ 29]  59.00-60.00  sec  9.93 MBytes  83.3 Mbits/sec  7450  
[ 31]  59.00-60.00  sec  9.93 MBytes  83.3 Mbits/sec  7450  
[ 33]  59.00-60.00  sec  9.93 MBytes  83.3 Mbits/sec  7450  
[ 35]  59.00-60.00  sec  9.93 MBytes  83.3 Mbits/sec  7450  
[ 37]  59.00-60.00  sec  9.93 MBytes  83.3 Mbits/sec  7450  
[ 39]  59.00-60.00  sec  9.93 MBytes  83.3 Mbits/sec  7450  
[ 41]  59.00-60.00  sec  9.93 MBytes  83.3 Mbits/sec  7450  
[ 43]  59.00-60.00  sec  9.93 MBytes  83.3 Mbits/sec  7450  
[SUM]  59.00-60.00  sec   199 MBytes  1666 Mbits/sec  149000  
- - - - - - - - - - - - - - - - - - - - - - - - -
[ ID] Interval           Transfer     Bitrate         Jitter    Lost/Total Datagrams
[  5]   0.00-60.00  sec   599 MBytes  83.8 Mbits/sec  0.000 ms  0/449654 (0%)  sender
[  5]   0.00-60.00  sec   596 MBytes  83.4 Mbits/sec  0.106 ms  2296/449654 (0.51%)  receiver
[  7]   0.00-60.00  sec   599 MBytes  83.8 Mbits/sec  0.000 ms  0/449654 (0%)  sender
[  7]   0.00-60.00  sec   599 MBytes  83.7 Mbits/sec  0.103 ms  413/449654 (0.092%)  receiver
[  9]   0.00-60.00  sec   599 MBytes  83.8 Mbits/sec  0.000 ms  0/449654 (0%)  sender
[  9]   0.00-60.00  sec   596 MBytes  83.4 Mbits/sec  0.106 ms  2294/449654 (0.51%)  receiver
[ 11]   0.00-60.00  sec   599 MBytes  83.8 Mbits/sec  0.000 ms  0/449654 (0%)  sender
[ 11]   0.00-60.00  sec   599 MBytes  83.7 Mbits/sec  0.103 ms  425/449654 (0.095%)  receiver
[ 13]   0.00-60.00  sec   599 MBytes  83.8 Mbits/sec  0.000 ms  0/449654 (0%)  sender
[ 13]   0.00-60.00  sec   599 MBytes  83.7 Mbits/sec  0.106 ms  417/449654 (0.093%)  receiver
[ 15]   0.00-60.00  sec   599 MBytes  83.8 Mbits/sec  0.000 ms  0/449654 (0%)  sender
[ 15]   0.00-60.00  sec   599 MBytes  83.7 Mbits/sec  0.108 ms  425/449654 (0.095%)  receiver
[ 17]   0.00-60.00  sec   599 MBytes  83.8 Mbits/sec  0.000 ms  0/449654 (0%)  sender
[ 17]   0.00-60.00  sec   599 MBytes  83.7 Mbits/sec  0.112 ms  421/449654 (0.094%)  receiver
[ 19]   0.00-60.00  sec   599 MBytes  83.8 Mbits/sec  0.000 ms  0/449654 (0%)  sender
[ 19]   0.00-60.00  sec   599 MBytes  83.7 Mbits/sec  0.110 ms  424/449654 (0.094%)  receiver
[ 21]   0.00-60.00  sec   599 MBytes  83.8 Mbits/sec  0.000 ms  0/449654 (0%)  sender
[ 21]   0.00-60.00  sec   599 MBytes  83.7 Mbits/sec  0.111 ms  415/449654 (0.092%)  receiver
[ 23]   0.00-60.00  sec   599 MBytes  83.8 Mbits/sec  0.000 ms  0/449654 (0%)  sender
[ 23]   0.00-60.00  sec   599 MBytes  83.7 Mbits/sec  0.110 ms  421/449654 (0.094%)  receiver
[ 25]   0.00-60.00  sec   599 MBytes  83.8 Mbits/sec  0.000 ms  0/449654 (0%)  sender
[ 25]   0.00-60.00  sec   599 MBytes  83.7 Mbits/sec  0.109 ms  423/449654 (0.094%)  receiver
[ 27]   0.00-60.00  sec   599 MBytes  83.8 Mbits/sec  0.000 ms  0/449654 (0%)  sender
[ 27]   0.00-60.00  sec   596 MBytes  83.4 Mbits/sec  0.111 ms  2337/449654 (0.52%)  receiver
[ 29]   0.00-60.00  sec   599 MBytes  83.8 Mbits/sec  0.000 ms  0/449654 (0%)  sender
[ 29]   0.00-60.00  sec   596 MBytes  83.4 Mbits/sec  0.111 ms  2314/449654 (0.51%)  receiver
[ 31]   0.00-60.00  sec   599 MBytes  83.8 Mbits/sec  0.000 ms  0/449654 (0%)  sender
[ 31]   0.00-60.00  sec   596 MBytes  83.4 Mbits/sec  0.111 ms  2303/449654 (0.51%)  receiver
[ 33]   0.00-60.00  sec   599 MBytes  83.8 Mbits/sec  0.000 ms  0/449654 (0%)  sender
[ 33]   0.00-60.00  sec   599 MBytes  83.7 Mbits/sec  0.115 ms  434/449654 (0.097%)  receiver
[ 35]   0.00-60.00  sec   599 MBytes  83.8 Mbits/sec  0.000 ms  0/449654 (0%)  sender
[ 35]   0.00-60.00  sec   599 MBytes  83.7 Mbits/sec  0.117 ms  421/449654 (0.094%)  receiver
[ 37]   0.00-60.00  sec   599 MBytes  83.8 Mbits/sec  0.000 ms  0/449654 (0%)  sender
[ 37]   0.00-60.00  sec   599 MBytes  83.7 Mbits/sec  0.118 ms  426/449654 (0.095%)  receiver
[ 39]   0.00-60.00  sec   599 MBytes  83.8 Mbits/sec  0.000 ms  0/449654 (0%)  sender
[ 39]   0.00-60.00  sec   599 MBytes  83.7 Mbits/sec  0.117 ms  431/449654 (0.096%)  receiver
[ 41]   0.00-60.00  sec   599 MBytes  83.8 Mbits/sec  0.000 ms  0/449654 (0%)  sender
[ 41]   0.00-60.00  sec   599 MBytes  83.7 Mbits/sec  0.118 ms  432/449654 (0.096%)  receiver
[ 43]   0.00-60.00  sec   599 MBytes  83.8 Mbits/sec  0.000 ms  0/449654 (0%)  sender
[ 43]   0.00-60.00  sec   596 MBytes  83.4 Mbits/sec  0.118 ms  2320/449654 (0.52%)  receiver
[SUM]   0.00-60.00  sec  11.7 GBytes  1676 Mbits/sec  0.000 ms  0/8993080 (0%)  sender
[SUM]   0.00-60.00  sec  11.7 GBytes  1673 Mbits/sec  0.111 ms  19792/8993080 (0.22%)  receiver

iperf Done.
