Connecting to host 10.10.0.6, port 30000
[  5] local 10.244.2.2 port 46248 connected to 10.10.0.6 port 30000
[ ID] Interval           Transfer     Bitrate         Retr  Cwnd
[  5]   0.00-1.00   sec  1.03 GBytes  8816 Mbits/sec  2102    568 KBytes       
[  5]   1.00-2.00   sec   994 MBytes  8336 Mbits/sec  2971    873 KBytes       
[  5]   2.00-3.00   sec   988 MBytes  8280 Mbits/sec  3354    865 KBytes       
[  5]   3.00-4.00   sec   972 MBytes  8152 Mbits/sec  3528    874 KBytes       
[  5]   4.00-5.00   sec  1.12 GBytes  9641 Mbits/sec   31    912 KBytes       
[  5]   5.00-6.00   sec  1.12 GBytes  9620 Mbits/sec   11    947 KBytes       
[  5]   6.00-7.00   sec  1.12 GBytes  9622 Mbits/sec    0    972 KBytes       
[  5]   7.00-8.00   sec  1.10 GBytes  9442 Mbits/sec  334    991 KBytes       
[  5]   8.00-9.00   sec  1.12 GBytes  9632 Mbits/sec  169   1016 KBytes       
[  5]   9.00-10.00  sec  1.03 GBytes  8834 Mbits/sec  2473    708 KBytes       
[  5]  10.00-11.00  sec  1021 MBytes  8561 Mbits/sec  2879   1.03 MBytes       
[  5]  11.00-12.00  sec   995 MBytes  8351 Mbits/sec  2849    972 KBytes       
[  5]  12.00-13.00  sec   986 MBytes  8274 Mbits/sec  2708    881 KBytes       
[  5]  13.00-14.00  sec  1010 MBytes  8472 Mbits/sec  4039   1.08 MBytes       
[  5]  14.00-15.00  sec  1014 MBytes  8504 Mbits/sec  2966    960 KBytes       
[  5]  15.00-16.00  sec   992 MBytes  8326 Mbits/sec  3801    906 KBytes       
[  5]  16.00-17.00  sec  1002 MBytes  8410 Mbits/sec  3106    788 KBytes       
[  5]  17.00-18.00  sec  1009 MBytes  8462 Mbits/sec  3311    861 KBytes       
[  5]  18.00-19.00  sec  1001 MBytes  8400 Mbits/sec  2492    811 KBytes       
[  5]  19.00-20.00  sec  1024 MBytes  8587 Mbits/sec  3724    734 KBytes       
[  5]  20.00-21.00  sec  1008 MBytes  8452 Mbits/sec  2923    619 KBytes       
[  5]  21.00-22.00  sec   999 MBytes  8379 Mbits/sec  2340    869 KBytes       
[  5]  22.00-23.00  sec  1.01 GBytes  8640 Mbits/sec  3691    496 KBytes       
[  5]  23.00-24.00  sec  1012 MBytes  8493 Mbits/sec  3835    899 KBytes       
[  5]  24.00-25.00  sec   456 MBytes  3825 Mbits/sec  1350   1.38 KBytes       
[  5]  25.00-26.00  sec   725 MBytes  6085 Mbits/sec  3524    793 KBytes       
[  5]  26.00-27.00  sec   939 MBytes  7849 Mbits/sec  2776    788 KBytes       
[  5]  27.00-28.00  sec   935 MBytes  7868 Mbits/sec  2071    637 KBytes       
[  5]  28.00-29.00  sec   949 MBytes  7927 Mbits/sec  1033    616 KBytes       
[  5]  29.00-30.00  sec   979 MBytes  8244 Mbits/sec  3147   1.00 MBytes       
[  5]  30.00-31.00  sec   951 MBytes  7978 Mbits/sec  3912    913 KBytes       
[  5]  31.00-32.00  sec   980 MBytes  8222 Mbits/sec  3859    854 KBytes       
[  5]  32.00-33.00  sec   984 MBytes  8252 Mbits/sec  2311    617 KBytes       
[  5]  33.00-34.00  sec   958 MBytes  8031 Mbits/sec  2986    848 KBytes       
[  5]  34.00-35.00  sec   990 MBytes  8304 Mbits/sec  3182    833 KBytes       
[  5]  35.00-36.00  sec  1008 MBytes  8452 Mbits/sec  4602    858 KBytes       
[  5]  36.00-37.00  sec   972 MBytes  8158 Mbits/sec  2113    606 KBytes       
[  5]  37.00-38.00  sec   971 MBytes  8147 Mbits/sec  2134    861 KBytes       
[  5]  38.00-39.00  sec  1004 MBytes  8421 Mbits/sec  3182   1001 KBytes       
[  5]  39.00-40.00  sec   982 MBytes  8241 Mbits/sec  3944    837 KBytes       
[  5]  40.00-41.00  sec   996 MBytes  8357 Mbits/sec  3257    869 KBytes       
[  5]  41.00-42.00  sec   972 MBytes  8157 Mbits/sec  2619    957 KBytes       
[  5]  42.00-43.00  sec   968 MBytes  8116 Mbits/sec  3136    825 KBytes       
[  5]  43.00-44.00  sec   981 MBytes  8210 Mbits/sec  3744    868 KBytes       
[  5]  44.00-45.00  sec   980 MBytes  8243 Mbits/sec  3009    978 KBytes       
[  5]  45.00-46.00  sec   980 MBytes  8219 Mbits/sec  3701    993 KBytes       
[  5]  46.00-47.00  sec   952 MBytes  7991 Mbits/sec  2856    597 KBytes       
[  5]  47.00-48.00  sec   989 MBytes  8294 Mbits/sec  2352    949 KBytes       
[  5]  48.00-49.00  sec  1002 MBytes  8404 Mbits/sec  3025    949 KBytes       
[  5]  49.00-50.00  sec  1015 MBytes  8521 Mbits/sec  3888   1002 KBytes       
[  5]  50.00-51.00  sec  1.00 GBytes  8620 Mbits/sec  2736   1.10 MBytes       
[  5]  51.00-52.00  sec  1001 MBytes  8394 Mbits/sec  2988    793 KBytes       
[  5]  52.00-53.00  sec   980 MBytes  8226 Mbits/sec  3835    683 KBytes       
[  5]  53.00-54.00  sec   995 MBytes  8347 Mbits/sec  2989    848 KBytes       
[  5]  54.00-55.00  sec   974 MBytes  8168 Mbits/sec  3101    597 KBytes       
[  5]  55.00-56.00  sec   990 MBytes  8305 Mbits/sec  3643    886 KBytes       
[  5]  56.00-57.00  sec   994 MBytes  8316 Mbits/sec  2902   1.05 MBytes       
[  5]  57.00-58.00  sec  1018 MBytes  8557 Mbits/sec  3295    463 KBytes       
[  5]  58.00-59.00  sec  1014 MBytes  8504 Mbits/sec  2234    895 KBytes       
[  5]  59.00-60.00  sec   994 MBytes  8334 Mbits/sec  3921    912 KBytes       
- - - - - - - - - - - - - - - - - - - - - - - - -
[ ID] Interval           Transfer     Bitrate         Retr
[  5]   0.00-60.00  sec  58.1 GBytes  8316 Mbits/sec  168994             sender
[  5]   0.00-60.00  sec  58.1 GBytes  8315 Mbits/sec                  receiver

iperf Done.
