Connecting to host 10.10.0.2, port 30000
[  5] local 10.244.2.2 port 37678 connected to 10.10.0.2 port 30000
[ ID] Interval           Transfer     Bitrate         Total Datagrams
[  5]   0.00-1.00   sec   114 MBytes   953 Mbits/sec  84576  
[  5]   1.00-2.00   sec   116 MBytes   975 Mbits/sec  86531  
[  5]   2.00-3.00   sec   114 MBytes   956 Mbits/sec  84849  
[  5]   3.00-4.00   sec   115 MBytes   963 Mbits/sec  85509  
[  5]   4.00-5.00   sec   114 MBytes   960 Mbits/sec  85230  
[  5]   5.00-6.00   sec   113 MBytes   951 Mbits/sec  84416  
[  5]   6.00-7.00   sec   113 MBytes   947 Mbits/sec  84058  
[  5]   7.00-8.00   sec   115 MBytes   966 Mbits/sec  85774  
[  5]   8.00-9.00   sec   114 MBytes   957 Mbits/sec  84965  
[  5]   9.00-10.00  sec   114 MBytes   960 Mbits/sec  85193  
[  5]  10.00-11.00  sec   114 MBytes   958 Mbits/sec  85042  
[  5]  11.00-12.00  sec   116 MBytes   969 Mbits/sec  86034  
[  5]  12.00-13.00  sec   115 MBytes   965 Mbits/sec  85697  
[  5]  13.00-14.00  sec   115 MBytes   962 Mbits/sec  85405  
[  5]  14.00-15.00  sec   113 MBytes   945 Mbits/sec  83918  
[  5]  15.00-16.00  sec   115 MBytes   968 Mbits/sec  85953  
[  5]  16.00-17.00  sec   114 MBytes   955 Mbits/sec  84826  
[  5]  17.00-18.00  sec   115 MBytes   966 Mbits/sec  85730  
[  5]  18.00-19.00  sec   109 MBytes   916 Mbits/sec  81363  
[  5]  19.00-20.00  sec   110 MBytes   926 Mbits/sec  82228  
[  5]  20.00-21.00  sec   109 MBytes   914 Mbits/sec  81182  
[  5]  21.00-22.00  sec   109 MBytes   914 Mbits/sec  81140  
[  5]  22.00-23.00  sec   107 MBytes   900 Mbits/sec  79900  
[  5]  23.00-24.00  sec   112 MBytes   941 Mbits/sec  83515  
[  5]  24.00-25.00  sec   110 MBytes   922 Mbits/sec  81878  
[  5]  25.00-26.00  sec   108 MBytes   907 Mbits/sec  80505  
[  5]  26.00-27.00  sec   108 MBytes   908 Mbits/sec  80627  
[  5]  27.00-28.00  sec   109 MBytes   917 Mbits/sec  81368  
[  5]  28.00-29.00  sec   109 MBytes   912 Mbits/sec  80967  
[  5]  29.00-30.00  sec   113 MBytes   952 Mbits/sec  84511  
[  5]  30.00-31.00  sec   113 MBytes   948 Mbits/sec  84198  
[  5]  31.00-32.00  sec   111 MBytes   927 Mbits/sec  82319  
[  5]  32.00-33.00  sec   108 MBytes   907 Mbits/sec  80488  
[  5]  33.00-34.00  sec   112 MBytes   942 Mbits/sec  83654  
[  5]  34.00-35.00  sec   109 MBytes   918 Mbits/sec  81498  
[  5]  35.00-36.00  sec   111 MBytes   930 Mbits/sec  82554  
[  5]  36.00-37.00  sec   112 MBytes   935 Mbits/sec  83040  
[  5]  37.00-38.00  sec   110 MBytes   919 Mbits/sec  81622  
[  5]  38.00-39.00  sec   106 MBytes   890 Mbits/sec  78973  
[  5]  39.00-40.00  sec   111 MBytes   934 Mbits/sec  82902  
[  5]  40.00-41.00  sec   109 MBytes   913 Mbits/sec  81030  
[  5]  41.00-42.00  sec   115 MBytes   967 Mbits/sec  85824  
[  5]  42.00-43.00  sec   115 MBytes   961 Mbits/sec  85318  
[  5]  43.00-44.00  sec   116 MBytes   969 Mbits/sec  86060  
[  5]  44.00-45.00  sec   114 MBytes   954 Mbits/sec  84655  
[  5]  45.00-46.00  sec   114 MBytes   957 Mbits/sec  84958  
[  5]  46.00-47.00  sec   113 MBytes   949 Mbits/sec  84251  
[  5]  47.00-48.00  sec   113 MBytes   946 Mbits/sec  83961  
[  5]  48.00-49.00  sec   111 MBytes   935 Mbits/sec  82987  
[  5]  49.00-50.00  sec   115 MBytes   966 Mbits/sec  85793  
[  5]  50.00-51.00  sec   113 MBytes   948 Mbits/sec  84182  
[  5]  51.00-52.00  sec   112 MBytes   943 Mbits/sec  83726  
[  5]  52.00-53.00  sec   112 MBytes   940 Mbits/sec  83431  
[  5]  53.00-54.00  sec   115 MBytes   965 Mbits/sec  85656  
[  5]  54.00-55.00  sec   115 MBytes   962 Mbits/sec  85417  
[  5]  55.00-56.00  sec   114 MBytes   960 Mbits/sec  85242  
[  5]  56.00-57.00  sec   114 MBytes   954 Mbits/sec  84680  
[  5]  57.00-58.00  sec   115 MBytes   963 Mbits/sec  85459  
[  5]  58.00-59.00  sec   111 MBytes   934 Mbits/sec  82914  
[  5]  59.00-60.00  sec   116 MBytes   976 Mbits/sec  86670  
- - - - - - - - - - - - - - - - - - - - - - - - -
[ ID] Interval           Transfer     Bitrate         Jitter    Lost/Total Datagrams
[  5]   0.00-60.00  sec  6.59 GBytes   944 Mbits/sec  0.000 ms  0/5026352 (0%)  sender
[  5]   0.00-60.00  sec  6.51 GBytes   932 Mbits/sec  0.013 ms  60041/5026352 (1.2%)  receiver

iperf Done.
