Connecting to host 10.10.0.2, port 30000
[  5] local 10.44.0.1 port 55264 connected to 10.10.0.2 port 30000
[ ID] Interval           Transfer     Bitrate         Retr  Cwnd
[  5]   0.00-1.00   sec   479 MBytes  4018 Mbits/sec  13924   2.00 MBytes       
[  5]   1.00-2.00   sec   466 MBytes  3911 Mbits/sec  8199   2.00 MBytes       
[  5]   2.00-3.00   sec   466 MBytes  3911 Mbits/sec  7458   2.00 MBytes       
[  5]   3.00-4.00   sec   469 MBytes  3932 Mbits/sec  6648   2.01 MBytes       
[  5]   4.00-5.00   sec   468 MBytes  3922 Mbits/sec  6567   2.03 MBytes       
[  5]   5.00-6.00   sec   471 MBytes  3954 Mbits/sec  4272   2.10 MBytes       
[  5]   6.00-7.00   sec   466 MBytes  3911 Mbits/sec  7731   2.10 MBytes       
[  5]   7.00-8.00   sec   476 MBytes  3995 Mbits/sec  404   2.23 MBytes       
[  5]   8.00-9.00   sec   465 MBytes  3901 Mbits/sec  8338   2.27 MBytes       
[  5]   9.00-10.00  sec   464 MBytes  3890 Mbits/sec  10113   2.27 MBytes       
[  5]  10.00-11.00  sec   464 MBytes  3889 Mbits/sec  10355   2.29 MBytes       
[  5]  11.00-12.00  sec   469 MBytes  3933 Mbits/sec  5488   1.61 MBytes       
[  5]  12.00-13.00  sec   472 MBytes  3964 Mbits/sec  2855   1.62 MBytes       
[  5]  13.00-14.00  sec   474 MBytes  3974 Mbits/sec  2191   1.62 MBytes       
[  5]  14.00-15.00  sec   474 MBytes  3974 Mbits/sec  2103   1.67 MBytes       
[  5]  15.00-16.00  sec   472 MBytes  3964 Mbits/sec  3259   1.68 MBytes       
[  5]  16.00-17.00  sec   475 MBytes  3985 Mbits/sec  1069   1.80 MBytes       
[  5]  17.00-18.00  sec   470 MBytes  3943 Mbits/sec  4905   1.81 MBytes       
[  5]  18.00-19.00  sec   471 MBytes  3953 Mbits/sec  4128   1.86 MBytes       
[  5]  19.00-20.00  sec   472 MBytes  3963 Mbits/sec  2988   1.92 MBytes       
[  5]  20.00-21.00  sec   474 MBytes  3973 Mbits/sec  2586   2.02 MBytes       
[  5]  21.00-22.00  sec   470 MBytes  3944 Mbits/sec  4883   2.07 MBytes       
[  5]  22.00-23.00  sec   469 MBytes  3931 Mbits/sec  6060   2.10 MBytes       
[  5]  23.00-24.00  sec   468 MBytes  3923 Mbits/sec  6067   1.51 MBytes       
[  5]  24.00-25.00  sec   464 MBytes  3890 Mbits/sec  10282   2.16 MBytes       
[  5]  25.00-26.00  sec   466 MBytes  3910 Mbits/sec  8616   2.16 MBytes       
[  5]  26.00-27.00  sec   469 MBytes  3933 Mbits/sec  5586   2.22 MBytes       
[  5]  27.00-28.00  sec   468 MBytes  3922 Mbits/sec  6782   1.19 MBytes       
[  5]  28.00-29.00  sec   402 MBytes  3376 Mbits/sec  5860   2.31 MBytes       
[  5]  29.00-30.00  sec  58.8 MBytes   493 Mbits/sec    0   2.33 MBytes       
[  5]  30.00-31.00  sec  60.0 MBytes   503 Mbits/sec    0   2.35 MBytes       
[  5]  31.00-32.00  sec  58.8 MBytes   493 Mbits/sec    0   2.36 MBytes       
[  5]  32.00-33.00  sec  60.0 MBytes   503 Mbits/sec    0   2.38 MBytes       
[  5]  33.00-34.00  sec   129 MBytes  1080 Mbits/sec  1129   2.41 MBytes       
[  5]  34.00-35.00  sec   462 MBytes  3879 Mbits/sec  10805   2.41 MBytes       
[  5]  35.00-36.00  sec   461 MBytes  3870 Mbits/sec  11344   2.41 MBytes       
[  5]  36.00-37.00  sec   461 MBytes  3869 Mbits/sec  11841   2.43 MBytes       
[  5]  37.00-38.00  sec   461 MBytes  3869 Mbits/sec  12702   2.43 MBytes       
[  5]  38.00-39.00  sec   464 MBytes  3890 Mbits/sec  9758   2.45 MBytes       
[  5]  39.00-40.00  sec   464 MBytes  3891 Mbits/sec  9977   2.47 MBytes       
[  5]  40.00-41.00  sec   461 MBytes  3869 Mbits/sec  11322   2.47 MBytes       
[  5]  41.00-42.00  sec   461 MBytes  3869 Mbits/sec  12142   2.47 MBytes       
[  5]  42.00-43.00  sec   461 MBytes  3869 Mbits/sec  12521   2.47 MBytes       
[  5]  43.00-44.00  sec   464 MBytes  3890 Mbits/sec  9368   2.49 MBytes       
[  5]  44.00-45.00  sec   472 MBytes  3964 Mbits/sec  3371   2.56 MBytes       
[  5]  45.00-46.00  sec   470 MBytes  3943 Mbits/sec  4569   2.64 MBytes       
[  5]  46.00-47.00  sec   464 MBytes  3890 Mbits/sec  9966   2.66 MBytes       
[  5]  47.00-48.00  sec   461 MBytes  3869 Mbits/sec  12363   2.67 MBytes       
[  5]  48.00-49.00  sec   466 MBytes  3911 Mbits/sec  7424   2.69 MBytes       
[  5]  49.00-50.00  sec   466 MBytes  3911 Mbits/sec  8029   2.74 MBytes       
[  5]  50.00-51.00  sec   461 MBytes  3869 Mbits/sec  12041   2.76 MBytes       
[  5]  51.00-52.00  sec   465 MBytes  3900 Mbits/sec  9337   2.76 MBytes       
[  5]  52.00-53.00  sec   464 MBytes  3891 Mbits/sec  9878   2.76 MBytes       
[  5]  53.00-54.00  sec   465 MBytes  3901 Mbits/sec  8384   2.79 MBytes       
[  5]  54.00-55.00  sec   461 MBytes  3869 Mbits/sec  11780   2.80 MBytes       
[  5]  55.00-56.00  sec   464 MBytes  3890 Mbits/sec  10681   2.80 MBytes       
[  5]  56.00-57.00  sec   466 MBytes  3911 Mbits/sec  7371   2.84 MBytes       
[  5]  57.00-58.00  sec   464 MBytes  3890 Mbits/sec  10096   2.84 MBytes       
[  5]  58.00-59.00  sec   468 MBytes  3921 Mbits/sec  7594   2.87 MBytes       
[  5]  59.00-60.00  sec   460 MBytes  3859 Mbits/sec  12895   2.87 MBytes       
- - - - - - - - - - - - - - - - - - - - - - - - -
[ ID] Interval           Transfer     Bitrate         Retr
[  5]   0.00-60.00  sec  25.4 GBytes  3632 Mbits/sec  428405             sender
[  5]   0.00-60.00  sec  25.4 GBytes  3631 Mbits/sec                  receiver

iperf Done.
