Connecting to host 10.10.0.7, port 30000
[  6] local 10.244.229.65 port 42466 connected to 10.10.0.7 port 30000
[  8] local 10.244.229.65 port 42468 connected to 10.10.0.7 port 30000
[ 10] local 10.244.229.65 port 42470 connected to 10.10.0.7 port 30000
[ 12] local 10.244.229.65 port 42472 connected to 10.10.0.7 port 30000
[ 14] local 10.244.229.65 port 42474 connected to 10.10.0.7 port 30000
[ 16] local 10.244.229.65 port 42476 connected to 10.10.0.7 port 30000
[ 18] local 10.244.229.65 port 42478 connected to 10.10.0.7 port 30000
[ 20] local 10.244.229.65 port 42480 connected to 10.10.0.7 port 30000
[ ID] Interval           Transfer     Bitrate         Retr  Cwnd
[  6]   0.00-1.00   sec  54.8 MBytes   460 Mbits/sec  770    284 KBytes       
[  8]   0.00-1.00   sec  77.0 MBytes   646 Mbits/sec  806    516 KBytes       
[ 10]   0.00-1.00   sec  45.0 MBytes   377 Mbits/sec  1116    121 KBytes       
[ 12]   0.00-1.00   sec  91.6 MBytes   769 Mbits/sec  1551    541 KBytes       
[ 14]   0.00-1.00   sec  42.6 MBytes   357 Mbits/sec  555    209 KBytes       
[ 16]   0.00-1.00   sec  71.1 MBytes   597 Mbits/sec  728    351 KBytes       
[ 18]   0.00-1.00   sec  43.6 MBytes   366 Mbits/sec  248    233 KBytes       
[ 20]   0.00-1.00   sec  58.3 MBytes   489 Mbits/sec  740    209 KBytes       
[SUM]   0.00-1.00   sec   484 MBytes  4060 Mbits/sec  6514             
- - - - - - - - - - - - - - - - - - - - - - - - -
[  6]   1.00-2.00   sec  60.5 MBytes   507 Mbits/sec  297    117 KBytes       
[  8]   1.00-2.00   sec  72.5 MBytes   608 Mbits/sec  903    131 KBytes       
[ 10]   1.00-2.00   sec  43.8 MBytes   367 Mbits/sec  262    124 KBytes       
[ 12]   1.00-2.00   sec  70.0 MBytes   587 Mbits/sec  668    128 KBytes       
[ 14]   1.00-2.00   sec  57.5 MBytes   482 Mbits/sec  355    128 KBytes       
[ 16]   1.00-2.00   sec  66.2 MBytes   556 Mbits/sec  473    109 KBytes       
[ 18]   1.00-2.00   sec  49.4 MBytes   414 Mbits/sec  527   82.3 KBytes       
[ 20]   1.00-2.00   sec  48.7 MBytes   408 Mbits/sec  344    113 KBytes       
[SUM]   1.00-2.00   sec   469 MBytes  3930 Mbits/sec  3829             
- - - - - - - - - - - - - - - - - - - - - - - - -
[  6]   2.00-3.00   sec  49.6 MBytes   416 Mbits/sec  223    166 KBytes       
[  8]   2.00-3.00   sec  61.2 MBytes   514 Mbits/sec  335    176 KBytes       
[ 10]   2.00-3.00   sec  65.0 MBytes   545 Mbits/sec  263    185 KBytes       
[ 12]   2.00-3.00   sec  66.2 MBytes   556 Mbits/sec  245    218 KBytes       
[ 14]   2.00-3.00   sec  60.0 MBytes   503 Mbits/sec  340    178 KBytes       
[ 16]   2.00-3.00   sec  58.8 MBytes   493 Mbits/sec  153    259 KBytes       
[ 18]   2.00-3.00   sec  52.7 MBytes   442 Mbits/sec  210    176 KBytes       
[ 20]   2.00-3.00   sec  57.2 MBytes   480 Mbits/sec  247    156 KBytes       
[SUM]   2.00-3.00   sec   471 MBytes  3949 Mbits/sec  2016             
- - - - - - - - - - - - - - - - - - - - - - - - -
[  6]   3.00-4.00   sec  68.9 MBytes   578 Mbits/sec  341    170 KBytes       
[  8]   3.00-4.00   sec  63.8 MBytes   535 Mbits/sec  464    139 KBytes       
[ 10]   3.00-4.00   sec  60.0 MBytes   503 Mbits/sec  336    145 KBytes       
[ 12]   3.00-4.00   sec  53.8 MBytes   451 Mbits/sec  383    191 KBytes       
[ 14]   3.00-4.00   sec  63.8 MBytes   535 Mbits/sec  408    187 KBytes       
[ 16]   3.00-4.00   sec  51.2 MBytes   430 Mbits/sec  364    151 KBytes       
[ 18]   3.00-4.00   sec  57.6 MBytes   483 Mbits/sec  370    195 KBytes       
[ 20]   3.00-4.00   sec  48.4 MBytes   406 Mbits/sec  446    120 KBytes       
[SUM]   3.00-4.00   sec   467 MBytes  3920 Mbits/sec  3112             
- - - - - - - - - - - - - - - - - - - - - - - - -
[  6]   4.00-5.00   sec  51.3 MBytes   430 Mbits/sec  164    142 KBytes       
[  8]   4.00-5.00   sec  67.5 MBytes   566 Mbits/sec  239    124 KBytes       
[ 10]   4.00-5.00   sec  40.0 MBytes   336 Mbits/sec  255    127 KBytes       
[ 12]   4.00-5.00   sec  60.0 MBytes   503 Mbits/sec  257    119 KBytes       
[ 14]   4.00-5.00   sec  57.5 MBytes   482 Mbits/sec  357    141 KBytes       
[ 16]   4.00-5.00   sec  61.2 MBytes   514 Mbits/sec  240    226 KBytes       
[ 18]   4.00-5.00   sec  79.8 MBytes   669 Mbits/sec  289    220 KBytes       
[ 20]   4.00-5.00   sec  52.6 MBytes   441 Mbits/sec  327    148 KBytes       
[SUM]   4.00-5.00   sec   470 MBytes  3942 Mbits/sec  2128             
- - - - - - - - - - - - - - - - - - - - - - - - -
[  6]   5.00-6.00   sec  59.7 MBytes   501 Mbits/sec  126    194 KBytes       
[  8]   5.00-6.00   sec  55.0 MBytes   461 Mbits/sec  170    138 KBytes       
[ 10]   5.00-6.00   sec  62.5 MBytes   524 Mbits/sec   14    250 KBytes       
[ 12]   5.00-6.00   sec  50.0 MBytes   419 Mbits/sec   95    216 KBytes       
[ 14]   5.00-6.00   sec  52.5 MBytes   440 Mbits/sec  146    205 KBytes       
[ 16]   5.00-6.00   sec  81.2 MBytes   682 Mbits/sec  168    225 KBytes       
[ 18]   5.00-6.00   sec  54.3 MBytes   456 Mbits/sec  223    231 KBytes       
[ 20]   5.00-6.00   sec  58.5 MBytes   490 Mbits/sec  210    187 KBytes       
[SUM]   5.00-6.00   sec   474 MBytes  3974 Mbits/sec  1152             
- - - - - - - - - - - - - - - - - - - - - - - - -
[  6]   6.00-7.00   sec  54.5 MBytes   457 Mbits/sec   54    251 KBytes       
[  8]   6.00-7.00   sec  48.8 MBytes   409 Mbits/sec    0    304 KBytes       
[ 10]   6.00-7.00   sec  60.0 MBytes   503 Mbits/sec  215    206 KBytes       
[ 12]   6.00-7.00   sec  62.5 MBytes   524 Mbits/sec  135    269 KBytes       
[ 14]   6.00-7.00   sec  50.0 MBytes   419 Mbits/sec  246    188 KBytes       
[ 16]   6.00-7.00   sec  66.2 MBytes   556 Mbits/sec  179    370 KBytes       
[ 18]   6.00-7.00   sec  67.8 MBytes   569 Mbits/sec  189    374 KBytes       
[ 20]   6.00-7.00   sec  59.7 MBytes   501 Mbits/sec  105    337 KBytes       
[SUM]   6.00-7.00   sec   470 MBytes  3938 Mbits/sec  1123             
- - - - - - - - - - - - - - - - - - - - - - - - -
[  6]   7.00-8.00   sec  53.6 MBytes   449 Mbits/sec  378    178 KBytes       
[  8]   7.00-8.00   sec  71.2 MBytes   598 Mbits/sec  243    199 KBytes       
[ 10]   7.00-8.00   sec  55.0 MBytes   461 Mbits/sec  299    135 KBytes       
[ 12]   7.00-8.00   sec  58.8 MBytes   493 Mbits/sec   57    258 KBytes       
[ 14]   7.00-8.00   sec  57.5 MBytes   482 Mbits/sec  280    174 KBytes       
[ 16]   7.00-8.00   sec  75.0 MBytes   629 Mbits/sec  403    176 KBytes       
[ 18]   7.00-8.00   sec  53.9 MBytes   452 Mbits/sec  262    156 KBytes       
[ 20]   7.00-8.00   sec  44.1 MBytes   370 Mbits/sec  315    112 KBytes       
[SUM]   7.00-8.00   sec   469 MBytes  3934 Mbits/sec  2237             
- - - - - - - - - - - - - - - - - - - - - - - - -
[  6]   8.00-9.00   sec  55.6 MBytes   466 Mbits/sec  399    135 KBytes       
[  8]   8.00-9.00   sec  57.5 MBytes   482 Mbits/sec  248    170 KBytes       
[ 10]   8.00-9.00   sec  60.0 MBytes   503 Mbits/sec  335    138 KBytes       
[ 12]   8.00-9.00   sec  66.2 MBytes   556 Mbits/sec  385    131 KBytes       
[ 14]   8.00-9.00   sec  68.8 MBytes   577 Mbits/sec  255    142 KBytes       
[ 16]   8.00-9.00   sec  62.5 MBytes   524 Mbits/sec  289    174 KBytes       
[ 18]   8.00-9.00   sec  53.0 MBytes   445 Mbits/sec  307    188 KBytes       
[ 20]   8.00-9.00   sec  47.2 MBytes   396 Mbits/sec  328    167 KBytes       
[SUM]   8.00-9.00   sec   471 MBytes  3949 Mbits/sec  2546             
- - - - - - - - - - - - - - - - - - - - - - - - -
[  6]   9.00-10.00  sec  57.7 MBytes   484 Mbits/sec  321    178 KBytes       
[  8]   9.00-10.00  sec  48.8 MBytes   409 Mbits/sec  242    131 KBytes       
[ 10]   9.00-10.00  sec  57.5 MBytes   482 Mbits/sec  431   99.0 KBytes       
[ 12]   9.00-10.00  sec  55.0 MBytes   461 Mbits/sec  407    134 KBytes       
[ 14]   9.00-10.00  sec  68.8 MBytes   577 Mbits/sec  136    215 KBytes       
[ 16]   9.00-10.00  sec  62.5 MBytes   524 Mbits/sec  252    141 KBytes       
[ 18]   9.00-10.00  sec  60.4 MBytes   506 Mbits/sec  423    156 KBytes       
[ 20]   9.00-10.00  sec  58.0 MBytes   487 Mbits/sec  164    145 KBytes       
[SUM]   9.00-10.00  sec   469 MBytes  3930 Mbits/sec  2376             
- - - - - - - - - - - - - - - - - - - - - - - - -
[  6]  10.00-11.00  sec  65.1 MBytes   546 Mbits/sec  289    121 KBytes       
[  8]  10.00-11.00  sec  60.0 MBytes   503 Mbits/sec  171    202 KBytes       
[ 10]  10.00-11.00  sec  57.5 MBytes   482 Mbits/sec  208    174 KBytes       
[ 12]  10.00-11.00  sec  52.5 MBytes   440 Mbits/sec  282    160 KBytes       
[ 14]  10.00-11.00  sec  63.8 MBytes   535 Mbits/sec  245    166 KBytes       
[ 16]  10.00-11.00  sec  56.2 MBytes   472 Mbits/sec  238    170 KBytes       
[ 18]  10.00-11.00  sec  47.6 MBytes   399 Mbits/sec  150    185 KBytes       
[ 20]  10.00-11.00  sec  68.9 MBytes   578 Mbits/sec  138    258 KBytes       
[SUM]  10.00-11.00  sec   472 MBytes  3957 Mbits/sec  1721             
- - - - - - - - - - - - - - - - - - - - - - - - -
[  6]  11.00-12.00  sec  59.6 MBytes   500 Mbits/sec  271    190 KBytes       
[  8]  11.00-12.00  sec  62.5 MBytes   524 Mbits/sec  284    165 KBytes       
[ 10]  11.00-12.00  sec  58.8 MBytes   493 Mbits/sec  286    205 KBytes       
[ 12]  11.00-12.00  sec  58.8 MBytes   493 Mbits/sec  151    155 KBytes       
[ 14]  11.00-12.00  sec  52.5 MBytes   440 Mbits/sec  165    185 KBytes       
[ 16]  11.00-12.00  sec  52.5 MBytes   440 Mbits/sec  245    176 KBytes       
[ 18]  11.00-12.00  sec  62.4 MBytes   524 Mbits/sec  263    218 KBytes       
[ 20]  11.00-12.00  sec  63.9 MBytes   536 Mbits/sec  270    258 KBytes       
[SUM]  11.00-12.00  sec   471 MBytes  3950 Mbits/sec  1935             
- - - - - - - - - - - - - - - - - - - - - - - - -
[  6]  12.00-13.00  sec  57.1 MBytes   479 Mbits/sec  185    212 KBytes       
[  8]  12.00-13.00  sec  48.8 MBytes   409 Mbits/sec  355   94.8 KBytes       
[ 10]  12.00-13.00  sec  67.5 MBytes   566 Mbits/sec  351    119 KBytes       
[ 12]  12.00-13.00  sec  53.8 MBytes   451 Mbits/sec  274    183 KBytes       
[ 14]  12.00-13.00  sec  66.2 MBytes   556 Mbits/sec  188    212 KBytes       
[ 16]  12.00-13.00  sec  56.2 MBytes   472 Mbits/sec  280    146 KBytes       
[ 18]  12.00-13.00  sec  55.6 MBytes   466 Mbits/sec  216    183 KBytes       
[ 20]  12.00-13.00  sec  66.7 MBytes   560 Mbits/sec  320    169 KBytes       
[SUM]  12.00-13.00  sec   472 MBytes  3959 Mbits/sec  2169             
- - - - - - - - - - - - - - - - - - - - - - - - -
[  6]  13.00-14.00  sec  62.9 MBytes   527 Mbits/sec  223    237 KBytes       
[  8]  13.00-14.00  sec  51.2 MBytes   430 Mbits/sec  293    197 KBytes       
[ 10]  13.00-14.00  sec  52.5 MBytes   440 Mbits/sec  206    205 KBytes       
[ 12]  13.00-14.00  sec  57.5 MBytes   482 Mbits/sec  406    181 KBytes       
[ 14]  13.00-14.00  sec  52.5 MBytes   440 Mbits/sec  429    195 KBytes       
[ 16]  13.00-14.00  sec  63.8 MBytes   535 Mbits/sec  195    238 KBytes       
[ 18]  13.00-14.00  sec  62.2 MBytes   522 Mbits/sec  272    188 KBytes       
[ 20]  13.00-14.00  sec  64.0 MBytes   537 Mbits/sec  359    216 KBytes       
[SUM]  13.00-14.00  sec   467 MBytes  3914 Mbits/sec  2383             
- - - - - - - - - - - - - - - - - - - - - - - - -
[  6]  14.00-15.00  sec  57.4 MBytes   482 Mbits/sec  337    166 KBytes       
[  8]  14.00-15.00  sec  51.2 MBytes   430 Mbits/sec  309    160 KBytes       
[ 10]  14.00-15.00  sec  63.8 MBytes   535 Mbits/sec  314    236 KBytes       
[ 12]  14.00-15.00  sec  53.8 MBytes   451 Mbits/sec  407    170 KBytes       
[ 14]  14.00-15.00  sec  55.0 MBytes   461 Mbits/sec  340    216 KBytes       
[ 16]  14.00-15.00  sec  78.8 MBytes   661 Mbits/sec  290    321 KBytes       
[ 18]  14.00-15.00  sec  56.4 MBytes   473 Mbits/sec  187    219 KBytes       
[ 20]  14.00-15.00  sec  55.5 MBytes   465 Mbits/sec  319    229 KBytes       
[SUM]  14.00-15.00  sec   472 MBytes  3957 Mbits/sec  2503             
- - - - - - - - - - - - - - - - - - - - - - - - -
[  6]  15.00-16.00  sec  58.5 MBytes   491 Mbits/sec  383    180 KBytes       
[  8]  15.00-16.00  sec  50.0 MBytes   419 Mbits/sec  443    135 KBytes       
[ 10]  15.00-16.00  sec  58.8 MBytes   493 Mbits/sec  510    126 KBytes       
[ 12]  15.00-16.00  sec  57.5 MBytes   482 Mbits/sec  335    132 KBytes       
[ 14]  15.00-16.00  sec  55.0 MBytes   461 Mbits/sec  336    153 KBytes       
[ 16]  15.00-16.00  sec  81.2 MBytes   682 Mbits/sec  580    126 KBytes       
[ 18]  15.00-16.00  sec  50.1 MBytes   420 Mbits/sec  343    124 KBytes       
[ 20]  15.00-16.00  sec  55.5 MBytes   466 Mbits/sec  281    131 KBytes       
[SUM]  15.00-16.00  sec   467 MBytes  3914 Mbits/sec  3211             
- - - - - - - - - - - - - - - - - - - - - - - - -
[  6]  16.00-17.00  sec  57.8 MBytes   485 Mbits/sec  410    183 KBytes       
[  8]  16.00-17.00  sec  32.5 MBytes   273 Mbits/sec  157    130 KBytes       
[ 10]  16.00-17.00  sec  45.0 MBytes   377 Mbits/sec  112    152 KBytes       
[ 12]  16.00-17.00  sec  57.5 MBytes   482 Mbits/sec  154    134 KBytes       
[ 14]  16.00-17.00  sec  48.8 MBytes   409 Mbits/sec  162    240 KBytes       
[ 16]  16.00-17.00  sec  42.5 MBytes   356 Mbits/sec  226    222 KBytes       
[ 18]  16.00-17.00  sec  38.4 MBytes   322 Mbits/sec  132   99.0 KBytes       
[ 20]  16.00-17.00  sec   149 MBytes  1248 Mbits/sec  1227   1.48 MBytes       
[SUM]  16.00-17.00  sec   471 MBytes  3953 Mbits/sec  2580             
- - - - - - - - - - - - - - - - - - - - - - - - -
[  6]  17.00-18.00  sec  55.0 MBytes   461 Mbits/sec  145    201 KBytes       
[  8]  17.00-18.00  sec  52.5 MBytes   440 Mbits/sec  144    156 KBytes       
[ 10]  17.00-18.00  sec  48.8 MBytes   409 Mbits/sec  143    195 KBytes       
[ 12]  17.00-18.00  sec  51.2 MBytes   430 Mbits/sec  127    151 KBytes       
[ 14]  17.00-18.00  sec  45.0 MBytes   378 Mbits/sec  287    119 KBytes       
[ 16]  17.00-18.00  sec  48.8 MBytes   409 Mbits/sec  298   96.2 KBytes       
[ 18]  17.00-18.00  sec  35.5 MBytes   298 Mbits/sec  152    176 KBytes       
[ 20]  17.00-18.00  sec   132 MBytes  1112 Mbits/sec  1829    139 KBytes       
[SUM]  17.00-18.00  sec   469 MBytes  3937 Mbits/sec  3125             
- - - - - - - - - - - - - - - - - - - - - - - - -
[  6]  18.00-19.00  sec  55.0 MBytes   461 Mbits/sec  328    160 KBytes       
[  8]  18.00-19.00  sec  72.5 MBytes   608 Mbits/sec  154    213 KBytes       
[ 10]  18.00-19.00  sec  82.5 MBytes   692 Mbits/sec   90    339 KBytes       
[ 12]  18.00-19.00  sec  67.5 MBytes   566 Mbits/sec  160    225 KBytes       
[ 14]  18.00-19.00  sec  48.8 MBytes   409 Mbits/sec  131    180 KBytes       
[ 16]  18.00-19.00  sec  51.2 MBytes   430 Mbits/sec  192    212 KBytes       
[ 18]  18.00-19.00  sec  54.2 MBytes   455 Mbits/sec  188    165 KBytes       
[ 20]  18.00-19.00  sec  40.0 MBytes   335 Mbits/sec  173    131 KBytes       
[SUM]  18.00-19.00  sec   472 MBytes  3957 Mbits/sec  1416             
- - - - - - - - - - - - - - - - - - - - - - - - -
[  6]  19.00-20.00  sec  51.2 MBytes   430 Mbits/sec  106    211 KBytes       
[  8]  19.00-20.00  sec  72.5 MBytes   608 Mbits/sec  151    215 KBytes       
[ 10]  19.00-20.00  sec  80.0 MBytes   671 Mbits/sec  135    301 KBytes       
[ 12]  19.00-20.00  sec  61.2 MBytes   514 Mbits/sec  235    241 KBytes       
[ 14]  19.00-20.00  sec  61.2 MBytes   514 Mbits/sec  144    191 KBytes       
[ 16]  19.00-20.00  sec  51.2 MBytes   430 Mbits/sec  202    262 KBytes       
[ 18]  19.00-20.00  sec  38.3 MBytes   321 Mbits/sec  224    178 KBytes       
[ 20]  19.00-20.00  sec  55.0 MBytes   461 Mbits/sec  217    121 KBytes       
[SUM]  19.00-20.00  sec   471 MBytes  3950 Mbits/sec  1414             
- - - - - - - - - - - - - - - - - - - - - - - - -
[ ID] Interval           Transfer     Bitrate         Retr
[  6]   0.00-20.00  sec  1.12 GBytes   480 Mbits/sec  5750             sender
[  6]   0.00-20.02  sec  1.12 GBytes   479 Mbits/sec                  receiver
[  8]   0.00-20.00  sec  1.15 GBytes   494 Mbits/sec  6111             sender
[  8]   0.00-20.02  sec  1.15 GBytes   492 Mbits/sec                  receiver
[ 10]   0.00-20.00  sec  1.14 GBytes   488 Mbits/sec  5881             sender
[ 10]   0.00-20.02  sec  1.13 GBytes   487 Mbits/sec                  receiver
[ 12]   0.00-20.00  sec  1.18 GBytes   506 Mbits/sec  6714             sender
[ 12]   0.00-20.02  sec  1.17 GBytes   504 Mbits/sec                  receiver
[ 14]   0.00-20.00  sec  1.10 GBytes   473 Mbits/sec  5505             sender
[ 14]   0.00-20.02  sec  1.10 GBytes   472 Mbits/sec                  receiver
[ 16]   0.00-20.00  sec  1.21 GBytes   520 Mbits/sec  5995             sender
[ 16]   0.00-20.02  sec  1.21 GBytes   518 Mbits/sec                  receiver
[ 18]   0.00-20.00  sec  1.05 GBytes   450 Mbits/sec  5175             sender
[ 18]   0.00-20.02  sec  1.05 GBytes   449 Mbits/sec                  receiver
[ 20]   0.00-20.00  sec  1.25 GBytes   538 Mbits/sec  8359             sender
[ 20]   0.00-20.02  sec  1.25 GBytes   537 Mbits/sec                  receiver
[SUM]   0.00-20.00  sec  9.19 GBytes  3949 Mbits/sec  49490             sender
[SUM]   0.00-20.02  sec  9.18 GBytes  3939 Mbits/sec                  receiver

iperf Done.
