Connecting to host 10.10.0.7, port 30000
[  6] local 10.244.243.1 port 48200 connected to 10.10.0.7 port 30000
[ ID] Interval           Transfer     Bitrate         Total Datagrams
[  6]   0.00-1.00   sec   133 MBytes  1116 Mbits/sec  97675  
[  6]   1.00-2.00   sec   139 MBytes  1170 Mbits/sec  102410  
[  6]   2.00-3.00   sec   139 MBytes  1166 Mbits/sec  102024  
[  6]   3.00-4.00   sec   139 MBytes  1166 Mbits/sec  102058  
[  6]   4.00-5.00   sec   139 MBytes  1170 Mbits/sec  102411  
[  6]   5.00-6.00   sec   110 MBytes   920 Mbits/sec  80492  
[  6]   6.00-7.00   sec   138 MBytes  1157 Mbits/sec  101306  
[  6]   7.00-8.00   sec   139 MBytes  1162 Mbits/sec  101721  
[  6]   8.00-9.00   sec   137 MBytes  1145 Mbits/sec  100246  
[  6]   9.00-10.00  sec   139 MBytes  1167 Mbits/sec  102186  
[  6]  10.00-11.00  sec   137 MBytes  1151 Mbits/sec  100731  
[  6]  11.00-12.00  sec   139 MBytes  1167 Mbits/sec  102113  
[  6]  12.00-13.00  sec   138 MBytes  1162 Mbits/sec  101698  
[  6]  13.00-14.00  sec   139 MBytes  1170 Mbits/sec  102429  
[  6]  14.00-15.00  sec   136 MBytes  1139 Mbits/sec  99735  
[  6]  15.00-16.00  sec   112 MBytes   942 Mbits/sec  82462  
[  6]  16.00-17.00  sec   138 MBytes  1154 Mbits/sec  100979  
[  6]  17.00-18.00  sec   139 MBytes  1165 Mbits/sec  101964  
[  6]  18.00-19.00  sec   138 MBytes  1158 Mbits/sec  101323  
[  6]  19.00-20.00  sec   138 MBytes  1159 Mbits/sec  101495  
- - - - - - - - - - - - - - - - - - - - - - - - -
[ ID] Interval           Transfer     Bitrate         Jitter    Lost/Total Datagrams
[  6]   0.00-20.00  sec  2.64 GBytes  1135 Mbits/sec  0.000 ms  0/1987458 (0%)  sender
[  6]   0.00-20.00  sec  2.45 GBytes  1054 Mbits/sec  0.011 ms  141630/1987458 (7.1%)  receiver

iperf Done.
