Connecting to host 10.10.0.7, port 30000
[  6] local 10.244.229.65 port 33774 connected to 10.10.0.7 port 30000
[ ID] Interval           Transfer     Bitrate         Total Datagrams
[  6]   0.00-1.00   sec   142 MBytes  1192 Mbits/sec  104320  
[  6]   1.00-2.00   sec   137 MBytes  1151 Mbits/sec  100770  
[  6]   2.00-3.00   sec   130 MBytes  1088 Mbits/sec  95279  
[  6]   3.00-4.00   sec   137 MBytes  1151 Mbits/sec  100726  
[  6]   4.00-5.00   sec   140 MBytes  1174 Mbits/sec  102806  
[  6]   5.00-6.00   sec   142 MBytes  1192 Mbits/sec  104316  
[  6]   6.00-7.00   sec   143 MBytes  1199 Mbits/sec  104955  
[  6]   7.00-8.00   sec   130 MBytes  1087 Mbits/sec  95135  
[  6]   8.00-9.00   sec   139 MBytes  1170 Mbits/sec  102433  
[  6]   9.00-10.00  sec   141 MBytes  1181 Mbits/sec  103416  
[  6]  10.00-11.00  sec   142 MBytes  1189 Mbits/sec  104039  
[  6]  11.00-12.00  sec   141 MBytes  1186 Mbits/sec  103820  
[  6]  12.00-13.00  sec   131 MBytes  1102 Mbits/sec  96450  
[  6]  13.00-14.00  sec   136 MBytes  1138 Mbits/sec  99588  
[  6]  14.00-15.00  sec   141 MBytes  1184 Mbits/sec  103601  
[  6]  15.00-16.00  sec   140 MBytes  1175 Mbits/sec  102844  
[  6]  16.00-17.00  sec   143 MBytes  1198 Mbits/sec  104895  
[  6]  17.00-18.00  sec   131 MBytes  1101 Mbits/sec  96359  
[  6]  18.00-19.00  sec   142 MBytes  1191 Mbits/sec  104281  
[  6]  19.00-20.00  sec   139 MBytes  1170 Mbits/sec  102433  
- - - - - - - - - - - - - - - - - - - - - - - - -
[ ID] Interval           Transfer     Bitrate         Jitter    Lost/Total Datagrams
[  6]   0.00-20.00  sec  2.70 GBytes  1161 Mbits/sec  0.000 ms  0/2032466 (0%)  sender
[  6]   0.00-20.00  sec  2.49 GBytes  1071 Mbits/sec  0.006 ms  156594/2032453 (7.7%)  receiver

iperf Done.
