Connecting to host 10.10.0.5, port 30000
[  6] local 10.100.0.193 port 41976 connected to 10.10.0.5 port 30000
[ ID] Interval           Transfer     Bitrate         Retr  Cwnd
[  6]   0.00-1.00   sec   483 MBytes  4050 Mbits/sec  9491   1.75 MBytes       
[  6]   1.00-2.00   sec   472 MBytes  3963 Mbits/sec  2850   1.27 MBytes       
[  6]   2.00-3.00   sec   472 MBytes  3964 Mbits/sec  2037   1.33 MBytes       
[  6]   3.00-4.00   sec   474 MBytes  3974 Mbits/sec  2320   1.40 MBytes       
[  6]   4.00-5.00   sec   474 MBytes  3974 Mbits/sec  2300   1.44 MBytes       
[  6]   5.00-6.00   sec   471 MBytes  3953 Mbits/sec  2999   1.50 MBytes       
[  6]   6.00-7.00   sec   474 MBytes  3974 Mbits/sec  1908   1.16 MBytes       
[  6]   7.00-8.00   sec   475 MBytes  3985 Mbits/sec  1298   1.23 MBytes       
[  6]   8.00-9.00   sec   474 MBytes  3973 Mbits/sec  825   1.37 MBytes       
[  6]   9.00-10.00  sec   475 MBytes  3985 Mbits/sec  2621   1.42 MBytes       
[  6]  10.00-11.00  sec   474 MBytes  3975 Mbits/sec  1737   1.46 MBytes       
[  6]  11.00-12.00  sec   474 MBytes  3969 Mbits/sec  2128   1.48 MBytes       
[  6]  12.00-13.00  sec   472 MBytes  3969 Mbits/sec  2009   1.51 MBytes       
[  6]  13.00-14.00  sec   474 MBytes  3973 Mbits/sec  2427   1.56 MBytes       
[  6]  14.00-15.00  sec   474 MBytes  3975 Mbits/sec  1723   1.63 MBytes       
[  6]  15.00-16.00  sec   472 MBytes  3964 Mbits/sec  2851   1.65 MBytes       
[  6]  16.00-17.00  sec   472 MBytes  3964 Mbits/sec  2437   1.67 MBytes       
[  6]  17.00-18.00  sec   472 MBytes  3964 Mbits/sec  3407   1.68 MBytes       
[  6]  18.00-19.00  sec   472 MBytes  3963 Mbits/sec  2321   1.73 MBytes       
[  6]  19.00-20.00  sec   472 MBytes  3964 Mbits/sec  2635   1.27 MBytes       
- - - - - - - - - - - - - - - - - - - - - - - - -
[ ID] Interval           Transfer     Bitrate         Retr
[  6]   0.00-20.00  sec  9.25 GBytes  3974 Mbits/sec  52324             sender
[  6]   0.00-20.00  sec  9.25 GBytes  3973 Mbits/sec                  receiver

iperf Done.
Connecting to host 10.10.0.5, port 30000
[  6] local 10.100.0.193 port 49170 connected to 10.10.0.5 port 30000
[ ID] Interval           Transfer     Bitrate         Retr  Cwnd
[  6]   0.00-1.00   sec   481 MBytes  4034 Mbits/sec  7706   1.00 MBytes       
[  6]   1.00-2.00   sec   475 MBytes  3985 Mbits/sec  695   1.17 MBytes       
[  6]   2.00-3.00   sec   475 MBytes  3985 Mbits/sec  910   1.33 MBytes       
[  6]   3.00-4.00   sec   475 MBytes  3985 Mbits/sec  1063   1.48 MBytes       
[  6]   4.00-5.00   sec   474 MBytes  3974 Mbits/sec  1846   1.55 MBytes       
[  6]   5.00-6.00   sec   472 MBytes  3964 Mbits/sec  3005   1.58 MBytes       
[  6]   6.00-7.00   sec   472 MBytes  3964 Mbits/sec  2839   1.58 MBytes       
[  6]   7.00-8.00   sec   472 MBytes  3964 Mbits/sec  2661   1.62 MBytes       
[  6]   8.00-9.00   sec   472 MBytes  3964 Mbits/sec  2794   1.62 MBytes       
[  6]   9.00-10.00  sec   472 MBytes  3964 Mbits/sec  3035   1012 KBytes       
[  6]  10.00-11.00  sec   476 MBytes  3994 Mbits/sec   57   1.29 MBytes       
[  6]  11.00-12.00  sec   474 MBytes  3974 Mbits/sec  1632   1.40 MBytes       
[  6]  12.00-13.00  sec   474 MBytes  3974 Mbits/sec  1732   1.46 MBytes       
[  6]  13.00-14.00  sec   475 MBytes  3985 Mbits/sec  1472   1.54 MBytes       
[  6]  14.00-15.00  sec   472 MBytes  3964 Mbits/sec  2442   1.60 MBytes       
[  6]  15.00-16.00  sec   474 MBytes  3973 Mbits/sec  2283   1.67 MBytes       
[  6]  16.00-17.00  sec   471 MBytes  3954 Mbits/sec  3275   1.72 MBytes       
[  6]  17.00-18.00  sec   472 MBytes  3964 Mbits/sec  3139   1.77 MBytes       
[  6]  18.00-19.00  sec   470 MBytes  3943 Mbits/sec  4336   1.79 MBytes       
[  6]  19.00-20.00  sec   471 MBytes  3953 Mbits/sec  4149   1.86 MBytes       
- - - - - - - - - - - - - - - - - - - - - - - - -
[ ID] Interval           Transfer     Bitrate         Retr
[  6]   0.00-20.00  sec  9.25 GBytes  3973 Mbits/sec  51071             sender
[  6]   0.00-20.00  sec  9.25 GBytes  3971 Mbits/sec                  receiver

iperf Done.
