Connecting to host 10.10.0.5, port 30000
[  6] local 10.100.0.129 port 41088 connected to 10.10.0.5 port 30000
[ ID] Interval           Transfer     Bitrate         Retr  Cwnd
[  6]   0.00-1.00   sec   479 MBytes  4014 Mbits/sec  8666   1.14 MBytes       
[  6]   1.00-2.00   sec   475 MBytes  3984 Mbits/sec  1576   1.28 MBytes       
[  6]   2.00-3.00   sec   471 MBytes  3951 Mbits/sec  3056   1.36 MBytes       
[  6]   3.00-4.00   sec   471 MBytes  3954 Mbits/sec  4394   1.40 MBytes       
[  6]   4.00-5.00   sec   472 MBytes  3966 Mbits/sec  2809   1.46 MBytes       
[  6]   5.00-6.00   sec   470 MBytes  3942 Mbits/sec  3974   1.49 MBytes       
[  6]   6.00-7.00   sec   470 MBytes  3943 Mbits/sec  4603   1.52 MBytes       
[  6]   7.00-8.00   sec   470 MBytes  3943 Mbits/sec  5243    813 KBytes       
[  6]   8.00-9.00   sec   476 MBytes  3995 Mbits/sec  364   1.10 MBytes       
[  6]   9.00-10.00  sec   474 MBytes  3974 Mbits/sec  1591   1.26 MBytes       
[  6]  10.00-11.00  sec   472 MBytes  3963 Mbits/sec  2892   1.33 MBytes       
[  6]  11.00-12.00  sec   472 MBytes  3964 Mbits/sec  2147   1.39 MBytes       
[  6]  12.00-13.00  sec   465 MBytes  3886 Mbits/sec  1849   1.47 MBytes       
[  6]  13.00-14.00  sec   480 MBytes  4040 Mbits/sec  4208   1.50 MBytes       
[  6]  14.00-15.00  sec   472 MBytes  3965 Mbits/sec  2792   1.58 MBytes       
[  6]  15.00-16.00  sec   470 MBytes  3943 Mbits/sec  4667   1.64 MBytes       
[  6]  16.00-17.00  sec   471 MBytes  3953 Mbits/sec  3689   1.28 MBytes       
[  6]  17.00-18.00  sec   472 MBytes  3964 Mbits/sec  2452   1.34 MBytes       
[  6]  18.00-19.00  sec   474 MBytes  3974 Mbits/sec  2059   1.37 MBytes       
[  6]  19.00-20.00  sec   472 MBytes  3963 Mbits/sec  3512   1.40 MBytes       
- - - - - - - - - - - - - - - - - - - - - - - - -
[ ID] Interval           Transfer     Bitrate         Retr
[  6]   0.00-20.00  sec  9.23 GBytes  3964 Mbits/sec  66543             sender
[  6]   0.00-20.00  sec  9.23 GBytes  3962 Mbits/sec                  receiver

iperf Done.
