Connecting to host 10.10.0.7, port 30000
[  6] local 10.244.167.193 port 34364 connected to 10.10.0.7 port 30000
[ ID] Interval           Transfer     Bitrate         Total Datagrams
[  6]   0.00-1.00   sec   150 MBytes  1258 Mbits/sec  110086  
[  6]   1.00-2.00   sec   153 MBytes  1280 Mbits/sec  112075  
[  6]   2.00-3.00   sec   148 MBytes  1244 Mbits/sec  108892  
[  6]   3.00-4.00   sec   154 MBytes  1295 Mbits/sec  113400  
[  6]   4.00-5.00   sec   151 MBytes  1266 Mbits/sec  110802  
[  6]   5.00-6.00   sec   160 MBytes  1342 Mbits/sec  117456  
[  6]   6.00-7.00   sec   151 MBytes  1266 Mbits/sec  110808  
[  6]   7.00-8.00   sec   161 MBytes  1352 Mbits/sec  118312  
[  6]   8.00-9.00   sec   135 MBytes  1133 Mbits/sec  99136  
[  6]   9.00-10.00  sec   150 MBytes  1256 Mbits/sec  109913  
[  6]  10.00-11.00  sec   148 MBytes  1238 Mbits/sec  108404  
[  6]  11.00-12.00  sec   153 MBytes  1286 Mbits/sec  112600  
[  6]  12.00-13.00  sec   158 MBytes  1323 Mbits/sec  115798  
[  6]  13.00-14.00  sec   153 MBytes  1285 Mbits/sec  112502  
[  6]  14.00-15.00  sec   156 MBytes  1307 Mbits/sec  114406  
[  6]  15.00-16.00  sec   154 MBytes  1292 Mbits/sec  113082  
[  6]  16.00-17.00  sec   147 MBytes  1235 Mbits/sec  108089  
[  6]  17.00-18.00  sec   150 MBytes  1258 Mbits/sec  110105  
[  6]  18.00-19.00  sec   144 MBytes  1209 Mbits/sec  105855  
[  6]  19.00-20.00  sec   156 MBytes  1311 Mbits/sec  114756  
- - - - - - - - - - - - - - - - - - - - - - - - -
[ ID] Interval           Transfer     Bitrate         Jitter    Lost/Total Datagrams
[  6]   0.00-20.00  sec  2.96 GBytes  1272 Mbits/sec  0.000 ms  0/2226477 (0%)  sender
[  6]   0.00-20.01  sec  2.63 GBytes  1127 Mbits/sec  0.007 ms  251643/2226477 (11%)  receiver

iperf Done.
