Connecting to host 10.10.0.7, port 30000
[  6] local 10.244.167.193 port 47320 connected to 10.10.0.7 port 30000
[  8] local 10.244.167.193 port 47322 connected to 10.10.0.7 port 30000
[ 10] local 10.244.167.193 port 47324 connected to 10.10.0.7 port 30000
[ 12] local 10.244.167.193 port 47326 connected to 10.10.0.7 port 30000
[ 14] local 10.244.167.193 port 47328 connected to 10.10.0.7 port 30000
[ 16] local 10.244.167.193 port 47330 connected to 10.10.0.7 port 30000
[ 18] local 10.244.167.193 port 47332 connected to 10.10.0.7 port 30000
[ 20] local 10.244.167.193 port 47334 connected to 10.10.0.7 port 30000
[ ID] Interval           Transfer     Bitrate         Retr  Cwnd
[  6]   0.00-1.00   sec  59.3 MBytes   498 Mbits/sec  1582   3.90 MBytes       
[  8]   0.00-1.00   sec  59.9 MBytes   502 Mbits/sec  805   1.11 MBytes       
[ 10]   0.00-1.00   sec  70.1 MBytes   588 Mbits/sec  2510    177 KBytes       
[ 12]   0.00-1.00   sec  77.9 MBytes   653 Mbits/sec  2739   3.58 MBytes       
[ 14]   0.00-1.00   sec  60.6 MBytes   508 Mbits/sec  2707   1.53 MBytes       
[ 16]   0.00-1.00   sec  52.2 MBytes   438 Mbits/sec  1761   1.82 MBytes       
[ 18]   0.00-1.00   sec  39.3 MBytes   330 Mbits/sec  197   1.80 MBytes       
[ 20]   0.00-1.00   sec  41.9 MBytes   352 Mbits/sec  807   2.06 MBytes       
[SUM]   0.00-1.00   sec   461 MBytes  3869 Mbits/sec  13108             
- - - - - - - - - - - - - - - - - - - - - - - - -
[  6]   1.00-2.00   sec  66.2 MBytes   556 Mbits/sec    2   3.90 MBytes       
[  8]   1.00-2.00   sec  35.0 MBytes   294 Mbits/sec  517    583 KBytes       
[ 10]   1.00-2.00   sec  71.2 MBytes   598 Mbits/sec  3145   2.19 MBytes       
[ 12]   1.00-2.00   sec  86.2 MBytes   723 Mbits/sec  1565   2.58 MBytes       
[ 14]   1.00-2.00   sec  67.5 MBytes   566 Mbits/sec  504   4.06 MBytes       
[ 16]   1.00-2.00   sec  57.5 MBytes   482 Mbits/sec  254   2.61 MBytes       
[ 18]   1.00-2.00   sec  40.0 MBytes   335 Mbits/sec   19   1.81 MBytes       
[ 20]   1.00-2.00   sec  45.0 MBytes   377 Mbits/sec   94   2.07 MBytes       
[SUM]   1.00-2.00   sec   469 MBytes  3931 Mbits/sec  6100             
- - - - - - - - - - - - - - - - - - - - - - - - -
[  6]   2.00-3.00   sec  68.8 MBytes   577 Mbits/sec  318   3.90 MBytes       
[  8]   2.00-3.00   sec  28.8 MBytes   241 Mbits/sec  102    227 KBytes       
[ 10]   2.00-3.00   sec  83.8 MBytes   703 Mbits/sec  1326    558 KBytes       
[ 12]   2.00-3.00   sec  63.8 MBytes   535 Mbits/sec  1814    948 KBytes       
[ 14]   2.00-3.00   sec  68.8 MBytes   577 Mbits/sec  278   4.06 MBytes       
[ 16]   2.00-3.00   sec  62.5 MBytes   524 Mbits/sec   72   2.62 MBytes       
[ 18]   2.00-3.00   sec  42.5 MBytes   357 Mbits/sec   45   1.83 MBytes       
[ 20]   2.00-3.00   sec  50.0 MBytes   419 Mbits/sec   44   2.09 MBytes       
[SUM]   2.00-3.00   sec   469 MBytes  3932 Mbits/sec  3999             
- - - - - - - - - - - - - - - - - - - - - - - - -
[  6]   3.00-4.00   sec  91.2 MBytes   766 Mbits/sec    0   3.90 MBytes       
[  8]   3.00-4.00   sec  18.8 MBytes   157 Mbits/sec   58    212 KBytes       
[ 10]   3.00-4.00   sec  32.5 MBytes   273 Mbits/sec   56    326 KBytes       
[ 12]   3.00-4.00   sec  41.2 MBytes   346 Mbits/sec  366    357 KBytes       
[ 14]   3.00-4.00   sec  91.2 MBytes   766 Mbits/sec   17   4.06 MBytes       
[ 16]   3.00-4.00   sec  81.2 MBytes   682 Mbits/sec    0   2.64 MBytes       
[ 18]   3.00-4.00   sec  55.0 MBytes   461 Mbits/sec    5   1.85 MBytes       
[ 20]   3.00-4.00   sec  63.8 MBytes   535 Mbits/sec    0   2.11 MBytes       
[SUM]   3.00-4.00   sec   475 MBytes  3985 Mbits/sec  502             
- - - - - - - - - - - - - - - - - - - - - - - - -
[  6]   4.00-5.00   sec  93.8 MBytes   786 Mbits/sec    0   3.90 MBytes       
[  8]   4.00-5.00   sec  21.2 MBytes   178 Mbits/sec   77    269 KBytes       
[ 10]   4.00-5.00   sec  25.0 MBytes   210 Mbits/sec  115    278 KBytes       
[ 12]   4.00-5.00   sec  31.2 MBytes   262 Mbits/sec   97    410 KBytes       
[ 14]   4.00-5.00   sec  92.5 MBytes   776 Mbits/sec    0   4.06 MBytes       
[ 16]   4.00-5.00   sec  85.0 MBytes   713 Mbits/sec    0   2.67 MBytes       
[ 18]   4.00-5.00   sec  58.8 MBytes   493 Mbits/sec   64   1.87 MBytes       
[ 20]   4.00-5.00   sec  66.2 MBytes   556 Mbits/sec    0   2.13 MBytes       
[SUM]   4.00-5.00   sec   474 MBytes  3974 Mbits/sec  353             
- - - - - - - - - - - - - - - - - - - - - - - - -
[  6]   5.00-6.00   sec  92.5 MBytes   776 Mbits/sec    5   3.90 MBytes       
[  8]   5.00-6.00   sec  21.2 MBytes   178 Mbits/sec  100    167 KBytes       
[ 10]   5.00-6.00   sec  26.2 MBytes   220 Mbits/sec   31    241 KBytes       
[ 12]   5.00-6.00   sec  36.2 MBytes   304 Mbits/sec  215    455 KBytes       
[ 14]   5.00-6.00   sec  92.5 MBytes   776 Mbits/sec    0   4.06 MBytes       
[ 16]   5.00-6.00   sec  83.8 MBytes   703 Mbits/sec    0   2.69 MBytes       
[ 18]   5.00-6.00   sec  57.5 MBytes   482 Mbits/sec    0   1.89 MBytes       
[ 20]   5.00-6.00   sec  66.2 MBytes   556 Mbits/sec    0   2.15 MBytes       
[SUM]   5.00-6.00   sec   476 MBytes  3995 Mbits/sec  351             
- - - - - - - - - - - - - - - - - - - - - - - - -
[  6]   6.00-7.00   sec  95.0 MBytes   797 Mbits/sec    0   3.90 MBytes       
[  8]   6.00-7.00   sec  13.8 MBytes   115 Mbits/sec  115    172 KBytes       
[ 10]   6.00-7.00   sec  21.2 MBytes   178 Mbits/sec   51    222 KBytes       
[ 12]   6.00-7.00   sec  37.5 MBytes   315 Mbits/sec  184    268 KBytes       
[ 14]   6.00-7.00   sec  95.0 MBytes   797 Mbits/sec    0   4.06 MBytes       
[ 16]   6.00-7.00   sec  85.0 MBytes   713 Mbits/sec    0   2.71 MBytes       
[ 18]   6.00-7.00   sec  60.0 MBytes   503 Mbits/sec    0   1.91 MBytes       
[ 20]   6.00-7.00   sec  67.5 MBytes   566 Mbits/sec    0   2.18 MBytes       
[SUM]   6.00-7.00   sec   475 MBytes  3984 Mbits/sec  350             
- - - - - - - - - - - - - - - - - - - - - - - - -
[  6]   7.00-8.00   sec  93.8 MBytes   787 Mbits/sec    0   3.90 MBytes       
[  8]   7.00-8.00   sec  15.0 MBytes   126 Mbits/sec    4    176 KBytes       
[ 10]   7.00-8.00   sec  22.5 MBytes   189 Mbits/sec   49    282 KBytes       
[ 12]   7.00-8.00   sec  31.2 MBytes   262 Mbits/sec   87    410 KBytes       
[ 14]   7.00-8.00   sec  95.0 MBytes   797 Mbits/sec    5   4.06 MBytes       
[ 16]   7.00-8.00   sec  86.2 MBytes   724 Mbits/sec    0   2.73 MBytes       
[ 18]   7.00-8.00   sec  60.0 MBytes   503 Mbits/sec    0   1.94 MBytes       
[ 20]   7.00-8.00   sec  68.8 MBytes   577 Mbits/sec    0   2.20 MBytes       
[SUM]   7.00-8.00   sec   472 MBytes  3964 Mbits/sec  145             
- - - - - - - - - - - - - - - - - - - - - - - - -
[  6]   8.00-9.00   sec  83.8 MBytes   702 Mbits/sec   39   2.83 MBytes       
[  8]   8.00-9.00   sec  18.8 MBytes   157 Mbits/sec   39    238 KBytes       
[ 10]   8.00-9.00   sec  26.2 MBytes   220 Mbits/sec  103    335 KBytes       
[ 12]   8.00-9.00   sec  32.5 MBytes   273 Mbits/sec  197    325 KBytes       
[ 14]   8.00-9.00   sec  93.8 MBytes   786 Mbits/sec   75   2.96 MBytes       
[ 16]   8.00-9.00   sec  92.5 MBytes   776 Mbits/sec    0   2.75 MBytes       
[ 18]   8.00-9.00   sec  55.0 MBytes   461 Mbits/sec   32   1.44 MBytes       
[ 20]   8.00-9.00   sec  75.0 MBytes   629 Mbits/sec    0   2.22 MBytes       
[SUM]   8.00-9.00   sec   478 MBytes  4005 Mbits/sec  485             
- - - - - - - - - - - - - - - - - - - - - - - - -
[  6]   9.00-10.00  sec  93.8 MBytes   787 Mbits/sec    0   3.00 MBytes       
[  8]   9.00-10.00  sec  16.2 MBytes   136 Mbits/sec   36    226 KBytes       
[ 10]   9.00-10.00  sec  30.0 MBytes   252 Mbits/sec  111    390 KBytes       
[ 12]   9.00-10.00  sec  28.8 MBytes   241 Mbits/sec   92    264 KBytes       
[ 14]   9.00-10.00  sec  95.0 MBytes   797 Mbits/sec  162   3.01 MBytes       
[ 16]   9.00-10.00  sec  90.0 MBytes   755 Mbits/sec    0   2.83 MBytes       
[ 18]   9.00-10.00  sec  48.8 MBytes   409 Mbits/sec    0   1.58 MBytes       
[ 20]   9.00-10.00  sec  71.2 MBytes   598 Mbits/sec    0   2.28 MBytes       
[SUM]   9.00-10.00  sec   474 MBytes  3975 Mbits/sec  401             
- - - - - - - - - - - - - - - - - - - - - - - - -
[  6]  10.00-11.00  sec  93.8 MBytes   786 Mbits/sec    0   3.01 MBytes       
[  8]  10.00-11.00  sec  22.5 MBytes   189 Mbits/sec   92    282 KBytes       
[ 10]  10.00-11.00  sec  28.8 MBytes   241 Mbits/sec   78    324 KBytes       
[ 12]  10.00-11.00  sec  22.5 MBytes   189 Mbits/sec  206    220 KBytes       
[ 14]  10.00-11.00  sec  93.8 MBytes   786 Mbits/sec    0   3.01 MBytes       
[ 16]  10.00-11.00  sec  90.0 MBytes   755 Mbits/sec    0   2.93 MBytes       
[ 18]  10.00-11.00  sec  50.0 MBytes   419 Mbits/sec    0   1.69 MBytes       
[ 20]  10.00-11.00  sec  72.5 MBytes   608 Mbits/sec    0   2.38 MBytes       
[SUM]  10.00-11.00  sec   474 MBytes  3974 Mbits/sec  376             
- - - - - - - - - - - - - - - - - - - - - - - - -
[  6]  11.00-12.00  sec  92.5 MBytes   776 Mbits/sec    0   3.01 MBytes       
[  8]  11.00-12.00  sec  23.8 MBytes   199 Mbits/sec  101    244 KBytes       
[ 10]  11.00-12.00  sec  30.0 MBytes   252 Mbits/sec   51    271 KBytes       
[ 12]  11.00-12.00  sec  20.0 MBytes   168 Mbits/sec   58    278 KBytes       
[ 14]  11.00-12.00  sec  91.2 MBytes   765 Mbits/sec    0   3.01 MBytes       
[ 16]  11.00-12.00  sec  88.8 MBytes   744 Mbits/sec    0   3.01 MBytes       
[ 18]  11.00-12.00  sec  52.5 MBytes   440 Mbits/sec    0   1.78 MBytes       
[ 20]  11.00-12.00  sec  75.0 MBytes   629 Mbits/sec    0   2.50 MBytes       
[SUM]  11.00-12.00  sec   474 MBytes  3972 Mbits/sec  210             
- - - - - - - - - - - - - - - - - - - - - - - - -
[  6]  12.00-13.00  sec  92.5 MBytes   776 Mbits/sec    0   3.01 MBytes       
[  8]  12.00-13.00  sec  17.5 MBytes   147 Mbits/sec   41    163 KBytes       
[ 10]  12.00-13.00  sec  20.0 MBytes   168 Mbits/sec   77    172 KBytes       
[ 12]  12.00-13.00  sec  26.2 MBytes   220 Mbits/sec   91    336 KBytes       
[ 14]  12.00-13.00  sec  92.5 MBytes   776 Mbits/sec    0   3.01 MBytes       
[ 16]  12.00-13.00  sec  91.2 MBytes   766 Mbits/sec    0   3.01 MBytes       
[ 18]  12.00-13.00  sec  56.2 MBytes   472 Mbits/sec    0   1.84 MBytes       
[ 20]  12.00-13.00  sec  80.0 MBytes   671 Mbits/sec    0   2.65 MBytes       
[SUM]  12.00-13.00  sec   476 MBytes  3997 Mbits/sec  209             
- - - - - - - - - - - - - - - - - - - - - - - - -
[  6]  13.00-14.00  sec  91.2 MBytes   765 Mbits/sec    0   3.01 MBytes       
[  8]  13.00-14.00  sec  17.5 MBytes   147 Mbits/sec   83    226 KBytes       
[ 10]  13.00-14.00  sec  17.5 MBytes   147 Mbits/sec   91    229 KBytes       
[ 12]  13.00-14.00  sec  25.0 MBytes   210 Mbits/sec   75    282 KBytes       
[ 14]  13.00-14.00  sec  92.5 MBytes   776 Mbits/sec    0   3.01 MBytes       
[ 16]  13.00-14.00  sec  90.0 MBytes   755 Mbits/sec    0   3.01 MBytes       
[ 18]  13.00-14.00  sec  56.2 MBytes   472 Mbits/sec    0   1.89 MBytes       
[ 20]  13.00-14.00  sec  83.8 MBytes   702 Mbits/sec    0   2.84 MBytes       
[SUM]  13.00-14.00  sec   474 MBytes  3973 Mbits/sec  249             
- - - - - - - - - - - - - - - - - - - - - - - - -
[  6]  14.00-15.00  sec  91.2 MBytes   766 Mbits/sec    0   3.01 MBytes       
[  8]  14.00-15.00  sec  17.5 MBytes   147 Mbits/sec  101    206 KBytes       
[ 10]  14.00-15.00  sec  20.0 MBytes   168 Mbits/sec   47    208 KBytes       
[ 12]  14.00-15.00  sec  17.5 MBytes   147 Mbits/sec   77    181 KBytes       
[ 14]  14.00-15.00  sec  90.0 MBytes   755 Mbits/sec    0   3.01 MBytes       
[ 16]  14.00-15.00  sec  88.8 MBytes   745 Mbits/sec    0   3.01 MBytes       
[ 18]  14.00-15.00  sec  58.8 MBytes   493 Mbits/sec    0   1.92 MBytes       
[ 20]  14.00-15.00  sec  88.8 MBytes   745 Mbits/sec   43   2.99 MBytes       
[SUM]  14.00-15.00  sec   472 MBytes  3964 Mbits/sec  268             
- - - - - - - - - - - - - - - - - - - - - - - - -
[  6]  15.00-16.00  sec  90.0 MBytes   755 Mbits/sec    0   3.01 MBytes       
[  8]  15.00-16.00  sec  21.2 MBytes   178 Mbits/sec    0    271 KBytes       
[ 10]  15.00-16.00  sec  17.5 MBytes   147 Mbits/sec   50    188 KBytes       
[ 12]  15.00-16.00  sec  17.5 MBytes   147 Mbits/sec   15    240 KBytes       
[ 14]  15.00-16.00  sec  92.5 MBytes   776 Mbits/sec    0   3.01 MBytes       
[ 16]  15.00-16.00  sec  91.2 MBytes   765 Mbits/sec    0   3.01 MBytes       
[ 18]  15.00-16.00  sec  58.8 MBytes   493 Mbits/sec    0   1.94 MBytes       
[ 20]  15.00-16.00  sec  87.5 MBytes   734 Mbits/sec    0   3.00 MBytes       
[SUM]  15.00-16.00  sec   476 MBytes  3995 Mbits/sec   65             
- - - - - - - - - - - - - - - - - - - - - - - - -
[  6]  16.00-17.00  sec  91.2 MBytes   765 Mbits/sec    4   3.01 MBytes       
[  8]  16.00-17.00  sec  22.5 MBytes   189 Mbits/sec   47    245 KBytes       
[ 10]  16.00-17.00  sec  15.0 MBytes   126 Mbits/sec   72    188 KBytes       
[ 12]  16.00-17.00  sec  22.5 MBytes   189 Mbits/sec   64    298 KBytes       
[ 14]  16.00-17.00  sec  88.8 MBytes   744 Mbits/sec    0   3.01 MBytes       
[ 16]  16.00-17.00  sec  87.5 MBytes   734 Mbits/sec    0   3.01 MBytes       
[ 18]  16.00-17.00  sec  57.5 MBytes   482 Mbits/sec    0   1.94 MBytes       
[ 20]  16.00-17.00  sec  90.0 MBytes   755 Mbits/sec    0   3.00 MBytes       
[SUM]  16.00-17.00  sec   475 MBytes  3985 Mbits/sec  187             
- - - - - - - - - - - - - - - - - - - - - - - - -
[  6]  17.00-18.00  sec  90.0 MBytes   755 Mbits/sec    0   3.01 MBytes       
[  8]  17.00-18.00  sec  20.0 MBytes   168 Mbits/sec   17    223 KBytes       
[ 10]  17.00-18.00  sec  15.0 MBytes   126 Mbits/sec   17    188 KBytes       
[ 12]  17.00-18.00  sec  26.2 MBytes   220 Mbits/sec    0    360 KBytes       
[ 14]  17.00-18.00  sec  91.2 MBytes   766 Mbits/sec    0   3.01 MBytes       
[ 16]  17.00-18.00  sec  87.5 MBytes   734 Mbits/sec    0   3.01 MBytes       
[ 18]  17.00-18.00  sec  57.5 MBytes   482 Mbits/sec    0   1.95 MBytes       
[ 20]  17.00-18.00  sec  87.5 MBytes   734 Mbits/sec    0   3.00 MBytes       
[SUM]  17.00-18.00  sec   475 MBytes  3985 Mbits/sec   34             
- - - - - - - - - - - - - - - - - - - - - - - - -
[  6]  18.00-19.00  sec  86.2 MBytes   723 Mbits/sec  225   3.01 MBytes       
[  8]  18.00-19.00  sec  20.0 MBytes   168 Mbits/sec  161    272 KBytes       
[ 10]  18.00-19.00  sec  16.2 MBytes   136 Mbits/sec   29    241 KBytes       
[ 12]  18.00-19.00  sec  26.2 MBytes   220 Mbits/sec  133    291 KBytes       
[ 14]  18.00-19.00  sec  88.8 MBytes   744 Mbits/sec    0   3.01 MBytes       
[ 16]  18.00-19.00  sec  88.8 MBytes   744 Mbits/sec    3   3.01 MBytes       
[ 18]  18.00-19.00  sec  60.0 MBytes   503 Mbits/sec   90   1.96 MBytes       
[ 20]  18.00-19.00  sec  86.2 MBytes   723 Mbits/sec  250   3.01 MBytes       
[SUM]  18.00-19.00  sec   472 MBytes  3963 Mbits/sec  891             
- - - - - - - - - - - - - - - - - - - - - - - - -
[  6]  19.00-20.00  sec  88.8 MBytes   744 Mbits/sec    0   3.01 MBytes       
[  8]  19.00-20.00  sec  26.2 MBytes   220 Mbits/sec  102    326 KBytes       
[ 10]  19.00-20.00  sec  16.2 MBytes   136 Mbits/sec   87    160 KBytes       
[ 12]  19.00-20.00  sec  17.5 MBytes   147 Mbits/sec   64    180 KBytes       
[ 14]  19.00-20.00  sec  88.8 MBytes   744 Mbits/sec    0   3.01 MBytes       
[ 16]  19.00-20.00  sec  86.2 MBytes   723 Mbits/sec   76   3.01 MBytes       
[ 18]  19.00-20.00  sec  60.0 MBytes   503 Mbits/sec    0   1.98 MBytes       
[ 20]  19.00-20.00  sec  88.8 MBytes   744 Mbits/sec  115   3.01 MBytes       
[SUM]  19.00-20.00  sec   472 MBytes  3963 Mbits/sec  444             
- - - - - - - - - - - - - - - - - - - - - - - - -
[ ID] Interval           Transfer     Bitrate         Retr
[  6]   0.00-20.00  sec  1.70 GBytes   732 Mbits/sec  2175             sender
[  6]   0.00-20.03  sec  1.70 GBytes   731 Mbits/sec                  receiver
[  8]   0.00-20.00  sec   457 MBytes   192 Mbits/sec  2598             sender
[  8]   0.00-20.03  sec   455 MBytes   190 Mbits/sec                  receiver
[ 10]   0.00-20.00  sec   605 MBytes   254 Mbits/sec  8096             sender
[ 10]   0.00-20.03  sec   602 MBytes   252 Mbits/sec                  receiver
[ 12]   0.00-20.00  sec   688 MBytes   289 Mbits/sec  8139             sender
[ 12]   0.00-20.03  sec   686 MBytes   287 Mbits/sec                  receiver
[ 14]   0.00-20.00  sec  1.72 GBytes   739 Mbits/sec  3748             sender
[ 14]   0.00-20.03  sec  1.72 GBytes   738 Mbits/sec                  receiver
[ 16]   0.00-20.00  sec  1.63 GBytes   699 Mbits/sec  2166             sender
[ 16]   0.00-20.03  sec  1.63 GBytes   697 Mbits/sec                  receiver
[ 18]   0.00-20.00  sec  1.06 GBytes   455 Mbits/sec  452             sender
[ 18]   0.00-20.03  sec  1.06 GBytes   453 Mbits/sec                  receiver
[ 20]   0.00-20.00  sec  1.42 GBytes   611 Mbits/sec  1353             sender
[ 20]   0.00-20.03  sec  1.42 GBytes   610 Mbits/sec                  receiver
[SUM]   0.00-20.00  sec  9.24 GBytes  3969 Mbits/sec  28727             sender
[SUM]   0.00-20.03  sec  9.23 GBytes  3959 Mbits/sec                  receiver

iperf Done.
